* EvoSuite 1.0.7-SNAPSHOT
* Configuration: EvoSuite_fuzzer
* Going to generate test cases for class: org.json.JSONTokener
* Starting Client-0
* Connecting to master process on port 4187
* Analyzing classpath: 
  - /home/apaniche/mitchell/generation-scripts/projects/json/json-20180813.jar
* Finished analyzing classpath
* Generating tests for class org.json.JSONTokener
* Test criteria:
  - Line Coverage
  - Branch Coverage
  - Exception
  - Mutation testing (weak)
  - Method-Output Coverage
  - Top-Level Method Coverage
  - No-Exception Top-Level Method Coverage
  - Context Branch Coverage
* Total number of test goals for DYNAMOSA: 1112
* Using seed 12
* Starting evolution
* Initial Number of Goals in DynaMOSA = 259 / 1112
* Search finished after 63s and 22 generations, 7922 statements, best individual has fitness: 176.0
* Minimizing test suite
* Going to analyze the coverage criteria
* Coverage analysis for criterion LINE
* Coverage of criterion LINE: 84%
* Total number of goals: 175
* Number of covered goals: 147
* Coverage analysis for criterion BRANCH
* Coverage of criterion BRANCH: 74%
* Total number of goals: 137
* Number of covered goals: 102
* Coverage analysis for criterion EXCEPTION
* Coverage of criterion EXCEPTION: 100%
* Total number of goals: 18
* Number of covered goals: 18
* Coverage analysis for criterion WEAKMUTATION
* Coverage of criterion WEAKMUTATION: 83%
* Total number of goals: 585
* Number of covered goals: 488
* Coverage analysis for criterion OUTPUT
* Coverage of criterion OUTPUT: 65%
* Total number of goals: 40
* Number of covered goals: 26
* Coverage analysis for criterion METHOD
* Coverage of criterion METHOD: 100%
* Total number of goals: 19
* Number of covered goals: 19
* Coverage analysis for criterion METHODNOEXCEPTION
* Coverage of criterion METHODNOEXCEPTION: 100%
* Total number of goals: 19
* Number of covered goals: 19
* Coverage analysis for criterion CBRANCH
* Coverage of criterion CBRANCH: 74%
* Total number of goals: 137
* Number of covered goals: 101
* Generated 66 tests with total length 157
* Resulting test suite's coverage: 84% (average coverage for all fitness functions)
* Generating assertions
* Resulting test suite's mutation score: 49%
* Compiling and checking tests
* Writing tests to file
* Writing JUnit test case 'JSONTokener_ESTest' to /home/apaniche/mitchell/generation-scripts/evosuite_fuzzer/tests/s12/json/evosuite-tests
* Done!

* Computation finished
* EvoSuite 1.0.7-SNAPSHOT
* Configuration: EvoSuite_fuzzer
* Going to generate test cases for class: org.json.JSONObject
* EvoSuite 1.0.7-SNAPSHOT
* Configuration: EvoSuite_fuzzer
* Going to generate test cases for class: org.json.XMLTokener
* Starting Client-0
* Connecting to master process on port 4184
* Starting Client-0
* Connecting to master process on port 4183
* Analyzing classpath: 
* Analyzing classpath: 
  - /home/apaniche/mitchell/generation-scripts/projects/json/json-20180813.jar
* Finished analyzing classpath
* Generating tests for class org.json.XMLTokener
* Test criteria:
  - Line Coverage
  - Branch Coverage
  - Exception
  - Mutation testing (weak)
  - Method-Output Coverage
  - Top-Level Method Coverage
  - No-Exception Top-Level Method Coverage
  - Context Branch Coverage
  - /home/apaniche/mitchell/generation-scripts/projects/json/json-20180813.jar
* Total number of test goals for DYNAMOSA: 887
* Using seed 12
* Starting evolution
* Initial Number of Goals in DynaMOSA = 120 / 887
* Finished analyzing classpath
* Generating tests for class org.json.JSONObject
* Test criteria:
  - Line Coverage
  - Branch Coverage
  - Exception
  - Mutation testing (weak)
  - Method-Output Coverage
  - Top-Level Method Coverage
  - No-Exception Top-Level Method Coverage
  - Context Branch Coverage
* Total number of test goals for DYNAMOSA: 3382
* Using seed 12
* Starting evolution
* Initial Number of Goals in DynaMOSA = 850 / 3382
[MASTER] 12:17:46.854 [logback-2] ERROR TestCluster - Failed to check cache for java.util.LinkedList<E> : Type points to itself
[MASTER] 12:17:46.856 [logback-2] ERROR TestCluster - Failed to check cache for java.util.HashMap<K, V> : Type points to itself
[MASTER] 12:17:46.865 [logback-2] ERROR TestCluster - Failed to check cache for java.lang.Enum<E> : Type points to itself
[MASTER] 12:17:46.881 [logback-2] ERROR TestCluster - Failed to check cache for java.util.AbstractMap<K, V>.SimpleEntry<K, V> : Type points to itself
[MASTER] 12:17:46.882 [logback-2] ERROR TestCluster - Failed to check cache for java.util.AbstractMap<K, V>.SimpleImmutableEntry<K, V> : Type points to itself
[MASTER] 12:18:14.956 [logback-2] ERROR TestCluster - Failed to check cache for java.util.function.Function<T, R> : Type points to itself
* Search finished after 61s and 553 generations, 124319 statements, best individual has fitness: 48.0
* Minimizing test suite
* Going to analyze the coverage criteria
* Coverage analysis for criterion LINE
* Coverage of criterion LINE: 98%
* Total number of goals: 129
* Number of covered goals: 126
* Coverage analysis for criterion BRANCH
* Coverage of criterion BRANCH: 99%
* Total number of goals: 158
* Number of covered goals: 157
* Coverage analysis for criterion EXCEPTION
* Coverage of criterion EXCEPTION: 100%
* Total number of goals: 12
* Number of covered goals: 12
* Coverage analysis for criterion WEAKMUTATION
* Coverage of criterion WEAKMUTATION: 95%
* Total number of goals: 410
* Number of covered goals: 388
* Coverage analysis for criterion OUTPUT
* Coverage of criterion OUTPUT: 43%
* Total number of goals: 14
* Number of covered goals: 6
* Coverage analysis for criterion METHOD
* Coverage of criterion METHOD: 100%
* Total number of goals: 9
* Number of covered goals: 9
* Coverage analysis for criterion METHODNOEXCEPTION
* Coverage of criterion METHODNOEXCEPTION: 89%
* Total number of goals: 9
* Number of covered goals: 8
* Coverage analysis for criterion CBRANCH
* Coverage of criterion CBRANCH: 99%
* Total number of goals: 158
* Number of covered goals: 157
* Generated 58 tests with total length 144
* Resulting test suite's coverage: 84% (average coverage for all fitness functions)
* Generating assertions
* Search finished after 63s and 83 generations, 49831 statements, best individual has fitness: 1027.0
[MASTER] 12:18:50.800 [logback-2] ERROR TestRunnable - Suppressed/ignored exception during test case execution on class org.json.XMLTokener: java.lang.Character cannot be cast to java.lang.Boolean
java.lang.ClassCastException: java.lang.Character cannot be cast to java.lang.Boolean
	at org.evosuite.testcase.TestCodeVisitor.visitPrimitiveAssertion(TestCodeVisitor.java:528) ~[evosuite.jar:1.0.7-SNAPSHOT]
	at org.evosuite.testcase.TestCodeVisitor.visitAssertion(TestCodeVisitor.java:914) ~[evosuite.jar:1.0.7-SNAPSHOT]
	at org.evosuite.testcase.TestCodeVisitor.addAssertions(TestCodeVisitor.java:956) ~[evosuite.jar:1.0.7-SNAPSHOT]
	at org.evosuite.testcase.TestCodeVisitor.visitMethodStatement(TestCodeVisitor.java:1507) ~[evosuite.jar:1.0.7-SNAPSHOT]
	at org.evosuite.testcase.TestVisitor.visitStatement(TestVisitor.java:147) ~[evosuite.jar:1.0.7-SNAPSHOT]
	at org.evosuite.testcase.TestCodeVisitor.visitStatement(TestCodeVisitor.java:1858) ~[evosuite.jar:1.0.7-SNAPSHOT]
	at org.evosuite.testcase.statements.AbstractStatement.getCode(AbstractStatement.java:255) ~[evosuite.jar:1.0.7-SNAPSHOT]
	at org.evosuite.testcase.statements.AbstractStatement.getCode(AbstractStatement.java:247) ~[evosuite.jar:1.0.7-SNAPSHOT]
	at org.evosuite.assertion.PrimitiveTraceObserver.visit(PrimitiveTraceObserver.java:116) ~[evosuite.jar:1.0.7-SNAPSHOT]
	at org.evosuite.assertion.AssertionTraceObserver.visitReturnValue(AssertionTraceObserver.java:131) ~[evosuite.jar:1.0.7-SNAPSHOT]
	at org.evosuite.assertion.PrimitiveTraceObserver.afterStatement(PrimitiveTraceObserver.java:51) ~[evosuite.jar:1.0.7-SNAPSHOT]
	at org.evosuite.testcase.execution.TestRunnable.lambda$informObservers_after$1(TestRunnable.java:155) [evosuite.jar:1.0.7-SNAPSHOT]
	at java.lang.Iterable.forEach(Iterable.java:75) ~[na:1.8.0_161]
	at org.evosuite.testcase.execution.TestRunnable.informObservers_after(TestRunnable.java:155) [evosuite.jar:1.0.7-SNAPSHOT]
	at org.evosuite.testcase.execution.TestRunnable.executeStatements(TestRunnable.java:351) [evosuite.jar:1.0.7-SNAPSHOT]
	at org.evosuite.testcase.execution.TestRunnable.call(TestRunnable.java:202) [evosuite.jar:1.0.7-SNAPSHOT]
	at org.evosuite.testcase.execution.TestRunnable.call(TestRunnable.java:55) [evosuite.jar:1.0.7-SNAPSHOT]
	at java.util.concurrent.FutureTask.run(FutureTask.java:266) [na:1.8.0_161]
	at java.util.concurrent.ThreadPoolExecutor.runWorker(ThreadPoolExecutor.java:1149) [na:1.8.0_161]
	at java.util.concurrent.ThreadPoolExecutor$Worker.run(ThreadPoolExecutor.java:624) [na:1.8.0_161]
	at java.lang.Thread.run(Thread.java:748) [na:1.8.0_161]
[MASTER] 12:18:50.805 [logback-2] ERROR TestRunnable - Suppressed/ignored exception during test case execution on class org.json.XMLTokener: java.lang.Character cannot be cast to java.lang.Boolean
java.lang.ClassCastException: java.lang.Character cannot be cast to java.lang.Boolean
	at org.evosuite.testcase.TestCodeVisitor.visitPrimitiveAssertion(TestCodeVisitor.java:528) ~[evosuite.jar:1.0.7-SNAPSHOT]
	at org.evosuite.testcase.TestCodeVisitor.visitAssertion(TestCodeVisitor.java:914) ~[evosuite.jar:1.0.7-SNAPSHOT]
	at org.evosuite.testcase.TestCodeVisitor.addAssertions(TestCodeVisitor.java:956) ~[evosuite.jar:1.0.7-SNAPSHOT]
	at org.evosuite.testcase.TestCodeVisitor.visitMethodStatement(TestCodeVisitor.java:1507) ~[evosuite.jar:1.0.7-SNAPSHOT]
	at org.evosuite.testcase.TestVisitor.visitStatement(TestVisitor.java:147) ~[evosuite.jar:1.0.7-SNAPSHOT]
	at org.evosuite.testcase.TestCodeVisitor.visitStatement(TestCodeVisitor.java:1858) ~[evosuite.jar:1.0.7-SNAPSHOT]
	at org.evosuite.testcase.statements.AbstractStatement.getCode(AbstractStatement.java:255) ~[evosuite.jar:1.0.7-SNAPSHOT]
	at org.evosuite.testcase.statements.AbstractStatement.getCode(AbstractStatement.java:247) ~[evosuite.jar:1.0.7-SNAPSHOT]
	at org.evosuite.assertion.PrimitiveTraceObserver.visit(PrimitiveTraceObserver.java:116) ~[evosuite.jar:1.0.7-SNAPSHOT]
	at org.evosuite.assertion.AssertionTraceObserver.visitReturnValue(AssertionTraceObserver.java:131) ~[evosuite.jar:1.0.7-SNAPSHOT]
	at org.evosuite.assertion.PrimitiveTraceObserver.afterStatement(PrimitiveTraceObserver.java:51) ~[evosuite.jar:1.0.7-SNAPSHOT]
	at org.evosuite.testcase.execution.TestRunnable.lambda$informObservers_after$1(TestRunnable.java:155) [evosuite.jar:1.0.7-SNAPSHOT]
	at java.lang.Iterable.forEach(Iterable.java:75) ~[na:1.8.0_161]
	at org.evosuite.testcase.execution.TestRunnable.informObservers_after(TestRunnable.java:155) [evosuite.jar:1.0.7-SNAPSHOT]
	at org.evosuite.testcase.execution.TestRunnable.executeStatements(TestRunnable.java:351) [evosuite.jar:1.0.7-SNAPSHOT]
	at org.evosuite.testcase.execution.TestRunnable.call(TestRunnable.java:202) [evosuite.jar:1.0.7-SNAPSHOT]
	at org.evosuite.testcase.execution.TestRunnable.call(TestRunnable.java:55) [evosuite.jar:1.0.7-SNAPSHOT]
	at java.util.concurrent.FutureTask.run(FutureTask.java:266) [na:1.8.0_161]
	at java.util.concurrent.ThreadPoolExecutor.runWorker(ThreadPoolExecutor.java:1149) [na:1.8.0_161]
	at java.util.concurrent.ThreadPoolExecutor$Worker.run(ThreadPoolExecutor.java:624) [na:1.8.0_161]
	at java.lang.Thread.run(Thread.java:748) [na:1.8.0_161]
[MASTER] 12:18:51.232 [logback-2] ERROR TestRunnable - Suppressed/ignored exception during test case execution on class org.json.XMLTokener: java.lang.Character cannot be cast to java.lang.Boolean
java.lang.ClassCastException: java.lang.Character cannot be cast to java.lang.Boolean
	at org.evosuite.testcase.TestCodeVisitor.visitPrimitiveAssertion(TestCodeVisitor.java:528) ~[evosuite.jar:1.0.7-SNAPSHOT]
	at org.evosuite.testcase.TestCodeVisitor.visitAssertion(TestCodeVisitor.java:914) ~[evosuite.jar:1.0.7-SNAPSHOT]
	at org.evosuite.testcase.TestCodeVisitor.addAssertions(TestCodeVisitor.java:956) ~[evosuite.jar:1.0.7-SNAPSHOT]
	at org.evosuite.testcase.TestCodeVisitor.visitMethodStatement(TestCodeVisitor.java:1507) ~[evosuite.jar:1.0.7-SNAPSHOT]
	at org.evosuite.testcase.TestVisitor.visitStatement(TestVisitor.java:147) ~[evosuite.jar:1.0.7-SNAPSHOT]
	at org.evosuite.testcase.TestCodeVisitor.visitStatement(TestCodeVisitor.java:1858) ~[evosuite.jar:1.0.7-SNAPSHOT]
	at org.evosuite.testcase.statements.AbstractStatement.getCode(AbstractStatement.java:255) ~[evosuite.jar:1.0.7-SNAPSHOT]
	at org.evosuite.testcase.statements.AbstractStatement.getCode(AbstractStatement.java:247) ~[evosuite.jar:1.0.7-SNAPSHOT]
	at org.evosuite.assertion.PrimitiveTraceObserver.visit(PrimitiveTraceObserver.java:116) ~[evosuite.jar:1.0.7-SNAPSHOT]
	at org.evosuite.assertion.AssertionTraceObserver.visitReturnValue(AssertionTraceObserver.java:131) ~[evosuite.jar:1.0.7-SNAPSHOT]
	at org.evosuite.assertion.PrimitiveTraceObserver.afterStatement(PrimitiveTraceObserver.java:51) ~[evosuite.jar:1.0.7-SNAPSHOT]
	at org.evosuite.testcase.execution.TestRunnable.lambda$informObservers_after$1(TestRunnable.java:155) [evosuite.jar:1.0.7-SNAPSHOT]
	at java.lang.Iterable.forEach(Iterable.java:75) ~[na:1.8.0_161]
	at org.evosuite.testcase.execution.TestRunnable.informObservers_after(TestRunnable.java:155) [evosuite.jar:1.0.7-SNAPSHOT]
	at org.evosuite.testcase.execution.TestRunnable.executeStatements(TestRunnable.java:351) [evosuite.jar:1.0.7-SNAPSHOT]
	at org.evosuite.testcase.execution.TestRunnable.call(TestRunnable.java:202) [evosuite.jar:1.0.7-SNAPSHOT]
	at org.evosuite.testcase.execution.TestRunnable.call(TestRunnable.java:55) [evosuite.jar:1.0.7-SNAPSHOT]
	at java.util.concurrent.FutureTask.run(FutureTask.java:266) [na:1.8.0_161]
	at java.util.concurrent.ThreadPoolExecutor.runWorker(ThreadPoolExecutor.java:1149) [na:1.8.0_161]
	at java.util.concurrent.ThreadPoolExecutor$Worker.run(ThreadPoolExecutor.java:624) [na:1.8.0_161]
	at java.lang.Thread.run(Thread.java:748) [na:1.8.0_161]
[MASTER] 12:18:51.234 [logback-2] ERROR TestRunnable - Suppressed/ignored exception during test case execution on class org.json.XMLTokener: java.lang.Character cannot be cast to java.lang.Boolean
java.lang.ClassCastException: java.lang.Character cannot be cast to java.lang.Boolean
	at org.evosuite.testcase.TestCodeVisitor.visitPrimitiveAssertion(TestCodeVisitor.java:528) ~[evosuite.jar:1.0.7-SNAPSHOT]
	at org.evosuite.testcase.TestCodeVisitor.visitAssertion(TestCodeVisitor.java:914) ~[evosuite.jar:1.0.7-SNAPSHOT]
	at org.evosuite.testcase.TestCodeVisitor.addAssertions(TestCodeVisitor.java:956) ~[evosuite.jar:1.0.7-SNAPSHOT]
	at org.evosuite.testcase.TestCodeVisitor.visitMethodStatement(TestCodeVisitor.java:1507) ~[evosuite.jar:1.0.7-SNAPSHOT]
	at org.evosuite.testcase.TestVisitor.visitStatement(TestVisitor.java:147) ~[evosuite.jar:1.0.7-SNAPSHOT]
	at org.evosuite.testcase.TestCodeVisitor.visitStatement(TestCodeVisitor.java:1858) ~[evosuite.jar:1.0.7-SNAPSHOT]
	at org.evosuite.testcase.statements.AbstractStatement.getCode(AbstractStatement.java:255) ~[evosuite.jar:1.0.7-SNAPSHOT]
	at org.evosuite.testcase.statements.AbstractStatement.getCode(AbstractStatement.java:247) ~[evosuite.jar:1.0.7-SNAPSHOT]
	at org.evosuite.assertion.PrimitiveTraceObserver.visit(PrimitiveTraceObserver.java:116) ~[evosuite.jar:1.0.7-SNAPSHOT]
	at org.evosuite.assertion.AssertionTraceObserver.visitReturnValue(AssertionTraceObserver.java:131) ~[evosuite.jar:1.0.7-SNAPSHOT]
	at org.evosuite.assertion.PrimitiveTraceObserver.afterStatement(PrimitiveTraceObserver.java:51) ~[evosuite.jar:1.0.7-SNAPSHOT]
	at org.evosuite.testcase.execution.TestRunnable.lambda$informObservers_after$1(TestRunnable.java:155) [evosuite.jar:1.0.7-SNAPSHOT]
	at java.lang.Iterable.forEach(Iterable.java:75) ~[na:1.8.0_161]
	at org.evosuite.testcase.execution.TestRunnable.informObservers_after(TestRunnable.java:155) [evosuite.jar:1.0.7-SNAPSHOT]
	at org.evosuite.testcase.execution.TestRunnable.executeStatements(TestRunnable.java:351) [evosuite.jar:1.0.7-SNAPSHOT]
	at org.evosuite.testcase.execution.TestRunnable.call(TestRunnable.java:202) [evosuite.jar:1.0.7-SNAPSHOT]
	at org.evosuite.testcase.execution.TestRunnable.call(TestRunnable.java:55) [evosuite.jar:1.0.7-SNAPSHOT]
	at java.util.concurrent.FutureTask.run(FutureTask.java:266) [na:1.8.0_161]
	at java.util.concurrent.ThreadPoolExecutor.runWorker(ThreadPoolExecutor.java:1149) [na:1.8.0_161]
	at java.util.concurrent.ThreadPoolExecutor$Worker.run(ThreadPoolExecutor.java:624) [na:1.8.0_161]
	at java.lang.Thread.run(Thread.java:748) [na:1.8.0_161]
[MASTER] 12:18:51.638 [logback-2] ERROR TestRunnable - Suppressed/ignored exception during test case execution on class org.json.XMLTokener: java.lang.Character cannot be cast to java.lang.Boolean
java.lang.ClassCastException: java.lang.Character cannot be cast to java.lang.Boolean
	at org.evosuite.testcase.TestCodeVisitor.visitPrimitiveAssertion(TestCodeVisitor.java:528) ~[evosuite.jar:1.0.7-SNAPSHOT]
	at org.evosuite.testcase.TestCodeVisitor.visitAssertion(TestCodeVisitor.java:914) ~[evosuite.jar:1.0.7-SNAPSHOT]
	at org.evosuite.testcase.TestCodeVisitor.addAssertions(TestCodeVisitor.java:956) ~[evosuite.jar:1.0.7-SNAPSHOT]
	at org.evosuite.testcase.TestCodeVisitor.visitMethodStatement(TestCodeVisitor.java:1507) ~[evosuite.jar:1.0.7-SNAPSHOT]
	at org.evosuite.testcase.TestVisitor.visitStatement(TestVisitor.java:147) ~[evosuite.jar:1.0.7-SNAPSHOT]
	at org.evosuite.testcase.TestCodeVisitor.visitStatement(TestCodeVisitor.java:1858) ~[evosuite.jar:1.0.7-SNAPSHOT]
	at org.evosuite.testcase.statements.AbstractStatement.getCode(AbstractStatement.java:255) ~[evosuite.jar:1.0.7-SNAPSHOT]
	at org.evosuite.testcase.statements.AbstractStatement.getCode(AbstractStatement.java:247) ~[evosuite.jar:1.0.7-SNAPSHOT]
	at org.evosuite.assertion.PrimitiveTraceObserver.visit(PrimitiveTraceObserver.java:116) ~[evosuite.jar:1.0.7-SNAPSHOT]
	at org.evosuite.assertion.AssertionTraceObserver.visitReturnValue(AssertionTraceObserver.java:131) ~[evosuite.jar:1.0.7-SNAPSHOT]
	at org.evosuite.assertion.PrimitiveTraceObserver.afterStatement(PrimitiveTraceObserver.java:51) ~[evosuite.jar:1.0.7-SNAPSHOT]
	at org.evosuite.testcase.execution.TestRunnable.lambda$informObservers_after$1(TestRunnable.java:155) [evosuite.jar:1.0.7-SNAPSHOT]
	at java.lang.Iterable.forEach(Iterable.java:75) ~[na:1.8.0_161]
	at org.evosuite.testcase.execution.TestRunnable.informObservers_after(TestRunnable.java:155) [evosuite.jar:1.0.7-SNAPSHOT]
	at org.evosuite.testcase.execution.TestRunnable.executeStatements(TestRunnable.java:351) [evosuite.jar:1.0.7-SNAPSHOT]
	at org.evosuite.testcase.execution.TestRunnable.call(TestRunnable.java:202) [evosuite.jar:1.0.7-SNAPSHOT]
	at org.evosuite.testcase.execution.TestRunnable.call(TestRunnable.java:55) [evosuite.jar:1.0.7-SNAPSHOT]
	at java.util.concurrent.FutureTask.run(FutureTask.java:266) [na:1.8.0_161]
	at java.util.concurrent.ThreadPoolExecutor.runWorker(ThreadPoolExecutor.java:1149) [na:1.8.0_161]
	at java.util.concurrent.ThreadPoolExecutor$Worker.run(ThreadPoolExecutor.java:624) [na:1.8.0_161]
	at java.lang.Thread.run(Thread.java:748) [na:1.8.0_161]
[MASTER] 12:18:51.641 [logback-2] ERROR TestRunnable - Suppressed/ignored exception during test case execution on class org.json.XMLTokener: java.lang.Character cannot be cast to java.lang.Boolean
java.lang.ClassCastException: java.lang.Character cannot be cast to java.lang.Boolean
	at org.evosuite.testcase.TestCodeVisitor.visitPrimitiveAssertion(TestCodeVisitor.java:528) ~[evosuite.jar:1.0.7-SNAPSHOT]
	at org.evosuite.testcase.TestCodeVisitor.visitAssertion(TestCodeVisitor.java:914) ~[evosuite.jar:1.0.7-SNAPSHOT]
	at org.evosuite.testcase.TestCodeVisitor.addAssertions(TestCodeVisitor.java:956) ~[evosuite.jar:1.0.7-SNAPSHOT]
	at org.evosuite.testcase.TestCodeVisitor.visitMethodStatement(TestCodeVisitor.java:1507) ~[evosuite.jar:1.0.7-SNAPSHOT]
	at org.evosuite.testcase.TestVisitor.visitStatement(TestVisitor.java:147) ~[evosuite.jar:1.0.7-SNAPSHOT]
	at org.evosuite.testcase.TestCodeVisitor.visitStatement(TestCodeVisitor.java:1858) ~[evosuite.jar:1.0.7-SNAPSHOT]
	at org.evosuite.testcase.statements.AbstractStatement.getCode(AbstractStatement.java:255) ~[evosuite.jar:1.0.7-SNAPSHOT]
	at org.evosuite.testcase.statements.AbstractStatement.getCode(AbstractStatement.java:247) ~[evosuite.jar:1.0.7-SNAPSHOT]
	at org.evosuite.assertion.PrimitiveTraceObserver.visit(PrimitiveTraceObserver.java:116) ~[evosuite.jar:1.0.7-SNAPSHOT]
	at org.evosuite.assertion.AssertionTraceObserver.visitReturnValue(AssertionTraceObserver.java:131) ~[evosuite.jar:1.0.7-SNAPSHOT]
	at org.evosuite.assertion.PrimitiveTraceObserver.afterStatement(PrimitiveTraceObserver.java:51) ~[evosuite.jar:1.0.7-SNAPSHOT]
	at org.evosuite.testcase.execution.TestRunnable.lambda$informObservers_after$1(TestRunnable.java:155) [evosuite.jar:1.0.7-SNAPSHOT]
	at java.lang.Iterable.forEach(Iterable.java:75) ~[na:1.8.0_161]
	at org.evosuite.testcase.execution.TestRunnable.informObservers_after(TestRunnable.java:155) [evosuite.jar:1.0.7-SNAPSHOT]
	at org.evosuite.testcase.execution.TestRunnable.executeStatements(TestRunnable.java:351) [evosuite.jar:1.0.7-SNAPSHOT]
	at org.evosuite.testcase.execution.TestRunnable.call(TestRunnable.java:202) [evosuite.jar:1.0.7-SNAPSHOT]
	at org.evosuite.testcase.execution.TestRunnable.call(TestRunnable.java:55) [evosuite.jar:1.0.7-SNAPSHOT]
	at java.util.concurrent.FutureTask.run(FutureTask.java:266) [na:1.8.0_161]
	at java.util.concurrent.ThreadPoolExecutor.runWorker(ThreadPoolExecutor.java:1149) [na:1.8.0_161]
	at java.util.concurrent.ThreadPoolExecutor$Worker.run(ThreadPoolExecutor.java:624) [na:1.8.0_161]
	at java.lang.Thread.run(Thread.java:748) [na:1.8.0_161]
[MASTER] 12:18:51.649 [logback-2] ERROR TestRunnable - Suppressed/ignored exception during test case execution on class org.json.XMLTokener: java.lang.Character cannot be cast to java.lang.Boolean
java.lang.ClassCastException: java.lang.Character cannot be cast to java.lang.Boolean
	at org.evosuite.testcase.TestCodeVisitor.visitPrimitiveAssertion(TestCodeVisitor.java:528) ~[evosuite.jar:1.0.7-SNAPSHOT]
	at org.evosuite.testcase.TestCodeVisitor.visitAssertion(TestCodeVisitor.java:914) ~[evosuite.jar:1.0.7-SNAPSHOT]
	at org.evosuite.testcase.TestCodeVisitor.addAssertions(TestCodeVisitor.java:956) ~[evosuite.jar:1.0.7-SNAPSHOT]
	at org.evosuite.testcase.TestCodeVisitor.visitMethodStatement(TestCodeVisitor.java:1507) ~[evosuite.jar:1.0.7-SNAPSHOT]
	at org.evosuite.testcase.TestVisitor.visitStatement(TestVisitor.java:147) ~[evosuite.jar:1.0.7-SNAPSHOT]
	at org.evosuite.testcase.TestCodeVisitor.visitStatement(TestCodeVisitor.java:1858) ~[evosuite.jar:1.0.7-SNAPSHOT]
	at org.evosuite.testcase.statements.AbstractStatement.getCode(AbstractStatement.java:255) ~[evosuite.jar:1.0.7-SNAPSHOT]
	at org.evosuite.testcase.statements.AbstractStatement.getCode(AbstractStatement.java:247) ~[evosuite.jar:1.0.7-SNAPSHOT]
	at org.evosuite.assertion.PrimitiveTraceObserver.visit(PrimitiveTraceObserver.java:116) ~[evosuite.jar:1.0.7-SNAPSHOT]
	at org.evosuite.assertion.AssertionTraceObserver.visitReturnValue(AssertionTraceObserver.java:131) ~[evosuite.jar:1.0.7-SNAPSHOT]
	at org.evosuite.assertion.PrimitiveTraceObserver.afterStatement(PrimitiveTraceObserver.java:51) ~[evosuite.jar:1.0.7-SNAPSHOT]
	at org.evosuite.testcase.execution.TestRunnable.lambda$informObservers_after$1(TestRunnable.java:155) [evosuite.jar:1.0.7-SNAPSHOT]
	at java.lang.Iterable.forEach(Iterable.java:75) ~[na:1.8.0_161]
	at org.evosuite.testcase.execution.TestRunnable.informObservers_after(TestRunnable.java:155) [evosuite.jar:1.0.7-SNAPSHOT]
	at org.evosuite.testcase.execution.TestRunnable.executeStatements(TestRunnable.java:351) [evosuite.jar:1.0.7-SNAPSHOT]
	at org.evosuite.testcase.execution.TestRunnable.call(TestRunnable.java:202) [evosuite.jar:1.0.7-SNAPSHOT]
	at org.evosuite.testcase.execution.TestRunnable.call(TestRunnable.java:55) [evosuite.jar:1.0.7-SNAPSHOT]
	at java.util.concurrent.FutureTask.run(FutureTask.java:266) [na:1.8.0_161]
	at java.util.concurrent.ThreadPoolExecutor.runWorker(ThreadPoolExecutor.java:1149) [na:1.8.0_161]
	at java.util.concurrent.ThreadPoolExecutor$Worker.run(ThreadPoolExecutor.java:624) [na:1.8.0_161]
	at java.lang.Thread.run(Thread.java:748) [na:1.8.0_161]
[MASTER] 12:18:51.652 [logback-2] ERROR TestRunnable - Suppressed/ignored exception during test case execution on class org.json.XMLTokener: java.lang.Character cannot be cast to java.lang.Boolean
java.lang.ClassCastException: java.lang.Character cannot be cast to java.lang.Boolean
	at org.evosuite.testcase.TestCodeVisitor.visitPrimitiveAssertion(TestCodeVisitor.java:528) ~[evosuite.jar:1.0.7-SNAPSHOT]
	at org.evosuite.testcase.TestCodeVisitor.visitAssertion(TestCodeVisitor.java:914) ~[evosuite.jar:1.0.7-SNAPSHOT]
	at org.evosuite.testcase.TestCodeVisitor.addAssertions(TestCodeVisitor.java:956) ~[evosuite.jar:1.0.7-SNAPSHOT]
	at org.evosuite.testcase.TestCodeVisitor.visitMethodStatement(TestCodeVisitor.java:1507) ~[evosuite.jar:1.0.7-SNAPSHOT]
	at org.evosuite.testcase.TestVisitor.visitStatement(TestVisitor.java:147) ~[evosuite.jar:1.0.7-SNAPSHOT]
	at org.evosuite.testcase.TestCodeVisitor.visitStatement(TestCodeVisitor.java:1858) ~[evosuite.jar:1.0.7-SNAPSHOT]
	at org.evosuite.testcase.statements.AbstractStatement.getCode(AbstractStatement.java:255) ~[evosuite.jar:1.0.7-SNAPSHOT]
	at org.evosuite.testcase.statements.AbstractStatement.getCode(AbstractStatement.java:247) ~[evosuite.jar:1.0.7-SNAPSHOT]
	at org.evosuite.assertion.PrimitiveTraceObserver.visit(PrimitiveTraceObserver.java:116) ~[evosuite.jar:1.0.7-SNAPSHOT]
	at org.evosuite.assertion.AssertionTraceObserver.visitReturnValue(AssertionTraceObserver.java:131) ~[evosuite.jar:1.0.7-SNAPSHOT]
	at org.evosuite.assertion.PrimitiveTraceObserver.afterStatement(PrimitiveTraceObserver.java:51) ~[evosuite.jar:1.0.7-SNAPSHOT]
	at org.evosuite.testcase.execution.TestRunnable.lambda$informObservers_after$1(TestRunnable.java:155) [evosuite.jar:1.0.7-SNAPSHOT]
	at java.lang.Iterable.forEach(Iterable.java:75) ~[na:1.8.0_161]
	at org.evosuite.testcase.execution.TestRunnable.informObservers_after(TestRunnable.java:155) [evosuite.jar:1.0.7-SNAPSHOT]
	at org.evosuite.testcase.execution.TestRunnable.executeStatements(TestRunnable.java:351) [evosuite.jar:1.0.7-SNAPSHOT]
	at org.evosuite.testcase.execution.TestRunnable.call(TestRunnable.java:202) [evosuite.jar:1.0.7-SNAPSHOT]
	at org.evosuite.testcase.execution.TestRunnable.call(TestRunnable.java:55) [evosuite.jar:1.0.7-SNAPSHOT]
	at java.util.concurrent.FutureTask.run(FutureTask.java:266) [na:1.8.0_161]
	at java.util.concurrent.ThreadPoolExecutor.runWorker(ThreadPoolExecutor.java:1149) [na:1.8.0_161]
	at java.util.concurrent.ThreadPoolExecutor$Worker.run(ThreadPoolExecutor.java:624) [na:1.8.0_161]
	at java.lang.Thread.run(Thread.java:748) [na:1.8.0_161]
[MASTER] 12:18:51.659 [logback-2] ERROR TestRunnable - Suppressed/ignored exception during test case execution on class org.json.XMLTokener: java.lang.Character cannot be cast to java.lang.Boolean
java.lang.ClassCastException: java.lang.Character cannot be cast to java.lang.Boolean
	at org.evosuite.testcase.TestCodeVisitor.visitPrimitiveAssertion(TestCodeVisitor.java:528) ~[evosuite.jar:1.0.7-SNAPSHOT]
	at org.evosuite.testcase.TestCodeVisitor.visitAssertion(TestCodeVisitor.java:914) ~[evosuite.jar:1.0.7-SNAPSHOT]
	at org.evosuite.testcase.TestCodeVisitor.addAssertions(TestCodeVisitor.java:956) ~[evosuite.jar:1.0.7-SNAPSHOT]
	at org.evosuite.testcase.TestCodeVisitor.visitMethodStatement(TestCodeVisitor.java:1507) ~[evosuite.jar:1.0.7-SNAPSHOT]
	at org.evosuite.testcase.TestVisitor.visitStatement(TestVisitor.java:147) ~[evosuite.jar:1.0.7-SNAPSHOT]
	at org.evosuite.testcase.TestCodeVisitor.visitStatement(TestCodeVisitor.java:1858) ~[evosuite.jar:1.0.7-SNAPSHOT]
	at org.evosuite.testcase.statements.AbstractStatement.getCode(AbstractStatement.java:255) ~[evosuite.jar:1.0.7-SNAPSHOT]
	at org.evosuite.testcase.statements.AbstractStatement.getCode(AbstractStatement.java:247) ~[evosuite.jar:1.0.7-SNAPSHOT]
	at org.evosuite.assertion.PrimitiveTraceObserver.visit(PrimitiveTraceObserver.java:116) ~[evosuite.jar:1.0.7-SNAPSHOT]
	at org.evosuite.assertion.AssertionTraceObserver.visitReturnValue(AssertionTraceObserver.java:131) ~[evosuite.jar:1.0.7-SNAPSHOT]
	at org.evosuite.assertion.PrimitiveTraceObserver.afterStatement(PrimitiveTraceObserver.java:51) ~[evosuite.jar:1.0.7-SNAPSHOT]
	at org.evosuite.testcase.execution.TestRunnable.lambda$informObservers_after$1(TestRunnable.java:155) [evosuite.jar:1.0.7-SNAPSHOT]
	at java.lang.Iterable.forEach(Iterable.java:75) ~[na:1.8.0_161]
	at org.evosuite.testcase.execution.TestRunnable.informObservers_after(TestRunnable.java:155) [evosuite.jar:1.0.7-SNAPSHOT]
	at org.evosuite.testcase.execution.TestRunnable.executeStatements(TestRunnable.java:351) [evosuite.jar:1.0.7-SNAPSHOT]
	at org.evosuite.testcase.execution.TestRunnable.call(TestRunnable.java:202) [evosuite.jar:1.0.7-SNAPSHOT]
	at org.evosuite.testcase.execution.TestRunnable.call(TestRunnable.java:55) [evosuite.jar:1.0.7-SNAPSHOT]
	at java.util.concurrent.FutureTask.run(FutureTask.java:266) [na:1.8.0_161]
	at java.util.concurrent.ThreadPoolExecutor.runWorker(ThreadPoolExecutor.java:1149) [na:1.8.0_161]
	at java.util.concurrent.ThreadPoolExecutor$Worker.run(ThreadPoolExecutor.java:624) [na:1.8.0_161]
	at java.lang.Thread.run(Thread.java:748) [na:1.8.0_161]
* Minimizing test suite
* Resulting test suite's mutation score: 56%
* Compiling and checking tests
* Writing tests to file
* Writing JUnit test case 'XMLTokener_ESTest' to /home/apaniche/mitchell/generation-scripts/evosuite_fuzzer/tests/s12/json/evosuite-tests
* Done!

* Computation finished
* Going to analyze the coverage criteria
* Coverage analysis for criterion LINE
* Coverage of criterion LINE: 77%
* Total number of goals: 711
* Number of covered goals: 551
* Coverage analysis for criterion BRANCH
* Coverage of criterion BRANCH: 72%
* Total number of goals: 595
* Number of covered goals: 426
* Coverage analysis for criterion EXCEPTION
* Coverage of criterion EXCEPTION: 100%
* Total number of goals: 58
* Number of covered goals: 58
* Coverage analysis for criterion WEAKMUTATION
* Coverage of criterion WEAKMUTATION: 76%
* Total number of goals: 937
* Number of covered goals: 709
* Coverage analysis for criterion OUTPUT
* Coverage of criterion OUTPUT: 39%
* Total number of goals: 358
* Number of covered goals: 140
* Coverage analysis for criterion METHOD
* Coverage of criterion METHOD: 97%
* Total number of goals: 93
* Number of covered goals: 90
* Coverage analysis for criterion METHODNOEXCEPTION
* Coverage of criterion METHODNOEXCEPTION: 88%
* Total number of goals: 93
* Number of covered goals: 82
* Coverage analysis for criterion CBRANCH
* Coverage of criterion CBRANCH: 68%
* Total number of goals: 595
* Number of covered goals: 404
* Generated 229 tests with total length 663
* Resulting test suite's coverage: 71% (average coverage for all fitness functions)
* Generating assertions
[MASTER] 12:19:28.890 [logback-2] ERROR TestRunnable - Suppressed/ignored exception during test case execution on class org.json.JSONObject: java.lang.Double cannot be cast to java.lang.Boolean
java.lang.ClassCastException: java.lang.Double cannot be cast to java.lang.Boolean
	at org.evosuite.testcase.TestCodeVisitor.visitPrimitiveAssertion(TestCodeVisitor.java:528) ~[evosuite.jar:1.0.7-SNAPSHOT]
	at org.evosuite.testcase.TestCodeVisitor.visitAssertion(TestCodeVisitor.java:914) ~[evosuite.jar:1.0.7-SNAPSHOT]
	at org.evosuite.testcase.TestCodeVisitor.addAssertions(TestCodeVisitor.java:956) ~[evosuite.jar:1.0.7-SNAPSHOT]
	at org.evosuite.testcase.TestCodeVisitor.visitMethodStatement(TestCodeVisitor.java:1507) ~[evosuite.jar:1.0.7-SNAPSHOT]
	at org.evosuite.testcase.TestVisitor.visitStatement(TestVisitor.java:147) ~[evosuite.jar:1.0.7-SNAPSHOT]
	at org.evosuite.testcase.TestCodeVisitor.visitStatement(TestCodeVisitor.java:1858) ~[evosuite.jar:1.0.7-SNAPSHOT]
	at org.evosuite.testcase.statements.AbstractStatement.getCode(AbstractStatement.java:255) ~[evosuite.jar:1.0.7-SNAPSHOT]
	at org.evosuite.testcase.statements.AbstractStatement.getCode(AbstractStatement.java:247) ~[evosuite.jar:1.0.7-SNAPSHOT]
	at org.evosuite.assertion.PrimitiveTraceObserver.visit(PrimitiveTraceObserver.java:116) ~[evosuite.jar:1.0.7-SNAPSHOT]
	at org.evosuite.assertion.AssertionTraceObserver.visitReturnValue(AssertionTraceObserver.java:131) ~[evosuite.jar:1.0.7-SNAPSHOT]
	at org.evosuite.assertion.PrimitiveTraceObserver.afterStatement(PrimitiveTraceObserver.java:51) ~[evosuite.jar:1.0.7-SNAPSHOT]
	at org.evosuite.testcase.execution.TestRunnable.lambda$informObservers_after$1(TestRunnable.java:155) [evosuite.jar:1.0.7-SNAPSHOT]
	at java.lang.Iterable.forEach(Iterable.java:75) ~[na:1.8.0_161]
	at org.evosuite.testcase.execution.TestRunnable.informObservers_after(TestRunnable.java:155) [evosuite.jar:1.0.7-SNAPSHOT]
	at org.evosuite.testcase.execution.TestRunnable.executeStatements(TestRunnable.java:351) [evosuite.jar:1.0.7-SNAPSHOT]
	at org.evosuite.testcase.execution.TestRunnable.call(TestRunnable.java:202) [evosuite.jar:1.0.7-SNAPSHOT]
	at org.evosuite.testcase.execution.TestRunnable.call(TestRunnable.java:55) [evosuite.jar:1.0.7-SNAPSHOT]
	at java.util.concurrent.FutureTask.run(FutureTask.java:266) [na:1.8.0_161]
	at java.util.concurrent.ThreadPoolExecutor.runWorker(ThreadPoolExecutor.java:1149) [na:1.8.0_161]
	at java.util.concurrent.ThreadPoolExecutor$Worker.run(ThreadPoolExecutor.java:624) [na:1.8.0_161]
	at java.lang.Thread.run(Thread.java:748) [na:1.8.0_161]
[MASTER] 12:19:28.917 [logback-2] ERROR TestRunnable - Suppressed/ignored exception during test case execution on class org.json.JSONObject: java.lang.Double cannot be cast to java.lang.Boolean
java.lang.ClassCastException: java.lang.Double cannot be cast to java.lang.Boolean
	at org.evosuite.testcase.TestCodeVisitor.visitPrimitiveAssertion(TestCodeVisitor.java:528) ~[evosuite.jar:1.0.7-SNAPSHOT]
	at org.evosuite.testcase.TestCodeVisitor.visitAssertion(TestCodeVisitor.java:914) ~[evosuite.jar:1.0.7-SNAPSHOT]
	at org.evosuite.testcase.TestCodeVisitor.addAssertions(TestCodeVisitor.java:956) ~[evosuite.jar:1.0.7-SNAPSHOT]
	at org.evosuite.testcase.TestCodeVisitor.visitMethodStatement(TestCodeVisitor.java:1507) ~[evosuite.jar:1.0.7-SNAPSHOT]
	at org.evosuite.testcase.TestVisitor.visitStatement(TestVisitor.java:147) ~[evosuite.jar:1.0.7-SNAPSHOT]
	at org.evosuite.testcase.TestCodeVisitor.visitStatement(TestCodeVisitor.java:1858) ~[evosuite.jar:1.0.7-SNAPSHOT]
	at org.evosuite.testcase.statements.AbstractStatement.getCode(AbstractStatement.java:255) ~[evosuite.jar:1.0.7-SNAPSHOT]
	at org.evosuite.testcase.statements.AbstractStatement.getCode(AbstractStatement.java:247) ~[evosuite.jar:1.0.7-SNAPSHOT]
	at org.evosuite.assertion.PrimitiveTraceObserver.visit(PrimitiveTraceObserver.java:116) ~[evosuite.jar:1.0.7-SNAPSHOT]
	at org.evosuite.assertion.AssertionTraceObserver.visitReturnValue(AssertionTraceObserver.java:131) ~[evosuite.jar:1.0.7-SNAPSHOT]
	at org.evosuite.assertion.PrimitiveTraceObserver.afterStatement(PrimitiveTraceObserver.java:51) ~[evosuite.jar:1.0.7-SNAPSHOT]
	at org.evosuite.testcase.execution.TestRunnable.lambda$informObservers_after$1(TestRunnable.java:155) [evosuite.jar:1.0.7-SNAPSHOT]
	at java.lang.Iterable.forEach(Iterable.java:75) ~[na:1.8.0_161]
	at org.evosuite.testcase.execution.TestRunnable.informObservers_after(TestRunnable.java:155) [evosuite.jar:1.0.7-SNAPSHOT]
	at org.evosuite.testcase.execution.TestRunnable.executeStatements(TestRunnable.java:351) [evosuite.jar:1.0.7-SNAPSHOT]
	at org.evosuite.testcase.execution.TestRunnable.call(TestRunnable.java:202) [evosuite.jar:1.0.7-SNAPSHOT]
	at org.evosuite.testcase.execution.TestRunnable.call(TestRunnable.java:55) [evosuite.jar:1.0.7-SNAPSHOT]
	at java.util.concurrent.FutureTask.run(FutureTask.java:266) [na:1.8.0_161]
	at java.util.concurrent.ThreadPoolExecutor.runWorker(ThreadPoolExecutor.java:1149) [na:1.8.0_161]
	at java.util.concurrent.ThreadPoolExecutor$Worker.run(ThreadPoolExecutor.java:624) [na:1.8.0_161]
	at java.lang.Thread.run(Thread.java:748) [na:1.8.0_161]
[MASTER] 12:19:29.003 [logback-2] ERROR TestRunnable - Suppressed/ignored exception during test case execution on class org.json.JSONObject: java.lang.String cannot be cast to java.lang.Boolean
java.lang.ClassCastException: java.lang.String cannot be cast to java.lang.Boolean
	at org.evosuite.testcase.TestCodeVisitor.visitPrimitiveAssertion(TestCodeVisitor.java:528) ~[evosuite.jar:1.0.7-SNAPSHOT]
	at org.evosuite.testcase.TestCodeVisitor.visitAssertion(TestCodeVisitor.java:914) ~[evosuite.jar:1.0.7-SNAPSHOT]
	at org.evosuite.testcase.TestCodeVisitor.addAssertions(TestCodeVisitor.java:956) ~[evosuite.jar:1.0.7-SNAPSHOT]
	at org.evosuite.testcase.TestCodeVisitor.visitMethodStatement(TestCodeVisitor.java:1507) ~[evosuite.jar:1.0.7-SNAPSHOT]
	at org.evosuite.testcase.TestVisitor.visitStatement(TestVisitor.java:147) ~[evosuite.jar:1.0.7-SNAPSHOT]
	at org.evosuite.testcase.TestCodeVisitor.visitStatement(TestCodeVisitor.java:1858) ~[evosuite.jar:1.0.7-SNAPSHOT]
	at org.evosuite.testcase.statements.AbstractStatement.getCode(AbstractStatement.java:255) ~[evosuite.jar:1.0.7-SNAPSHOT]
	at org.evosuite.testcase.statements.AbstractStatement.getCode(AbstractStatement.java:247) ~[evosuite.jar:1.0.7-SNAPSHOT]
	at org.evosuite.assertion.PrimitiveTraceObserver.visit(PrimitiveTraceObserver.java:116) ~[evosuite.jar:1.0.7-SNAPSHOT]
	at org.evosuite.assertion.AssertionTraceObserver.visitReturnValue(AssertionTraceObserver.java:131) ~[evosuite.jar:1.0.7-SNAPSHOT]
	at org.evosuite.assertion.PrimitiveTraceObserver.afterStatement(PrimitiveTraceObserver.java:51) ~[evosuite.jar:1.0.7-SNAPSHOT]
	at org.evosuite.testcase.execution.TestRunnable.lambda$informObservers_after$1(TestRunnable.java:155) [evosuite.jar:1.0.7-SNAPSHOT]
	at java.lang.Iterable.forEach(Iterable.java:75) ~[na:1.8.0_161]
	at org.evosuite.testcase.execution.TestRunnable.informObservers_after(TestRunnable.java:155) [evosuite.jar:1.0.7-SNAPSHOT]
	at org.evosuite.testcase.execution.TestRunnable.executeStatements(TestRunnable.java:351) [evosuite.jar:1.0.7-SNAPSHOT]
	at org.evosuite.testcase.execution.TestRunnable.call(TestRunnable.java:202) [evosuite.jar:1.0.7-SNAPSHOT]
	at org.evosuite.testcase.execution.TestRunnable.call(TestRunnable.java:55) [evosuite.jar:1.0.7-SNAPSHOT]
	at java.util.concurrent.FutureTask.run(FutureTask.java:266) [na:1.8.0_161]
	at java.util.concurrent.ThreadPoolExecutor.runWorker(ThreadPoolExecutor.java:1149) [na:1.8.0_161]
	at java.util.concurrent.ThreadPoolExecutor$Worker.run(ThreadPoolExecutor.java:624) [na:1.8.0_161]
	at java.lang.Thread.run(Thread.java:748) [na:1.8.0_161]
[MASTER] 12:19:31.787 [logback-2] ERROR TestRunnable - Suppressed/ignored exception during test case execution on class org.json.JSONObject: java.lang.String cannot be cast to java.lang.Boolean
java.lang.ClassCastException: java.lang.String cannot be cast to java.lang.Boolean
	at org.evosuite.testcase.TestCodeVisitor.visitPrimitiveAssertion(TestCodeVisitor.java:528) ~[evosuite.jar:1.0.7-SNAPSHOT]
	at org.evosuite.testcase.TestCodeVisitor.visitAssertion(TestCodeVisitor.java:914) ~[evosuite.jar:1.0.7-SNAPSHOT]
	at org.evosuite.testcase.TestCodeVisitor.addAssertions(TestCodeVisitor.java:956) ~[evosuite.jar:1.0.7-SNAPSHOT]
	at org.evosuite.testcase.TestCodeVisitor.visitMethodStatement(TestCodeVisitor.java:1507) ~[evosuite.jar:1.0.7-SNAPSHOT]
	at org.evosuite.testcase.TestVisitor.visitStatement(TestVisitor.java:147) ~[evosuite.jar:1.0.7-SNAPSHOT]
	at org.evosuite.testcase.TestCodeVisitor.visitStatement(TestCodeVisitor.java:1858) ~[evosuite.jar:1.0.7-SNAPSHOT]
	at org.evosuite.testcase.statements.AbstractStatement.getCode(AbstractStatement.java:255) ~[evosuite.jar:1.0.7-SNAPSHOT]
	at org.evosuite.testcase.statements.AbstractStatement.getCode(AbstractStatement.java:247) ~[evosuite.jar:1.0.7-SNAPSHOT]
	at org.evosuite.assertion.PrimitiveTraceObserver.visit(PrimitiveTraceObserver.java:116) ~[evosuite.jar:1.0.7-SNAPSHOT]
	at org.evosuite.assertion.AssertionTraceObserver.visitReturnValue(AssertionTraceObserver.java:131) ~[evosuite.jar:1.0.7-SNAPSHOT]
	at org.evosuite.assertion.PrimitiveTraceObserver.afterStatement(PrimitiveTraceObserver.java:51) ~[evosuite.jar:1.0.7-SNAPSHOT]
	at org.evosuite.testcase.execution.TestRunnable.lambda$informObservers_after$1(TestRunnable.java:155) [evosuite.jar:1.0.7-SNAPSHOT]
	at java.lang.Iterable.forEach(Iterable.java:75) ~[na:1.8.0_161]
	at org.evosuite.testcase.execution.TestRunnable.informObservers_after(TestRunnable.java:155) [evosuite.jar:1.0.7-SNAPSHOT]
	at org.evosuite.testcase.execution.TestRunnable.executeStatements(TestRunnable.java:351) [evosuite.jar:1.0.7-SNAPSHOT]
	at org.evosuite.testcase.execution.TestRunnable.call(TestRunnable.java:202) [evosuite.jar:1.0.7-SNAPSHOT]
	at org.evosuite.testcase.execution.TestRunnable.call(TestRunnable.java:55) [evosuite.jar:1.0.7-SNAPSHOT]
	at java.util.concurrent.FutureTask.run(FutureTask.java:266) [na:1.8.0_161]
	at java.util.concurrent.ThreadPoolExecutor.runWorker(ThreadPoolExecutor.java:1149) [na:1.8.0_161]
	at java.util.concurrent.ThreadPoolExecutor$Worker.run(ThreadPoolExecutor.java:624) [na:1.8.0_161]
	at java.lang.Thread.run(Thread.java:748) [na:1.8.0_161]
[MASTER] 12:19:39.733 [logback-2] ERROR TestRunnable - Suppressed/ignored exception during test case execution on class org.json.JSONObject: java.lang.Integer cannot be cast to java.lang.Boolean
java.lang.ClassCastException: java.lang.Integer cannot be cast to java.lang.Boolean
	at org.evosuite.testcase.TestCodeVisitor.visitPrimitiveAssertion(TestCodeVisitor.java:528) ~[evosuite.jar:1.0.7-SNAPSHOT]
	at org.evosuite.testcase.TestCodeVisitor.visitAssertion(TestCodeVisitor.java:914) ~[evosuite.jar:1.0.7-SNAPSHOT]
	at org.evosuite.testcase.TestCodeVisitor.addAssertions(TestCodeVisitor.java:956) ~[evosuite.jar:1.0.7-SNAPSHOT]
	at org.evosuite.testcase.TestCodeVisitor.visitMethodStatement(TestCodeVisitor.java:1507) ~[evosuite.jar:1.0.7-SNAPSHOT]
	at org.evosuite.testcase.TestVisitor.visitStatement(TestVisitor.java:147) ~[evosuite.jar:1.0.7-SNAPSHOT]
	at org.evosuite.testcase.TestCodeVisitor.visitStatement(TestCodeVisitor.java:1858) ~[evosuite.jar:1.0.7-SNAPSHOT]
	at org.evosuite.testcase.statements.AbstractStatement.getCode(AbstractStatement.java:255) ~[evosuite.jar:1.0.7-SNAPSHOT]
	at org.evosuite.testcase.statements.AbstractStatement.getCode(AbstractStatement.java:247) ~[evosuite.jar:1.0.7-SNAPSHOT]
	at org.evosuite.assertion.PrimitiveTraceObserver.visit(PrimitiveTraceObserver.java:116) ~[evosuite.jar:1.0.7-SNAPSHOT]
	at org.evosuite.assertion.AssertionTraceObserver.visitReturnValue(AssertionTraceObserver.java:131) ~[evosuite.jar:1.0.7-SNAPSHOT]
	at org.evosuite.assertion.PrimitiveTraceObserver.afterStatement(PrimitiveTraceObserver.java:51) ~[evosuite.jar:1.0.7-SNAPSHOT]
	at org.evosuite.testcase.execution.TestRunnable.lambda$informObservers_after$1(TestRunnable.java:155) [evosuite.jar:1.0.7-SNAPSHOT]
	at java.lang.Iterable.forEach(Iterable.java:75) ~[na:1.8.0_161]
	at org.evosuite.testcase.execution.TestRunnable.informObservers_after(TestRunnable.java:155) [evosuite.jar:1.0.7-SNAPSHOT]
	at org.evosuite.testcase.execution.TestRunnable.executeStatements(TestRunnable.java:351) [evosuite.jar:1.0.7-SNAPSHOT]
	at org.evosuite.testcase.execution.TestRunnable.call(TestRunnable.java:202) [evosuite.jar:1.0.7-SNAPSHOT]
	at org.evosuite.testcase.execution.TestRunnable.call(TestRunnable.java:55) [evosuite.jar:1.0.7-SNAPSHOT]
	at java.util.concurrent.FutureTask.run(FutureTask.java:266) [na:1.8.0_161]
	at java.util.concurrent.ThreadPoolExecutor.runWorker(ThreadPoolExecutor.java:1149) [na:1.8.0_161]
	at java.util.concurrent.ThreadPoolExecutor$Worker.run(ThreadPoolExecutor.java:624) [na:1.8.0_161]
	at java.lang.Thread.run(Thread.java:748) [na:1.8.0_161]
[MASTER] 12:19:39.740 [logback-2] ERROR TestRunnable - Suppressed/ignored exception during test case execution on class org.json.JSONObject: java.lang.Integer cannot be cast to java.lang.Boolean
java.lang.ClassCastException: java.lang.Integer cannot be cast to java.lang.Boolean
	at org.evosuite.testcase.TestCodeVisitor.visitPrimitiveAssertion(TestCodeVisitor.java:528) ~[evosuite.jar:1.0.7-SNAPSHOT]
	at org.evosuite.testcase.TestCodeVisitor.visitAssertion(TestCodeVisitor.java:914) ~[evosuite.jar:1.0.7-SNAPSHOT]
	at org.evosuite.testcase.TestCodeVisitor.addAssertions(TestCodeVisitor.java:956) ~[evosuite.jar:1.0.7-SNAPSHOT]
	at org.evosuite.testcase.TestCodeVisitor.visitMethodStatement(TestCodeVisitor.java:1507) ~[evosuite.jar:1.0.7-SNAPSHOT]
	at org.evosuite.testcase.TestVisitor.visitStatement(TestVisitor.java:147) ~[evosuite.jar:1.0.7-SNAPSHOT]
	at org.evosuite.testcase.TestCodeVisitor.visitStatement(TestCodeVisitor.java:1858) ~[evosuite.jar:1.0.7-SNAPSHOT]
	at org.evosuite.testcase.statements.AbstractStatement.getCode(AbstractStatement.java:255) ~[evosuite.jar:1.0.7-SNAPSHOT]
	at org.evosuite.testcase.statements.AbstractStatement.getCode(AbstractStatement.java:247) ~[evosuite.jar:1.0.7-SNAPSHOT]
	at org.evosuite.assertion.PrimitiveTraceObserver.visit(PrimitiveTraceObserver.java:116) ~[evosuite.jar:1.0.7-SNAPSHOT]
	at org.evosuite.assertion.AssertionTraceObserver.visitReturnValue(AssertionTraceObserver.java:131) ~[evosuite.jar:1.0.7-SNAPSHOT]
	at org.evosuite.assertion.PrimitiveTraceObserver.afterStatement(PrimitiveTraceObserver.java:51) ~[evosuite.jar:1.0.7-SNAPSHOT]
	at org.evosuite.testcase.execution.TestRunnable.lambda$informObservers_after$1(TestRunnable.java:155) [evosuite.jar:1.0.7-SNAPSHOT]
	at java.lang.Iterable.forEach(Iterable.java:75) ~[na:1.8.0_161]
	at org.evosuite.testcase.execution.TestRunnable.informObservers_after(TestRunnable.java:155) [evosuite.jar:1.0.7-SNAPSHOT]
	at org.evosuite.testcase.execution.TestRunnable.executeStatements(TestRunnable.java:351) [evosuite.jar:1.0.7-SNAPSHOT]
	at org.evosuite.testcase.execution.TestRunnable.call(TestRunnable.java:202) [evosuite.jar:1.0.7-SNAPSHOT]
	at org.evosuite.testcase.execution.TestRunnable.call(TestRunnable.java:55) [evosuite.jar:1.0.7-SNAPSHOT]
	at java.util.concurrent.FutureTask.run(FutureTask.java:266) [na:1.8.0_161]
	at java.util.concurrent.ThreadPoolExecutor.runWorker(ThreadPoolExecutor.java:1149) [na:1.8.0_161]
	at java.util.concurrent.ThreadPoolExecutor$Worker.run(ThreadPoolExecutor.java:624) [na:1.8.0_161]
	at java.lang.Thread.run(Thread.java:748) [na:1.8.0_161]
[MASTER] 12:19:39.776 [logback-2] ERROR TestRunnable - Suppressed/ignored exception during test case execution on class org.json.JSONObject: java.lang.String cannot be cast to java.lang.Boolean
java.lang.ClassCastException: java.lang.String cannot be cast to java.lang.Boolean
	at org.evosuite.testcase.TestCodeVisitor.visitPrimitiveAssertion(TestCodeVisitor.java:528) ~[evosuite.jar:1.0.7-SNAPSHOT]
	at org.evosuite.testcase.TestCodeVisitor.visitAssertion(TestCodeVisitor.java:914) ~[evosuite.jar:1.0.7-SNAPSHOT]
	at org.evosuite.testcase.TestCodeVisitor.addAssertions(TestCodeVisitor.java:956) ~[evosuite.jar:1.0.7-SNAPSHOT]
	at org.evosuite.testcase.TestCodeVisitor.visitMethodStatement(TestCodeVisitor.java:1507) ~[evosuite.jar:1.0.7-SNAPSHOT]
	at org.evosuite.testcase.TestVisitor.visitStatement(TestVisitor.java:147) ~[evosuite.jar:1.0.7-SNAPSHOT]
	at org.evosuite.testcase.TestCodeVisitor.visitStatement(TestCodeVisitor.java:1858) ~[evosuite.jar:1.0.7-SNAPSHOT]
	at org.evosuite.testcase.statements.AbstractStatement.getCode(AbstractStatement.java:255) ~[evosuite.jar:1.0.7-SNAPSHOT]
	at org.evosuite.testcase.statements.AbstractStatement.getCode(AbstractStatement.java:247) ~[evosuite.jar:1.0.7-SNAPSHOT]
	at org.evosuite.assertion.PrimitiveTraceObserver.visit(PrimitiveTraceObserver.java:116) ~[evosuite.jar:1.0.7-SNAPSHOT]
	at org.evosuite.assertion.AssertionTraceObserver.visitReturnValue(AssertionTraceObserver.java:131) ~[evosuite.jar:1.0.7-SNAPSHOT]
	at org.evosuite.assertion.PrimitiveTraceObserver.afterStatement(PrimitiveTraceObserver.java:51) ~[evosuite.jar:1.0.7-SNAPSHOT]
	at org.evosuite.testcase.execution.TestRunnable.lambda$informObservers_after$1(TestRunnable.java:155) [evosuite.jar:1.0.7-SNAPSHOT]
	at java.lang.Iterable.forEach(Iterable.java:75) ~[na:1.8.0_161]
	at org.evosuite.testcase.execution.TestRunnable.informObservers_after(TestRunnable.java:155) [evosuite.jar:1.0.7-SNAPSHOT]
	at org.evosuite.testcase.execution.TestRunnable.executeStatements(TestRunnable.java:351) [evosuite.jar:1.0.7-SNAPSHOT]
	at org.evosuite.testcase.execution.TestRunnable.call(TestRunnable.java:202) [evosuite.jar:1.0.7-SNAPSHOT]
	at org.evosuite.testcase.execution.TestRunnable.call(TestRunnable.java:55) [evosuite.jar:1.0.7-SNAPSHOT]
	at java.util.concurrent.FutureTask.run(FutureTask.java:266) [na:1.8.0_161]
	at java.util.concurrent.ThreadPoolExecutor.runWorker(ThreadPoolExecutor.java:1149) [na:1.8.0_161]
	at java.util.concurrent.ThreadPoolExecutor$Worker.run(ThreadPoolExecutor.java:624) [na:1.8.0_161]
	at java.lang.Thread.run(Thread.java:748) [na:1.8.0_161]
* Resulting test suite's mutation score: 35%
* Compiling and checking tests
[MASTER] 12:19:43.314 [logback-2] ERROR JUnitAnalyzer - Compilation failed on compilation units: [RegularFileObject[/tmp/EvoSuite_86_1590142783293/org/json/JSONObject_86_tmp__ESTest.java], RegularFileObject[/tmp/EvoSuite_86_1590142783293/org/json/JSONObject_86_tmp__ESTest_scaffolding.java]]
[MASTER] 12:19:43.314 [logback-2] ERROR JUnitAnalyzer - Classpath: /home/apaniche/mitchell/generation-scripts/projects/json/json-20180813.jar:/home/apaniche/mitchell/generation-scripts/evosuite.jar:/home/apaniche/mitchell/generation-scripts/projects/json/json-20180813.jar
[MASTER] 12:19:43.314 [logback-2] ERROR JUnitAnalyzer - evosuiteCP: /home/apaniche/mitchell/generation-scripts/evosuite.jar:/home/apaniche/mitchell/generation-scripts/projects/json/json-20180813.jar
[MASTER] 12:19:43.316 [logback-2] ERROR JUnitAnalyzer - Diagnostic: incompatible types: java.util.HashMap cannot be converted to org.json.JSONObject: 32
[MASTER] 12:19:43.317 [logback-2] ERROR JUnitAnalyzer - RegularFileObject[/tmp/EvoSuite_86_1590142783293/org/json/JSONObject_86_tmp__ESTest.java]
1: /*
2:  * This file was automatically generated by EvoSuite
3:  * Fri May 22 10:19:43 GMT 2020
4:  */
5: 
6: package org.json;
7: 
8: import org.junit.Test;
9: import static org.junit.Assert.*;
10: import java.sql.RowIdLifetime;
11: import java.util.HashMap;
12: import java.util.Map;
13: import javax.annotation.Resource;
14: import javax.smartcardio.CardTerminals;
15: import org.evosuite.runtime.EvoRunner;
16: import org.evosuite.runtime.EvoRunnerParameters;
17: import org.json.JSONObject;
18: import org.junit.runner.RunWith;
19: 
20: @RunWith(EvoRunner.class) @EvoRunnerParameters(mockJVMNonDeterminism = true, useVFS = true, useVNET = true, resetStaticState = true, useJEE = true) 
21: public class JSONObject_86_tmp__ESTest extends JSONObject_86_tmp__ESTest_scaffolding {
22: 
23:   @Test(timeout = 4000)
24:   public void test0()  throws Throwable  {
25:       HashMap<Short, Resource.AuthenticationType> hashMap0 = new HashMap<Short, Resource.AuthenticationType>();
26:       JSONObject jSONObject0 = new JSONObject(14);
27:       HashMap hashMap1 = (HashMap)JSONObject.wrap(hashMap0);
28:       assertNotNull(hashMap1);
29:       
30:       HashMap<CardTerminals.State, RowIdLifetime> hashMap2 = new HashMap<CardTerminals.State, RowIdLifetime>();
31:       JSONObject jSONObject1 = jSONObject0.put("SNIymT*+&|<%z=2bI", (Map<?, ?>) hashMap2);
32:       boolean boolean0 = ((JSONObject) hashMap1).similar(jSONObject1);
33:       assertFalse(boolean0);
34:   }
35: }
RegularFileObject[/tmp/EvoSuite_86_1590142783293/org/json/JSONObject_86_tmp__ESTest.java]
1: /**
2:  * Scaffolding file used to store all the setups needed to run 
3:  * tests automatically generated by EvoSuite
4:  * Fri May 22 10:19:43 GMT 2020
5:  */
6: 
7: package org.json;
8: 
9: import org.evosuite.runtime.annotation.EvoSuiteClassExclude;
10: import org.junit.BeforeClass;
11: import org.junit.Before;
12: import org.junit.After;
13: import org.junit.AfterClass;
14: import org.evosuite.runtime.sandbox.Sandbox;
15: import org.evosuite.runtime.sandbox.Sandbox.SandboxMode;
16: 
17: @EvoSuiteClassExclude
18: public class JSONObject_86_tmp__ESTest_scaffolding {
19: 
20:   @org.junit.Rule 
21:   public org.evosuite.runtime.vnet.NonFunctionalRequirementRule nfr = new org.evosuite.runtime.vnet.NonFunctionalRequirementRule();
22: 
23:   private static final java.util.Properties defaultProperties = (java.util.Properties) java.lang.System.getProperties().clone(); 
24: 
25:   private org.evosuite.runtime.thread.ThreadStopper threadStopper =  new org.evosuite.runtime.thread.ThreadStopper (org.evosuite.runtime.thread.KillSwitchHandler.getInstance(), 3000);
26: 
27: 
28:   @BeforeClass 
29:   public static void initEvoSuiteFramework() { 
30:     org.evosuite.runtime.RuntimeSettings.className = "org.json.JSONObject"; 
31:     org.evosuite.runtime.GuiSupport.initialize(); 
32:     org.evosuite.runtime.RuntimeSettings.maxNumberOfThreads = 100; 
33:     org.evosuite.runtime.RuntimeSettings.maxNumberOfIterationsPerLoop = 10000; 
34:     org.evosuite.runtime.RuntimeSettings.mockSystemIn = true; 
35:     org.evosuite.runtime.RuntimeSettings.sandboxMode = org.evosuite.runtime.sandbox.Sandbox.SandboxMode.RECOMMENDED; 
36:     org.evosuite.runtime.sandbox.Sandbox.initializeSecurityManagerForSUT(); 
37:     org.evosuite.runtime.classhandling.JDKClassResetter.init();
38:     setSystemProperties();
39:     initializeClasses();
40:     org.evosuite.runtime.Runtime.getInstance().resetRuntime(); 
41:   } 
42: 
43:   @AfterClass 
44:   public static void clearEvoSuiteFramework(){ 
45:     Sandbox.resetDefaultSecurityManager(); 
46:     java.lang.System.setProperties((java.util.Properties) defaultProperties.clone()); 
47:   } 
48: 
49:   @Before 
50:   public void initTestCase(){ 
51:     threadStopper.storeCurrentThreads();
52:     threadStopper.startRecordingTime();
53:     org.evosuite.runtime.jvm.ShutdownHookHandler.getInstance().initHandler(); 
54:     org.evosuite.runtime.sandbox.Sandbox.goingToExecuteSUTCode(); 
55:     setSystemProperties(); 
56:     org.evosuite.runtime.GuiSupport.setHeadless(); 
57:     org.evosuite.runtime.Runtime.getInstance().resetRuntime(); 
58:     org.evosuite.runtime.agent.InstrumentingAgent.activate(); 
59:   } 
60: 
61:   @After 
62:   public void doneWithTestCase(){ 
63:     threadStopper.killAndJoinClientThreads();
64:     org.evosuite.runtime.jvm.ShutdownHookHandler.getInstance().safeExecuteAddedHooks(); 
65:     org.evosuite.runtime.classhandling.JDKClassResetter.reset(); 
66:     resetClasses(); 
67:     org.evosuite.runtime.sandbox.Sandbox.doneWithExecutingSUTCode(); 
68:     org.evosuite.runtime.agent.InstrumentingAgent.deactivate(); 
69:     org.evosuite.runtime.GuiSupport.restoreHeadlessMode(); 
70:   } 
71: 
72:   public static void setSystemProperties() {
73:  
74:     java.lang.System.setProperties((java.util.Properties) defaultProperties.clone()); 
75:     java.lang.System.setProperty("user.dir", "/home/apaniche/mitchell/generation-scripts/projects/json"); 
76:     java.lang.System.setProperty("java.io.tmpdir", "/tmp"); 
77:     java.lang.System.setProperty("file.encoding", "UTF-8"); 
78:   }
79: 
80:   private static void initializeClasses() {
81:     org.evosuite.runtime.classhandling.ClassStateSupport.initializeClasses(JSONObject_86_tmp__ESTest_scaffolding.class.getClassLoader() ,
82:       "org.json.JSONPointer",
83:       "org.json.JSONString",
84:       "org.json.JSONException",
85:       "org.json.JSONObject",
86:       "org.json.JSONObject$Null",
87:       "org.json.JSONPointer$Builder",
88:       "org.json.JSONPointerException",
89:       "org.json.JSONTokener",
90:       "org.json.JSONPropertyIgnore",
91:       "org.json.JSONPropertyName",
92:       "org.json.JSONArray",
93:       "org.json.JSONWriter"
94:     );
95:   } 
96: 
97:   private static void resetClasses() {
98:     org.evosuite.runtime.classhandling.ClassResetter.getInstance().setClassLoader(JSONObject_86_tmp__ESTest_scaffolding.class.getClassLoader()); 
99: 
100:     org.evosuite.runtime.classhandling.ClassStateSupport.resetClasses(
101:       "org.json.JSONObject$Null",
102:       "org.json.JSONObject",
103:       "org.json.JSONArray",
104:       "org.json.JSONException",
105:       "org.json.JSONTokener",
106:       "org.json.JSONPointer",
107:       "org.json.JSONWriter"
108:     );
109:   }
110: }

[MASTER] 12:19:43.317 [logback-2] ERROR JUnitAnalyzer - Failed to compile test case:
HashMap<Short, Resource.AuthenticationType> hashMap0 = new HashMap<Short, Resource.AuthenticationType>();
JSONObject jSONObject0 = new JSONObject(14);
HashMap hashMap1 = (HashMap)JSONObject.wrap(hashMap0);
assertNotNull(hashMap1);

HashMap<CardTerminals.State, RowIdLifetime> hashMap2 = new HashMap<CardTerminals.State, RowIdLifetime>();
JSONObject jSONObject1 = jSONObject0.put("SNIymT*+&|<%z=2bI", (Map<?, ?>) hashMap2);
boolean boolean0 = ((JSONObject) hashMap1).similar(jSONObject1);
assertFalse(boolean0);


* Permissions denied during test execution: 
  - java.lang.RuntimePermission: 
         writeFileDescriptor: 17
* Writing tests to file
* Writing JUnit test case 'JSONObject_ESTest' to /home/apaniche/mitchell/generation-scripts/evosuite_fuzzer/tests/s12/json/evosuite-tests
* Done!

* Computation finished
* EvoSuite 1.0.7-SNAPSHOT
* Configuration: EvoSuite_fuzzer
* Going to generate test cases for class: org.json.JSONArray
* EvoSuite 1.0.7-SNAPSHOT
* Configuration: EvoSuite_fuzzer
* Going to generate test cases for class: org.json.XML
* Starting Client-0
* Connecting to master process on port 4182
* Starting Client-0
* Connecting to master process on port 4185
* Analyzing classpath: 
* Analyzing classpath: 
  - /home/apaniche/mitchell/generation-scripts/projects/json/json-20180813.jar
  - /home/apaniche/mitchell/generation-scripts/projects/json/json-20180813.jar
* Finished analyzing classpath
* Generating tests for class org.json.JSONArray
* Test criteria:
  - Line Coverage
  - Branch Coverage
  - Exception
  - Mutation testing (weak)
  - Method-Output Coverage
  - Top-Level Method Coverage
  - No-Exception Top-Level Method Coverage
  - Context Branch Coverage
* Total number of test goals for DYNAMOSA: 2012
* Using seed 12
* Starting evolution
* Finished analyzing classpath
* Generating tests for class org.json.XML
* Test criteria:
  - Line Coverage
  - Branch Coverage
  - Exception
  - Mutation testing (weak)
  - Method-Output Coverage
  - Top-Level Method Coverage
  - No-Exception Top-Level Method Coverage
  - Context Branch Coverage
* Initial Number of Goals in DynaMOSA = 794 / 2012
[MASTER] 12:21:22.441 [logback-2] ERROR TestCluster - Failed to check cache for java.lang.Enum<E> : Type points to itself
* Total number of test goals for DYNAMOSA: 1218
* Using seed 12
* Starting evolution
* Initial Number of Goals in DynaMOSA = 151 / 1218
[MASTER] 12:21:25.691 [logback-2] ERROR TestCluster - Failed to check cache for java.util.function.Function<T, R> : Type points to itself
* Search finished after 61s and 217 generations, 64646 statements, best individual has fitness: 302.0
* Search finished after 62s and 94 generations, 38580 statements, best individual has fitness: 525.0
* Minimizing test suite
* Minimizing test suite
* Going to analyze the coverage criteria
* Coverage analysis for criterion LINE
* Coverage of criterion LINE: 82%
* Total number of goals: 234
* Number of covered goals: 192
* Coverage analysis for criterion BRANCH
* Coverage of criterion BRANCH: 77%
* Total number of goals: 213
* Number of covered goals: 164
* Coverage analysis for criterion EXCEPTION
* Coverage of criterion EXCEPTION: 100%
* Total number of goals: 18
* Number of covered goals: 18
* Coverage analysis for criterion WEAKMUTATION
* Coverage of criterion WEAKMUTATION: 74%
* Total number of goals: 498
* Number of covered goals: 367
* Coverage analysis for criterion OUTPUT
* Coverage of criterion OUTPUT: 66%
* Total number of goals: 38
* Number of covered goals: 25
* Coverage analysis for criterion METHOD
* Coverage of criterion METHOD: 100%
* Total number of goals: 11
* Number of covered goals: 11
* Coverage analysis for criterion METHODNOEXCEPTION
* Coverage of criterion METHODNOEXCEPTION: 100%
* Total number of goals: 11
* Number of covered goals: 11
* Coverage analysis for criterion CBRANCH
* Coverage of criterion CBRANCH: 76%
* Total number of goals: 213
* Number of covered goals: 161
* Generated 67 tests with total length 90
* Resulting test suite's coverage: 79% (average coverage for all fitness functions)
* Generating assertions
* Going to analyze the coverage criteria
* Coverage analysis for criterion LINE
* Coverage of criterion LINE: 80%
* Total number of goals: 346
* Number of covered goals: 278
* Coverage analysis for criterion BRANCH
* Coverage of criterion BRANCH: 77%
* Total number of goals: 250
* Number of covered goals: 192
* Coverage analysis for criterion EXCEPTION
* Coverage of criterion EXCEPTION: 100%
* Total number of goals: 41
* Number of covered goals: 41
* Coverage analysis for criterion WEAKMUTATION
* Coverage of criterion WEAKMUTATION: 84%
* Total number of goals: 710
* Number of covered goals: 595
* Coverage analysis for criterion OUTPUT
* Coverage of criterion OUTPUT: 41%
* Total number of goals: 312
* Number of covered goals: 129
* Coverage analysis for criterion METHOD
* Coverage of criterion METHOD: 100%
* Total number of goals: 72
* Number of covered goals: 72
* Coverage analysis for criterion METHODNOEXCEPTION
* Coverage of criterion METHODNOEXCEPTION: 89%
* Total number of goals: 72
* Number of covered goals: 64
* Coverage analysis for criterion CBRANCH
* Coverage of criterion CBRANCH: 76%
* Total number of goals: 250
* Number of covered goals: 191
* Generated 163 tests with total length 480
* Resulting test suite's coverage: 75% (average coverage for all fitness functions)
* Generating assertions
[MASTER] 12:22:46.630 [logback-2] ERROR TestRunnable - Suppressed/ignored exception during test case execution on class org.json.XML: java.lang.String cannot be cast to java.lang.Boolean
java.lang.ClassCastException: java.lang.String cannot be cast to java.lang.Boolean
	at org.evosuite.testcase.TestCodeVisitor.visitPrimitiveAssertion(TestCodeVisitor.java:528) ~[evosuite.jar:1.0.7-SNAPSHOT]
	at org.evosuite.testcase.TestCodeVisitor.visitAssertion(TestCodeVisitor.java:914) ~[evosuite.jar:1.0.7-SNAPSHOT]
	at org.evosuite.testcase.TestCodeVisitor.addAssertions(TestCodeVisitor.java:956) ~[evosuite.jar:1.0.7-SNAPSHOT]
	at org.evosuite.testcase.TestCodeVisitor.visitMethodStatement(TestCodeVisitor.java:1507) ~[evosuite.jar:1.0.7-SNAPSHOT]
	at org.evosuite.testcase.TestVisitor.visitStatement(TestVisitor.java:147) ~[evosuite.jar:1.0.7-SNAPSHOT]
	at org.evosuite.testcase.TestCodeVisitor.visitStatement(TestCodeVisitor.java:1858) ~[evosuite.jar:1.0.7-SNAPSHOT]
	at org.evosuite.testcase.statements.AbstractStatement.getCode(AbstractStatement.java:255) ~[evosuite.jar:1.0.7-SNAPSHOT]
	at org.evosuite.testcase.statements.AbstractStatement.getCode(AbstractStatement.java:247) ~[evosuite.jar:1.0.7-SNAPSHOT]
	at org.evosuite.assertion.PrimitiveTraceObserver.visit(PrimitiveTraceObserver.java:116) ~[evosuite.jar:1.0.7-SNAPSHOT]
	at org.evosuite.assertion.AssertionTraceObserver.visitReturnValue(AssertionTraceObserver.java:131) ~[evosuite.jar:1.0.7-SNAPSHOT]
	at org.evosuite.assertion.PrimitiveTraceObserver.afterStatement(PrimitiveTraceObserver.java:51) ~[evosuite.jar:1.0.7-SNAPSHOT]
	at org.evosuite.testcase.execution.TestRunnable.lambda$informObservers_after$1(TestRunnable.java:155) [evosuite.jar:1.0.7-SNAPSHOT]
	at java.lang.Iterable.forEach(Iterable.java:75) ~[na:1.8.0_161]
	at org.evosuite.testcase.execution.TestRunnable.informObservers_after(TestRunnable.java:155) [evosuite.jar:1.0.7-SNAPSHOT]
	at org.evosuite.testcase.execution.TestRunnable.executeStatements(TestRunnable.java:351) [evosuite.jar:1.0.7-SNAPSHOT]
	at org.evosuite.testcase.execution.TestRunnable.call(TestRunnable.java:202) [evosuite.jar:1.0.7-SNAPSHOT]
	at org.evosuite.testcase.execution.TestRunnable.call(TestRunnable.java:55) [evosuite.jar:1.0.7-SNAPSHOT]
	at java.util.concurrent.FutureTask.run(FutureTask.java:266) [na:1.8.0_161]
	at java.util.concurrent.ThreadPoolExecutor.runWorker(ThreadPoolExecutor.java:1149) [na:1.8.0_161]
	at java.util.concurrent.ThreadPoolExecutor$Worker.run(ThreadPoolExecutor.java:624) [na:1.8.0_161]
	at java.lang.Thread.run(Thread.java:748) [na:1.8.0_161]
[MASTER] 12:22:46.677 [logback-2] ERROR TestRunnable - Suppressed/ignored exception during test case execution on class org.json.XML: java.lang.String cannot be cast to java.lang.Boolean
java.lang.ClassCastException: java.lang.String cannot be cast to java.lang.Boolean
	at org.evosuite.testcase.TestCodeVisitor.visitPrimitiveAssertion(TestCodeVisitor.java:528) ~[evosuite.jar:1.0.7-SNAPSHOT]
	at org.evosuite.testcase.TestCodeVisitor.visitAssertion(TestCodeVisitor.java:914) ~[evosuite.jar:1.0.7-SNAPSHOT]
	at org.evosuite.testcase.TestCodeVisitor.addAssertions(TestCodeVisitor.java:956) ~[evosuite.jar:1.0.7-SNAPSHOT]
	at org.evosuite.testcase.TestCodeVisitor.visitMethodStatement(TestCodeVisitor.java:1507) ~[evosuite.jar:1.0.7-SNAPSHOT]
	at org.evosuite.testcase.TestVisitor.visitStatement(TestVisitor.java:147) ~[evosuite.jar:1.0.7-SNAPSHOT]
	at org.evosuite.testcase.TestCodeVisitor.visitStatement(TestCodeVisitor.java:1858) ~[evosuite.jar:1.0.7-SNAPSHOT]
	at org.evosuite.testcase.statements.AbstractStatement.getCode(AbstractStatement.java:255) ~[evosuite.jar:1.0.7-SNAPSHOT]
	at org.evosuite.testcase.statements.AbstractStatement.getCode(AbstractStatement.java:247) ~[evosuite.jar:1.0.7-SNAPSHOT]
	at org.evosuite.assertion.PrimitiveTraceObserver.visit(PrimitiveTraceObserver.java:116) ~[evosuite.jar:1.0.7-SNAPSHOT]
	at org.evosuite.assertion.AssertionTraceObserver.visitReturnValue(AssertionTraceObserver.java:131) ~[evosuite.jar:1.0.7-SNAPSHOT]
	at org.evosuite.assertion.PrimitiveTraceObserver.afterStatement(PrimitiveTraceObserver.java:51) ~[evosuite.jar:1.0.7-SNAPSHOT]
	at org.evosuite.testcase.execution.TestRunnable.lambda$informObservers_after$1(TestRunnable.java:155) [evosuite.jar:1.0.7-SNAPSHOT]
	at java.lang.Iterable.forEach(Iterable.java:75) ~[na:1.8.0_161]
	at org.evosuite.testcase.execution.TestRunnable.informObservers_after(TestRunnable.java:155) [evosuite.jar:1.0.7-SNAPSHOT]
	at org.evosuite.testcase.execution.TestRunnable.executeStatements(TestRunnable.java:351) [evosuite.jar:1.0.7-SNAPSHOT]
	at org.evosuite.testcase.execution.TestRunnable.call(TestRunnable.java:202) [evosuite.jar:1.0.7-SNAPSHOT]
	at org.evosuite.testcase.execution.TestRunnable.call(TestRunnable.java:55) [evosuite.jar:1.0.7-SNAPSHOT]
	at java.util.concurrent.FutureTask.run(FutureTask.java:266) [na:1.8.0_161]
	at java.util.concurrent.ThreadPoolExecutor.runWorker(ThreadPoolExecutor.java:1149) [na:1.8.0_161]
	at java.util.concurrent.ThreadPoolExecutor$Worker.run(ThreadPoolExecutor.java:624) [na:1.8.0_161]
	at java.lang.Thread.run(Thread.java:748) [na:1.8.0_161]
[MASTER] 12:22:46.697 [logback-2] ERROR TestRunnable - Suppressed/ignored exception during test case execution on class org.json.XML: java.lang.String cannot be cast to java.lang.Boolean
java.lang.ClassCastException: java.lang.String cannot be cast to java.lang.Boolean
	at org.evosuite.testcase.TestCodeVisitor.visitPrimitiveAssertion(TestCodeVisitor.java:528) ~[evosuite.jar:1.0.7-SNAPSHOT]
	at org.evosuite.testcase.TestCodeVisitor.visitAssertion(TestCodeVisitor.java:914) ~[evosuite.jar:1.0.7-SNAPSHOT]
	at org.evosuite.testcase.TestCodeVisitor.addAssertions(TestCodeVisitor.java:956) ~[evosuite.jar:1.0.7-SNAPSHOT]
	at org.evosuite.testcase.TestCodeVisitor.visitMethodStatement(TestCodeVisitor.java:1507) ~[evosuite.jar:1.0.7-SNAPSHOT]
	at org.evosuite.testcase.TestVisitor.visitStatement(TestVisitor.java:147) ~[evosuite.jar:1.0.7-SNAPSHOT]
	at org.evosuite.testcase.TestCodeVisitor.visitStatement(TestCodeVisitor.java:1858) ~[evosuite.jar:1.0.7-SNAPSHOT]
	at org.evosuite.testcase.statements.AbstractStatement.getCode(AbstractStatement.java:255) ~[evosuite.jar:1.0.7-SNAPSHOT]
	at org.evosuite.testcase.statements.AbstractStatement.getCode(AbstractStatement.java:247) ~[evosuite.jar:1.0.7-SNAPSHOT]
	at org.evosuite.assertion.PrimitiveTraceObserver.visit(PrimitiveTraceObserver.java:116) ~[evosuite.jar:1.0.7-SNAPSHOT]
	at org.evosuite.assertion.AssertionTraceObserver.visitReturnValue(AssertionTraceObserver.java:131) ~[evosuite.jar:1.0.7-SNAPSHOT]
	at org.evosuite.assertion.PrimitiveTraceObserver.afterStatement(PrimitiveTraceObserver.java:51) ~[evosuite.jar:1.0.7-SNAPSHOT]
	at org.evosuite.testcase.execution.TestRunnable.lambda$informObservers_after$1(TestRunnable.java:155) [evosuite.jar:1.0.7-SNAPSHOT]
	at java.lang.Iterable.forEach(Iterable.java:75) ~[na:1.8.0_161]
	at org.evosuite.testcase.execution.TestRunnable.informObservers_after(TestRunnable.java:155) [evosuite.jar:1.0.7-SNAPSHOT]
	at org.evosuite.testcase.execution.TestRunnable.executeStatements(TestRunnable.java:351) [evosuite.jar:1.0.7-SNAPSHOT]
	at org.evosuite.testcase.execution.TestRunnable.call(TestRunnable.java:202) [evosuite.jar:1.0.7-SNAPSHOT]
	at org.evosuite.testcase.execution.TestRunnable.call(TestRunnable.java:55) [evosuite.jar:1.0.7-SNAPSHOT]
	at java.util.concurrent.FutureTask.run(FutureTask.java:266) [na:1.8.0_161]
	at java.util.concurrent.ThreadPoolExecutor.runWorker(ThreadPoolExecutor.java:1149) [na:1.8.0_161]
	at java.util.concurrent.ThreadPoolExecutor$Worker.run(ThreadPoolExecutor.java:624) [na:1.8.0_161]
	at java.lang.Thread.run(Thread.java:748) [na:1.8.0_161]
[MASTER] 12:22:46.746 [logback-2] ERROR TestRunnable - Suppressed/ignored exception during test case execution on class org.json.XML: java.lang.Double cannot be cast to java.lang.Boolean
java.lang.ClassCastException: java.lang.Double cannot be cast to java.lang.Boolean
	at org.evosuite.testcase.TestCodeVisitor.visitPrimitiveAssertion(TestCodeVisitor.java:528) ~[evosuite.jar:1.0.7-SNAPSHOT]
	at org.evosuite.testcase.TestCodeVisitor.visitAssertion(TestCodeVisitor.java:914) ~[evosuite.jar:1.0.7-SNAPSHOT]
	at org.evosuite.testcase.TestCodeVisitor.addAssertions(TestCodeVisitor.java:956) ~[evosuite.jar:1.0.7-SNAPSHOT]
	at org.evosuite.testcase.TestCodeVisitor.visitMethodStatement(TestCodeVisitor.java:1507) ~[evosuite.jar:1.0.7-SNAPSHOT]
	at org.evosuite.testcase.TestVisitor.visitStatement(TestVisitor.java:147) ~[evosuite.jar:1.0.7-SNAPSHOT]
	at org.evosuite.testcase.TestCodeVisitor.visitStatement(TestCodeVisitor.java:1858) ~[evosuite.jar:1.0.7-SNAPSHOT]
	at org.evosuite.testcase.statements.AbstractStatement.getCode(AbstractStatement.java:255) ~[evosuite.jar:1.0.7-SNAPSHOT]
	at org.evosuite.testcase.statements.AbstractStatement.getCode(AbstractStatement.java:247) ~[evosuite.jar:1.0.7-SNAPSHOT]
	at org.evosuite.assertion.PrimitiveTraceObserver.visit(PrimitiveTraceObserver.java:116) ~[evosuite.jar:1.0.7-SNAPSHOT]
	at org.evosuite.assertion.AssertionTraceObserver.visitReturnValue(AssertionTraceObserver.java:131) ~[evosuite.jar:1.0.7-SNAPSHOT]
	at org.evosuite.assertion.PrimitiveTraceObserver.afterStatement(PrimitiveTraceObserver.java:51) ~[evosuite.jar:1.0.7-SNAPSHOT]
	at org.evosuite.testcase.execution.TestRunnable.lambda$informObservers_after$1(TestRunnable.java:155) [evosuite.jar:1.0.7-SNAPSHOT]
	at java.lang.Iterable.forEach(Iterable.java:75) ~[na:1.8.0_161]
	at org.evosuite.testcase.execution.TestRunnable.informObservers_after(TestRunnable.java:155) [evosuite.jar:1.0.7-SNAPSHOT]
	at org.evosuite.testcase.execution.TestRunnable.executeStatements(TestRunnable.java:351) [evosuite.jar:1.0.7-SNAPSHOT]
	at org.evosuite.testcase.execution.TestRunnable.call(TestRunnable.java:202) [evosuite.jar:1.0.7-SNAPSHOT]
	at org.evosuite.testcase.execution.TestRunnable.call(TestRunnable.java:55) [evosuite.jar:1.0.7-SNAPSHOT]
	at java.util.concurrent.FutureTask.run(FutureTask.java:266) [na:1.8.0_161]
	at java.util.concurrent.ThreadPoolExecutor.runWorker(ThreadPoolExecutor.java:1149) [na:1.8.0_161]
	at java.util.concurrent.ThreadPoolExecutor$Worker.run(ThreadPoolExecutor.java:624) [na:1.8.0_161]
	at java.lang.Thread.run(Thread.java:748) [na:1.8.0_161]
[MASTER] 12:22:46.753 [logback-2] ERROR TestRunnable - Suppressed/ignored exception during test case execution on class org.json.XML: java.lang.Double cannot be cast to java.lang.Boolean
java.lang.ClassCastException: java.lang.Double cannot be cast to java.lang.Boolean
	at org.evosuite.testcase.TestCodeVisitor.visitPrimitiveAssertion(TestCodeVisitor.java:528) ~[evosuite.jar:1.0.7-SNAPSHOT]
	at org.evosuite.testcase.TestCodeVisitor.visitAssertion(TestCodeVisitor.java:914) ~[evosuite.jar:1.0.7-SNAPSHOT]
	at org.evosuite.testcase.TestCodeVisitor.addAssertions(TestCodeVisitor.java:956) ~[evosuite.jar:1.0.7-SNAPSHOT]
	at org.evosuite.testcase.TestCodeVisitor.visitMethodStatement(TestCodeVisitor.java:1507) ~[evosuite.jar:1.0.7-SNAPSHOT]
	at org.evosuite.testcase.TestVisitor.visitStatement(TestVisitor.java:147) ~[evosuite.jar:1.0.7-SNAPSHOT]
	at org.evosuite.testcase.TestCodeVisitor.visitStatement(TestCodeVisitor.java:1858) ~[evosuite.jar:1.0.7-SNAPSHOT]
	at org.evosuite.testcase.statements.AbstractStatement.getCode(AbstractStatement.java:255) ~[evosuite.jar:1.0.7-SNAPSHOT]
	at org.evosuite.testcase.statements.AbstractStatement.getCode(AbstractStatement.java:247) ~[evosuite.jar:1.0.7-SNAPSHOT]
	at org.evosuite.assertion.PrimitiveTraceObserver.visit(PrimitiveTraceObserver.java:116) ~[evosuite.jar:1.0.7-SNAPSHOT]
	at org.evosuite.assertion.AssertionTraceObserver.visitReturnValue(AssertionTraceObserver.java:131) ~[evosuite.jar:1.0.7-SNAPSHOT]
	at org.evosuite.assertion.PrimitiveTraceObserver.afterStatement(PrimitiveTraceObserver.java:51) ~[evosuite.jar:1.0.7-SNAPSHOT]
	at org.evosuite.testcase.execution.TestRunnable.lambda$informObservers_after$1(TestRunnable.java:155) [evosuite.jar:1.0.7-SNAPSHOT]
	at java.lang.Iterable.forEach(Iterable.java:75) ~[na:1.8.0_161]
	at org.evosuite.testcase.execution.TestRunnable.informObservers_after(TestRunnable.java:155) [evosuite.jar:1.0.7-SNAPSHOT]
	at org.evosuite.testcase.execution.TestRunnable.executeStatements(TestRunnable.java:351) [evosuite.jar:1.0.7-SNAPSHOT]
	at org.evosuite.testcase.execution.TestRunnable.call(TestRunnable.java:202) [evosuite.jar:1.0.7-SNAPSHOT]
	at org.evosuite.testcase.execution.TestRunnable.call(TestRunnable.java:55) [evosuite.jar:1.0.7-SNAPSHOT]
	at java.util.concurrent.FutureTask.run(FutureTask.java:266) [na:1.8.0_161]
	at java.util.concurrent.ThreadPoolExecutor.runWorker(ThreadPoolExecutor.java:1149) [na:1.8.0_161]
	at java.util.concurrent.ThreadPoolExecutor$Worker.run(ThreadPoolExecutor.java:624) [na:1.8.0_161]
	at java.lang.Thread.run(Thread.java:748) [na:1.8.0_161]
[MASTER] 12:22:46.863 [logback-2] ERROR TestRunnable - Suppressed/ignored exception during test case execution on class org.json.XML: java.lang.String cannot be cast to java.lang.Boolean
java.lang.ClassCastException: java.lang.String cannot be cast to java.lang.Boolean
	at org.evosuite.testcase.TestCodeVisitor.visitPrimitiveAssertion(TestCodeVisitor.java:528) ~[evosuite.jar:1.0.7-SNAPSHOT]
	at org.evosuite.testcase.TestCodeVisitor.visitAssertion(TestCodeVisitor.java:914) ~[evosuite.jar:1.0.7-SNAPSHOT]
	at org.evosuite.testcase.TestCodeVisitor.addAssertions(TestCodeVisitor.java:956) ~[evosuite.jar:1.0.7-SNAPSHOT]
	at org.evosuite.testcase.TestCodeVisitor.visitMethodStatement(TestCodeVisitor.java:1507) ~[evosuite.jar:1.0.7-SNAPSHOT]
	at org.evosuite.testcase.TestVisitor.visitStatement(TestVisitor.java:147) ~[evosuite.jar:1.0.7-SNAPSHOT]
	at org.evosuite.testcase.TestCodeVisitor.visitStatement(TestCodeVisitor.java:1858) ~[evosuite.jar:1.0.7-SNAPSHOT]
	at org.evosuite.testcase.statements.AbstractStatement.getCode(AbstractStatement.java:255) ~[evosuite.jar:1.0.7-SNAPSHOT]
	at org.evosuite.testcase.statements.AbstractStatement.getCode(AbstractStatement.java:247) ~[evosuite.jar:1.0.7-SNAPSHOT]
	at org.evosuite.assertion.PrimitiveTraceObserver.visit(PrimitiveTraceObserver.java:116) ~[evosuite.jar:1.0.7-SNAPSHOT]
	at org.evosuite.assertion.AssertionTraceObserver.visitReturnValue(AssertionTraceObserver.java:131) ~[evosuite.jar:1.0.7-SNAPSHOT]
	at org.evosuite.assertion.PrimitiveTraceObserver.afterStatement(PrimitiveTraceObserver.java:51) ~[evosuite.jar:1.0.7-SNAPSHOT]
	at org.evosuite.testcase.execution.TestRunnable.lambda$informObservers_after$1(TestRunnable.java:155) [evosuite.jar:1.0.7-SNAPSHOT]
	at java.lang.Iterable.forEach(Iterable.java:75) ~[na:1.8.0_161]
	at org.evosuite.testcase.execution.TestRunnable.informObservers_after(TestRunnable.java:155) [evosuite.jar:1.0.7-SNAPSHOT]
	at org.evosuite.testcase.execution.TestRunnable.executeStatements(TestRunnable.java:351) [evosuite.jar:1.0.7-SNAPSHOT]
	at org.evosuite.testcase.execution.TestRunnable.call(TestRunnable.java:202) [evosuite.jar:1.0.7-SNAPSHOT]
	at org.evosuite.testcase.execution.TestRunnable.call(TestRunnable.java:55) [evosuite.jar:1.0.7-SNAPSHOT]
	at java.util.concurrent.FutureTask.run(FutureTask.java:266) [na:1.8.0_161]
	at java.util.concurrent.ThreadPoolExecutor.runWorker(ThreadPoolExecutor.java:1149) [na:1.8.0_161]
	at java.util.concurrent.ThreadPoolExecutor$Worker.run(ThreadPoolExecutor.java:624) [na:1.8.0_161]
	at java.lang.Thread.run(Thread.java:748) [na:1.8.0_161]
[MASTER] 12:22:46.900 [logback-2] ERROR TestRunnable - Suppressed/ignored exception during test case execution on class org.json.XML: java.lang.String cannot be cast to java.lang.Boolean
java.lang.ClassCastException: java.lang.String cannot be cast to java.lang.Boolean
	at org.evosuite.testcase.TestCodeVisitor.visitPrimitiveAssertion(TestCodeVisitor.java:528) ~[evosuite.jar:1.0.7-SNAPSHOT]
	at org.evosuite.testcase.TestCodeVisitor.visitAssertion(TestCodeVisitor.java:914) ~[evosuite.jar:1.0.7-SNAPSHOT]
	at org.evosuite.testcase.TestCodeVisitor.addAssertions(TestCodeVisitor.java:956) ~[evosuite.jar:1.0.7-SNAPSHOT]
	at org.evosuite.testcase.TestCodeVisitor.visitMethodStatement(TestCodeVisitor.java:1507) ~[evosuite.jar:1.0.7-SNAPSHOT]
	at org.evosuite.testcase.TestVisitor.visitStatement(TestVisitor.java:147) ~[evosuite.jar:1.0.7-SNAPSHOT]
	at org.evosuite.testcase.TestCodeVisitor.visitStatement(TestCodeVisitor.java:1858) ~[evosuite.jar:1.0.7-SNAPSHOT]
	at org.evosuite.testcase.statements.AbstractStatement.getCode(AbstractStatement.java:255) ~[evosuite.jar:1.0.7-SNAPSHOT]
	at org.evosuite.testcase.statements.AbstractStatement.getCode(AbstractStatement.java:247) ~[evosuite.jar:1.0.7-SNAPSHOT]
	at org.evosuite.assertion.PrimitiveTraceObserver.visit(PrimitiveTraceObserver.java:116) ~[evosuite.jar:1.0.7-SNAPSHOT]
	at org.evosuite.assertion.AssertionTraceObserver.visitReturnValue(AssertionTraceObserver.java:131) ~[evosuite.jar:1.0.7-SNAPSHOT]
	at org.evosuite.assertion.PrimitiveTraceObserver.afterStatement(PrimitiveTraceObserver.java:51) ~[evosuite.jar:1.0.7-SNAPSHOT]
	at org.evosuite.testcase.execution.TestRunnable.lambda$informObservers_after$1(TestRunnable.java:155) [evosuite.jar:1.0.7-SNAPSHOT]
	at java.lang.Iterable.forEach(Iterable.java:75) ~[na:1.8.0_161]
	at org.evosuite.testcase.execution.TestRunnable.informObservers_after(TestRunnable.java:155) [evosuite.jar:1.0.7-SNAPSHOT]
	at org.evosuite.testcase.execution.TestRunnable.executeStatements(TestRunnable.java:351) [evosuite.jar:1.0.7-SNAPSHOT]
	at org.evosuite.testcase.execution.TestRunnable.call(TestRunnable.java:202) [evosuite.jar:1.0.7-SNAPSHOT]
	at org.evosuite.testcase.execution.TestRunnable.call(TestRunnable.java:55) [evosuite.jar:1.0.7-SNAPSHOT]
	at java.util.concurrent.FutureTask.run(FutureTask.java:266) [na:1.8.0_161]
	at java.util.concurrent.ThreadPoolExecutor.runWorker(ThreadPoolExecutor.java:1149) [na:1.8.0_161]
	at java.util.concurrent.ThreadPoolExecutor$Worker.run(ThreadPoolExecutor.java:624) [na:1.8.0_161]
	at java.lang.Thread.run(Thread.java:748) [na:1.8.0_161]
[MASTER] 12:22:46.970 [logback-2] ERROR TestRunnable - Suppressed/ignored exception during test case execution on class org.json.XML: java.lang.Integer cannot be cast to java.lang.Boolean
java.lang.ClassCastException: java.lang.Integer cannot be cast to java.lang.Boolean
	at org.evosuite.testcase.TestCodeVisitor.visitPrimitiveAssertion(TestCodeVisitor.java:528) ~[evosuite.jar:1.0.7-SNAPSHOT]
	at org.evosuite.testcase.TestCodeVisitor.visitAssertion(TestCodeVisitor.java:914) ~[evosuite.jar:1.0.7-SNAPSHOT]
	at org.evosuite.testcase.TestCodeVisitor.addAssertions(TestCodeVisitor.java:956) ~[evosuite.jar:1.0.7-SNAPSHOT]
	at org.evosuite.testcase.TestCodeVisitor.visitMethodStatement(TestCodeVisitor.java:1507) ~[evosuite.jar:1.0.7-SNAPSHOT]
	at org.evosuite.testcase.TestVisitor.visitStatement(TestVisitor.java:147) ~[evosuite.jar:1.0.7-SNAPSHOT]
	at org.evosuite.testcase.TestCodeVisitor.visitStatement(TestCodeVisitor.java:1858) ~[evosuite.jar:1.0.7-SNAPSHOT]
	at org.evosuite.testcase.statements.AbstractStatement.getCode(AbstractStatement.java:255) ~[evosuite.jar:1.0.7-SNAPSHOT]
	at org.evosuite.testcase.statements.AbstractStatement.getCode(AbstractStatement.java:247) ~[evosuite.jar:1.0.7-SNAPSHOT]
	at org.evosuite.assertion.PrimitiveTraceObserver.visit(PrimitiveTraceObserver.java:116) ~[evosuite.jar:1.0.7-SNAPSHOT]
	at org.evosuite.assertion.AssertionTraceObserver.visitReturnValue(AssertionTraceObserver.java:131) ~[evosuite.jar:1.0.7-SNAPSHOT]
	at org.evosuite.assertion.PrimitiveTraceObserver.afterStatement(PrimitiveTraceObserver.java:51) ~[evosuite.jar:1.0.7-SNAPSHOT]
	at org.evosuite.testcase.execution.TestRunnable.lambda$informObservers_after$1(TestRunnable.java:155) [evosuite.jar:1.0.7-SNAPSHOT]
	at java.lang.Iterable.forEach(Iterable.java:75) ~[na:1.8.0_161]
	at org.evosuite.testcase.execution.TestRunnable.informObservers_after(TestRunnable.java:155) [evosuite.jar:1.0.7-SNAPSHOT]
	at org.evosuite.testcase.execution.TestRunnable.executeStatements(TestRunnable.java:351) [evosuite.jar:1.0.7-SNAPSHOT]
	at org.evosuite.testcase.execution.TestRunnable.call(TestRunnable.java:202) [evosuite.jar:1.0.7-SNAPSHOT]
	at org.evosuite.testcase.execution.TestRunnable.call(TestRunnable.java:55) [evosuite.jar:1.0.7-SNAPSHOT]
	at java.util.concurrent.FutureTask.run(FutureTask.java:266) [na:1.8.0_161]
	at java.util.concurrent.ThreadPoolExecutor.runWorker(ThreadPoolExecutor.java:1149) [na:1.8.0_161]
	at java.util.concurrent.ThreadPoolExecutor$Worker.run(ThreadPoolExecutor.java:624) [na:1.8.0_161]
	at java.lang.Thread.run(Thread.java:748) [na:1.8.0_161]
[MASTER] 12:22:46.977 [logback-2] ERROR TestRunnable - Suppressed/ignored exception during test case execution on class org.json.XML: java.lang.Integer cannot be cast to java.lang.Boolean
java.lang.ClassCastException: java.lang.Integer cannot be cast to java.lang.Boolean
	at org.evosuite.testcase.TestCodeVisitor.visitPrimitiveAssertion(TestCodeVisitor.java:528) ~[evosuite.jar:1.0.7-SNAPSHOT]
	at org.evosuite.testcase.TestCodeVisitor.visitAssertion(TestCodeVisitor.java:914) ~[evosuite.jar:1.0.7-SNAPSHOT]
	at org.evosuite.testcase.TestCodeVisitor.addAssertions(TestCodeVisitor.java:956) ~[evosuite.jar:1.0.7-SNAPSHOT]
	at org.evosuite.testcase.TestCodeVisitor.visitMethodStatement(TestCodeVisitor.java:1507) ~[evosuite.jar:1.0.7-SNAPSHOT]
	at org.evosuite.testcase.TestVisitor.visitStatement(TestVisitor.java:147) ~[evosuite.jar:1.0.7-SNAPSHOT]
	at org.evosuite.testcase.TestCodeVisitor.visitStatement(TestCodeVisitor.java:1858) ~[evosuite.jar:1.0.7-SNAPSHOT]
	at org.evosuite.testcase.statements.AbstractStatement.getCode(AbstractStatement.java:255) ~[evosuite.jar:1.0.7-SNAPSHOT]
	at org.evosuite.testcase.statements.AbstractStatement.getCode(AbstractStatement.java:247) ~[evosuite.jar:1.0.7-SNAPSHOT]
	at org.evosuite.assertion.PrimitiveTraceObserver.visit(PrimitiveTraceObserver.java:116) ~[evosuite.jar:1.0.7-SNAPSHOT]
	at org.evosuite.assertion.AssertionTraceObserver.visitReturnValue(AssertionTraceObserver.java:131) ~[evosuite.jar:1.0.7-SNAPSHOT]
	at org.evosuite.assertion.PrimitiveTraceObserver.afterStatement(PrimitiveTraceObserver.java:51) ~[evosuite.jar:1.0.7-SNAPSHOT]
	at org.evosuite.testcase.execution.TestRunnable.lambda$informObservers_after$1(TestRunnable.java:155) [evosuite.jar:1.0.7-SNAPSHOT]
	at java.lang.Iterable.forEach(Iterable.java:75) ~[na:1.8.0_161]
	at org.evosuite.testcase.execution.TestRunnable.informObservers_after(TestRunnable.java:155) [evosuite.jar:1.0.7-SNAPSHOT]
	at org.evosuite.testcase.execution.TestRunnable.executeStatements(TestRunnable.java:351) [evosuite.jar:1.0.7-SNAPSHOT]
	at org.evosuite.testcase.execution.TestRunnable.call(TestRunnable.java:202) [evosuite.jar:1.0.7-SNAPSHOT]
	at org.evosuite.testcase.execution.TestRunnable.call(TestRunnable.java:55) [evosuite.jar:1.0.7-SNAPSHOT]
	at java.util.concurrent.FutureTask.run(FutureTask.java:266) [na:1.8.0_161]
	at java.util.concurrent.ThreadPoolExecutor.runWorker(ThreadPoolExecutor.java:1149) [na:1.8.0_161]
	at java.util.concurrent.ThreadPoolExecutor$Worker.run(ThreadPoolExecutor.java:624) [na:1.8.0_161]
	at java.lang.Thread.run(Thread.java:748) [na:1.8.0_161]
[MASTER] 12:22:47.314 [logback-2] ERROR TestRunnable - Suppressed/ignored exception during test case execution on class org.json.XML: java.lang.String cannot be cast to java.lang.Boolean
java.lang.ClassCastException: java.lang.String cannot be cast to java.lang.Boolean
	at org.evosuite.testcase.TestCodeVisitor.visitPrimitiveAssertion(TestCodeVisitor.java:528) ~[evosuite.jar:1.0.7-SNAPSHOT]
	at org.evosuite.testcase.TestCodeVisitor.visitAssertion(TestCodeVisitor.java:914) ~[evosuite.jar:1.0.7-SNAPSHOT]
	at org.evosuite.testcase.TestCodeVisitor.addAssertions(TestCodeVisitor.java:956) ~[evosuite.jar:1.0.7-SNAPSHOT]
	at org.evosuite.testcase.TestCodeVisitor.visitMethodStatement(TestCodeVisitor.java:1507) ~[evosuite.jar:1.0.7-SNAPSHOT]
	at org.evosuite.testcase.TestVisitor.visitStatement(TestVisitor.java:147) ~[evosuite.jar:1.0.7-SNAPSHOT]
	at org.evosuite.testcase.TestCodeVisitor.visitStatement(TestCodeVisitor.java:1858) ~[evosuite.jar:1.0.7-SNAPSHOT]
	at org.evosuite.testcase.statements.AbstractStatement.getCode(AbstractStatement.java:255) ~[evosuite.jar:1.0.7-SNAPSHOT]
	at org.evosuite.testcase.statements.AbstractStatement.getCode(AbstractStatement.java:247) ~[evosuite.jar:1.0.7-SNAPSHOT]
	at org.evosuite.assertion.PrimitiveTraceObserver.visit(PrimitiveTraceObserver.java:116) ~[evosuite.jar:1.0.7-SNAPSHOT]
	at org.evosuite.assertion.AssertionTraceObserver.visitReturnValue(AssertionTraceObserver.java:131) ~[evosuite.jar:1.0.7-SNAPSHOT]
	at org.evosuite.assertion.PrimitiveTraceObserver.afterStatement(PrimitiveTraceObserver.java:51) ~[evosuite.jar:1.0.7-SNAPSHOT]
	at org.evosuite.testcase.execution.TestRunnable.lambda$informObservers_after$1(TestRunnable.java:155) [evosuite.jar:1.0.7-SNAPSHOT]
	at java.lang.Iterable.forEach(Iterable.java:75) ~[na:1.8.0_161]
	at org.evosuite.testcase.execution.TestRunnable.informObservers_after(TestRunnable.java:155) [evosuite.jar:1.0.7-SNAPSHOT]
	at org.evosuite.testcase.execution.TestRunnable.executeStatements(TestRunnable.java:351) [evosuite.jar:1.0.7-SNAPSHOT]
	at org.evosuite.testcase.execution.TestRunnable.call(TestRunnable.java:202) [evosuite.jar:1.0.7-SNAPSHOT]
	at org.evosuite.testcase.execution.TestRunnable.call(TestRunnable.java:55) [evosuite.jar:1.0.7-SNAPSHOT]
	at java.util.concurrent.FutureTask.run(FutureTask.java:266) [na:1.8.0_161]
	at java.util.concurrent.ThreadPoolExecutor.runWorker(ThreadPoolExecutor.java:1149) [na:1.8.0_161]
	at java.util.concurrent.ThreadPoolExecutor$Worker.run(ThreadPoolExecutor.java:624) [na:1.8.0_161]
	at java.lang.Thread.run(Thread.java:748) [na:1.8.0_161]
* Resulting test suite's mutation score: 40%
* Compiling and checking tests
[MASTER] 12:23:15.890 [logback-2] ERROR TestRunnable - Suppressed/ignored exception during test case execution on class org.json.XML: java.lang.String cannot be cast to java.lang.Boolean
java.lang.ClassCastException: java.lang.String cannot be cast to java.lang.Boolean
	at org.evosuite.testcase.TestCodeVisitor.visitPrimitiveAssertion(TestCodeVisitor.java:528) ~[evosuite.jar:1.0.7-SNAPSHOT]
	at org.evosuite.testcase.TestCodeVisitor.visitAssertion(TestCodeVisitor.java:914) ~[evosuite.jar:1.0.7-SNAPSHOT]
	at org.evosuite.testcase.TestCodeVisitor.addAssertions(TestCodeVisitor.java:956) ~[evosuite.jar:1.0.7-SNAPSHOT]
	at org.evosuite.testcase.TestCodeVisitor.visitMethodStatement(TestCodeVisitor.java:1507) ~[evosuite.jar:1.0.7-SNAPSHOT]
	at org.evosuite.testcase.TestVisitor.visitStatement(TestVisitor.java:147) ~[evosuite.jar:1.0.7-SNAPSHOT]
	at org.evosuite.testcase.TestCodeVisitor.visitStatement(TestCodeVisitor.java:1858) ~[evosuite.jar:1.0.7-SNAPSHOT]
	at org.evosuite.testcase.statements.AbstractStatement.getCode(AbstractStatement.java:255) ~[evosuite.jar:1.0.7-SNAPSHOT]
	at org.evosuite.testcase.statements.AbstractStatement.getCode(AbstractStatement.java:247) ~[evosuite.jar:1.0.7-SNAPSHOT]
	at org.evosuite.assertion.PrimitiveTraceObserver.visit(PrimitiveTraceObserver.java:116) ~[evosuite.jar:1.0.7-SNAPSHOT]
	at org.evosuite.assertion.AssertionTraceObserver.visitReturnValue(AssertionTraceObserver.java:131) ~[evosuite.jar:1.0.7-SNAPSHOT]
	at org.evosuite.assertion.PrimitiveTraceObserver.afterStatement(PrimitiveTraceObserver.java:51) ~[evosuite.jar:1.0.7-SNAPSHOT]
	at org.evosuite.testcase.execution.TestRunnable.lambda$informObservers_after$1(TestRunnable.java:155) [evosuite.jar:1.0.7-SNAPSHOT]
	at java.lang.Iterable.forEach(Iterable.java:75) ~[na:1.8.0_161]
	at org.evosuite.testcase.execution.TestRunnable.informObservers_after(TestRunnable.java:155) [evosuite.jar:1.0.7-SNAPSHOT]
	at org.evosuite.testcase.execution.TestRunnable.executeStatements(TestRunnable.java:351) [evosuite.jar:1.0.7-SNAPSHOT]
	at org.evosuite.testcase.execution.TestRunnable.call(TestRunnable.java:202) [evosuite.jar:1.0.7-SNAPSHOT]
	at org.evosuite.testcase.execution.TestRunnable.call(TestRunnable.java:55) [evosuite.jar:1.0.7-SNAPSHOT]
	at java.util.concurrent.FutureTask.run(FutureTask.java:266) [na:1.8.0_161]
	at java.util.concurrent.ThreadPoolExecutor.runWorker(ThreadPoolExecutor.java:1149) [na:1.8.0_161]
	at java.util.concurrent.ThreadPoolExecutor$Worker.run(ThreadPoolExecutor.java:624) [na:1.8.0_161]
	at java.lang.Thread.run(Thread.java:748) [na:1.8.0_161]
* Resulting test suite's mutation score: 41%
* Compiling and checking tests
* Permissions denied during test execution: 
  - java.lang.RuntimePermission: 
         writeFileDescriptor: 1
* Writing tests to file
* Writing JUnit test case 'JSONArray_ESTest' to /home/apaniche/mitchell/generation-scripts/evosuite_fuzzer/tests/s12/json/evosuite-tests
* Done!

* Computation finished
* Writing tests to file
* Writing JUnit test case 'XML_ESTest' to /home/apaniche/mitchell/generation-scripts/evosuite_fuzzer/tests/s12/json/evosuite-tests
* Done!

* Computation finished
