* EvoSuite 1.0.7-SNAPSHOT
* Configuration: EvoSuite_vanilla
* Going to generate test cases for class: com.google.gson.Gson
* EvoSuite 1.0.7-SNAPSHOT
* Configuration: EvoSuite_vanilla
* Going to generate test cases for class: com.google.gson.JsonPrimitive
* Starting Client-0
* Connecting to master process on port 4567
* Starting Client-0
* Connecting to master process on port 4570
* Analyzing classpath: 
* Analyzing classpath: 
  - /home/apaniche/mitchell/generation-scripts/projects/gson/gson-2.8.6.jar
* Finished analyzing classpath
* Generating tests for class com.google.gson.JsonPrimitive
* Test criteria:
  - Line Coverage
  - Branch Coverage
  - Exception
  - Mutation testing (weak)
  - Method-Output Coverage
  - Top-Level Method Coverage
  - No-Exception Top-Level Method Coverage
  - Context Branch Coverage
* Total number of test goals for DYNAMOSA: 433
* Using seed 6
* Starting evolution
* Initial Number of Goals in DynaMOSA = 165 / 433
  - /home/apaniche/mitchell/generation-scripts/projects/gson/gson-2.8.6.jar
* Finished analyzing classpath
* Generating tests for class com.google.gson.Gson
* Test criteria:
  - Line Coverage
  - Branch Coverage
  - Exception
  - Mutation testing (weak)
  - Method-Output Coverage
  - Top-Level Method Coverage
  - No-Exception Top-Level Method Coverage
  - Context Branch Coverage
* Total number of test goals for DYNAMOSA: 991
* Using seed 6
* Starting evolution
* Initial Number of Goals in DynaMOSA = 599 / 991
[MASTER] 15:17:14.342 [logback-2] ERROR TestCluster - Failed to check cache for java.util.HashMap<K, V> : Type points to itself
[MASTER] 15:17:14.396 [logback-2] ERROR TestCluster - Failed to check cache for com.google.gson.Gson.FutureTypeAdapter<T> : Type points to itself
[MASTER] 15:17:42.345 [logback-2] ERROR TestCaseExecutor - TG: Exception caught: 
java.lang.IllegalStateException: Trying to set up the sandbox while executing a test case
	at org.evosuite.runtime.sandbox.MSecurityManager.goingToExecuteTestCase(MSecurityManager.java:348) ~[evosuite.jar:1.0.7-SNAPSHOT]
	at org.evosuite.runtime.sandbox.Sandbox.goingToExecuteSUTCode(Sandbox.java:130) ~[evosuite.jar:1.0.7-SNAPSHOT]
	at org.evosuite.testcase.execution.TestCaseExecutor.execute(TestCaseExecutor.java:331) ~[evosuite.jar:1.0.7-SNAPSHOT]
	at org.evosuite.testcase.execution.TestCaseExecutor.execute(TestCaseExecutor.java:277) ~[evosuite.jar:1.0.7-SNAPSHOT]
	at org.evosuite.testcase.execution.TestCaseExecutor.execute(TestCaseExecutor.java:264) ~[evosuite.jar:1.0.7-SNAPSHOT]
	at org.evosuite.testcase.execution.TestCaseExecutor.runTest(TestCaseExecutor.java:140) ~[evosuite.jar:1.0.7-SNAPSHOT]
	at org.evosuite.ga.metaheuristics.mosa.structural.MultiCriteriaManager.calculateFitness(MultiCriteriaManager.java:394) [evosuite.jar:1.0.7-SNAPSHOT]
	at org.evosuite.ga.metaheuristics.mosa.DynaMOSA.calculateFitness(DynaMOSA.java:193) [evosuite.jar:1.0.7-SNAPSHOT]
	at org.evosuite.ga.metaheuristics.mosa.AbstractMOSA.breedNextGeneration(AbstractMOSA.java:169) [evosuite.jar:1.0.7-SNAPSHOT]
	at org.evosuite.ga.metaheuristics.mosa.DynaMOSA.evolve(DynaMOSA.java:72) [evosuite.jar:1.0.7-SNAPSHOT]
	at org.evosuite.ga.metaheuristics.mosa.DynaMOSA.generateSolution(DynaMOSA.java:176) [evosuite.jar:1.0.7-SNAPSHOT]
	at org.evosuite.strategy.MOSuiteStrategy.generateTests(MOSuiteStrategy.java:113) [evosuite.jar:1.0.7-SNAPSHOT]
	at org.evosuite.TestSuiteGenerator.generateTests(TestSuiteGenerator.java:681) [evosuite.jar:1.0.7-SNAPSHOT]
	at org.evosuite.TestSuiteGenerator.generateTestSuite(TestSuiteGenerator.java:245) [evosuite.jar:1.0.7-SNAPSHOT]
	at org.evosuite.rmi.service.ClientNodeImpl.lambda$startNewSearch$0(ClientNodeImpl.java:155) [evosuite.jar:1.0.7-SNAPSHOT]
	at java.util.concurrent.Executors$RunnableAdapter.call(Executors.java:511) ~[na:1.8.0_161]
	at java.util.concurrent.FutureTask.run(FutureTask.java:266) ~[na:1.8.0_161]
	at java.util.concurrent.ThreadPoolExecutor.runWorker(ThreadPoolExecutor.java:1149) ~[na:1.8.0_161]
	at java.util.concurrent.ThreadPoolExecutor$Worker.run(ThreadPoolExecutor.java:624) ~[na:1.8.0_161]
	at java.lang.Thread.run(Thread.java:748) ~[na:1.8.0_161]
[MASTER] 15:17:42.346 [logback-2] ERROR ClientNodeImpl - Error when generating tests for: com.google.gson.JsonPrimitive with seed 6. Configuration id : EvoSuite_vanilla
java.lang.Error: java.lang.IllegalStateException: Trying to set up the sandbox while executing a test case
	at org.evosuite.testcase.execution.TestCaseExecutor.runTest(TestCaseExecutor.java:146) ~[evosuite.jar:1.0.7-SNAPSHOT]
	at org.evosuite.ga.metaheuristics.mosa.structural.MultiCriteriaManager.calculateFitness(MultiCriteriaManager.java:394) ~[evosuite.jar:1.0.7-SNAPSHOT]
	at org.evosuite.ga.metaheuristics.mosa.DynaMOSA.calculateFitness(DynaMOSA.java:193) ~[evosuite.jar:1.0.7-SNAPSHOT]
	at org.evosuite.ga.metaheuristics.mosa.AbstractMOSA.breedNextGeneration(AbstractMOSA.java:169) ~[evosuite.jar:1.0.7-SNAPSHOT]
	at org.evosuite.ga.metaheuristics.mosa.DynaMOSA.evolve(DynaMOSA.java:72) ~[evosuite.jar:1.0.7-SNAPSHOT]
	at org.evosuite.ga.metaheuristics.mosa.DynaMOSA.generateSolution(DynaMOSA.java:176) ~[evosuite.jar:1.0.7-SNAPSHOT]
	at org.evosuite.strategy.MOSuiteStrategy.generateTests(MOSuiteStrategy.java:113) ~[evosuite.jar:1.0.7-SNAPSHOT]
	at org.evosuite.TestSuiteGenerator.generateTests(TestSuiteGenerator.java:681) ~[evosuite.jar:1.0.7-SNAPSHOT]
	at org.evosuite.TestSuiteGenerator.generateTestSuite(TestSuiteGenerator.java:245) ~[evosuite.jar:1.0.7-SNAPSHOT]
	at org.evosuite.rmi.service.ClientNodeImpl.lambda$startNewSearch$0(ClientNodeImpl.java:155) ~[evosuite.jar:1.0.7-SNAPSHOT]
	at java.util.concurrent.Executors$RunnableAdapter.call(Executors.java:511) ~[na:1.8.0_161]
	at java.util.concurrent.FutureTask.run(FutureTask.java:266) ~[na:1.8.0_161]
	at java.util.concurrent.ThreadPoolExecutor.runWorker(ThreadPoolExecutor.java:1149) ~[na:1.8.0_161]
	at java.util.concurrent.ThreadPoolExecutor$Worker.run(ThreadPoolExecutor.java:624) ~[na:1.8.0_161]
	at java.lang.Thread.run(Thread.java:748) ~[na:1.8.0_161]
Caused by: java.lang.IllegalStateException: Trying to set up the sandbox while executing a test case
	at org.evosuite.runtime.sandbox.MSecurityManager.goingToExecuteTestCase(MSecurityManager.java:348) ~[evosuite.jar:1.0.7-SNAPSHOT]
	at org.evosuite.runtime.sandbox.Sandbox.goingToExecuteSUTCode(Sandbox.java:130) ~[evosuite.jar:1.0.7-SNAPSHOT]
	at org.evosuite.testcase.execution.TestCaseExecutor.execute(TestCaseExecutor.java:331) ~[evosuite.jar:1.0.7-SNAPSHOT]
	at org.evosuite.testcase.execution.TestCaseExecutor.execute(TestCaseExecutor.java:277) ~[evosuite.jar:1.0.7-SNAPSHOT]
	at org.evosuite.testcase.execution.TestCaseExecutor.execute(TestCaseExecutor.java:264) ~[evosuite.jar:1.0.7-SNAPSHOT]
	at org.evosuite.testcase.execution.TestCaseExecutor.runTest(TestCaseExecutor.java:140) ~[evosuite.jar:1.0.7-SNAPSHOT]
	... 14 common frames omitted
* Computation finished
[MASTER] 15:17:42.458 [main] ERROR SearchStatistics - No obtained value for output variable: Total_Goals
[MASTER] 15:17:44.461 [main] ERROR SearchStatistics - No obtained value for output variable: Total_Goals
[MASTER] 15:17:45.462 [main] ERROR SearchStatistics - No obtained value for output variable: Total_Goals
[MASTER] 15:17:46.462 [main] ERROR SearchStatistics - No obtained value for output variable: Total_Goals
[MASTER] 15:17:47.463 [main] ERROR SearchStatistics - No obtained value for output variable: Total_Goals
[MASTER] 15:17:48.463 [main] ERROR SearchStatistics - No obtained value for output variable: Total_Goals
[MASTER] 15:17:48.464 [main] ERROR SearchStatistics - Not going to write down statistics data, as some are missing
[MASTER] 15:17:48.565 [main] ERROR TestGeneration - failed to write statistics data
* Search finished after 68s and 26 generations, 10470 statements, best individual has fitness: 268.0
[MASTER] 15:18:21.755 [logback-1] WARN  TimeController - Phase SEARCH lasted too long, 7 seconds more than allowed.
* Minimizing test suite
* Going to analyze the coverage criteria
* Coverage analysis for criterion LINE
* Coverage of criterion LINE: 83%
* Total number of goals: 333
* Number of covered goals: 275
* Coverage analysis for criterion BRANCH
* Coverage of criterion BRANCH: 78%
* Total number of goals: 113
* Number of covered goals: 88
* Coverage analysis for criterion EXCEPTION
* Coverage of criterion EXCEPTION: 100%
* Total number of goals: 33
* Number of covered goals: 33
* Coverage analysis for criterion WEAKMUTATION
* Coverage of criterion WEAKMUTATION: 70%
* Total number of goals: 292
* Number of covered goals: 203
* Coverage analysis for criterion OUTPUT
* Coverage of criterion OUTPUT: 57%
* Total number of goals: 70
* Number of covered goals: 40
* Coverage analysis for criterion METHOD
* Coverage of criterion METHOD: 97%
* Total number of goals: 35
* Number of covered goals: 34
* Coverage analysis for criterion METHODNOEXCEPTION
* Coverage of criterion METHODNOEXCEPTION: 83%
* Total number of goals: 35
* Number of covered goals: 29
* Coverage analysis for criterion CBRANCH
* Coverage of criterion CBRANCH: 73%
* Total number of goals: 113
* Number of covered goals: 83
* Generated 73 tests with total length 247
* Resulting test suite's coverage: 73% (average coverage for all fitness functions)
* Generating assertions
* Resulting test suite's mutation score: 21%
* Compiling and checking tests
* Permissions denied during test execution: 
  - java.lang.RuntimePermission: 
         writeFileDescriptor: 6
* Writing tests to file
* Writing JUnit test case 'Gson_ESTest' to /home/apaniche/mitchell/generation-scripts/evosuite_vanilla/tests/s6/gson/evosuite-tests
* Done!

* Computation finished
* EvoSuite 1.0.7-SNAPSHOT
* Configuration: EvoSuite_vanilla
* Going to generate test cases for class: com.google.gson.stream.JsonWriter
* Starting Client-0
* Connecting to master process on port 4569
* Analyzing classpath: 
  - /home/apaniche/mitchell/generation-scripts/projects/gson/gson-2.8.6.jar
* Finished analyzing classpath
* Generating tests for class com.google.gson.stream.JsonWriter
* Test criteria:
  - Line Coverage
  - Branch Coverage
  - Exception
  - Mutation testing (weak)
  - Method-Output Coverage
  - Top-Level Method Coverage
  - No-Exception Top-Level Method Coverage
  - Context Branch Coverage
* Total number of test goals for DYNAMOSA: 1024
* Using seed 6
* Starting evolution
* Initial Number of Goals in DynaMOSA = 410 / 1024
* Search finished after 62s and 528 generations, 168197 statements, best individual has fitness: 131.0
* Minimizing test suite
* Going to analyze the coverage criteria
* Coverage analysis for criterion LINE
* Coverage of criterion LINE: 96%
* Total number of goals: 179
* Number of covered goals: 172
* Coverage analysis for criterion BRANCH
* Coverage of criterion BRANCH: 90%
* Total number of goals: 117
* Number of covered goals: 105
* Coverage analysis for criterion EXCEPTION
* Coverage of criterion EXCEPTION: 100%
* Total number of goals: 18
* Number of covered goals: 18
* Coverage analysis for criterion WEAKMUTATION
* Coverage of criterion WEAKMUTATION: 87%
* Total number of goals: 468
* Number of covered goals: 407
* Coverage analysis for criterion OUTPUT
* Coverage of criterion OUTPUT: 85%
* Total number of goals: 97
* Number of covered goals: 82
* Coverage analysis for criterion METHOD
* Coverage of criterion METHOD: 100%
* Total number of goals: 23
* Number of covered goals: 23
* Coverage analysis for criterion METHODNOEXCEPTION
* Coverage of criterion METHODNOEXCEPTION: 100%
* Total number of goals: 23
* Number of covered goals: 23
* Coverage analysis for criterion CBRANCH
* Coverage of criterion CBRANCH: 83%
* Total number of goals: 117
* Number of covered goals: 97
* Generated 77 tests with total length 328
* Resulting test suite's coverage: 86% (average coverage for all fitness functions)
* Generating assertions
* Resulting test suite's mutation score: 60%
* Compiling and checking tests
* Writing tests to file
* Writing JUnit test case 'JsonWriter_ESTest' to /home/apaniche/mitchell/generation-scripts/evosuite_vanilla/tests/s6/gson/evosuite-tests
* Done!

* Computation finished
* EvoSuite 1.0.7-SNAPSHOT
* Configuration: EvoSuite_vanilla
* Going to generate test cases for class: com.google.gson.stream.JsonReader
* EvoSuite 1.0.7-SNAPSHOT
* Configuration: EvoSuite_vanilla
* Going to generate test cases for class: com.google.gson.internal.bind.JsonTreeReader
* EvoSuite 1.0.7-SNAPSHOT
* Configuration: EvoSuite_vanilla
* Going to generate test cases for class: com.google.gson.JsonElement
* Starting Client-0
* Starting Client-0
* Connecting to master process on port 4566
* Connecting to master process on port 4568
* Starting Client-0
* Connecting to master process on port 4570
* Analyzing classpath: 
* Analyzing classpath: 
* Analyzing classpath: 
  - /home/apaniche/mitchell/generation-scripts/projects/gson/gson-2.8.6.jar
  - /home/apaniche/mitchell/generation-scripts/projects/gson/gson-2.8.6.jar
* Finished analyzing classpath
* Generating tests for class com.google.gson.JsonElement
* Test criteria:
  - Line Coverage
  - Branch Coverage
  - Exception
  - Mutation testing (weak)
  - Method-Output Coverage
  - Top-Level Method Coverage
  - No-Exception Top-Level Method Coverage
  - Context Branch Coverage
* Total number of test goals for DYNAMOSA: 265
* Using seed 6
* Starting evolution
* Initial Number of Goals in DynaMOSA = 183 / 265
* Finished analyzing classpath
* Generating tests for class com.google.gson.internal.bind.JsonTreeReader
* Test criteria:
  - Line Coverage
  - Branch Coverage
  - Exception
  - Mutation testing (weak)
  - Method-Output Coverage
  - Top-Level Method Coverage
  - No-Exception Top-Level Method Coverage
  - Context Branch Coverage
  - /home/apaniche/mitchell/generation-scripts/projects/gson/gson-2.8.6.jar
* Total number of test goals for DYNAMOSA: 830
* Using seed 6
* Starting evolution
* Initial Number of Goals in DynaMOSA = 253 / 830
[MASTER] 15:22:53.479 [logback-2] ERROR TestCluster - Failed to check cache for java.util.AbstractMap<K, V>.SimpleEntry<K, V> : Type points to itself
[MASTER] 15:22:53.480 [logback-2] ERROR TestCluster - Failed to check cache for java.util.AbstractMap<K, V>.SimpleImmutableEntry<K, V> : Type points to itself
* Finished analyzing classpath
* Generating tests for class com.google.gson.stream.JsonReader
* Test criteria:
  - Line Coverage
  - Branch Coverage
  - Exception
  - Mutation testing (weak)
  - Method-Output Coverage
  - Top-Level Method Coverage
  - No-Exception Top-Level Method Coverage
  - Context Branch Coverage
* Total number of test goals for DYNAMOSA: 2813
* Using seed 6
* Starting evolution
* Initial Number of Goals in DynaMOSA = 438 / 2813
* Search finished after 62s and 590 generations, 127414 statements, best individual has fitness: 204.0
* Minimizing test suite
* Going to analyze the coverage criteria
* Coverage analysis for criterion LINE
* Coverage of criterion LINE: 91%
* Total number of goals: 162
* Number of covered goals: 148
* Coverage analysis for criterion BRANCH
* Coverage of criterion BRANCH: 87%
* Total number of goals: 103
* Number of covered goals: 90
* Coverage analysis for criterion EXCEPTION
* Coverage of criterion EXCEPTION: 100%
* Total number of goals: 35
* Number of covered goals: 35
* Coverage analysis for criterion WEAKMUTATION
* Coverage of criterion WEAKMUTATION: 69%
* Total number of goals: 397
* Number of covered goals: 275
* Coverage analysis for criterion OUTPUT
* Coverage of criterion OUTPUT: 74%
* Total number of goals: 27
* Number of covered goals: 20
* Coverage analysis for criterion METHOD
* Coverage of criterion METHOD: 100%
* Total number of goals: 19
* Number of covered goals: 19
* Coverage analysis for criterion METHODNOEXCEPTION
* Coverage of criterion METHODNOEXCEPTION: 100%
* Total number of goals: 19
* Number of covered goals: 19
* Coverage analysis for criterion CBRANCH
* Coverage of criterion CBRANCH: 86%
* Total number of goals: 103
* Number of covered goals: 89
* Generated 74 tests with total length 259
* Resulting test suite's coverage: 82% (average coverage for all fitness functions)
* Generating assertions
* Search finished after 62s and 199 generations, 59149 statements, best individual has fitness: 895.0
* Search finished after 64s and 540 generations, 46600 statements, best individual has fitness: 105.0
* Minimizing test suite
* Minimizing test suite
* Resulting test suite's mutation score: 38%
* Compiling and checking tests
* Going to analyze the coverage criteria
* Coverage analysis for criterion LINE
* Coverage of criterion LINE: 94%
* Total number of goals: 36
* Number of covered goals: 34
* Coverage analysis for criterion BRANCH
* Coverage of criterion BRANCH: 100%
* Total number of goals: 26
* Number of covered goals: 26
* Coverage analysis for criterion EXCEPTION
* Coverage of criterion EXCEPTION: 100%
* Total number of goals: 39
* Number of covered goals: 39
* Coverage analysis for criterion WEAKMUTATION
* Coverage of criterion WEAKMUTATION: 100%
* Total number of goals: 9
* Number of covered goals: 9
* Coverage analysis for criterion OUTPUT
* Coverage of criterion OUTPUT: 49%
* Total number of goals: 124
* Number of covered goals: 61
* Coverage analysis for criterion METHOD
* Coverage of criterion METHOD: 100%
* Total number of goals: 22
* Number of covered goals: 22
* Coverage analysis for criterion METHODNOEXCEPTION
* Coverage of criterion METHODNOEXCEPTION: 91%
* Total number of goals: 22
* Number of covered goals: 20
* Coverage analysis for criterion CBRANCH
* Coverage of criterion CBRANCH: 100%
* Total number of goals: 26
* Number of covered goals: 26
* Generated 79 tests with total length 198
* Resulting test suite's coverage: 85% (average coverage for all fitness functions)
* Generating assertions
* Going to analyze the coverage criteria
* Coverage analysis for criterion LINE
* Coverage of criterion LINE: 73%
* Total number of goals: 671
* Number of covered goals: 493
* Coverage analysis for criterion BRANCH
* Coverage of criterion BRANCH: 70%
* Total number of goals: 677
* Number of covered goals: 474
* Coverage analysis for criterion EXCEPTION
* Coverage of criterion EXCEPTION: 100%
* Total number of goals: 75
* Number of covered goals: 75
* Coverage analysis for criterion WEAKMUTATION
* Coverage of criterion WEAKMUTATION: 63%
* Total number of goals: 709
* Number of covered goals: 448
* Coverage analysis for criterion OUTPUT
* Coverage of criterion OUTPUT: 49%
* Total number of goals: 35
* Number of covered goals: 17
* Coverage analysis for criterion METHOD
* Coverage of criterion METHOD: 100%
* Total number of goals: 22
* Number of covered goals: 22
* Coverage analysis for criterion METHODNOEXCEPTION
* Coverage of criterion METHODNOEXCEPTION: 86%
* Total number of goals: 22
* Number of covered goals: 19
* Coverage analysis for criterion CBRANCH
* Coverage of criterion CBRANCH: 69%
* Total number of goals: 677
* Number of covered goals: 468
* Writing tests to file
* Writing JUnit test case 'JsonTreeReader_ESTest' to /home/apaniche/mitchell/generation-scripts/evosuite_vanilla/tests/s6/gson/evosuite-tests
* Done!

* Computation finished
* Generated 154 tests with total length 581
* Resulting test suite's coverage: 71% (average coverage for all fitness functions)
* Generating assertions
* Resulting test suite's mutation score: 44%
* Compiling and checking tests
[MASTER] 15:24:24.654 [logback-1] WARN  JUnitAnalyzer - Found unstable test named test0 -> class java.lang.StackOverflowError: null
[MASTER] 15:24:24.655 [logback-1] WARN  JUnitAnalyzer - Failing test:
 JsonArray jsonArray0 = new JsonArray();
JsonArray jsonArray1 = jsonArray0.getAsJsonArray();
jsonArray0.add((JsonElement) jsonArray1);
jsonArray0.getAsBoolean();

* Writing tests to file
* Writing JUnit test case 'JsonElement_ESTest' to /home/apaniche/mitchell/generation-scripts/evosuite_vanilla/tests/s6/gson/evosuite-tests
* Done!

* Computation finished
* Resulting test suite's mutation score: 18%
* Compiling and checking tests
* Writing tests to file
* Writing JUnit test case 'JsonReader_ESTest' to /home/apaniche/mitchell/generation-scripts/evosuite_vanilla/tests/s6/gson/evosuite-tests
* Done!

* Computation finished
* EvoSuite 1.0.7-SNAPSHOT
* Configuration: EvoSuite_vanilla
* Going to generate test cases for class: com.google.gson.JsonArray
* EvoSuite 1.0.7-SNAPSHOT
* Configuration: EvoSuite_vanilla
* Going to generate test cases for class: com.google.gson.internal.bind.JsonTreeWriter
* EvoSuite 1.0.7-SNAPSHOT
* Configuration: EvoSuite_vanilla
* Going to generate test cases for class: com.google.gson.JsonObject
* Starting Client-0
* Connecting to master process on port 4566
* Starting Client-0
* Starting Client-0
* Connecting to master process on port 4569
* Connecting to master process on port 4568
* Analyzing classpath: 
* Analyzing classpath: 
* Analyzing classpath: 
  - /home/apaniche/mitchell/generation-scripts/projects/gson/gson-2.8.6.jar
  - /home/apaniche/mitchell/generation-scripts/projects/gson/gson-2.8.6.jar
  - /home/apaniche/mitchell/generation-scripts/projects/gson/gson-2.8.6.jar
* Finished analyzing classpath
* Generating tests for class com.google.gson.JsonArray
* Test criteria:
  - Line Coverage
  - Branch Coverage
  - Exception
  - Mutation testing (weak)
  - Method-Output Coverage
  - Top-Level Method Coverage
  - No-Exception Top-Level Method Coverage
  - Context Branch Coverage
* Finished analyzing classpath
* Generating tests for class com.google.gson.JsonObject
* Test criteria:
  - Line Coverage
  - Branch Coverage
  - Exception
  - Mutation testing (weak)
  - Method-Output Coverage
  - Top-Level Method Coverage
  - No-Exception Top-Level Method Coverage
  - Context Branch Coverage
* Finished analyzing classpath
* Generating tests for class com.google.gson.internal.bind.JsonTreeWriter
* Total number of test goals for DYNAMOSA: 221
* Using seed 6
* Starting evolution
* Test criteria:
  - Line Coverage
  - Branch Coverage
  - Exception
  - Mutation testing (weak)
  - Method-Output Coverage
  - Top-Level Method Coverage
  - No-Exception Top-Level Method Coverage
  - Context Branch Coverage
* Total number of test goals for DYNAMOSA: 427
* Using seed 6
* Starting evolution
* Initial Number of Goals in DynaMOSA = 142 / 221
* Initial Number of Goals in DynaMOSA = 249 / 427
[MASTER] 15:27:07.319 [logback-2] ERROR TestCluster - Failed to check cache for java.util.AbstractMap<K, V>.SimpleEntry<K, V> : Type points to itself
[MASTER] 15:27:07.319 [logback-2] ERROR TestCluster - Failed to check cache for java.util.AbstractMap<K, V>.SimpleImmutableEntry<K, V> : Type points to itself
* Total number of test goals for DYNAMOSA: 443
* Using seed 6
* Starting evolution
* Initial Number of Goals in DynaMOSA = 202 / 443
* Search finished after 61s and 467 generations, 69835 statements, best individual has fitness: 46.0
* Minimizing test suite
* Search finished after 61s and 801 generations, 146390 statements, best individual has fitness: 54.0
* Minimizing test suite
* Going to analyze the coverage criteria
* Coverage analysis for criterion LINE
* Coverage of criterion LINE: 100%
* Total number of goals: 29
* Number of covered goals: 29
* Coverage analysis for criterion BRANCH
* Coverage of criterion BRANCH: 100%
* Total number of goals: 29
* Number of covered goals: 29
* Coverage analysis for criterion EXCEPTION
* Coverage of criterion EXCEPTION: 100%
* Total number of goals: 8
* Number of covered goals: 8
* Coverage analysis for criterion WEAKMUTATION
* Coverage of criterion WEAKMUTATION: 100%
* Total number of goals: 16
* Number of covered goals: 16
* Coverage analysis for criterion OUTPUT
* Coverage of criterion OUTPUT: 52%
* Total number of goals: 82
* Number of covered goals: 43
* Coverage analysis for criterion METHOD
* Coverage of criterion METHOD: 100%
* Total number of goals: 18
* Number of covered goals: 18
* Coverage analysis for criterion METHODNOEXCEPTION
* Coverage of criterion METHODNOEXCEPTION: 100%
* Total number of goals: 18
* Number of covered goals: 18
* Coverage analysis for criterion CBRANCH
* Coverage of criterion CBRANCH: 100%
* Total number of goals: 29
* Number of covered goals: 29
* Generated 37 tests with total length 100
* Resulting test suite's coverage: 88% (average coverage for all fitness functions)
* Generating assertions
* Going to analyze the coverage criteria
* Coverage analysis for criterion LINE
* Coverage of criterion LINE: 95%
* Total number of goals: 83
* Number of covered goals: 79
* Coverage analysis for criterion BRANCH
* Coverage of criterion BRANCH: 91%
* Total number of goals: 74
* Number of covered goals: 67
* Coverage analysis for criterion EXCEPTION
* Coverage of criterion EXCEPTION: 100%
* Total number of goals: 14
* Number of covered goals: 14
* Coverage analysis for criterion WEAKMUTATION
* Coverage of criterion WEAKMUTATION: 90%
* Total number of goals: 87
* Number of covered goals: 78
* Coverage analysis for criterion OUTPUT
* Coverage of criterion OUTPUT: 86%
* Total number of goals: 93
* Number of covered goals: 80
* Coverage analysis for criterion METHOD
* Coverage of criterion METHOD: 100%
* Total number of goals: 16
* Number of covered goals: 16
* Coverage analysis for criterion METHODNOEXCEPTION
* Coverage of criterion METHODNOEXCEPTION: 100%
* Total number of goals: 16
* Number of covered goals: 16
* Coverage analysis for criterion CBRANCH
* Coverage of criterion CBRANCH: 91%
* Total number of goals: 74
* Number of covered goals: 67
* Generated 59 tests with total length 201
* Resulting test suite's coverage: 88% (average coverage for all fitness functions)
* Generating assertions
* Search finished after 63s and 217 generations, 37900 statements, best individual has fitness: 82.0
* Resulting test suite's mutation score: 88%
* Compiling and checking tests
* Minimizing test suite
* Resulting test suite's mutation score: 51%
* Compiling and checking tests
* Going to analyze the coverage criteria
* Coverage analysis for criterion LINE
* Coverage of criterion LINE: 100%
* Total number of goals: 72
* Number of covered goals: 72
* Coverage analysis for criterion BRANCH
* Coverage of criterion BRANCH: 100%
* Total number of goals: 58
* Number of covered goals: 58
* Coverage analysis for criterion EXCEPTION
* Coverage of criterion EXCEPTION: 100%
* Total number of goals: 43
* Number of covered goals: 43
* Coverage analysis for criterion WEAKMUTATION
* Coverage of criterion WEAKMUTATION: 97%
* Total number of goals: 70
* Number of covered goals: 68
* Coverage analysis for criterion OUTPUT
* Coverage of criterion OUTPUT: 64%
* Total number of goals: 109
* Number of covered goals: 70
* Coverage analysis for criterion METHOD
* Coverage of criterion METHOD: 100%
* Total number of goals: 30
* Number of covered goals: 30
* Coverage analysis for criterion METHODNOEXCEPTION
* Coverage of criterion METHODNOEXCEPTION: 97%
* Total number of goals: 30
* Number of covered goals: 29
* Coverage analysis for criterion CBRANCH
* Coverage of criterion CBRANCH: 100%
* Total number of goals: 58
* Number of covered goals: 58
* Generated 94 tests with total length 319
* Resulting test suite's coverage: 89% (average coverage for all fitness functions)
* Generating assertions
* Resulting test suite's mutation score: 85%
* Compiling and checking tests
* Writing tests to file
* Writing JUnit test case 'JsonObject_ESTest' to /home/apaniche/mitchell/generation-scripts/evosuite_vanilla/tests/s6/gson/evosuite-tests
* Done!

* Computation finished
[MASTER] 15:28:21.721 [logback-2] ERROR JUnitAnalyzer - Cannot create tmp dir: /tmp/EvoSuite_110_1589981301721
[MASTER] 15:28:21.721 [logback-2] ERROR JUnitAnalyzer - Failed to create tmp dir
* Writing tests to file
* Writing JUnit test case 'JsonTreeWriter_ESTest' to /home/apaniche/mitchell/generation-scripts/evosuite_vanilla/tests/s6/gson/evosuite-tests
* Done!

* Computation finished
[MASTER] 15:28:25.854 [logback-1] WARN  JUnitAnalyzer - Found unstable test named test0 -> class java.lang.OutOfMemoryError: Java heap space
[MASTER] 15:28:25.854 [logback-1] WARN  JUnitAnalyzer - Failing test:
 JsonArray jsonArray0 = new JsonArray(2147483645);

* Writing tests to file
* Writing JUnit test case 'JsonArray_ESTest' to /home/apaniche/mitchell/generation-scripts/evosuite_vanilla/tests/s6/gson/evosuite-tests
* Done!

* Computation finished
[MASTER] 15:28:31.940 [main] ERROR RuntimeVariable - Obtained invalid goal count: covered 428 out of 427
[MASTER] 15:28:31.940 [main] ERROR SearchStatistics - Not going to write down statistics data, as some data is invalid
[MASTER] 15:28:32.041 [main] ERROR TestGeneration - failed to write statistics data
* EvoSuite 1.0.7-SNAPSHOT
* Configuration: EvoSuite_vanilla
* Going to generate test cases for class: com.google.gson.internal.LinkedHashTreeMap
* Starting Client-0
* Connecting to master process on port 4565
* Analyzing classpath: 
  - /home/apaniche/mitchell/generation-scripts/projects/gson/gson-2.8.6.jar
* Finished analyzing classpath
* Generating tests for class com.google.gson.internal.LinkedHashTreeMap
* Test criteria:
  - Line Coverage
  - Branch Coverage
  - Exception
  - Mutation testing (weak)
  - Method-Output Coverage
  - Top-Level Method Coverage
  - No-Exception Top-Level Method Coverage
  - Context Branch Coverage
* Total number of test goals for DYNAMOSA: 1627
* Using seed 6
* Starting evolution
* Initial Number of Goals in DynaMOSA = 578 / 1627
[MASTER] 15:30:38.719 [logback-2] ERROR TestCluster - Failed to check cache for java.util.AbstractMap<K, V>.SimpleEntry<K, V> : Type points to itself
[MASTER] 15:30:38.720 [logback-2] ERROR TestCluster - Failed to check cache for java.util.AbstractMap<K, V>.SimpleImmutableEntry<K, V> : Type points to itself
[MASTER] 15:30:48.447 [logback-2] ERROR TestCluster - Failed to check cache for java.util.Comparator<T> : Type points to itself
* Search finished after 62s and 10 generations, 8146 statements, best individual has fitness: 832.0
* Minimizing test suite
* Going to analyze the coverage criteria
* Coverage analysis for criterion LINE
* Coverage of criterion LINE: 59%
* Total number of goals: 387
* Number of covered goals: 230
* Coverage analysis for criterion BRANCH
* Coverage of criterion BRANCH: 45%
* Total number of goals: 262
* Number of covered goals: 118
* Coverage analysis for criterion EXCEPTION
* Coverage of criterion EXCEPTION: 100%
* Total number of goals: 4
* Number of covered goals: 4
* Coverage analysis for criterion WEAKMUTATION
* Coverage of criterion WEAKMUTATION: 52%
* Total number of goals: 588
* Number of covered goals: 305
* Coverage analysis for criterion OUTPUT
* Coverage of criterion OUTPUT: 50%
* Total number of goals: 34
* Number of covered goals: 17
* Coverage analysis for criterion METHOD
* Coverage of criterion METHOD: 91%
* Total number of goals: 47
* Number of covered goals: 43
* Coverage analysis for criterion METHODNOEXCEPTION
* Coverage of criterion METHODNOEXCEPTION: 91%
* Total number of goals: 47
* Number of covered goals: 43
* Coverage analysis for criterion CBRANCH
* Coverage of criterion CBRANCH: 45%
* Total number of goals: 262
* Number of covered goals: 117
* Generated 55 tests with total length 232
* Resulting test suite's coverage: 48% (average coverage for all fitness functions)
* Generating assertions
* Resulting test suite's mutation score: 15%
* Compiling and checking tests
[MASTER] 15:32:02.816 [logback-1] WARN  JUnitAnalyzer - Found unstable test named test0 -> class java.lang.AssertionError: null
[MASTER] 15:32:02.818 [logback-1] WARN  JUnitAnalyzer - Failing test:
 LinkedHashTreeMap<AbstractMap.SimpleEntry<String, Object>, LinkedHashTreeMap<String, Object>> linkedHashTreeMap0 = new LinkedHashTreeMap<AbstractMap.SimpleEntry<String, Object>, LinkedHashTreeMap<String, Object>>();
Set<AbstractMap.SimpleEntry<String, Object>> set0 = linkedHashTreeMap0.keySet();
assertNotNull(set0);

LinkedHashTreeMap.EntrySet linkedHashTreeMap_EntrySet0 = linkedHashTreeMap0.new EntrySet();
linkedHashTreeMap_EntrySet0.containsAll(set0);
LinkedHashTreeMap<Object, Object> linkedHashTreeMap1 = new LinkedHashTreeMap<Object, Object>();
Comparator<Object> comparator0 = (Comparator<Object>) mock(Comparator.class, new ViolatedAssumptionAnswer());
doReturn(0).when(comparator0).compare(any() , any());
LinkedHashTreeMap<String, AbstractMap.SimpleEntry<Object, Object>> linkedHashTreeMap2 = new LinkedHashTreeMap<String, AbstractMap.SimpleEntry<Object, Object>>(comparator0);
LinkedHashTreeMap.Node<String, AbstractMap.SimpleEntry<Object, Object>>[] linkedHashTreeMap_NodeArray0 = (LinkedHashTreeMap.Node<String, AbstractMap.SimpleEntry<Object, Object>>[]) Array.newInstance(LinkedHashTreeMap.Node.class, 7);
LinkedHashTreeMap.Node<String, AbstractMap.SimpleEntry<Object, Object>> linkedHashTreeMap_Node0 = new LinkedHashTreeMap.Node<String, AbstractMap.SimpleEntry<Object, Object>>();
LinkedHashTreeMap.Node<String, AbstractMap.SimpleEntry<Object, Object>> linkedHashTreeMap_Node1 = linkedHashTreeMap_Node0.first();
linkedHashTreeMap_NodeArray0[0] = linkedHashTreeMap_Node1;
linkedHashTreeMap2.table = linkedHashTreeMap_NodeArray0;
LinkedHashTreeMap.Node<String, AbstractMap.SimpleEntry<Object, Object>> linkedHashTreeMap_Node2 = linkedHashTreeMap2.findByObject(linkedHashTreeMap1);
assertNotNull(linkedHashTreeMap_Node2);
assertEquals(0, linkedHashTreeMap2.size());


* Writing tests to file
* Writing JUnit test case 'LinkedHashTreeMap_ESTest' to /home/apaniche/mitchell/generation-scripts/evosuite_vanilla/tests/s6/gson/evosuite-tests
* Done!

* Computation finished
