* EvoSuite 1.0.7-SNAPSHOT
* Configuration: EvoSuite_vanilla
* Going to generate test cases for class: com.alibaba.fastjson.parser.JSONReaderScanner
* EvoSuite 1.0.7-SNAPSHOT
* Configuration: EvoSuite_vanilla
* Going to generate test cases for class: com.alibaba.fastjson.JSONArray
* EvoSuite 1.0.7-SNAPSHOT
* Configuration: EvoSuite_vanilla
* Going to generate test cases for class: com.alibaba.fastjson.parser.DefaultJSONParser
* Starting Client-0
* Starting Client-0
* Connecting to master process on port 4182
* Connecting to master process on port 4183
* Starting Client-0
* Connecting to master process on port 4184
* Analyzing classpath: 
* Analyzing classpath: 
* Analyzing classpath: 
  - /home/apaniche/mitchell/generation-scripts/projects/fastjson/fastjson-1.2.68.jar
  - /home/apaniche/mitchell/generation-scripts/projects/fastjson/fastjson-1.2.68.jar
* Finished analyzing classpath
* Generating tests for class com.alibaba.fastjson.parser.JSONReaderScanner
* Test criteria:
  - Line Coverage
  - Branch Coverage
  - Exception
  - Mutation testing (weak)
  - Method-Output Coverage
  - Top-Level Method Coverage
  - No-Exception Top-Level Method Coverage
  - Context Branch Coverage
* Total number of test goals for DYNAMOSA: 1110
* Using seed 12
* Starting evolution
* Initial Number of Goals in DynaMOSA = 338 / 1110
[MASTER] 16:45:20.917 [logback-1] WARN  CheapPurityAnalyzer - com.google.common.collect.ArrayListMultimap was not found in the inheritance tree. Using DEFAULT value for cheap-purity analysis
[MASTER] 16:45:20.918 [logback-1] WARN  InheritanceTree - Class not in inheritance graph: com.google.common.collect.ArrayListMultimap
* Finished analyzing classpath
* Generating tests for class com.alibaba.fastjson.JSONArray
* Test criteria:
  - Line Coverage
  - Branch Coverage
  - Exception
  - Mutation testing (weak)
  - Method-Output Coverage
  - Top-Level Method Coverage
  - No-Exception Top-Level Method Coverage
  - Context Branch Coverage
* Total number of test goals for DYNAMOSA: 1055
* Using seed 12
* Starting evolution
* Initial Number of Goals in DynaMOSA = 674 / 1055
[MASTER] 16:45:22.205 [logback-2] ERROR TestCluster - Failed to check cache for java.util.LinkedList<E> : Type points to itself
[MASTER] 16:45:22.205 [logback-2] ERROR TestCluster - Failed to check cache for java.util.HashMap<K, V> : Type points to itself
  - /home/apaniche/mitchell/generation-scripts/projects/fastjson/fastjson-1.2.68.jar
[MASTER] 16:45:25.836 [logback-1] WARN  CheapPurityAnalyzer - com.google.common.collect.ArrayListMultimap was not found in the inheritance tree. Using DEFAULT value for cheap-purity analysis
[MASTER] 16:45:25.837 [logback-1] WARN  InheritanceTree - Class not in inheritance graph: com.google.common.collect.ArrayListMultimap
* Finished analyzing classpath
* Generating tests for class com.alibaba.fastjson.parser.DefaultJSONParser
* Test criteria:
  - Line Coverage
  - Branch Coverage
  - Exception
  - Mutation testing (weak)
  - Method-Output Coverage
  - Top-Level Method Coverage
  - No-Exception Top-Level Method Coverage
  - Context Branch Coverage
[MASTER] 16:45:26.610 [logback-2] ERROR TestCluster - Failed to check cache for java.util.Comparator<T> : Type points to itself
* Total number of test goals for DYNAMOSA: 3512
* Using seed 12
* Starting evolution
* Initial Number of Goals in DynaMOSA = 650 / 3512
[MASTER] 16:45:27.203 [logback-2] ERROR TestCluster - Failed to check cache for java.util.LinkedList<E> : Type points to itself
[MASTER] 16:45:27.204 [logback-2] ERROR TestCluster - Failed to check cache for java.util.HashMap<K, V> : Type points to itself
[MASTER] 16:45:27.214 [logback-2] ERROR TestCluster - Failed to check cache for java.util.ArrayDeque<E> : Type points to itself
[MASTER] 16:45:27.214 [logback-2] ERROR TestCluster - Failed to check cache for java.util.ArrayList<E> : Type points to itself
[MASTER] 16:45:27.215 [logback-2] ERROR TestCluster - Failed to check cache for java.util.EnumMap<K, V> : Type points to itself
[MASTER] 16:45:27.215 [logback-2] ERROR TestCluster - Failed to check cache for java.util.EnumSet<E> : Type points to itself
[MASTER] 16:45:27.216 [logback-2] ERROR TestCluster - Failed to check cache for java.util.HashSet<E> : Type points to itself
[MASTER] 16:45:27.216 [logback-2] ERROR TestCluster - Failed to check cache for java.util.Hashtable<K, V> : Type points to itself
[MASTER] 16:45:27.216 [logback-2] ERROR TestCluster - Failed to check cache for java.util.IdentityHashMap<K, V> : Type points to itself
[MASTER] 16:45:27.216 [logback-2] ERROR TestCluster - Failed to check cache for java.util.LinkedHashMap<K, V> : Type points to itself
[MASTER] 16:45:27.216 [logback-2] ERROR TestCluster - Failed to check cache for java.util.LinkedHashSet<E> : Type points to itself
[MASTER] 16:45:27.218 [logback-2] ERROR TestCluster - Failed to check cache for java.util.Stack<E> : Type points to itself
[MASTER] 16:45:27.218 [logback-2] ERROR TestCluster - Failed to check cache for java.util.TreeMap<K, V> : Type points to itself
[MASTER] 16:45:27.218 [logback-2] ERROR TestCluster - Failed to check cache for java.util.TreeSet<E> : Type points to itself
[MASTER] 16:45:27.219 [logback-2] ERROR TestCluster - Failed to check cache for java.util.Vector<E> : Type points to itself
[MASTER] 16:45:34.201 [logback-1] WARN  CheapPurityAnalyzer - com.google.common.collect.ArrayListMultimap was not found in the inheritance tree. Using DEFAULT value for cheap-purity analysis
[MASTER] 16:45:34.201 [logback-1] WARN  InheritanceTree - Class not in inheritance graph: com.google.common.collect.ArrayListMultimap
[MASTER] 16:45:34.287 [logback-2] ERROR TestCluster - Failed to check cache for java.util.function.Function<T, R> : Type points to itself
* Search finished after 63s and 35 generations, 13798 statements, best individual has fitness: 274.0
* Search finished after 65s and 23 generations, 14255 statements, best individual has fitness: 195.0
* Minimizing test suite
* Going to analyze the coverage criteria
* Coverage analysis for criterion LINE
* Coverage of criterion LINE: 83%
* Total number of goals: 156
* Number of covered goals: 130
* Coverage analysis for criterion BRANCH
* Coverage of criterion BRANCH: 72%
* Total number of goals: 104
* Number of covered goals: 75
* Coverage analysis for criterion EXCEPTION
* Coverage of criterion EXCEPTION: 100%
* Total number of goals: 35
* Number of covered goals: 35
* Coverage analysis for criterion WEAKMUTATION
* Coverage of criterion WEAKMUTATION: 90%
* Total number of goals: 662
* Number of covered goals: 593
* Coverage analysis for criterion OUTPUT
* Coverage of criterion OUTPUT: 60%
* Total number of goals: 40
* Number of covered goals: 24
* Coverage analysis for criterion METHOD
* Coverage of criterion METHOD: 100%
* Total number of goals: 22
* Number of covered goals: 22
* Coverage analysis for criterion METHODNOEXCEPTION
* Coverage of criterion METHODNOEXCEPTION: 100%
* Total number of goals: 22
* Number of covered goals: 22
* Coverage analysis for criterion CBRANCH
* Coverage of criterion CBRANCH: 72%
* Total number of goals: 104
* Number of covered goals: 75
* Generated 70 tests with total length 211
* Resulting test suite's coverage: 79% (average coverage for all fitness functions)
* Search finished after 63s and 39 generations, 21233 statements, best individual has fitness: 2280.0
* Generating assertions
* Minimizing test suite
* Minimizing test suite
* Going to analyze the coverage criteria
* Coverage analysis for criterion LINE
* Coverage of criterion LINE: 28%
* Total number of goals: 973
* Number of covered goals: 274
* Coverage analysis for criterion BRANCH
* Coverage of criterion BRANCH: 28%
* Total number of goals: 707
* Number of covered goals: 201
* Coverage analysis for criterion EXCEPTION
* Coverage of criterion EXCEPTION: 98%
* Total number of goals: 48
* Number of covered goals: 47
* Coverage analysis for criterion WEAKMUTATION
* Coverage of criterion WEAKMUTATION: 55%
* Total number of goals: 897
* Number of covered goals: 490
* Coverage analysis for criterion OUTPUT
* Coverage of criterion OUTPUT: 39%
* Total number of goals: 102
* Number of covered goals: 40
* Coverage analysis for criterion METHOD
* Coverage of criterion METHOD: 100%
* Total number of goals: 63
* Number of covered goals: 63
* Coverage analysis for criterion METHODNOEXCEPTION
* Coverage of criterion METHODNOEXCEPTION: 73%
* Total number of goals: 63
* Number of covered goals: 46
* Coverage analysis for criterion CBRANCH
* Coverage of criterion CBRANCH: 25%
* Total number of goals: 707
* Number of covered goals: 180
* Generated 112 tests with total length 379
* Resulting test suite's coverage: 49% (average coverage for all fitness functions)
* Generating assertions
* Resulting test suite's mutation score: 12%
* Compiling and checking tests
* Resulting test suite's mutation score: 22%
* Compiling and checking tests
* Writing tests to file
* Writing JUnit test case 'JSONReaderScanner_ESTest' to /home/apaniche/mitchell/generation-scripts/evosuite_vanilla/tests/s12/fastjson/evosuite-tests
* Done!

* Computation finished
* Writing tests to file
* Writing JUnit test case 'DefaultJSONParser_ESTest' to /home/apaniche/mitchell/generation-scripts/evosuite_vanilla/tests/s12/fastjson/evosuite-tests
* Done!

* Computation finished
* Going to analyze the coverage criteria
* Coverage analysis for criterion LINE
* Coverage of criterion LINE: 85%
* Total number of goals: 173
* Number of covered goals: 147
* Coverage analysis for criterion BRANCH
* Coverage of criterion BRANCH: 83%
* Total number of goals: 101
* Number of covered goals: 84
* Coverage analysis for criterion EXCEPTION
* Coverage of criterion EXCEPTION: 98%
* Total number of goals: 87
* Number of covered goals: 85
* Coverage analysis for criterion WEAKMUTATION
* Coverage of criterion WEAKMUTATION: 92%
* Total number of goals: 325
* Number of covered goals: 298
* Coverage analysis for criterion OUTPUT
* Coverage of criterion OUTPUT: 36%
* Total number of goals: 219
* Number of covered goals: 79
* Coverage analysis for criterion METHOD
* Coverage of criterion METHOD: 100%
* Total number of goals: 68
* Number of covered goals: 68
* Coverage analysis for criterion METHODNOEXCEPTION
* Coverage of criterion METHODNOEXCEPTION: 88%
* Total number of goals: 68
* Number of covered goals: 60
* Coverage analysis for criterion CBRANCH
* Coverage of criterion CBRANCH: 80%
* Total number of goals: 101
* Number of covered goals: 81
* Generated 156 tests with total length 467
* Resulting test suite's coverage: 80% (average coverage for all fitness functions)
* Generating assertions
* Resulting test suite's mutation score: 45%
* Compiling and checking tests
[MASTER] 16:49:00.026 [logback-1] WARN  JUnitAnalyzer - Found unstable test named test0 -> class java.lang.OutOfMemoryError: Java heap space
[MASTER] 16:49:00.026 [logback-1] WARN  JUnitAnalyzer - Failing test:
 JSONArray jSONArray0 = new JSONArray(1509950721);

* Writing tests to file
* Writing JUnit test case 'JSONArray_ESTest' to /home/apaniche/mitchell/generation-scripts/evosuite_vanilla/tests/s12/fastjson/evosuite-tests
* Done!

* Computation finished
* EvoSuite 1.0.7-SNAPSHOT
* Configuration: EvoSuite_vanilla
* Going to generate test cases for class: com.alibaba.fastjson.JSONReader
* EvoSuite 1.0.7-SNAPSHOT
* Configuration: EvoSuite_vanilla
* Going to generate test cases for class: com.alibaba.fastjson.JSONWriter
* Starting Client-0
* Starting Client-0
* Connecting to master process on port 4182
* Connecting to master process on port 4183
* Analyzing classpath: 
* Analyzing classpath: 
  - /home/apaniche/mitchell/generation-scripts/projects/fastjson/fastjson-1.2.68.jar
  - /home/apaniche/mitchell/generation-scripts/projects/fastjson/fastjson-1.2.68.jar
* Finished analyzing classpath
* Generating tests for class com.alibaba.fastjson.JSONWriter
* Test criteria:
  - Line Coverage
  - Branch Coverage
  - Exception
  - Mutation testing (weak)
  - Method-Output Coverage
  - Top-Level Method Coverage
  - No-Exception Top-Level Method Coverage
  - Context Branch Coverage
* Total number of test goals for DYNAMOSA: 429
* Using seed 12
* Starting evolution
* Initial Number of Goals in DynaMOSA = 130 / 429
[MASTER] 16:49:33.645 [logback-1] WARN  CheapPurityAnalyzer - com.google.common.collect.ArrayListMultimap was not found in the inheritance tree. Using DEFAULT value for cheap-purity analysis
[MASTER] 16:49:33.648 [logback-1] WARN  InheritanceTree - Class not in inheritance graph: com.google.common.collect.ArrayListMultimap
* Finished analyzing classpath
* Generating tests for class com.alibaba.fastjson.JSONReader
* Test criteria:
  - Line Coverage
  - Branch Coverage
  - Exception
  - Mutation testing (weak)
  - Method-Output Coverage
  - Top-Level Method Coverage
  - No-Exception Top-Level Method Coverage
  - Context Branch Coverage
* Total number of test goals for DYNAMOSA: 740
* Using seed 12
* Starting evolution
* Initial Number of Goals in DynaMOSA = 232 / 740
* Search finished after 61s and 747 generations, 267905 statements, best individual has fitness: 30.0
* Minimizing test suite
* Going to analyze the coverage criteria
* Coverage analysis for criterion LINE
* Coverage of criterion LINE: 100%
* Total number of goals: 97
* Number of covered goals: 97
* Coverage analysis for criterion BRANCH
* Coverage of criterion BRANCH: 93%
* Total number of goals: 76
* Number of covered goals: 71
* Coverage analysis for criterion EXCEPTION
* Coverage of criterion EXCEPTION: 100%
* Total number of goals: 20
* Number of covered goals: 20
* Coverage analysis for criterion WEAKMUTATION
* Coverage of criterion WEAKMUTATION: 99%
* Total number of goals: 148
* Number of covered goals: 146
* Coverage analysis for criterion OUTPUT
* Coverage of criterion OUTPUT: 100% (no goals)
* Coverage analysis for criterion METHOD
* Coverage of criterion METHOD: 100%
* Total number of goals: 16
* Number of covered goals: 16
* Coverage analysis for criterion METHODNOEXCEPTION
* Coverage of criterion METHODNOEXCEPTION: 100%
* Total number of goals: 16
* Number of covered goals: 16
* Coverage analysis for criterion CBRANCH
* Coverage of criterion CBRANCH: 93%
* Total number of goals: 76
* Number of covered goals: 71
* Generated 28 tests with total length 118
* Resulting test suite's coverage: 92% (average coverage for all fitness functions)
* Generating assertions
* Resulting test suite's mutation score: 19%
* Compiling and checking tests
* Search finished after 64s and 8 generations, 3547 statements, best individual has fitness: 572.0
* Minimizing test suite
* Going to analyze the coverage criteria
* Coverage analysis for criterion LINE
* Coverage of criterion LINE: 29%
* Total number of goals: 157
* Number of covered goals: 45
* Coverage analysis for criterion BRANCH
* Coverage of criterion BRANCH: 20%
* Total number of goals: 115
* Number of covered goals: 23
* Coverage analysis for criterion EXCEPTION
* Coverage of criterion EXCEPTION: 100%
* Total number of goals: 23
* Number of covered goals: 23
* Coverage analysis for criterion WEAKMUTATION
* Coverage of criterion WEAKMUTATION: 20%
* Total number of goals: 266
* Number of covered goals: 54
* Coverage analysis for criterion OUTPUT
* Coverage of criterion OUTPUT: 11%
* Total number of goals: 37
* Number of covered goals: 4
* Coverage analysis for criterion METHOD
* Coverage of criterion METHOD: 88%
* Total number of goals: 25
* Number of covered goals: 22
* Coverage analysis for criterion METHODNOEXCEPTION
* Coverage of criterion METHODNOEXCEPTION: 44%
* Total number of goals: 25
* Number of covered goals: 11
* Coverage analysis for criterion CBRANCH
* Coverage of criterion CBRANCH: 20%
* Total number of goals: 115
* Number of covered goals: 23
* Generated 31 tests with total length 114
* Resulting test suite's coverage: 37% (average coverage for all fitness functions)
* Generating assertions
* Resulting test suite's mutation score: 2%
* Compiling and checking tests
* Writing tests to file
* Writing JUnit test case 'JSONWriter_ESTest' to /home/apaniche/mitchell/generation-scripts/evosuite_vanilla/tests/s12/fastjson/evosuite-tests
* Done!

* Computation finished
[MASTER] 16:50:49.156 [main] ERROR RuntimeVariable - Obtained invalid goal count: covered 437 out of 429
[MASTER] 16:50:49.157 [main] ERROR SearchStatistics - Not going to write down statistics data, as some data is invalid
[MASTER] 16:50:49.258 [main] ERROR TestGeneration - failed to write statistics data
* Writing tests to file
* Writing JUnit test case 'JSONReader_ESTest' to /home/apaniche/mitchell/generation-scripts/evosuite_vanilla/tests/s12/fastjson/evosuite-tests
* Done!

* Computation finished
* EvoSuite 1.0.7-SNAPSHOT
* Configuration: EvoSuite_vanilla
* Going to generate test cases for class: com.alibaba.fastjson.JSONPath
* EvoSuite 1.0.7-SNAPSHOT
* Configuration: EvoSuite_vanilla
* Going to generate test cases for class: com.alibaba.fastjson.JSON
* Starting Client-0
* Connecting to master process on port 4181
* Starting Client-0
* Connecting to master process on port 4184
* Analyzing classpath: 
* Analyzing classpath: 
  - /home/apaniche/mitchell/generation-scripts/projects/fastjson/fastjson-1.2.68.jar
  - /home/apaniche/mitchell/generation-scripts/projects/fastjson/fastjson-1.2.68.jar
[MASTER] 16:52:45.165 [logback-1] WARN  CheapPurityAnalyzer - com.google.common.collect.ArrayListMultimap was not found in the inheritance tree. Using DEFAULT value for cheap-purity analysis
[MASTER] 16:52:45.170 [logback-1] WARN  InheritanceTree - Class not in inheritance graph: com.google.common.collect.ArrayListMultimap
* Finished analyzing classpath
* Generating tests for class com.alibaba.fastjson.JSON
* Test criteria:
  - Line Coverage
  - Branch Coverage
  - Exception
  - Mutation testing (weak)
  - Method-Output Coverage
  - Top-Level Method Coverage
  - No-Exception Top-Level Method Coverage
  - Context Branch Coverage
* Total number of test goals for DYNAMOSA: 2080
* Using seed 12
* Starting evolution
* Initial Number of Goals in DynaMOSA = 747 / 2080
[MASTER] 16:52:46.256 [logback-2] ERROR TestCluster - Failed to check cache for java.util.LinkedList<E> : Type points to itself
[MASTER] 16:52:46.257 [logback-2] ERROR TestCluster - Failed to check cache for java.util.HashMap<K, V> : Type points to itself
[MASTER] 16:52:46.267 [logback-2] ERROR TestCluster - Failed to check cache for java.lang.Enum<E> : Type points to itself
[MASTER] 16:52:46.267 [logback-2] ERROR TestCluster - Failed to check cache for java.util.AbstractMap<K, V>.SimpleEntry<K, V> : Type points to itself
[MASTER] 16:52:46.267 [logback-2] ERROR TestCluster - Failed to check cache for java.util.AbstractMap<K, V>.SimpleImmutableEntry<K, V> : Type points to itself
[MASTER] 16:52:47.812 [logback-2] ERROR TestCluster - Failed to check cache for java.lang.reflect.Constructor<T> : Type points to itself
[MASTER] 16:52:48.708 [logback-1] WARN  CheapPurityAnalyzer - com.google.common.collect.ArrayListMultimap was not found in the inheritance tree. Using DEFAULT value for cheap-purity analysis
[MASTER] 16:52:48.709 [logback-1] WARN  InheritanceTree - Class not in inheritance graph: com.google.common.collect.ArrayListMultimap
* Finished analyzing classpath
* Generating tests for class com.alibaba.fastjson.JSONPath
* Test criteria:
  - Line Coverage
  - Branch Coverage
  - Exception
  - Mutation testing (weak)
  - Method-Output Coverage
  - Top-Level Method Coverage
  - No-Exception Top-Level Method Coverage
  - Context Branch Coverage
* Total number of test goals for DYNAMOSA: 7058
* Using seed 12
* Starting evolution
* Initial Number of Goals in DynaMOSA = 865 / 7058
[MASTER] 16:52:50.278 [logback-2] ERROR TestCluster - Failed to check cache for java.util.LinkedList<E> : Type points to itself
[MASTER] 16:52:50.290 [logback-2] ERROR TestCluster - Failed to check cache for java.util.ArrayDeque<E> : Type points to itself
[MASTER] 16:52:50.290 [logback-2] ERROR TestCluster - Failed to check cache for java.util.ArrayList<E> : Type points to itself
[MASTER] 16:52:50.291 [logback-2] ERROR TestCluster - Failed to check cache for java.util.EnumSet<E> : Type points to itself
[MASTER] 16:52:50.291 [logback-2] ERROR TestCluster - Failed to check cache for java.util.HashSet<E> : Type points to itself
[MASTER] 16:52:50.291 [logback-2] ERROR TestCluster - Failed to check cache for java.util.LinkedHashSet<E> : Type points to itself
[MASTER] 16:52:50.291 [logback-2] ERROR TestCluster - Failed to check cache for java.util.PriorityQueue<E> : Type points to itself
[MASTER] 16:52:50.291 [logback-2] ERROR TestCluster - Failed to check cache for java.util.ServiceLoader<S> : Type points to itself
[MASTER] 16:52:50.291 [logback-2] ERROR TestCluster - Failed to check cache for java.util.Stack<E> : Type points to itself
[MASTER] 16:52:50.291 [logback-2] ERROR TestCluster - Failed to check cache for java.util.TreeSet<E> : Type points to itself
[MASTER] 16:52:50.292 [logback-2] ERROR TestCluster - Failed to check cache for java.util.Vector<E> : Type points to itself
[MASTER] 16:52:50.295 [logback-2] ERROR TestCluster - Failed to check cache for java.util.HashMap<K, V> : Type points to itself
[MASTER] 16:52:50.305 [logback-2] ERROR TestCluster - Failed to check cache for java.lang.Enum<E> : Type points to itself
[MASTER] 16:52:50.309 [logback-2] ERROR TestCluster - Failed to check cache for java.util.AbstractMap<K, V>.SimpleEntry<K, V> : Type points to itself
[MASTER] 16:52:50.310 [logback-2] ERROR TestCluster - Failed to check cache for java.util.AbstractMap<K, V>.SimpleImmutableEntry<K, V> : Type points to itself
[MASTER] 16:52:51.230 [logback-2] ERROR TestCluster - Failed to check cache for java.lang.reflect.Constructor<T> : Type points to itself
[MASTER] 16:52:57.819 [logback-2] ERROR ClientNodeImpl - Cannot inform master of change of state
java.rmi.ServerException: RemoteException occurred in server thread; nested exception is: 
	java.rmi.UnmarshalException: error unmarshalling arguments; nested exception is: 
	java.lang.ClassNotFoundException: Class 'com/alibaba/fastjson/parser/deserializer/FastjsonASMDeserializer_1_SQLSyntaxErrorException.class' should be in target project, but could not be found!
	at sun.rmi.server.UnicastServerRef.dispatch(UnicastServerRef.java:393) ~[na:1.8.0_161]
	at sun.rmi.transport.Transport$1.run(Transport.java:200) ~[na:1.8.0_161]
	at sun.rmi.transport.Transport$1.run(Transport.java:197) ~[na:1.8.0_161]
	at java.security.AccessController.doPrivileged(Native Method) ~[na:1.8.0_161]
	at sun.rmi.transport.Transport.serviceCall(Transport.java:196) ~[na:1.8.0_161]
	at sun.rmi.transport.tcp.TCPTransport.handleMessages(TCPTransport.java:568) ~[na:1.8.0_161]
	at sun.rmi.transport.tcp.TCPTransport$ConnectionHandler.run0(TCPTransport.java:826) ~[na:1.8.0_161]
	at sun.rmi.transport.tcp.TCPTransport$ConnectionHandler.lambda$run$0(TCPTransport.java:683) ~[na:1.8.0_161]
	at java.security.AccessController.doPrivileged(Native Method) ~[na:1.8.0_161]
	at sun.rmi.transport.tcp.TCPTransport$ConnectionHandler.run(TCPTransport.java:682) ~[na:1.8.0_161]
	at java.util.concurrent.ThreadPoolExecutor.runWorker(ThreadPoolExecutor.java:1149) ~[na:1.8.0_161]
	at java.util.concurrent.ThreadPoolExecutor$Worker.run(ThreadPoolExecutor.java:624) ~[na:1.8.0_161]
	at java.lang.Thread.run(Thread.java:748) ~[na:1.8.0_161]
	at sun.rmi.transport.StreamRemoteCall.exceptionReceivedFromServer(StreamRemoteCall.java:283) ~[na:1.8.0_161]
	at sun.rmi.transport.StreamRemoteCall.executeCall(StreamRemoteCall.java:260) ~[na:1.8.0_161]
	at sun.rmi.server.UnicastRef.invoke(UnicastRef.java:161) ~[na:1.8.0_161]
	at java.rmi.server.RemoteObjectInvocationHandler.invokeRemoteMethod(RemoteObjectInvocationHandler.java:227) ~[na:1.8.0_161]
	at java.rmi.server.RemoteObjectInvocationHandler.invoke(RemoteObjectInvocationHandler.java:179) ~[na:1.8.0_161]
	at com.sun.proxy.$Proxy7.evosuite_collectStatistics(Unknown Source) ~[na:na]
	at org.evosuite.rmi.service.ClientNodeImpl.updateStatistics(ClientNodeImpl.java:266) ~[evosuite.jar:1.0.7-SNAPSHOT]
	at org.evosuite.statistics.StatisticsSender.sendIndividualToMaster(StatisticsSender.java:68) [evosuite.jar:1.0.7-SNAPSHOT]
	at org.evosuite.statistics.StatisticsListener.lambda$new$0(StatisticsListener.java:69) [evosuite.jar:1.0.7-SNAPSHOT]
	at java.lang.Thread.run(Thread.java:748) ~[na:1.8.0_161]
Caused by: java.rmi.UnmarshalException: error unmarshalling arguments; nested exception is: 
	java.lang.ClassNotFoundException: Class 'com/alibaba/fastjson/parser/deserializer/FastjsonASMDeserializer_1_SQLSyntaxErrorException.class' should be in target project, but could not be found!
	at sun.rmi.server.UnicastServerRef.dispatch(UnicastServerRef.java:352) ~[na:1.8.0_161]
	at sun.rmi.transport.Transport$1.run(Transport.java:200) ~[na:1.8.0_161]
	at sun.rmi.transport.Transport$1.run(Transport.java:197) ~[na:1.8.0_161]
	at java.security.AccessController.doPrivileged(Native Method) ~[na:1.8.0_161]
	at sun.rmi.transport.Transport.serviceCall(Transport.java:196) ~[na:1.8.0_161]
	at sun.rmi.transport.tcp.TCPTransport.handleMessages(TCPTransport.java:568) ~[na:1.8.0_161]
	at sun.rmi.transport.tcp.TCPTransport$ConnectionHandler.run0(TCPTransport.java:826) ~[na:1.8.0_161]
	at sun.rmi.transport.tcp.TCPTransport$ConnectionHandler.lambda$run$0(TCPTransport.java:683) ~[na:1.8.0_161]
	at java.security.AccessController.doPrivileged(Native Method) ~[na:1.8.0_161]
	at sun.rmi.transport.tcp.TCPTransport$ConnectionHandler.run(TCPTransport.java:682) ~[na:1.8.0_161]
	at java.util.concurrent.ThreadPoolExecutor.runWorker(ThreadPoolExecutor.java:1149) ~[na:1.8.0_161]
	at java.util.concurrent.ThreadPoolExecutor$Worker.run(ThreadPoolExecutor.java:624) ~[na:1.8.0_161]
	... 1 common frames omitted
Caused by: java.lang.ClassNotFoundException: Class 'com/alibaba/fastjson/parser/deserializer/FastjsonASMDeserializer_1_SQLSyntaxErrorException.class' should be in target project, but could not be found!
	at org.evosuite.instrumentation.InstrumentingClassLoader.instrumentClass(InstrumentingClassLoader.java:203) ~[evosuite.jar:1.0.7-SNAPSHOT]
	at org.evosuite.instrumentation.InstrumentingClassLoader.loadClass(InstrumentingClassLoader.java:168) ~[evosuite.jar:1.0.7-SNAPSHOT]
	at org.evosuite.utils.generic.GenericClass.getClass(GenericClass.java:149) ~[evosuite.jar:1.0.7-SNAPSHOT]
	at org.evosuite.utils.generic.GenericClass.getClass(GenericClass.java:115) ~[evosuite.jar:1.0.7-SNAPSHOT]
	at org.evosuite.utils.generic.GenericClass.readObject(GenericClass.java:1720) ~[evosuite.jar:1.0.7-SNAPSHOT]
	at sun.reflect.GeneratedMethodAccessor9.invoke(Unknown Source) ~[na:na]
	at sun.reflect.DelegatingMethodAccessorImpl.invoke(DelegatingMethodAccessorImpl.java:43) ~[na:1.8.0_161]
	at java.lang.reflect.Method.invoke(Method.java:498) ~[na:1.8.0_161]
	at java.io.ObjectStreamClass.invokeReadObject(ObjectStreamClass.java:1158) ~[na:1.8.0_161]
	at java.io.ObjectInputStream.readSerialData(ObjectInputStream.java:2168) ~[na:1.8.0_161]
	at java.io.ObjectInputStream.readOrdinaryObject(ObjectInputStream.java:2059) ~[na:1.8.0_161]
	at java.io.ObjectInputStream.readObject0(ObjectInputStream.java:1566) ~[na:1.8.0_161]
	at java.io.ObjectInputStream.defaultReadFields(ObjectInputStream.java:2277) ~[na:1.8.0_161]
	at java.io.ObjectInputStream.readSerialData(ObjectInputStream.java:2201) ~[na:1.8.0_161]
	at java.io.ObjectInputStream.readOrdinaryObject(ObjectInputStream.java:2059) ~[na:1.8.0_161]
	at java.io.ObjectInputStream.readObject0(ObjectInputStream.java:1566) ~[na:1.8.0_161]
	at java.io.ObjectInputStream.defaultReadFields(ObjectInputStream.java:2277) ~[na:1.8.0_161]
	at java.io.ObjectInputStream.readSerialData(ObjectInputStream.java:2201) ~[na:1.8.0_161]
	at java.io.ObjectInputStream.readOrdinaryObject(ObjectInputStream.java:2059) ~[na:1.8.0_161]
	at java.io.ObjectInputStream.readObject0(ObjectInputStream.java:1566) ~[na:1.8.0_161]
	at java.io.ObjectInputStream.readObject(ObjectInputStream.java:426) ~[na:1.8.0_161]
	at java.util.ArrayList.readObject(ArrayList.java:797) ~[na:1.8.0_161]
	at sun.reflect.GeneratedMethodAccessor7.invoke(Unknown Source) ~[na:na]
	at sun.reflect.DelegatingMethodAccessorImpl.invoke(DelegatingMethodAccessorImpl.java:43) ~[na:1.8.0_161]
	at java.lang.reflect.Method.invoke(Method.java:498) ~[na:1.8.0_161]
	at java.io.ObjectStreamClass.invokeReadObject(ObjectStreamClass.java:1158) ~[na:1.8.0_161]
	at java.io.ObjectInputStream.readSerialData(ObjectInputStream.java:2168) ~[na:1.8.0_161]
	at java.io.ObjectInputStream.readOrdinaryObject(ObjectInputStream.java:2059) ~[na:1.8.0_161]
	at java.io.ObjectInputStream.readObject0(ObjectInputStream.java:1566) ~[na:1.8.0_161]
	at java.io.ObjectInputStream.defaultReadFields(ObjectInputStream.java:2277) ~[na:1.8.0_161]
	at java.io.ObjectInputStream.readSerialData(ObjectInputStream.java:2201) ~[na:1.8.0_161]
	at java.io.ObjectInputStream.readOrdinaryObject(ObjectInputStream.java:2059) ~[na:1.8.0_161]
	at java.io.ObjectInputStream.readObject0(ObjectInputStream.java:1566) ~[na:1.8.0_161]
	at java.io.ObjectInputStream.defaultReadFields(ObjectInputStream.java:2277) ~[na:1.8.0_161]
	at java.io.ObjectInputStream.defaultReadObject(ObjectInputStream.java:556) ~[na:1.8.0_161]
	at org.evosuite.testcase.DefaultTestCase.readObject(DefaultTestCase.java:1103) ~[evosuite.jar:1.0.7-SNAPSHOT]
	at sun.reflect.GeneratedMethodAccessor15.invoke(Unknown Source) ~[na:na]
	at sun.reflect.DelegatingMethodAccessorImpl.invoke(DelegatingMethodAccessorImpl.java:43) ~[na:1.8.0_161]
	at java.lang.reflect.Method.invoke(Method.java:498) ~[na:1.8.0_161]
	at java.io.ObjectStreamClass.invokeReadObject(ObjectStreamClass.java:1158) ~[na:1.8.0_161]
	at java.io.ObjectInputStream.readSerialData(ObjectInputStream.java:2168) ~[na:1.8.0_161]
	at java.io.ObjectInputStream.readOrdinaryObject(ObjectInputStream.java:2059) ~[na:1.8.0_161]
	at java.io.ObjectInputStream.readObject0(ObjectInputStream.java:1566) ~[na:1.8.0_161]
	at java.io.ObjectInputStream.defaultReadFields(ObjectInputStream.java:2277) ~[na:1.8.0_161]
	at java.io.ObjectInputStream.readSerialData(ObjectInputStream.java:2201) ~[na:1.8.0_161]
	at java.io.ObjectInputStream.readOrdinaryObject(ObjectInputStream.java:2059) ~[na:1.8.0_161]
	at java.io.ObjectInputStream.readObject0(ObjectInputStream.java:1566) ~[na:1.8.0_161]
	at java.io.ObjectInputStream.readObject(ObjectInputStream.java:426) ~[na:1.8.0_161]
	at java.util.ArrayList.readObject(ArrayList.java:797) ~[na:1.8.0_161]
	at sun.reflect.GeneratedMethodAccessor7.invoke(Unknown Source) ~[na:na]
	at sun.reflect.DelegatingMethodAccessorImpl.invoke(DelegatingMethodAccessorImpl.java:43) ~[na:1.8.0_161]
	at java.lang.reflect.Method.invoke(Method.java:498) ~[na:1.8.0_161]
	at java.io.ObjectStreamClass.invokeReadObject(ObjectStreamClass.java:1158) ~[na:1.8.0_161]
	at java.io.ObjectInputStream.readSerialData(ObjectInputStream.java:2168) ~[na:1.8.0_161]
	at java.io.ObjectInputStream.readOrdinaryObject(ObjectInputStream.java:2059) ~[na:1.8.0_161]
	at java.io.ObjectInputStream.readObject0(ObjectInputStream.java:1566) ~[na:1.8.0_161]
	at java.io.ObjectInputStream.defaultReadFields(ObjectInputStream.java:2277) ~[na:1.8.0_161]
	at java.io.ObjectInputStream.readSerialData(ObjectInputStream.java:2201) ~[na:1.8.0_161]
	at java.io.ObjectInputStream.readOrdinaryObject(ObjectInputStream.java:2059) ~[na:1.8.0_161]
	at java.io.ObjectInputStream.readObject0(ObjectInputStream.java:1566) ~[na:1.8.0_161]
	at java.io.ObjectInputStream.readObject(ObjectInputStream.java:426) ~[na:1.8.0_161]
	at sun.rmi.server.UnicastRef.unmarshalValue(UnicastRef.java:322) ~[na:1.8.0_161]
	at sun.rmi.server.UnicastServerRef.dispatch(UnicastServerRef.java:341) ~[na:1.8.0_161]
	... 12 common frames omitted
Caused by: java.lang.ClassNotFoundException: Class 'com/alibaba/fastjson/parser/deserializer/FastjsonASMDeserializer_1_SQLSyntaxErrorException.class' should be in target project, but could not be found!
	at org.evosuite.instrumentation.InstrumentingClassLoader.instrumentClass(InstrumentingClassLoader.java:190) ~[evosuite.jar:1.0.7-SNAPSHOT]
	... 74 common frames omitted
[MASTER] 16:52:59.981 [logback-2] ERROR TestCluster - Failed to check cache for java.util.Enumeration<E> : Type points to itself
[MASTER] 16:53:17.057 [logback-2] ERROR TestCluster - Failed to check cache for java.util.Comparator<T> : Type points to itself
[MASTER] 16:53:19.671 [logback-2] ERROR TestCluster - Failed to check cache for java.util.function.Function<T, R> : Type points to itself
* Search finished after 62s and 105 generations, 55397 statements, best individual has fitness: 612.0
* Minimizing test suite
* Search finished after 65s and 48 generations, 37280 statements, best individual has fitness: 4223.0
[MASTER] 16:53:55.774 [logback-2] ERROR ClientNodeImpl - Cannot inform master of change of state
java.rmi.ServerException: RemoteException occurred in server thread; nested exception is: 
	java.rmi.UnmarshalException: error unmarshalling arguments; nested exception is: 
	java.lang.ClassNotFoundException: Class 'com/alibaba/fastjson/parser/deserializer/FastjsonASMDeserializer_1_SQLSyntaxErrorException.class' should be in target project, but could not be found!
	at sun.rmi.server.UnicastServerRef.dispatch(UnicastServerRef.java:393) ~[na:1.8.0_161]
	at sun.rmi.transport.Transport$1.run(Transport.java:200) ~[na:1.8.0_161]
	at sun.rmi.transport.Transport$1.run(Transport.java:197) ~[na:1.8.0_161]
	at java.security.AccessController.doPrivileged(Native Method) ~[na:1.8.0_161]
	at sun.rmi.transport.Transport.serviceCall(Transport.java:196) ~[na:1.8.0_161]
	at sun.rmi.transport.tcp.TCPTransport.handleMessages(TCPTransport.java:568) ~[na:1.8.0_161]
	at sun.rmi.transport.tcp.TCPTransport$ConnectionHandler.run0(TCPTransport.java:826) ~[na:1.8.0_161]
	at sun.rmi.transport.tcp.TCPTransport$ConnectionHandler.lambda$run$0(TCPTransport.java:683) ~[na:1.8.0_161]
	at java.security.AccessController.doPrivileged(Native Method) ~[na:1.8.0_161]
	at sun.rmi.transport.tcp.TCPTransport$ConnectionHandler.run(TCPTransport.java:682) ~[na:1.8.0_161]
	at java.util.concurrent.ThreadPoolExecutor.runWorker(ThreadPoolExecutor.java:1149) ~[na:1.8.0_161]
	at java.util.concurrent.ThreadPoolExecutor$Worker.run(ThreadPoolExecutor.java:624) ~[na:1.8.0_161]
	at java.lang.Thread.run(Thread.java:748) ~[na:1.8.0_161]
	at sun.rmi.transport.StreamRemoteCall.exceptionReceivedFromServer(StreamRemoteCall.java:283) ~[na:1.8.0_161]
	at sun.rmi.transport.StreamRemoteCall.executeCall(StreamRemoteCall.java:260) ~[na:1.8.0_161]
	at sun.rmi.server.UnicastRef.invoke(UnicastRef.java:161) ~[na:1.8.0_161]
	at java.rmi.server.RemoteObjectInvocationHandler.invokeRemoteMethod(RemoteObjectInvocationHandler.java:227) ~[na:1.8.0_161]
	at java.rmi.server.RemoteObjectInvocationHandler.invoke(RemoteObjectInvocationHandler.java:179) ~[na:1.8.0_161]
	at com.sun.proxy.$Proxy7.evosuite_collectStatistics(Unknown Source) ~[na:na]
	at org.evosuite.rmi.service.ClientNodeImpl.updateStatistics(ClientNodeImpl.java:266) ~[evosuite.jar:1.0.7-SNAPSHOT]
	at org.evosuite.statistics.StatisticsSender.sendIndividualToMaster(StatisticsSender.java:68) [evosuite.jar:1.0.7-SNAPSHOT]
	at org.evosuite.statistics.StatisticsListener.lambda$new$0(StatisticsListener.java:69) [evosuite.jar:1.0.7-SNAPSHOT]
	at java.lang.Thread.run(Thread.java:748) ~[na:1.8.0_161]
Caused by: java.rmi.UnmarshalException: error unmarshalling arguments; nested exception is: 
	java.lang.ClassNotFoundException: Class 'com/alibaba/fastjson/parser/deserializer/FastjsonASMDeserializer_1_SQLSyntaxErrorException.class' should be in target project, but could not be found!
	at sun.rmi.server.UnicastServerRef.dispatch(UnicastServerRef.java:352) ~[na:1.8.0_161]
	at sun.rmi.transport.Transport$1.run(Transport.java:200) ~[na:1.8.0_161]
	at sun.rmi.transport.Transport$1.run(Transport.java:197) ~[na:1.8.0_161]
	at java.security.AccessController.doPrivileged(Native Method) ~[na:1.8.0_161]
	at sun.rmi.transport.Transport.serviceCall(Transport.java:196) ~[na:1.8.0_161]
	at sun.rmi.transport.tcp.TCPTransport.handleMessages(TCPTransport.java:568) ~[na:1.8.0_161]
	at sun.rmi.transport.tcp.TCPTransport$ConnectionHandler.run0(TCPTransport.java:826) ~[na:1.8.0_161]
	at sun.rmi.transport.tcp.TCPTransport$ConnectionHandler.lambda$run$0(TCPTransport.java:683) ~[na:1.8.0_161]
	at java.security.AccessController.doPrivileged(Native Method) ~[na:1.8.0_161]
	at sun.rmi.transport.tcp.TCPTransport$ConnectionHandler.run(TCPTransport.java:682) ~[na:1.8.0_161]
	at java.util.concurrent.ThreadPoolExecutor.runWorker(ThreadPoolExecutor.java:1149) ~[na:1.8.0_161]
	at java.util.concurrent.ThreadPoolExecutor$Worker.run(ThreadPoolExecutor.java:624) ~[na:1.8.0_161]
	... 1 common frames omitted
Caused by: java.lang.ClassNotFoundException: Class 'com/alibaba/fastjson/parser/deserializer/FastjsonASMDeserializer_1_SQLSyntaxErrorException.class' should be in target project, but could not be found!
	at org.evosuite.instrumentation.InstrumentingClassLoader.instrumentClass(InstrumentingClassLoader.java:203) ~[evosuite.jar:1.0.7-SNAPSHOT]
	at org.evosuite.instrumentation.InstrumentingClassLoader.loadClass(InstrumentingClassLoader.java:168) ~[evosuite.jar:1.0.7-SNAPSHOT]
	at org.evosuite.utils.generic.GenericClass.getClass(GenericClass.java:149) ~[evosuite.jar:1.0.7-SNAPSHOT]
	at org.evosuite.utils.generic.GenericClass.getClass(GenericClass.java:115) ~[evosuite.jar:1.0.7-SNAPSHOT]
	at org.evosuite.utils.generic.GenericClass.readObject(GenericClass.java:1720) ~[evosuite.jar:1.0.7-SNAPSHOT]
	at sun.reflect.GeneratedMethodAccessor9.invoke(Unknown Source) ~[na:na]
	at sun.reflect.DelegatingMethodAccessorImpl.invoke(DelegatingMethodAccessorImpl.java:43) ~[na:1.8.0_161]
	at java.lang.reflect.Method.invoke(Method.java:498) ~[na:1.8.0_161]
	at java.io.ObjectStreamClass.invokeReadObject(ObjectStreamClass.java:1158) ~[na:1.8.0_161]
	at java.io.ObjectInputStream.readSerialData(ObjectInputStream.java:2168) ~[na:1.8.0_161]
	at java.io.ObjectInputStream.readOrdinaryObject(ObjectInputStream.java:2059) ~[na:1.8.0_161]
	at java.io.ObjectInputStream.readObject0(ObjectInputStream.java:1566) ~[na:1.8.0_161]
	at java.io.ObjectInputStream.defaultReadFields(ObjectInputStream.java:2277) ~[na:1.8.0_161]
	at java.io.ObjectInputStream.readSerialData(ObjectInputStream.java:2201) ~[na:1.8.0_161]
	at java.io.ObjectInputStream.readOrdinaryObject(ObjectInputStream.java:2059) ~[na:1.8.0_161]
	at java.io.ObjectInputStream.readObject0(ObjectInputStream.java:1566) ~[na:1.8.0_161]
	at java.io.ObjectInputStream.defaultReadFields(ObjectInputStream.java:2277) ~[na:1.8.0_161]
	at java.io.ObjectInputStream.readSerialData(ObjectInputStream.java:2201) ~[na:1.8.0_161]
	at java.io.ObjectInputStream.readOrdinaryObject(ObjectInputStream.java:2059) ~[na:1.8.0_161]
	at java.io.ObjectInputStream.readObject0(ObjectInputStream.java:1566) ~[na:1.8.0_161]
	at java.io.ObjectInputStream.readObject(ObjectInputStream.java:426) ~[na:1.8.0_161]
	at java.util.ArrayList.readObject(ArrayList.java:797) ~[na:1.8.0_161]
	at sun.reflect.GeneratedMethodAccessor7.invoke(Unknown Source) ~[na:na]
	at sun.reflect.DelegatingMethodAccessorImpl.invoke(DelegatingMethodAccessorImpl.java:43) ~[na:1.8.0_161]
	at java.lang.reflect.Method.invoke(Method.java:498) ~[na:1.8.0_161]
	at java.io.ObjectStreamClass.invokeReadObject(ObjectStreamClass.java:1158) ~[na:1.8.0_161]
	at java.io.ObjectInputStream.readSerialData(ObjectInputStream.java:2168) ~[na:1.8.0_161]
	at java.io.ObjectInputStream.readOrdinaryObject(ObjectInputStream.java:2059) ~[na:1.8.0_161]
	at java.io.ObjectInputStream.readObject0(ObjectInputStream.java:1566) ~[na:1.8.0_161]
	at java.io.ObjectInputStream.defaultReadFields(ObjectInputStream.java:2277) ~[na:1.8.0_161]
	at java.io.ObjectInputStream.readSerialData(ObjectInputStream.java:2201) ~[na:1.8.0_161]
	at java.io.ObjectInputStream.readOrdinaryObject(ObjectInputStream.java:2059) ~[na:1.8.0_161]
	at java.io.ObjectInputStream.readObject0(ObjectInputStream.java:1566) ~[na:1.8.0_161]
	at java.io.ObjectInputStream.defaultReadFields(ObjectInputStream.java:2277) ~[na:1.8.0_161]
	at java.io.ObjectInputStream.defaultReadObject(ObjectInputStream.java:556) ~[na:1.8.0_161]
	at org.evosuite.testcase.DefaultTestCase.readObject(DefaultTestCase.java:1103) ~[evosuite.jar:1.0.7-SNAPSHOT]
	at sun.reflect.GeneratedMethodAccessor15.invoke(Unknown Source) ~[na:na]
	at sun.reflect.DelegatingMethodAccessorImpl.invoke(DelegatingMethodAccessorImpl.java:43) ~[na:1.8.0_161]
	at java.lang.reflect.Method.invoke(Method.java:498) ~[na:1.8.0_161]
	at java.io.ObjectStreamClass.invokeReadObject(ObjectStreamClass.java:1158) ~[na:1.8.0_161]
	at java.io.ObjectInputStream.readSerialData(ObjectInputStream.java:2168) ~[na:1.8.0_161]
	at java.io.ObjectInputStream.readOrdinaryObject(ObjectInputStream.java:2059) ~[na:1.8.0_161]
	at java.io.ObjectInputStream.readObject0(ObjectInputStream.java:1566) ~[na:1.8.0_161]
	at java.io.ObjectInputStream.defaultReadFields(ObjectInputStream.java:2277) ~[na:1.8.0_161]
	at java.io.ObjectInputStream.readSerialData(ObjectInputStream.java:2201) ~[na:1.8.0_161]
	at java.io.ObjectInputStream.readOrdinaryObject(ObjectInputStream.java:2059) ~[na:1.8.0_161]
	at java.io.ObjectInputStream.readObject0(ObjectInputStream.java:1566) ~[na:1.8.0_161]
	at java.io.ObjectInputStream.readObject(ObjectInputStream.java:426) ~[na:1.8.0_161]
	at java.util.ArrayList.readObject(ArrayList.java:797) ~[na:1.8.0_161]
	at sun.reflect.GeneratedMethodAccessor7.invoke(Unknown Source) ~[na:na]
	at sun.reflect.DelegatingMethodAccessorImpl.invoke(DelegatingMethodAccessorImpl.java:43) ~[na:1.8.0_161]
	at java.lang.reflect.Method.invoke(Method.java:498) ~[na:1.8.0_161]
	at java.io.ObjectStreamClass.invokeReadObject(ObjectStreamClass.java:1158) ~[na:1.8.0_161]
	at java.io.ObjectInputStream.readSerialData(ObjectInputStream.java:2168) ~[na:1.8.0_161]
	at java.io.ObjectInputStream.readOrdinaryObject(ObjectInputStream.java:2059) ~[na:1.8.0_161]
	at java.io.ObjectInputStream.readObject0(ObjectInputStream.java:1566) ~[na:1.8.0_161]
	at java.io.ObjectInputStream.defaultReadFields(ObjectInputStream.java:2277) ~[na:1.8.0_161]
	at java.io.ObjectInputStream.readSerialData(ObjectInputStream.java:2201) ~[na:1.8.0_161]
	at java.io.ObjectInputStream.readOrdinaryObject(ObjectInputStream.java:2059) ~[na:1.8.0_161]
	at java.io.ObjectInputStream.readObject0(ObjectInputStream.java:1566) ~[na:1.8.0_161]
	at java.io.ObjectInputStream.readObject(ObjectInputStream.java:426) ~[na:1.8.0_161]
	at sun.rmi.server.UnicastRef.unmarshalValue(UnicastRef.java:322) ~[na:1.8.0_161]
	at sun.rmi.server.UnicastServerRef.dispatch(UnicastServerRef.java:341) ~[na:1.8.0_161]
	... 12 common frames omitted
Caused by: java.lang.ClassNotFoundException: Class 'com/alibaba/fastjson/parser/deserializer/FastjsonASMDeserializer_1_SQLSyntaxErrorException.class' should be in target project, but could not be found!
	at org.evosuite.instrumentation.InstrumentingClassLoader.instrumentClass(InstrumentingClassLoader.java:190) ~[evosuite.jar:1.0.7-SNAPSHOT]
	... 74 common frames omitted
[MASTER] 16:53:58.319 [logback-2] ERROR ClientNodeImpl - Cannot inform master of change of state
java.rmi.ServerException: RemoteException occurred in server thread; nested exception is: 
	java.rmi.UnmarshalException: error unmarshalling arguments; nested exception is: 
	java.lang.ClassNotFoundException: Class 'com/alibaba/fastjson/parser/deserializer/FastjsonASMDeserializer_1_SQLSyntaxErrorException.class' should be in target project, but could not be found!
	at sun.rmi.server.UnicastServerRef.dispatch(UnicastServerRef.java:393) ~[na:1.8.0_161]
	at sun.rmi.transport.Transport$1.run(Transport.java:200) ~[na:1.8.0_161]
	at sun.rmi.transport.Transport$1.run(Transport.java:197) ~[na:1.8.0_161]
	at java.security.AccessController.doPrivileged(Native Method) ~[na:1.8.0_161]
	at sun.rmi.transport.Transport.serviceCall(Transport.java:196) ~[na:1.8.0_161]
	at sun.rmi.transport.tcp.TCPTransport.handleMessages(TCPTransport.java:568) ~[na:1.8.0_161]
	at sun.rmi.transport.tcp.TCPTransport$ConnectionHandler.run0(TCPTransport.java:826) ~[na:1.8.0_161]
	at sun.rmi.transport.tcp.TCPTransport$ConnectionHandler.lambda$run$0(TCPTransport.java:683) ~[na:1.8.0_161]
	at java.security.AccessController.doPrivileged(Native Method) ~[na:1.8.0_161]
	at sun.rmi.transport.tcp.TCPTransport$ConnectionHandler.run(TCPTransport.java:682) ~[na:1.8.0_161]
	at java.util.concurrent.ThreadPoolExecutor.runWorker(ThreadPoolExecutor.java:1149) ~[na:1.8.0_161]
	at java.util.concurrent.ThreadPoolExecutor$Worker.run(ThreadPoolExecutor.java:624) ~[na:1.8.0_161]
	at java.lang.Thread.run(Thread.java:748) ~[na:1.8.0_161]
	at sun.rmi.transport.StreamRemoteCall.exceptionReceivedFromServer(StreamRemoteCall.java:283) ~[na:1.8.0_161]
	at sun.rmi.transport.StreamRemoteCall.executeCall(StreamRemoteCall.java:260) ~[na:1.8.0_161]
	at sun.rmi.server.UnicastRef.invoke(UnicastRef.java:161) ~[na:1.8.0_161]
	at java.rmi.server.RemoteObjectInvocationHandler.invokeRemoteMethod(RemoteObjectInvocationHandler.java:227) ~[na:1.8.0_161]
	at java.rmi.server.RemoteObjectInvocationHandler.invoke(RemoteObjectInvocationHandler.java:179) ~[na:1.8.0_161]
	at com.sun.proxy.$Proxy7.evosuite_collectStatistics(Unknown Source) ~[na:na]
	at org.evosuite.rmi.service.ClientNodeImpl.updateStatistics(ClientNodeImpl.java:266) [evosuite.jar:1.0.7-SNAPSHOT]
	at org.evosuite.statistics.StatisticsSender.sendIndividualToMaster(StatisticsSender.java:68) [evosuite.jar:1.0.7-SNAPSHOT]
	at org.evosuite.statistics.StatisticsSender.executedAndThenSendIndividualToMaster(StatisticsSender.java:98) [evosuite.jar:1.0.7-SNAPSHOT]
	at org.evosuite.TestSuiteGenerator.generateTests(TestSuiteGenerator.java:687) [evosuite.jar:1.0.7-SNAPSHOT]
	at org.evosuite.TestSuiteGenerator.generateTestSuite(TestSuiteGenerator.java:245) [evosuite.jar:1.0.7-SNAPSHOT]
	at org.evosuite.rmi.service.ClientNodeImpl.lambda$startNewSearch$0(ClientNodeImpl.java:155) [evosuite.jar:1.0.7-SNAPSHOT]
	at java.util.concurrent.Executors$RunnableAdapter.call(Executors.java:511) ~[na:1.8.0_161]
	at java.util.concurrent.FutureTask.run(FutureTask.java:266) ~[na:1.8.0_161]
	at java.util.concurrent.ThreadPoolExecutor.runWorker(ThreadPoolExecutor.java:1149) ~[na:1.8.0_161]
	at java.util.concurrent.ThreadPoolExecutor$Worker.run(ThreadPoolExecutor.java:624) ~[na:1.8.0_161]
	at java.lang.Thread.run(Thread.java:748) ~[na:1.8.0_161]
Caused by: java.rmi.UnmarshalException: error unmarshalling arguments; nested exception is: 
	java.lang.ClassNotFoundException: Class 'com/alibaba/fastjson/parser/deserializer/FastjsonASMDeserializer_1_SQLSyntaxErrorException.class' should be in target project, but could not be found!
	at sun.rmi.server.UnicastServerRef.dispatch(UnicastServerRef.java:352) ~[na:1.8.0_161]
	at sun.rmi.transport.Transport$1.run(Transport.java:200) ~[na:1.8.0_161]
	at sun.rmi.transport.Transport$1.run(Transport.java:197) ~[na:1.8.0_161]
	at java.security.AccessController.doPrivileged(Native Method) ~[na:1.8.0_161]
	at sun.rmi.transport.Transport.serviceCall(Transport.java:196) ~[na:1.8.0_161]
	at sun.rmi.transport.tcp.TCPTransport.handleMessages(TCPTransport.java:568) ~[na:1.8.0_161]
	at sun.rmi.transport.tcp.TCPTransport$ConnectionHandler.run0(TCPTransport.java:826) ~[na:1.8.0_161]
	at sun.rmi.transport.tcp.TCPTransport$ConnectionHandler.lambda$run$0(TCPTransport.java:683) ~[na:1.8.0_161]
	at java.security.AccessController.doPrivileged(Native Method) ~[na:1.8.0_161]
	at sun.rmi.transport.tcp.TCPTransport$ConnectionHandler.run(TCPTransport.java:682) ~[na:1.8.0_161]
	... 3 common frames omitted
Caused by: java.lang.ClassNotFoundException: Class 'com/alibaba/fastjson/parser/deserializer/FastjsonASMDeserializer_1_SQLSyntaxErrorException.class' should be in target project, but could not be found!
	at org.evosuite.instrumentation.InstrumentingClassLoader.instrumentClass(InstrumentingClassLoader.java:203) ~[evosuite.jar:1.0.7-SNAPSHOT]
	at org.evosuite.instrumentation.InstrumentingClassLoader.loadClass(InstrumentingClassLoader.java:168) ~[evosuite.jar:1.0.7-SNAPSHOT]
	at org.evosuite.utils.generic.GenericClass.getClass(GenericClass.java:149) ~[evosuite.jar:1.0.7-SNAPSHOT]
	at org.evosuite.utils.generic.GenericClass.getClass(GenericClass.java:115) ~[evosuite.jar:1.0.7-SNAPSHOT]
	at org.evosuite.utils.generic.GenericClass.readObject(GenericClass.java:1720) ~[evosuite.jar:1.0.7-SNAPSHOT]
	at sun.reflect.GeneratedMethodAccessor9.invoke(Unknown Source) ~[na:na]
	at sun.reflect.DelegatingMethodAccessorImpl.invoke(DelegatingMethodAccessorImpl.java:43) ~[na:1.8.0_161]
	at java.lang.reflect.Method.invoke(Method.java:498) ~[na:1.8.0_161]
	at java.io.ObjectStreamClass.invokeReadObject(ObjectStreamClass.java:1158) ~[na:1.8.0_161]
	at java.io.ObjectInputStream.readSerialData(ObjectInputStream.java:2168) ~[na:1.8.0_161]
	at java.io.ObjectInputStream.readOrdinaryObject(ObjectInputStream.java:2059) ~[na:1.8.0_161]
	at java.io.ObjectInputStream.readObject0(ObjectInputStream.java:1566) ~[na:1.8.0_161]
	at java.io.ObjectInputStream.defaultReadFields(ObjectInputStream.java:2277) ~[na:1.8.0_161]
	at java.io.ObjectInputStream.readSerialData(ObjectInputStream.java:2201) ~[na:1.8.0_161]
	at java.io.ObjectInputStream.readOrdinaryObject(ObjectInputStream.java:2059) ~[na:1.8.0_161]
	at java.io.ObjectInputStream.readObject0(ObjectInputStream.java:1566) ~[na:1.8.0_161]
	at java.io.ObjectInputStream.defaultReadFields(ObjectInputStream.java:2277) ~[na:1.8.0_161]
	at java.io.ObjectInputStream.readSerialData(ObjectInputStream.java:2201) ~[na:1.8.0_161]
	at java.io.ObjectInputStream.readOrdinaryObject(ObjectInputStream.java:2059) ~[na:1.8.0_161]
	at java.io.ObjectInputStream.readObject0(ObjectInputStream.java:1566) ~[na:1.8.0_161]
	at java.io.ObjectInputStream.readObject(ObjectInputStream.java:426) ~[na:1.8.0_161]
	at java.util.ArrayList.readObject(ArrayList.java:797) ~[na:1.8.0_161]
	at sun.reflect.GeneratedMethodAccessor7.invoke(Unknown Source) ~[na:na]
	at sun.reflect.DelegatingMethodAccessorImpl.invoke(DelegatingMethodAccessorImpl.java:43) ~[na:1.8.0_161]
	at java.lang.reflect.Method.invoke(Method.java:498) ~[na:1.8.0_161]
	at java.io.ObjectStreamClass.invokeReadObject(ObjectStreamClass.java:1158) ~[na:1.8.0_161]
	at java.io.ObjectInputStream.readSerialData(ObjectInputStream.java:2168) ~[na:1.8.0_161]
	at java.io.ObjectInputStream.readOrdinaryObject(ObjectInputStream.java:2059) ~[na:1.8.0_161]
	at java.io.ObjectInputStream.readObject0(ObjectInputStream.java:1566) ~[na:1.8.0_161]
	at java.io.ObjectInputStream.defaultReadFields(ObjectInputStream.java:2277) ~[na:1.8.0_161]
	at java.io.ObjectInputStream.readSerialData(ObjectInputStream.java:2201) ~[na:1.8.0_161]
	at java.io.ObjectInputStream.readOrdinaryObject(ObjectInputStream.java:2059) ~[na:1.8.0_161]
	at java.io.ObjectInputStream.readObject0(ObjectInputStream.java:1566) ~[na:1.8.0_161]
	at java.io.ObjectInputStream.defaultReadFields(ObjectInputStream.java:2277) ~[na:1.8.0_161]
	at java.io.ObjectInputStream.defaultReadObject(ObjectInputStream.java:556) ~[na:1.8.0_161]
	at org.evosuite.testcase.DefaultTestCase.readObject(DefaultTestCase.java:1103) ~[evosuite.jar:1.0.7-SNAPSHOT]
	at sun.reflect.GeneratedMethodAccessor15.invoke(Unknown Source) ~[na:na]
	at sun.reflect.DelegatingMethodAccessorImpl.invoke(DelegatingMethodAccessorImpl.java:43) ~[na:1.8.0_161]
	at java.lang.reflect.Method.invoke(Method.java:498) ~[na:1.8.0_161]
	at java.io.ObjectStreamClass.invokeReadObject(ObjectStreamClass.java:1158) ~[na:1.8.0_161]
	at java.io.ObjectInputStream.readSerialData(ObjectInputStream.java:2168) ~[na:1.8.0_161]
	at java.io.ObjectInputStream.readOrdinaryObject(ObjectInputStream.java:2059) ~[na:1.8.0_161]
	at java.io.ObjectInputStream.readObject0(ObjectInputStream.java:1566) ~[na:1.8.0_161]
	at java.io.ObjectInputStream.defaultReadFields(ObjectInputStream.java:2277) ~[na:1.8.0_161]
	at java.io.ObjectInputStream.readSerialData(ObjectInputStream.java:2201) ~[na:1.8.0_161]
	at java.io.ObjectInputStream.readOrdinaryObject(ObjectInputStream.java:2059) ~[na:1.8.0_161]
	at java.io.ObjectInputStream.readObject0(ObjectInputStream.java:1566) ~[na:1.8.0_161]
	at java.io.ObjectInputStream.readObject(ObjectInputStream.java:426) ~[na:1.8.0_161]
	at java.util.ArrayList.readObject(ArrayList.java:797) ~[na:1.8.0_161]
	at sun.reflect.GeneratedMethodAccessor7.invoke(Unknown Source) ~[na:na]
	at sun.reflect.DelegatingMethodAccessorImpl.invoke(DelegatingMethodAccessorImpl.java:43) ~[na:1.8.0_161]
	at java.lang.reflect.Method.invoke(Method.java:498) ~[na:1.8.0_161]
	at java.io.ObjectStreamClass.invokeReadObject(ObjectStreamClass.java:1158) ~[na:1.8.0_161]
	at java.io.ObjectInputStream.readSerialData(ObjectInputStream.java:2168) ~[na:1.8.0_161]
	at java.io.ObjectInputStream.readOrdinaryObject(ObjectInputStream.java:2059) ~[na:1.8.0_161]
	at java.io.ObjectInputStream.readObject0(ObjectInputStream.java:1566) ~[na:1.8.0_161]
	at java.io.ObjectInputStream.defaultReadFields(ObjectInputStream.java:2277) ~[na:1.8.0_161]
	at java.io.ObjectInputStream.readSerialData(ObjectInputStream.java:2201) ~[na:1.8.0_161]
	at java.io.ObjectInputStream.readOrdinaryObject(ObjectInputStream.java:2059) ~[na:1.8.0_161]
	at java.io.ObjectInputStream.readObject0(ObjectInputStream.java:1566) ~[na:1.8.0_161]
	at java.io.ObjectInputStream.readObject(ObjectInputStream.java:426) ~[na:1.8.0_161]
	at sun.rmi.server.UnicastRef.unmarshalValue(UnicastRef.java:322) ~[na:1.8.0_161]
	at sun.rmi.server.UnicastServerRef.dispatch(UnicastServerRef.java:341) ~[na:1.8.0_161]
	... 12 common frames omitted
Caused by: java.lang.ClassNotFoundException: Class 'com/alibaba/fastjson/parser/deserializer/FastjsonASMDeserializer_1_SQLSyntaxErrorException.class' should be in target project, but could not be found!
	at org.evosuite.instrumentation.InstrumentingClassLoader.instrumentClass(InstrumentingClassLoader.java:190) ~[evosuite.jar:1.0.7-SNAPSHOT]
	... 74 common frames omitted
[MASTER] 16:53:58.470 [logback-1] WARN  TimeController - Phase SEARCH lasted too long, 8 seconds more than allowed.
* Minimizing test suite
* Going to analyze the coverage criteria
* Coverage analysis for criterion LINE
* Coverage of criterion LINE: 80%
* Total number of goals: 435
* Number of covered goals: 347
* Coverage analysis for criterion BRANCH
* Coverage of criterion BRANCH: 77%
* Total number of goals: 283
* Number of covered goals: 218
* Coverage analysis for criterion EXCEPTION
* Coverage of criterion EXCEPTION: 96%
* Total number of goals: 104
* Number of covered goals: 100
* Coverage analysis for criterion WEAKMUTATION
* Coverage of criterion WEAKMUTATION: 76%
* Total number of goals: 716
* Number of covered goals: 542
* Coverage analysis for criterion OUTPUT
* Coverage of criterion OUTPUT: 33%
* Total number of goals: 197
* Number of covered goals: 65
* Coverage analysis for criterion METHOD
* Coverage of criterion METHOD: 93%
* Total number of goals: 83
* Number of covered goals: 77
* Coverage analysis for criterion METHODNOEXCEPTION
* Coverage of criterion METHODNOEXCEPTION: 80%
* Total number of goals: 83
* Number of covered goals: 66
* Coverage analysis for criterion CBRANCH
* Coverage of criterion CBRANCH: 69%
* Total number of goals: 283
* Number of covered goals: 195
* Generated 207 tests with total length 933
* Resulting test suite's coverage: 72% (average coverage for all fitness functions)
* Generating assertions
* Resulting test suite's mutation score: 27%
* Compiling and checking tests
[MASTER] 16:54:36.840 [logback-1] WARN  JUnitAnalyzer - Found unstable test named test0 -> class java.lang.AssertionError: Exception was not thrown in com.alibaba.fastjson.parser.DefaultJSONParser but in com.alibaba.fastjson.parser.JSONLexerBase.scanSymbolUnQuoted(JSONLexerBase.java:831): org.evosuite.runtime.mock.java.lang.MockThrowable: illegal identifier : pos 1, line 1, column 2 
[MASTER] 16:54:36.840 [logback-1] WARN  JUnitAnalyzer - Failing test:
 Class<JSONPObject> class0 = JSONPObject.class;
Charset charset0 = Charset.defaultCharset();
ParserConfig parserConfig0 = new ParserConfig(true);
byte[] byteArray0 = new byte[1];
JSON.parseObject(byteArray0, charset0, (Type) class0, parserConfig0, (ParseProcess) null, 2346, (Feature[]) null);

[MASTER] 16:54:38.561 [logback-1] WARN  JUnitAnalyzer - Found unstable test named test0 -> class java.lang.AssertionError: Exception was not thrown in com.alibaba.fastjson.parser.DefaultJSONParser but in com.alibaba.fastjson.parser.deserializer.JSONPDeserializer.deserialze(JSONPDeserializer.java:36): org.evosuite.runtime.mock.java.lang.MockThrowable: illegal jsonp : pos 5, line 1, column 6@type
[MASTER] 16:54:38.561 [logback-1] WARN  JUnitAnalyzer - Failing test:
 Class<JSONPObject> class0 = JSONPObject.class;
ObjectStreamClass objectStreamClass0 = ObjectStreamClass.lookupAny(class0);
Class<?> class1 = objectStreamClass0.forClass();
ClassLoader classLoader0 = ClassLoader.getSystemClassLoader();
ASMDeserializerFactory aSMDeserializerFactory0 = new ASMDeserializerFactory(classLoader0);
ParserConfig parserConfig0 = new ParserConfig(aSMDeserializerFactory0);
JSON.parseObject("@type", (Type) class1, parserConfig0, (Feature[]) null);

* Going to analyze the coverage criteria
* Coverage analysis for criterion LINE
* Coverage of criterion LINE: 48%
* Total number of goals: 2079
* Number of covered goals: 997
* Coverage analysis for criterion BRANCH
* Coverage of criterion BRANCH: 35%
* Total number of goals: 1850
* Number of covered goals: 648
* Coverage analysis for criterion EXCEPTION
* Coverage of criterion EXCEPTION: 99%
* Total number of goals: 83
* Number of covered goals: 82
* Coverage analysis for criterion WEAKMUTATION
* Coverage of criterion WEAKMUTATION: 52%
* Total number of goals: 913
* Number of covered goals: 475
* Coverage analysis for criterion OUTPUT
* Coverage of criterion OUTPUT: 61%
* Total number of goals: 114
* Number of covered goals: 69
* Coverage analysis for criterion METHOD
* Coverage of criterion METHOD: 98%
* Total number of goals: 126
* Number of covered goals: 124
* Coverage analysis for criterion METHODNOEXCEPTION
* Coverage of criterion METHODNOEXCEPTION: 86%
* Total number of goals: 126
* Number of covered goals: 108
* Coverage analysis for criterion CBRANCH
* Coverage of criterion CBRANCH: 33%
* Total number of goals: 1850
* Number of covered goals: 606
* Generated 253 tests with total length 906
* Resulting test suite's coverage: 46% (average coverage for all fitness functions)
* Generating assertions
[MASTER] 16:54:57.735 [logback-1] WARN  JUnitAnalyzer - Found unstable test named test0 -> class java.lang.ClassCastException: com.alibaba.fastjson.JSONObject cannot be cast to java.util.TreeMap
[MASTER] 16:54:57.735 [logback-1] WARN  JUnitAnalyzer - Failing test:
 SerializeConfig serializeConfig0 = SerializeConfig.getGlobalInstance();
TreeMap<JSONArray, JSONPObject> treeMap0 = new TreeMap<JSONArray, JSONPObject>();
TreeMap treeMap1 = (TreeMap)JSON.toJSON((Object) treeMap0, serializeConfig0);
assertEquals(3089, JSON.DEFAULT_GENERATE_FEATURE);


[MASTER] 16:54:58.130 [logback-1] WARN  JUnitAnalyzer - Found unstable test named test0 -> class java.lang.ClassCastException: com.alibaba.fastjson.JSONObject cannot be cast to java.util.LinkedHashMap
[MASTER] 16:54:58.130 [logback-1] WARN  JUnitAnalyzer - Failing test:
 LinkedHashMap<Object, PascalNameFilter> linkedHashMap0 = new LinkedHashMap<Object, PascalNameFilter>();
SerializeConfig serializeConfig0 = new SerializeConfig(true);
LinkedHashMap linkedHashMap1 = (LinkedHashMap)JSON.toJSON((Object) linkedHashMap0, serializeConfig0);
assertEquals(989, JSON.DEFAULT_PARSER_FEATURE);


[MASTER] 16:54:58.533 [logback-1] WARN  JUnitAnalyzer - Found unstable test named test0 -> class java.lang.ClassCastException: com.alibaba.fastjson.JSONObject cannot be cast to java.util.concurrent.ConcurrentSkipListMap
[MASTER] 16:54:58.533 [logback-1] WARN  JUnitAnalyzer - Failing test:
 ConcurrentSkipListMap<String, String> concurrentSkipListMap0 = new ConcurrentSkipListMap<String, String>();
ConcurrentSkipListMap concurrentSkipListMap1 = (ConcurrentSkipListMap)JSON.toJSON((Object) concurrentSkipListMap0);
assertEquals(3089, JSON.DEFAULT_GENERATE_FEATURE);


* Permissions denied during test execution: 
  - java.lang.RuntimePermission: 
         writeFileDescriptor: 4
* Writing tests to file
* Writing JUnit test case 'JSON_ESTest' to /home/apaniche/mitchell/generation-scripts/evosuite_vanilla/tests/s12/fastjson/evosuite-tests
* Done!

* Computation finished
* Resulting test suite's mutation score: 22%
* Compiling and checking tests
[MASTER] 16:55:48.183 [logback-1] WARN  JUnitAnalyzer - Found unstable test named test0 -> class com.alibaba.fastjson.JSONPathException: not support jsonpath : s~6mVoI{iGy$
[MASTER] 16:55:48.183 [logback-1] WARN  JUnitAnalyzer - Failing test:
 JSONPath.set((Object) "K88KDGJad:", "s~6mVoI{iGy$", (Object) null);

[MASTER] 16:55:48.678 [logback-1] WARN  JUnitAnalyzer - Found unstable test named test0 -> class java.lang.AssertionError: expected:<93> but was:<94>
[MASTER] 16:55:48.678 [logback-1] WARN  JUnitAnalyzer - Failing test:
 int[] intArray0 = new int[4];
BatchUpdateException batchUpdateException0 = new BatchUpdateException(", but '", ", but '", intArray0);
SerializeConfig serializeConfig0 = SerializeConfig.getGlobalInstance();
Map<String, Object> map0 = JSONPath.paths((Object) batchUpdateException0, serializeConfig0);
assertEquals(93, map0.size());


[MASTER] 16:56:08.827 [logback-1] WARN  JUnitAnalyzer - Found unstable test named test0 -> class java.lang.UnsupportedOperationException: null
[MASTER] 16:56:08.827 [logback-1] WARN  JUnitAnalyzer - Failing test:
 JSONPath jSONPath0 = JSONPath.compile("Vg[czS");
jSONPath0.contains((Object) "Vg[czS");

[MASTER] 16:56:09.147 [logback-1] WARN  JUnitAnalyzer - Found unstable test named test0 -> class com.alibaba.fastjson.JSONPathException: not support jsonpath : parse error
[MASTER] 16:56:09.147 [logback-1] WARN  JUnitAnalyzer - Failing test:
 JSONPath.keySet((Object) " ", "parse error");

[MASTER] 16:56:10.289 [logback-1] WARN  JUnitAnalyzer - Found unstable test named test0 -> class com.alibaba.fastjson.JSONPathException: expect '], but 'g'
[MASTER] 16:56:10.290 [logback-1] WARN  JUnitAnalyzer - Failing test:
 JSONPath.contains((Object) "mw/eazZl ", "y[W>2gX5^2.A#n`q");

[MASTER] 16:56:34.368 [logback-1] WARN  JUnitAnalyzer - Found unstable test named test0 -> class com.alibaba.fastjson.JSONException: create asm serializer error, verson 1.2.68, class class com.alibaba.fastjson.parser.ParserConfig
[MASTER] 16:56:34.368 [logback-1] WARN  JUnitAnalyzer - Failing test:
 JSONPath jSONPath0 = JSONPath.compile("Vg[lczS");
ClassLoader classLoader0 = ClassLoader.getSystemClassLoader();
ParserConfig parserConfig0 = new ParserConfig(classLoader0);
jSONPath0.removePropertyValue(parserConfig0, "fastjson.parser.autoTypeAccept", true);

* Writing tests to file
* Writing JUnit test case 'JSONPath_ESTest' to /home/apaniche/mitchell/generation-scripts/evosuite_vanilla/tests/s12/fastjson/evosuite-tests
* Done!

* Computation finished
* EvoSuite 1.0.7-SNAPSHOT
* Configuration: EvoSuite_vanilla
* Going to generate test cases for class: com.alibaba.fastjson.parser.JSONScanner
* EvoSuite 1.0.7-SNAPSHOT
* Configuration: EvoSuite_vanilla
* Going to generate test cases for class: com.alibaba.fastjson.JSONObject
* EvoSuite 1.0.7-SNAPSHOT
* Configuration: EvoSuite_vanilla
* Going to generate test cases for class: com.alibaba.fastjson.JSONValidator
* Starting Client-0
* Starting Client-0
* Starting Client-0
* Connecting to master process on port 4182
* Connecting to master process on port 4186
* Connecting to master process on port 4181
* Analyzing classpath: 
* Analyzing classpath: 
* Analyzing classpath: 
  - /home/apaniche/mitchell/generation-scripts/projects/fastjson/fastjson-1.2.68.jar
  - /home/apaniche/mitchell/generation-scripts/projects/fastjson/fastjson-1.2.68.jar
* Finished analyzing classpath
* Generating tests for class com.alibaba.fastjson.JSONValidator
* Test criteria:
  - Line Coverage
  - Branch Coverage
  - Exception
  - Mutation testing (weak)
  - Method-Output Coverage
  - Top-Level Method Coverage
  - No-Exception Top-Level Method Coverage
  - Context Branch Coverage
* Total number of test goals for DYNAMOSA: 1127
* Using seed 12
* Starting evolution
* Initial Number of Goals in DynaMOSA = 268 / 1127
[MASTER] 16:56:44.431 [logback-1] WARN  CheapPurityAnalyzer - com.google.common.collect.ArrayListMultimap was not found in the inheritance tree. Using DEFAULT value for cheap-purity analysis
[MASTER] 16:56:44.433 [logback-1] WARN  InheritanceTree - Class not in inheritance graph: com.google.common.collect.ArrayListMultimap
* Finished analyzing classpath
* Generating tests for class com.alibaba.fastjson.JSONObject
* Test criteria:
  - Line Coverage
  - Branch Coverage
  - Exception
  - Mutation testing (weak)
  - Method-Output Coverage
  - Top-Level Method Coverage
  - No-Exception Top-Level Method Coverage
  - Context Branch Coverage
* Total number of test goals for DYNAMOSA: 1211
* Using seed 12
* Starting evolution
* Initial Number of Goals in DynaMOSA = 496 / 1211
[MASTER] 16:56:45.981 [logback-2] ERROR TestCluster - Failed to check cache for java.util.LinkedList<E> : Type points to itself
[MASTER] 16:56:45.981 [logback-2] ERROR TestCluster - Failed to check cache for java.util.AbstractMap<K, V>.SimpleEntry<K, V> : Type points to itself
[MASTER] 16:56:45.982 [logback-2] ERROR TestCluster - Failed to check cache for java.util.AbstractMap<K, V>.SimpleImmutableEntry<K, V> : Type points to itself
[MASTER] 16:56:45.982 [logback-2] ERROR TestCluster - Failed to check cache for java.util.HashMap<K, V> : Type points to itself
  - /home/apaniche/mitchell/generation-scripts/projects/fastjson/fastjson-1.2.68.jar
* Finished analyzing classpath
* Generating tests for class com.alibaba.fastjson.parser.JSONScanner
* Test criteria:
  - Line Coverage
  - Branch Coverage
  - Exception
  - Mutation testing (weak)
  - Method-Output Coverage
  - Top-Level Method Coverage
  - No-Exception Top-Level Method Coverage
  - Context Branch Coverage
* Total number of test goals for DYNAMOSA: 5652
* Using seed 12
* Starting evolution
* Initial Number of Goals in DynaMOSA = 470 / 5652
[MASTER] 16:56:50.596 [logback-1] WARN  CheapPurityAnalyzer - com.google.common.collect.ArrayListMultimap was not found in the inheritance tree. Using DEFAULT value for cheap-purity analysis
[MASTER] 16:56:50.597 [logback-1] WARN  InheritanceTree - Class not in inheritance graph: com.google.common.collect.ArrayListMultimap
[MASTER] 16:56:57.687 [logback-2] ERROR TestCluster - Failed to check cache for java.lang.reflect.Constructor<T> : Type points to itself
[MASTER] 16:57:11.640 [logback-2] ERROR TestCluster - Failed to check cache for java.util.Enumeration<E> : Type points to itself
[MASTER] 16:57:35.483 [logback-2] ERROR TestCluster - Failed to check cache for java.util.Comparator<T> : Type points to itself
* Search finished after 61s and 27 generations, 12855 statements, best individual has fitness: 385.0
* Minimizing test suite
* Search finished after 62s and 36 generations, 16472 statements, best individual has fitness: 554.0
* Minimizing test suite
* Going to analyze the coverage criteria
* Coverage analysis for criterion LINE
* Coverage of criterion LINE: 59%
* Total number of goals: 254
* Number of covered goals: 149
* Coverage analysis for criterion BRANCH
* Coverage of criterion BRANCH: 48%
* Total number of goals: 172
* Number of covered goals: 82
* Coverage analysis for criterion EXCEPTION
* Coverage of criterion EXCEPTION: 100%
* Total number of goals: 14
* Number of covered goals: 14
* Coverage analysis for criterion WEAKMUTATION
* Coverage of criterion WEAKMUTATION: 56%
* Total number of goals: 333
* Number of covered goals: 186
* Coverage analysis for criterion OUTPUT
* Coverage of criterion OUTPUT: 38%
* Total number of goals: 162
* Number of covered goals: 62
* Coverage analysis for criterion METHOD
* Coverage of criterion METHOD: 93%
* Total number of goals: 59
* Number of covered goals: 55
* Coverage analysis for criterion METHODNOEXCEPTION
* Coverage of criterion METHODNOEXCEPTION: 90%
* Total number of goals: 59
* Number of covered goals: 53
* Coverage analysis for criterion CBRANCH
* Coverage of criterion CBRANCH: 47%
* Total number of goals: 172
* Number of covered goals: 81
* Generated 75 tests with total length 200
* Resulting test suite's coverage: 61% (average coverage for all fitness functions)
* Generating assertions
* Resulting test suite's mutation score: 16%
* Compiling and checking tests
* Search finished after 65s and 132 generations, 73424 statements, best individual has fitness: 3778.0
[MASTER] 16:57:56.400 [logback-1] WARN  TimeController - Phase SEARCH lasted too long, 6 seconds more than allowed.
* Minimizing test suite
* Going to analyze the coverage criteria
* Coverage analysis for criterion LINE
* Coverage of criterion LINE: 59%
* Total number of goals: 266
* Number of covered goals: 158
* Coverage analysis for criterion BRANCH
* Coverage of criterion BRANCH: 51%
* Total number of goals: 212
* Number of covered goals: 109
* Coverage analysis for criterion EXCEPTION
* Coverage of criterion EXCEPTION: 100%
* Total number of goals: 14
* Number of covered goals: 14
* Coverage analysis for criterion WEAKMUTATION
* Coverage of criterion WEAKMUTATION: 90%
* Total number of goals: 375
* Number of covered goals: 339
* Coverage analysis for criterion OUTPUT
* Coverage of criterion OUTPUT: 57%
* Total number of goals: 14
* Number of covered goals: 8
* Coverage analysis for criterion METHOD
* Coverage of criterion METHOD: 100%
* Total number of goals: 24
* Number of covered goals: 24
* Coverage analysis for criterion METHODNOEXCEPTION
* Coverage of criterion METHODNOEXCEPTION: 88%
* Total number of goals: 24
* Number of covered goals: 21
* Coverage analysis for criterion CBRANCH
* Coverage of criterion CBRANCH: 51%
* Total number of goals: 212
* Number of covered goals: 108
* Generated 47 tests with total length 192
* Resulting test suite's coverage: 58% (average coverage for all fitness functions)
* Generating assertions
* Going to analyze the coverage criteria
* Coverage analysis for criterion LINE
* Coverage of criterion LINE: 32%
* Total number of goals: 1857
* Number of covered goals: 597
* Coverage analysis for criterion BRANCH
* Coverage of criterion BRANCH: 30%
* Total number of goals: 1519
* Number of covered goals: 455
* Coverage analysis for criterion EXCEPTION
* Coverage of criterion EXCEPTION: 100%
* Total number of goals: 52
* Number of covered goals: 52
* Coverage analysis for criterion WEAKMUTATION
* Coverage of criterion WEAKMUTATION: 54%
* Total number of goals: 567
* Number of covered goals: 304
* Coverage analysis for criterion OUTPUT
* Coverage of criterion OUTPUT: 54%
* Total number of goals: 94
* Number of covered goals: 51
* Coverage analysis for criterion METHOD
* Coverage of criterion METHOD: 100%
* Total number of goals: 48
* Number of covered goals: 48
* Coverage analysis for criterion METHODNOEXCEPTION
* Coverage of criterion METHODNOEXCEPTION: 90%
* Total number of goals: 48
* Number of covered goals: 43
* Coverage analysis for criterion CBRANCH
* Coverage of criterion CBRANCH: 26%
* Total number of goals: 1519
* Number of covered goals: 402
* Generated 191 tests with total length 508
* Resulting test suite's coverage: 56% (average coverage for all fitness functions)
* Generating assertions
* Writing tests to file
* Writing JUnit test case 'JSONObject_ESTest' to /home/apaniche/mitchell/generation-scripts/evosuite_vanilla/tests/s12/fastjson/evosuite-tests
* Done!

* Computation finished
* Resulting test suite's mutation score: 42%
* Compiling and checking tests
* Writing tests to file
* Writing JUnit test case 'JSONValidator_ESTest' to /home/apaniche/mitchell/generation-scripts/evosuite_vanilla/tests/s12/fastjson/evosuite-tests
* Done!

* Computation finished
* Resulting test suite's mutation score: 12%
* Compiling and checking tests
* Writing tests to file
* Writing JUnit test case 'JSONScanner_ESTest' to /home/apaniche/mitchell/generation-scripts/evosuite_vanilla/tests/s12/fastjson/evosuite-tests
* Done!

* Computation finished
