* EvoSuite 1.0.7-SNAPSHOT
* Configuration: EvoSuite_vanilla
* Going to generate test cases for class: com.google.gson.internal.bind.JsonTreeReader
* Starting Client-0
* Connecting to master process on port 9922
* Analyzing classpath: 
  - /home/apaniche/mitchell/generation-scripts/projects/gson/gson-2.8.6.jar
* Finished analyzing classpath
* Generating tests for class com.google.gson.internal.bind.JsonTreeReader
* Test criteria:
  - Line Coverage
  - Branch Coverage
  - Exception
  - Mutation testing (weak)
  - Method-Output Coverage
  - Top-Level Method Coverage
  - No-Exception Top-Level Method Coverage
  - Context Branch Coverage
* Total number of test goals for DYNAMOSA: 830
* Using seed 1
* Starting evolution
* Initial Number of Goals in DynaMOSA = 253 / 830
[MASTER] 14:02:26.095 [logback-2] ERROR TestCluster - Failed to check cache for java.util.AbstractMap<K, V>.SimpleEntry<K, V> : Type points to itself
[MASTER] 14:02:26.097 [logback-2] ERROR TestCluster - Failed to check cache for java.util.AbstractMap<K, V>.SimpleImmutableEntry<K, V> : Type points to itself
* Search finished after 61s and 581 generations, 133071 statements, best individual has fitness: 189.0
* Minimizing test suite
* Going to analyze the coverage criteria
* Coverage analysis for criterion LINE
* Coverage of criterion LINE: 92%
* Total number of goals: 162
* Number of covered goals: 149
* Coverage analysis for criterion BRANCH
* Coverage of criterion BRANCH: 87%
* Total number of goals: 103
* Number of covered goals: 90
* Coverage analysis for criterion EXCEPTION
* Coverage of criterion EXCEPTION: 100%
* Total number of goals: 37
* Number of covered goals: 37
* Coverage analysis for criterion WEAKMUTATION
* Coverage of criterion WEAKMUTATION: 73%
* Total number of goals: 397
* Number of covered goals: 289
* Coverage analysis for criterion OUTPUT
* Coverage of criterion OUTPUT: 74%
* Total number of goals: 27
* Number of covered goals: 20
* Coverage analysis for criterion METHOD
* Coverage of criterion METHOD: 100%
* Total number of goals: 19
* Number of covered goals: 19
* Coverage analysis for criterion METHODNOEXCEPTION
* Coverage of criterion METHODNOEXCEPTION: 100%
* Total number of goals: 19
* Number of covered goals: 19
* Coverage analysis for criterion CBRANCH
* Coverage of criterion CBRANCH: 87%
* Total number of goals: 103
* Number of covered goals: 90
* Generated 78 tests with total length 285
* Resulting test suite's coverage: 83% (average coverage for all fitness functions)
* Generating assertions
* Resulting test suite's mutation score: 38%
* Compiling and checking tests
* Writing tests to file
* Writing JUnit test case 'JsonTreeReader_ESTest' to /home/apaniche/mitchell/generation-scripts/evosuite_vanilla/tests/s1/gson/evosuite-tests
* Done!

* Computation finished
* EvoSuite 1.0.7-SNAPSHOT
* Configuration: EvoSuite_vanilla
* Going to generate test cases for class: com.google.gson.JsonArray
* EvoSuite 1.0.7-SNAPSHOT
* Configuration: EvoSuite_vanilla
* Going to generate test cases for class: com.google.gson.JsonPrimitive
* EvoSuite 1.0.7-SNAPSHOT
* Configuration: EvoSuite_vanilla
* Going to generate test cases for class: com.google.gson.Gson
* EvoSuite 1.0.7-SNAPSHOT
* Configuration: EvoSuite_vanilla
* Going to generate test cases for class: com.google.gson.internal.LinkedHashTreeMap
* Starting Client-0
* Connecting to master process on port 9922
* Starting Client-0
* Starting Client-0
* Starting Client-0
* Connecting to master process on port 9923
* Connecting to master process on port 9925
* Connecting to master process on port 9927
* Analyzing classpath: 
* Analyzing classpath: 
* Analyzing classpath: 
* Analyzing classpath: 
  - /home/apaniche/mitchell/generation-scripts/projects/gson/gson-2.8.6.jar
  - /home/apaniche/mitchell/generation-scripts/projects/gson/gson-2.8.6.jar
* Finished analyzing classpath
* Generating tests for class com.google.gson.JsonArray
* Test criteria:
  - Line Coverage
  - Branch Coverage
  - Exception
  - Mutation testing (weak)
  - Method-Output Coverage
  - Top-Level Method Coverage
  - No-Exception Top-Level Method Coverage
  - Context Branch Coverage
  - /home/apaniche/mitchell/generation-scripts/projects/gson/gson-2.8.6.jar
* Total number of test goals for DYNAMOSA: 427
* Using seed 1
* Starting evolution
* Initial Number of Goals in DynaMOSA = 249 / 427
* Finished analyzing classpath
* Generating tests for class com.google.gson.JsonPrimitive
* Test criteria:
  - Line Coverage
  - Branch Coverage
  - Exception
  - Mutation testing (weak)
  - Method-Output Coverage
  - Top-Level Method Coverage
  - No-Exception Top-Level Method Coverage
  - Context Branch Coverage
* Total number of test goals for DYNAMOSA: 433
* Using seed 1
* Starting evolution
* Initial Number of Goals in DynaMOSA = 165 / 433
  - /home/apaniche/mitchell/generation-scripts/projects/gson/gson-2.8.6.jar
* Finished analyzing classpath
* Generating tests for class com.google.gson.internal.LinkedHashTreeMap
* Test criteria:
  - Line Coverage
  - Branch Coverage
  - Exception
  - Mutation testing (weak)
  - Method-Output Coverage
  - Top-Level Method Coverage
  - No-Exception Top-Level Method Coverage
  - Context Branch Coverage
* Total number of test goals for DYNAMOSA: 1627
* Using seed 1
* Starting evolution
* Initial Number of Goals in DynaMOSA = 578 / 1627
[MASTER] 14:06:00.657 [logback-2] ERROR TestCluster - Failed to check cache for java.util.AbstractMap<K, V>.SimpleEntry<K, V> : Type points to itself
[MASTER] 14:06:00.673 [logback-2] ERROR TestCluster - Failed to check cache for java.util.AbstractMap<K, V>.SimpleImmutableEntry<K, V> : Type points to itself
* Finished analyzing classpath
* Generating tests for class com.google.gson.Gson
* Test criteria:
  - Line Coverage
  - Branch Coverage
  - Exception
  - Mutation testing (weak)
  - Method-Output Coverage
  - Top-Level Method Coverage
  - No-Exception Top-Level Method Coverage
  - Context Branch Coverage
* Total number of test goals for DYNAMOSA: 991
* Using seed 1
* Starting evolution
* Initial Number of Goals in DynaMOSA = 599 / 991
[MASTER] 14:06:01.876 [logback-2] ERROR TestCluster - Failed to check cache for java.util.HashMap<K, V> : Type points to itself
[MASTER] 14:06:01.879 [logback-2] ERROR TestCluster - Failed to check cache for com.google.gson.Gson.FutureTypeAdapter<T> : Type points to itself
[MASTER] 14:06:10.010 [logback-2] ERROR TestCluster - Failed to check cache for java.util.Comparator<T> : Type points to itself
[MASTER] 14:06:17.352 [logback-2] ERROR TestCaseExecutor - TG: Exception caught: 
java.lang.IllegalStateException: Trying to set up the sandbox while executing a test case
	at org.evosuite.runtime.sandbox.MSecurityManager.goingToExecuteTestCase(MSecurityManager.java:348) ~[evosuite.jar:1.0.7-SNAPSHOT]
	at org.evosuite.runtime.sandbox.Sandbox.goingToExecuteSUTCode(Sandbox.java:130) ~[evosuite.jar:1.0.7-SNAPSHOT]
	at org.evosuite.testcase.execution.TestCaseExecutor.execute(TestCaseExecutor.java:331) ~[evosuite.jar:1.0.7-SNAPSHOT]
	at org.evosuite.testcase.execution.TestCaseExecutor.execute(TestCaseExecutor.java:277) ~[evosuite.jar:1.0.7-SNAPSHOT]
	at org.evosuite.testcase.execution.TestCaseExecutor.execute(TestCaseExecutor.java:264) ~[evosuite.jar:1.0.7-SNAPSHOT]
	at org.evosuite.testcase.execution.TestCaseExecutor.runTest(TestCaseExecutor.java:140) ~[evosuite.jar:1.0.7-SNAPSHOT]
	at org.evosuite.ga.metaheuristics.mosa.structural.MultiCriteriaManager.calculateFitness(MultiCriteriaManager.java:394) [evosuite.jar:1.0.7-SNAPSHOT]
	at org.evosuite.ga.metaheuristics.mosa.DynaMOSA.calculateFitness(DynaMOSA.java:193) [evosuite.jar:1.0.7-SNAPSHOT]
	at org.evosuite.ga.metaheuristics.mosa.AbstractMOSA.breedNextGeneration(AbstractMOSA.java:159) [evosuite.jar:1.0.7-SNAPSHOT]
	at org.evosuite.ga.metaheuristics.mosa.DynaMOSA.evolve(DynaMOSA.java:72) [evosuite.jar:1.0.7-SNAPSHOT]
	at org.evosuite.ga.metaheuristics.mosa.DynaMOSA.generateSolution(DynaMOSA.java:176) [evosuite.jar:1.0.7-SNAPSHOT]
	at org.evosuite.strategy.MOSuiteStrategy.generateTests(MOSuiteStrategy.java:113) [evosuite.jar:1.0.7-SNAPSHOT]
	at org.evosuite.TestSuiteGenerator.generateTests(TestSuiteGenerator.java:681) [evosuite.jar:1.0.7-SNAPSHOT]
	at org.evosuite.TestSuiteGenerator.generateTestSuite(TestSuiteGenerator.java:245) [evosuite.jar:1.0.7-SNAPSHOT]
	at org.evosuite.rmi.service.ClientNodeImpl.lambda$startNewSearch$0(ClientNodeImpl.java:155) [evosuite.jar:1.0.7-SNAPSHOT]
	at java.util.concurrent.Executors$RunnableAdapter.call(Executors.java:511) ~[na:1.8.0_161]
	at java.util.concurrent.FutureTask.run(FutureTask.java:266) ~[na:1.8.0_161]
	at java.util.concurrent.ThreadPoolExecutor.runWorker(ThreadPoolExecutor.java:1149) ~[na:1.8.0_161]
	at java.util.concurrent.ThreadPoolExecutor$Worker.run(ThreadPoolExecutor.java:624) ~[na:1.8.0_161]
	at java.lang.Thread.run(Thread.java:748) ~[na:1.8.0_161]
* Computation finished
[MASTER] 14:06:17.353 [logback-2] ERROR ClientNodeImpl - Error when generating tests for: com.google.gson.JsonPrimitive with seed 1. Configuration id : EvoSuite_vanilla
java.lang.Error: java.lang.IllegalStateException: Trying to set up the sandbox while executing a test case
	at org.evosuite.testcase.execution.TestCaseExecutor.runTest(TestCaseExecutor.java:146) ~[evosuite.jar:1.0.7-SNAPSHOT]
	at org.evosuite.ga.metaheuristics.mosa.structural.MultiCriteriaManager.calculateFitness(MultiCriteriaManager.java:394) ~[evosuite.jar:1.0.7-SNAPSHOT]
	at org.evosuite.ga.metaheuristics.mosa.DynaMOSA.calculateFitness(DynaMOSA.java:193) ~[evosuite.jar:1.0.7-SNAPSHOT]
	at org.evosuite.ga.metaheuristics.mosa.AbstractMOSA.breedNextGeneration(AbstractMOSA.java:159) ~[evosuite.jar:1.0.7-SNAPSHOT]
	at org.evosuite.ga.metaheuristics.mosa.DynaMOSA.evolve(DynaMOSA.java:72) ~[evosuite.jar:1.0.7-SNAPSHOT]
	at org.evosuite.ga.metaheuristics.mosa.DynaMOSA.generateSolution(DynaMOSA.java:176) ~[evosuite.jar:1.0.7-SNAPSHOT]
	at org.evosuite.strategy.MOSuiteStrategy.generateTests(MOSuiteStrategy.java:113) ~[evosuite.jar:1.0.7-SNAPSHOT]
	at org.evosuite.TestSuiteGenerator.generateTests(TestSuiteGenerator.java:681) ~[evosuite.jar:1.0.7-SNAPSHOT]
	at org.evosuite.TestSuiteGenerator.generateTestSuite(TestSuiteGenerator.java:245) ~[evosuite.jar:1.0.7-SNAPSHOT]
	at org.evosuite.rmi.service.ClientNodeImpl.lambda$startNewSearch$0(ClientNodeImpl.java:155) ~[evosuite.jar:1.0.7-SNAPSHOT]
	at java.util.concurrent.Executors$RunnableAdapter.call(Executors.java:511) ~[na:1.8.0_161]
	at java.util.concurrent.FutureTask.run(FutureTask.java:266) ~[na:1.8.0_161]
	at java.util.concurrent.ThreadPoolExecutor.runWorker(ThreadPoolExecutor.java:1149) ~[na:1.8.0_161]
	at java.util.concurrent.ThreadPoolExecutor$Worker.run(ThreadPoolExecutor.java:624) ~[na:1.8.0_161]
	at java.lang.Thread.run(Thread.java:748) ~[na:1.8.0_161]
Caused by: java.lang.IllegalStateException: Trying to set up the sandbox while executing a test case
	at org.evosuite.runtime.sandbox.MSecurityManager.goingToExecuteTestCase(MSecurityManager.java:348) ~[evosuite.jar:1.0.7-SNAPSHOT]
	at org.evosuite.runtime.sandbox.Sandbox.goingToExecuteSUTCode(Sandbox.java:130) ~[evosuite.jar:1.0.7-SNAPSHOT]
	at org.evosuite.testcase.execution.TestCaseExecutor.execute(TestCaseExecutor.java:331) ~[evosuite.jar:1.0.7-SNAPSHOT]
	at org.evosuite.testcase.execution.TestCaseExecutor.execute(TestCaseExecutor.java:277) ~[evosuite.jar:1.0.7-SNAPSHOT]
	at org.evosuite.testcase.execution.TestCaseExecutor.execute(TestCaseExecutor.java:264) ~[evosuite.jar:1.0.7-SNAPSHOT]
	at org.evosuite.testcase.execution.TestCaseExecutor.runTest(TestCaseExecutor.java:140) ~[evosuite.jar:1.0.7-SNAPSHOT]
	... 14 common frames omitted
[MASTER] 14:06:17.467 [main] ERROR SearchStatistics - No obtained value for output variable: Total_Goals
[MASTER] 14:06:19.470 [main] ERROR SearchStatistics - No obtained value for output variable: Total_Goals
[MASTER] 14:06:20.471 [main] ERROR SearchStatistics - No obtained value for output variable: Total_Goals
[MASTER] 14:06:21.471 [main] ERROR SearchStatistics - No obtained value for output variable: Total_Goals
[MASTER] 14:06:22.472 [main] ERROR SearchStatistics - No obtained value for output variable: Total_Goals
[MASTER] 14:06:23.472 [main] ERROR SearchStatistics - No obtained value for output variable: Total_Goals
[MASTER] 14:06:23.473 [main] ERROR SearchStatistics - Not going to write down statistics data, as some are missing
[MASTER] 14:06:23.573 [main] ERROR TestGeneration - failed to write statistics data
* Search finished after 62s and 169 generations, 33702 statements, best individual has fitness: 95.0
* Minimizing test suite
* Search finished after 61s and 9 generations, 8161 statements, best individual has fitness: 768.0
* Going to analyze the coverage criteria
* Coverage analysis for criterion LINE
* Coverage of criterion LINE: 100%
* Total number of goals: 72
* Number of covered goals: 72
* Coverage analysis for criterion BRANCH
* Coverage of criterion BRANCH: 100%
* Total number of goals: 58
* Number of covered goals: 58
* Coverage analysis for criterion EXCEPTION
* Coverage of criterion EXCEPTION: 100%
* Total number of goals: 43
* Number of covered goals: 43
* Coverage analysis for criterion WEAKMUTATION
* Coverage of criterion WEAKMUTATION: 97%
* Total number of goals: 70
* Number of covered goals: 68
* Coverage analysis for criterion OUTPUT
* Coverage of criterion OUTPUT: 50%
* Total number of goals: 109
* Number of covered goals: 55
* Coverage analysis for criterion METHOD
* Coverage of criterion METHOD: 100%
* Total number of goals: 30
* Number of covered goals: 30
* Coverage analysis for criterion METHODNOEXCEPTION
* Coverage of criterion METHODNOEXCEPTION: 97%
* Total number of goals: 30
* Number of covered goals: 29
* Coverage analysis for criterion CBRANCH
* Coverage of criterion CBRANCH: 100%
* Total number of goals: 58
* Number of covered goals: 58
* Minimizing test suite
* Generated 81 tests with total length 253
* Resulting test suite's coverage: 87% (average coverage for all fitness functions)
* Generating assertions
* Resulting test suite's mutation score: 84%
* Compiling and checking tests
* Search finished after 63s and 11 generations, 4568 statements, best individual has fitness: 299.0
* Minimizing test suite
* Going to analyze the coverage criteria
* Coverage analysis for criterion LINE
* Coverage of criterion LINE: 60%
* Total number of goals: 387
* Number of covered goals: 231
* Coverage analysis for criterion BRANCH
* Coverage of criterion BRANCH: 49%
* Total number of goals: 262
* Number of covered goals: 128
* Coverage analysis for criterion EXCEPTION
* Coverage of criterion EXCEPTION: 100%
* Total number of goals: 7
* Number of covered goals: 7
* Coverage analysis for criterion WEAKMUTATION
* Coverage of criterion WEAKMUTATION: 58%
* Total number of goals: 588
* Number of covered goals: 339
* Coverage analysis for criterion OUTPUT
* Coverage of criterion OUTPUT: 35%
* Total number of goals: 34
* Number of covered goals: 12
* Coverage analysis for criterion METHOD
* Coverage of criterion METHOD: 91%
* Total number of goals: 47
* Number of covered goals: 43
* Coverage analysis for criterion METHODNOEXCEPTION
* Coverage of criterion METHODNOEXCEPTION: 91%
* Total number of goals: 47
* Number of covered goals: 43
* Coverage analysis for criterion CBRANCH
* Coverage of criterion CBRANCH: 49%
* Total number of goals: 262
* Number of covered goals: 128
* Generated 53 tests with total length 246
* Resulting test suite's coverage: 49% (average coverage for all fitness functions)
* Generating assertions
* Going to analyze the coverage criteria
* Coverage analysis for criterion LINE
* Coverage of criterion LINE: 79%
* Total number of goals: 333
* Number of covered goals: 264
* Coverage analysis for criterion BRANCH
* Coverage of criterion BRANCH: 73%
* Total number of goals: 113
* Number of covered goals: 83
* Coverage analysis for criterion EXCEPTION
* Coverage of criterion EXCEPTION: 100%
* Total number of goals: 27
* Number of covered goals: 27
* Coverage analysis for criterion WEAKMUTATION
* Coverage of criterion WEAKMUTATION: 69%
* Total number of goals: 292
* Number of covered goals: 201
* Coverage analysis for criterion OUTPUT
* Coverage of criterion OUTPUT: 46%
* Total number of goals: 70
* Number of covered goals: 32
* Coverage analysis for criterion METHOD
* Coverage of criterion METHOD: 89%
* Total number of goals: 35
* Number of covered goals: 31
* Coverage analysis for criterion METHODNOEXCEPTION
* Coverage of criterion METHODNOEXCEPTION: 77%
* Total number of goals: 35
* Number of covered goals: 27
* Coverage analysis for criterion CBRANCH
* Coverage of criterion CBRANCH: 66%
* Total number of goals: 113
* Number of covered goals: 75
* Generated 58 tests with total length 186
* Resulting test suite's coverage: 69% (average coverage for all fitness functions)
* Generating assertions
[MASTER] 14:07:13.828 [logback-1] WARN  JUnitAnalyzer - Found unstable test named test0 -> class java.lang.OutOfMemoryError: Java heap space
[MASTER] 14:07:13.828 [logback-1] WARN  JUnitAnalyzer - Failing test:
 JsonArray jsonArray0 = new JsonArray(2147483635);

* Resulting test suite's mutation score: 14%
* Compiling and checking tests
* Writing tests to file
* Writing JUnit test case 'JsonArray_ESTest' to /home/apaniche/mitchell/generation-scripts/evosuite_vanilla/tests/s1/gson/evosuite-tests
* Done!

* Computation finished
* Writing tests to file
* Writing JUnit test case 'LinkedHashTreeMap_ESTest' to /home/apaniche/mitchell/generation-scripts/evosuite_vanilla/tests/s1/gson/evosuite-tests
* Done!

* Computation finished
* Resulting test suite's mutation score: 19%
* Compiling and checking tests
* Permissions denied during test execution: 
  - java.lang.RuntimePermission: 
         writeFileDescriptor: 2
* Writing tests to file
* Writing JUnit test case 'Gson_ESTest' to /home/apaniche/mitchell/generation-scripts/evosuite_vanilla/tests/s1/gson/evosuite-tests
* Done!

* Computation finished
* EvoSuite 1.0.7-SNAPSHOT
* Configuration: EvoSuite_vanilla
* Going to generate test cases for class: com.google.gson.JsonElement
* EvoSuite 1.0.7-SNAPSHOT
* Configuration: EvoSuite_vanilla
* Going to generate test cases for class: com.google.gson.stream.JsonWriter
* Starting Client-0
* Starting Client-0
* Connecting to master process on port 9926
* Connecting to master process on port 9923
* Analyzing classpath: 
* Analyzing classpath: 
  - /home/apaniche/mitchell/generation-scripts/projects/gson/gson-2.8.6.jar
  - /home/apaniche/mitchell/generation-scripts/projects/gson/gson-2.8.6.jar
* Finished analyzing classpath
* Generating tests for class com.google.gson.JsonElement
* Test criteria:
  - Line Coverage
  - Branch Coverage
  - Exception
  - Mutation testing (weak)
  - Method-Output Coverage
  - Top-Level Method Coverage
  - No-Exception Top-Level Method Coverage
  - Context Branch Coverage
* Finished analyzing classpath
* Generating tests for class com.google.gson.stream.JsonWriter
* Total number of test goals for DYNAMOSA: 265
* Using seed 1
* Starting evolution
* Test criteria:
  - Line Coverage
  - Branch Coverage
  - Exception
  - Mutation testing (weak)
  - Method-Output Coverage
  - Top-Level Method Coverage
  - No-Exception Top-Level Method Coverage
  - Context Branch Coverage
* Initial Number of Goals in DynaMOSA = 183 / 265
* Total number of test goals for DYNAMOSA: 1024
* Using seed 1
* Starting evolution
* Initial Number of Goals in DynaMOSA = 410 / 1024
* Search finished after 61s and 512 generations, 166895 statements, best individual has fitness: 130.0
* Minimizing test suite
* Search finished after 63s and 281 generations, 32367 statements, best individual has fitness: 110.0
* Minimizing test suite
* Going to analyze the coverage criteria
* Coverage analysis for criterion LINE
* Coverage of criterion LINE: 96%
* Total number of goals: 179
* Number of covered goals: 172
* Coverage analysis for criterion BRANCH
* Coverage of criterion BRANCH: 90%
* Total number of goals: 117
* Number of covered goals: 105
* Coverage analysis for criterion EXCEPTION
* Coverage of criterion EXCEPTION: 100%
* Total number of goals: 18
* Number of covered goals: 18
* Coverage analysis for criterion WEAKMUTATION
* Coverage of criterion WEAKMUTATION: 87%
* Total number of goals: 468
* Number of covered goals: 407
* Coverage analysis for criterion OUTPUT
* Coverage of criterion OUTPUT: 86%
* Total number of goals: 97
* Number of covered goals: 83
* Coverage analysis for criterion METHOD
* Coverage of criterion METHOD: 100%
* Total number of goals: 23
* Number of covered goals: 23
* Coverage analysis for criterion METHODNOEXCEPTION
* Coverage of criterion METHODNOEXCEPTION: 100%
* Total number of goals: 23
* Number of covered goals: 23
* Coverage analysis for criterion CBRANCH
* Coverage of criterion CBRANCH: 83%
* Total number of goals: 117
* Number of covered goals: 97
* Generated 76 tests with total length 321
* Resulting test suite's coverage: 86% (average coverage for all fitness functions)
* Generating assertions
* Going to analyze the coverage criteria
* Coverage analysis for criterion LINE
* Coverage of criterion LINE: 94%
* Total number of goals: 36
* Number of covered goals: 34
* Coverage analysis for criterion BRANCH
* Coverage of criterion BRANCH: 100%
* Total number of goals: 26
* Number of covered goals: 26
* Coverage analysis for criterion EXCEPTION
* Coverage of criterion EXCEPTION: 100%
* Total number of goals: 37
* Number of covered goals: 37
* Coverage analysis for criterion WEAKMUTATION
* Coverage of criterion WEAKMUTATION: 100%
* Total number of goals: 9
* Number of covered goals: 9
* Coverage analysis for criterion OUTPUT
* Coverage of criterion OUTPUT: 44%
* Total number of goals: 124
* Number of covered goals: 54
* Coverage analysis for criterion METHOD
* Coverage of criterion METHOD: 100%
* Total number of goals: 22
* Number of covered goals: 22
* Coverage analysis for criterion METHODNOEXCEPTION
* Coverage of criterion METHODNOEXCEPTION: 82%
* Total number of goals: 22
* Number of covered goals: 18
* Coverage analysis for criterion CBRANCH
* Coverage of criterion CBRANCH: 100%
* Total number of goals: 26
* Number of covered goals: 26
* Generated 71 tests with total length 168
* Resulting test suite's coverage: 83% (average coverage for all fitness functions)
* Generating assertions
* Resulting test suite's mutation score: 58%
* Compiling and checking tests
* Writing tests to file
* Writing JUnit test case 'JsonWriter_ESTest' to /home/apaniche/mitchell/generation-scripts/evosuite_vanilla/tests/s1/gson/evosuite-tests
* Done!

* Computation finished
* Resulting test suite's mutation score: 44%
* Compiling and checking tests
* Writing tests to file
* Writing JUnit test case 'JsonElement_ESTest' to /home/apaniche/mitchell/generation-scripts/evosuite_vanilla/tests/s1/gson/evosuite-tests
* Done!

* Computation finished
* EvoSuite 1.0.7-SNAPSHOT
* Configuration: EvoSuite_vanilla
* Going to generate test cases for class: com.google.gson.internal.bind.JsonTreeWriter
* Starting Client-0
* Connecting to master process on port 9927
* Analyzing classpath: 
  - /home/apaniche/mitchell/generation-scripts/projects/gson/gson-2.8.6.jar
* Finished analyzing classpath
* Generating tests for class com.google.gson.internal.bind.JsonTreeWriter
* Test criteria:
  - Line Coverage
  - Branch Coverage
  - Exception
  - Mutation testing (weak)
  - Method-Output Coverage
  - Top-Level Method Coverage
  - No-Exception Top-Level Method Coverage
  - Context Branch Coverage
* Total number of test goals for DYNAMOSA: 443
* Using seed 1
* Starting evolution
* Initial Number of Goals in DynaMOSA = 202 / 443
* Search finished after 61s and 793 generations, 143130 statements, best individual has fitness: 54.0
* Minimizing test suite
* Going to analyze the coverage criteria
* Coverage analysis for criterion LINE
* Coverage of criterion LINE: 95%
* Total number of goals: 83
* Number of covered goals: 79
* Coverage analysis for criterion BRANCH
* Coverage of criterion BRANCH: 91%
* Total number of goals: 74
* Number of covered goals: 67
* Coverage analysis for criterion EXCEPTION
* Coverage of criterion EXCEPTION: 100%
* Total number of goals: 14
* Number of covered goals: 14
* Coverage analysis for criterion WEAKMUTATION
* Coverage of criterion WEAKMUTATION: 90%
* Total number of goals: 87
* Number of covered goals: 78
* Coverage analysis for criterion OUTPUT
* Coverage of criterion OUTPUT: 86%
* Total number of goals: 93
* Number of covered goals: 80
* Coverage analysis for criterion METHOD
* Coverage of criterion METHOD: 100%
* Total number of goals: 16
* Number of covered goals: 16
* Coverage analysis for criterion METHODNOEXCEPTION
* Coverage of criterion METHODNOEXCEPTION: 100%
* Total number of goals: 16
* Number of covered goals: 16
* Coverage analysis for criterion CBRANCH
* Coverage of criterion CBRANCH: 91%
* Total number of goals: 74
* Number of covered goals: 67
* Generated 58 tests with total length 201
* Resulting test suite's coverage: 88% (average coverage for all fitness functions)
* Generating assertions
* Resulting test suite's mutation score: 51%
* Compiling and checking tests
* Writing tests to file
* Writing JUnit test case 'JsonTreeWriter_ESTest' to /home/apaniche/mitchell/generation-scripts/evosuite_vanilla/tests/s1/gson/evosuite-tests
* Done!

* Computation finished
* EvoSuite 1.0.7-SNAPSHOT
* Configuration: EvoSuite_vanilla
* Going to generate test cases for class: com.google.gson.stream.JsonReader
* EvoSuite 1.0.7-SNAPSHOT
* Configuration: EvoSuite_vanilla
* Going to generate test cases for class: com.google.gson.JsonObject
* Starting Client-0
* Starting Client-0
* Connecting to master process on port 9923
* Connecting to master process on port 9922
* Analyzing classpath: 
* Analyzing classpath: 
  - /home/apaniche/mitchell/generation-scripts/projects/gson/gson-2.8.6.jar
* Finished analyzing classpath
* Generating tests for class com.google.gson.JsonObject
* Test criteria:
  - Line Coverage
  - Branch Coverage
  - Exception
  - Mutation testing (weak)
  - Method-Output Coverage
  - Top-Level Method Coverage
  - No-Exception Top-Level Method Coverage
  - Context Branch Coverage
* Total number of test goals for DYNAMOSA: 221
* Using seed 1
* Starting evolution
* Initial Number of Goals in DynaMOSA = 142 / 221
[MASTER] 14:16:12.290 [logback-2] ERROR TestCluster - Failed to check cache for java.util.AbstractMap<K, V>.SimpleEntry<K, V> : Type points to itself
[MASTER] 14:16:12.290 [logback-2] ERROR TestCluster - Failed to check cache for java.util.AbstractMap<K, V>.SimpleImmutableEntry<K, V> : Type points to itself
  - /home/apaniche/mitchell/generation-scripts/projects/gson/gson-2.8.6.jar
* Finished analyzing classpath
* Generating tests for class com.google.gson.stream.JsonReader
* Test criteria:
  - Line Coverage
  - Branch Coverage
  - Exception
  - Mutation testing (weak)
  - Method-Output Coverage
  - Top-Level Method Coverage
  - No-Exception Top-Level Method Coverage
  - Context Branch Coverage
* Total number of test goals for DYNAMOSA: 2813
* Using seed 1
* Starting evolution
* Initial Number of Goals in DynaMOSA = 438 / 2813
* Search finished after 61s and 407 generations, 68438 statements, best individual has fitness: 46.0
* Minimizing test suite
* Search finished after 62s and 195 generations, 59731 statements, best individual has fitness: 1044.0
* Going to analyze the coverage criteria
* Coverage analysis for criterion LINE
* Coverage of criterion LINE: 100%
* Total number of goals: 29
* Number of covered goals: 29
* Coverage analysis for criterion BRANCH
* Coverage of criterion BRANCH: 100%
* Total number of goals: 29
* Number of covered goals: 29
* Coverage analysis for criterion EXCEPTION
* Coverage of criterion EXCEPTION: 100%
* Total number of goals: 8
* Number of covered goals: 8
* Coverage analysis for criterion WEAKMUTATION
* Coverage of criterion WEAKMUTATION: 100%
* Total number of goals: 16
* Number of covered goals: 16
* Coverage analysis for criterion OUTPUT
* Coverage of criterion OUTPUT: 52%
* Total number of goals: 82
* Number of covered goals: 43
* Coverage analysis for criterion METHOD
* Coverage of criterion METHOD: 100%
* Total number of goals: 18
* Number of covered goals: 18
* Coverage analysis for criterion METHODNOEXCEPTION
* Coverage of criterion METHODNOEXCEPTION: 100%
* Total number of goals: 18
* Number of covered goals: 18
* Coverage analysis for criterion CBRANCH
* Coverage of criterion CBRANCH: 100%
* Total number of goals: 29
* Number of covered goals: 29
* Generated 35 tests with total length 98
* Resulting test suite's coverage: 88% (average coverage for all fitness functions)
* Generating assertions
* Resulting test suite's mutation score: 88%
* Compiling and checking tests
* Minimizing test suite
* Writing tests to file
* Writing JUnit test case 'JsonObject_ESTest' to /home/apaniche/mitchell/generation-scripts/evosuite_vanilla/tests/s1/gson/evosuite-tests
* Done!

* Computation finished
* Going to analyze the coverage criteria
* Coverage analysis for criterion LINE
* Coverage of criterion LINE: 69%
* Total number of goals: 671
* Number of covered goals: 466
* Coverage analysis for criterion BRANCH
* Coverage of criterion BRANCH: 68%
* Total number of goals: 677
* Number of covered goals: 461
* Coverage analysis for criterion EXCEPTION
* Coverage of criterion EXCEPTION: 100%
* Total number of goals: 75
* Number of covered goals: 75
* Coverage analysis for criterion WEAKMUTATION
* Coverage of criterion WEAKMUTATION: 60%
* Total number of goals: 709
* Number of covered goals: 424
* Coverage analysis for criterion OUTPUT
* Coverage of criterion OUTPUT: 46%
* Total number of goals: 35
* Number of covered goals: 16
* Coverage analysis for criterion METHOD
* Coverage of criterion METHOD: 100%
* Total number of goals: 22
* Number of covered goals: 22
* Coverage analysis for criterion METHODNOEXCEPTION
* Coverage of criterion METHODNOEXCEPTION: 86%
* Total number of goals: 22
* Number of covered goals: 19
* Coverage analysis for criterion CBRANCH
* Coverage of criterion CBRANCH: 67%
* Total number of goals: 677
* Number of covered goals: 454
* Generated 151 tests with total length 568
* Resulting test suite's coverage: 68% (average coverage for all fitness functions)
* Generating assertions
* Resulting test suite's mutation score: 15%
* Compiling and checking tests
* Writing tests to file
* Writing JUnit test case 'JsonReader_ESTest' to /home/apaniche/mitchell/generation-scripts/evosuite_vanilla/tests/s1/gson/evosuite-tests
* Done!

* Computation finished
