* EvoSuite 1.0.7-SNAPSHOT
* Configuration: EvoSuite_vanilla
* Going to generate test cases for class: com.alibaba.fastjson.parser.JSONScanner
* Starting Client-0
* Connecting to master process on port 4118
* Analyzing classpath: 
  - /home/apaniche/mitchell/generation-scripts/projects/fastjson/fastjson-1.2.68.jar
* Finished analyzing classpath
* Generating tests for class com.alibaba.fastjson.parser.JSONScanner
* Test criteria:
  - Line Coverage
  - Branch Coverage
  - Exception
  - Mutation testing (weak)
  - Method-Output Coverage
  - Top-Level Method Coverage
  - No-Exception Top-Level Method Coverage
  - Context Branch Coverage
* Total number of test goals for DYNAMOSA: 5652
* Using seed 15
* Starting evolution
* Initial Number of Goals in DynaMOSA = 470 / 5652
[MASTER] 17:31:01.238 [logback-1] WARN  CheapPurityAnalyzer - com.google.common.collect.ArrayListMultimap was not found in the inheritance tree. Using DEFAULT value for cheap-purity analysis
[MASTER] 17:31:01.238 [logback-1] WARN  InheritanceTree - Class not in inheritance graph: com.google.common.collect.ArrayListMultimap
[MASTER] 17:31:25.299 [logback-2] ERROR TestCluster - Failed to check cache for java.lang.reflect.Constructor<T> : Type points to itself
* Search finished after 65s and 155 generations, 92483 statements, best individual has fitness: 3781.0
[MASTER] 17:31:58.752 [logback-1] WARN  TimeController - Phase SEARCH lasted too long, 6 seconds more than allowed.
* Minimizing test suite
* Going to analyze the coverage criteria
* Coverage analysis for criterion LINE
* Coverage of criterion LINE: 34%
* Total number of goals: 1857
* Number of covered goals: 624
* Coverage analysis for criterion BRANCH
* Coverage of criterion BRANCH: 29%
* Total number of goals: 1519
* Number of covered goals: 437
* Coverage analysis for criterion EXCEPTION
* Coverage of criterion EXCEPTION: 100%
* Total number of goals: 52
* Number of covered goals: 52
* Coverage analysis for criterion WEAKMUTATION
* Coverage of criterion WEAKMUTATION: 52%
* Total number of goals: 567
* Number of covered goals: 297
* Coverage analysis for criterion OUTPUT
* Coverage of criterion OUTPUT: 56%
* Total number of goals: 94
* Number of covered goals: 53
* Coverage analysis for criterion METHOD
* Coverage of criterion METHOD: 100%
* Total number of goals: 48
* Number of covered goals: 48
* Coverage analysis for criterion METHODNOEXCEPTION
* Coverage of criterion METHODNOEXCEPTION: 88%
* Total number of goals: 48
* Number of covered goals: 42
* Coverage analysis for criterion CBRANCH
* Coverage of criterion CBRANCH: 25%
* Total number of goals: 1519
* Number of covered goals: 383
* Generated 192 tests with total length 487
* Resulting test suite's coverage: 55% (average coverage for all fitness functions)
* Generating assertions
* Resulting test suite's mutation score: 12%
* Compiling and checking tests
[MASTER] 17:34:02.405 [logback-1] WARN  JUnitAnalyzer - Found unstable test named test0 -> class java.lang.AssertionError: Expecting exception: StringIndexOutOfBoundsException
[MASTER] 17:34:02.405 [logback-1] WARN  JUnitAnalyzer - Failing test:
 Class<Object> class0 = Object.class;
char[] charArray0 = new char[0];
JSONScanner jSONScanner0 = new JSONScanner(charArray0, 0);
jSONScanner0.scanFieldStringArray(charArray0, class0);

[MASTER] 17:34:03.259 [logback-1] WARN  JUnitAnalyzer - Found unstable test named test0 -> class java.lang.AssertionError: Expecting exception: StringIndexOutOfBoundsException
[MASTER] 17:34:03.259 [logback-1] WARN  JUnitAnalyzer - Failing test:
 JSONScanner jSONScanner0 = new JSONScanner("");
jSONScanner0.next();
ParserConfig parserConfig0 = new ParserConfig();
jSONScanner0.scanTypeName(parserConfig0.symbolTable);

[MASTER] 17:34:10.906 [logback-2] ERROR JUnitAnalyzer - Ran out of time while checking tests
* Writing tests to file
* Writing JUnit test case 'JSONScanner_ESTest' to /home/apaniche/mitchell/generation-scripts/evosuite_vanilla/tests/s15/fastjson/evosuite-tests
* Done!

* Computation finished
* EvoSuite 1.0.7-SNAPSHOT
* Configuration: EvoSuite_vanilla
* Going to generate test cases for class: com.alibaba.fastjson.JSON
* EvoSuite 1.0.7-SNAPSHOT
* Configuration: EvoSuite_vanilla
* Going to generate test cases for class: com.alibaba.fastjson.parser.DefaultJSONParser
* Starting Client-0
* Connecting to master process on port 4117
* Starting Client-0
* Connecting to master process on port 4121
* Analyzing classpath: 
* Analyzing classpath: 
  - /home/apaniche/mitchell/generation-scripts/projects/fastjson/fastjson-1.2.68.jar
[MASTER] 17:34:19.495 [logback-1] WARN  CheapPurityAnalyzer - com.google.common.collect.ArrayListMultimap was not found in the inheritance tree. Using DEFAULT value for cheap-purity analysis
[MASTER] 17:34:19.496 [logback-1] WARN  InheritanceTree - Class not in inheritance graph: com.google.common.collect.ArrayListMultimap
* Finished analyzing classpath
* Generating tests for class com.alibaba.fastjson.JSON
* Test criteria:
  - Line Coverage
  - Branch Coverage
  - Exception
  - Mutation testing (weak)
  - Method-Output Coverage
  - Top-Level Method Coverage
  - No-Exception Top-Level Method Coverage
  - Context Branch Coverage
* Total number of test goals for DYNAMOSA: 2080
* Using seed 15
* Starting evolution
* Initial Number of Goals in DynaMOSA = 747 / 2080
  - /home/apaniche/mitchell/generation-scripts/projects/fastjson/fastjson-1.2.68.jar
[MASTER] 17:34:20.987 [logback-2] ERROR TestCluster - Failed to check cache for java.util.LinkedList<E> : Type points to itself
[MASTER] 17:34:20.988 [logback-2] ERROR TestCluster - Failed to check cache for java.util.HashMap<K, V> : Type points to itself
[MASTER] 17:34:20.992 [logback-2] ERROR TestCluster - Failed to check cache for java.lang.Enum<E> : Type points to itself
[MASTER] 17:34:20.993 [logback-2] ERROR TestCluster - Failed to check cache for java.util.AbstractMap<K, V>.SimpleEntry<K, V> : Type points to itself
[MASTER] 17:34:20.993 [logback-2] ERROR TestCluster - Failed to check cache for java.util.AbstractMap<K, V>.SimpleImmutableEntry<K, V> : Type points to itself
[MASTER] 17:34:21.603 [logback-2] ERROR TestCluster - Failed to check cache for java.lang.reflect.Constructor<T> : Type points to itself
[MASTER] 17:34:23.864 [logback-1] WARN  CheapPurityAnalyzer - com.google.common.collect.ArrayListMultimap was not found in the inheritance tree. Using DEFAULT value for cheap-purity analysis
[MASTER] 17:34:23.865 [logback-1] WARN  InheritanceTree - Class not in inheritance graph: com.google.common.collect.ArrayListMultimap
* Finished analyzing classpath
* Generating tests for class com.alibaba.fastjson.parser.DefaultJSONParser
* Test criteria:
  - Line Coverage
  - Branch Coverage
  - Exception
  - Mutation testing (weak)
  - Method-Output Coverage
  - Top-Level Method Coverage
  - No-Exception Top-Level Method Coverage
  - Context Branch Coverage
* Total number of test goals for DYNAMOSA: 3512
* Using seed 15
* Starting evolution
* Initial Number of Goals in DynaMOSA = 650 / 3512
[MASTER] 17:34:25.249 [logback-2] ERROR TestCluster - Failed to check cache for java.util.LinkedList<E> : Type points to itself
[MASTER] 17:34:25.251 [logback-2] ERROR TestCluster - Failed to check cache for java.util.HashMap<K, V> : Type points to itself
[MASTER] 17:34:25.274 [logback-2] ERROR TestCluster - Failed to check cache for java.util.ArrayDeque<E> : Type points to itself
[MASTER] 17:34:25.275 [logback-2] ERROR TestCluster - Failed to check cache for java.util.ArrayList<E> : Type points to itself
[MASTER] 17:34:25.277 [logback-2] ERROR TestCluster - Failed to check cache for java.util.EnumMap<K, V> : Type points to itself
[MASTER] 17:34:25.277 [logback-2] ERROR TestCluster - Failed to check cache for java.util.EnumSet<E> : Type points to itself
[MASTER] 17:34:25.278 [logback-2] ERROR TestCluster - Failed to check cache for java.util.HashSet<E> : Type points to itself
[MASTER] 17:34:25.278 [logback-2] ERROR TestCluster - Failed to check cache for java.util.Hashtable<K, V> : Type points to itself
[MASTER] 17:34:25.279 [logback-2] ERROR TestCluster - Failed to check cache for java.util.IdentityHashMap<K, V> : Type points to itself
[MASTER] 17:34:25.279 [logback-2] ERROR TestCluster - Failed to check cache for java.util.LinkedHashMap<K, V> : Type points to itself
[MASTER] 17:34:25.280 [logback-2] ERROR TestCluster - Failed to check cache for java.util.LinkedHashSet<E> : Type points to itself
[MASTER] 17:34:25.282 [logback-2] ERROR TestCluster - Failed to check cache for java.util.Stack<E> : Type points to itself
[MASTER] 17:34:25.284 [logback-2] ERROR TestCluster - Failed to check cache for java.util.TreeMap<K, V> : Type points to itself
[MASTER] 17:34:25.285 [logback-2] ERROR TestCluster - Failed to check cache for java.util.TreeSet<E> : Type points to itself
[MASTER] 17:34:25.286 [logback-2] ERROR TestCluster - Failed to check cache for java.util.Vector<E> : Type points to itself
[MASTER] 17:34:26.318 [logback-2] ERROR TestCluster - Failed to check cache for java.lang.reflect.Constructor<T> : Type points to itself
[MASTER] 17:34:29.397 [logback-2] ERROR TestCluster - Failed to check cache for java.util.Enumeration<E> : Type points to itself
[MASTER] 17:34:34.789 [logback-2] ERROR ClientNodeImpl - Cannot inform master of change of state
java.rmi.ServerException: RemoteException occurred in server thread; nested exception is: 
	java.rmi.UnmarshalException: error unmarshalling arguments; nested exception is: 
	java.lang.ClassNotFoundException: Class 'com/alibaba/fastjson/parser/deserializer/FastjsonASMDeserializer_1_Object.class' should be in target project, but could not be found!
	at sun.rmi.server.UnicastServerRef.dispatch(UnicastServerRef.java:393) ~[na:1.8.0_161]
	at sun.rmi.transport.Transport$1.run(Transport.java:200) ~[na:1.8.0_161]
	at sun.rmi.transport.Transport$1.run(Transport.java:197) ~[na:1.8.0_161]
	at java.security.AccessController.doPrivileged(Native Method) ~[na:1.8.0_161]
	at sun.rmi.transport.Transport.serviceCall(Transport.java:196) ~[na:1.8.0_161]
	at sun.rmi.transport.tcp.TCPTransport.handleMessages(TCPTransport.java:568) ~[na:1.8.0_161]
	at sun.rmi.transport.tcp.TCPTransport$ConnectionHandler.run0(TCPTransport.java:826) ~[na:1.8.0_161]
	at sun.rmi.transport.tcp.TCPTransport$ConnectionHandler.lambda$run$0(TCPTransport.java:683) ~[na:1.8.0_161]
	at java.security.AccessController.doPrivileged(Native Method) ~[na:1.8.0_161]
	at sun.rmi.transport.tcp.TCPTransport$ConnectionHandler.run(TCPTransport.java:682) ~[na:1.8.0_161]
	at java.util.concurrent.ThreadPoolExecutor.runWorker(ThreadPoolExecutor.java:1149) ~[na:1.8.0_161]
	at java.util.concurrent.ThreadPoolExecutor$Worker.run(ThreadPoolExecutor.java:624) ~[na:1.8.0_161]
	at java.lang.Thread.run(Thread.java:748) ~[na:1.8.0_161]
	at sun.rmi.transport.StreamRemoteCall.exceptionReceivedFromServer(StreamRemoteCall.java:283) ~[na:1.8.0_161]
	at sun.rmi.transport.StreamRemoteCall.executeCall(StreamRemoteCall.java:260) ~[na:1.8.0_161]
	at sun.rmi.server.UnicastRef.invoke(UnicastRef.java:161) ~[na:1.8.0_161]
	at java.rmi.server.RemoteObjectInvocationHandler.invokeRemoteMethod(RemoteObjectInvocationHandler.java:227) ~[na:1.8.0_161]
	at java.rmi.server.RemoteObjectInvocationHandler.invoke(RemoteObjectInvocationHandler.java:179) ~[na:1.8.0_161]
	at com.sun.proxy.$Proxy7.evosuite_collectStatistics(Unknown Source) ~[na:na]
	at org.evosuite.rmi.service.ClientNodeImpl.updateStatistics(ClientNodeImpl.java:266) ~[evosuite.jar:1.0.7-SNAPSHOT]
	at org.evosuite.statistics.StatisticsSender.sendIndividualToMaster(StatisticsSender.java:68) [evosuite.jar:1.0.7-SNAPSHOT]
	at org.evosuite.statistics.StatisticsListener.lambda$new$0(StatisticsListener.java:69) [evosuite.jar:1.0.7-SNAPSHOT]
	at java.lang.Thread.run(Thread.java:748) ~[na:1.8.0_161]
Caused by: java.rmi.UnmarshalException: error unmarshalling arguments; nested exception is: 
	java.lang.ClassNotFoundException: Class 'com/alibaba/fastjson/parser/deserializer/FastjsonASMDeserializer_1_Object.class' should be in target project, but could not be found!
	at sun.rmi.server.UnicastServerRef.dispatch(UnicastServerRef.java:352) ~[na:1.8.0_161]
	at sun.rmi.transport.Transport$1.run(Transport.java:200) ~[na:1.8.0_161]
	at sun.rmi.transport.Transport$1.run(Transport.java:197) ~[na:1.8.0_161]
	at java.security.AccessController.doPrivileged(Native Method) ~[na:1.8.0_161]
	at sun.rmi.transport.Transport.serviceCall(Transport.java:196) ~[na:1.8.0_161]
	at sun.rmi.transport.tcp.TCPTransport.handleMessages(TCPTransport.java:568) ~[na:1.8.0_161]
	at sun.rmi.transport.tcp.TCPTransport$ConnectionHandler.run0(TCPTransport.java:826) ~[na:1.8.0_161]
	at sun.rmi.transport.tcp.TCPTransport$ConnectionHandler.lambda$run$0(TCPTransport.java:683) ~[na:1.8.0_161]
	at java.security.AccessController.doPrivileged(Native Method) ~[na:1.8.0_161]
	at sun.rmi.transport.tcp.TCPTransport$ConnectionHandler.run(TCPTransport.java:682) ~[na:1.8.0_161]
	at java.util.concurrent.ThreadPoolExecutor.runWorker(ThreadPoolExecutor.java:1149) ~[na:1.8.0_161]
	at java.util.concurrent.ThreadPoolExecutor$Worker.run(ThreadPoolExecutor.java:624) ~[na:1.8.0_161]
	... 1 common frames omitted
Caused by: java.lang.ClassNotFoundException: Class 'com/alibaba/fastjson/parser/deserializer/FastjsonASMDeserializer_1_Object.class' should be in target project, but could not be found!
	at org.evosuite.instrumentation.InstrumentingClassLoader.instrumentClass(InstrumentingClassLoader.java:203) ~[evosuite.jar:1.0.7-SNAPSHOT]
	at org.evosuite.instrumentation.InstrumentingClassLoader.loadClass(InstrumentingClassLoader.java:168) ~[evosuite.jar:1.0.7-SNAPSHOT]
	at org.evosuite.utils.generic.GenericClass.getClass(GenericClass.java:149) ~[evosuite.jar:1.0.7-SNAPSHOT]
	at org.evosuite.utils.generic.GenericClass.getClass(GenericClass.java:115) ~[evosuite.jar:1.0.7-SNAPSHOT]
	at org.evosuite.utils.generic.GenericClass.readObject(GenericClass.java:1720) ~[evosuite.jar:1.0.7-SNAPSHOT]
	at sun.reflect.GeneratedMethodAccessor9.invoke(Unknown Source) ~[na:na]
	at sun.reflect.DelegatingMethodAccessorImpl.invoke(DelegatingMethodAccessorImpl.java:43) ~[na:1.8.0_161]
	at java.lang.reflect.Method.invoke(Method.java:498) ~[na:1.8.0_161]
	at java.io.ObjectStreamClass.invokeReadObject(ObjectStreamClass.java:1158) ~[na:1.8.0_161]
	at java.io.ObjectInputStream.readSerialData(ObjectInputStream.java:2168) ~[na:1.8.0_161]
	at java.io.ObjectInputStream.readOrdinaryObject(ObjectInputStream.java:2059) ~[na:1.8.0_161]
	at java.io.ObjectInputStream.readObject0(ObjectInputStream.java:1566) ~[na:1.8.0_161]
	at java.io.ObjectInputStream.defaultReadFields(ObjectInputStream.java:2277) ~[na:1.8.0_161]
	at java.io.ObjectInputStream.readSerialData(ObjectInputStream.java:2201) ~[na:1.8.0_161]
	at java.io.ObjectInputStream.readOrdinaryObject(ObjectInputStream.java:2059) ~[na:1.8.0_161]
	at java.io.ObjectInputStream.readObject0(ObjectInputStream.java:1566) ~[na:1.8.0_161]
	at java.io.ObjectInputStream.defaultReadFields(ObjectInputStream.java:2277) ~[na:1.8.0_161]
	at java.io.ObjectInputStream.readSerialData(ObjectInputStream.java:2201) ~[na:1.8.0_161]
	at java.io.ObjectInputStream.readOrdinaryObject(ObjectInputStream.java:2059) ~[na:1.8.0_161]
	at java.io.ObjectInputStream.readObject0(ObjectInputStream.java:1566) ~[na:1.8.0_161]
	at java.io.ObjectInputStream.readObject(ObjectInputStream.java:426) ~[na:1.8.0_161]
	at java.util.ArrayList.readObject(ArrayList.java:797) ~[na:1.8.0_161]
	at sun.reflect.GeneratedMethodAccessor7.invoke(Unknown Source) ~[na:na]
	at sun.reflect.DelegatingMethodAccessorImpl.invoke(DelegatingMethodAccessorImpl.java:43) ~[na:1.8.0_161]
	at java.lang.reflect.Method.invoke(Method.java:498) ~[na:1.8.0_161]
	at java.io.ObjectStreamClass.invokeReadObject(ObjectStreamClass.java:1158) ~[na:1.8.0_161]
	at java.io.ObjectInputStream.readSerialData(ObjectInputStream.java:2168) ~[na:1.8.0_161]
	at java.io.ObjectInputStream.readOrdinaryObject(ObjectInputStream.java:2059) ~[na:1.8.0_161]
	at java.io.ObjectInputStream.readObject0(ObjectInputStream.java:1566) ~[na:1.8.0_161]
	at java.io.ObjectInputStream.defaultReadFields(ObjectInputStream.java:2277) ~[na:1.8.0_161]
	at java.io.ObjectInputStream.readSerialData(ObjectInputStream.java:2201) ~[na:1.8.0_161]
	at java.io.ObjectInputStream.readOrdinaryObject(ObjectInputStream.java:2059) ~[na:1.8.0_161]
	at java.io.ObjectInputStream.readObject0(ObjectInputStream.java:1566) ~[na:1.8.0_161]
	at java.io.ObjectInputStream.defaultReadFields(ObjectInputStream.java:2277) ~[na:1.8.0_161]
	at java.io.ObjectInputStream.defaultReadObject(ObjectInputStream.java:556) ~[na:1.8.0_161]
	at org.evosuite.testcase.DefaultTestCase.readObject(DefaultTestCase.java:1103) ~[evosuite.jar:1.0.7-SNAPSHOT]
	at sun.reflect.NativeMethodAccessorImpl.invoke0(Native Method) ~[na:1.8.0_161]
	at sun.reflect.NativeMethodAccessorImpl.invoke(NativeMethodAccessorImpl.java:62) ~[na:1.8.0_161]
	at sun.reflect.DelegatingMethodAccessorImpl.invoke(DelegatingMethodAccessorImpl.java:43) ~[na:1.8.0_161]
	at java.lang.reflect.Method.invoke(Method.java:498) ~[na:1.8.0_161]
	at java.io.ObjectStreamClass.invokeReadObject(ObjectStreamClass.java:1158) ~[na:1.8.0_161]
	at java.io.ObjectInputStream.readSerialData(ObjectInputStream.java:2168) ~[na:1.8.0_161]
	at java.io.ObjectInputStream.readOrdinaryObject(ObjectInputStream.java:2059) ~[na:1.8.0_161]
	at java.io.ObjectInputStream.readObject0(ObjectInputStream.java:1566) ~[na:1.8.0_161]
	at java.io.ObjectInputStream.defaultReadFields(ObjectInputStream.java:2277) ~[na:1.8.0_161]
	at java.io.ObjectInputStream.readSerialData(ObjectInputStream.java:2201) ~[na:1.8.0_161]
	at java.io.ObjectInputStream.readOrdinaryObject(ObjectInputStream.java:2059) ~[na:1.8.0_161]
	at java.io.ObjectInputStream.readObject0(ObjectInputStream.java:1566) ~[na:1.8.0_161]
	at java.io.ObjectInputStream.readObject(ObjectInputStream.java:426) ~[na:1.8.0_161]
	at java.util.ArrayList.readObject(ArrayList.java:797) ~[na:1.8.0_161]
	at sun.reflect.GeneratedMethodAccessor7.invoke(Unknown Source) ~[na:na]
	at sun.reflect.DelegatingMethodAccessorImpl.invoke(DelegatingMethodAccessorImpl.java:43) ~[na:1.8.0_161]
	at java.lang.reflect.Method.invoke(Method.java:498) ~[na:1.8.0_161]
	at java.io.ObjectStreamClass.invokeReadObject(ObjectStreamClass.java:1158) ~[na:1.8.0_161]
	at java.io.ObjectInputStream.readSerialData(ObjectInputStream.java:2168) ~[na:1.8.0_161]
	at java.io.ObjectInputStream.readOrdinaryObject(ObjectInputStream.java:2059) ~[na:1.8.0_161]
	at java.io.ObjectInputStream.readObject0(ObjectInputStream.java:1566) ~[na:1.8.0_161]
	at java.io.ObjectInputStream.defaultReadFields(ObjectInputStream.java:2277) ~[na:1.8.0_161]
	at java.io.ObjectInputStream.readSerialData(ObjectInputStream.java:2201) ~[na:1.8.0_161]
	at java.io.ObjectInputStream.readOrdinaryObject(ObjectInputStream.java:2059) ~[na:1.8.0_161]
	at java.io.ObjectInputStream.readObject0(ObjectInputStream.java:1566) ~[na:1.8.0_161]
	at java.io.ObjectInputStream.readObject(ObjectInputStream.java:426) ~[na:1.8.0_161]
	at sun.rmi.server.UnicastRef.unmarshalValue(UnicastRef.java:322) ~[na:1.8.0_161]
	at sun.rmi.server.UnicastServerRef.dispatch(UnicastServerRef.java:341) ~[na:1.8.0_161]
	... 12 common frames omitted
Caused by: java.lang.ClassNotFoundException: Class 'com/alibaba/fastjson/parser/deserializer/FastjsonASMDeserializer_1_Object.class' should be in target project, but could not be found!
	at org.evosuite.instrumentation.InstrumentingClassLoader.instrumentClass(InstrumentingClassLoader.java:190) ~[evosuite.jar:1.0.7-SNAPSHOT]
	... 75 common frames omitted
[MASTER] 17:34:41.110 [logback-2] ERROR TestCluster - Failed to check cache for java.util.Comparator<T> : Type points to itself
[MASTER] 17:35:03.330 [logback-2] ERROR TestCluster - Failed to check cache for java.util.function.Function<T, R> : Type points to itself
[MASTER] 17:35:14.369 [logback-2] ERROR TestCluster - Failed to check cache for java.util.function.Function<T, R> : Type points to itself
* Search finished after 63s and 89 generations, 48979 statements, best individual has fitness: 657.0
[MASTER] 17:35:23.022 [logback-2] ERROR ClientNodeImpl - Cannot inform master of change of state
java.rmi.ServerException: RemoteException occurred in server thread; nested exception is: 
	java.rmi.UnmarshalException: error unmarshalling arguments; nested exception is: 
	java.lang.ClassNotFoundException: Class 'com/alibaba/fastjson/parser/deserializer/FastjsonASMDeserializer_1_StringWriter.class' should be in target project, but could not be found!
	at sun.rmi.server.UnicastServerRef.dispatch(UnicastServerRef.java:393) ~[na:1.8.0_161]
	at sun.rmi.transport.Transport$1.run(Transport.java:200) ~[na:1.8.0_161]
	at sun.rmi.transport.Transport$1.run(Transport.java:197) ~[na:1.8.0_161]
	at java.security.AccessController.doPrivileged(Native Method) ~[na:1.8.0_161]
	at sun.rmi.transport.Transport.serviceCall(Transport.java:196) ~[na:1.8.0_161]
	at sun.rmi.transport.tcp.TCPTransport.handleMessages(TCPTransport.java:568) ~[na:1.8.0_161]
	at sun.rmi.transport.tcp.TCPTransport$ConnectionHandler.run0(TCPTransport.java:826) ~[na:1.8.0_161]
	at sun.rmi.transport.tcp.TCPTransport$ConnectionHandler.lambda$run$0(TCPTransport.java:683) ~[na:1.8.0_161]
	at java.security.AccessController.doPrivileged(Native Method) ~[na:1.8.0_161]
	at sun.rmi.transport.tcp.TCPTransport$ConnectionHandler.run(TCPTransport.java:682) ~[na:1.8.0_161]
	at java.util.concurrent.ThreadPoolExecutor.runWorker(ThreadPoolExecutor.java:1149) ~[na:1.8.0_161]
	at java.util.concurrent.ThreadPoolExecutor$Worker.run(ThreadPoolExecutor.java:624) ~[na:1.8.0_161]
	at java.lang.Thread.run(Thread.java:748) ~[na:1.8.0_161]
	at sun.rmi.transport.StreamRemoteCall.exceptionReceivedFromServer(StreamRemoteCall.java:283) ~[na:1.8.0_161]
	at sun.rmi.transport.StreamRemoteCall.executeCall(StreamRemoteCall.java:260) ~[na:1.8.0_161]
	at sun.rmi.server.UnicastRef.invoke(UnicastRef.java:161) ~[na:1.8.0_161]
	at java.rmi.server.RemoteObjectInvocationHandler.invokeRemoteMethod(RemoteObjectInvocationHandler.java:227) ~[na:1.8.0_161]
	at java.rmi.server.RemoteObjectInvocationHandler.invoke(RemoteObjectInvocationHandler.java:179) ~[na:1.8.0_161]
	at com.sun.proxy.$Proxy7.evosuite_collectStatistics(Unknown Source) ~[na:na]
	at org.evosuite.rmi.service.ClientNodeImpl.updateStatistics(ClientNodeImpl.java:266) ~[evosuite.jar:1.0.7-SNAPSHOT]
	at org.evosuite.statistics.StatisticsSender.sendIndividualToMaster(StatisticsSender.java:68) [evosuite.jar:1.0.7-SNAPSHOT]
	at org.evosuite.statistics.StatisticsListener.lambda$new$0(StatisticsListener.java:69) [evosuite.jar:1.0.7-SNAPSHOT]
	at java.lang.Thread.run(Thread.java:748) ~[na:1.8.0_161]
Caused by: java.rmi.UnmarshalException: error unmarshalling arguments; nested exception is: 
	java.lang.ClassNotFoundException: Class 'com/alibaba/fastjson/parser/deserializer/FastjsonASMDeserializer_1_StringWriter.class' should be in target project, but could not be found!
	at sun.rmi.server.UnicastServerRef.dispatch(UnicastServerRef.java:352) ~[na:1.8.0_161]
	at sun.rmi.transport.Transport$1.run(Transport.java:200) ~[na:1.8.0_161]
	at sun.rmi.transport.Transport$1.run(Transport.java:197) ~[na:1.8.0_161]
	at java.security.AccessController.doPrivileged(Native Method) ~[na:1.8.0_161]
	at sun.rmi.transport.Transport.serviceCall(Transport.java:196) ~[na:1.8.0_161]
	at sun.rmi.transport.tcp.TCPTransport.handleMessages(TCPTransport.java:568) ~[na:1.8.0_161]
	at sun.rmi.transport.tcp.TCPTransport$ConnectionHandler.run0(TCPTransport.java:826) ~[na:1.8.0_161]
	at sun.rmi.transport.tcp.TCPTransport$ConnectionHandler.lambda$run$0(TCPTransport.java:683) ~[na:1.8.0_161]
	at java.security.AccessController.doPrivileged(Native Method) ~[na:1.8.0_161]
	at sun.rmi.transport.tcp.TCPTransport$ConnectionHandler.run(TCPTransport.java:682) ~[na:1.8.0_161]
	at java.util.concurrent.ThreadPoolExecutor.runWorker(ThreadPoolExecutor.java:1149) ~[na:1.8.0_161]
	at java.util.concurrent.ThreadPoolExecutor$Worker.run(ThreadPoolExecutor.java:624) ~[na:1.8.0_161]
	... 1 common frames omitted
Caused by: java.lang.ClassNotFoundException: Class 'com/alibaba/fastjson/parser/deserializer/FastjsonASMDeserializer_1_StringWriter.class' should be in target project, but could not be found!
	at org.evosuite.instrumentation.InstrumentingClassLoader.instrumentClass(InstrumentingClassLoader.java:203) ~[evosuite.jar:1.0.7-SNAPSHOT]
	at org.evosuite.instrumentation.InstrumentingClassLoader.loadClass(InstrumentingClassLoader.java:168) ~[evosuite.jar:1.0.7-SNAPSHOT]
	at org.evosuite.utils.generic.GenericClass.getClass(GenericClass.java:149) ~[evosuite.jar:1.0.7-SNAPSHOT]
	at org.evosuite.utils.generic.GenericClass.getClass(GenericClass.java:115) ~[evosuite.jar:1.0.7-SNAPSHOT]
	at org.evosuite.utils.generic.GenericClass.readObject(GenericClass.java:1720) ~[evosuite.jar:1.0.7-SNAPSHOT]
	at sun.reflect.GeneratedMethodAccessor9.invoke(Unknown Source) ~[na:na]
	at sun.reflect.DelegatingMethodAccessorImpl.invoke(DelegatingMethodAccessorImpl.java:43) ~[na:1.8.0_161]
	at java.lang.reflect.Method.invoke(Method.java:498) ~[na:1.8.0_161]
	at java.io.ObjectStreamClass.invokeReadObject(ObjectStreamClass.java:1158) ~[na:1.8.0_161]
	at java.io.ObjectInputStream.readSerialData(ObjectInputStream.java:2168) ~[na:1.8.0_161]
	at java.io.ObjectInputStream.readOrdinaryObject(ObjectInputStream.java:2059) ~[na:1.8.0_161]
	at java.io.ObjectInputStream.readObject0(ObjectInputStream.java:1566) ~[na:1.8.0_161]
	at java.io.ObjectInputStream.defaultReadFields(ObjectInputStream.java:2277) ~[na:1.8.0_161]
	at java.io.ObjectInputStream.readSerialData(ObjectInputStream.java:2201) ~[na:1.8.0_161]
	at java.io.ObjectInputStream.readOrdinaryObject(ObjectInputStream.java:2059) ~[na:1.8.0_161]
	at java.io.ObjectInputStream.readObject0(ObjectInputStream.java:1566) ~[na:1.8.0_161]
	at java.io.ObjectInputStream.defaultReadFields(ObjectInputStream.java:2277) ~[na:1.8.0_161]
	at java.io.ObjectInputStream.readSerialData(ObjectInputStream.java:2201) ~[na:1.8.0_161]
	at java.io.ObjectInputStream.readOrdinaryObject(ObjectInputStream.java:2059) ~[na:1.8.0_161]
	at java.io.ObjectInputStream.readObject0(ObjectInputStream.java:1566) ~[na:1.8.0_161]
	at java.io.ObjectInputStream.readObject(ObjectInputStream.java:426) ~[na:1.8.0_161]
	at java.util.ArrayList.readObject(ArrayList.java:797) ~[na:1.8.0_161]
	at sun.reflect.GeneratedMethodAccessor7.invoke(Unknown Source) ~[na:na]
	at sun.reflect.DelegatingMethodAccessorImpl.invoke(DelegatingMethodAccessorImpl.java:43) ~[na:1.8.0_161]
	at java.lang.reflect.Method.invoke(Method.java:498) ~[na:1.8.0_161]
	at java.io.ObjectStreamClass.invokeReadObject(ObjectStreamClass.java:1158) ~[na:1.8.0_161]
	at java.io.ObjectInputStream.readSerialData(ObjectInputStream.java:2168) ~[na:1.8.0_161]
	at java.io.ObjectInputStream.readOrdinaryObject(ObjectInputStream.java:2059) ~[na:1.8.0_161]
	at java.io.ObjectInputStream.readObject0(ObjectInputStream.java:1566) ~[na:1.8.0_161]
	at java.io.ObjectInputStream.defaultReadFields(ObjectInputStream.java:2277) ~[na:1.8.0_161]
	at java.io.ObjectInputStream.readSerialData(ObjectInputStream.java:2201) ~[na:1.8.0_161]
	at java.io.ObjectInputStream.readOrdinaryObject(ObjectInputStream.java:2059) ~[na:1.8.0_161]
	at java.io.ObjectInputStream.readObject0(ObjectInputStream.java:1566) ~[na:1.8.0_161]
	at java.io.ObjectInputStream.defaultReadFields(ObjectInputStream.java:2277) ~[na:1.8.0_161]
	at java.io.ObjectInputStream.defaultReadObject(ObjectInputStream.java:556) ~[na:1.8.0_161]
	at org.evosuite.testcase.DefaultTestCase.readObject(DefaultTestCase.java:1103) ~[evosuite.jar:1.0.7-SNAPSHOT]
	at sun.reflect.GeneratedMethodAccessor18.invoke(Unknown Source) ~[na:na]
	at sun.reflect.DelegatingMethodAccessorImpl.invoke(DelegatingMethodAccessorImpl.java:43) ~[na:1.8.0_161]
	at java.lang.reflect.Method.invoke(Method.java:498) ~[na:1.8.0_161]
	at java.io.ObjectStreamClass.invokeReadObject(ObjectStreamClass.java:1158) ~[na:1.8.0_161]
	at java.io.ObjectInputStream.readSerialData(ObjectInputStream.java:2168) ~[na:1.8.0_161]
	at java.io.ObjectInputStream.readOrdinaryObject(ObjectInputStream.java:2059) ~[na:1.8.0_161]
	at java.io.ObjectInputStream.readObject0(ObjectInputStream.java:1566) ~[na:1.8.0_161]
	at java.io.ObjectInputStream.defaultReadFields(ObjectInputStream.java:2277) ~[na:1.8.0_161]
	at java.io.ObjectInputStream.readSerialData(ObjectInputStream.java:2201) ~[na:1.8.0_161]
	at java.io.ObjectInputStream.readOrdinaryObject(ObjectInputStream.java:2059) ~[na:1.8.0_161]
	at java.io.ObjectInputStream.readObject0(ObjectInputStream.java:1566) ~[na:1.8.0_161]
	at java.io.ObjectInputStream.readObject(ObjectInputStream.java:426) ~[na:1.8.0_161]
	at java.util.ArrayList.readObject(ArrayList.java:797) ~[na:1.8.0_161]
	at sun.reflect.GeneratedMethodAccessor7.invoke(Unknown Source) ~[na:na]
	at sun.reflect.DelegatingMethodAccessorImpl.invoke(DelegatingMethodAccessorImpl.java:43) ~[na:1.8.0_161]
	at java.lang.reflect.Method.invoke(Method.java:498) ~[na:1.8.0_161]
	at java.io.ObjectStreamClass.invokeReadObject(ObjectStreamClass.java:1158) ~[na:1.8.0_161]
	at java.io.ObjectInputStream.readSerialData(ObjectInputStream.java:2168) ~[na:1.8.0_161]
	at java.io.ObjectInputStream.readOrdinaryObject(ObjectInputStream.java:2059) ~[na:1.8.0_161]
	at java.io.ObjectInputStream.readObject0(ObjectInputStream.java:1566) ~[na:1.8.0_161]
	at java.io.ObjectInputStream.defaultReadFields(ObjectInputStream.java:2277) ~[na:1.8.0_161]
	at java.io.ObjectInputStream.readSerialData(ObjectInputStream.java:2201) ~[na:1.8.0_161]
	at java.io.ObjectInputStream.readOrdinaryObject(ObjectInputStream.java:2059) ~[na:1.8.0_161]
	at java.io.ObjectInputStream.readObject0(ObjectInputStream.java:1566) ~[na:1.8.0_161]
	at java.io.ObjectInputStream.readObject(ObjectInputStream.java:426) ~[na:1.8.0_161]
	at sun.rmi.server.UnicastRef.unmarshalValue(UnicastRef.java:322) ~[na:1.8.0_161]
	at sun.rmi.server.UnicastServerRef.dispatch(UnicastServerRef.java:341) ~[na:1.8.0_161]
	... 12 common frames omitted
Caused by: java.lang.ClassNotFoundException: Class 'com/alibaba/fastjson/parser/deserializer/FastjsonASMDeserializer_1_StringWriter.class' should be in target project, but could not be found!
	at org.evosuite.instrumentation.InstrumentingClassLoader.instrumentClass(InstrumentingClassLoader.java:190) ~[evosuite.jar:1.0.7-SNAPSHOT]
	... 74 common frames omitted
[MASTER] 17:35:23.845 [logback-2] ERROR ClientNodeImpl - Cannot inform master of change of state
java.rmi.ServerException: RemoteException occurred in server thread; nested exception is: 
	java.rmi.UnmarshalException: error unmarshalling arguments; nested exception is: 
	java.lang.ClassNotFoundException: Class 'com/alibaba/fastjson/parser/deserializer/FastjsonASMDeserializer_1_StringWriter.class' should be in target project, but could not be found!
	at sun.rmi.server.UnicastServerRef.dispatch(UnicastServerRef.java:393) ~[na:1.8.0_161]
	at sun.rmi.transport.Transport$1.run(Transport.java:200) ~[na:1.8.0_161]
	at sun.rmi.transport.Transport$1.run(Transport.java:197) ~[na:1.8.0_161]
	at java.security.AccessController.doPrivileged(Native Method) ~[na:1.8.0_161]
	at sun.rmi.transport.Transport.serviceCall(Transport.java:196) ~[na:1.8.0_161]
	at sun.rmi.transport.tcp.TCPTransport.handleMessages(TCPTransport.java:568) ~[na:1.8.0_161]
	at sun.rmi.transport.tcp.TCPTransport$ConnectionHandler.run0(TCPTransport.java:826) ~[na:1.8.0_161]
	at sun.rmi.transport.tcp.TCPTransport$ConnectionHandler.lambda$run$0(TCPTransport.java:683) ~[na:1.8.0_161]
	at java.security.AccessController.doPrivileged(Native Method) ~[na:1.8.0_161]
	at sun.rmi.transport.tcp.TCPTransport$ConnectionHandler.run(TCPTransport.java:682) ~[na:1.8.0_161]
	at java.util.concurrent.ThreadPoolExecutor.runWorker(ThreadPoolExecutor.java:1149) ~[na:1.8.0_161]
	at java.util.concurrent.ThreadPoolExecutor$Worker.run(ThreadPoolExecutor.java:624) ~[na:1.8.0_161]
	at java.lang.Thread.run(Thread.java:748) ~[na:1.8.0_161]
	at sun.rmi.transport.StreamRemoteCall.exceptionReceivedFromServer(StreamRemoteCall.java:283) ~[na:1.8.0_161]
	at sun.rmi.transport.StreamRemoteCall.executeCall(StreamRemoteCall.java:260) ~[na:1.8.0_161]
	at sun.rmi.server.UnicastRef.invoke(UnicastRef.java:161) ~[na:1.8.0_161]
	at java.rmi.server.RemoteObjectInvocationHandler.invokeRemoteMethod(RemoteObjectInvocationHandler.java:227) ~[na:1.8.0_161]
	at java.rmi.server.RemoteObjectInvocationHandler.invoke(RemoteObjectInvocationHandler.java:179) ~[na:1.8.0_161]
	at com.sun.proxy.$Proxy7.evosuite_collectStatistics(Unknown Source) ~[na:na]
	at org.evosuite.rmi.service.ClientNodeImpl.updateStatistics(ClientNodeImpl.java:266) [evosuite.jar:1.0.7-SNAPSHOT]
	at org.evosuite.statistics.StatisticsSender.sendIndividualToMaster(StatisticsSender.java:68) [evosuite.jar:1.0.7-SNAPSHOT]
	at org.evosuite.statistics.StatisticsSender.executedAndThenSendIndividualToMaster(StatisticsSender.java:98) [evosuite.jar:1.0.7-SNAPSHOT]
	at org.evosuite.TestSuiteGenerator.generateTests(TestSuiteGenerator.java:687) [evosuite.jar:1.0.7-SNAPSHOT]
	at org.evosuite.TestSuiteGenerator.generateTestSuite(TestSuiteGenerator.java:245) [evosuite.jar:1.0.7-SNAPSHOT]
	at org.evosuite.rmi.service.ClientNodeImpl.lambda$startNewSearch$0(ClientNodeImpl.java:155) [evosuite.jar:1.0.7-SNAPSHOT]
	at java.util.concurrent.Executors$RunnableAdapter.call(Executors.java:511) ~[na:1.8.0_161]
	at java.util.concurrent.FutureTask.run(FutureTask.java:266) ~[na:1.8.0_161]
	at java.util.concurrent.ThreadPoolExecutor.runWorker(ThreadPoolExecutor.java:1149) ~[na:1.8.0_161]
	at java.util.concurrent.ThreadPoolExecutor$Worker.run(ThreadPoolExecutor.java:624) ~[na:1.8.0_161]
	at java.lang.Thread.run(Thread.java:748) ~[na:1.8.0_161]
Caused by: java.rmi.UnmarshalException: error unmarshalling arguments; nested exception is: 
	java.lang.ClassNotFoundException: Class 'com/alibaba/fastjson/parser/deserializer/FastjsonASMDeserializer_1_StringWriter.class' should be in target project, but could not be found!
	at sun.rmi.server.UnicastServerRef.dispatch(UnicastServerRef.java:352) ~[na:1.8.0_161]
	at sun.rmi.transport.Transport$1.run(Transport.java:200) ~[na:1.8.0_161]
	at sun.rmi.transport.Transport$1.run(Transport.java:197) ~[na:1.8.0_161]
	at java.security.AccessController.doPrivileged(Native Method) ~[na:1.8.0_161]
	at sun.rmi.transport.Transport.serviceCall(Transport.java:196) ~[na:1.8.0_161]
	at sun.rmi.transport.tcp.TCPTransport.handleMessages(TCPTransport.java:568) ~[na:1.8.0_161]
	at sun.rmi.transport.tcp.TCPTransport$ConnectionHandler.run0(TCPTransport.java:826) ~[na:1.8.0_161]
	at sun.rmi.transport.tcp.TCPTransport$ConnectionHandler.lambda$run$0(TCPTransport.java:683) ~[na:1.8.0_161]
	at java.security.AccessController.doPrivileged(Native Method) ~[na:1.8.0_161]
	at sun.rmi.transport.tcp.TCPTransport$ConnectionHandler.run(TCPTransport.java:682) ~[na:1.8.0_161]
	... 3 common frames omitted
Caused by: java.lang.ClassNotFoundException: Class 'com/alibaba/fastjson/parser/deserializer/FastjsonASMDeserializer_1_StringWriter.class' should be in target project, but could not be found!
	at org.evosuite.instrumentation.InstrumentingClassLoader.instrumentClass(InstrumentingClassLoader.java:203) ~[evosuite.jar:1.0.7-SNAPSHOT]
	at org.evosuite.instrumentation.InstrumentingClassLoader.loadClass(InstrumentingClassLoader.java:168) ~[evosuite.jar:1.0.7-SNAPSHOT]
	at org.evosuite.utils.generic.GenericClass.getClass(GenericClass.java:149) ~[evosuite.jar:1.0.7-SNAPSHOT]
	at org.evosuite.utils.generic.GenericClass.getClass(GenericClass.java:115) ~[evosuite.jar:1.0.7-SNAPSHOT]
	at org.evosuite.utils.generic.GenericClass.readObject(GenericClass.java:1720) ~[evosuite.jar:1.0.7-SNAPSHOT]
	at sun.reflect.GeneratedMethodAccessor9.invoke(Unknown Source) ~[na:na]
	at sun.reflect.DelegatingMethodAccessorImpl.invoke(DelegatingMethodAccessorImpl.java:43) ~[na:1.8.0_161]
	at java.lang.reflect.Method.invoke(Method.java:498) ~[na:1.8.0_161]
	at java.io.ObjectStreamClass.invokeReadObject(ObjectStreamClass.java:1158) ~[na:1.8.0_161]
	at java.io.ObjectInputStream.readSerialData(ObjectInputStream.java:2168) ~[na:1.8.0_161]
	at java.io.ObjectInputStream.readOrdinaryObject(ObjectInputStream.java:2059) ~[na:1.8.0_161]
	at java.io.ObjectInputStream.readObject0(ObjectInputStream.java:1566) ~[na:1.8.0_161]
	at java.io.ObjectInputStream.defaultReadFields(ObjectInputStream.java:2277) ~[na:1.8.0_161]
	at java.io.ObjectInputStream.readSerialData(ObjectInputStream.java:2201) ~[na:1.8.0_161]
	at java.io.ObjectInputStream.readOrdinaryObject(ObjectInputStream.java:2059) ~[na:1.8.0_161]
	at java.io.ObjectInputStream.readObject0(ObjectInputStream.java:1566) ~[na:1.8.0_161]
	at java.io.ObjectInputStream.defaultReadFields(ObjectInputStream.java:2277) ~[na:1.8.0_161]
	at java.io.ObjectInputStream.readSerialData(ObjectInputStream.java:2201) ~[na:1.8.0_161]
	at java.io.ObjectInputStream.readOrdinaryObject(ObjectInputStream.java:2059) ~[na:1.8.0_161]
	at java.io.ObjectInputStream.readObject0(ObjectInputStream.java:1566) ~[na:1.8.0_161]
	at java.io.ObjectInputStream.readObject(ObjectInputStream.java:426) ~[na:1.8.0_161]
	at java.util.ArrayList.readObject(ArrayList.java:797) ~[na:1.8.0_161]
	at sun.reflect.GeneratedMethodAccessor7.invoke(Unknown Source) ~[na:na]
	at sun.reflect.DelegatingMethodAccessorImpl.invoke(DelegatingMethodAccessorImpl.java:43) ~[na:1.8.0_161]
	at java.lang.reflect.Method.invoke(Method.java:498) ~[na:1.8.0_161]
	at java.io.ObjectStreamClass.invokeReadObject(ObjectStreamClass.java:1158) ~[na:1.8.0_161]
	at java.io.ObjectInputStream.readSerialData(ObjectInputStream.java:2168) ~[na:1.8.0_161]
	at java.io.ObjectInputStream.readOrdinaryObject(ObjectInputStream.java:2059) ~[na:1.8.0_161]
	at java.io.ObjectInputStream.readObject0(ObjectInputStream.java:1566) ~[na:1.8.0_161]
	at java.io.ObjectInputStream.defaultReadFields(ObjectInputStream.java:2277) ~[na:1.8.0_161]
	at java.io.ObjectInputStream.readSerialData(ObjectInputStream.java:2201) ~[na:1.8.0_161]
	at java.io.ObjectInputStream.readOrdinaryObject(ObjectInputStream.java:2059) ~[na:1.8.0_161]
	at java.io.ObjectInputStream.readObject0(ObjectInputStream.java:1566) ~[na:1.8.0_161]
	at java.io.ObjectInputStream.defaultReadFields(ObjectInputStream.java:2277) ~[na:1.8.0_161]
	at java.io.ObjectInputStream.defaultReadObject(ObjectInputStream.java:556) ~[na:1.8.0_161]
	at org.evosuite.testcase.DefaultTestCase.readObject(DefaultTestCase.java:1103) ~[evosuite.jar:1.0.7-SNAPSHOT]
	at sun.reflect.GeneratedMethodAccessor18.invoke(Unknown Source) ~[na:na]
	at sun.reflect.DelegatingMethodAccessorImpl.invoke(DelegatingMethodAccessorImpl.java:43) ~[na:1.8.0_161]
	at java.lang.reflect.Method.invoke(Method.java:498) ~[na:1.8.0_161]
	at java.io.ObjectStreamClass.invokeReadObject(ObjectStreamClass.java:1158) ~[na:1.8.0_161]
	at java.io.ObjectInputStream.readSerialData(ObjectInputStream.java:2168) ~[na:1.8.0_161]
	at java.io.ObjectInputStream.readOrdinaryObject(ObjectInputStream.java:2059) ~[na:1.8.0_161]
	at java.io.ObjectInputStream.readObject0(ObjectInputStream.java:1566) ~[na:1.8.0_161]
	at java.io.ObjectInputStream.defaultReadFields(ObjectInputStream.java:2277) ~[na:1.8.0_161]
	at java.io.ObjectInputStream.readSerialData(ObjectInputStream.java:2201) ~[na:1.8.0_161]
	at java.io.ObjectInputStream.readOrdinaryObject(ObjectInputStream.java:2059) ~[na:1.8.0_161]
	at java.io.ObjectInputStream.readObject0(ObjectInputStream.java:1566) ~[na:1.8.0_161]
	at java.io.ObjectInputStream.readObject(ObjectInputStream.java:426) ~[na:1.8.0_161]
	at java.util.ArrayList.readObject(ArrayList.java:797) ~[na:1.8.0_161]
	at sun.reflect.GeneratedMethodAccessor7.invoke(Unknown Source) ~[na:na]
	at sun.reflect.DelegatingMethodAccessorImpl.invoke(DelegatingMethodAccessorImpl.java:43) ~[na:1.8.0_161]
	at java.lang.reflect.Method.invoke(Method.java:498) ~[na:1.8.0_161]
	at java.io.ObjectStreamClass.invokeReadObject(ObjectStreamClass.java:1158) ~[na:1.8.0_161]
	at java.io.ObjectInputStream.readSerialData(ObjectInputStream.java:2168) ~[na:1.8.0_161]
	at java.io.ObjectInputStream.readOrdinaryObject(ObjectInputStream.java:2059) ~[na:1.8.0_161]
	at java.io.ObjectInputStream.readObject0(ObjectInputStream.java:1566) ~[na:1.8.0_161]
	at java.io.ObjectInputStream.defaultReadFields(ObjectInputStream.java:2277) ~[na:1.8.0_161]
	at java.io.ObjectInputStream.readSerialData(ObjectInputStream.java:2201) ~[na:1.8.0_161]
	at java.io.ObjectInputStream.readOrdinaryObject(ObjectInputStream.java:2059) ~[na:1.8.0_161]
	at java.io.ObjectInputStream.readObject0(ObjectInputStream.java:1566) ~[na:1.8.0_161]
	at java.io.ObjectInputStream.readObject(ObjectInputStream.java:426) ~[na:1.8.0_161]
	at sun.rmi.server.UnicastRef.unmarshalValue(UnicastRef.java:322) ~[na:1.8.0_161]
	at sun.rmi.server.UnicastServerRef.dispatch(UnicastServerRef.java:341) ~[na:1.8.0_161]
	... 12 common frames omitted
Caused by: java.lang.ClassNotFoundException: Class 'com/alibaba/fastjson/parser/deserializer/FastjsonASMDeserializer_1_StringWriter.class' should be in target project, but could not be found!
	at org.evosuite.instrumentation.InstrumentingClassLoader.instrumentClass(InstrumentingClassLoader.java:190) ~[evosuite.jar:1.0.7-SNAPSHOT]
	... 74 common frames omitted
* Minimizing test suite
[MASTER] 17:35:29.884 [logback-2] ERROR ClientNodeImpl - Cannot inform master of change of state
java.rmi.ServerException: RemoteException occurred in server thread; nested exception is: 
	java.rmi.UnmarshalException: error unmarshalling arguments; nested exception is: 
	java.lang.ClassNotFoundException: Class 'com/alibaba/fastjson/parser/deserializer/FastjsonASMDeserializer_1_Object.class' should be in target project, but could not be found!
	at sun.rmi.server.UnicastServerRef.dispatch(UnicastServerRef.java:393) ~[na:1.8.0_161]
	at sun.rmi.transport.Transport$1.run(Transport.java:200) ~[na:1.8.0_161]
	at sun.rmi.transport.Transport$1.run(Transport.java:197) ~[na:1.8.0_161]
	at java.security.AccessController.doPrivileged(Native Method) ~[na:1.8.0_161]
	at sun.rmi.transport.Transport.serviceCall(Transport.java:196) ~[na:1.8.0_161]
	at sun.rmi.transport.tcp.TCPTransport.handleMessages(TCPTransport.java:568) ~[na:1.8.0_161]
	at sun.rmi.transport.tcp.TCPTransport$ConnectionHandler.run0(TCPTransport.java:826) ~[na:1.8.0_161]
	at sun.rmi.transport.tcp.TCPTransport$ConnectionHandler.lambda$run$0(TCPTransport.java:683) ~[na:1.8.0_161]
	at java.security.AccessController.doPrivileged(Native Method) ~[na:1.8.0_161]
	at sun.rmi.transport.tcp.TCPTransport$ConnectionHandler.run(TCPTransport.java:682) ~[na:1.8.0_161]
	at java.util.concurrent.ThreadPoolExecutor.runWorker(ThreadPoolExecutor.java:1149) ~[na:1.8.0_161]
	at java.util.concurrent.ThreadPoolExecutor$Worker.run(ThreadPoolExecutor.java:624) ~[na:1.8.0_161]
	at java.lang.Thread.run(Thread.java:748) ~[na:1.8.0_161]
	at sun.rmi.transport.StreamRemoteCall.exceptionReceivedFromServer(StreamRemoteCall.java:283) ~[na:1.8.0_161]
	at sun.rmi.transport.StreamRemoteCall.executeCall(StreamRemoteCall.java:260) ~[na:1.8.0_161]
	at sun.rmi.server.UnicastRef.invoke(UnicastRef.java:161) ~[na:1.8.0_161]
	at java.rmi.server.RemoteObjectInvocationHandler.invokeRemoteMethod(RemoteObjectInvocationHandler.java:227) ~[na:1.8.0_161]
	at java.rmi.server.RemoteObjectInvocationHandler.invoke(RemoteObjectInvocationHandler.java:179) ~[na:1.8.0_161]
	at com.sun.proxy.$Proxy7.evosuite_collectStatistics(Unknown Source) ~[na:na]
	at org.evosuite.rmi.service.ClientNodeImpl.updateStatistics(ClientNodeImpl.java:266) ~[evosuite.jar:1.0.7-SNAPSHOT]
	at org.evosuite.statistics.StatisticsSender.sendIndividualToMaster(StatisticsSender.java:68) [evosuite.jar:1.0.7-SNAPSHOT]
	at org.evosuite.statistics.StatisticsListener.lambda$new$0(StatisticsListener.java:69) [evosuite.jar:1.0.7-SNAPSHOT]
	at java.lang.Thread.run(Thread.java:748) ~[na:1.8.0_161]
Caused by: java.rmi.UnmarshalException: error unmarshalling arguments; nested exception is: 
	java.lang.ClassNotFoundException: Class 'com/alibaba/fastjson/parser/deserializer/FastjsonASMDeserializer_1_Object.class' should be in target project, but could not be found!
	at sun.rmi.server.UnicastServerRef.dispatch(UnicastServerRef.java:352) ~[na:1.8.0_161]
	at sun.rmi.transport.Transport$1.run(Transport.java:200) ~[na:1.8.0_161]
	at sun.rmi.transport.Transport$1.run(Transport.java:197) ~[na:1.8.0_161]
	at java.security.AccessController.doPrivileged(Native Method) ~[na:1.8.0_161]
	at sun.rmi.transport.Transport.serviceCall(Transport.java:196) ~[na:1.8.0_161]
	at sun.rmi.transport.tcp.TCPTransport.handleMessages(TCPTransport.java:568) ~[na:1.8.0_161]
	at sun.rmi.transport.tcp.TCPTransport$ConnectionHandler.run0(TCPTransport.java:826) ~[na:1.8.0_161]
	at sun.rmi.transport.tcp.TCPTransport$ConnectionHandler.lambda$run$0(TCPTransport.java:683) ~[na:1.8.0_161]
	at java.security.AccessController.doPrivileged(Native Method) ~[na:1.8.0_161]
	at sun.rmi.transport.tcp.TCPTransport$ConnectionHandler.run(TCPTransport.java:682) ~[na:1.8.0_161]
	at java.util.concurrent.ThreadPoolExecutor.runWorker(ThreadPoolExecutor.java:1149) ~[na:1.8.0_161]
	at java.util.concurrent.ThreadPoolExecutor$Worker.run(ThreadPoolExecutor.java:624) ~[na:1.8.0_161]
	... 1 common frames omitted
Caused by: java.lang.ClassNotFoundException: Class 'com/alibaba/fastjson/parser/deserializer/FastjsonASMDeserializer_1_Object.class' should be in target project, but could not be found!
	at org.evosuite.instrumentation.InstrumentingClassLoader.instrumentClass(InstrumentingClassLoader.java:203) ~[evosuite.jar:1.0.7-SNAPSHOT]
	at org.evosuite.instrumentation.InstrumentingClassLoader.loadClass(InstrumentingClassLoader.java:168) ~[evosuite.jar:1.0.7-SNAPSHOT]
	at org.evosuite.utils.generic.GenericClass.getClass(GenericClass.java:149) ~[evosuite.jar:1.0.7-SNAPSHOT]
	at org.evosuite.utils.generic.GenericClass.getClass(GenericClass.java:115) ~[evosuite.jar:1.0.7-SNAPSHOT]
	at org.evosuite.utils.generic.GenericClass.readObject(GenericClass.java:1720) ~[evosuite.jar:1.0.7-SNAPSHOT]
	at sun.reflect.GeneratedMethodAccessor9.invoke(Unknown Source) ~[na:na]
	at sun.reflect.DelegatingMethodAccessorImpl.invoke(DelegatingMethodAccessorImpl.java:43) ~[na:1.8.0_161]
	at java.lang.reflect.Method.invoke(Method.java:498) ~[na:1.8.0_161]
	at java.io.ObjectStreamClass.invokeReadObject(ObjectStreamClass.java:1158) ~[na:1.8.0_161]
	at java.io.ObjectInputStream.readSerialData(ObjectInputStream.java:2168) ~[na:1.8.0_161]
	at java.io.ObjectInputStream.readOrdinaryObject(ObjectInputStream.java:2059) ~[na:1.8.0_161]
	at java.io.ObjectInputStream.readObject0(ObjectInputStream.java:1566) ~[na:1.8.0_161]
	at java.io.ObjectInputStream.defaultReadFields(ObjectInputStream.java:2277) ~[na:1.8.0_161]
	at java.io.ObjectInputStream.readSerialData(ObjectInputStream.java:2201) ~[na:1.8.0_161]
	at java.io.ObjectInputStream.readOrdinaryObject(ObjectInputStream.java:2059) ~[na:1.8.0_161]
	at java.io.ObjectInputStream.readObject0(ObjectInputStream.java:1566) ~[na:1.8.0_161]
	at java.io.ObjectInputStream.defaultReadFields(ObjectInputStream.java:2277) ~[na:1.8.0_161]
	at java.io.ObjectInputStream.readSerialData(ObjectInputStream.java:2201) ~[na:1.8.0_161]
	at java.io.ObjectInputStream.readOrdinaryObject(ObjectInputStream.java:2059) ~[na:1.8.0_161]
	at java.io.ObjectInputStream.readObject0(ObjectInputStream.java:1566) ~[na:1.8.0_161]
	at java.io.ObjectInputStream.readObject(ObjectInputStream.java:426) ~[na:1.8.0_161]
	at java.util.ArrayList.readObject(ArrayList.java:797) ~[na:1.8.0_161]
	at sun.reflect.GeneratedMethodAccessor7.invoke(Unknown Source) ~[na:na]
	at sun.reflect.DelegatingMethodAccessorImpl.invoke(DelegatingMethodAccessorImpl.java:43) ~[na:1.8.0_161]
	at java.lang.reflect.Method.invoke(Method.java:498) ~[na:1.8.0_161]
	at java.io.ObjectStreamClass.invokeReadObject(ObjectStreamClass.java:1158) ~[na:1.8.0_161]
	at java.io.ObjectInputStream.readSerialData(ObjectInputStream.java:2168) ~[na:1.8.0_161]
	at java.io.ObjectInputStream.readOrdinaryObject(ObjectInputStream.java:2059) ~[na:1.8.0_161]
	at java.io.ObjectInputStream.readObject0(ObjectInputStream.java:1566) ~[na:1.8.0_161]
	at java.io.ObjectInputStream.defaultReadFields(ObjectInputStream.java:2277) ~[na:1.8.0_161]
	at java.io.ObjectInputStream.readSerialData(ObjectInputStream.java:2201) ~[na:1.8.0_161]
	at java.io.ObjectInputStream.readOrdinaryObject(ObjectInputStream.java:2059) ~[na:1.8.0_161]
	at java.io.ObjectInputStream.readObject0(ObjectInputStream.java:1566) ~[na:1.8.0_161]
	at java.io.ObjectInputStream.defaultReadFields(ObjectInputStream.java:2277) ~[na:1.8.0_161]
	at java.io.ObjectInputStream.defaultReadObject(ObjectInputStream.java:556) ~[na:1.8.0_161]
	at org.evosuite.testcase.DefaultTestCase.readObject(DefaultTestCase.java:1103) ~[evosuite.jar:1.0.7-SNAPSHOT]
	at sun.reflect.GeneratedMethodAccessor17.invoke(Unknown Source) ~[na:na]
	at sun.reflect.DelegatingMethodAccessorImpl.invoke(DelegatingMethodAccessorImpl.java:43) ~[na:1.8.0_161]
	at java.lang.reflect.Method.invoke(Method.java:498) ~[na:1.8.0_161]
	at java.io.ObjectStreamClass.invokeReadObject(ObjectStreamClass.java:1158) ~[na:1.8.0_161]
	at java.io.ObjectInputStream.readSerialData(ObjectInputStream.java:2168) ~[na:1.8.0_161]
	at java.io.ObjectInputStream.readOrdinaryObject(ObjectInputStream.java:2059) ~[na:1.8.0_161]
	at java.io.ObjectInputStream.readObject0(ObjectInputStream.java:1566) ~[na:1.8.0_161]
	at java.io.ObjectInputStream.defaultReadFields(ObjectInputStream.java:2277) ~[na:1.8.0_161]
	at java.io.ObjectInputStream.readSerialData(ObjectInputStream.java:2201) ~[na:1.8.0_161]
	at java.io.ObjectInputStream.readOrdinaryObject(ObjectInputStream.java:2059) ~[na:1.8.0_161]
	at java.io.ObjectInputStream.readObject0(ObjectInputStream.java:1566) ~[na:1.8.0_161]
	at java.io.ObjectInputStream.readObject(ObjectInputStream.java:426) ~[na:1.8.0_161]
	at java.util.ArrayList.readObject(ArrayList.java:797) ~[na:1.8.0_161]
	at sun.reflect.GeneratedMethodAccessor7.invoke(Unknown Source) ~[na:na]
	at sun.reflect.DelegatingMethodAccessorImpl.invoke(DelegatingMethodAccessorImpl.java:43) ~[na:1.8.0_161]
	at java.lang.reflect.Method.invoke(Method.java:498) ~[na:1.8.0_161]
	at java.io.ObjectStreamClass.invokeReadObject(ObjectStreamClass.java:1158) ~[na:1.8.0_161]
	at java.io.ObjectInputStream.readSerialData(ObjectInputStream.java:2168) ~[na:1.8.0_161]
	at java.io.ObjectInputStream.readOrdinaryObject(ObjectInputStream.java:2059) ~[na:1.8.0_161]
	at java.io.ObjectInputStream.readObject0(ObjectInputStream.java:1566) ~[na:1.8.0_161]
	at java.io.ObjectInputStream.defaultReadFields(ObjectInputStream.java:2277) ~[na:1.8.0_161]
	at java.io.ObjectInputStream.readSerialData(ObjectInputStream.java:2201) ~[na:1.8.0_161]
	at java.io.ObjectInputStream.readOrdinaryObject(ObjectInputStream.java:2059) ~[na:1.8.0_161]
	at java.io.ObjectInputStream.readObject0(ObjectInputStream.java:1566) ~[na:1.8.0_161]
	at java.io.ObjectInputStream.readObject(ObjectInputStream.java:426) ~[na:1.8.0_161]
	at sun.rmi.server.UnicastRef.unmarshalValue(UnicastRef.java:322) ~[na:1.8.0_161]
	at sun.rmi.server.UnicastServerRef.dispatch(UnicastServerRef.java:341) ~[na:1.8.0_161]
	... 12 common frames omitted
Caused by: java.lang.ClassNotFoundException: Class 'com/alibaba/fastjson/parser/deserializer/FastjsonASMDeserializer_1_Object.class' should be in target project, but could not be found!
	at org.evosuite.instrumentation.InstrumentingClassLoader.instrumentClass(InstrumentingClassLoader.java:190) ~[evosuite.jar:1.0.7-SNAPSHOT]
	... 74 common frames omitted
* Search finished after 65s and 34 generations, 17442 statements, best individual has fitness: 2278.0
[MASTER] 17:35:30.500 [logback-2] ERROR ClientNodeImpl - Cannot inform master of change of state
java.rmi.ServerException: RemoteException occurred in server thread; nested exception is: 
	java.rmi.UnmarshalException: error unmarshalling arguments; nested exception is: 
	java.lang.ClassNotFoundException: Class 'com/alibaba/fastjson/parser/deserializer/FastjsonASMDeserializer_1_Object.class' should be in target project, but could not be found!
	at sun.rmi.server.UnicastServerRef.dispatch(UnicastServerRef.java:393) ~[na:1.8.0_161]
	at sun.rmi.transport.Transport$1.run(Transport.java:200) ~[na:1.8.0_161]
	at sun.rmi.transport.Transport$1.run(Transport.java:197) ~[na:1.8.0_161]
	at java.security.AccessController.doPrivileged(Native Method) ~[na:1.8.0_161]
	at sun.rmi.transport.Transport.serviceCall(Transport.java:196) ~[na:1.8.0_161]
	at sun.rmi.transport.tcp.TCPTransport.handleMessages(TCPTransport.java:568) ~[na:1.8.0_161]
	at sun.rmi.transport.tcp.TCPTransport$ConnectionHandler.run0(TCPTransport.java:826) ~[na:1.8.0_161]
	at sun.rmi.transport.tcp.TCPTransport$ConnectionHandler.lambda$run$0(TCPTransport.java:683) ~[na:1.8.0_161]
	at java.security.AccessController.doPrivileged(Native Method) ~[na:1.8.0_161]
	at sun.rmi.transport.tcp.TCPTransport$ConnectionHandler.run(TCPTransport.java:682) ~[na:1.8.0_161]
	at java.util.concurrent.ThreadPoolExecutor.runWorker(ThreadPoolExecutor.java:1149) ~[na:1.8.0_161]
	at java.util.concurrent.ThreadPoolExecutor$Worker.run(ThreadPoolExecutor.java:624) ~[na:1.8.0_161]
	at java.lang.Thread.run(Thread.java:748) ~[na:1.8.0_161]
	at sun.rmi.transport.StreamRemoteCall.exceptionReceivedFromServer(StreamRemoteCall.java:283) ~[na:1.8.0_161]
	at sun.rmi.transport.StreamRemoteCall.executeCall(StreamRemoteCall.java:260) ~[na:1.8.0_161]
	at sun.rmi.server.UnicastRef.invoke(UnicastRef.java:161) ~[na:1.8.0_161]
	at java.rmi.server.RemoteObjectInvocationHandler.invokeRemoteMethod(RemoteObjectInvocationHandler.java:227) ~[na:1.8.0_161]
	at java.rmi.server.RemoteObjectInvocationHandler.invoke(RemoteObjectInvocationHandler.java:179) ~[na:1.8.0_161]
	at com.sun.proxy.$Proxy7.evosuite_collectStatistics(Unknown Source) ~[na:na]
	at org.evosuite.rmi.service.ClientNodeImpl.updateStatistics(ClientNodeImpl.java:266) [evosuite.jar:1.0.7-SNAPSHOT]
	at org.evosuite.statistics.StatisticsSender.sendIndividualToMaster(StatisticsSender.java:68) [evosuite.jar:1.0.7-SNAPSHOT]
	at org.evosuite.statistics.StatisticsSender.executedAndThenSendIndividualToMaster(StatisticsSender.java:98) [evosuite.jar:1.0.7-SNAPSHOT]
	at org.evosuite.TestSuiteGenerator.generateTests(TestSuiteGenerator.java:687) [evosuite.jar:1.0.7-SNAPSHOT]
	at org.evosuite.TestSuiteGenerator.generateTestSuite(TestSuiteGenerator.java:245) [evosuite.jar:1.0.7-SNAPSHOT]
	at org.evosuite.rmi.service.ClientNodeImpl.lambda$startNewSearch$0(ClientNodeImpl.java:155) [evosuite.jar:1.0.7-SNAPSHOT]
	at java.util.concurrent.Executors$RunnableAdapter.call(Executors.java:511) ~[na:1.8.0_161]
	at java.util.concurrent.FutureTask.run(FutureTask.java:266) ~[na:1.8.0_161]
	at java.util.concurrent.ThreadPoolExecutor.runWorker(ThreadPoolExecutor.java:1149) ~[na:1.8.0_161]
	at java.util.concurrent.ThreadPoolExecutor$Worker.run(ThreadPoolExecutor.java:624) ~[na:1.8.0_161]
	at java.lang.Thread.run(Thread.java:748) ~[na:1.8.0_161]
Caused by: java.rmi.UnmarshalException: error unmarshalling arguments; nested exception is: 
	java.lang.ClassNotFoundException: Class 'com/alibaba/fastjson/parser/deserializer/FastjsonASMDeserializer_1_Object.class' should be in target project, but could not be found!
	at sun.rmi.server.UnicastServerRef.dispatch(UnicastServerRef.java:352) ~[na:1.8.0_161]
	at sun.rmi.transport.Transport$1.run(Transport.java:200) ~[na:1.8.0_161]
	at sun.rmi.transport.Transport$1.run(Transport.java:197) ~[na:1.8.0_161]
	at java.security.AccessController.doPrivileged(Native Method) ~[na:1.8.0_161]
	at sun.rmi.transport.Transport.serviceCall(Transport.java:196) ~[na:1.8.0_161]
	at sun.rmi.transport.tcp.TCPTransport.handleMessages(TCPTransport.java:568) ~[na:1.8.0_161]
	at sun.rmi.transport.tcp.TCPTransport$ConnectionHandler.run0(TCPTransport.java:826) ~[na:1.8.0_161]
	at sun.rmi.transport.tcp.TCPTransport$ConnectionHandler.lambda$run$0(TCPTransport.java:683) ~[na:1.8.0_161]
	at java.security.AccessController.doPrivileged(Native Method) ~[na:1.8.0_161]
	at sun.rmi.transport.tcp.TCPTransport$ConnectionHandler.run(TCPTransport.java:682) ~[na:1.8.0_161]
	... 3 common frames omitted
Caused by: java.lang.ClassNotFoundException: Class 'com/alibaba/fastjson/parser/deserializer/FastjsonASMDeserializer_1_Object.class' should be in target project, but could not be found!
	at org.evosuite.instrumentation.InstrumentingClassLoader.instrumentClass(InstrumentingClassLoader.java:203) ~[evosuite.jar:1.0.7-SNAPSHOT]
	at org.evosuite.instrumentation.InstrumentingClassLoader.loadClass(InstrumentingClassLoader.java:168) ~[evosuite.jar:1.0.7-SNAPSHOT]
	at org.evosuite.utils.generic.GenericClass.getClass(GenericClass.java:149) ~[evosuite.jar:1.0.7-SNAPSHOT]
	at org.evosuite.utils.generic.GenericClass.getClass(GenericClass.java:115) ~[evosuite.jar:1.0.7-SNAPSHOT]
	at org.evosuite.utils.generic.GenericClass.readObject(GenericClass.java:1720) ~[evosuite.jar:1.0.7-SNAPSHOT]
	at sun.reflect.GeneratedMethodAccessor9.invoke(Unknown Source) ~[na:na]
	at sun.reflect.DelegatingMethodAccessorImpl.invoke(DelegatingMethodAccessorImpl.java:43) ~[na:1.8.0_161]
	at java.lang.reflect.Method.invoke(Method.java:498) ~[na:1.8.0_161]
	at java.io.ObjectStreamClass.invokeReadObject(ObjectStreamClass.java:1158) ~[na:1.8.0_161]
	at java.io.ObjectInputStream.readSerialData(ObjectInputStream.java:2168) ~[na:1.8.0_161]
	at java.io.ObjectInputStream.readOrdinaryObject(ObjectInputStream.java:2059) ~[na:1.8.0_161]
	at java.io.ObjectInputStream.readObject0(ObjectInputStream.java:1566) ~[na:1.8.0_161]
	at java.io.ObjectInputStream.defaultReadFields(ObjectInputStream.java:2277) ~[na:1.8.0_161]
	at java.io.ObjectInputStream.readSerialData(ObjectInputStream.java:2201) ~[na:1.8.0_161]
	at java.io.ObjectInputStream.readOrdinaryObject(ObjectInputStream.java:2059) ~[na:1.8.0_161]
	at java.io.ObjectInputStream.readObject0(ObjectInputStream.java:1566) ~[na:1.8.0_161]
	at java.io.ObjectInputStream.defaultReadFields(ObjectInputStream.java:2277) ~[na:1.8.0_161]
	at java.io.ObjectInputStream.readSerialData(ObjectInputStream.java:2201) ~[na:1.8.0_161]
	at java.io.ObjectInputStream.readOrdinaryObject(ObjectInputStream.java:2059) ~[na:1.8.0_161]
	at java.io.ObjectInputStream.readObject0(ObjectInputStream.java:1566) ~[na:1.8.0_161]
	at java.io.ObjectInputStream.readObject(ObjectInputStream.java:426) ~[na:1.8.0_161]
	at java.util.ArrayList.readObject(ArrayList.java:797) ~[na:1.8.0_161]
	at sun.reflect.GeneratedMethodAccessor7.invoke(Unknown Source) ~[na:na]
	at sun.reflect.DelegatingMethodAccessorImpl.invoke(DelegatingMethodAccessorImpl.java:43) ~[na:1.8.0_161]
	at java.lang.reflect.Method.invoke(Method.java:498) ~[na:1.8.0_161]
	at java.io.ObjectStreamClass.invokeReadObject(ObjectStreamClass.java:1158) ~[na:1.8.0_161]
	at java.io.ObjectInputStream.readSerialData(ObjectInputStream.java:2168) ~[na:1.8.0_161]
	at java.io.ObjectInputStream.readOrdinaryObject(ObjectInputStream.java:2059) ~[na:1.8.0_161]
	at java.io.ObjectInputStream.readObject0(ObjectInputStream.java:1566) ~[na:1.8.0_161]
	at java.io.ObjectInputStream.defaultReadFields(ObjectInputStream.java:2277) ~[na:1.8.0_161]
	at java.io.ObjectInputStream.readSerialData(ObjectInputStream.java:2201) ~[na:1.8.0_161]
	at java.io.ObjectInputStream.readOrdinaryObject(ObjectInputStream.java:2059) ~[na:1.8.0_161]
	at java.io.ObjectInputStream.readObject0(ObjectInputStream.java:1566) ~[na:1.8.0_161]
	at java.io.ObjectInputStream.defaultReadFields(ObjectInputStream.java:2277) ~[na:1.8.0_161]
	at java.io.ObjectInputStream.defaultReadObject(ObjectInputStream.java:556) ~[na:1.8.0_161]
	at org.evosuite.testcase.DefaultTestCase.readObject(DefaultTestCase.java:1103) ~[evosuite.jar:1.0.7-SNAPSHOT]
	at sun.reflect.GeneratedMethodAccessor17.invoke(Unknown Source) ~[na:na]
	at sun.reflect.DelegatingMethodAccessorImpl.invoke(DelegatingMethodAccessorImpl.java:43) ~[na:1.8.0_161]
	at java.lang.reflect.Method.invoke(Method.java:498) ~[na:1.8.0_161]
	at java.io.ObjectStreamClass.invokeReadObject(ObjectStreamClass.java:1158) ~[na:1.8.0_161]
	at java.io.ObjectInputStream.readSerialData(ObjectInputStream.java:2168) ~[na:1.8.0_161]
	at java.io.ObjectInputStream.readOrdinaryObject(ObjectInputStream.java:2059) ~[na:1.8.0_161]
	at java.io.ObjectInputStream.readObject0(ObjectInputStream.java:1566) ~[na:1.8.0_161]
	at java.io.ObjectInputStream.defaultReadFields(ObjectInputStream.java:2277) ~[na:1.8.0_161]
	at java.io.ObjectInputStream.readSerialData(ObjectInputStream.java:2201) ~[na:1.8.0_161]
	at java.io.ObjectInputStream.readOrdinaryObject(ObjectInputStream.java:2059) ~[na:1.8.0_161]
	at java.io.ObjectInputStream.readObject0(ObjectInputStream.java:1566) ~[na:1.8.0_161]
	at java.io.ObjectInputStream.readObject(ObjectInputStream.java:426) ~[na:1.8.0_161]
	at java.util.ArrayList.readObject(ArrayList.java:797) ~[na:1.8.0_161]
	at sun.reflect.GeneratedMethodAccessor7.invoke(Unknown Source) ~[na:na]
	at sun.reflect.DelegatingMethodAccessorImpl.invoke(DelegatingMethodAccessorImpl.java:43) ~[na:1.8.0_161]
	at java.lang.reflect.Method.invoke(Method.java:498) ~[na:1.8.0_161]
	at java.io.ObjectStreamClass.invokeReadObject(ObjectStreamClass.java:1158) ~[na:1.8.0_161]
	at java.io.ObjectInputStream.readSerialData(ObjectInputStream.java:2168) ~[na:1.8.0_161]
	at java.io.ObjectInputStream.readOrdinaryObject(ObjectInputStream.java:2059) ~[na:1.8.0_161]
	at java.io.ObjectInputStream.readObject0(ObjectInputStream.java:1566) ~[na:1.8.0_161]
	at java.io.ObjectInputStream.defaultReadFields(ObjectInputStream.java:2277) ~[na:1.8.0_161]
	at java.io.ObjectInputStream.readSerialData(ObjectInputStream.java:2201) ~[na:1.8.0_161]
	at java.io.ObjectInputStream.readOrdinaryObject(ObjectInputStream.java:2059) ~[na:1.8.0_161]
	at java.io.ObjectInputStream.readObject0(ObjectInputStream.java:1566) ~[na:1.8.0_161]
	at java.io.ObjectInputStream.readObject(ObjectInputStream.java:426) ~[na:1.8.0_161]
	at sun.rmi.server.UnicastRef.unmarshalValue(UnicastRef.java:322) ~[na:1.8.0_161]
	at sun.rmi.server.UnicastServerRef.dispatch(UnicastServerRef.java:341) ~[na:1.8.0_161]
	... 12 common frames omitted
Caused by: java.lang.ClassNotFoundException: Class 'com/alibaba/fastjson/parser/deserializer/FastjsonASMDeserializer_1_Object.class' should be in target project, but could not be found!
	at org.evosuite.instrumentation.InstrumentingClassLoader.instrumentClass(InstrumentingClassLoader.java:190) ~[evosuite.jar:1.0.7-SNAPSHOT]
	... 74 common frames omitted
* Minimizing test suite
* Going to analyze the coverage criteria
* Coverage analysis for criterion LINE
* Coverage of criterion LINE: 31%
* Total number of goals: 973
* Number of covered goals: 298
* Coverage analysis for criterion BRANCH
* Coverage of criterion BRANCH: 30%
* Total number of goals: 707
* Number of covered goals: 214
* Coverage analysis for criterion EXCEPTION
* Coverage of criterion EXCEPTION: 96%
* Total number of goals: 57
* Number of covered goals: 55
* Coverage analysis for criterion WEAKMUTATION
* Coverage of criterion WEAKMUTATION: 51%
* Total number of goals: 897
* Number of covered goals: 453
* Coverage analysis for criterion OUTPUT
* Coverage of criterion OUTPUT: 35%
* Total number of goals: 102
* Number of covered goals: 36
* Coverage analysis for criterion METHOD
* Coverage of criterion METHOD: 100%
* Total number of goals: 63
* Number of covered goals: 63
* Coverage analysis for criterion METHODNOEXCEPTION
* Coverage of criterion METHODNOEXCEPTION: 68%
* Total number of goals: 63
* Number of covered goals: 43
* Coverage analysis for criterion CBRANCH
* Coverage of criterion CBRANCH: 28%
* Total number of goals: 707
* Number of covered goals: 196
* Generated 119 tests with total length 455
* Resulting test suite's coverage: 48% (average coverage for all fitness functions)
* Generating assertions
* Going to analyze the coverage criteria
* Coverage analysis for criterion LINE
* Coverage of criterion LINE: 80%
* Total number of goals: 435
* Number of covered goals: 349
* Coverage analysis for criterion BRANCH
* Coverage of criterion BRANCH: 77%
* Total number of goals: 283
* Number of covered goals: 218
* Coverage analysis for criterion EXCEPTION
* Coverage of criterion EXCEPTION: 99%
* Total number of goals: 109
* Number of covered goals: 108
* Coverage analysis for criterion WEAKMUTATION
* Coverage of criterion WEAKMUTATION: 72%
* Total number of goals: 716
* Number of covered goals: 517
* Coverage analysis for criterion OUTPUT
* Coverage of criterion OUTPUT: 33%
* Total number of goals: 197
* Number of covered goals: 65
* Coverage analysis for criterion METHOD
* Coverage of criterion METHOD: 88%
* Total number of goals: 83
* Number of covered goals: 73
* Coverage analysis for criterion METHODNOEXCEPTION
* Coverage of criterion METHODNOEXCEPTION: 80%
* Total number of goals: 83
* Number of covered goals: 66
* Coverage analysis for criterion CBRANCH
* Coverage of criterion CBRANCH: 69%
* Total number of goals: 283
* Number of covered goals: 196
* Generated 218 tests with total length 969
* Resulting test suite's coverage: 71% (average coverage for all fitness functions)
* Generating assertions
* Resulting test suite's mutation score: 9%
* Compiling and checking tests
* Resulting test suite's mutation score: 29%
* Compiling and checking tests
[MASTER] 17:36:09.972 [logback-1] WARN  JUnitAnalyzer - Found unstable test named test0 -> class com.alibaba.fastjson.JSONException: create asm serializer error, verson 1.2.68, class class com.alibaba.fastjson.parser.SymbolTable
[MASTER] 17:36:09.972 [logback-1] WARN  JUnitAnalyzer - Failing test:
 ParserConfig parserConfig0 = ParserConfig.global;
String string0 = JSON.toJSONString((Object) parserConfig0, false);
assertEquals("{\"asmEnable\":true,\"autoTypeSupport\":false,\"compatibleWithJavaBean\":false,\"derializers\":{},\"deserializers\":{\"$ref\":\"$.java\\\\.lang\\\\.String\\\\@0000001143\"},\"fieldBased\":false,\"jacksonCompatible\":false,\"safeMode\":false,\"symbolTable\":{}}", string0);


[MASTER] 17:36:25.263 [logback-1] WARN  JUnitAnalyzer - Found unstable test named test0 -> class java.lang.StringIndexOutOfBoundsException: String index out of range: -1
[MASTER] 17:36:25.264 [logback-1] WARN  JUnitAnalyzer - Failing test:
 JSONReaderScanner jSONReaderScanner0 = new JSONReaderScanner("{f");
DefaultJSONParser defaultJSONParser0 = new DefaultJSONParser(jSONReaderScanner0);
IdentityHashMap<ChronoLocalDate, Collator> identityHashMap0 = new IdentityHashMap<ChronoLocalDate, Collator>();
Hashtable<ChronoLocalDate, Collator> hashtable0 = new Hashtable<ChronoLocalDate, Collator>(identityHashMap0);
defaultJSONParser0.parseObject((Map) identityHashMap0, (Object) hashtable0);

[MASTER] 17:36:38.262 [logback-1] WARN  JUnitAnalyzer - Found unstable test named test0 -> class java.lang.StringIndexOutOfBoundsException: String index out of range: -1
[MASTER] 17:36:38.262 [logback-1] WARN  JUnitAnalyzer - Failing test:
 JSONReaderScanner jSONReaderScanner0 = new JSONReaderScanner("{f");
ParserConfig parserConfig0 = ParserConfig.global;
DefaultJSONParser defaultJSONParser0 = new DefaultJSONParser("_yu)Y1qHHa", parserConfig0);
DefaultJSONParser defaultJSONParser1 = new DefaultJSONParser(defaultJSONParser0, jSONReaderScanner0, parserConfig0);
defaultJSONParser1.parseKey();

[MASTER] 17:36:43.200 [logback-1] WARN  JUnitAnalyzer - Found unstable test named test0 -> class java.lang.ClassCastException: com.alibaba.fastjson.JSONObject cannot be cast to java.util.TreeMap
[MASTER] 17:36:43.200 [logback-1] WARN  JUnitAnalyzer - Failing test:
 SerializeConfig serializeConfig0 = new SerializeConfig();
TreeMap<Method, PropertyNamingStrategy> treeMap0 = new TreeMap<Method, PropertyNamingStrategy>();
TreeMap treeMap1 = (TreeMap)JSON.toJSON((Object) treeMap0, serializeConfig0);
assertEquals(0, treeMap1.size());


* Writing tests to file
* Writing JUnit test case 'DefaultJSONParser_ESTest' to /home/apaniche/mitchell/generation-scripts/evosuite_vanilla/tests/s15/fastjson/evosuite-tests
* Done!

* Computation finished
* Permissions denied during test execution: 
  - java.lang.RuntimePermission: 
         writeFileDescriptor: 2
* Writing tests to file
* Writing JUnit test case 'JSON_ESTest' to /home/apaniche/mitchell/generation-scripts/evosuite_vanilla/tests/s15/fastjson/evosuite-tests
* Done!

* Computation finished
* EvoSuite 1.0.7-SNAPSHOT
* Configuration: EvoSuite_vanilla
* Going to generate test cases for class: com.alibaba.fastjson.JSONWriter
* EvoSuite 1.0.7-SNAPSHOT
* Configuration: EvoSuite_vanilla
* Going to generate test cases for class: com.alibaba.fastjson.JSONObject
* EvoSuite 1.0.7-SNAPSHOT
* Configuration: EvoSuite_vanilla
* Going to generate test cases for class: com.alibaba.fastjson.JSONReader
* EvoSuite 1.0.7-SNAPSHOT
* Configuration: EvoSuite_vanilla
* Going to generate test cases for class: com.alibaba.fastjson.JSONArray
* Starting Client-0
* Starting Client-0
* Starting Client-0
* Connecting to master process on port 4117
* Connecting to master process on port 4119
* Connecting to master process on port 4116
* Starting Client-0
* Connecting to master process on port 4121
* Analyzing classpath: 
* Analyzing classpath: 
* Analyzing classpath: 
* Analyzing classpath: 
  - /home/apaniche/mitchell/generation-scripts/projects/fastjson/fastjson-1.2.68.jar
  - /home/apaniche/mitchell/generation-scripts/projects/fastjson/fastjson-1.2.68.jar
  - /home/apaniche/mitchell/generation-scripts/projects/fastjson/fastjson-1.2.68.jar
  - /home/apaniche/mitchell/generation-scripts/projects/fastjson/fastjson-1.2.68.jar
* Finished analyzing classpath
* Generating tests for class com.alibaba.fastjson.JSONWriter
* Test criteria:
  - Line Coverage
  - Branch Coverage
  - Exception
  - Mutation testing (weak)
  - Method-Output Coverage
  - Top-Level Method Coverage
  - No-Exception Top-Level Method Coverage
  - Context Branch Coverage
* Total number of test goals for DYNAMOSA: 429
* Using seed 15
* Starting evolution
* Initial Number of Goals in DynaMOSA = 130 / 429
[MASTER] 17:37:03.635 [logback-1] WARN  CheapPurityAnalyzer - com.google.common.collect.ArrayListMultimap was not found in the inheritance tree. Using DEFAULT value for cheap-purity analysis
[MASTER] 17:37:03.636 [logback-1] WARN  InheritanceTree - Class not in inheritance graph: com.google.common.collect.ArrayListMultimap
[MASTER] 17:37:03.833 [logback-1] WARN  CheapPurityAnalyzer - com.google.common.collect.ArrayListMultimap was not found in the inheritance tree. Using DEFAULT value for cheap-purity analysis
[MASTER] 17:37:03.834 [logback-1] WARN  InheritanceTree - Class not in inheritance graph: com.google.common.collect.ArrayListMultimap
[MASTER] 17:37:03.886 [logback-1] WARN  CheapPurityAnalyzer - com.google.common.collect.ArrayListMultimap was not found in the inheritance tree. Using DEFAULT value for cheap-purity analysis
[MASTER] 17:37:03.890 [logback-1] WARN  InheritanceTree - Class not in inheritance graph: com.google.common.collect.ArrayListMultimap
* Finished analyzing classpath
* Generating tests for class com.alibaba.fastjson.JSONReader
* Test criteria:
  - Line Coverage
  - Branch Coverage
  - Exception
  - Mutation testing (weak)
  - Method-Output Coverage
  - Top-Level Method Coverage
  - No-Exception Top-Level Method Coverage
  - Context Branch Coverage
* Total number of test goals for DYNAMOSA: 740
* Using seed 15
* Starting evolution
* Initial Number of Goals in DynaMOSA = 232 / 740
* Finished analyzing classpath
* Generating tests for class com.alibaba.fastjson.JSONArray
* Test criteria:
* Finished analyzing classpath
  - Line Coverage
  - Branch Coverage
  - Exception
* Generating tests for class com.alibaba.fastjson.JSONObject
  - Mutation testing (weak)
  - Method-Output Coverage
  - Top-Level Method Coverage
  - No-Exception Top-Level Method Coverage
  - Context Branch Coverage
* Test criteria:
  - Line Coverage
  - Branch Coverage
  - Exception
  - Mutation testing (weak)
  - Method-Output Coverage
  - Top-Level Method Coverage
  - No-Exception Top-Level Method Coverage
  - Context Branch Coverage
* Total number of test goals for DYNAMOSA: 1055
* Using seed 15
* Starting evolution
* Total number of test goals for DYNAMOSA: 1211
* Using seed 15
* Starting evolution
* Initial Number of Goals in DynaMOSA = 674 / 1055
* Initial Number of Goals in DynaMOSA = 496 / 1211
[MASTER] 17:37:05.144 [logback-2] ERROR TestCluster - Failed to check cache for java.util.LinkedList<E> : Type points to itself
[MASTER] 17:37:05.146 [logback-2] ERROR TestCluster - Failed to check cache for java.util.HashMap<K, V> : Type points to itself
[MASTER] 17:37:05.235 [logback-2] ERROR TestCluster - Failed to check cache for java.util.LinkedList<E> : Type points to itself
[MASTER] 17:37:05.236 [logback-2] ERROR TestCluster - Failed to check cache for java.util.AbstractMap<K, V>.SimpleEntry<K, V> : Type points to itself
[MASTER] 17:37:05.237 [logback-2] ERROR TestCluster - Failed to check cache for java.util.AbstractMap<K, V>.SimpleImmutableEntry<K, V> : Type points to itself
[MASTER] 17:37:05.239 [logback-2] ERROR TestCluster - Failed to check cache for java.util.HashMap<K, V> : Type points to itself
[MASTER] 17:37:13.395 [logback-2] ERROR TestCluster - Failed to check cache for java.lang.reflect.Constructor<T> : Type points to itself
[MASTER] 17:37:21.426 [logback-2] ERROR TestCluster - Failed to check cache for java.util.Enumeration<E> : Type points to itself
[MASTER] 17:37:24.253 [logback-2] ERROR TestCluster - Failed to check cache for java.util.Comparator<T> : Type points to itself
[MASTER] 17:37:24.827 [logback-2] ERROR TestCluster - Failed to check cache for java.util.Comparator<T> : Type points to itself
[MASTER] 17:37:40.090 [logback-2] ERROR TestCluster - Failed to check cache for java.util.Enumeration<E> : Type points to itself
* Search finished after 61s and 652 generations, 247209 statements, best individual has fitness: 31.0
* Minimizing test suite
* Going to analyze the coverage criteria
* Coverage analysis for criterion LINE
* Coverage of criterion LINE: 100%
* Total number of goals: 97
* Number of covered goals: 97
* Coverage analysis for criterion BRANCH
* Coverage of criterion BRANCH: 93%
* Total number of goals: 76
* Number of covered goals: 71
* Coverage analysis for criterion EXCEPTION
* Coverage of criterion EXCEPTION: 100%
* Total number of goals: 20
* Number of covered goals: 20
* Coverage analysis for criterion WEAKMUTATION
* Coverage of criterion WEAKMUTATION: 99%
* Total number of goals: 148
* Number of covered goals: 146
* Coverage analysis for criterion OUTPUT
* Coverage of criterion OUTPUT: 100% (no goals)
* Coverage analysis for criterion METHOD
* Coverage of criterion METHOD: 100%
* Total number of goals: 16
* Number of covered goals: 16
* Coverage analysis for criterion METHODNOEXCEPTION
* Coverage of criterion METHODNOEXCEPTION: 100%
* Total number of goals: 16
* Number of covered goals: 16
* Coverage analysis for criterion CBRANCH
* Coverage of criterion CBRANCH: 93%
* Total number of goals: 76
* Number of covered goals: 71
* Generated 32 tests with total length 117
* Resulting test suite's coverage: 92% (average coverage for all fitness functions)
* Generating assertions
* Resulting test suite's mutation score: 19%
* Compiling and checking tests
* Search finished after 62s and 42 generations, 13985 statements, best individual has fitness: 268.0
* Search finished after 62s and 15 generations, 4657 statements, best individual has fitness: 557.0
* Minimizing test suite
* Search finished after 64s and 39 generations, 15031 statements, best individual has fitness: 552.0
[MASTER] 17:38:08.064 [logback-2] ERROR ClientNodeImpl - Cannot inform master of change of state
java.rmi.ServerException: RemoteException occurred in server thread; nested exception is: 
	java.rmi.UnmarshalException: error unmarshalling arguments; nested exception is: 
	java.lang.ClassNotFoundException: Class 'com/alibaba/fastjson/serializer/ASMSerializer_4_String.class' should be in target project, but could not be found!
	at sun.rmi.server.UnicastServerRef.dispatch(UnicastServerRef.java:393) ~[na:1.8.0_161]
	at sun.rmi.transport.Transport$1.run(Transport.java:200) ~[na:1.8.0_161]
	at sun.rmi.transport.Transport$1.run(Transport.java:197) ~[na:1.8.0_161]
	at java.security.AccessController.doPrivileged(Native Method) ~[na:1.8.0_161]
	at sun.rmi.transport.Transport.serviceCall(Transport.java:196) ~[na:1.8.0_161]
	at sun.rmi.transport.tcp.TCPTransport.handleMessages(TCPTransport.java:568) ~[na:1.8.0_161]
	at sun.rmi.transport.tcp.TCPTransport$ConnectionHandler.run0(TCPTransport.java:826) ~[na:1.8.0_161]
	at sun.rmi.transport.tcp.TCPTransport$ConnectionHandler.lambda$run$0(TCPTransport.java:683) ~[na:1.8.0_161]
	at java.security.AccessController.doPrivileged(Native Method) ~[na:1.8.0_161]
	at sun.rmi.transport.tcp.TCPTransport$ConnectionHandler.run(TCPTransport.java:682) ~[na:1.8.0_161]
	at java.util.concurrent.ThreadPoolExecutor.runWorker(ThreadPoolExecutor.java:1149) ~[na:1.8.0_161]
	at java.util.concurrent.ThreadPoolExecutor$Worker.run(ThreadPoolExecutor.java:624) ~[na:1.8.0_161]
	at java.lang.Thread.run(Thread.java:748) ~[na:1.8.0_161]
	at sun.rmi.transport.StreamRemoteCall.exceptionReceivedFromServer(StreamRemoteCall.java:283) ~[na:1.8.0_161]
	at sun.rmi.transport.StreamRemoteCall.executeCall(StreamRemoteCall.java:260) ~[na:1.8.0_161]
	at sun.rmi.server.UnicastRef.invoke(UnicastRef.java:161) ~[na:1.8.0_161]
	at java.rmi.server.RemoteObjectInvocationHandler.invokeRemoteMethod(RemoteObjectInvocationHandler.java:227) ~[na:1.8.0_161]
	at java.rmi.server.RemoteObjectInvocationHandler.invoke(RemoteObjectInvocationHandler.java:179) ~[na:1.8.0_161]
	at com.sun.proxy.$Proxy7.evosuite_collectStatistics(Unknown Source) ~[na:na]
	at org.evosuite.rmi.service.ClientNodeImpl.updateStatistics(ClientNodeImpl.java:266) ~[evosuite.jar:1.0.7-SNAPSHOT]
	at org.evosuite.statistics.StatisticsSender.sendIndividualToMaster(StatisticsSender.java:68) [evosuite.jar:1.0.7-SNAPSHOT]
	at org.evosuite.statistics.StatisticsListener.lambda$new$0(StatisticsListener.java:69) [evosuite.jar:1.0.7-SNAPSHOT]
	at java.lang.Thread.run(Thread.java:748) ~[na:1.8.0_161]
Caused by: java.rmi.UnmarshalException: error unmarshalling arguments; nested exception is: 
	java.lang.ClassNotFoundException: Class 'com/alibaba/fastjson/serializer/ASMSerializer_4_String.class' should be in target project, but could not be found!
	at sun.rmi.server.UnicastServerRef.dispatch(UnicastServerRef.java:352) ~[na:1.8.0_161]
	at sun.rmi.transport.Transport$1.run(Transport.java:200) ~[na:1.8.0_161]
	at sun.rmi.transport.Transport$1.run(Transport.java:197) ~[na:1.8.0_161]
	at java.security.AccessController.doPrivileged(Native Method) ~[na:1.8.0_161]
	at sun.rmi.transport.Transport.serviceCall(Transport.java:196) ~[na:1.8.0_161]
	at sun.rmi.transport.tcp.TCPTransport.handleMessages(TCPTransport.java:568) ~[na:1.8.0_161]
	at sun.rmi.transport.tcp.TCPTransport$ConnectionHandler.run0(TCPTransport.java:826) ~[na:1.8.0_161]
	at sun.rmi.transport.tcp.TCPTransport$ConnectionHandler.lambda$run$0(TCPTransport.java:683) ~[na:1.8.0_161]
	at java.security.AccessController.doPrivileged(Native Method) ~[na:1.8.0_161]
	at sun.rmi.transport.tcp.TCPTransport$ConnectionHandler.run(TCPTransport.java:682) ~[na:1.8.0_161]
	at java.util.concurrent.ThreadPoolExecutor.runWorker(ThreadPoolExecutor.java:1149) ~[na:1.8.0_161]
	at java.util.concurrent.ThreadPoolExecutor$Worker.run(ThreadPoolExecutor.java:624) ~[na:1.8.0_161]
	... 1 common frames omitted
Caused by: java.lang.ClassNotFoundException: Class 'com/alibaba/fastjson/serializer/ASMSerializer_4_String.class' should be in target project, but could not be found!
	at org.evosuite.instrumentation.InstrumentingClassLoader.instrumentClass(InstrumentingClassLoader.java:203) ~[evosuite.jar:1.0.7-SNAPSHOT]
	at org.evosuite.instrumentation.InstrumentingClassLoader.loadClass(InstrumentingClassLoader.java:168) ~[evosuite.jar:1.0.7-SNAPSHOT]
	at org.evosuite.utils.generic.GenericClass.getClass(GenericClass.java:149) ~[evosuite.jar:1.0.7-SNAPSHOT]
	at org.evosuite.utils.generic.GenericClass.getClass(GenericClass.java:115) ~[evosuite.jar:1.0.7-SNAPSHOT]
	at org.evosuite.utils.generic.GenericClass.readObject(GenericClass.java:1720) ~[evosuite.jar:1.0.7-SNAPSHOT]
	at sun.reflect.GeneratedMethodAccessor9.invoke(Unknown Source) ~[na:na]
	at sun.reflect.DelegatingMethodAccessorImpl.invoke(DelegatingMethodAccessorImpl.java:43) ~[na:1.8.0_161]
	at java.lang.reflect.Method.invoke(Method.java:498) ~[na:1.8.0_161]
	at java.io.ObjectStreamClass.invokeReadObject(ObjectStreamClass.java:1158) ~[na:1.8.0_161]
	at java.io.ObjectInputStream.readSerialData(ObjectInputStream.java:2168) ~[na:1.8.0_161]
	at java.io.ObjectInputStream.readOrdinaryObject(ObjectInputStream.java:2059) ~[na:1.8.0_161]
	at java.io.ObjectInputStream.readObject0(ObjectInputStream.java:1566) ~[na:1.8.0_161]
	at java.io.ObjectInputStream.defaultReadFields(ObjectInputStream.java:2277) ~[na:1.8.0_161]
	at java.io.ObjectInputStream.readSerialData(ObjectInputStream.java:2201) ~[na:1.8.0_161]
	at java.io.ObjectInputStream.readOrdinaryObject(ObjectInputStream.java:2059) ~[na:1.8.0_161]
	at java.io.ObjectInputStream.readObject0(ObjectInputStream.java:1566) ~[na:1.8.0_161]
	at java.io.ObjectInputStream.defaultReadFields(ObjectInputStream.java:2277) ~[na:1.8.0_161]
	at java.io.ObjectInputStream.readSerialData(ObjectInputStream.java:2201) ~[na:1.8.0_161]
	at java.io.ObjectInputStream.readOrdinaryObject(ObjectInputStream.java:2059) ~[na:1.8.0_161]
	at java.io.ObjectInputStream.readObject0(ObjectInputStream.java:1566) ~[na:1.8.0_161]
	at java.io.ObjectInputStream.readObject(ObjectInputStream.java:426) ~[na:1.8.0_161]
	at java.util.ArrayList.readObject(ArrayList.java:797) ~[na:1.8.0_161]
	at sun.reflect.GeneratedMethodAccessor7.invoke(Unknown Source) ~[na:na]
	at sun.reflect.DelegatingMethodAccessorImpl.invoke(DelegatingMethodAccessorImpl.java:43) ~[na:1.8.0_161]
	at java.lang.reflect.Method.invoke(Method.java:498) ~[na:1.8.0_161]
	at java.io.ObjectStreamClass.invokeReadObject(ObjectStreamClass.java:1158) ~[na:1.8.0_161]
	at java.io.ObjectInputStream.readSerialData(ObjectInputStream.java:2168) ~[na:1.8.0_161]
	at java.io.ObjectInputStream.readOrdinaryObject(ObjectInputStream.java:2059) ~[na:1.8.0_161]
	at java.io.ObjectInputStream.readObject0(ObjectInputStream.java:1566) ~[na:1.8.0_161]
	at java.io.ObjectInputStream.defaultReadFields(ObjectInputStream.java:2277) ~[na:1.8.0_161]
	at java.io.ObjectInputStream.readSerialData(ObjectInputStream.java:2201) ~[na:1.8.0_161]
	at java.io.ObjectInputStream.readOrdinaryObject(ObjectInputStream.java:2059) ~[na:1.8.0_161]
	at java.io.ObjectInputStream.readObject0(ObjectInputStream.java:1566) ~[na:1.8.0_161]
	at java.io.ObjectInputStream.defaultReadFields(ObjectInputStream.java:2277) ~[na:1.8.0_161]
	at java.io.ObjectInputStream.defaultReadObject(ObjectInputStream.java:556) ~[na:1.8.0_161]
	at org.evosuite.testcase.DefaultTestCase.readObject(DefaultTestCase.java:1103) ~[evosuite.jar:1.0.7-SNAPSHOT]
	at sun.reflect.GeneratedMethodAccessor18.invoke(Unknown Source) ~[na:na]
	at sun.reflect.DelegatingMethodAccessorImpl.invoke(DelegatingMethodAccessorImpl.java:43) ~[na:1.8.0_161]
	at java.lang.reflect.Method.invoke(Method.java:498) ~[na:1.8.0_161]
	at java.io.ObjectStreamClass.invokeReadObject(ObjectStreamClass.java:1158) ~[na:1.8.0_161]
	at java.io.ObjectInputStream.readSerialData(ObjectInputStream.java:2168) ~[na:1.8.0_161]
	at java.io.ObjectInputStream.readOrdinaryObject(ObjectInputStream.java:2059) ~[na:1.8.0_161]
	at java.io.ObjectInputStream.readObject0(ObjectInputStream.java:1566) ~[na:1.8.0_161]
	at java.io.ObjectInputStream.defaultReadFields(ObjectInputStream.java:2277) ~[na:1.8.0_161]
	at java.io.ObjectInputStream.readSerialData(ObjectInputStream.java:2201) ~[na:1.8.0_161]
	at java.io.ObjectInputStream.readOrdinaryObject(ObjectInputStream.java:2059) ~[na:1.8.0_161]
	at java.io.ObjectInputStream.readObject0(ObjectInputStream.java:1566) ~[na:1.8.0_161]
	at java.io.ObjectInputStream.readObject(ObjectInputStream.java:426) ~[na:1.8.0_161]
	at java.util.ArrayList.readObject(ArrayList.java:797) ~[na:1.8.0_161]
	at sun.reflect.GeneratedMethodAccessor7.invoke(Unknown Source) ~[na:na]
	at sun.reflect.DelegatingMethodAccessorImpl.invoke(DelegatingMethodAccessorImpl.java:43) ~[na:1.8.0_161]
	at java.lang.reflect.Method.invoke(Method.java:498) ~[na:1.8.0_161]
	at java.io.ObjectStreamClass.invokeReadObject(ObjectStreamClass.java:1158) ~[na:1.8.0_161]
	at java.io.ObjectInputStream.readSerialData(ObjectInputStream.java:2168) ~[na:1.8.0_161]
	at java.io.ObjectInputStream.readOrdinaryObject(ObjectInputStream.java:2059) ~[na:1.8.0_161]
	at java.io.ObjectInputStream.readObject0(ObjectInputStream.java:1566) ~[na:1.8.0_161]
	at java.io.ObjectInputStream.defaultReadFields(ObjectInputStream.java:2277) ~[na:1.8.0_161]
	at java.io.ObjectInputStream.readSerialData(ObjectInputStream.java:2201) ~[na:1.8.0_161]
	at java.io.ObjectInputStream.readOrdinaryObject(ObjectInputStream.java:2059) ~[na:1.8.0_161]
	at java.io.ObjectInputStream.readObject0(ObjectInputStream.java:1566) ~[na:1.8.0_161]
	at java.io.ObjectInputStream.readObject(ObjectInputStream.java:426) ~[na:1.8.0_161]
	at sun.rmi.server.UnicastRef.unmarshalValue(UnicastRef.java:322) ~[na:1.8.0_161]
	at sun.rmi.server.UnicastServerRef.dispatch(UnicastServerRef.java:341) ~[na:1.8.0_161]
	... 12 common frames omitted
Caused by: java.lang.ClassNotFoundException: Class 'com/alibaba/fastjson/serializer/ASMSerializer_4_String.class' should be in target project, but could not be found!
	at org.evosuite.instrumentation.InstrumentingClassLoader.instrumentClass(InstrumentingClassLoader.java:190) ~[evosuite.jar:1.0.7-SNAPSHOT]
	... 74 common frames omitted
[MASTER] 17:38:08.285 [logback-2] ERROR ClientNodeImpl - Cannot inform master of change of state
java.rmi.ServerException: RemoteException occurred in server thread; nested exception is: 
	java.rmi.UnmarshalException: error unmarshalling arguments; nested exception is: 
	java.lang.ClassNotFoundException: Class 'com/alibaba/fastjson/serializer/ASMSerializer_4_String.class' should be in target project, but could not be found!
	at sun.rmi.server.UnicastServerRef.dispatch(UnicastServerRef.java:393) ~[na:1.8.0_161]
	at sun.rmi.transport.Transport$1.run(Transport.java:200) ~[na:1.8.0_161]
	at sun.rmi.transport.Transport$1.run(Transport.java:197) ~[na:1.8.0_161]
	at java.security.AccessController.doPrivileged(Native Method) ~[na:1.8.0_161]
	at sun.rmi.transport.Transport.serviceCall(Transport.java:196) ~[na:1.8.0_161]
	at sun.rmi.transport.tcp.TCPTransport.handleMessages(TCPTransport.java:568) ~[na:1.8.0_161]
	at sun.rmi.transport.tcp.TCPTransport$ConnectionHandler.run0(TCPTransport.java:826) ~[na:1.8.0_161]
	at sun.rmi.transport.tcp.TCPTransport$ConnectionHandler.lambda$run$0(TCPTransport.java:683) ~[na:1.8.0_161]
	at java.security.AccessController.doPrivileged(Native Method) ~[na:1.8.0_161]
	at sun.rmi.transport.tcp.TCPTransport$ConnectionHandler.run(TCPTransport.java:682) ~[na:1.8.0_161]
	at java.util.concurrent.ThreadPoolExecutor.runWorker(ThreadPoolExecutor.java:1149) ~[na:1.8.0_161]
	at java.util.concurrent.ThreadPoolExecutor$Worker.run(ThreadPoolExecutor.java:624) ~[na:1.8.0_161]
	at java.lang.Thread.run(Thread.java:748) ~[na:1.8.0_161]
	at sun.rmi.transport.StreamRemoteCall.exceptionReceivedFromServer(StreamRemoteCall.java:283) ~[na:1.8.0_161]
	at sun.rmi.transport.StreamRemoteCall.executeCall(StreamRemoteCall.java:260) ~[na:1.8.0_161]
	at sun.rmi.server.UnicastRef.invoke(UnicastRef.java:161) ~[na:1.8.0_161]
	at java.rmi.server.RemoteObjectInvocationHandler.invokeRemoteMethod(RemoteObjectInvocationHandler.java:227) ~[na:1.8.0_161]
	at java.rmi.server.RemoteObjectInvocationHandler.invoke(RemoteObjectInvocationHandler.java:179) ~[na:1.8.0_161]
	at com.sun.proxy.$Proxy7.evosuite_collectStatistics(Unknown Source) ~[na:na]
	at org.evosuite.rmi.service.ClientNodeImpl.updateStatistics(ClientNodeImpl.java:266) [evosuite.jar:1.0.7-SNAPSHOT]
	at org.evosuite.statistics.StatisticsSender.sendIndividualToMaster(StatisticsSender.java:68) [evosuite.jar:1.0.7-SNAPSHOT]
	at org.evosuite.statistics.StatisticsSender.executedAndThenSendIndividualToMaster(StatisticsSender.java:98) [evosuite.jar:1.0.7-SNAPSHOT]
	at org.evosuite.TestSuiteGenerator.generateTests(TestSuiteGenerator.java:687) [evosuite.jar:1.0.7-SNAPSHOT]
	at org.evosuite.TestSuiteGenerator.generateTestSuite(TestSuiteGenerator.java:245) [evosuite.jar:1.0.7-SNAPSHOT]
	at org.evosuite.rmi.service.ClientNodeImpl.lambda$startNewSearch$0(ClientNodeImpl.java:155) [evosuite.jar:1.0.7-SNAPSHOT]
	at java.util.concurrent.Executors$RunnableAdapter.call(Executors.java:511) ~[na:1.8.0_161]
	at java.util.concurrent.FutureTask.run(FutureTask.java:266) ~[na:1.8.0_161]
	at java.util.concurrent.ThreadPoolExecutor.runWorker(ThreadPoolExecutor.java:1149) ~[na:1.8.0_161]
	at java.util.concurrent.ThreadPoolExecutor$Worker.run(ThreadPoolExecutor.java:624) ~[na:1.8.0_161]
	at java.lang.Thread.run(Thread.java:748) ~[na:1.8.0_161]
Caused by: java.rmi.UnmarshalException: error unmarshalling arguments; nested exception is: 
	java.lang.ClassNotFoundException: Class 'com/alibaba/fastjson/serializer/ASMSerializer_4_String.class' should be in target project, but could not be found!
	at sun.rmi.server.UnicastServerRef.dispatch(UnicastServerRef.java:352) ~[na:1.8.0_161]
	at sun.rmi.transport.Transport$1.run(Transport.java:200) ~[na:1.8.0_161]
	at sun.rmi.transport.Transport$1.run(Transport.java:197) ~[na:1.8.0_161]
	at java.security.AccessController.doPrivileged(Native Method) ~[na:1.8.0_161]
	at sun.rmi.transport.Transport.serviceCall(Transport.java:196) ~[na:1.8.0_161]
	at sun.rmi.transport.tcp.TCPTransport.handleMessages(TCPTransport.java:568) ~[na:1.8.0_161]
	at sun.rmi.transport.tcp.TCPTransport$ConnectionHandler.run0(TCPTransport.java:826) ~[na:1.8.0_161]
	at sun.rmi.transport.tcp.TCPTransport$ConnectionHandler.lambda$run$0(TCPTransport.java:683) ~[na:1.8.0_161]
	at java.security.AccessController.doPrivileged(Native Method) ~[na:1.8.0_161]
	at sun.rmi.transport.tcp.TCPTransport$ConnectionHandler.run(TCPTransport.java:682) ~[na:1.8.0_161]
	... 3 common frames omitted
Caused by: java.lang.ClassNotFoundException: Class 'com/alibaba/fastjson/serializer/ASMSerializer_4_String.class' should be in target project, but could not be found!
	at org.evosuite.instrumentation.InstrumentingClassLoader.instrumentClass(InstrumentingClassLoader.java:203) ~[evosuite.jar:1.0.7-SNAPSHOT]
	at org.evosuite.instrumentation.InstrumentingClassLoader.loadClass(InstrumentingClassLoader.java:168) ~[evosuite.jar:1.0.7-SNAPSHOT]
	at org.evosuite.utils.generic.GenericClass.getClass(GenericClass.java:149) ~[evosuite.jar:1.0.7-SNAPSHOT]
	at org.evosuite.utils.generic.GenericClass.getClass(GenericClass.java:115) ~[evosuite.jar:1.0.7-SNAPSHOT]
	at org.evosuite.utils.generic.GenericClass.readObject(GenericClass.java:1720) ~[evosuite.jar:1.0.7-SNAPSHOT]
	at sun.reflect.GeneratedMethodAccessor9.invoke(Unknown Source) ~[na:na]
	at sun.reflect.DelegatingMethodAccessorImpl.invoke(DelegatingMethodAccessorImpl.java:43) ~[na:1.8.0_161]
	at java.lang.reflect.Method.invoke(Method.java:498) ~[na:1.8.0_161]
	at java.io.ObjectStreamClass.invokeReadObject(ObjectStreamClass.java:1158) ~[na:1.8.0_161]
	at java.io.ObjectInputStream.readSerialData(ObjectInputStream.java:2168) ~[na:1.8.0_161]
	at java.io.ObjectInputStream.readOrdinaryObject(ObjectInputStream.java:2059) ~[na:1.8.0_161]
	at java.io.ObjectInputStream.readObject0(ObjectInputStream.java:1566) ~[na:1.8.0_161]
	at java.io.ObjectInputStream.defaultReadFields(ObjectInputStream.java:2277) ~[na:1.8.0_161]
	at java.io.ObjectInputStream.readSerialData(ObjectInputStream.java:2201) ~[na:1.8.0_161]
	at java.io.ObjectInputStream.readOrdinaryObject(ObjectInputStream.java:2059) ~[na:1.8.0_161]
	at java.io.ObjectInputStream.readObject0(ObjectInputStream.java:1566) ~[na:1.8.0_161]
	at java.io.ObjectInputStream.defaultReadFields(ObjectInputStream.java:2277) ~[na:1.8.0_161]
	at java.io.ObjectInputStream.readSerialData(ObjectInputStream.java:2201) ~[na:1.8.0_161]
	at java.io.ObjectInputStream.readOrdinaryObject(ObjectInputStream.java:2059) ~[na:1.8.0_161]
	at java.io.ObjectInputStream.readObject0(ObjectInputStream.java:1566) ~[na:1.8.0_161]
	at java.io.ObjectInputStream.readObject(ObjectInputStream.java:426) ~[na:1.8.0_161]
	at java.util.ArrayList.readObject(ArrayList.java:797) ~[na:1.8.0_161]
	at sun.reflect.GeneratedMethodAccessor7.invoke(Unknown Source) ~[na:na]
	at sun.reflect.DelegatingMethodAccessorImpl.invoke(DelegatingMethodAccessorImpl.java:43) ~[na:1.8.0_161]
	at java.lang.reflect.Method.invoke(Method.java:498) ~[na:1.8.0_161]
	at java.io.ObjectStreamClass.invokeReadObject(ObjectStreamClass.java:1158) ~[na:1.8.0_161]
	at java.io.ObjectInputStream.readSerialData(ObjectInputStream.java:2168) ~[na:1.8.0_161]
	at java.io.ObjectInputStream.readOrdinaryObject(ObjectInputStream.java:2059) ~[na:1.8.0_161]
	at java.io.ObjectInputStream.readObject0(ObjectInputStream.java:1566) ~[na:1.8.0_161]
	at java.io.ObjectInputStream.defaultReadFields(ObjectInputStream.java:2277) ~[na:1.8.0_161]
	at java.io.ObjectInputStream.readSerialData(ObjectInputStream.java:2201) ~[na:1.8.0_161]
	at java.io.ObjectInputStream.readOrdinaryObject(ObjectInputStream.java:2059) ~[na:1.8.0_161]
	at java.io.ObjectInputStream.readObject0(ObjectInputStream.java:1566) ~[na:1.8.0_161]
	at java.io.ObjectInputStream.defaultReadFields(ObjectInputStream.java:2277) ~[na:1.8.0_161]
	at java.io.ObjectInputStream.defaultReadObject(ObjectInputStream.java:556) ~[na:1.8.0_161]
	at org.evosuite.testcase.DefaultTestCase.readObject(DefaultTestCase.java:1103) ~[evosuite.jar:1.0.7-SNAPSHOT]
	at sun.reflect.GeneratedMethodAccessor18.invoke(Unknown Source) ~[na:na]
	at sun.reflect.DelegatingMethodAccessorImpl.invoke(DelegatingMethodAccessorImpl.java:43) ~[na:1.8.0_161]
	at java.lang.reflect.Method.invoke(Method.java:498) ~[na:1.8.0_161]
	at java.io.ObjectStreamClass.invokeReadObject(ObjectStreamClass.java:1158) ~[na:1.8.0_161]
	at java.io.ObjectInputStream.readSerialData(ObjectInputStream.java:2168) ~[na:1.8.0_161]
	at java.io.ObjectInputStream.readOrdinaryObject(ObjectInputStream.java:2059) ~[na:1.8.0_161]
	at java.io.ObjectInputStream.readObject0(ObjectInputStream.java:1566) ~[na:1.8.0_161]
	at java.io.ObjectInputStream.defaultReadFields(ObjectInputStream.java:2277) ~[na:1.8.0_161]
	at java.io.ObjectInputStream.readSerialData(ObjectInputStream.java:2201) ~[na:1.8.0_161]
	at java.io.ObjectInputStream.readOrdinaryObject(ObjectInputStream.java:2059) ~[na:1.8.0_161]
	at java.io.ObjectInputStream.readObject0(ObjectInputStream.java:1566) ~[na:1.8.0_161]
	at java.io.ObjectInputStream.readObject(ObjectInputStream.java:426) ~[na:1.8.0_161]
	at java.util.ArrayList.readObject(ArrayList.java:797) ~[na:1.8.0_161]
	at sun.reflect.GeneratedMethodAccessor7.invoke(Unknown Source) ~[na:na]
	at sun.reflect.DelegatingMethodAccessorImpl.invoke(DelegatingMethodAccessorImpl.java:43) ~[na:1.8.0_161]
	at java.lang.reflect.Method.invoke(Method.java:498) ~[na:1.8.0_161]
	at java.io.ObjectStreamClass.invokeReadObject(ObjectStreamClass.java:1158) ~[na:1.8.0_161]
	at java.io.ObjectInputStream.readSerialData(ObjectInputStream.java:2168) ~[na:1.8.0_161]
	at java.io.ObjectInputStream.readOrdinaryObject(ObjectInputStream.java:2059) ~[na:1.8.0_161]
	at java.io.ObjectInputStream.readObject0(ObjectInputStream.java:1566) ~[na:1.8.0_161]
	at java.io.ObjectInputStream.defaultReadFields(ObjectInputStream.java:2277) ~[na:1.8.0_161]
	at java.io.ObjectInputStream.readSerialData(ObjectInputStream.java:2201) ~[na:1.8.0_161]
	at java.io.ObjectInputStream.readOrdinaryObject(ObjectInputStream.java:2059) ~[na:1.8.0_161]
	at java.io.ObjectInputStream.readObject0(ObjectInputStream.java:1566) ~[na:1.8.0_161]
	at java.io.ObjectInputStream.readObject(ObjectInputStream.java:426) ~[na:1.8.0_161]
	at sun.rmi.server.UnicastRef.unmarshalValue(UnicastRef.java:322) ~[na:1.8.0_161]
	at sun.rmi.server.UnicastServerRef.dispatch(UnicastServerRef.java:341) ~[na:1.8.0_161]
	... 12 common frames omitted
Caused by: java.lang.ClassNotFoundException: Class 'com/alibaba/fastjson/serializer/ASMSerializer_4_String.class' should be in target project, but could not be found!
	at org.evosuite.instrumentation.InstrumentingClassLoader.instrumentClass(InstrumentingClassLoader.java:190) ~[evosuite.jar:1.0.7-SNAPSHOT]
	... 74 common frames omitted
* Going to analyze the coverage criteria
* Coverage analysis for criterion LINE
* Coverage of criterion LINE: 31%
* Total number of goals: 157
* Number of covered goals: 48
* Coverage analysis for criterion BRANCH
* Coverage of criterion BRANCH: 23%
* Total number of goals: 115
* Number of covered goals: 26
* Coverage analysis for criterion EXCEPTION
* Coverage of criterion EXCEPTION: 100%
* Total number of goals: 34
* Number of covered goals: 34
* Coverage analysis for criterion WEAKMUTATION
* Coverage of criterion WEAKMUTATION: 20%
* Total number of goals: 266
* Number of covered goals: 54
* Coverage analysis for criterion OUTPUT
* Coverage of criterion OUTPUT: 19%
* Total number of goals: 37
* Number of covered goals: 7
* Coverage analysis for criterion METHOD
* Coverage of criterion METHOD: 100%
* Total number of goals: 25
* Number of covered goals: 25
* Coverage analysis for criterion METHODNOEXCEPTION
* Coverage of criterion METHODNOEXCEPTION: 64%
* Total number of goals: 25
* Number of covered goals: 16
* Coverage analysis for criterion CBRANCH
* Coverage of criterion CBRANCH: 23%
* Total number of goals: 115
* Number of covered goals: 26
* Generated 48 tests with total length 162
* Resulting test suite's coverage: 43% (average coverage for all fitness functions)
* Generating assertions
* Minimizing test suite
* Minimizing test suite
* Resulting test suite's mutation score: 3%
* Compiling and checking tests
* Going to analyze the coverage criteria
* Coverage analysis for criterion LINE
* Coverage of criterion LINE: 59%
* Total number of goals: 254
* Number of covered goals: 149
* Coverage analysis for criterion BRANCH
* Coverage of criterion BRANCH: 48%
* Total number of goals: 172
* Number of covered goals: 82
* Coverage analysis for criterion EXCEPTION
* Coverage of criterion EXCEPTION: 90%
* Total number of goals: 10
* Number of covered goals: 9
* Coverage analysis for criterion WEAKMUTATION
* Coverage of criterion WEAKMUTATION: 57%
* Total number of goals: 333
* Number of covered goals: 190
* Coverage analysis for criterion OUTPUT
* Coverage of criterion OUTPUT: 35%
* Total number of goals: 162
* Number of covered goals: 57
* Coverage analysis for criterion METHOD
* Coverage of criterion METHOD: 95%
* Total number of goals: 59
* Number of covered goals: 56
* Coverage analysis for criterion METHODNOEXCEPTION
* Coverage of criterion METHODNOEXCEPTION: 92%
* Total number of goals: 59
* Number of covered goals: 54
* Coverage analysis for criterion CBRANCH
* Coverage of criterion CBRANCH: 47%
* Total number of goals: 172
* Number of covered goals: 81
* Generated 68 tests with total length 159
* Resulting test suite's coverage: 61% (average coverage for all fitness functions)
* Generating assertions
* Resulting test suite's mutation score: 12%
* Compiling and checking tests
* Writing tests to file
* Writing JUnit test case 'JSONWriter_ESTest' to /home/apaniche/mitchell/generation-scripts/evosuite_vanilla/tests/s15/fastjson/evosuite-tests
* Done!

* Computation finished
[MASTER] 17:38:23.354 [main] ERROR RuntimeVariable - Obtained invalid goal count: covered 437 out of 429
[MASTER] 17:38:23.355 [main] ERROR SearchStatistics - Not going to write down statistics data, as some data is invalid
[MASTER] 17:38:23.455 [main] ERROR TestGeneration - failed to write statistics data
* Going to analyze the coverage criteria
* Coverage analysis for criterion LINE
* Coverage of criterion LINE: 88%
* Total number of goals: 173
* Number of covered goals: 153
* Coverage analysis for criterion BRANCH
* Coverage of criterion BRANCH: 83%
* Total number of goals: 101
* Number of covered goals: 84
* Coverage analysis for criterion EXCEPTION
* Coverage of criterion EXCEPTION: 100%
* Total number of goals: 87
* Number of covered goals: 87
* Coverage analysis for criterion WEAKMUTATION
* Coverage of criterion WEAKMUTATION: 90%
* Total number of goals: 325
* Number of covered goals: 294
* Coverage analysis for criterion OUTPUT
* Coverage of criterion OUTPUT: 42%
* Total number of goals: 219
* Number of covered goals: 93
* Coverage analysis for criterion METHOD
* Coverage of criterion METHOD: 97%
* Total number of goals: 68
* Number of covered goals: 66
* Coverage analysis for criterion METHODNOEXCEPTION
* Coverage of criterion METHODNOEXCEPTION: 96%
* Total number of goals: 68
* Number of covered goals: 65
* Coverage analysis for criterion CBRANCH
* Coverage of criterion CBRANCH: 82%
* Total number of goals: 101
* Number of covered goals: 83
* Generated 170 tests with total length 441
* Resulting test suite's coverage: 80% (average coverage for all fitness functions)
* Generating assertions
* Writing tests to file
* Writing JUnit test case 'JSONReader_ESTest' to /home/apaniche/mitchell/generation-scripts/evosuite_vanilla/tests/s15/fastjson/evosuite-tests
* Done!

* Computation finished
[MASTER] 17:38:49.663 [logback-1] WARN  JUnitAnalyzer - Found unstable test named test0 -> class java.lang.OutOfMemoryError: Java heap space
[MASTER] 17:38:49.665 [logback-1] WARN  JUnitAnalyzer - Failing test:
 JSONObject jSONObject0 = new JSONObject(2147483645, true);
jSONObject0.fluentPut((String) null, (Object) null);

* Permissions denied during test execution: 
  - java.lang.RuntimePermission: 
         writeFileDescriptor: 3
* Writing tests to file
* Writing JUnit test case 'JSONObject_ESTest' to /home/apaniche/mitchell/generation-scripts/evosuite_vanilla/tests/s15/fastjson/evosuite-tests
* Done!

* Computation finished
* Resulting test suite's mutation score: 62%
* Compiling and checking tests
[MASTER] 17:40:11.211 [logback-1] WARN  JUnitAnalyzer - Found unstable test named test0 -> class java.lang.StackOverflowError: null
[MASTER] 17:40:11.212 [logback-1] WARN  JUnitAnalyzer - Failing test:
 JSONArray jSONArray0 = new JSONArray();
JSONArray jSONArray1 = jSONArray0.fluentSet(1341, jSONArray0);
boolean boolean0 = jSONArray1.contains(jSONArray0);
assertEquals(1342, jSONArray0.size());
assertTrue(boolean0);


* Writing tests to file
* Writing JUnit test case 'JSONArray_ESTest' to /home/apaniche/mitchell/generation-scripts/evosuite_vanilla/tests/s15/fastjson/evosuite-tests
* Done!

* Computation finished
* EvoSuite 1.0.7-SNAPSHOT
* Configuration: EvoSuite_vanilla
* Going to generate test cases for class: com.alibaba.fastjson.JSONPath
* Starting Client-0
* Connecting to master process on port 4121
* Analyzing classpath: 
  - /home/apaniche/mitchell/generation-scripts/projects/fastjson/fastjson-1.2.68.jar
[MASTER] 17:40:25.466 [logback-1] WARN  CheapPurityAnalyzer - com.google.common.collect.ArrayListMultimap was not found in the inheritance tree. Using DEFAULT value for cheap-purity analysis
[MASTER] 17:40:25.468 [logback-1] WARN  InheritanceTree - Class not in inheritance graph: com.google.common.collect.ArrayListMultimap
* Finished analyzing classpath
* Generating tests for class com.alibaba.fastjson.JSONPath
* Test criteria:
  - Line Coverage
  - Branch Coverage
  - Exception
  - Mutation testing (weak)
  - Method-Output Coverage
  - Top-Level Method Coverage
  - No-Exception Top-Level Method Coverage
  - Context Branch Coverage
* Total number of test goals for DYNAMOSA: 7058
* Using seed 15
* Starting evolution
* Initial Number of Goals in DynaMOSA = 865 / 7058
[MASTER] 17:40:26.725 [logback-2] ERROR TestCluster - Failed to check cache for java.util.LinkedList<E> : Type points to itself
[MASTER] 17:40:26.733 [logback-2] ERROR TestCluster - Failed to check cache for java.util.ArrayDeque<E> : Type points to itself
[MASTER] 17:40:26.733 [logback-2] ERROR TestCluster - Failed to check cache for java.util.ArrayList<E> : Type points to itself
[MASTER] 17:40:26.733 [logback-2] ERROR TestCluster - Failed to check cache for java.util.EnumSet<E> : Type points to itself
[MASTER] 17:40:26.733 [logback-2] ERROR TestCluster - Failed to check cache for java.util.HashSet<E> : Type points to itself
[MASTER] 17:40:26.733 [logback-2] ERROR TestCluster - Failed to check cache for java.util.LinkedHashSet<E> : Type points to itself
[MASTER] 17:40:26.733 [logback-2] ERROR TestCluster - Failed to check cache for java.util.PriorityQueue<E> : Type points to itself
[MASTER] 17:40:26.734 [logback-2] ERROR TestCluster - Failed to check cache for java.util.ServiceLoader<S> : Type points to itself
[MASTER] 17:40:26.734 [logback-2] ERROR TestCluster - Failed to check cache for java.util.Stack<E> : Type points to itself
[MASTER] 17:40:26.734 [logback-2] ERROR TestCluster - Failed to check cache for java.util.TreeSet<E> : Type points to itself
[MASTER] 17:40:26.734 [logback-2] ERROR TestCluster - Failed to check cache for java.util.Vector<E> : Type points to itself
[MASTER] 17:40:26.735 [logback-2] ERROR TestCluster - Failed to check cache for java.util.HashMap<K, V> : Type points to itself
[MASTER] 17:40:26.741 [logback-2] ERROR TestCluster - Failed to check cache for java.lang.Enum<E> : Type points to itself
[MASTER] 17:40:26.744 [logback-2] ERROR TestCluster - Failed to check cache for java.util.AbstractMap<K, V>.SimpleEntry<K, V> : Type points to itself
[MASTER] 17:40:26.745 [logback-2] ERROR TestCluster - Failed to check cache for java.util.AbstractMap<K, V>.SimpleImmutableEntry<K, V> : Type points to itself
[MASTER] 17:40:28.158 [logback-2] ERROR TestCluster - Failed to check cache for java.util.Comparator<T> : Type points to itself
[MASTER] 17:40:32.456 [logback-2] ERROR TestCluster - Failed to check cache for java.lang.reflect.Constructor<T> : Type points to itself
* Search finished after 64s and 65 generations, 51086 statements, best individual has fitness: 3996.0
[MASTER] 17:41:35.460 [logback-1] WARN  TimeController - Phase SEARCH lasted too long, 8 seconds more than allowed.
* Minimizing test suite
* Going to analyze the coverage criteria
* Coverage analysis for criterion LINE
* Coverage of criterion LINE: 50%
* Total number of goals: 2079
* Number of covered goals: 1043
* Coverage analysis for criterion BRANCH
* Coverage of criterion BRANCH: 39%
* Total number of goals: 1850
* Number of covered goals: 714
* Coverage analysis for criterion EXCEPTION
* Coverage of criterion EXCEPTION: 100%
* Total number of goals: 81
* Number of covered goals: 81
* Coverage analysis for criterion WEAKMUTATION
* Coverage of criterion WEAKMUTATION: 56%
* Total number of goals: 913
* Number of covered goals: 509
* Coverage analysis for criterion OUTPUT
* Coverage of criterion OUTPUT: 61%
* Total number of goals: 114
* Number of covered goals: 69
* Coverage analysis for criterion METHOD
* Coverage of criterion METHOD: 99%
* Total number of goals: 126
* Number of covered goals: 125
* Coverage analysis for criterion METHODNOEXCEPTION
* Coverage of criterion METHODNOEXCEPTION: 93%
* Total number of goals: 126
* Number of covered goals: 117
* Coverage analysis for criterion CBRANCH
* Coverage of criterion CBRANCH: 36%
* Total number of goals: 1850
* Number of covered goals: 674
* Generated 271 tests with total length 965
* Resulting test suite's coverage: 48% (average coverage for all fitness functions)
* Generating assertions
* Resulting test suite's mutation score: 26%
* Compiling and checking tests
[MASTER] 17:43:31.361 [logback-1] WARN  JUnitAnalyzer - Found unstable test named test0 -> class com.alibaba.fastjson.JSONPathException: illeal jsonpath syntax. 6U.@
[MASTER] 17:43:31.362 [logback-1] WARN  JUnitAnalyzer - Failing test:
 JSONPath.keySet((Object) "6U.@", "6U.@");

[MASTER] 17:43:33.219 [logback-1] WARN  JUnitAnalyzer - Found unstable test named test0 -> class com.alibaba.fastjson.JSONPathException: not support jsonpath : P}4i'T-+Pl
[MASTER] 17:43:33.219 [logback-1] WARN  JUnitAnalyzer - Failing test:
 SQLTransientException sQLTransientException0 = new SQLTransientException("NOT_IN");
JSONPath.containsValue((Object) sQLTransientException0, "P}4i'T-+Pl", (Object) "qTcPF3 ");

[MASTER] 17:43:48.563 [logback-1] WARN  JUnitAnalyzer - Found unstable test named test0 -> class com.alibaba.fastjson.JSONPathException: not support jsonpath : rlji{9{[,JzYMQ
[MASTER] 17:43:48.563 [logback-1] WARN  JUnitAnalyzer - Failing test:
 JSONPath jSONPath0 = JSONPath.compile("16'Jf?AV~m>|TJ|z*");
JSONPath.set((Object) jSONPath0, "rlji{9{[,JzYMQ", (Object) "MnCl.=6f%h2");

[MASTER] 17:43:51.072 [logback-1] WARN  JUnitAnalyzer - Found unstable test named test0 -> class java.lang.UnsupportedOperationException: null
[MASTER] 17:43:51.072 [logback-1] WARN  JUnitAnalyzer - Failing test:
 ParserConfig parserConfig0 = new ParserConfig();
JSONPath jSONPath0 = new JSONPath("fastjson.parser.safeMode");
jSONPath0.set((Object) "sL7j}eOmBQ", (Object) "fastjson.parser.safeMode", false);

[MASTER] 17:43:52.598 [logback-1] WARN  JUnitAnalyzer - Found unstable test named test0 -> class com.alibaba.fastjson.JSONPathException: illeal jsonpath syntax. (C)Ljava/lang/String;
[MASTER] 17:43:52.599 [logback-1] WARN  JUnitAnalyzer - Failing test:
 JSONPath jSONPath0 = JSONPath.compile("(C)Ljava/lang/String;");
jSONPath0.isRef();

[MASTER] 17:44:15.663 [logback-1] WARN  JUnitAnalyzer - Found unstable test named test0 -> class java.lang.AssertionError: expected:<80> but was:<81>
[MASTER] 17:44:15.664 [logback-1] WARN  JUnitAnalyzer - Failing test:
 JSONPath.JSONPathParser jSONPath_JSONPathParser0 = new JSONPath.JSONPathParser("9}g (Vz/3F(- REB~\"");
JSONPath jSONPath0 = JSONPath.compile("X");
SerializeConfig serializeConfig0 = SerializeConfig.globalInstance;
SQLClientInfoException sQLClientInfoException0 = new SQLClientInfoException();
Map<String, Object> map0 = JSONPath.paths((Object) sQLClientInfoException0, serializeConfig0);
JSONPath.Segment jSONPath_Segment0 = jSONPath_JSONPathParser0.buildArraySegement("9}g (Vz/3F(- REB~\"");
JSONPath.IntBetweenSegement jSONPath_IntBetweenSegement0 = new JSONPath.IntBetweenSegement("X", (-7484549517624850491L), (-1), false);
JSONPath.FilterGroup jSONPath_FilterGroup0 = new JSONPath.FilterGroup(jSONPath_IntBetweenSegement0, jSONPath_IntBetweenSegement0, false);
SQLFeatureNotSupportedException sQLFeatureNotSupportedException0 = new SQLFeatureNotSupportedException((String) null);
boolean boolean0 = jSONPath_FilterGroup0.apply(jSONPath0, jSONPath_Segment0, map0, sQLFeatureNotSupportedException0);
assertFalse(boolean0);
assertEquals(80, map0.size());


* Permissions denied during test execution: 
  - java.lang.RuntimePermission: 
         writeFileDescriptor: 1
* Writing tests to file
* Writing JUnit test case 'JSONPath_ESTest' to /home/apaniche/mitchell/generation-scripts/evosuite_vanilla/tests/s15/fastjson/evosuite-tests
* Done!

* Computation finished
* EvoSuite 1.0.7-SNAPSHOT
* Configuration: EvoSuite_vanilla
* Going to generate test cases for class: com.alibaba.fastjson.JSONValidator
* EvoSuite 1.0.7-SNAPSHOT
* Configuration: EvoSuite_vanilla
* Going to generate test cases for class: com.alibaba.fastjson.parser.JSONReaderScanner
* Starting Client-0
* Starting Client-0
* Connecting to master process on port 4118
* Connecting to master process on port 4116
* Analyzing classpath: 
* Analyzing classpath: 
  - /home/apaniche/mitchell/generation-scripts/projects/fastjson/fastjson-1.2.68.jar
* Finished analyzing classpath
* Generating tests for class com.alibaba.fastjson.JSONValidator
* Test criteria:
  - Line Coverage
  - Branch Coverage
  - Exception
  - Mutation testing (weak)
  - Method-Output Coverage
  - Top-Level Method Coverage
  - No-Exception Top-Level Method Coverage
  - Context Branch Coverage
  - /home/apaniche/mitchell/generation-scripts/projects/fastjson/fastjson-1.2.68.jar
* Total number of test goals for DYNAMOSA: 1127
* Using seed 15
* Starting evolution
* Initial Number of Goals in DynaMOSA = 268 / 1127
* Finished analyzing classpath
* Generating tests for class com.alibaba.fastjson.parser.JSONReaderScanner
* Test criteria:
  - Line Coverage
  - Branch Coverage
  - Exception
  - Mutation testing (weak)
  - Method-Output Coverage
  - Top-Level Method Coverage
  - No-Exception Top-Level Method Coverage
  - Context Branch Coverage
* Total number of test goals for DYNAMOSA: 1110
* Using seed 15
* Starting evolution
* Initial Number of Goals in DynaMOSA = 338 / 1110
[MASTER] 17:44:40.454 [logback-1] WARN  CheapPurityAnalyzer - com.google.common.collect.ArrayListMultimap was not found in the inheritance tree. Using DEFAULT value for cheap-purity analysis
[MASTER] 17:44:40.455 [logback-1] WARN  InheritanceTree - Class not in inheritance graph: com.google.common.collect.ArrayListMultimap
* Search finished after 62s and 24 generations, 9355 statements, best individual has fitness: 385.0
* Search finished after 62s and 12 generations, 9234 statements, best individual has fitness: 202.0
* Minimizing test suite
* Minimizing test suite
* Going to analyze the coverage criteria
* Coverage analysis for criterion LINE
* Coverage of criterion LINE: 83%
* Total number of goals: 156
* Number of covered goals: 130
* Coverage analysis for criterion BRANCH
* Coverage of criterion BRANCH: 72%
* Total number of goals: 104
* Number of covered goals: 75
* Coverage analysis for criterion EXCEPTION
* Coverage of criterion EXCEPTION: 100%
* Total number of goals: 30
* Number of covered goals: 30
* Coverage analysis for criterion WEAKMUTATION
* Coverage of criterion WEAKMUTATION: 90%
* Total number of goals: 662
* Number of covered goals: 597
* Coverage analysis for criterion OUTPUT
* Coverage of criterion OUTPUT: 57%
* Total number of goals: 40
* Number of covered goals: 23
* Coverage analysis for criterion METHOD
* Coverage of criterion METHOD: 100%
* Total number of goals: 22
* Number of covered goals: 22
* Coverage analysis for criterion METHODNOEXCEPTION
* Coverage of criterion METHODNOEXCEPTION: 91%
* Total number of goals: 22
* Number of covered goals: 20
* Coverage analysis for criterion CBRANCH
* Coverage of criterion CBRANCH: 68%
* Total number of goals: 104
* Number of covered goals: 71
* Generated 63 tests with total length 178
* Resulting test suite's coverage: 78% (average coverage for all fitness functions)
* Generating assertions
* Going to analyze the coverage criteria
* Coverage analysis for criterion LINE
* Coverage of criterion LINE: 59%
* Total number of goals: 266
* Number of covered goals: 157
* Coverage analysis for criterion BRANCH
* Coverage of criterion BRANCH: 56%
* Total number of goals: 212
* Number of covered goals: 118
* Coverage analysis for criterion EXCEPTION
* Coverage of criterion EXCEPTION: 100%
* Total number of goals: 12
* Number of covered goals: 12
* Coverage analysis for criterion WEAKMUTATION
* Coverage of criterion WEAKMUTATION: 85%
* Total number of goals: 375
* Number of covered goals: 317
* Coverage analysis for criterion OUTPUT
* Coverage of criterion OUTPUT: 50%
* Total number of goals: 14
* Number of covered goals: 7
* Coverage analysis for criterion METHOD
* Coverage of criterion METHOD: 100%
* Total number of goals: 24
* Number of covered goals: 24
* Coverage analysis for criterion METHODNOEXCEPTION
* Coverage of criterion METHODNOEXCEPTION: 83%
* Total number of goals: 24
* Number of covered goals: 20
* Coverage analysis for criterion CBRANCH
* Coverage of criterion CBRANCH: 55%
* Total number of goals: 212
* Number of covered goals: 117
* Generated 47 tests with total length 156
* Resulting test suite's coverage: 58% (average coverage for all fitness functions)
* Generating assertions
* Resulting test suite's mutation score: 24%
* Compiling and checking tests
* Resulting test suite's mutation score: 32%
* Compiling and checking tests
* Writing tests to file
* Writing JUnit test case 'JSONReaderScanner_ESTest' to /home/apaniche/mitchell/generation-scripts/evosuite_vanilla/tests/s15/fastjson/evosuite-tests
* Done!

* Computation finished
* Writing tests to file
* Writing JUnit test case 'JSONValidator_ESTest' to /home/apaniche/mitchell/generation-scripts/evosuite_vanilla/tests/s15/fastjson/evosuite-tests
* Done!

* Computation finished
