* EvoSuite 1.0.7-SNAPSHOT
* Configuration: EvoSuite_vanilla
* Going to generate test cases for class: org.json.JSONArray
* Starting Client-0
* Connecting to master process on port 8705
* Analyzing classpath: 
  - /home/apaniche/mitchell/generation-scripts/projects/json/json-20180813.jar
* Finished analyzing classpath
* Generating tests for class org.json.JSONArray
* Test criteria:
  - Line Coverage
  - Branch Coverage
  - Exception
  - Mutation testing (weak)
  - Method-Output Coverage
  - Top-Level Method Coverage
  - No-Exception Top-Level Method Coverage
  - Context Branch Coverage
* Total number of test goals for DYNAMOSA: 2012
* Using seed 5
* Starting evolution
* Initial Number of Goals in DynaMOSA = 794 / 2012
[MASTER] 14:57:08.761 [logback-2] ERROR TestCluster - Failed to check cache for java.lang.Enum<E> : Type points to itself
* Search finished after 63s and 37 generations, 16133 statements, best individual has fitness: 574.0
* Minimizing test suite
* Going to analyze the coverage criteria
* Coverage analysis for criterion LINE
* Coverage of criterion LINE: 77%
* Total number of goals: 346
* Number of covered goals: 268
* Coverage analysis for criterion BRANCH
* Coverage of criterion BRANCH: 72%
* Total number of goals: 250
* Number of covered goals: 180
* Coverage analysis for criterion EXCEPTION
* Coverage of criterion EXCEPTION: 100%
* Total number of goals: 41
* Number of covered goals: 41
* Coverage analysis for criterion WEAKMUTATION
* Coverage of criterion WEAKMUTATION: 83%
* Total number of goals: 710
* Number of covered goals: 587
* Coverage analysis for criterion OUTPUT
* Coverage of criterion OUTPUT: 38%
* Total number of goals: 312
* Number of covered goals: 118
* Coverage analysis for criterion METHOD
* Coverage of criterion METHOD: 100%
* Total number of goals: 72
* Number of covered goals: 72
* Coverage analysis for criterion METHODNOEXCEPTION
* Coverage of criterion METHODNOEXCEPTION: 89%
* Total number of goals: 72
* Number of covered goals: 64
* Coverage analysis for criterion CBRANCH
* Coverage of criterion CBRANCH: 71%
* Total number of goals: 250
* Number of covered goals: 178
* Generated 141 tests with total length 443
* Resulting test suite's coverage: 74% (average coverage for all fitness functions)
* Generating assertions
* Resulting test suite's mutation score: 45%
* Compiling and checking tests
[MASTER] 15:00:34.266 [logback-1] WARN  JUnitAnalyzer - Found unstable test named test0 -> class java.lang.AssertionError: expected null, but was:<java.io.StringWriter@0000000003>
[MASTER] 15:00:34.266 [logback-1] WARN  JUnitAnalyzer - Failing test:
 JSONArray jSONArray0 = new JSONArray();
JSONArray jSONArray1 = jSONArray0.put(2689, false);
String string0 = jSONArray1.toString();
assertNull(string0);


* Writing tests to file
* Writing JUnit test case 'JSONArray_ESTest' to /home/apaniche/mitchell/generation-scripts/evosuite_vanilla/tests/s5/json/evosuite-tests
* Done!

* Computation finished
* EvoSuite 1.0.7-SNAPSHOT
* Configuration: EvoSuite_vanilla
* Going to generate test cases for class: org.json.JSONObject
* EvoSuite 1.0.7-SNAPSHOT
* Configuration: EvoSuite_vanilla
* Going to generate test cases for class: org.json.XMLTokener
* Starting Client-0
* Starting Client-0
* Connecting to master process on port 8709
* Connecting to master process on port 8708
* Analyzing classpath: 
* Analyzing classpath: 
  - /home/apaniche/mitchell/generation-scripts/projects/json/json-20180813.jar
* Finished analyzing classpath
* Generating tests for class org.json.XMLTokener
* Test criteria:
  - Line Coverage
  - Branch Coverage
  - Exception
  - Mutation testing (weak)
  - Method-Output Coverage
  - Top-Level Method Coverage
  - No-Exception Top-Level Method Coverage
  - Context Branch Coverage
  - /home/apaniche/mitchell/generation-scripts/projects/json/json-20180813.jar
* Total number of test goals for DYNAMOSA: 887
* Using seed 5
* Starting evolution
* Initial Number of Goals in DynaMOSA = 120 / 887
* Finished analyzing classpath
* Generating tests for class org.json.JSONObject
* Test criteria:
  - Line Coverage
  - Branch Coverage
  - Exception
  - Mutation testing (weak)
  - Method-Output Coverage
  - Top-Level Method Coverage
  - No-Exception Top-Level Method Coverage
  - Context Branch Coverage
* Total number of test goals for DYNAMOSA: 3382
* Using seed 5
* Starting evolution
* Initial Number of Goals in DynaMOSA = 850 / 3382
[MASTER] 15:00:51.207 [logback-2] ERROR TestCluster - Failed to check cache for java.util.LinkedList<E> : Type points to itself
[MASTER] 15:00:51.208 [logback-2] ERROR TestCluster - Failed to check cache for java.util.HashMap<K, V> : Type points to itself
[MASTER] 15:00:51.210 [logback-2] ERROR TestCluster - Failed to check cache for java.lang.Enum<E> : Type points to itself
[MASTER] 15:00:51.226 [logback-2] ERROR TestCluster - Failed to check cache for java.util.AbstractMap<K, V>.SimpleEntry<K, V> : Type points to itself
[MASTER] 15:00:51.226 [logback-2] ERROR TestCluster - Failed to check cache for java.util.AbstractMap<K, V>.SimpleImmutableEntry<K, V> : Type points to itself
[MASTER] 15:00:53.233 [logback-2] ERROR TestCluster - Failed to check cache for java.util.function.Function<T, R> : Type points to itself
* Search finished after 61s and 628 generations, 136355 statements, best individual has fitness: 54.0
* Minimizing test suite
* Going to analyze the coverage criteria
* Coverage analysis for criterion LINE
* Coverage of criterion LINE: 98%
* Total number of goals: 129
* Number of covered goals: 126
* Coverage analysis for criterion BRANCH
* Coverage of criterion BRANCH: 99%
* Total number of goals: 158
* Number of covered goals: 156
* Coverage analysis for criterion EXCEPTION
* Coverage of criterion EXCEPTION: 100%
* Total number of goals: 11
* Number of covered goals: 11
* Coverage analysis for criterion WEAKMUTATION
* Coverage of criterion WEAKMUTATION: 93%
* Total number of goals: 410
* Number of covered goals: 383
* Coverage analysis for criterion OUTPUT
* Coverage of criterion OUTPUT: 43%
* Total number of goals: 14
* Number of covered goals: 6
* Coverage analysis for criterion METHOD
* Coverage of criterion METHOD: 100%
* Total number of goals: 9
* Number of covered goals: 9
* Coverage analysis for criterion METHODNOEXCEPTION
* Coverage of criterion METHODNOEXCEPTION: 89%
* Total number of goals: 9
* Number of covered goals: 8
* Coverage analysis for criterion CBRANCH
* Coverage of criterion CBRANCH: 99%
* Total number of goals: 158
* Number of covered goals: 156
* Generated 56 tests with total length 132
* Resulting test suite's coverage: 84% (average coverage for all fitness functions)
* Generating assertions
[MASTER] 15:01:54.290 [logback-2] ERROR TestRunnable - Suppressed/ignored exception during test case execution on class org.json.XMLTokener: java.lang.Character cannot be cast to java.lang.Boolean
java.lang.ClassCastException: java.lang.Character cannot be cast to java.lang.Boolean
	at org.evosuite.testcase.TestCodeVisitor.visitPrimitiveAssertion(TestCodeVisitor.java:528) ~[evosuite.jar:1.0.7-SNAPSHOT]
	at org.evosuite.testcase.TestCodeVisitor.visitAssertion(TestCodeVisitor.java:914) ~[evosuite.jar:1.0.7-SNAPSHOT]
	at org.evosuite.testcase.TestCodeVisitor.addAssertions(TestCodeVisitor.java:956) ~[evosuite.jar:1.0.7-SNAPSHOT]
	at org.evosuite.testcase.TestCodeVisitor.visitMethodStatement(TestCodeVisitor.java:1507) ~[evosuite.jar:1.0.7-SNAPSHOT]
	at org.evosuite.testcase.TestVisitor.visitStatement(TestVisitor.java:147) ~[evosuite.jar:1.0.7-SNAPSHOT]
	at org.evosuite.testcase.TestCodeVisitor.visitStatement(TestCodeVisitor.java:1858) ~[evosuite.jar:1.0.7-SNAPSHOT]
	at org.evosuite.testcase.statements.AbstractStatement.getCode(AbstractStatement.java:255) ~[evosuite.jar:1.0.7-SNAPSHOT]
	at org.evosuite.testcase.statements.AbstractStatement.getCode(AbstractStatement.java:247) ~[evosuite.jar:1.0.7-SNAPSHOT]
	at org.evosuite.assertion.PrimitiveTraceObserver.visit(PrimitiveTraceObserver.java:116) ~[evosuite.jar:1.0.7-SNAPSHOT]
	at org.evosuite.assertion.AssertionTraceObserver.visitReturnValue(AssertionTraceObserver.java:131) ~[evosuite.jar:1.0.7-SNAPSHOT]
	at org.evosuite.assertion.PrimitiveTraceObserver.afterStatement(PrimitiveTraceObserver.java:51) ~[evosuite.jar:1.0.7-SNAPSHOT]
	at org.evosuite.testcase.execution.TestRunnable.lambda$informObservers_after$1(TestRunnable.java:155) [evosuite.jar:1.0.7-SNAPSHOT]
	at java.lang.Iterable.forEach(Iterable.java:75) ~[na:1.8.0_161]
	at org.evosuite.testcase.execution.TestRunnable.informObservers_after(TestRunnable.java:155) [evosuite.jar:1.0.7-SNAPSHOT]
	at org.evosuite.testcase.execution.TestRunnable.executeStatements(TestRunnable.java:351) [evosuite.jar:1.0.7-SNAPSHOT]
	at org.evosuite.testcase.execution.TestRunnable.call(TestRunnable.java:202) [evosuite.jar:1.0.7-SNAPSHOT]
	at org.evosuite.testcase.execution.TestRunnable.call(TestRunnable.java:55) [evosuite.jar:1.0.7-SNAPSHOT]
	at java.util.concurrent.FutureTask.run(FutureTask.java:266) [na:1.8.0_161]
	at java.util.concurrent.ThreadPoolExecutor.runWorker(ThreadPoolExecutor.java:1149) [na:1.8.0_161]
	at java.util.concurrent.ThreadPoolExecutor$Worker.run(ThreadPoolExecutor.java:624) [na:1.8.0_161]
	at java.lang.Thread.run(Thread.java:748) [na:1.8.0_161]
[MASTER] 15:01:54.303 [logback-2] ERROR TestRunnable - Suppressed/ignored exception during test case execution on class org.json.XMLTokener: java.lang.Character cannot be cast to java.lang.Boolean
java.lang.ClassCastException: java.lang.Character cannot be cast to java.lang.Boolean
	at org.evosuite.testcase.TestCodeVisitor.visitPrimitiveAssertion(TestCodeVisitor.java:528) ~[evosuite.jar:1.0.7-SNAPSHOT]
	at org.evosuite.testcase.TestCodeVisitor.visitAssertion(TestCodeVisitor.java:914) ~[evosuite.jar:1.0.7-SNAPSHOT]
	at org.evosuite.testcase.TestCodeVisitor.addAssertions(TestCodeVisitor.java:956) ~[evosuite.jar:1.0.7-SNAPSHOT]
	at org.evosuite.testcase.TestCodeVisitor.visitMethodStatement(TestCodeVisitor.java:1507) ~[evosuite.jar:1.0.7-SNAPSHOT]
	at org.evosuite.testcase.TestVisitor.visitStatement(TestVisitor.java:147) ~[evosuite.jar:1.0.7-SNAPSHOT]
	at org.evosuite.testcase.TestCodeVisitor.visitStatement(TestCodeVisitor.java:1858) ~[evosuite.jar:1.0.7-SNAPSHOT]
	at org.evosuite.testcase.statements.AbstractStatement.getCode(AbstractStatement.java:255) ~[evosuite.jar:1.0.7-SNAPSHOT]
	at org.evosuite.testcase.statements.AbstractStatement.getCode(AbstractStatement.java:247) ~[evosuite.jar:1.0.7-SNAPSHOT]
	at org.evosuite.assertion.PrimitiveTraceObserver.visit(PrimitiveTraceObserver.java:116) ~[evosuite.jar:1.0.7-SNAPSHOT]
	at org.evosuite.assertion.AssertionTraceObserver.visitReturnValue(AssertionTraceObserver.java:131) ~[evosuite.jar:1.0.7-SNAPSHOT]
	at org.evosuite.assertion.PrimitiveTraceObserver.afterStatement(PrimitiveTraceObserver.java:51) ~[evosuite.jar:1.0.7-SNAPSHOT]
	at org.evosuite.testcase.execution.TestRunnable.lambda$informObservers_after$1(TestRunnable.java:155) [evosuite.jar:1.0.7-SNAPSHOT]
	at java.lang.Iterable.forEach(Iterable.java:75) ~[na:1.8.0_161]
	at org.evosuite.testcase.execution.TestRunnable.informObservers_after(TestRunnable.java:155) [evosuite.jar:1.0.7-SNAPSHOT]
	at org.evosuite.testcase.execution.TestRunnable.executeStatements(TestRunnable.java:351) [evosuite.jar:1.0.7-SNAPSHOT]
	at org.evosuite.testcase.execution.TestRunnable.call(TestRunnable.java:202) [evosuite.jar:1.0.7-SNAPSHOT]
	at org.evosuite.testcase.execution.TestRunnable.call(TestRunnable.java:55) [evosuite.jar:1.0.7-SNAPSHOT]
	at java.util.concurrent.FutureTask.run(FutureTask.java:266) [na:1.8.0_161]
	at java.util.concurrent.ThreadPoolExecutor.runWorker(ThreadPoolExecutor.java:1149) [na:1.8.0_161]
	at java.util.concurrent.ThreadPoolExecutor$Worker.run(ThreadPoolExecutor.java:624) [na:1.8.0_161]
	at java.lang.Thread.run(Thread.java:748) [na:1.8.0_161]
* Search finished after 64s and 42 generations, 25617 statements, best individual has fitness: 1118.0
[MASTER] 15:01:54.920 [logback-2] ERROR TestRunnable - Suppressed/ignored exception during test case execution on class org.json.XMLTokener: java.lang.Character cannot be cast to java.lang.Boolean
java.lang.ClassCastException: java.lang.Character cannot be cast to java.lang.Boolean
	at org.evosuite.testcase.TestCodeVisitor.visitPrimitiveAssertion(TestCodeVisitor.java:528) ~[evosuite.jar:1.0.7-SNAPSHOT]
	at org.evosuite.testcase.TestCodeVisitor.visitAssertion(TestCodeVisitor.java:914) ~[evosuite.jar:1.0.7-SNAPSHOT]
	at org.evosuite.testcase.TestCodeVisitor.addAssertions(TestCodeVisitor.java:956) ~[evosuite.jar:1.0.7-SNAPSHOT]
	at org.evosuite.testcase.TestCodeVisitor.visitMethodStatement(TestCodeVisitor.java:1507) ~[evosuite.jar:1.0.7-SNAPSHOT]
	at org.evosuite.testcase.TestVisitor.visitStatement(TestVisitor.java:147) ~[evosuite.jar:1.0.7-SNAPSHOT]
	at org.evosuite.testcase.TestCodeVisitor.visitStatement(TestCodeVisitor.java:1858) ~[evosuite.jar:1.0.7-SNAPSHOT]
	at org.evosuite.testcase.statements.AbstractStatement.getCode(AbstractStatement.java:255) ~[evosuite.jar:1.0.7-SNAPSHOT]
	at org.evosuite.testcase.statements.AbstractStatement.getCode(AbstractStatement.java:247) ~[evosuite.jar:1.0.7-SNAPSHOT]
	at org.evosuite.assertion.PrimitiveTraceObserver.visit(PrimitiveTraceObserver.java:116) ~[evosuite.jar:1.0.7-SNAPSHOT]
	at org.evosuite.assertion.AssertionTraceObserver.visitReturnValue(AssertionTraceObserver.java:131) ~[evosuite.jar:1.0.7-SNAPSHOT]
	at org.evosuite.assertion.PrimitiveTraceObserver.afterStatement(PrimitiveTraceObserver.java:51) ~[evosuite.jar:1.0.7-SNAPSHOT]
	at org.evosuite.testcase.execution.TestRunnable.lambda$informObservers_after$1(TestRunnable.java:155) [evosuite.jar:1.0.7-SNAPSHOT]
	at java.lang.Iterable.forEach(Iterable.java:75) ~[na:1.8.0_161]
	at org.evosuite.testcase.execution.TestRunnable.informObservers_after(TestRunnable.java:155) [evosuite.jar:1.0.7-SNAPSHOT]
	at org.evosuite.testcase.execution.TestRunnable.executeStatements(TestRunnable.java:351) [evosuite.jar:1.0.7-SNAPSHOT]
	at org.evosuite.testcase.execution.TestRunnable.call(TestRunnable.java:202) [evosuite.jar:1.0.7-SNAPSHOT]
	at org.evosuite.testcase.execution.TestRunnable.call(TestRunnable.java:55) [evosuite.jar:1.0.7-SNAPSHOT]
	at java.util.concurrent.FutureTask.run(FutureTask.java:266) [na:1.8.0_161]
	at java.util.concurrent.ThreadPoolExecutor.runWorker(ThreadPoolExecutor.java:1149) [na:1.8.0_161]
	at java.util.concurrent.ThreadPoolExecutor$Worker.run(ThreadPoolExecutor.java:624) [na:1.8.0_161]
	at java.lang.Thread.run(Thread.java:748) [na:1.8.0_161]
[MASTER] 15:01:55.341 [logback-2] ERROR TestRunnable - Suppressed/ignored exception during test case execution on class org.json.XMLTokener: java.lang.Character cannot be cast to java.lang.Boolean
java.lang.ClassCastException: java.lang.Character cannot be cast to java.lang.Boolean
	at org.evosuite.testcase.TestCodeVisitor.visitPrimitiveAssertion(TestCodeVisitor.java:528) ~[evosuite.jar:1.0.7-SNAPSHOT]
	at org.evosuite.testcase.TestCodeVisitor.visitAssertion(TestCodeVisitor.java:914) ~[evosuite.jar:1.0.7-SNAPSHOT]
	at org.evosuite.testcase.TestCodeVisitor.addAssertions(TestCodeVisitor.java:956) ~[evosuite.jar:1.0.7-SNAPSHOT]
	at org.evosuite.testcase.TestCodeVisitor.visitMethodStatement(TestCodeVisitor.java:1507) ~[evosuite.jar:1.0.7-SNAPSHOT]
	at org.evosuite.testcase.TestVisitor.visitStatement(TestVisitor.java:147) ~[evosuite.jar:1.0.7-SNAPSHOT]
	at org.evosuite.testcase.TestCodeVisitor.visitStatement(TestCodeVisitor.java:1858) ~[evosuite.jar:1.0.7-SNAPSHOT]
	at org.evosuite.testcase.statements.AbstractStatement.getCode(AbstractStatement.java:255) ~[evosuite.jar:1.0.7-SNAPSHOT]
	at org.evosuite.testcase.statements.AbstractStatement.getCode(AbstractStatement.java:247) ~[evosuite.jar:1.0.7-SNAPSHOT]
	at org.evosuite.assertion.PrimitiveTraceObserver.visit(PrimitiveTraceObserver.java:116) ~[evosuite.jar:1.0.7-SNAPSHOT]
	at org.evosuite.assertion.AssertionTraceObserver.visitReturnValue(AssertionTraceObserver.java:131) ~[evosuite.jar:1.0.7-SNAPSHOT]
	at org.evosuite.assertion.PrimitiveTraceObserver.afterStatement(PrimitiveTraceObserver.java:51) ~[evosuite.jar:1.0.7-SNAPSHOT]
	at org.evosuite.testcase.execution.TestRunnable.lambda$informObservers_after$1(TestRunnable.java:155) [evosuite.jar:1.0.7-SNAPSHOT]
	at java.lang.Iterable.forEach(Iterable.java:75) ~[na:1.8.0_161]
	at org.evosuite.testcase.execution.TestRunnable.informObservers_after(TestRunnable.java:155) [evosuite.jar:1.0.7-SNAPSHOT]
	at org.evosuite.testcase.execution.TestRunnable.executeStatements(TestRunnable.java:351) [evosuite.jar:1.0.7-SNAPSHOT]
	at org.evosuite.testcase.execution.TestRunnable.call(TestRunnable.java:202) [evosuite.jar:1.0.7-SNAPSHOT]
	at org.evosuite.testcase.execution.TestRunnable.call(TestRunnable.java:55) [evosuite.jar:1.0.7-SNAPSHOT]
	at java.util.concurrent.FutureTask.run(FutureTask.java:266) [na:1.8.0_161]
	at java.util.concurrent.ThreadPoolExecutor.runWorker(ThreadPoolExecutor.java:1149) [na:1.8.0_161]
	at java.util.concurrent.ThreadPoolExecutor$Worker.run(ThreadPoolExecutor.java:624) [na:1.8.0_161]
	at java.lang.Thread.run(Thread.java:748) [na:1.8.0_161]
[MASTER] 15:01:55.344 [logback-2] ERROR TestRunnable - Suppressed/ignored exception during test case execution on class org.json.XMLTokener: java.lang.Character cannot be cast to java.lang.Boolean
java.lang.ClassCastException: java.lang.Character cannot be cast to java.lang.Boolean
	at org.evosuite.testcase.TestCodeVisitor.visitPrimitiveAssertion(TestCodeVisitor.java:528) ~[evosuite.jar:1.0.7-SNAPSHOT]
	at org.evosuite.testcase.TestCodeVisitor.visitAssertion(TestCodeVisitor.java:914) ~[evosuite.jar:1.0.7-SNAPSHOT]
	at org.evosuite.testcase.TestCodeVisitor.addAssertions(TestCodeVisitor.java:956) ~[evosuite.jar:1.0.7-SNAPSHOT]
	at org.evosuite.testcase.TestCodeVisitor.visitMethodStatement(TestCodeVisitor.java:1507) ~[evosuite.jar:1.0.7-SNAPSHOT]
	at org.evosuite.testcase.TestVisitor.visitStatement(TestVisitor.java:147) ~[evosuite.jar:1.0.7-SNAPSHOT]
	at org.evosuite.testcase.TestCodeVisitor.visitStatement(TestCodeVisitor.java:1858) ~[evosuite.jar:1.0.7-SNAPSHOT]
	at org.evosuite.testcase.statements.AbstractStatement.getCode(AbstractStatement.java:255) ~[evosuite.jar:1.0.7-SNAPSHOT]
	at org.evosuite.testcase.statements.AbstractStatement.getCode(AbstractStatement.java:247) ~[evosuite.jar:1.0.7-SNAPSHOT]
	at org.evosuite.assertion.PrimitiveTraceObserver.visit(PrimitiveTraceObserver.java:116) ~[evosuite.jar:1.0.7-SNAPSHOT]
	at org.evosuite.assertion.AssertionTraceObserver.visitReturnValue(AssertionTraceObserver.java:131) ~[evosuite.jar:1.0.7-SNAPSHOT]
	at org.evosuite.assertion.PrimitiveTraceObserver.afterStatement(PrimitiveTraceObserver.java:51) ~[evosuite.jar:1.0.7-SNAPSHOT]
	at org.evosuite.testcase.execution.TestRunnable.lambda$informObservers_after$1(TestRunnable.java:155) [evosuite.jar:1.0.7-SNAPSHOT]
	at java.lang.Iterable.forEach(Iterable.java:75) ~[na:1.8.0_161]
	at org.evosuite.testcase.execution.TestRunnable.informObservers_after(TestRunnable.java:155) [evosuite.jar:1.0.7-SNAPSHOT]
	at org.evosuite.testcase.execution.TestRunnable.executeStatements(TestRunnable.java:351) [evosuite.jar:1.0.7-SNAPSHOT]
	at org.evosuite.testcase.execution.TestRunnable.call(TestRunnable.java:202) [evosuite.jar:1.0.7-SNAPSHOT]
	at org.evosuite.testcase.execution.TestRunnable.call(TestRunnable.java:55) [evosuite.jar:1.0.7-SNAPSHOT]
	at java.util.concurrent.FutureTask.run(FutureTask.java:266) [na:1.8.0_161]
	at java.util.concurrent.ThreadPoolExecutor.runWorker(ThreadPoolExecutor.java:1149) [na:1.8.0_161]
	at java.util.concurrent.ThreadPoolExecutor$Worker.run(ThreadPoolExecutor.java:624) [na:1.8.0_161]
	at java.lang.Thread.run(Thread.java:748) [na:1.8.0_161]
[MASTER] 15:01:55.353 [logback-2] ERROR TestRunnable - Suppressed/ignored exception during test case execution on class org.json.XMLTokener: java.lang.Character cannot be cast to java.lang.Boolean
java.lang.ClassCastException: java.lang.Character cannot be cast to java.lang.Boolean
	at org.evosuite.testcase.TestCodeVisitor.visitPrimitiveAssertion(TestCodeVisitor.java:528) ~[evosuite.jar:1.0.7-SNAPSHOT]
	at org.evosuite.testcase.TestCodeVisitor.visitAssertion(TestCodeVisitor.java:914) ~[evosuite.jar:1.0.7-SNAPSHOT]
	at org.evosuite.testcase.TestCodeVisitor.addAssertions(TestCodeVisitor.java:956) ~[evosuite.jar:1.0.7-SNAPSHOT]
	at org.evosuite.testcase.TestCodeVisitor.visitMethodStatement(TestCodeVisitor.java:1507) ~[evosuite.jar:1.0.7-SNAPSHOT]
	at org.evosuite.testcase.TestVisitor.visitStatement(TestVisitor.java:147) ~[evosuite.jar:1.0.7-SNAPSHOT]
	at org.evosuite.testcase.TestCodeVisitor.visitStatement(TestCodeVisitor.java:1858) ~[evosuite.jar:1.0.7-SNAPSHOT]
	at org.evosuite.testcase.statements.AbstractStatement.getCode(AbstractStatement.java:255) ~[evosuite.jar:1.0.7-SNAPSHOT]
	at org.evosuite.testcase.statements.AbstractStatement.getCode(AbstractStatement.java:247) ~[evosuite.jar:1.0.7-SNAPSHOT]
	at org.evosuite.assertion.PrimitiveTraceObserver.visit(PrimitiveTraceObserver.java:116) ~[evosuite.jar:1.0.7-SNAPSHOT]
	at org.evosuite.assertion.AssertionTraceObserver.visitReturnValue(AssertionTraceObserver.java:131) ~[evosuite.jar:1.0.7-SNAPSHOT]
	at org.evosuite.assertion.PrimitiveTraceObserver.afterStatement(PrimitiveTraceObserver.java:51) ~[evosuite.jar:1.0.7-SNAPSHOT]
	at org.evosuite.testcase.execution.TestRunnable.lambda$informObservers_after$1(TestRunnable.java:155) [evosuite.jar:1.0.7-SNAPSHOT]
	at java.lang.Iterable.forEach(Iterable.java:75) ~[na:1.8.0_161]
	at org.evosuite.testcase.execution.TestRunnable.informObservers_after(TestRunnable.java:155) [evosuite.jar:1.0.7-SNAPSHOT]
	at org.evosuite.testcase.execution.TestRunnable.executeStatements(TestRunnable.java:351) [evosuite.jar:1.0.7-SNAPSHOT]
	at org.evosuite.testcase.execution.TestRunnable.call(TestRunnable.java:202) [evosuite.jar:1.0.7-SNAPSHOT]
	at org.evosuite.testcase.execution.TestRunnable.call(TestRunnable.java:55) [evosuite.jar:1.0.7-SNAPSHOT]
	at java.util.concurrent.FutureTask.run(FutureTask.java:266) [na:1.8.0_161]
	at java.util.concurrent.ThreadPoolExecutor.runWorker(ThreadPoolExecutor.java:1149) [na:1.8.0_161]
	at java.util.concurrent.ThreadPoolExecutor$Worker.run(ThreadPoolExecutor.java:624) [na:1.8.0_161]
	at java.lang.Thread.run(Thread.java:748) [na:1.8.0_161]
[MASTER] 15:01:55.355 [logback-2] ERROR TestRunnable - Suppressed/ignored exception during test case execution on class org.json.XMLTokener: java.lang.Character cannot be cast to java.lang.Boolean
java.lang.ClassCastException: java.lang.Character cannot be cast to java.lang.Boolean
	at org.evosuite.testcase.TestCodeVisitor.visitPrimitiveAssertion(TestCodeVisitor.java:528) ~[evosuite.jar:1.0.7-SNAPSHOT]
	at org.evosuite.testcase.TestCodeVisitor.visitAssertion(TestCodeVisitor.java:914) ~[evosuite.jar:1.0.7-SNAPSHOT]
	at org.evosuite.testcase.TestCodeVisitor.addAssertions(TestCodeVisitor.java:956) ~[evosuite.jar:1.0.7-SNAPSHOT]
	at org.evosuite.testcase.TestCodeVisitor.visitMethodStatement(TestCodeVisitor.java:1507) ~[evosuite.jar:1.0.7-SNAPSHOT]
	at org.evosuite.testcase.TestVisitor.visitStatement(TestVisitor.java:147) ~[evosuite.jar:1.0.7-SNAPSHOT]
	at org.evosuite.testcase.TestCodeVisitor.visitStatement(TestCodeVisitor.java:1858) ~[evosuite.jar:1.0.7-SNAPSHOT]
	at org.evosuite.testcase.statements.AbstractStatement.getCode(AbstractStatement.java:255) ~[evosuite.jar:1.0.7-SNAPSHOT]
	at org.evosuite.testcase.statements.AbstractStatement.getCode(AbstractStatement.java:247) ~[evosuite.jar:1.0.7-SNAPSHOT]
	at org.evosuite.assertion.PrimitiveTraceObserver.visit(PrimitiveTraceObserver.java:116) ~[evosuite.jar:1.0.7-SNAPSHOT]
	at org.evosuite.assertion.AssertionTraceObserver.visitReturnValue(AssertionTraceObserver.java:131) ~[evosuite.jar:1.0.7-SNAPSHOT]
	at org.evosuite.assertion.PrimitiveTraceObserver.afterStatement(PrimitiveTraceObserver.java:51) ~[evosuite.jar:1.0.7-SNAPSHOT]
	at org.evosuite.testcase.execution.TestRunnable.lambda$informObservers_after$1(TestRunnable.java:155) [evosuite.jar:1.0.7-SNAPSHOT]
	at java.lang.Iterable.forEach(Iterable.java:75) ~[na:1.8.0_161]
	at org.evosuite.testcase.execution.TestRunnable.informObservers_after(TestRunnable.java:155) [evosuite.jar:1.0.7-SNAPSHOT]
	at org.evosuite.testcase.execution.TestRunnable.executeStatements(TestRunnable.java:351) [evosuite.jar:1.0.7-SNAPSHOT]
	at org.evosuite.testcase.execution.TestRunnable.call(TestRunnable.java:202) [evosuite.jar:1.0.7-SNAPSHOT]
	at org.evosuite.testcase.execution.TestRunnable.call(TestRunnable.java:55) [evosuite.jar:1.0.7-SNAPSHOT]
	at java.util.concurrent.FutureTask.run(FutureTask.java:266) [na:1.8.0_161]
	at java.util.concurrent.ThreadPoolExecutor.runWorker(ThreadPoolExecutor.java:1149) [na:1.8.0_161]
	at java.util.concurrent.ThreadPoolExecutor$Worker.run(ThreadPoolExecutor.java:624) [na:1.8.0_161]
	at java.lang.Thread.run(Thread.java:748) [na:1.8.0_161]
[MASTER] 15:01:55.358 [logback-2] ERROR TestRunnable - Suppressed/ignored exception during test case execution on class org.json.XMLTokener: java.lang.Character cannot be cast to java.lang.Boolean
java.lang.ClassCastException: java.lang.Character cannot be cast to java.lang.Boolean
	at org.evosuite.testcase.TestCodeVisitor.visitPrimitiveAssertion(TestCodeVisitor.java:528) ~[evosuite.jar:1.0.7-SNAPSHOT]
	at org.evosuite.testcase.TestCodeVisitor.visitAssertion(TestCodeVisitor.java:914) ~[evosuite.jar:1.0.7-SNAPSHOT]
	at org.evosuite.testcase.TestCodeVisitor.addAssertions(TestCodeVisitor.java:956) ~[evosuite.jar:1.0.7-SNAPSHOT]
	at org.evosuite.testcase.TestCodeVisitor.visitMethodStatement(TestCodeVisitor.java:1507) ~[evosuite.jar:1.0.7-SNAPSHOT]
	at org.evosuite.testcase.TestVisitor.visitStatement(TestVisitor.java:147) ~[evosuite.jar:1.0.7-SNAPSHOT]
	at org.evosuite.testcase.TestCodeVisitor.visitStatement(TestCodeVisitor.java:1858) ~[evosuite.jar:1.0.7-SNAPSHOT]
	at org.evosuite.testcase.statements.AbstractStatement.getCode(AbstractStatement.java:255) ~[evosuite.jar:1.0.7-SNAPSHOT]
	at org.evosuite.testcase.statements.AbstractStatement.getCode(AbstractStatement.java:247) ~[evosuite.jar:1.0.7-SNAPSHOT]
	at org.evosuite.assertion.PrimitiveTraceObserver.visit(PrimitiveTraceObserver.java:116) ~[evosuite.jar:1.0.7-SNAPSHOT]
	at org.evosuite.assertion.AssertionTraceObserver.visitReturnValue(AssertionTraceObserver.java:131) ~[evosuite.jar:1.0.7-SNAPSHOT]
	at org.evosuite.assertion.PrimitiveTraceObserver.afterStatement(PrimitiveTraceObserver.java:51) ~[evosuite.jar:1.0.7-SNAPSHOT]
	at org.evosuite.testcase.execution.TestRunnable.lambda$informObservers_after$1(TestRunnable.java:155) [evosuite.jar:1.0.7-SNAPSHOT]
	at java.lang.Iterable.forEach(Iterable.java:75) ~[na:1.8.0_161]
	at org.evosuite.testcase.execution.TestRunnable.informObservers_after(TestRunnable.java:155) [evosuite.jar:1.0.7-SNAPSHOT]
	at org.evosuite.testcase.execution.TestRunnable.executeStatements(TestRunnable.java:351) [evosuite.jar:1.0.7-SNAPSHOT]
	at org.evosuite.testcase.execution.TestRunnable.call(TestRunnable.java:202) [evosuite.jar:1.0.7-SNAPSHOT]
	at org.evosuite.testcase.execution.TestRunnable.call(TestRunnable.java:55) [evosuite.jar:1.0.7-SNAPSHOT]
	at java.util.concurrent.FutureTask.run(FutureTask.java:266) [na:1.8.0_161]
	at java.util.concurrent.ThreadPoolExecutor.runWorker(ThreadPoolExecutor.java:1149) [na:1.8.0_161]
	at java.util.concurrent.ThreadPoolExecutor$Worker.run(ThreadPoolExecutor.java:624) [na:1.8.0_161]
	at java.lang.Thread.run(Thread.java:748) [na:1.8.0_161]
[MASTER] 15:01:55.367 [logback-2] ERROR TestRunnable - Suppressed/ignored exception during test case execution on class org.json.XMLTokener: java.lang.Character cannot be cast to java.lang.Boolean
java.lang.ClassCastException: java.lang.Character cannot be cast to java.lang.Boolean
	at org.evosuite.testcase.TestCodeVisitor.visitPrimitiveAssertion(TestCodeVisitor.java:528) ~[evosuite.jar:1.0.7-SNAPSHOT]
	at org.evosuite.testcase.TestCodeVisitor.visitAssertion(TestCodeVisitor.java:914) ~[evosuite.jar:1.0.7-SNAPSHOT]
	at org.evosuite.testcase.TestCodeVisitor.addAssertions(TestCodeVisitor.java:956) ~[evosuite.jar:1.0.7-SNAPSHOT]
	at org.evosuite.testcase.TestCodeVisitor.visitMethodStatement(TestCodeVisitor.java:1507) ~[evosuite.jar:1.0.7-SNAPSHOT]
	at org.evosuite.testcase.TestVisitor.visitStatement(TestVisitor.java:147) ~[evosuite.jar:1.0.7-SNAPSHOT]
	at org.evosuite.testcase.TestCodeVisitor.visitStatement(TestCodeVisitor.java:1858) ~[evosuite.jar:1.0.7-SNAPSHOT]
	at org.evosuite.testcase.statements.AbstractStatement.getCode(AbstractStatement.java:255) ~[evosuite.jar:1.0.7-SNAPSHOT]
	at org.evosuite.testcase.statements.AbstractStatement.getCode(AbstractStatement.java:247) ~[evosuite.jar:1.0.7-SNAPSHOT]
	at org.evosuite.assertion.PrimitiveTraceObserver.visit(PrimitiveTraceObserver.java:116) ~[evosuite.jar:1.0.7-SNAPSHOT]
	at org.evosuite.assertion.AssertionTraceObserver.visitReturnValue(AssertionTraceObserver.java:131) ~[evosuite.jar:1.0.7-SNAPSHOT]
	at org.evosuite.assertion.PrimitiveTraceObserver.afterStatement(PrimitiveTraceObserver.java:51) ~[evosuite.jar:1.0.7-SNAPSHOT]
	at org.evosuite.testcase.execution.TestRunnable.lambda$informObservers_after$1(TestRunnable.java:155) [evosuite.jar:1.0.7-SNAPSHOT]
	at java.lang.Iterable.forEach(Iterable.java:75) ~[na:1.8.0_161]
	at org.evosuite.testcase.execution.TestRunnable.informObservers_after(TestRunnable.java:155) [evosuite.jar:1.0.7-SNAPSHOT]
	at org.evosuite.testcase.execution.TestRunnable.executeStatements(TestRunnable.java:351) [evosuite.jar:1.0.7-SNAPSHOT]
	at org.evosuite.testcase.execution.TestRunnable.call(TestRunnable.java:202) [evosuite.jar:1.0.7-SNAPSHOT]
	at org.evosuite.testcase.execution.TestRunnable.call(TestRunnable.java:55) [evosuite.jar:1.0.7-SNAPSHOT]
	at java.util.concurrent.FutureTask.run(FutureTask.java:266) [na:1.8.0_161]
	at java.util.concurrent.ThreadPoolExecutor.runWorker(ThreadPoolExecutor.java:1149) [na:1.8.0_161]
	at java.util.concurrent.ThreadPoolExecutor$Worker.run(ThreadPoolExecutor.java:624) [na:1.8.0_161]
	at java.lang.Thread.run(Thread.java:748) [na:1.8.0_161]
[MASTER] 15:01:55.374 [logback-2] ERROR TestRunnable - Suppressed/ignored exception during test case execution on class org.json.XMLTokener: java.lang.Character cannot be cast to java.lang.Boolean
java.lang.ClassCastException: java.lang.Character cannot be cast to java.lang.Boolean
	at org.evosuite.testcase.TestCodeVisitor.visitPrimitiveAssertion(TestCodeVisitor.java:528) ~[evosuite.jar:1.0.7-SNAPSHOT]
	at org.evosuite.testcase.TestCodeVisitor.visitAssertion(TestCodeVisitor.java:914) ~[evosuite.jar:1.0.7-SNAPSHOT]
	at org.evosuite.testcase.TestCodeVisitor.addAssertions(TestCodeVisitor.java:956) ~[evosuite.jar:1.0.7-SNAPSHOT]
	at org.evosuite.testcase.TestCodeVisitor.visitMethodStatement(TestCodeVisitor.java:1507) ~[evosuite.jar:1.0.7-SNAPSHOT]
	at org.evosuite.testcase.TestVisitor.visitStatement(TestVisitor.java:147) ~[evosuite.jar:1.0.7-SNAPSHOT]
	at org.evosuite.testcase.TestCodeVisitor.visitStatement(TestCodeVisitor.java:1858) ~[evosuite.jar:1.0.7-SNAPSHOT]
	at org.evosuite.testcase.statements.AbstractStatement.getCode(AbstractStatement.java:255) ~[evosuite.jar:1.0.7-SNAPSHOT]
	at org.evosuite.testcase.statements.AbstractStatement.getCode(AbstractStatement.java:247) ~[evosuite.jar:1.0.7-SNAPSHOT]
	at org.evosuite.assertion.PrimitiveTraceObserver.visit(PrimitiveTraceObserver.java:116) ~[evosuite.jar:1.0.7-SNAPSHOT]
	at org.evosuite.assertion.AssertionTraceObserver.visitReturnValue(AssertionTraceObserver.java:131) ~[evosuite.jar:1.0.7-SNAPSHOT]
	at org.evosuite.assertion.PrimitiveTraceObserver.afterStatement(PrimitiveTraceObserver.java:51) ~[evosuite.jar:1.0.7-SNAPSHOT]
	at org.evosuite.testcase.execution.TestRunnable.lambda$informObservers_after$1(TestRunnable.java:155) [evosuite.jar:1.0.7-SNAPSHOT]
	at java.lang.Iterable.forEach(Iterable.java:75) ~[na:1.8.0_161]
	at org.evosuite.testcase.execution.TestRunnable.informObservers_after(TestRunnable.java:155) [evosuite.jar:1.0.7-SNAPSHOT]
	at org.evosuite.testcase.execution.TestRunnable.executeStatements(TestRunnable.java:351) [evosuite.jar:1.0.7-SNAPSHOT]
	at org.evosuite.testcase.execution.TestRunnable.call(TestRunnable.java:202) [evosuite.jar:1.0.7-SNAPSHOT]
	at org.evosuite.testcase.execution.TestRunnable.call(TestRunnable.java:55) [evosuite.jar:1.0.7-SNAPSHOT]
	at java.util.concurrent.FutureTask.run(FutureTask.java:266) [na:1.8.0_161]
	at java.util.concurrent.ThreadPoolExecutor.runWorker(ThreadPoolExecutor.java:1149) [na:1.8.0_161]
	at java.util.concurrent.ThreadPoolExecutor$Worker.run(ThreadPoolExecutor.java:624) [na:1.8.0_161]
	at java.lang.Thread.run(Thread.java:748) [na:1.8.0_161]
[MASTER] 15:01:55.397 [logback-2] ERROR TestRunnable - Suppressed/ignored exception during test case execution on class org.json.XMLTokener: java.lang.Character cannot be cast to java.lang.Boolean
java.lang.ClassCastException: java.lang.Character cannot be cast to java.lang.Boolean
	at org.evosuite.testcase.TestCodeVisitor.visitPrimitiveAssertion(TestCodeVisitor.java:528) ~[evosuite.jar:1.0.7-SNAPSHOT]
	at org.evosuite.testcase.TestCodeVisitor.visitAssertion(TestCodeVisitor.java:914) ~[evosuite.jar:1.0.7-SNAPSHOT]
	at org.evosuite.testcase.TestCodeVisitor.addAssertions(TestCodeVisitor.java:956) ~[evosuite.jar:1.0.7-SNAPSHOT]
	at org.evosuite.testcase.TestCodeVisitor.visitMethodStatement(TestCodeVisitor.java:1507) ~[evosuite.jar:1.0.7-SNAPSHOT]
	at org.evosuite.testcase.TestVisitor.visitStatement(TestVisitor.java:147) ~[evosuite.jar:1.0.7-SNAPSHOT]
	at org.evosuite.testcase.TestCodeVisitor.visitStatement(TestCodeVisitor.java:1858) ~[evosuite.jar:1.0.7-SNAPSHOT]
	at org.evosuite.testcase.statements.AbstractStatement.getCode(AbstractStatement.java:255) ~[evosuite.jar:1.0.7-SNAPSHOT]
	at org.evosuite.testcase.statements.AbstractStatement.getCode(AbstractStatement.java:247) ~[evosuite.jar:1.0.7-SNAPSHOT]
	at org.evosuite.assertion.PrimitiveTraceObserver.visit(PrimitiveTraceObserver.java:116) ~[evosuite.jar:1.0.7-SNAPSHOT]
	at org.evosuite.assertion.AssertionTraceObserver.visitReturnValue(AssertionTraceObserver.java:131) ~[evosuite.jar:1.0.7-SNAPSHOT]
	at org.evosuite.assertion.PrimitiveTraceObserver.afterStatement(PrimitiveTraceObserver.java:51) ~[evosuite.jar:1.0.7-SNAPSHOT]
	at org.evosuite.testcase.execution.TestRunnable.lambda$informObservers_after$1(TestRunnable.java:155) [evosuite.jar:1.0.7-SNAPSHOT]
	at java.lang.Iterable.forEach(Iterable.java:75) ~[na:1.8.0_161]
	at org.evosuite.testcase.execution.TestRunnable.informObservers_after(TestRunnable.java:155) [evosuite.jar:1.0.7-SNAPSHOT]
	at org.evosuite.testcase.execution.TestRunnable.executeStatements(TestRunnable.java:351) [evosuite.jar:1.0.7-SNAPSHOT]
	at org.evosuite.testcase.execution.TestRunnable.call(TestRunnable.java:202) [evosuite.jar:1.0.7-SNAPSHOT]
	at org.evosuite.testcase.execution.TestRunnable.call(TestRunnable.java:55) [evosuite.jar:1.0.7-SNAPSHOT]
	at java.util.concurrent.FutureTask.run(FutureTask.java:266) [na:1.8.0_161]
	at java.util.concurrent.ThreadPoolExecutor.runWorker(ThreadPoolExecutor.java:1149) [na:1.8.0_161]
	at java.util.concurrent.ThreadPoolExecutor$Worker.run(ThreadPoolExecutor.java:624) [na:1.8.0_161]
	at java.lang.Thread.run(Thread.java:748) [na:1.8.0_161]
* Resulting test suite's mutation score: 57%
* Compiling and checking tests
* Permissions denied during test execution: 
  - java.lang.RuntimePermission: 
         writeFileDescriptor: 1
* Writing tests to file
* Writing JUnit test case 'XMLTokener_ESTest' to /home/apaniche/mitchell/generation-scripts/evosuite_vanilla/tests/s5/json/evosuite-tests
* Done!

* Computation finished
* Minimizing test suite
[MASTER] 15:02:32.062 [logback-2] ERROR TestCaseExecutor - TG: Exception caught: 
java.lang.IllegalStateException: Trying to disable sandbox when not test case was run
	at org.evosuite.runtime.sandbox.MSecurityManager.goingToEndTestCase(MSecurityManager.java:360) ~[evosuite.jar:1.0.7-SNAPSHOT]
	at org.evosuite.runtime.sandbox.Sandbox.doneWithExecutingSUTCode(Sandbox.java:141) ~[evosuite.jar:1.0.7-SNAPSHOT]
	at org.evosuite.testcase.execution.TestCaseExecutor.execute(TestCaseExecutor.java:478) ~[evosuite.jar:1.0.7-SNAPSHOT]
	at org.evosuite.testcase.execution.TestCaseExecutor.execute(TestCaseExecutor.java:277) ~[evosuite.jar:1.0.7-SNAPSHOT]
	at org.evosuite.testcase.execution.TestCaseExecutor.execute(TestCaseExecutor.java:264) ~[evosuite.jar:1.0.7-SNAPSHOT]
	at org.evosuite.testcase.execution.TestCaseExecutor.runTest(TestCaseExecutor.java:140) ~[evosuite.jar:1.0.7-SNAPSHOT]
	at org.evosuite.testcase.TestFitnessFunction.runTest(TestFitnessFunction.java:91) [evosuite.jar:1.0.7-SNAPSHOT]
	at org.evosuite.testcase.TestFitnessFunction.getFitness(TestFitnessFunction.java:60) [evosuite.jar:1.0.7-SNAPSHOT]
	at org.evosuite.testcase.TestFitnessFunction.getFitness(TestFitnessFunction.java:34) [evosuite.jar:1.0.7-SNAPSHOT]
	at org.evosuite.testcase.TestCaseMinimizer.isWorse(TestCaseMinimizer.java:92) [evosuite.jar:1.0.7-SNAPSHOT]
	at org.evosuite.testcase.TestCaseMinimizer.minimize(TestCaseMinimizer.java:170) [evosuite.jar:1.0.7-SNAPSHOT]
	at org.evosuite.testsuite.TestSuiteMinimizer.minimizeTests(TestSuiteMinimizer.java:214) [evosuite.jar:1.0.7-SNAPSHOT]
	at org.evosuite.testsuite.TestSuiteMinimizer.minimize(TestSuiteMinimizer.java:100) [evosuite.jar:1.0.7-SNAPSHOT]
	at org.evosuite.TestSuiteGenerator.postProcessTests(TestSuiteGenerator.java:453) [evosuite.jar:1.0.7-SNAPSHOT]
	at org.evosuite.TestSuiteGenerator.generateTestSuite(TestSuiteGenerator.java:255) [evosuite.jar:1.0.7-SNAPSHOT]
	at org.evosuite.rmi.service.ClientNodeImpl.lambda$startNewSearch$0(ClientNodeImpl.java:155) [evosuite.jar:1.0.7-SNAPSHOT]
	at java.util.concurrent.Executors$RunnableAdapter.call(Executors.java:511) ~[na:1.8.0_161]
	at java.util.concurrent.FutureTask.run(FutureTask.java:266) ~[na:1.8.0_161]
	at java.util.concurrent.ThreadPoolExecutor.runWorker(ThreadPoolExecutor.java:1149) ~[na:1.8.0_161]
	at java.util.concurrent.ThreadPoolExecutor$Worker.run(ThreadPoolExecutor.java:624) ~[na:1.8.0_161]
	at java.lang.Thread.run(Thread.java:748) ~[na:1.8.0_161]
[MASTER] 15:02:32.062 [logback-2] ERROR ClientNodeImpl - Error when generating tests for: org.json.JSONObject with seed 5. Configuration id : EvoSuite_vanilla
java.lang.Error: java.lang.IllegalStateException: Trying to disable sandbox when not test case was run
	at org.evosuite.testcase.execution.TestCaseExecutor.runTest(TestCaseExecutor.java:146) ~[evosuite.jar:1.0.7-SNAPSHOT]
	at org.evosuite.testcase.TestFitnessFunction.runTest(TestFitnessFunction.java:91) ~[evosuite.jar:1.0.7-SNAPSHOT]
	at org.evosuite.testcase.TestFitnessFunction.getFitness(TestFitnessFunction.java:60) ~[evosuite.jar:1.0.7-SNAPSHOT]
	at org.evosuite.testcase.TestFitnessFunction.getFitness(TestFitnessFunction.java:34) ~[evosuite.jar:1.0.7-SNAPSHOT]
	at org.evosuite.testcase.TestCaseMinimizer.isWorse(TestCaseMinimizer.java:92) ~[evosuite.jar:1.0.7-SNAPSHOT]
	at org.evosuite.testcase.TestCaseMinimizer.minimize(TestCaseMinimizer.java:170) ~[evosuite.jar:1.0.7-SNAPSHOT]
	at org.evosuite.testsuite.TestSuiteMinimizer.minimizeTests(TestSuiteMinimizer.java:214) ~[evosuite.jar:1.0.7-SNAPSHOT]
	at org.evosuite.testsuite.TestSuiteMinimizer.minimize(TestSuiteMinimizer.java:100) ~[evosuite.jar:1.0.7-SNAPSHOT]
	at org.evosuite.TestSuiteGenerator.postProcessTests(TestSuiteGenerator.java:453) ~[evosuite.jar:1.0.7-SNAPSHOT]
	at org.evosuite.TestSuiteGenerator.generateTestSuite(TestSuiteGenerator.java:255) ~[evosuite.jar:1.0.7-SNAPSHOT]
	at org.evosuite.rmi.service.ClientNodeImpl.lambda$startNewSearch$0(ClientNodeImpl.java:155) ~[evosuite.jar:1.0.7-SNAPSHOT]
	at java.util.concurrent.Executors$RunnableAdapter.call(Executors.java:511) ~[na:1.8.0_161]
	at java.util.concurrent.FutureTask.run(FutureTask.java:266) ~[na:1.8.0_161]
	at java.util.concurrent.ThreadPoolExecutor.runWorker(ThreadPoolExecutor.java:1149) ~[na:1.8.0_161]
	at java.util.concurrent.ThreadPoolExecutor$Worker.run(ThreadPoolExecutor.java:624) ~[na:1.8.0_161]
	at java.lang.Thread.run(Thread.java:748) ~[na:1.8.0_161]
Caused by: java.lang.IllegalStateException: Trying to disable sandbox when not test case was run
	at org.evosuite.runtime.sandbox.MSecurityManager.goingToEndTestCase(MSecurityManager.java:360) ~[evosuite.jar:1.0.7-SNAPSHOT]
	at org.evosuite.runtime.sandbox.Sandbox.doneWithExecutingSUTCode(Sandbox.java:141) ~[evosuite.jar:1.0.7-SNAPSHOT]
	at org.evosuite.testcase.execution.TestCaseExecutor.execute(TestCaseExecutor.java:478) ~[evosuite.jar:1.0.7-SNAPSHOT]
	at org.evosuite.testcase.execution.TestCaseExecutor.execute(TestCaseExecutor.java:277) ~[evosuite.jar:1.0.7-SNAPSHOT]
	at org.evosuite.testcase.execution.TestCaseExecutor.execute(TestCaseExecutor.java:264) ~[evosuite.jar:1.0.7-SNAPSHOT]
	at org.evosuite.testcase.execution.TestCaseExecutor.runTest(TestCaseExecutor.java:140) ~[evosuite.jar:1.0.7-SNAPSHOT]
	... 15 common frames omitted
* Computation finished
[MASTER] 15:02:32.179 [main] ERROR SearchStatistics - No obtained value for output variable: BranchCoverage
[MASTER] 15:02:34.183 [main] ERROR SearchStatistics - No obtained value for output variable: BranchCoverage
[MASTER] 15:02:35.184 [main] ERROR SearchStatistics - No obtained value for output variable: BranchCoverage
[MASTER] 15:02:36.185 [main] ERROR SearchStatistics - No obtained value for output variable: BranchCoverage
[MASTER] 15:02:37.185 [main] ERROR SearchStatistics - No obtained value for output variable: BranchCoverage
[MASTER] 15:02:38.186 [main] ERROR SearchStatistics - No obtained value for output variable: BranchCoverage
[MASTER] 15:02:38.186 [main] ERROR SearchStatistics - Not going to write down statistics data, as some are missing
[MASTER] 15:02:38.287 [main] ERROR TestGeneration - failed to write statistics data
* EvoSuite 1.0.7-SNAPSHOT
* Configuration: EvoSuite_vanilla
* Going to generate test cases for class: org.json.JSONTokener
* EvoSuite 1.0.7-SNAPSHOT
* Configuration: EvoSuite_vanilla
* Going to generate test cases for class: org.json.XML
* Starting Client-0
* Connecting to master process on port 8705
* Starting Client-0
* Connecting to master process on port 8707
* Analyzing classpath: 
* Analyzing classpath: 
  - /home/apaniche/mitchell/generation-scripts/projects/json/json-20180813.jar
  - /home/apaniche/mitchell/generation-scripts/projects/json/json-20180813.jar
* Finished analyzing classpath
* Generating tests for class org.json.JSONTokener
* Test criteria:
  - Line Coverage
  - Branch Coverage
  - Exception
  - Mutation testing (weak)
  - Method-Output Coverage
  - Top-Level Method Coverage
  - No-Exception Top-Level Method Coverage
  - Context Branch Coverage
* Total number of test goals for DYNAMOSA: 1112
* Using seed 5
* Starting evolution
* Initial Number of Goals in DynaMOSA = 259 / 1112
* Finished analyzing classpath
* Generating tests for class org.json.XML
* Test criteria:
  - Line Coverage
  - Branch Coverage
  - Exception
  - Mutation testing (weak)
  - Method-Output Coverage
  - Top-Level Method Coverage
  - No-Exception Top-Level Method Coverage
  - Context Branch Coverage
* Total number of test goals for DYNAMOSA: 1218
* Using seed 5
* Starting evolution
* Initial Number of Goals in DynaMOSA = 151 / 1218
* Search finished after 62s and 207 generations, 57364 statements, best individual has fitness: 322.0
* Minimizing test suite
* Search finished after 65s and 35 generations, 18947 statements, best individual has fitness: 138.0
* Minimizing test suite
* Going to analyze the coverage criteria
* Coverage analysis for criterion LINE
* Coverage of criterion LINE: 88%
* Total number of goals: 175
* Number of covered goals: 154
* Coverage analysis for criterion BRANCH
* Coverage of criterion BRANCH: 77%
* Total number of goals: 137
* Number of covered goals: 105
* Coverage analysis for criterion EXCEPTION
* Coverage of criterion EXCEPTION: 100%
* Total number of goals: 20
* Number of covered goals: 20
* Coverage analysis for criterion WEAKMUTATION
* Coverage of criterion WEAKMUTATION: 88%
* Total number of goals: 585
* Number of covered goals: 513
* Coverage analysis for criterion OUTPUT
* Coverage of criterion OUTPUT: 72%
* Total number of goals: 40
* Number of covered goals: 29
* Coverage analysis for criterion METHOD
* Coverage of criterion METHOD: 100%
* Total number of goals: 19
* Number of covered goals: 19
* Coverage analysis for criterion METHODNOEXCEPTION
* Coverage of criterion METHODNOEXCEPTION: 100%
* Total number of goals: 19
* Number of covered goals: 19
* Coverage analysis for criterion CBRANCH
* Coverage of criterion CBRANCH: 77%
* Total number of goals: 137
* Number of covered goals: 105
* Generated 65 tests with total length 220
* Resulting test suite's coverage: 86% (average coverage for all fitness functions)
* Generating assertions
* Going to analyze the coverage criteria
* Coverage analysis for criterion LINE
* Coverage of criterion LINE: 81%
* Total number of goals: 234
* Number of covered goals: 190
* Coverage analysis for criterion BRANCH
* Coverage of criterion BRANCH: 74%
* Total number of goals: 213
* Number of covered goals: 157
* Coverage analysis for criterion EXCEPTION
* Coverage of criterion EXCEPTION: 95%
* Total number of goals: 20
* Number of covered goals: 19
* Coverage analysis for criterion WEAKMUTATION
* Coverage of criterion WEAKMUTATION: 73%
* Total number of goals: 498
* Number of covered goals: 366
* Coverage analysis for criterion OUTPUT
* Coverage of criterion OUTPUT: 66%
* Total number of goals: 38
* Number of covered goals: 25
* Coverage analysis for criterion METHOD
* Coverage of criterion METHOD: 100%
* Total number of goals: 11
* Number of covered goals: 11
* Coverage analysis for criterion METHODNOEXCEPTION
* Coverage of criterion METHODNOEXCEPTION: 100%
* Total number of goals: 11
* Number of covered goals: 11
* Coverage analysis for criterion CBRANCH
* Coverage of criterion CBRANCH: 72%
* Total number of goals: 213
* Number of covered goals: 154
* Generated 64 tests with total length 95
* Resulting test suite's coverage: 77% (average coverage for all fitness functions)
* Generating assertions
[MASTER] 15:10:08.092 [logback-2] ERROR TestRunnable - Suppressed/ignored exception during test case execution on class org.json.XML: java.lang.String cannot be cast to java.lang.Boolean
java.lang.ClassCastException: java.lang.String cannot be cast to java.lang.Boolean
	at org.evosuite.testcase.TestCodeVisitor.visitPrimitiveAssertion(TestCodeVisitor.java:528) ~[evosuite.jar:1.0.7-SNAPSHOT]
	at org.evosuite.testcase.TestCodeVisitor.visitAssertion(TestCodeVisitor.java:914) ~[evosuite.jar:1.0.7-SNAPSHOT]
	at org.evosuite.testcase.TestCodeVisitor.addAssertions(TestCodeVisitor.java:956) ~[evosuite.jar:1.0.7-SNAPSHOT]
	at org.evosuite.testcase.TestCodeVisitor.visitMethodStatement(TestCodeVisitor.java:1507) ~[evosuite.jar:1.0.7-SNAPSHOT]
	at org.evosuite.testcase.TestVisitor.visitStatement(TestVisitor.java:147) ~[evosuite.jar:1.0.7-SNAPSHOT]
	at org.evosuite.testcase.TestCodeVisitor.visitStatement(TestCodeVisitor.java:1858) ~[evosuite.jar:1.0.7-SNAPSHOT]
	at org.evosuite.testcase.statements.AbstractStatement.getCode(AbstractStatement.java:255) ~[evosuite.jar:1.0.7-SNAPSHOT]
	at org.evosuite.testcase.statements.AbstractStatement.getCode(AbstractStatement.java:247) ~[evosuite.jar:1.0.7-SNAPSHOT]
	at org.evosuite.assertion.PrimitiveTraceObserver.visit(PrimitiveTraceObserver.java:116) ~[evosuite.jar:1.0.7-SNAPSHOT]
	at org.evosuite.assertion.AssertionTraceObserver.visitReturnValue(AssertionTraceObserver.java:131) ~[evosuite.jar:1.0.7-SNAPSHOT]
	at org.evosuite.assertion.PrimitiveTraceObserver.afterStatement(PrimitiveTraceObserver.java:51) ~[evosuite.jar:1.0.7-SNAPSHOT]
	at org.evosuite.testcase.execution.TestRunnable.lambda$informObservers_after$1(TestRunnable.java:155) [evosuite.jar:1.0.7-SNAPSHOT]
	at java.lang.Iterable.forEach(Iterable.java:75) ~[na:1.8.0_161]
	at org.evosuite.testcase.execution.TestRunnable.informObservers_after(TestRunnable.java:155) [evosuite.jar:1.0.7-SNAPSHOT]
	at org.evosuite.testcase.execution.TestRunnable.executeStatements(TestRunnable.java:351) [evosuite.jar:1.0.7-SNAPSHOT]
	at org.evosuite.testcase.execution.TestRunnable.call(TestRunnable.java:202) [evosuite.jar:1.0.7-SNAPSHOT]
	at org.evosuite.testcase.execution.TestRunnable.call(TestRunnable.java:55) [evosuite.jar:1.0.7-SNAPSHOT]
	at java.util.concurrent.FutureTask.run(FutureTask.java:266) [na:1.8.0_161]
	at java.util.concurrent.ThreadPoolExecutor.runWorker(ThreadPoolExecutor.java:1149) [na:1.8.0_161]
	at java.util.concurrent.ThreadPoolExecutor$Worker.run(ThreadPoolExecutor.java:624) [na:1.8.0_161]
	at java.lang.Thread.run(Thread.java:748) [na:1.8.0_161]
[MASTER] 15:10:08.202 [logback-2] ERROR TestRunnable - Suppressed/ignored exception during test case execution on class org.json.XML: java.lang.Integer cannot be cast to java.lang.Boolean
java.lang.ClassCastException: java.lang.Integer cannot be cast to java.lang.Boolean
	at org.evosuite.testcase.TestCodeVisitor.visitPrimitiveAssertion(TestCodeVisitor.java:528) ~[evosuite.jar:1.0.7-SNAPSHOT]
	at org.evosuite.testcase.TestCodeVisitor.visitAssertion(TestCodeVisitor.java:914) ~[evosuite.jar:1.0.7-SNAPSHOT]
	at org.evosuite.testcase.TestCodeVisitor.addAssertions(TestCodeVisitor.java:956) ~[evosuite.jar:1.0.7-SNAPSHOT]
	at org.evosuite.testcase.TestCodeVisitor.visitMethodStatement(TestCodeVisitor.java:1507) ~[evosuite.jar:1.0.7-SNAPSHOT]
	at org.evosuite.testcase.TestVisitor.visitStatement(TestVisitor.java:147) ~[evosuite.jar:1.0.7-SNAPSHOT]
	at org.evosuite.testcase.TestCodeVisitor.visitStatement(TestCodeVisitor.java:1858) ~[evosuite.jar:1.0.7-SNAPSHOT]
	at org.evosuite.testcase.statements.AbstractStatement.getCode(AbstractStatement.java:255) ~[evosuite.jar:1.0.7-SNAPSHOT]
	at org.evosuite.testcase.statements.AbstractStatement.getCode(AbstractStatement.java:247) ~[evosuite.jar:1.0.7-SNAPSHOT]
	at org.evosuite.assertion.PrimitiveTraceObserver.visit(PrimitiveTraceObserver.java:116) ~[evosuite.jar:1.0.7-SNAPSHOT]
	at org.evosuite.assertion.AssertionTraceObserver.visitReturnValue(AssertionTraceObserver.java:131) ~[evosuite.jar:1.0.7-SNAPSHOT]
	at org.evosuite.assertion.PrimitiveTraceObserver.afterStatement(PrimitiveTraceObserver.java:51) ~[evosuite.jar:1.0.7-SNAPSHOT]
	at org.evosuite.testcase.execution.TestRunnable.lambda$informObservers_after$1(TestRunnable.java:155) [evosuite.jar:1.0.7-SNAPSHOT]
	at java.lang.Iterable.forEach(Iterable.java:75) ~[na:1.8.0_161]
	at org.evosuite.testcase.execution.TestRunnable.informObservers_after(TestRunnable.java:155) [evosuite.jar:1.0.7-SNAPSHOT]
	at org.evosuite.testcase.execution.TestRunnable.executeStatements(TestRunnable.java:351) [evosuite.jar:1.0.7-SNAPSHOT]
	at org.evosuite.testcase.execution.TestRunnable.call(TestRunnable.java:202) [evosuite.jar:1.0.7-SNAPSHOT]
	at org.evosuite.testcase.execution.TestRunnable.call(TestRunnable.java:55) [evosuite.jar:1.0.7-SNAPSHOT]
	at java.util.concurrent.FutureTask.run(FutureTask.java:266) [na:1.8.0_161]
	at java.util.concurrent.ThreadPoolExecutor.runWorker(ThreadPoolExecutor.java:1149) [na:1.8.0_161]
	at java.util.concurrent.ThreadPoolExecutor$Worker.run(ThreadPoolExecutor.java:624) [na:1.8.0_161]
	at java.lang.Thread.run(Thread.java:748) [na:1.8.0_161]
[MASTER] 15:10:08.237 [logback-2] ERROR TestRunnable - Suppressed/ignored exception during test case execution on class org.json.XML: java.lang.Integer cannot be cast to java.lang.Boolean
java.lang.ClassCastException: java.lang.Integer cannot be cast to java.lang.Boolean
	at org.evosuite.testcase.TestCodeVisitor.visitPrimitiveAssertion(TestCodeVisitor.java:528) ~[evosuite.jar:1.0.7-SNAPSHOT]
	at org.evosuite.testcase.TestCodeVisitor.visitAssertion(TestCodeVisitor.java:914) ~[evosuite.jar:1.0.7-SNAPSHOT]
	at org.evosuite.testcase.TestCodeVisitor.addAssertions(TestCodeVisitor.java:956) ~[evosuite.jar:1.0.7-SNAPSHOT]
	at org.evosuite.testcase.TestCodeVisitor.visitMethodStatement(TestCodeVisitor.java:1507) ~[evosuite.jar:1.0.7-SNAPSHOT]
	at org.evosuite.testcase.TestVisitor.visitStatement(TestVisitor.java:147) ~[evosuite.jar:1.0.7-SNAPSHOT]
	at org.evosuite.testcase.TestCodeVisitor.visitStatement(TestCodeVisitor.java:1858) ~[evosuite.jar:1.0.7-SNAPSHOT]
	at org.evosuite.testcase.statements.AbstractStatement.getCode(AbstractStatement.java:255) ~[evosuite.jar:1.0.7-SNAPSHOT]
	at org.evosuite.testcase.statements.AbstractStatement.getCode(AbstractStatement.java:247) ~[evosuite.jar:1.0.7-SNAPSHOT]
	at org.evosuite.assertion.PrimitiveTraceObserver.visit(PrimitiveTraceObserver.java:116) ~[evosuite.jar:1.0.7-SNAPSHOT]
	at org.evosuite.assertion.AssertionTraceObserver.visitReturnValue(AssertionTraceObserver.java:131) ~[evosuite.jar:1.0.7-SNAPSHOT]
	at org.evosuite.assertion.PrimitiveTraceObserver.afterStatement(PrimitiveTraceObserver.java:51) ~[evosuite.jar:1.0.7-SNAPSHOT]
	at org.evosuite.testcase.execution.TestRunnable.lambda$informObservers_after$1(TestRunnable.java:155) [evosuite.jar:1.0.7-SNAPSHOT]
	at java.lang.Iterable.forEach(Iterable.java:75) ~[na:1.8.0_161]
	at org.evosuite.testcase.execution.TestRunnable.informObservers_after(TestRunnable.java:155) [evosuite.jar:1.0.7-SNAPSHOT]
	at org.evosuite.testcase.execution.TestRunnable.executeStatements(TestRunnable.java:351) [evosuite.jar:1.0.7-SNAPSHOT]
	at org.evosuite.testcase.execution.TestRunnable.call(TestRunnable.java:202) [evosuite.jar:1.0.7-SNAPSHOT]
	at org.evosuite.testcase.execution.TestRunnable.call(TestRunnable.java:55) [evosuite.jar:1.0.7-SNAPSHOT]
	at java.util.concurrent.FutureTask.run(FutureTask.java:266) [na:1.8.0_161]
	at java.util.concurrent.ThreadPoolExecutor.runWorker(ThreadPoolExecutor.java:1149) [na:1.8.0_161]
	at java.util.concurrent.ThreadPoolExecutor$Worker.run(ThreadPoolExecutor.java:624) [na:1.8.0_161]
	at java.lang.Thread.run(Thread.java:748) [na:1.8.0_161]
[MASTER] 15:10:08.344 [logback-2] ERROR TestRunnable - Suppressed/ignored exception during test case execution on class org.json.XML: java.lang.Double cannot be cast to java.lang.Boolean
java.lang.ClassCastException: java.lang.Double cannot be cast to java.lang.Boolean
	at org.evosuite.testcase.TestCodeVisitor.visitPrimitiveAssertion(TestCodeVisitor.java:528) ~[evosuite.jar:1.0.7-SNAPSHOT]
	at org.evosuite.testcase.TestCodeVisitor.visitAssertion(TestCodeVisitor.java:914) ~[evosuite.jar:1.0.7-SNAPSHOT]
	at org.evosuite.testcase.TestCodeVisitor.addAssertions(TestCodeVisitor.java:956) ~[evosuite.jar:1.0.7-SNAPSHOT]
	at org.evosuite.testcase.TestCodeVisitor.visitMethodStatement(TestCodeVisitor.java:1507) ~[evosuite.jar:1.0.7-SNAPSHOT]
	at org.evosuite.testcase.TestVisitor.visitStatement(TestVisitor.java:147) ~[evosuite.jar:1.0.7-SNAPSHOT]
	at org.evosuite.testcase.TestCodeVisitor.visitStatement(TestCodeVisitor.java:1858) ~[evosuite.jar:1.0.7-SNAPSHOT]
	at org.evosuite.testcase.statements.AbstractStatement.getCode(AbstractStatement.java:255) ~[evosuite.jar:1.0.7-SNAPSHOT]
	at org.evosuite.testcase.statements.AbstractStatement.getCode(AbstractStatement.java:247) ~[evosuite.jar:1.0.7-SNAPSHOT]
	at org.evosuite.assertion.PrimitiveTraceObserver.visit(PrimitiveTraceObserver.java:116) ~[evosuite.jar:1.0.7-SNAPSHOT]
	at org.evosuite.assertion.AssertionTraceObserver.visitReturnValue(AssertionTraceObserver.java:131) ~[evosuite.jar:1.0.7-SNAPSHOT]
	at org.evosuite.assertion.PrimitiveTraceObserver.afterStatement(PrimitiveTraceObserver.java:51) ~[evosuite.jar:1.0.7-SNAPSHOT]
	at org.evosuite.testcase.execution.TestRunnable.lambda$informObservers_after$1(TestRunnable.java:155) [evosuite.jar:1.0.7-SNAPSHOT]
	at java.lang.Iterable.forEach(Iterable.java:75) ~[na:1.8.0_161]
	at org.evosuite.testcase.execution.TestRunnable.informObservers_after(TestRunnable.java:155) [evosuite.jar:1.0.7-SNAPSHOT]
	at org.evosuite.testcase.execution.TestRunnable.executeStatements(TestRunnable.java:351) [evosuite.jar:1.0.7-SNAPSHOT]
	at org.evosuite.testcase.execution.TestRunnable.call(TestRunnable.java:202) [evosuite.jar:1.0.7-SNAPSHOT]
	at org.evosuite.testcase.execution.TestRunnable.call(TestRunnable.java:55) [evosuite.jar:1.0.7-SNAPSHOT]
	at java.util.concurrent.FutureTask.run(FutureTask.java:266) [na:1.8.0_161]
	at java.util.concurrent.ThreadPoolExecutor.runWorker(ThreadPoolExecutor.java:1149) [na:1.8.0_161]
	at java.util.concurrent.ThreadPoolExecutor$Worker.run(ThreadPoolExecutor.java:624) [na:1.8.0_161]
	at java.lang.Thread.run(Thread.java:748) [na:1.8.0_161]
[MASTER] 15:10:08.356 [logback-2] ERROR TestRunnable - Suppressed/ignored exception during test case execution on class org.json.XML: java.lang.Double cannot be cast to java.lang.Boolean
java.lang.ClassCastException: java.lang.Double cannot be cast to java.lang.Boolean
	at org.evosuite.testcase.TestCodeVisitor.visitPrimitiveAssertion(TestCodeVisitor.java:528) ~[evosuite.jar:1.0.7-SNAPSHOT]
	at org.evosuite.testcase.TestCodeVisitor.visitAssertion(TestCodeVisitor.java:914) ~[evosuite.jar:1.0.7-SNAPSHOT]
	at org.evosuite.testcase.TestCodeVisitor.addAssertions(TestCodeVisitor.java:956) ~[evosuite.jar:1.0.7-SNAPSHOT]
	at org.evosuite.testcase.TestCodeVisitor.visitMethodStatement(TestCodeVisitor.java:1507) ~[evosuite.jar:1.0.7-SNAPSHOT]
	at org.evosuite.testcase.TestVisitor.visitStatement(TestVisitor.java:147) ~[evosuite.jar:1.0.7-SNAPSHOT]
	at org.evosuite.testcase.TestCodeVisitor.visitStatement(TestCodeVisitor.java:1858) ~[evosuite.jar:1.0.7-SNAPSHOT]
	at org.evosuite.testcase.statements.AbstractStatement.getCode(AbstractStatement.java:255) ~[evosuite.jar:1.0.7-SNAPSHOT]
	at org.evosuite.testcase.statements.AbstractStatement.getCode(AbstractStatement.java:247) ~[evosuite.jar:1.0.7-SNAPSHOT]
	at org.evosuite.assertion.PrimitiveTraceObserver.visit(PrimitiveTraceObserver.java:116) ~[evosuite.jar:1.0.7-SNAPSHOT]
	at org.evosuite.assertion.AssertionTraceObserver.visitReturnValue(AssertionTraceObserver.java:131) ~[evosuite.jar:1.0.7-SNAPSHOT]
	at org.evosuite.assertion.PrimitiveTraceObserver.afterStatement(PrimitiveTraceObserver.java:51) ~[evosuite.jar:1.0.7-SNAPSHOT]
	at org.evosuite.testcase.execution.TestRunnable.lambda$informObservers_after$1(TestRunnable.java:155) [evosuite.jar:1.0.7-SNAPSHOT]
	at java.lang.Iterable.forEach(Iterable.java:75) ~[na:1.8.0_161]
	at org.evosuite.testcase.execution.TestRunnable.informObservers_after(TestRunnable.java:155) [evosuite.jar:1.0.7-SNAPSHOT]
	at org.evosuite.testcase.execution.TestRunnable.executeStatements(TestRunnable.java:351) [evosuite.jar:1.0.7-SNAPSHOT]
	at org.evosuite.testcase.execution.TestRunnable.call(TestRunnable.java:202) [evosuite.jar:1.0.7-SNAPSHOT]
	at org.evosuite.testcase.execution.TestRunnable.call(TestRunnable.java:55) [evosuite.jar:1.0.7-SNAPSHOT]
	at java.util.concurrent.FutureTask.run(FutureTask.java:266) [na:1.8.0_161]
	at java.util.concurrent.ThreadPoolExecutor.runWorker(ThreadPoolExecutor.java:1149) [na:1.8.0_161]
	at java.util.concurrent.ThreadPoolExecutor$Worker.run(ThreadPoolExecutor.java:624) [na:1.8.0_161]
	at java.lang.Thread.run(Thread.java:748) [na:1.8.0_161]
[MASTER] 15:10:08.418 [logback-2] ERROR TestRunnable - Suppressed/ignored exception during test case execution on class org.json.XML: java.lang.String cannot be cast to java.lang.Boolean
java.lang.ClassCastException: java.lang.String cannot be cast to java.lang.Boolean
	at org.evosuite.testcase.TestCodeVisitor.visitPrimitiveAssertion(TestCodeVisitor.java:528) ~[evosuite.jar:1.0.7-SNAPSHOT]
	at org.evosuite.testcase.TestCodeVisitor.visitAssertion(TestCodeVisitor.java:914) ~[evosuite.jar:1.0.7-SNAPSHOT]
	at org.evosuite.testcase.TestCodeVisitor.addAssertions(TestCodeVisitor.java:956) ~[evosuite.jar:1.0.7-SNAPSHOT]
	at org.evosuite.testcase.TestCodeVisitor.visitMethodStatement(TestCodeVisitor.java:1507) ~[evosuite.jar:1.0.7-SNAPSHOT]
	at org.evosuite.testcase.TestVisitor.visitStatement(TestVisitor.java:147) ~[evosuite.jar:1.0.7-SNAPSHOT]
	at org.evosuite.testcase.TestCodeVisitor.visitStatement(TestCodeVisitor.java:1858) ~[evosuite.jar:1.0.7-SNAPSHOT]
	at org.evosuite.testcase.statements.AbstractStatement.getCode(AbstractStatement.java:255) ~[evosuite.jar:1.0.7-SNAPSHOT]
	at org.evosuite.testcase.statements.AbstractStatement.getCode(AbstractStatement.java:247) ~[evosuite.jar:1.0.7-SNAPSHOT]
	at org.evosuite.assertion.PrimitiveTraceObserver.visit(PrimitiveTraceObserver.java:116) ~[evosuite.jar:1.0.7-SNAPSHOT]
	at org.evosuite.assertion.AssertionTraceObserver.visitReturnValue(AssertionTraceObserver.java:131) ~[evosuite.jar:1.0.7-SNAPSHOT]
	at org.evosuite.assertion.PrimitiveTraceObserver.afterStatement(PrimitiveTraceObserver.java:51) ~[evosuite.jar:1.0.7-SNAPSHOT]
	at org.evosuite.testcase.execution.TestRunnable.lambda$informObservers_after$1(TestRunnable.java:155) [evosuite.jar:1.0.7-SNAPSHOT]
	at java.lang.Iterable.forEach(Iterable.java:75) ~[na:1.8.0_161]
	at org.evosuite.testcase.execution.TestRunnable.informObservers_after(TestRunnable.java:155) [evosuite.jar:1.0.7-SNAPSHOT]
	at org.evosuite.testcase.execution.TestRunnable.executeStatements(TestRunnable.java:351) [evosuite.jar:1.0.7-SNAPSHOT]
	at org.evosuite.testcase.execution.TestRunnable.call(TestRunnable.java:202) [evosuite.jar:1.0.7-SNAPSHOT]
	at org.evosuite.testcase.execution.TestRunnable.call(TestRunnable.java:55) [evosuite.jar:1.0.7-SNAPSHOT]
	at java.util.concurrent.FutureTask.run(FutureTask.java:266) [na:1.8.0_161]
	at java.util.concurrent.ThreadPoolExecutor.runWorker(ThreadPoolExecutor.java:1149) [na:1.8.0_161]
	at java.util.concurrent.ThreadPoolExecutor$Worker.run(ThreadPoolExecutor.java:624) [na:1.8.0_161]
	at java.lang.Thread.run(Thread.java:748) [na:1.8.0_161]
[MASTER] 15:10:08.453 [logback-2] ERROR TestRunnable - Suppressed/ignored exception during test case execution on class org.json.XML: java.lang.String cannot be cast to java.lang.Boolean
java.lang.ClassCastException: java.lang.String cannot be cast to java.lang.Boolean
	at org.evosuite.testcase.TestCodeVisitor.visitPrimitiveAssertion(TestCodeVisitor.java:528) ~[evosuite.jar:1.0.7-SNAPSHOT]
	at org.evosuite.testcase.TestCodeVisitor.visitAssertion(TestCodeVisitor.java:914) ~[evosuite.jar:1.0.7-SNAPSHOT]
	at org.evosuite.testcase.TestCodeVisitor.addAssertions(TestCodeVisitor.java:956) ~[evosuite.jar:1.0.7-SNAPSHOT]
	at org.evosuite.testcase.TestCodeVisitor.visitMethodStatement(TestCodeVisitor.java:1507) ~[evosuite.jar:1.0.7-SNAPSHOT]
	at org.evosuite.testcase.TestVisitor.visitStatement(TestVisitor.java:147) ~[evosuite.jar:1.0.7-SNAPSHOT]
	at org.evosuite.testcase.TestCodeVisitor.visitStatement(TestCodeVisitor.java:1858) ~[evosuite.jar:1.0.7-SNAPSHOT]
	at org.evosuite.testcase.statements.AbstractStatement.getCode(AbstractStatement.java:255) ~[evosuite.jar:1.0.7-SNAPSHOT]
	at org.evosuite.testcase.statements.AbstractStatement.getCode(AbstractStatement.java:247) ~[evosuite.jar:1.0.7-SNAPSHOT]
	at org.evosuite.assertion.PrimitiveTraceObserver.visit(PrimitiveTraceObserver.java:116) ~[evosuite.jar:1.0.7-SNAPSHOT]
	at org.evosuite.assertion.AssertionTraceObserver.visitReturnValue(AssertionTraceObserver.java:131) ~[evosuite.jar:1.0.7-SNAPSHOT]
	at org.evosuite.assertion.PrimitiveTraceObserver.afterStatement(PrimitiveTraceObserver.java:51) ~[evosuite.jar:1.0.7-SNAPSHOT]
	at org.evosuite.testcase.execution.TestRunnable.lambda$informObservers_after$1(TestRunnable.java:155) [evosuite.jar:1.0.7-SNAPSHOT]
	at java.lang.Iterable.forEach(Iterable.java:75) ~[na:1.8.0_161]
	at org.evosuite.testcase.execution.TestRunnable.informObservers_after(TestRunnable.java:155) [evosuite.jar:1.0.7-SNAPSHOT]
	at org.evosuite.testcase.execution.TestRunnable.executeStatements(TestRunnable.java:351) [evosuite.jar:1.0.7-SNAPSHOT]
	at org.evosuite.testcase.execution.TestRunnable.call(TestRunnable.java:202) [evosuite.jar:1.0.7-SNAPSHOT]
	at org.evosuite.testcase.execution.TestRunnable.call(TestRunnable.java:55) [evosuite.jar:1.0.7-SNAPSHOT]
	at java.util.concurrent.FutureTask.run(FutureTask.java:266) [na:1.8.0_161]
	at java.util.concurrent.ThreadPoolExecutor.runWorker(ThreadPoolExecutor.java:1149) [na:1.8.0_161]
	at java.util.concurrent.ThreadPoolExecutor$Worker.run(ThreadPoolExecutor.java:624) [na:1.8.0_161]
	at java.lang.Thread.run(Thread.java:748) [na:1.8.0_161]
[MASTER] 15:10:08.493 [logback-2] ERROR TestRunnable - Suppressed/ignored exception during test case execution on class org.json.XML: java.lang.String cannot be cast to java.lang.Boolean
java.lang.ClassCastException: java.lang.String cannot be cast to java.lang.Boolean
	at org.evosuite.testcase.TestCodeVisitor.visitPrimitiveAssertion(TestCodeVisitor.java:528) ~[evosuite.jar:1.0.7-SNAPSHOT]
	at org.evosuite.testcase.TestCodeVisitor.visitAssertion(TestCodeVisitor.java:914) ~[evosuite.jar:1.0.7-SNAPSHOT]
	at org.evosuite.testcase.TestCodeVisitor.addAssertions(TestCodeVisitor.java:956) ~[evosuite.jar:1.0.7-SNAPSHOT]
	at org.evosuite.testcase.TestCodeVisitor.visitMethodStatement(TestCodeVisitor.java:1507) ~[evosuite.jar:1.0.7-SNAPSHOT]
	at org.evosuite.testcase.TestVisitor.visitStatement(TestVisitor.java:147) ~[evosuite.jar:1.0.7-SNAPSHOT]
	at org.evosuite.testcase.TestCodeVisitor.visitStatement(TestCodeVisitor.java:1858) ~[evosuite.jar:1.0.7-SNAPSHOT]
	at org.evosuite.testcase.statements.AbstractStatement.getCode(AbstractStatement.java:255) ~[evosuite.jar:1.0.7-SNAPSHOT]
	at org.evosuite.testcase.statements.AbstractStatement.getCode(AbstractStatement.java:247) ~[evosuite.jar:1.0.7-SNAPSHOT]
	at org.evosuite.assertion.PrimitiveTraceObserver.visit(PrimitiveTraceObserver.java:116) ~[evosuite.jar:1.0.7-SNAPSHOT]
	at org.evosuite.assertion.AssertionTraceObserver.visitReturnValue(AssertionTraceObserver.java:131) ~[evosuite.jar:1.0.7-SNAPSHOT]
	at org.evosuite.assertion.PrimitiveTraceObserver.afterStatement(PrimitiveTraceObserver.java:51) ~[evosuite.jar:1.0.7-SNAPSHOT]
	at org.evosuite.testcase.execution.TestRunnable.lambda$informObservers_after$1(TestRunnable.java:155) [evosuite.jar:1.0.7-SNAPSHOT]
	at java.lang.Iterable.forEach(Iterable.java:75) ~[na:1.8.0_161]
	at org.evosuite.testcase.execution.TestRunnable.informObservers_after(TestRunnable.java:155) [evosuite.jar:1.0.7-SNAPSHOT]
	at org.evosuite.testcase.execution.TestRunnable.executeStatements(TestRunnable.java:351) [evosuite.jar:1.0.7-SNAPSHOT]
	at org.evosuite.testcase.execution.TestRunnable.call(TestRunnable.java:202) [evosuite.jar:1.0.7-SNAPSHOT]
	at org.evosuite.testcase.execution.TestRunnable.call(TestRunnable.java:55) [evosuite.jar:1.0.7-SNAPSHOT]
	at java.util.concurrent.FutureTask.run(FutureTask.java:266) [na:1.8.0_161]
	at java.util.concurrent.ThreadPoolExecutor.runWorker(ThreadPoolExecutor.java:1149) [na:1.8.0_161]
	at java.util.concurrent.ThreadPoolExecutor$Worker.run(ThreadPoolExecutor.java:624) [na:1.8.0_161]
	at java.lang.Thread.run(Thread.java:748) [na:1.8.0_161]
[MASTER] 15:10:08.506 [logback-2] ERROR TestRunnable - Suppressed/ignored exception during test case execution on class org.json.XML: java.lang.String cannot be cast to java.lang.Boolean
java.lang.ClassCastException: java.lang.String cannot be cast to java.lang.Boolean
	at org.evosuite.testcase.TestCodeVisitor.visitPrimitiveAssertion(TestCodeVisitor.java:528) ~[evosuite.jar:1.0.7-SNAPSHOT]
	at org.evosuite.testcase.TestCodeVisitor.visitAssertion(TestCodeVisitor.java:914) ~[evosuite.jar:1.0.7-SNAPSHOT]
	at org.evosuite.testcase.TestCodeVisitor.addAssertions(TestCodeVisitor.java:956) ~[evosuite.jar:1.0.7-SNAPSHOT]
	at org.evosuite.testcase.TestCodeVisitor.visitMethodStatement(TestCodeVisitor.java:1507) ~[evosuite.jar:1.0.7-SNAPSHOT]
	at org.evosuite.testcase.TestVisitor.visitStatement(TestVisitor.java:147) ~[evosuite.jar:1.0.7-SNAPSHOT]
	at org.evosuite.testcase.TestCodeVisitor.visitStatement(TestCodeVisitor.java:1858) ~[evosuite.jar:1.0.7-SNAPSHOT]
	at org.evosuite.testcase.statements.AbstractStatement.getCode(AbstractStatement.java:255) ~[evosuite.jar:1.0.7-SNAPSHOT]
	at org.evosuite.testcase.statements.AbstractStatement.getCode(AbstractStatement.java:247) ~[evosuite.jar:1.0.7-SNAPSHOT]
	at org.evosuite.assertion.PrimitiveTraceObserver.visit(PrimitiveTraceObserver.java:116) ~[evosuite.jar:1.0.7-SNAPSHOT]
	at org.evosuite.assertion.AssertionTraceObserver.visitReturnValue(AssertionTraceObserver.java:131) ~[evosuite.jar:1.0.7-SNAPSHOT]
	at org.evosuite.assertion.PrimitiveTraceObserver.afterStatement(PrimitiveTraceObserver.java:51) ~[evosuite.jar:1.0.7-SNAPSHOT]
	at org.evosuite.testcase.execution.TestRunnable.lambda$informObservers_after$1(TestRunnable.java:155) [evosuite.jar:1.0.7-SNAPSHOT]
	at java.lang.Iterable.forEach(Iterable.java:75) ~[na:1.8.0_161]
	at org.evosuite.testcase.execution.TestRunnable.informObservers_after(TestRunnable.java:155) [evosuite.jar:1.0.7-SNAPSHOT]
	at org.evosuite.testcase.execution.TestRunnable.executeStatements(TestRunnable.java:351) [evosuite.jar:1.0.7-SNAPSHOT]
	at org.evosuite.testcase.execution.TestRunnable.call(TestRunnable.java:202) [evosuite.jar:1.0.7-SNAPSHOT]
	at org.evosuite.testcase.execution.TestRunnable.call(TestRunnable.java:55) [evosuite.jar:1.0.7-SNAPSHOT]
	at java.util.concurrent.FutureTask.run(FutureTask.java:266) [na:1.8.0_161]
	at java.util.concurrent.ThreadPoolExecutor.runWorker(ThreadPoolExecutor.java:1149) [na:1.8.0_161]
	at java.util.concurrent.ThreadPoolExecutor$Worker.run(ThreadPoolExecutor.java:624) [na:1.8.0_161]
	at java.lang.Thread.run(Thread.java:748) [na:1.8.0_161]
[MASTER] 15:10:08.533 [logback-2] ERROR TestRunnable - Suppressed/ignored exception during test case execution on class org.json.XML: java.lang.String cannot be cast to java.lang.Boolean
java.lang.ClassCastException: java.lang.String cannot be cast to java.lang.Boolean
	at org.evosuite.testcase.TestCodeVisitor.visitPrimitiveAssertion(TestCodeVisitor.java:528) ~[evosuite.jar:1.0.7-SNAPSHOT]
	at org.evosuite.testcase.TestCodeVisitor.visitAssertion(TestCodeVisitor.java:914) ~[evosuite.jar:1.0.7-SNAPSHOT]
	at org.evosuite.testcase.TestCodeVisitor.addAssertions(TestCodeVisitor.java:956) ~[evosuite.jar:1.0.7-SNAPSHOT]
	at org.evosuite.testcase.TestCodeVisitor.visitMethodStatement(TestCodeVisitor.java:1507) ~[evosuite.jar:1.0.7-SNAPSHOT]
	at org.evosuite.testcase.TestVisitor.visitStatement(TestVisitor.java:147) ~[evosuite.jar:1.0.7-SNAPSHOT]
	at org.evosuite.testcase.TestCodeVisitor.visitStatement(TestCodeVisitor.java:1858) ~[evosuite.jar:1.0.7-SNAPSHOT]
	at org.evosuite.testcase.statements.AbstractStatement.getCode(AbstractStatement.java:255) ~[evosuite.jar:1.0.7-SNAPSHOT]
	at org.evosuite.testcase.statements.AbstractStatement.getCode(AbstractStatement.java:247) ~[evosuite.jar:1.0.7-SNAPSHOT]
	at org.evosuite.assertion.PrimitiveTraceObserver.visit(PrimitiveTraceObserver.java:116) ~[evosuite.jar:1.0.7-SNAPSHOT]
	at org.evosuite.assertion.AssertionTraceObserver.visitReturnValue(AssertionTraceObserver.java:131) ~[evosuite.jar:1.0.7-SNAPSHOT]
	at org.evosuite.assertion.PrimitiveTraceObserver.afterStatement(PrimitiveTraceObserver.java:51) ~[evosuite.jar:1.0.7-SNAPSHOT]
	at org.evosuite.testcase.execution.TestRunnable.lambda$informObservers_after$1(TestRunnable.java:155) [evosuite.jar:1.0.7-SNAPSHOT]
	at java.lang.Iterable.forEach(Iterable.java:75) ~[na:1.8.0_161]
	at org.evosuite.testcase.execution.TestRunnable.informObservers_after(TestRunnable.java:155) [evosuite.jar:1.0.7-SNAPSHOT]
	at org.evosuite.testcase.execution.TestRunnable.executeStatements(TestRunnable.java:351) [evosuite.jar:1.0.7-SNAPSHOT]
	at org.evosuite.testcase.execution.TestRunnable.call(TestRunnable.java:202) [evosuite.jar:1.0.7-SNAPSHOT]
	at org.evosuite.testcase.execution.TestRunnable.call(TestRunnable.java:55) [evosuite.jar:1.0.7-SNAPSHOT]
	at java.util.concurrent.FutureTask.run(FutureTask.java:266) [na:1.8.0_161]
	at java.util.concurrent.ThreadPoolExecutor.runWorker(ThreadPoolExecutor.java:1149) [na:1.8.0_161]
	at java.util.concurrent.ThreadPoolExecutor$Worker.run(ThreadPoolExecutor.java:624) [na:1.8.0_161]
	at java.lang.Thread.run(Thread.java:748) [na:1.8.0_161]
* Resulting test suite's mutation score: 47%
* Compiling and checking tests
* Writing tests to file
* Writing JUnit test case 'JSONTokener_ESTest' to /home/apaniche/mitchell/generation-scripts/evosuite_vanilla/tests/s5/json/evosuite-tests
* Done!

* Computation finished
[MASTER] 15:10:38.400 [logback-2] ERROR TestRunnable - Suppressed/ignored exception during test case execution on class org.json.XML: java.lang.String cannot be cast to java.lang.Boolean
java.lang.ClassCastException: java.lang.String cannot be cast to java.lang.Boolean
	at org.evosuite.testcase.TestCodeVisitor.visitPrimitiveAssertion(TestCodeVisitor.java:528) ~[evosuite.jar:1.0.7-SNAPSHOT]
	at org.evosuite.testcase.TestCodeVisitor.visitAssertion(TestCodeVisitor.java:914) ~[evosuite.jar:1.0.7-SNAPSHOT]
	at org.evosuite.testcase.TestCodeVisitor.addAssertions(TestCodeVisitor.java:956) ~[evosuite.jar:1.0.7-SNAPSHOT]
	at org.evosuite.testcase.TestCodeVisitor.visitMethodStatement(TestCodeVisitor.java:1507) ~[evosuite.jar:1.0.7-SNAPSHOT]
	at org.evosuite.testcase.TestVisitor.visitStatement(TestVisitor.java:147) ~[evosuite.jar:1.0.7-SNAPSHOT]
	at org.evosuite.testcase.TestCodeVisitor.visitStatement(TestCodeVisitor.java:1858) ~[evosuite.jar:1.0.7-SNAPSHOT]
	at org.evosuite.testcase.statements.AbstractStatement.getCode(AbstractStatement.java:255) ~[evosuite.jar:1.0.7-SNAPSHOT]
	at org.evosuite.testcase.statements.AbstractStatement.getCode(AbstractStatement.java:247) ~[evosuite.jar:1.0.7-SNAPSHOT]
	at org.evosuite.assertion.PrimitiveTraceObserver.visit(PrimitiveTraceObserver.java:116) ~[evosuite.jar:1.0.7-SNAPSHOT]
	at org.evosuite.assertion.AssertionTraceObserver.visitReturnValue(AssertionTraceObserver.java:131) ~[evosuite.jar:1.0.7-SNAPSHOT]
	at org.evosuite.assertion.PrimitiveTraceObserver.afterStatement(PrimitiveTraceObserver.java:51) ~[evosuite.jar:1.0.7-SNAPSHOT]
	at org.evosuite.testcase.execution.TestRunnable.lambda$informObservers_after$1(TestRunnable.java:155) [evosuite.jar:1.0.7-SNAPSHOT]
	at java.lang.Iterable.forEach(Iterable.java:75) ~[na:1.8.0_161]
	at org.evosuite.testcase.execution.TestRunnable.informObservers_after(TestRunnable.java:155) [evosuite.jar:1.0.7-SNAPSHOT]
	at org.evosuite.testcase.execution.TestRunnable.executeStatements(TestRunnable.java:351) [evosuite.jar:1.0.7-SNAPSHOT]
	at org.evosuite.testcase.execution.TestRunnable.call(TestRunnable.java:202) [evosuite.jar:1.0.7-SNAPSHOT]
	at org.evosuite.testcase.execution.TestRunnable.call(TestRunnable.java:55) [evosuite.jar:1.0.7-SNAPSHOT]
	at java.util.concurrent.FutureTask.run(FutureTask.java:266) [na:1.8.0_161]
	at java.util.concurrent.ThreadPoolExecutor.runWorker(ThreadPoolExecutor.java:1149) [na:1.8.0_161]
	at java.util.concurrent.ThreadPoolExecutor$Worker.run(ThreadPoolExecutor.java:624) [na:1.8.0_161]
	at java.lang.Thread.run(Thread.java:748) [na:1.8.0_161]
[MASTER] 15:11:07.025 [logback-2] ERROR TestRunnable - Suppressed/ignored exception during test case execution on class org.json.XML: java.lang.String cannot be cast to java.lang.Boolean
java.lang.ClassCastException: java.lang.String cannot be cast to java.lang.Boolean
	at org.evosuite.testcase.TestCodeVisitor.visitPrimitiveAssertion(TestCodeVisitor.java:528) ~[evosuite.jar:1.0.7-SNAPSHOT]
	at org.evosuite.testcase.TestCodeVisitor.visitAssertion(TestCodeVisitor.java:914) ~[evosuite.jar:1.0.7-SNAPSHOT]
	at org.evosuite.testcase.TestCodeVisitor.addAssertions(TestCodeVisitor.java:956) ~[evosuite.jar:1.0.7-SNAPSHOT]
	at org.evosuite.testcase.TestCodeVisitor.visitMethodStatement(TestCodeVisitor.java:1507) ~[evosuite.jar:1.0.7-SNAPSHOT]
	at org.evosuite.testcase.TestVisitor.visitStatement(TestVisitor.java:147) ~[evosuite.jar:1.0.7-SNAPSHOT]
	at org.evosuite.testcase.TestCodeVisitor.visitStatement(TestCodeVisitor.java:1858) ~[evosuite.jar:1.0.7-SNAPSHOT]
	at org.evosuite.testcase.statements.AbstractStatement.getCode(AbstractStatement.java:255) ~[evosuite.jar:1.0.7-SNAPSHOT]
	at org.evosuite.testcase.statements.AbstractStatement.getCode(AbstractStatement.java:247) ~[evosuite.jar:1.0.7-SNAPSHOT]
	at org.evosuite.assertion.PrimitiveTraceObserver.visit(PrimitiveTraceObserver.java:116) ~[evosuite.jar:1.0.7-SNAPSHOT]
	at org.evosuite.assertion.AssertionTraceObserver.visitReturnValue(AssertionTraceObserver.java:131) ~[evosuite.jar:1.0.7-SNAPSHOT]
	at org.evosuite.assertion.PrimitiveTraceObserver.afterStatement(PrimitiveTraceObserver.java:51) ~[evosuite.jar:1.0.7-SNAPSHOT]
	at org.evosuite.testcase.execution.TestRunnable.lambda$informObservers_after$1(TestRunnable.java:155) [evosuite.jar:1.0.7-SNAPSHOT]
	at java.lang.Iterable.forEach(Iterable.java:75) ~[na:1.8.0_161]
	at org.evosuite.testcase.execution.TestRunnable.informObservers_after(TestRunnable.java:155) [evosuite.jar:1.0.7-SNAPSHOT]
	at org.evosuite.testcase.execution.TestRunnable.executeStatements(TestRunnable.java:351) [evosuite.jar:1.0.7-SNAPSHOT]
	at org.evosuite.testcase.execution.TestRunnable.call(TestRunnable.java:202) [evosuite.jar:1.0.7-SNAPSHOT]
	at org.evosuite.testcase.execution.TestRunnable.call(TestRunnable.java:55) [evosuite.jar:1.0.7-SNAPSHOT]
	at java.util.concurrent.FutureTask.run(FutureTask.java:266) [na:1.8.0_161]
	at java.util.concurrent.ThreadPoolExecutor.runWorker(ThreadPoolExecutor.java:1149) [na:1.8.0_161]
	at java.util.concurrent.ThreadPoolExecutor$Worker.run(ThreadPoolExecutor.java:624) [na:1.8.0_161]
	at java.lang.Thread.run(Thread.java:748) [na:1.8.0_161]
[MASTER] 15:11:07.056 [logback-2] ERROR TestRunnable - Suppressed/ignored exception during test case execution on class org.json.XML: java.lang.String cannot be cast to java.lang.Boolean
java.lang.ClassCastException: java.lang.String cannot be cast to java.lang.Boolean
	at org.evosuite.testcase.TestCodeVisitor.visitPrimitiveAssertion(TestCodeVisitor.java:528) ~[evosuite.jar:1.0.7-SNAPSHOT]
	at org.evosuite.testcase.TestCodeVisitor.visitAssertion(TestCodeVisitor.java:914) ~[evosuite.jar:1.0.7-SNAPSHOT]
	at org.evosuite.testcase.TestCodeVisitor.addAssertions(TestCodeVisitor.java:956) ~[evosuite.jar:1.0.7-SNAPSHOT]
	at org.evosuite.testcase.TestCodeVisitor.visitMethodStatement(TestCodeVisitor.java:1507) ~[evosuite.jar:1.0.7-SNAPSHOT]
	at org.evosuite.testcase.TestVisitor.visitStatement(TestVisitor.java:147) ~[evosuite.jar:1.0.7-SNAPSHOT]
	at org.evosuite.testcase.TestCodeVisitor.visitStatement(TestCodeVisitor.java:1858) ~[evosuite.jar:1.0.7-SNAPSHOT]
	at org.evosuite.testcase.statements.AbstractStatement.getCode(AbstractStatement.java:255) ~[evosuite.jar:1.0.7-SNAPSHOT]
	at org.evosuite.testcase.statements.AbstractStatement.getCode(AbstractStatement.java:247) ~[evosuite.jar:1.0.7-SNAPSHOT]
	at org.evosuite.assertion.PrimitiveTraceObserver.visit(PrimitiveTraceObserver.java:116) ~[evosuite.jar:1.0.7-SNAPSHOT]
	at org.evosuite.assertion.AssertionTraceObserver.visitReturnValue(AssertionTraceObserver.java:131) ~[evosuite.jar:1.0.7-SNAPSHOT]
	at org.evosuite.assertion.PrimitiveTraceObserver.afterStatement(PrimitiveTraceObserver.java:51) ~[evosuite.jar:1.0.7-SNAPSHOT]
	at org.evosuite.testcase.execution.TestRunnable.lambda$informObservers_after$1(TestRunnable.java:155) [evosuite.jar:1.0.7-SNAPSHOT]
	at java.lang.Iterable.forEach(Iterable.java:75) ~[na:1.8.0_161]
	at org.evosuite.testcase.execution.TestRunnable.informObservers_after(TestRunnable.java:155) [evosuite.jar:1.0.7-SNAPSHOT]
	at org.evosuite.testcase.execution.TestRunnable.executeStatements(TestRunnable.java:351) [evosuite.jar:1.0.7-SNAPSHOT]
	at org.evosuite.testcase.execution.TestRunnable.call(TestRunnable.java:202) [evosuite.jar:1.0.7-SNAPSHOT]
	at org.evosuite.testcase.execution.TestRunnable.call(TestRunnable.java:55) [evosuite.jar:1.0.7-SNAPSHOT]
	at java.util.concurrent.FutureTask.run(FutureTask.java:266) [na:1.8.0_161]
	at java.util.concurrent.ThreadPoolExecutor.runWorker(ThreadPoolExecutor.java:1149) [na:1.8.0_161]
	at java.util.concurrent.ThreadPoolExecutor$Worker.run(ThreadPoolExecutor.java:624) [na:1.8.0_161]
	at java.lang.Thread.run(Thread.java:748) [na:1.8.0_161]
* Resulting test suite's mutation score: 42%
* Compiling and checking tests
* Writing tests to file
* Writing JUnit test case 'XML_ESTest' to /home/apaniche/mitchell/generation-scripts/evosuite_vanilla/tests/s5/json/evosuite-tests
* Done!

* Computation finished
