* EvoSuite 1.0.7-SNAPSHOT
* Configuration: EvoSuite_vanilla
* Going to generate test cases for class: org.json.XML
* Starting Client-0
* Connecting to master process on port 2765
* Analyzing classpath: 
  - /home/apaniche/mitchell/generation-scripts/projects/json/json-20180813.jar
* Finished analyzing classpath
* Generating tests for class org.json.XML
* Test criteria:
  - Line Coverage
  - Branch Coverage
  - Exception
  - Mutation testing (weak)
  - Method-Output Coverage
  - Top-Level Method Coverage
  - No-Exception Top-Level Method Coverage
  - Context Branch Coverage
* Total number of test goals for DYNAMOSA: 1218
* Using seed 4
* Starting evolution
* Initial Number of Goals in DynaMOSA = 151 / 1218
* Search finished after 62s and 89 generations, 26842 statements, best individual has fitness: 330.0
* Minimizing test suite
* Going to analyze the coverage criteria
* Coverage analysis for criterion LINE
* Coverage of criterion LINE: 77%
* Total number of goals: 234
* Number of covered goals: 181
* Coverage analysis for criterion BRANCH
* Coverage of criterion BRANCH: 73%
* Total number of goals: 213
* Number of covered goals: 155
* Coverage analysis for criterion EXCEPTION
* Coverage of criterion EXCEPTION: 100%
* Total number of goals: 16
* Number of covered goals: 16
* Coverage analysis for criterion WEAKMUTATION
* Coverage of criterion WEAKMUTATION: 74%
* Total number of goals: 498
* Number of covered goals: 367
* Coverage analysis for criterion OUTPUT
* Coverage of criterion OUTPUT: 66%
* Total number of goals: 38
* Number of covered goals: 25
* Coverage analysis for criterion METHOD
* Coverage of criterion METHOD: 100%
* Total number of goals: 11
* Number of covered goals: 11
* Coverage analysis for criterion METHODNOEXCEPTION
* Coverage of criterion METHODNOEXCEPTION: 100%
* Total number of goals: 11
* Number of covered goals: 11
* Coverage analysis for criterion CBRANCH
* Coverage of criterion CBRANCH: 72%
* Total number of goals: 213
* Number of covered goals: 154
* Generated 60 tests with total length 79
* Resulting test suite's coverage: 77% (average coverage for all fitness functions)
* Generating assertions
[MASTER] 14:46:13.662 [logback-2] ERROR TestRunnable - Suppressed/ignored exception during test case execution on class org.json.XML: java.lang.Double cannot be cast to java.lang.Boolean
java.lang.ClassCastException: java.lang.Double cannot be cast to java.lang.Boolean
	at org.evosuite.testcase.TestCodeVisitor.visitPrimitiveAssertion(TestCodeVisitor.java:528) ~[evosuite.jar:1.0.7-SNAPSHOT]
	at org.evosuite.testcase.TestCodeVisitor.visitAssertion(TestCodeVisitor.java:914) ~[evosuite.jar:1.0.7-SNAPSHOT]
	at org.evosuite.testcase.TestCodeVisitor.addAssertions(TestCodeVisitor.java:956) ~[evosuite.jar:1.0.7-SNAPSHOT]
	at org.evosuite.testcase.TestCodeVisitor.visitMethodStatement(TestCodeVisitor.java:1507) ~[evosuite.jar:1.0.7-SNAPSHOT]
	at org.evosuite.testcase.TestVisitor.visitStatement(TestVisitor.java:147) ~[evosuite.jar:1.0.7-SNAPSHOT]
	at org.evosuite.testcase.TestCodeVisitor.visitStatement(TestCodeVisitor.java:1858) ~[evosuite.jar:1.0.7-SNAPSHOT]
	at org.evosuite.testcase.statements.AbstractStatement.getCode(AbstractStatement.java:255) ~[evosuite.jar:1.0.7-SNAPSHOT]
	at org.evosuite.testcase.statements.AbstractStatement.getCode(AbstractStatement.java:247) ~[evosuite.jar:1.0.7-SNAPSHOT]
	at org.evosuite.assertion.PrimitiveTraceObserver.visit(PrimitiveTraceObserver.java:116) ~[evosuite.jar:1.0.7-SNAPSHOT]
	at org.evosuite.assertion.AssertionTraceObserver.visitReturnValue(AssertionTraceObserver.java:131) ~[evosuite.jar:1.0.7-SNAPSHOT]
	at org.evosuite.assertion.PrimitiveTraceObserver.afterStatement(PrimitiveTraceObserver.java:51) ~[evosuite.jar:1.0.7-SNAPSHOT]
	at org.evosuite.testcase.execution.TestRunnable.lambda$informObservers_after$1(TestRunnable.java:155) [evosuite.jar:1.0.7-SNAPSHOT]
	at java.lang.Iterable.forEach(Iterable.java:75) ~[na:1.8.0_161]
	at org.evosuite.testcase.execution.TestRunnable.informObservers_after(TestRunnable.java:155) [evosuite.jar:1.0.7-SNAPSHOT]
	at org.evosuite.testcase.execution.TestRunnable.executeStatements(TestRunnable.java:351) [evosuite.jar:1.0.7-SNAPSHOT]
	at org.evosuite.testcase.execution.TestRunnable.call(TestRunnable.java:202) [evosuite.jar:1.0.7-SNAPSHOT]
	at org.evosuite.testcase.execution.TestRunnable.call(TestRunnable.java:55) [evosuite.jar:1.0.7-SNAPSHOT]
	at java.util.concurrent.FutureTask.run(FutureTask.java:266) [na:1.8.0_161]
	at java.util.concurrent.ThreadPoolExecutor.runWorker(ThreadPoolExecutor.java:1149) [na:1.8.0_161]
	at java.util.concurrent.ThreadPoolExecutor$Worker.run(ThreadPoolExecutor.java:624) [na:1.8.0_161]
	at java.lang.Thread.run(Thread.java:748) [na:1.8.0_161]
[MASTER] 14:46:13.685 [logback-2] ERROR TestRunnable - Suppressed/ignored exception during test case execution on class org.json.XML: java.lang.Double cannot be cast to java.lang.Boolean
java.lang.ClassCastException: java.lang.Double cannot be cast to java.lang.Boolean
	at org.evosuite.testcase.TestCodeVisitor.visitPrimitiveAssertion(TestCodeVisitor.java:528) ~[evosuite.jar:1.0.7-SNAPSHOT]
	at org.evosuite.testcase.TestCodeVisitor.visitAssertion(TestCodeVisitor.java:914) ~[evosuite.jar:1.0.7-SNAPSHOT]
	at org.evosuite.testcase.TestCodeVisitor.addAssertions(TestCodeVisitor.java:956) ~[evosuite.jar:1.0.7-SNAPSHOT]
	at org.evosuite.testcase.TestCodeVisitor.visitMethodStatement(TestCodeVisitor.java:1507) ~[evosuite.jar:1.0.7-SNAPSHOT]
	at org.evosuite.testcase.TestVisitor.visitStatement(TestVisitor.java:147) ~[evosuite.jar:1.0.7-SNAPSHOT]
	at org.evosuite.testcase.TestCodeVisitor.visitStatement(TestCodeVisitor.java:1858) ~[evosuite.jar:1.0.7-SNAPSHOT]
	at org.evosuite.testcase.statements.AbstractStatement.getCode(AbstractStatement.java:255) ~[evosuite.jar:1.0.7-SNAPSHOT]
	at org.evosuite.testcase.statements.AbstractStatement.getCode(AbstractStatement.java:247) ~[evosuite.jar:1.0.7-SNAPSHOT]
	at org.evosuite.assertion.PrimitiveTraceObserver.visit(PrimitiveTraceObserver.java:116) ~[evosuite.jar:1.0.7-SNAPSHOT]
	at org.evosuite.assertion.AssertionTraceObserver.visitReturnValue(AssertionTraceObserver.java:131) ~[evosuite.jar:1.0.7-SNAPSHOT]
	at org.evosuite.assertion.PrimitiveTraceObserver.afterStatement(PrimitiveTraceObserver.java:51) ~[evosuite.jar:1.0.7-SNAPSHOT]
	at org.evosuite.testcase.execution.TestRunnable.lambda$informObservers_after$1(TestRunnable.java:155) [evosuite.jar:1.0.7-SNAPSHOT]
	at java.lang.Iterable.forEach(Iterable.java:75) ~[na:1.8.0_161]
	at org.evosuite.testcase.execution.TestRunnable.informObservers_after(TestRunnable.java:155) [evosuite.jar:1.0.7-SNAPSHOT]
	at org.evosuite.testcase.execution.TestRunnable.executeStatements(TestRunnable.java:351) [evosuite.jar:1.0.7-SNAPSHOT]
	at org.evosuite.testcase.execution.TestRunnable.call(TestRunnable.java:202) [evosuite.jar:1.0.7-SNAPSHOT]
	at org.evosuite.testcase.execution.TestRunnable.call(TestRunnable.java:55) [evosuite.jar:1.0.7-SNAPSHOT]
	at java.util.concurrent.FutureTask.run(FutureTask.java:266) [na:1.8.0_161]
	at java.util.concurrent.ThreadPoolExecutor.runWorker(ThreadPoolExecutor.java:1149) [na:1.8.0_161]
	at java.util.concurrent.ThreadPoolExecutor$Worker.run(ThreadPoolExecutor.java:624) [na:1.8.0_161]
	at java.lang.Thread.run(Thread.java:748) [na:1.8.0_161]
[MASTER] 14:46:13.698 [logback-2] ERROR TestRunnable - Suppressed/ignored exception during test case execution on class org.json.XML: java.lang.String cannot be cast to java.lang.Boolean
java.lang.ClassCastException: java.lang.String cannot be cast to java.lang.Boolean
	at org.evosuite.testcase.TestCodeVisitor.visitPrimitiveAssertion(TestCodeVisitor.java:528) ~[evosuite.jar:1.0.7-SNAPSHOT]
	at org.evosuite.testcase.TestCodeVisitor.visitAssertion(TestCodeVisitor.java:914) ~[evosuite.jar:1.0.7-SNAPSHOT]
	at org.evosuite.testcase.TestCodeVisitor.addAssertions(TestCodeVisitor.java:956) ~[evosuite.jar:1.0.7-SNAPSHOT]
	at org.evosuite.testcase.TestCodeVisitor.visitMethodStatement(TestCodeVisitor.java:1507) ~[evosuite.jar:1.0.7-SNAPSHOT]
	at org.evosuite.testcase.TestVisitor.visitStatement(TestVisitor.java:147) ~[evosuite.jar:1.0.7-SNAPSHOT]
	at org.evosuite.testcase.TestCodeVisitor.visitStatement(TestCodeVisitor.java:1858) ~[evosuite.jar:1.0.7-SNAPSHOT]
	at org.evosuite.testcase.statements.AbstractStatement.getCode(AbstractStatement.java:255) ~[evosuite.jar:1.0.7-SNAPSHOT]
	at org.evosuite.testcase.statements.AbstractStatement.getCode(AbstractStatement.java:247) ~[evosuite.jar:1.0.7-SNAPSHOT]
	at org.evosuite.assertion.PrimitiveTraceObserver.visit(PrimitiveTraceObserver.java:116) ~[evosuite.jar:1.0.7-SNAPSHOT]
	at org.evosuite.assertion.AssertionTraceObserver.visitReturnValue(AssertionTraceObserver.java:131) ~[evosuite.jar:1.0.7-SNAPSHOT]
	at org.evosuite.assertion.PrimitiveTraceObserver.afterStatement(PrimitiveTraceObserver.java:51) ~[evosuite.jar:1.0.7-SNAPSHOT]
	at org.evosuite.testcase.execution.TestRunnable.lambda$informObservers_after$1(TestRunnable.java:155) [evosuite.jar:1.0.7-SNAPSHOT]
	at java.lang.Iterable.forEach(Iterable.java:75) ~[na:1.8.0_161]
	at org.evosuite.testcase.execution.TestRunnable.informObservers_after(TestRunnable.java:155) [evosuite.jar:1.0.7-SNAPSHOT]
	at org.evosuite.testcase.execution.TestRunnable.executeStatements(TestRunnable.java:351) [evosuite.jar:1.0.7-SNAPSHOT]
	at org.evosuite.testcase.execution.TestRunnable.call(TestRunnable.java:202) [evosuite.jar:1.0.7-SNAPSHOT]
	at org.evosuite.testcase.execution.TestRunnable.call(TestRunnable.java:55) [evosuite.jar:1.0.7-SNAPSHOT]
	at java.util.concurrent.FutureTask.run(FutureTask.java:266) [na:1.8.0_161]
	at java.util.concurrent.ThreadPoolExecutor.runWorker(ThreadPoolExecutor.java:1149) [na:1.8.0_161]
	at java.util.concurrent.ThreadPoolExecutor$Worker.run(ThreadPoolExecutor.java:624) [na:1.8.0_161]
	at java.lang.Thread.run(Thread.java:748) [na:1.8.0_161]
[MASTER] 14:46:13.750 [logback-2] ERROR TestRunnable - Suppressed/ignored exception during test case execution on class org.json.XML: java.lang.String cannot be cast to java.lang.Boolean
java.lang.ClassCastException: java.lang.String cannot be cast to java.lang.Boolean
	at org.evosuite.testcase.TestCodeVisitor.visitPrimitiveAssertion(TestCodeVisitor.java:528) ~[evosuite.jar:1.0.7-SNAPSHOT]
	at org.evosuite.testcase.TestCodeVisitor.visitAssertion(TestCodeVisitor.java:914) ~[evosuite.jar:1.0.7-SNAPSHOT]
	at org.evosuite.testcase.TestCodeVisitor.addAssertions(TestCodeVisitor.java:956) ~[evosuite.jar:1.0.7-SNAPSHOT]
	at org.evosuite.testcase.TestCodeVisitor.visitMethodStatement(TestCodeVisitor.java:1507) ~[evosuite.jar:1.0.7-SNAPSHOT]
	at org.evosuite.testcase.TestVisitor.visitStatement(TestVisitor.java:147) ~[evosuite.jar:1.0.7-SNAPSHOT]
	at org.evosuite.testcase.TestCodeVisitor.visitStatement(TestCodeVisitor.java:1858) ~[evosuite.jar:1.0.7-SNAPSHOT]
	at org.evosuite.testcase.statements.AbstractStatement.getCode(AbstractStatement.java:255) ~[evosuite.jar:1.0.7-SNAPSHOT]
	at org.evosuite.testcase.statements.AbstractStatement.getCode(AbstractStatement.java:247) ~[evosuite.jar:1.0.7-SNAPSHOT]
	at org.evosuite.assertion.PrimitiveTraceObserver.visit(PrimitiveTraceObserver.java:116) ~[evosuite.jar:1.0.7-SNAPSHOT]
	at org.evosuite.assertion.AssertionTraceObserver.visitReturnValue(AssertionTraceObserver.java:131) ~[evosuite.jar:1.0.7-SNAPSHOT]
	at org.evosuite.assertion.PrimitiveTraceObserver.afterStatement(PrimitiveTraceObserver.java:51) ~[evosuite.jar:1.0.7-SNAPSHOT]
	at org.evosuite.testcase.execution.TestRunnable.lambda$informObservers_after$1(TestRunnable.java:155) [evosuite.jar:1.0.7-SNAPSHOT]
	at java.lang.Iterable.forEach(Iterable.java:75) ~[na:1.8.0_161]
	at org.evosuite.testcase.execution.TestRunnable.informObservers_after(TestRunnable.java:155) [evosuite.jar:1.0.7-SNAPSHOT]
	at org.evosuite.testcase.execution.TestRunnable.executeStatements(TestRunnable.java:351) [evosuite.jar:1.0.7-SNAPSHOT]
	at org.evosuite.testcase.execution.TestRunnable.call(TestRunnable.java:202) [evosuite.jar:1.0.7-SNAPSHOT]
	at org.evosuite.testcase.execution.TestRunnable.call(TestRunnable.java:55) [evosuite.jar:1.0.7-SNAPSHOT]
	at java.util.concurrent.FutureTask.run(FutureTask.java:266) [na:1.8.0_161]
	at java.util.concurrent.ThreadPoolExecutor.runWorker(ThreadPoolExecutor.java:1149) [na:1.8.0_161]
	at java.util.concurrent.ThreadPoolExecutor$Worker.run(ThreadPoolExecutor.java:624) [na:1.8.0_161]
	at java.lang.Thread.run(Thread.java:748) [na:1.8.0_161]
[MASTER] 14:46:13.814 [logback-2] ERROR TestRunnable - Suppressed/ignored exception during test case execution on class org.json.XML: java.lang.String cannot be cast to java.lang.Boolean
java.lang.ClassCastException: java.lang.String cannot be cast to java.lang.Boolean
	at org.evosuite.testcase.TestCodeVisitor.visitPrimitiveAssertion(TestCodeVisitor.java:528) ~[evosuite.jar:1.0.7-SNAPSHOT]
	at org.evosuite.testcase.TestCodeVisitor.visitAssertion(TestCodeVisitor.java:914) ~[evosuite.jar:1.0.7-SNAPSHOT]
	at org.evosuite.testcase.TestCodeVisitor.addAssertions(TestCodeVisitor.java:956) ~[evosuite.jar:1.0.7-SNAPSHOT]
	at org.evosuite.testcase.TestCodeVisitor.visitMethodStatement(TestCodeVisitor.java:1507) ~[evosuite.jar:1.0.7-SNAPSHOT]
	at org.evosuite.testcase.TestVisitor.visitStatement(TestVisitor.java:147) ~[evosuite.jar:1.0.7-SNAPSHOT]
	at org.evosuite.testcase.TestCodeVisitor.visitStatement(TestCodeVisitor.java:1858) ~[evosuite.jar:1.0.7-SNAPSHOT]
	at org.evosuite.testcase.statements.AbstractStatement.getCode(AbstractStatement.java:255) ~[evosuite.jar:1.0.7-SNAPSHOT]
	at org.evosuite.testcase.statements.AbstractStatement.getCode(AbstractStatement.java:247) ~[evosuite.jar:1.0.7-SNAPSHOT]
	at org.evosuite.assertion.PrimitiveTraceObserver.visit(PrimitiveTraceObserver.java:116) ~[evosuite.jar:1.0.7-SNAPSHOT]
	at org.evosuite.assertion.AssertionTraceObserver.visitReturnValue(AssertionTraceObserver.java:131) ~[evosuite.jar:1.0.7-SNAPSHOT]
	at org.evosuite.assertion.PrimitiveTraceObserver.afterStatement(PrimitiveTraceObserver.java:51) ~[evosuite.jar:1.0.7-SNAPSHOT]
	at org.evosuite.testcase.execution.TestRunnable.lambda$informObservers_after$1(TestRunnable.java:155) [evosuite.jar:1.0.7-SNAPSHOT]
	at java.lang.Iterable.forEach(Iterable.java:75) ~[na:1.8.0_161]
	at org.evosuite.testcase.execution.TestRunnable.informObservers_after(TestRunnable.java:155) [evosuite.jar:1.0.7-SNAPSHOT]
	at org.evosuite.testcase.execution.TestRunnable.executeStatements(TestRunnable.java:351) [evosuite.jar:1.0.7-SNAPSHOT]
	at org.evosuite.testcase.execution.TestRunnable.call(TestRunnable.java:202) [evosuite.jar:1.0.7-SNAPSHOT]
	at org.evosuite.testcase.execution.TestRunnable.call(TestRunnable.java:55) [evosuite.jar:1.0.7-SNAPSHOT]
	at java.util.concurrent.FutureTask.run(FutureTask.java:266) [na:1.8.0_161]
	at java.util.concurrent.ThreadPoolExecutor.runWorker(ThreadPoolExecutor.java:1149) [na:1.8.0_161]
	at java.util.concurrent.ThreadPoolExecutor$Worker.run(ThreadPoolExecutor.java:624) [na:1.8.0_161]
	at java.lang.Thread.run(Thread.java:748) [na:1.8.0_161]
[MASTER] 14:46:13.839 [logback-2] ERROR TestRunnable - Suppressed/ignored exception during test case execution on class org.json.XML: java.lang.String cannot be cast to java.lang.Boolean
java.lang.ClassCastException: java.lang.String cannot be cast to java.lang.Boolean
	at org.evosuite.testcase.TestCodeVisitor.visitPrimitiveAssertion(TestCodeVisitor.java:528) ~[evosuite.jar:1.0.7-SNAPSHOT]
	at org.evosuite.testcase.TestCodeVisitor.visitAssertion(TestCodeVisitor.java:914) ~[evosuite.jar:1.0.7-SNAPSHOT]
	at org.evosuite.testcase.TestCodeVisitor.addAssertions(TestCodeVisitor.java:956) ~[evosuite.jar:1.0.7-SNAPSHOT]
	at org.evosuite.testcase.TestCodeVisitor.visitMethodStatement(TestCodeVisitor.java:1507) ~[evosuite.jar:1.0.7-SNAPSHOT]
	at org.evosuite.testcase.TestVisitor.visitStatement(TestVisitor.java:147) ~[evosuite.jar:1.0.7-SNAPSHOT]
	at org.evosuite.testcase.TestCodeVisitor.visitStatement(TestCodeVisitor.java:1858) ~[evosuite.jar:1.0.7-SNAPSHOT]
	at org.evosuite.testcase.statements.AbstractStatement.getCode(AbstractStatement.java:255) ~[evosuite.jar:1.0.7-SNAPSHOT]
	at org.evosuite.testcase.statements.AbstractStatement.getCode(AbstractStatement.java:247) ~[evosuite.jar:1.0.7-SNAPSHOT]
	at org.evosuite.assertion.PrimitiveTraceObserver.visit(PrimitiveTraceObserver.java:116) ~[evosuite.jar:1.0.7-SNAPSHOT]
	at org.evosuite.assertion.AssertionTraceObserver.visitReturnValue(AssertionTraceObserver.java:131) ~[evosuite.jar:1.0.7-SNAPSHOT]
	at org.evosuite.assertion.PrimitiveTraceObserver.afterStatement(PrimitiveTraceObserver.java:51) ~[evosuite.jar:1.0.7-SNAPSHOT]
	at org.evosuite.testcase.execution.TestRunnable.lambda$informObservers_after$1(TestRunnable.java:155) [evosuite.jar:1.0.7-SNAPSHOT]
	at java.lang.Iterable.forEach(Iterable.java:75) ~[na:1.8.0_161]
	at org.evosuite.testcase.execution.TestRunnable.informObservers_after(TestRunnable.java:155) [evosuite.jar:1.0.7-SNAPSHOT]
	at org.evosuite.testcase.execution.TestRunnable.executeStatements(TestRunnable.java:351) [evosuite.jar:1.0.7-SNAPSHOT]
	at org.evosuite.testcase.execution.TestRunnable.call(TestRunnable.java:202) [evosuite.jar:1.0.7-SNAPSHOT]
	at org.evosuite.testcase.execution.TestRunnable.call(TestRunnable.java:55) [evosuite.jar:1.0.7-SNAPSHOT]
	at java.util.concurrent.FutureTask.run(FutureTask.java:266) [na:1.8.0_161]
	at java.util.concurrent.ThreadPoolExecutor.runWorker(ThreadPoolExecutor.java:1149) [na:1.8.0_161]
	at java.util.concurrent.ThreadPoolExecutor$Worker.run(ThreadPoolExecutor.java:624) [na:1.8.0_161]
	at java.lang.Thread.run(Thread.java:748) [na:1.8.0_161]
[MASTER] 14:46:13.882 [logback-2] ERROR TestRunnable - Suppressed/ignored exception during test case execution on class org.json.XML: java.lang.String cannot be cast to java.lang.Boolean
java.lang.ClassCastException: java.lang.String cannot be cast to java.lang.Boolean
	at org.evosuite.testcase.TestCodeVisitor.visitPrimitiveAssertion(TestCodeVisitor.java:528) ~[evosuite.jar:1.0.7-SNAPSHOT]
	at org.evosuite.testcase.TestCodeVisitor.visitAssertion(TestCodeVisitor.java:914) ~[evosuite.jar:1.0.7-SNAPSHOT]
	at org.evosuite.testcase.TestCodeVisitor.addAssertions(TestCodeVisitor.java:956) ~[evosuite.jar:1.0.7-SNAPSHOT]
	at org.evosuite.testcase.TestCodeVisitor.visitMethodStatement(TestCodeVisitor.java:1507) ~[evosuite.jar:1.0.7-SNAPSHOT]
	at org.evosuite.testcase.TestVisitor.visitStatement(TestVisitor.java:147) ~[evosuite.jar:1.0.7-SNAPSHOT]
	at org.evosuite.testcase.TestCodeVisitor.visitStatement(TestCodeVisitor.java:1858) ~[evosuite.jar:1.0.7-SNAPSHOT]
	at org.evosuite.testcase.statements.AbstractStatement.getCode(AbstractStatement.java:255) ~[evosuite.jar:1.0.7-SNAPSHOT]
	at org.evosuite.testcase.statements.AbstractStatement.getCode(AbstractStatement.java:247) ~[evosuite.jar:1.0.7-SNAPSHOT]
	at org.evosuite.assertion.PrimitiveTraceObserver.visit(PrimitiveTraceObserver.java:116) ~[evosuite.jar:1.0.7-SNAPSHOT]
	at org.evosuite.assertion.AssertionTraceObserver.visitReturnValue(AssertionTraceObserver.java:131) ~[evosuite.jar:1.0.7-SNAPSHOT]
	at org.evosuite.assertion.PrimitiveTraceObserver.afterStatement(PrimitiveTraceObserver.java:51) ~[evosuite.jar:1.0.7-SNAPSHOT]
	at org.evosuite.testcase.execution.TestRunnable.lambda$informObservers_after$1(TestRunnable.java:155) [evosuite.jar:1.0.7-SNAPSHOT]
	at java.lang.Iterable.forEach(Iterable.java:75) ~[na:1.8.0_161]
	at org.evosuite.testcase.execution.TestRunnable.informObservers_after(TestRunnable.java:155) [evosuite.jar:1.0.7-SNAPSHOT]
	at org.evosuite.testcase.execution.TestRunnable.executeStatements(TestRunnable.java:351) [evosuite.jar:1.0.7-SNAPSHOT]
	at org.evosuite.testcase.execution.TestRunnable.call(TestRunnable.java:202) [evosuite.jar:1.0.7-SNAPSHOT]
	at org.evosuite.testcase.execution.TestRunnable.call(TestRunnable.java:55) [evosuite.jar:1.0.7-SNAPSHOT]
	at java.util.concurrent.FutureTask.run(FutureTask.java:266) [na:1.8.0_161]
	at java.util.concurrent.ThreadPoolExecutor.runWorker(ThreadPoolExecutor.java:1149) [na:1.8.0_161]
	at java.util.concurrent.ThreadPoolExecutor$Worker.run(ThreadPoolExecutor.java:624) [na:1.8.0_161]
	at java.lang.Thread.run(Thread.java:748) [na:1.8.0_161]
[MASTER] 14:46:13.913 [logback-2] ERROR TestRunnable - Suppressed/ignored exception during test case execution on class org.json.XML: java.lang.Integer cannot be cast to java.lang.Boolean
java.lang.ClassCastException: java.lang.Integer cannot be cast to java.lang.Boolean
	at org.evosuite.testcase.TestCodeVisitor.visitPrimitiveAssertion(TestCodeVisitor.java:528) ~[evosuite.jar:1.0.7-SNAPSHOT]
	at org.evosuite.testcase.TestCodeVisitor.visitAssertion(TestCodeVisitor.java:914) ~[evosuite.jar:1.0.7-SNAPSHOT]
	at org.evosuite.testcase.TestCodeVisitor.addAssertions(TestCodeVisitor.java:956) ~[evosuite.jar:1.0.7-SNAPSHOT]
	at org.evosuite.testcase.TestCodeVisitor.visitMethodStatement(TestCodeVisitor.java:1507) ~[evosuite.jar:1.0.7-SNAPSHOT]
	at org.evosuite.testcase.TestVisitor.visitStatement(TestVisitor.java:147) ~[evosuite.jar:1.0.7-SNAPSHOT]
	at org.evosuite.testcase.TestCodeVisitor.visitStatement(TestCodeVisitor.java:1858) ~[evosuite.jar:1.0.7-SNAPSHOT]
	at org.evosuite.testcase.statements.AbstractStatement.getCode(AbstractStatement.java:255) ~[evosuite.jar:1.0.7-SNAPSHOT]
	at org.evosuite.testcase.statements.AbstractStatement.getCode(AbstractStatement.java:247) ~[evosuite.jar:1.0.7-SNAPSHOT]
	at org.evosuite.assertion.PrimitiveTraceObserver.visit(PrimitiveTraceObserver.java:116) ~[evosuite.jar:1.0.7-SNAPSHOT]
	at org.evosuite.assertion.AssertionTraceObserver.visitReturnValue(AssertionTraceObserver.java:131) ~[evosuite.jar:1.0.7-SNAPSHOT]
	at org.evosuite.assertion.PrimitiveTraceObserver.afterStatement(PrimitiveTraceObserver.java:51) ~[evosuite.jar:1.0.7-SNAPSHOT]
	at org.evosuite.testcase.execution.TestRunnable.lambda$informObservers_after$1(TestRunnable.java:155) [evosuite.jar:1.0.7-SNAPSHOT]
	at java.lang.Iterable.forEach(Iterable.java:75) ~[na:1.8.0_161]
	at org.evosuite.testcase.execution.TestRunnable.informObservers_after(TestRunnable.java:155) [evosuite.jar:1.0.7-SNAPSHOT]
	at org.evosuite.testcase.execution.TestRunnable.executeStatements(TestRunnable.java:351) [evosuite.jar:1.0.7-SNAPSHOT]
	at org.evosuite.testcase.execution.TestRunnable.call(TestRunnable.java:202) [evosuite.jar:1.0.7-SNAPSHOT]
	at org.evosuite.testcase.execution.TestRunnable.call(TestRunnable.java:55) [evosuite.jar:1.0.7-SNAPSHOT]
	at java.util.concurrent.FutureTask.run(FutureTask.java:266) [na:1.8.0_161]
	at java.util.concurrent.ThreadPoolExecutor.runWorker(ThreadPoolExecutor.java:1149) [na:1.8.0_161]
	at java.util.concurrent.ThreadPoolExecutor$Worker.run(ThreadPoolExecutor.java:624) [na:1.8.0_161]
	at java.lang.Thread.run(Thread.java:748) [na:1.8.0_161]
[MASTER] 14:46:13.953 [logback-2] ERROR TestRunnable - Suppressed/ignored exception during test case execution on class org.json.XML: java.lang.Integer cannot be cast to java.lang.Boolean
java.lang.ClassCastException: java.lang.Integer cannot be cast to java.lang.Boolean
	at org.evosuite.testcase.TestCodeVisitor.visitPrimitiveAssertion(TestCodeVisitor.java:528) ~[evosuite.jar:1.0.7-SNAPSHOT]
	at org.evosuite.testcase.TestCodeVisitor.visitAssertion(TestCodeVisitor.java:914) ~[evosuite.jar:1.0.7-SNAPSHOT]
	at org.evosuite.testcase.TestCodeVisitor.addAssertions(TestCodeVisitor.java:956) ~[evosuite.jar:1.0.7-SNAPSHOT]
	at org.evosuite.testcase.TestCodeVisitor.visitMethodStatement(TestCodeVisitor.java:1507) ~[evosuite.jar:1.0.7-SNAPSHOT]
	at org.evosuite.testcase.TestVisitor.visitStatement(TestVisitor.java:147) ~[evosuite.jar:1.0.7-SNAPSHOT]
	at org.evosuite.testcase.TestCodeVisitor.visitStatement(TestCodeVisitor.java:1858) ~[evosuite.jar:1.0.7-SNAPSHOT]
	at org.evosuite.testcase.statements.AbstractStatement.getCode(AbstractStatement.java:255) ~[evosuite.jar:1.0.7-SNAPSHOT]
	at org.evosuite.testcase.statements.AbstractStatement.getCode(AbstractStatement.java:247) ~[evosuite.jar:1.0.7-SNAPSHOT]
	at org.evosuite.assertion.PrimitiveTraceObserver.visit(PrimitiveTraceObserver.java:116) ~[evosuite.jar:1.0.7-SNAPSHOT]
	at org.evosuite.assertion.AssertionTraceObserver.visitReturnValue(AssertionTraceObserver.java:131) ~[evosuite.jar:1.0.7-SNAPSHOT]
	at org.evosuite.assertion.PrimitiveTraceObserver.afterStatement(PrimitiveTraceObserver.java:51) ~[evosuite.jar:1.0.7-SNAPSHOT]
	at org.evosuite.testcase.execution.TestRunnable.lambda$informObservers_after$1(TestRunnable.java:155) [evosuite.jar:1.0.7-SNAPSHOT]
	at java.lang.Iterable.forEach(Iterable.java:75) ~[na:1.8.0_161]
	at org.evosuite.testcase.execution.TestRunnable.informObservers_after(TestRunnable.java:155) [evosuite.jar:1.0.7-SNAPSHOT]
	at org.evosuite.testcase.execution.TestRunnable.executeStatements(TestRunnable.java:351) [evosuite.jar:1.0.7-SNAPSHOT]
	at org.evosuite.testcase.execution.TestRunnable.call(TestRunnable.java:202) [evosuite.jar:1.0.7-SNAPSHOT]
	at org.evosuite.testcase.execution.TestRunnable.call(TestRunnable.java:55) [evosuite.jar:1.0.7-SNAPSHOT]
	at java.util.concurrent.FutureTask.run(FutureTask.java:266) [na:1.8.0_161]
	at java.util.concurrent.ThreadPoolExecutor.runWorker(ThreadPoolExecutor.java:1149) [na:1.8.0_161]
	at java.util.concurrent.ThreadPoolExecutor$Worker.run(ThreadPoolExecutor.java:624) [na:1.8.0_161]
	at java.lang.Thread.run(Thread.java:748) [na:1.8.0_161]
[MASTER] 14:46:14.298 [logback-2] ERROR TestRunnable - Suppressed/ignored exception during test case execution on class org.json.XML: java.lang.String cannot be cast to java.lang.Boolean
java.lang.ClassCastException: java.lang.String cannot be cast to java.lang.Boolean
	at org.evosuite.testcase.TestCodeVisitor.visitPrimitiveAssertion(TestCodeVisitor.java:528) ~[evosuite.jar:1.0.7-SNAPSHOT]
	at org.evosuite.testcase.TestCodeVisitor.visitAssertion(TestCodeVisitor.java:914) ~[evosuite.jar:1.0.7-SNAPSHOT]
	at org.evosuite.testcase.TestCodeVisitor.addAssertions(TestCodeVisitor.java:956) ~[evosuite.jar:1.0.7-SNAPSHOT]
	at org.evosuite.testcase.TestCodeVisitor.visitMethodStatement(TestCodeVisitor.java:1507) ~[evosuite.jar:1.0.7-SNAPSHOT]
	at org.evosuite.testcase.TestVisitor.visitStatement(TestVisitor.java:147) ~[evosuite.jar:1.0.7-SNAPSHOT]
	at org.evosuite.testcase.TestCodeVisitor.visitStatement(TestCodeVisitor.java:1858) ~[evosuite.jar:1.0.7-SNAPSHOT]
	at org.evosuite.testcase.statements.AbstractStatement.getCode(AbstractStatement.java:255) ~[evosuite.jar:1.0.7-SNAPSHOT]
	at org.evosuite.testcase.statements.AbstractStatement.getCode(AbstractStatement.java:247) ~[evosuite.jar:1.0.7-SNAPSHOT]
	at org.evosuite.assertion.PrimitiveTraceObserver.visit(PrimitiveTraceObserver.java:116) ~[evosuite.jar:1.0.7-SNAPSHOT]
	at org.evosuite.assertion.AssertionTraceObserver.visitReturnValue(AssertionTraceObserver.java:131) ~[evosuite.jar:1.0.7-SNAPSHOT]
	at org.evosuite.assertion.PrimitiveTraceObserver.afterStatement(PrimitiveTraceObserver.java:51) ~[evosuite.jar:1.0.7-SNAPSHOT]
	at org.evosuite.testcase.execution.TestRunnable.lambda$informObservers_after$1(TestRunnable.java:155) [evosuite.jar:1.0.7-SNAPSHOT]
	at java.lang.Iterable.forEach(Iterable.java:75) ~[na:1.8.0_161]
	at org.evosuite.testcase.execution.TestRunnable.informObservers_after(TestRunnable.java:155) [evosuite.jar:1.0.7-SNAPSHOT]
	at org.evosuite.testcase.execution.TestRunnable.executeStatements(TestRunnable.java:351) [evosuite.jar:1.0.7-SNAPSHOT]
	at org.evosuite.testcase.execution.TestRunnable.call(TestRunnable.java:202) [evosuite.jar:1.0.7-SNAPSHOT]
	at org.evosuite.testcase.execution.TestRunnable.call(TestRunnable.java:55) [evosuite.jar:1.0.7-SNAPSHOT]
	at java.util.concurrent.FutureTask.run(FutureTask.java:266) [na:1.8.0_161]
	at java.util.concurrent.ThreadPoolExecutor.runWorker(ThreadPoolExecutor.java:1149) [na:1.8.0_161]
	at java.util.concurrent.ThreadPoolExecutor$Worker.run(ThreadPoolExecutor.java:624) [na:1.8.0_161]
	at java.lang.Thread.run(Thread.java:748) [na:1.8.0_161]
[MASTER] 14:46:44.897 [logback-2] ERROR TestRunnable - Suppressed/ignored exception during test case execution on class org.json.XML: java.lang.String cannot be cast to java.lang.Boolean
java.lang.ClassCastException: java.lang.String cannot be cast to java.lang.Boolean
	at org.evosuite.testcase.TestCodeVisitor.visitPrimitiveAssertion(TestCodeVisitor.java:528) ~[evosuite.jar:1.0.7-SNAPSHOT]
	at org.evosuite.testcase.TestCodeVisitor.visitAssertion(TestCodeVisitor.java:914) ~[evosuite.jar:1.0.7-SNAPSHOT]
	at org.evosuite.testcase.TestCodeVisitor.addAssertions(TestCodeVisitor.java:956) ~[evosuite.jar:1.0.7-SNAPSHOT]
	at org.evosuite.testcase.TestCodeVisitor.visitMethodStatement(TestCodeVisitor.java:1507) ~[evosuite.jar:1.0.7-SNAPSHOT]
	at org.evosuite.testcase.TestVisitor.visitStatement(TestVisitor.java:147) ~[evosuite.jar:1.0.7-SNAPSHOT]
	at org.evosuite.testcase.TestCodeVisitor.visitStatement(TestCodeVisitor.java:1858) ~[evosuite.jar:1.0.7-SNAPSHOT]
	at org.evosuite.testcase.statements.AbstractStatement.getCode(AbstractStatement.java:255) ~[evosuite.jar:1.0.7-SNAPSHOT]
	at org.evosuite.testcase.statements.AbstractStatement.getCode(AbstractStatement.java:247) ~[evosuite.jar:1.0.7-SNAPSHOT]
	at org.evosuite.assertion.PrimitiveTraceObserver.visit(PrimitiveTraceObserver.java:116) ~[evosuite.jar:1.0.7-SNAPSHOT]
	at org.evosuite.assertion.AssertionTraceObserver.visitReturnValue(AssertionTraceObserver.java:131) ~[evosuite.jar:1.0.7-SNAPSHOT]
	at org.evosuite.assertion.PrimitiveTraceObserver.afterStatement(PrimitiveTraceObserver.java:51) ~[evosuite.jar:1.0.7-SNAPSHOT]
	at org.evosuite.testcase.execution.TestRunnable.lambda$informObservers_after$1(TestRunnable.java:155) [evosuite.jar:1.0.7-SNAPSHOT]
	at java.lang.Iterable.forEach(Iterable.java:75) ~[na:1.8.0_161]
	at org.evosuite.testcase.execution.TestRunnable.informObservers_after(TestRunnable.java:155) [evosuite.jar:1.0.7-SNAPSHOT]
	at org.evosuite.testcase.execution.TestRunnable.executeStatements(TestRunnable.java:351) [evosuite.jar:1.0.7-SNAPSHOT]
	at org.evosuite.testcase.execution.TestRunnable.call(TestRunnable.java:202) [evosuite.jar:1.0.7-SNAPSHOT]
	at org.evosuite.testcase.execution.TestRunnable.call(TestRunnable.java:55) [evosuite.jar:1.0.7-SNAPSHOT]
	at java.util.concurrent.FutureTask.run(FutureTask.java:266) [na:1.8.0_161]
	at java.util.concurrent.ThreadPoolExecutor.runWorker(ThreadPoolExecutor.java:1149) [na:1.8.0_161]
	at java.util.concurrent.ThreadPoolExecutor$Worker.run(ThreadPoolExecutor.java:624) [na:1.8.0_161]
	at java.lang.Thread.run(Thread.java:748) [na:1.8.0_161]
[MASTER] 14:46:44.918 [logback-2] ERROR TestRunnable - Suppressed/ignored exception during test case execution on class org.json.XML: java.lang.String cannot be cast to java.lang.Boolean
java.lang.ClassCastException: java.lang.String cannot be cast to java.lang.Boolean
	at org.evosuite.testcase.TestCodeVisitor.visitPrimitiveAssertion(TestCodeVisitor.java:528) ~[evosuite.jar:1.0.7-SNAPSHOT]
	at org.evosuite.testcase.TestCodeVisitor.visitAssertion(TestCodeVisitor.java:914) ~[evosuite.jar:1.0.7-SNAPSHOT]
	at org.evosuite.testcase.TestCodeVisitor.addAssertions(TestCodeVisitor.java:956) ~[evosuite.jar:1.0.7-SNAPSHOT]
	at org.evosuite.testcase.TestCodeVisitor.visitMethodStatement(TestCodeVisitor.java:1507) ~[evosuite.jar:1.0.7-SNAPSHOT]
	at org.evosuite.testcase.TestVisitor.visitStatement(TestVisitor.java:147) ~[evosuite.jar:1.0.7-SNAPSHOT]
	at org.evosuite.testcase.TestCodeVisitor.visitStatement(TestCodeVisitor.java:1858) ~[evosuite.jar:1.0.7-SNAPSHOT]
	at org.evosuite.testcase.statements.AbstractStatement.getCode(AbstractStatement.java:255) ~[evosuite.jar:1.0.7-SNAPSHOT]
	at org.evosuite.testcase.statements.AbstractStatement.getCode(AbstractStatement.java:247) ~[evosuite.jar:1.0.7-SNAPSHOT]
	at org.evosuite.assertion.PrimitiveTraceObserver.visit(PrimitiveTraceObserver.java:116) ~[evosuite.jar:1.0.7-SNAPSHOT]
	at org.evosuite.assertion.AssertionTraceObserver.visitReturnValue(AssertionTraceObserver.java:131) ~[evosuite.jar:1.0.7-SNAPSHOT]
	at org.evosuite.assertion.PrimitiveTraceObserver.afterStatement(PrimitiveTraceObserver.java:51) ~[evosuite.jar:1.0.7-SNAPSHOT]
	at org.evosuite.testcase.execution.TestRunnable.lambda$informObservers_after$1(TestRunnable.java:155) [evosuite.jar:1.0.7-SNAPSHOT]
	at java.lang.Iterable.forEach(Iterable.java:75) ~[na:1.8.0_161]
	at org.evosuite.testcase.execution.TestRunnable.informObservers_after(TestRunnable.java:155) [evosuite.jar:1.0.7-SNAPSHOT]
	at org.evosuite.testcase.execution.TestRunnable.executeStatements(TestRunnable.java:351) [evosuite.jar:1.0.7-SNAPSHOT]
	at org.evosuite.testcase.execution.TestRunnable.call(TestRunnable.java:202) [evosuite.jar:1.0.7-SNAPSHOT]
	at org.evosuite.testcase.execution.TestRunnable.call(TestRunnable.java:55) [evosuite.jar:1.0.7-SNAPSHOT]
	at java.util.concurrent.FutureTask.run(FutureTask.java:266) [na:1.8.0_161]
	at java.util.concurrent.ThreadPoolExecutor.runWorker(ThreadPoolExecutor.java:1149) [na:1.8.0_161]
	at java.util.concurrent.ThreadPoolExecutor$Worker.run(ThreadPoolExecutor.java:624) [na:1.8.0_161]
	at java.lang.Thread.run(Thread.java:748) [na:1.8.0_161]
* Resulting test suite's mutation score: 44%
* Compiling and checking tests
* Writing tests to file
* Writing JUnit test case 'XML_ESTest' to /home/apaniche/mitchell/generation-scripts/evosuite_vanilla/tests/s4/json/evosuite-tests
* Done!

* Computation finished
* EvoSuite 1.0.7-SNAPSHOT
* Configuration: EvoSuite_vanilla
* Going to generate test cases for class: org.json.XMLTokener
* Starting Client-0
* Connecting to master process on port 2765
* Analyzing classpath: 
  - /home/apaniche/mitchell/generation-scripts/projects/json/json-20180813.jar
* Finished analyzing classpath
* Generating tests for class org.json.XMLTokener
* Test criteria:
  - Line Coverage
  - Branch Coverage
  - Exception
  - Mutation testing (weak)
  - Method-Output Coverage
  - Top-Level Method Coverage
  - No-Exception Top-Level Method Coverage
  - Context Branch Coverage
* Total number of test goals for DYNAMOSA: 887
* Using seed 4
* Starting evolution
* Initial Number of Goals in DynaMOSA = 120 / 887
* Search finished after 61s and 562 generations, 122609 statements, best individual has fitness: 76.0
* Minimizing test suite
* Going to analyze the coverage criteria
* Coverage analysis for criterion LINE
* Coverage of criterion LINE: 98%
* Total number of goals: 129
* Number of covered goals: 126
* Coverage analysis for criterion BRANCH
* Coverage of criterion BRANCH: 97%
* Total number of goals: 158
* Number of covered goals: 154
* Coverage analysis for criterion EXCEPTION
* Coverage of criterion EXCEPTION: 100%
* Total number of goals: 11
* Number of covered goals: 11
* Coverage analysis for criterion WEAKMUTATION
* Coverage of criterion WEAKMUTATION: 89%
* Total number of goals: 410
* Number of covered goals: 364
* Coverage analysis for criterion OUTPUT
* Coverage of criterion OUTPUT: 43%
* Total number of goals: 14
* Number of covered goals: 6
* Coverage analysis for criterion METHOD
* Coverage of criterion METHOD: 100%
* Total number of goals: 9
* Number of covered goals: 9
* Coverage analysis for criterion METHODNOEXCEPTION
* Coverage of criterion METHODNOEXCEPTION: 89%
* Total number of goals: 9
* Number of covered goals: 8
* Coverage analysis for criterion CBRANCH
* Coverage of criterion CBRANCH: 97%
* Total number of goals: 158
* Number of covered goals: 154
* Generated 62 tests with total length 124
* Resulting test suite's coverage: 83% (average coverage for all fitness functions)
* Generating assertions
[MASTER] 14:48:48.254 [logback-2] ERROR TestRunnable - Suppressed/ignored exception during test case execution on class org.json.XMLTokener: java.lang.Character cannot be cast to java.lang.Boolean
java.lang.ClassCastException: java.lang.Character cannot be cast to java.lang.Boolean
	at org.evosuite.testcase.TestCodeVisitor.visitPrimitiveAssertion(TestCodeVisitor.java:528) ~[evosuite.jar:1.0.7-SNAPSHOT]
	at org.evosuite.testcase.TestCodeVisitor.visitAssertion(TestCodeVisitor.java:914) ~[evosuite.jar:1.0.7-SNAPSHOT]
	at org.evosuite.testcase.TestCodeVisitor.addAssertions(TestCodeVisitor.java:956) ~[evosuite.jar:1.0.7-SNAPSHOT]
	at org.evosuite.testcase.TestCodeVisitor.visitMethodStatement(TestCodeVisitor.java:1507) ~[evosuite.jar:1.0.7-SNAPSHOT]
	at org.evosuite.testcase.TestVisitor.visitStatement(TestVisitor.java:147) ~[evosuite.jar:1.0.7-SNAPSHOT]
	at org.evosuite.testcase.TestCodeVisitor.visitStatement(TestCodeVisitor.java:1858) ~[evosuite.jar:1.0.7-SNAPSHOT]
	at org.evosuite.testcase.statements.AbstractStatement.getCode(AbstractStatement.java:255) ~[evosuite.jar:1.0.7-SNAPSHOT]
	at org.evosuite.testcase.statements.AbstractStatement.getCode(AbstractStatement.java:247) ~[evosuite.jar:1.0.7-SNAPSHOT]
	at org.evosuite.assertion.PrimitiveTraceObserver.visit(PrimitiveTraceObserver.java:116) ~[evosuite.jar:1.0.7-SNAPSHOT]
	at org.evosuite.assertion.AssertionTraceObserver.visitReturnValue(AssertionTraceObserver.java:131) ~[evosuite.jar:1.0.7-SNAPSHOT]
	at org.evosuite.assertion.PrimitiveTraceObserver.afterStatement(PrimitiveTraceObserver.java:51) ~[evosuite.jar:1.0.7-SNAPSHOT]
	at org.evosuite.testcase.execution.TestRunnable.lambda$informObservers_after$1(TestRunnable.java:155) [evosuite.jar:1.0.7-SNAPSHOT]
	at java.lang.Iterable.forEach(Iterable.java:75) ~[na:1.8.0_161]
	at org.evosuite.testcase.execution.TestRunnable.informObservers_after(TestRunnable.java:155) [evosuite.jar:1.0.7-SNAPSHOT]
	at org.evosuite.testcase.execution.TestRunnable.executeStatements(TestRunnable.java:351) [evosuite.jar:1.0.7-SNAPSHOT]
	at org.evosuite.testcase.execution.TestRunnable.call(TestRunnable.java:202) [evosuite.jar:1.0.7-SNAPSHOT]
	at org.evosuite.testcase.execution.TestRunnable.call(TestRunnable.java:55) [evosuite.jar:1.0.7-SNAPSHOT]
	at java.util.concurrent.FutureTask.run(FutureTask.java:266) [na:1.8.0_161]
	at java.util.concurrent.ThreadPoolExecutor.runWorker(ThreadPoolExecutor.java:1149) [na:1.8.0_161]
	at java.util.concurrent.ThreadPoolExecutor$Worker.run(ThreadPoolExecutor.java:624) [na:1.8.0_161]
	at java.lang.Thread.run(Thread.java:748) [na:1.8.0_161]
[MASTER] 14:48:48.258 [logback-2] ERROR TestRunnable - Suppressed/ignored exception during test case execution on class org.json.XMLTokener: java.lang.Character cannot be cast to java.lang.Boolean
java.lang.ClassCastException: java.lang.Character cannot be cast to java.lang.Boolean
	at org.evosuite.testcase.TestCodeVisitor.visitPrimitiveAssertion(TestCodeVisitor.java:528) ~[evosuite.jar:1.0.7-SNAPSHOT]
	at org.evosuite.testcase.TestCodeVisitor.visitAssertion(TestCodeVisitor.java:914) ~[evosuite.jar:1.0.7-SNAPSHOT]
	at org.evosuite.testcase.TestCodeVisitor.addAssertions(TestCodeVisitor.java:956) ~[evosuite.jar:1.0.7-SNAPSHOT]
	at org.evosuite.testcase.TestCodeVisitor.visitMethodStatement(TestCodeVisitor.java:1507) ~[evosuite.jar:1.0.7-SNAPSHOT]
	at org.evosuite.testcase.TestVisitor.visitStatement(TestVisitor.java:147) ~[evosuite.jar:1.0.7-SNAPSHOT]
	at org.evosuite.testcase.TestCodeVisitor.visitStatement(TestCodeVisitor.java:1858) ~[evosuite.jar:1.0.7-SNAPSHOT]
	at org.evosuite.testcase.statements.AbstractStatement.getCode(AbstractStatement.java:255) ~[evosuite.jar:1.0.7-SNAPSHOT]
	at org.evosuite.testcase.statements.AbstractStatement.getCode(AbstractStatement.java:247) ~[evosuite.jar:1.0.7-SNAPSHOT]
	at org.evosuite.assertion.PrimitiveTraceObserver.visit(PrimitiveTraceObserver.java:116) ~[evosuite.jar:1.0.7-SNAPSHOT]
	at org.evosuite.assertion.AssertionTraceObserver.visitReturnValue(AssertionTraceObserver.java:131) ~[evosuite.jar:1.0.7-SNAPSHOT]
	at org.evosuite.assertion.PrimitiveTraceObserver.afterStatement(PrimitiveTraceObserver.java:51) ~[evosuite.jar:1.0.7-SNAPSHOT]
	at org.evosuite.testcase.execution.TestRunnable.lambda$informObservers_after$1(TestRunnable.java:155) [evosuite.jar:1.0.7-SNAPSHOT]
	at java.lang.Iterable.forEach(Iterable.java:75) ~[na:1.8.0_161]
	at org.evosuite.testcase.execution.TestRunnable.informObservers_after(TestRunnable.java:155) [evosuite.jar:1.0.7-SNAPSHOT]
	at org.evosuite.testcase.execution.TestRunnable.executeStatements(TestRunnable.java:351) [evosuite.jar:1.0.7-SNAPSHOT]
	at org.evosuite.testcase.execution.TestRunnable.call(TestRunnable.java:202) [evosuite.jar:1.0.7-SNAPSHOT]
	at org.evosuite.testcase.execution.TestRunnable.call(TestRunnable.java:55) [evosuite.jar:1.0.7-SNAPSHOT]
	at java.util.concurrent.FutureTask.run(FutureTask.java:266) [na:1.8.0_161]
	at java.util.concurrent.ThreadPoolExecutor.runWorker(ThreadPoolExecutor.java:1149) [na:1.8.0_161]
	at java.util.concurrent.ThreadPoolExecutor$Worker.run(ThreadPoolExecutor.java:624) [na:1.8.0_161]
	at java.lang.Thread.run(Thread.java:748) [na:1.8.0_161]
[MASTER] 14:48:48.931 [logback-2] ERROR TestRunnable - Suppressed/ignored exception during test case execution on class org.json.XMLTokener: java.lang.Character cannot be cast to java.lang.Boolean
java.lang.ClassCastException: java.lang.Character cannot be cast to java.lang.Boolean
	at org.evosuite.testcase.TestCodeVisitor.visitPrimitiveAssertion(TestCodeVisitor.java:528) ~[evosuite.jar:1.0.7-SNAPSHOT]
	at org.evosuite.testcase.TestCodeVisitor.visitAssertion(TestCodeVisitor.java:914) ~[evosuite.jar:1.0.7-SNAPSHOT]
	at org.evosuite.testcase.TestCodeVisitor.addAssertions(TestCodeVisitor.java:956) ~[evosuite.jar:1.0.7-SNAPSHOT]
	at org.evosuite.testcase.TestCodeVisitor.visitMethodStatement(TestCodeVisitor.java:1507) ~[evosuite.jar:1.0.7-SNAPSHOT]
	at org.evosuite.testcase.TestVisitor.visitStatement(TestVisitor.java:147) ~[evosuite.jar:1.0.7-SNAPSHOT]
	at org.evosuite.testcase.TestCodeVisitor.visitStatement(TestCodeVisitor.java:1858) ~[evosuite.jar:1.0.7-SNAPSHOT]
	at org.evosuite.testcase.statements.AbstractStatement.getCode(AbstractStatement.java:255) ~[evosuite.jar:1.0.7-SNAPSHOT]
	at org.evosuite.testcase.statements.AbstractStatement.getCode(AbstractStatement.java:247) ~[evosuite.jar:1.0.7-SNAPSHOT]
	at org.evosuite.assertion.PrimitiveTraceObserver.visit(PrimitiveTraceObserver.java:116) ~[evosuite.jar:1.0.7-SNAPSHOT]
	at org.evosuite.assertion.AssertionTraceObserver.visitReturnValue(AssertionTraceObserver.java:131) ~[evosuite.jar:1.0.7-SNAPSHOT]
	at org.evosuite.assertion.PrimitiveTraceObserver.afterStatement(PrimitiveTraceObserver.java:51) ~[evosuite.jar:1.0.7-SNAPSHOT]
	at org.evosuite.testcase.execution.TestRunnable.lambda$informObservers_after$1(TestRunnable.java:155) [evosuite.jar:1.0.7-SNAPSHOT]
	at java.lang.Iterable.forEach(Iterable.java:75) ~[na:1.8.0_161]
	at org.evosuite.testcase.execution.TestRunnable.informObservers_after(TestRunnable.java:155) [evosuite.jar:1.0.7-SNAPSHOT]
	at org.evosuite.testcase.execution.TestRunnable.executeStatements(TestRunnable.java:351) [evosuite.jar:1.0.7-SNAPSHOT]
	at org.evosuite.testcase.execution.TestRunnable.call(TestRunnable.java:202) [evosuite.jar:1.0.7-SNAPSHOT]
	at org.evosuite.testcase.execution.TestRunnable.call(TestRunnable.java:55) [evosuite.jar:1.0.7-SNAPSHOT]
	at java.util.concurrent.FutureTask.run(FutureTask.java:266) [na:1.8.0_161]
	at java.util.concurrent.ThreadPoolExecutor.runWorker(ThreadPoolExecutor.java:1149) [na:1.8.0_161]
	at java.util.concurrent.ThreadPoolExecutor$Worker.run(ThreadPoolExecutor.java:624) [na:1.8.0_161]
	at java.lang.Thread.run(Thread.java:748) [na:1.8.0_161]
[MASTER] 14:48:48.933 [logback-2] ERROR TestRunnable - Suppressed/ignored exception during test case execution on class org.json.XMLTokener: java.lang.Character cannot be cast to java.lang.Boolean
java.lang.ClassCastException: java.lang.Character cannot be cast to java.lang.Boolean
	at org.evosuite.testcase.TestCodeVisitor.visitPrimitiveAssertion(TestCodeVisitor.java:528) ~[evosuite.jar:1.0.7-SNAPSHOT]
	at org.evosuite.testcase.TestCodeVisitor.visitAssertion(TestCodeVisitor.java:914) ~[evosuite.jar:1.0.7-SNAPSHOT]
	at org.evosuite.testcase.TestCodeVisitor.addAssertions(TestCodeVisitor.java:956) ~[evosuite.jar:1.0.7-SNAPSHOT]
	at org.evosuite.testcase.TestCodeVisitor.visitMethodStatement(TestCodeVisitor.java:1507) ~[evosuite.jar:1.0.7-SNAPSHOT]
	at org.evosuite.testcase.TestVisitor.visitStatement(TestVisitor.java:147) ~[evosuite.jar:1.0.7-SNAPSHOT]
	at org.evosuite.testcase.TestCodeVisitor.visitStatement(TestCodeVisitor.java:1858) ~[evosuite.jar:1.0.7-SNAPSHOT]
	at org.evosuite.testcase.statements.AbstractStatement.getCode(AbstractStatement.java:255) ~[evosuite.jar:1.0.7-SNAPSHOT]
	at org.evosuite.testcase.statements.AbstractStatement.getCode(AbstractStatement.java:247) ~[evosuite.jar:1.0.7-SNAPSHOT]
	at org.evosuite.assertion.PrimitiveTraceObserver.visit(PrimitiveTraceObserver.java:116) ~[evosuite.jar:1.0.7-SNAPSHOT]
	at org.evosuite.assertion.AssertionTraceObserver.visitReturnValue(AssertionTraceObserver.java:131) ~[evosuite.jar:1.0.7-SNAPSHOT]
	at org.evosuite.assertion.PrimitiveTraceObserver.afterStatement(PrimitiveTraceObserver.java:51) ~[evosuite.jar:1.0.7-SNAPSHOT]
	at org.evosuite.testcase.execution.TestRunnable.lambda$informObservers_after$1(TestRunnable.java:155) [evosuite.jar:1.0.7-SNAPSHOT]
	at java.lang.Iterable.forEach(Iterable.java:75) ~[na:1.8.0_161]
	at org.evosuite.testcase.execution.TestRunnable.informObservers_after(TestRunnable.java:155) [evosuite.jar:1.0.7-SNAPSHOT]
	at org.evosuite.testcase.execution.TestRunnable.executeStatements(TestRunnable.java:351) [evosuite.jar:1.0.7-SNAPSHOT]
	at org.evosuite.testcase.execution.TestRunnable.call(TestRunnable.java:202) [evosuite.jar:1.0.7-SNAPSHOT]
	at org.evosuite.testcase.execution.TestRunnable.call(TestRunnable.java:55) [evosuite.jar:1.0.7-SNAPSHOT]
	at java.util.concurrent.FutureTask.run(FutureTask.java:266) [na:1.8.0_161]
	at java.util.concurrent.ThreadPoolExecutor.runWorker(ThreadPoolExecutor.java:1149) [na:1.8.0_161]
	at java.util.concurrent.ThreadPoolExecutor$Worker.run(ThreadPoolExecutor.java:624) [na:1.8.0_161]
	at java.lang.Thread.run(Thread.java:748) [na:1.8.0_161]
[MASTER] 14:48:48.943 [logback-2] ERROR TestRunnable - Suppressed/ignored exception during test case execution on class org.json.XMLTokener: java.lang.Character cannot be cast to java.lang.Boolean
java.lang.ClassCastException: java.lang.Character cannot be cast to java.lang.Boolean
	at org.evosuite.testcase.TestCodeVisitor.visitPrimitiveAssertion(TestCodeVisitor.java:528) ~[evosuite.jar:1.0.7-SNAPSHOT]
	at org.evosuite.testcase.TestCodeVisitor.visitAssertion(TestCodeVisitor.java:914) ~[evosuite.jar:1.0.7-SNAPSHOT]
	at org.evosuite.testcase.TestCodeVisitor.addAssertions(TestCodeVisitor.java:956) ~[evosuite.jar:1.0.7-SNAPSHOT]
	at org.evosuite.testcase.TestCodeVisitor.visitMethodStatement(TestCodeVisitor.java:1507) ~[evosuite.jar:1.0.7-SNAPSHOT]
	at org.evosuite.testcase.TestVisitor.visitStatement(TestVisitor.java:147) ~[evosuite.jar:1.0.7-SNAPSHOT]
	at org.evosuite.testcase.TestCodeVisitor.visitStatement(TestCodeVisitor.java:1858) ~[evosuite.jar:1.0.7-SNAPSHOT]
	at org.evosuite.testcase.statements.AbstractStatement.getCode(AbstractStatement.java:255) ~[evosuite.jar:1.0.7-SNAPSHOT]
	at org.evosuite.testcase.statements.AbstractStatement.getCode(AbstractStatement.java:247) ~[evosuite.jar:1.0.7-SNAPSHOT]
	at org.evosuite.assertion.PrimitiveTraceObserver.visit(PrimitiveTraceObserver.java:116) ~[evosuite.jar:1.0.7-SNAPSHOT]
	at org.evosuite.assertion.AssertionTraceObserver.visitReturnValue(AssertionTraceObserver.java:131) ~[evosuite.jar:1.0.7-SNAPSHOT]
	at org.evosuite.assertion.PrimitiveTraceObserver.afterStatement(PrimitiveTraceObserver.java:51) ~[evosuite.jar:1.0.7-SNAPSHOT]
	at org.evosuite.testcase.execution.TestRunnable.lambda$informObservers_after$1(TestRunnable.java:155) [evosuite.jar:1.0.7-SNAPSHOT]
	at java.lang.Iterable.forEach(Iterable.java:75) ~[na:1.8.0_161]
	at org.evosuite.testcase.execution.TestRunnable.informObservers_after(TestRunnable.java:155) [evosuite.jar:1.0.7-SNAPSHOT]
	at org.evosuite.testcase.execution.TestRunnable.executeStatements(TestRunnable.java:351) [evosuite.jar:1.0.7-SNAPSHOT]
	at org.evosuite.testcase.execution.TestRunnable.call(TestRunnable.java:202) [evosuite.jar:1.0.7-SNAPSHOT]
	at org.evosuite.testcase.execution.TestRunnable.call(TestRunnable.java:55) [evosuite.jar:1.0.7-SNAPSHOT]
	at java.util.concurrent.FutureTask.run(FutureTask.java:266) [na:1.8.0_161]
	at java.util.concurrent.ThreadPoolExecutor.runWorker(ThreadPoolExecutor.java:1149) [na:1.8.0_161]
	at java.util.concurrent.ThreadPoolExecutor$Worker.run(ThreadPoolExecutor.java:624) [na:1.8.0_161]
	at java.lang.Thread.run(Thread.java:748) [na:1.8.0_161]
[MASTER] 14:48:48.945 [logback-2] ERROR TestRunnable - Suppressed/ignored exception during test case execution on class org.json.XMLTokener: java.lang.Character cannot be cast to java.lang.Boolean
java.lang.ClassCastException: java.lang.Character cannot be cast to java.lang.Boolean
	at org.evosuite.testcase.TestCodeVisitor.visitPrimitiveAssertion(TestCodeVisitor.java:528) ~[evosuite.jar:1.0.7-SNAPSHOT]
	at org.evosuite.testcase.TestCodeVisitor.visitAssertion(TestCodeVisitor.java:914) ~[evosuite.jar:1.0.7-SNAPSHOT]
	at org.evosuite.testcase.TestCodeVisitor.addAssertions(TestCodeVisitor.java:956) ~[evosuite.jar:1.0.7-SNAPSHOT]
	at org.evosuite.testcase.TestCodeVisitor.visitMethodStatement(TestCodeVisitor.java:1507) ~[evosuite.jar:1.0.7-SNAPSHOT]
	at org.evosuite.testcase.TestVisitor.visitStatement(TestVisitor.java:147) ~[evosuite.jar:1.0.7-SNAPSHOT]
	at org.evosuite.testcase.TestCodeVisitor.visitStatement(TestCodeVisitor.java:1858) ~[evosuite.jar:1.0.7-SNAPSHOT]
	at org.evosuite.testcase.statements.AbstractStatement.getCode(AbstractStatement.java:255) ~[evosuite.jar:1.0.7-SNAPSHOT]
	at org.evosuite.testcase.statements.AbstractStatement.getCode(AbstractStatement.java:247) ~[evosuite.jar:1.0.7-SNAPSHOT]
	at org.evosuite.assertion.PrimitiveTraceObserver.visit(PrimitiveTraceObserver.java:116) ~[evosuite.jar:1.0.7-SNAPSHOT]
	at org.evosuite.assertion.AssertionTraceObserver.visitReturnValue(AssertionTraceObserver.java:131) ~[evosuite.jar:1.0.7-SNAPSHOT]
	at org.evosuite.assertion.PrimitiveTraceObserver.afterStatement(PrimitiveTraceObserver.java:51) ~[evosuite.jar:1.0.7-SNAPSHOT]
	at org.evosuite.testcase.execution.TestRunnable.lambda$informObservers_after$1(TestRunnable.java:155) [evosuite.jar:1.0.7-SNAPSHOT]
	at java.lang.Iterable.forEach(Iterable.java:75) ~[na:1.8.0_161]
	at org.evosuite.testcase.execution.TestRunnable.informObservers_after(TestRunnable.java:155) [evosuite.jar:1.0.7-SNAPSHOT]
	at org.evosuite.testcase.execution.TestRunnable.executeStatements(TestRunnable.java:351) [evosuite.jar:1.0.7-SNAPSHOT]
	at org.evosuite.testcase.execution.TestRunnable.call(TestRunnable.java:202) [evosuite.jar:1.0.7-SNAPSHOT]
	at org.evosuite.testcase.execution.TestRunnable.call(TestRunnable.java:55) [evosuite.jar:1.0.7-SNAPSHOT]
	at java.util.concurrent.FutureTask.run(FutureTask.java:266) [na:1.8.0_161]
	at java.util.concurrent.ThreadPoolExecutor.runWorker(ThreadPoolExecutor.java:1149) [na:1.8.0_161]
	at java.util.concurrent.ThreadPoolExecutor$Worker.run(ThreadPoolExecutor.java:624) [na:1.8.0_161]
	at java.lang.Thread.run(Thread.java:748) [na:1.8.0_161]
[MASTER] 14:48:48.947 [logback-2] ERROR TestRunnable - Suppressed/ignored exception during test case execution on class org.json.XMLTokener: java.lang.Character cannot be cast to java.lang.Boolean
java.lang.ClassCastException: java.lang.Character cannot be cast to java.lang.Boolean
	at org.evosuite.testcase.TestCodeVisitor.visitPrimitiveAssertion(TestCodeVisitor.java:528) ~[evosuite.jar:1.0.7-SNAPSHOT]
	at org.evosuite.testcase.TestCodeVisitor.visitAssertion(TestCodeVisitor.java:914) ~[evosuite.jar:1.0.7-SNAPSHOT]
	at org.evosuite.testcase.TestCodeVisitor.addAssertions(TestCodeVisitor.java:956) ~[evosuite.jar:1.0.7-SNAPSHOT]
	at org.evosuite.testcase.TestCodeVisitor.visitMethodStatement(TestCodeVisitor.java:1507) ~[evosuite.jar:1.0.7-SNAPSHOT]
	at org.evosuite.testcase.TestVisitor.visitStatement(TestVisitor.java:147) ~[evosuite.jar:1.0.7-SNAPSHOT]
	at org.evosuite.testcase.TestCodeVisitor.visitStatement(TestCodeVisitor.java:1858) ~[evosuite.jar:1.0.7-SNAPSHOT]
	at org.evosuite.testcase.statements.AbstractStatement.getCode(AbstractStatement.java:255) ~[evosuite.jar:1.0.7-SNAPSHOT]
	at org.evosuite.testcase.statements.AbstractStatement.getCode(AbstractStatement.java:247) ~[evosuite.jar:1.0.7-SNAPSHOT]
	at org.evosuite.assertion.PrimitiveTraceObserver.visit(PrimitiveTraceObserver.java:116) ~[evosuite.jar:1.0.7-SNAPSHOT]
	at org.evosuite.assertion.AssertionTraceObserver.visitReturnValue(AssertionTraceObserver.java:131) ~[evosuite.jar:1.0.7-SNAPSHOT]
	at org.evosuite.assertion.PrimitiveTraceObserver.afterStatement(PrimitiveTraceObserver.java:51) ~[evosuite.jar:1.0.7-SNAPSHOT]
	at org.evosuite.testcase.execution.TestRunnable.lambda$informObservers_after$1(TestRunnable.java:155) [evosuite.jar:1.0.7-SNAPSHOT]
	at java.lang.Iterable.forEach(Iterable.java:75) ~[na:1.8.0_161]
	at org.evosuite.testcase.execution.TestRunnable.informObservers_after(TestRunnable.java:155) [evosuite.jar:1.0.7-SNAPSHOT]
	at org.evosuite.testcase.execution.TestRunnable.executeStatements(TestRunnable.java:351) [evosuite.jar:1.0.7-SNAPSHOT]
	at org.evosuite.testcase.execution.TestRunnable.call(TestRunnable.java:202) [evosuite.jar:1.0.7-SNAPSHOT]
	at org.evosuite.testcase.execution.TestRunnable.call(TestRunnable.java:55) [evosuite.jar:1.0.7-SNAPSHOT]
	at java.util.concurrent.FutureTask.run(FutureTask.java:266) [na:1.8.0_161]
	at java.util.concurrent.ThreadPoolExecutor.runWorker(ThreadPoolExecutor.java:1149) [na:1.8.0_161]
	at java.util.concurrent.ThreadPoolExecutor$Worker.run(ThreadPoolExecutor.java:624) [na:1.8.0_161]
	at java.lang.Thread.run(Thread.java:748) [na:1.8.0_161]
[MASTER] 14:48:48.950 [logback-2] ERROR TestRunnable - Suppressed/ignored exception during test case execution on class org.json.XMLTokener: java.lang.Character cannot be cast to java.lang.Boolean
java.lang.ClassCastException: java.lang.Character cannot be cast to java.lang.Boolean
	at org.evosuite.testcase.TestCodeVisitor.visitPrimitiveAssertion(TestCodeVisitor.java:528) ~[evosuite.jar:1.0.7-SNAPSHOT]
	at org.evosuite.testcase.TestCodeVisitor.visitAssertion(TestCodeVisitor.java:914) ~[evosuite.jar:1.0.7-SNAPSHOT]
	at org.evosuite.testcase.TestCodeVisitor.addAssertions(TestCodeVisitor.java:956) ~[evosuite.jar:1.0.7-SNAPSHOT]
	at org.evosuite.testcase.TestCodeVisitor.visitMethodStatement(TestCodeVisitor.java:1507) ~[evosuite.jar:1.0.7-SNAPSHOT]
	at org.evosuite.testcase.TestVisitor.visitStatement(TestVisitor.java:147) ~[evosuite.jar:1.0.7-SNAPSHOT]
	at org.evosuite.testcase.TestCodeVisitor.visitStatement(TestCodeVisitor.java:1858) ~[evosuite.jar:1.0.7-SNAPSHOT]
	at org.evosuite.testcase.statements.AbstractStatement.getCode(AbstractStatement.java:255) ~[evosuite.jar:1.0.7-SNAPSHOT]
	at org.evosuite.testcase.statements.AbstractStatement.getCode(AbstractStatement.java:247) ~[evosuite.jar:1.0.7-SNAPSHOT]
	at org.evosuite.assertion.PrimitiveTraceObserver.visit(PrimitiveTraceObserver.java:116) ~[evosuite.jar:1.0.7-SNAPSHOT]
	at org.evosuite.assertion.AssertionTraceObserver.visitReturnValue(AssertionTraceObserver.java:131) ~[evosuite.jar:1.0.7-SNAPSHOT]
	at org.evosuite.assertion.PrimitiveTraceObserver.afterStatement(PrimitiveTraceObserver.java:51) ~[evosuite.jar:1.0.7-SNAPSHOT]
	at org.evosuite.testcase.execution.TestRunnable.lambda$informObservers_after$1(TestRunnable.java:155) [evosuite.jar:1.0.7-SNAPSHOT]
	at java.lang.Iterable.forEach(Iterable.java:75) ~[na:1.8.0_161]
	at org.evosuite.testcase.execution.TestRunnable.informObservers_after(TestRunnable.java:155) [evosuite.jar:1.0.7-SNAPSHOT]
	at org.evosuite.testcase.execution.TestRunnable.executeStatements(TestRunnable.java:351) [evosuite.jar:1.0.7-SNAPSHOT]
	at org.evosuite.testcase.execution.TestRunnable.call(TestRunnable.java:202) [evosuite.jar:1.0.7-SNAPSHOT]
	at org.evosuite.testcase.execution.TestRunnable.call(TestRunnable.java:55) [evosuite.jar:1.0.7-SNAPSHOT]
	at java.util.concurrent.FutureTask.run(FutureTask.java:266) [na:1.8.0_161]
	at java.util.concurrent.ThreadPoolExecutor.runWorker(ThreadPoolExecutor.java:1149) [na:1.8.0_161]
	at java.util.concurrent.ThreadPoolExecutor$Worker.run(ThreadPoolExecutor.java:624) [na:1.8.0_161]
	at java.lang.Thread.run(Thread.java:748) [na:1.8.0_161]
[MASTER] 14:48:48.952 [logback-2] ERROR TestRunnable - Suppressed/ignored exception during test case execution on class org.json.XMLTokener: java.lang.Character cannot be cast to java.lang.Boolean
java.lang.ClassCastException: java.lang.Character cannot be cast to java.lang.Boolean
	at org.evosuite.testcase.TestCodeVisitor.visitPrimitiveAssertion(TestCodeVisitor.java:528) ~[evosuite.jar:1.0.7-SNAPSHOT]
	at org.evosuite.testcase.TestCodeVisitor.visitAssertion(TestCodeVisitor.java:914) ~[evosuite.jar:1.0.7-SNAPSHOT]
	at org.evosuite.testcase.TestCodeVisitor.addAssertions(TestCodeVisitor.java:956) ~[evosuite.jar:1.0.7-SNAPSHOT]
	at org.evosuite.testcase.TestCodeVisitor.visitMethodStatement(TestCodeVisitor.java:1507) ~[evosuite.jar:1.0.7-SNAPSHOT]
	at org.evosuite.testcase.TestVisitor.visitStatement(TestVisitor.java:147) ~[evosuite.jar:1.0.7-SNAPSHOT]
	at org.evosuite.testcase.TestCodeVisitor.visitStatement(TestCodeVisitor.java:1858) ~[evosuite.jar:1.0.7-SNAPSHOT]
	at org.evosuite.testcase.statements.AbstractStatement.getCode(AbstractStatement.java:255) ~[evosuite.jar:1.0.7-SNAPSHOT]
	at org.evosuite.testcase.statements.AbstractStatement.getCode(AbstractStatement.java:247) ~[evosuite.jar:1.0.7-SNAPSHOT]
	at org.evosuite.assertion.PrimitiveTraceObserver.visit(PrimitiveTraceObserver.java:116) ~[evosuite.jar:1.0.7-SNAPSHOT]
	at org.evosuite.assertion.AssertionTraceObserver.visitReturnValue(AssertionTraceObserver.java:131) ~[evosuite.jar:1.0.7-SNAPSHOT]
	at org.evosuite.assertion.PrimitiveTraceObserver.afterStatement(PrimitiveTraceObserver.java:51) ~[evosuite.jar:1.0.7-SNAPSHOT]
	at org.evosuite.testcase.execution.TestRunnable.lambda$informObservers_after$1(TestRunnable.java:155) [evosuite.jar:1.0.7-SNAPSHOT]
	at java.lang.Iterable.forEach(Iterable.java:75) ~[na:1.8.0_161]
	at org.evosuite.testcase.execution.TestRunnable.informObservers_after(TestRunnable.java:155) [evosuite.jar:1.0.7-SNAPSHOT]
	at org.evosuite.testcase.execution.TestRunnable.executeStatements(TestRunnable.java:351) [evosuite.jar:1.0.7-SNAPSHOT]
	at org.evosuite.testcase.execution.TestRunnable.call(TestRunnable.java:202) [evosuite.jar:1.0.7-SNAPSHOT]
	at org.evosuite.testcase.execution.TestRunnable.call(TestRunnable.java:55) [evosuite.jar:1.0.7-SNAPSHOT]
	at java.util.concurrent.FutureTask.run(FutureTask.java:266) [na:1.8.0_161]
	at java.util.concurrent.ThreadPoolExecutor.runWorker(ThreadPoolExecutor.java:1149) [na:1.8.0_161]
	at java.util.concurrent.ThreadPoolExecutor$Worker.run(ThreadPoolExecutor.java:624) [na:1.8.0_161]
	at java.lang.Thread.run(Thread.java:748) [na:1.8.0_161]
[MASTER] 14:48:48.955 [logback-2] ERROR TestRunnable - Suppressed/ignored exception during test case execution on class org.json.XMLTokener: java.lang.Character cannot be cast to java.lang.Boolean
java.lang.ClassCastException: java.lang.Character cannot be cast to java.lang.Boolean
	at org.evosuite.testcase.TestCodeVisitor.visitPrimitiveAssertion(TestCodeVisitor.java:528) ~[evosuite.jar:1.0.7-SNAPSHOT]
	at org.evosuite.testcase.TestCodeVisitor.visitAssertion(TestCodeVisitor.java:914) ~[evosuite.jar:1.0.7-SNAPSHOT]
	at org.evosuite.testcase.TestCodeVisitor.addAssertions(TestCodeVisitor.java:956) ~[evosuite.jar:1.0.7-SNAPSHOT]
	at org.evosuite.testcase.TestCodeVisitor.visitMethodStatement(TestCodeVisitor.java:1507) ~[evosuite.jar:1.0.7-SNAPSHOT]
	at org.evosuite.testcase.TestVisitor.visitStatement(TestVisitor.java:147) ~[evosuite.jar:1.0.7-SNAPSHOT]
	at org.evosuite.testcase.TestCodeVisitor.visitStatement(TestCodeVisitor.java:1858) ~[evosuite.jar:1.0.7-SNAPSHOT]
	at org.evosuite.testcase.statements.AbstractStatement.getCode(AbstractStatement.java:255) ~[evosuite.jar:1.0.7-SNAPSHOT]
	at org.evosuite.testcase.statements.AbstractStatement.getCode(AbstractStatement.java:247) ~[evosuite.jar:1.0.7-SNAPSHOT]
	at org.evosuite.assertion.PrimitiveTraceObserver.visit(PrimitiveTraceObserver.java:116) ~[evosuite.jar:1.0.7-SNAPSHOT]
	at org.evosuite.assertion.AssertionTraceObserver.visitReturnValue(AssertionTraceObserver.java:131) ~[evosuite.jar:1.0.7-SNAPSHOT]
	at org.evosuite.assertion.PrimitiveTraceObserver.afterStatement(PrimitiveTraceObserver.java:51) ~[evosuite.jar:1.0.7-SNAPSHOT]
	at org.evosuite.testcase.execution.TestRunnable.lambda$informObservers_after$1(TestRunnable.java:155) [evosuite.jar:1.0.7-SNAPSHOT]
	at java.lang.Iterable.forEach(Iterable.java:75) ~[na:1.8.0_161]
	at org.evosuite.testcase.execution.TestRunnable.informObservers_after(TestRunnable.java:155) [evosuite.jar:1.0.7-SNAPSHOT]
	at org.evosuite.testcase.execution.TestRunnable.executeStatements(TestRunnable.java:351) [evosuite.jar:1.0.7-SNAPSHOT]
	at org.evosuite.testcase.execution.TestRunnable.call(TestRunnable.java:202) [evosuite.jar:1.0.7-SNAPSHOT]
	at org.evosuite.testcase.execution.TestRunnable.call(TestRunnable.java:55) [evosuite.jar:1.0.7-SNAPSHOT]
	at java.util.concurrent.FutureTask.run(FutureTask.java:266) [na:1.8.0_161]
	at java.util.concurrent.ThreadPoolExecutor.runWorker(ThreadPoolExecutor.java:1149) [na:1.8.0_161]
	at java.util.concurrent.ThreadPoolExecutor$Worker.run(ThreadPoolExecutor.java:624) [na:1.8.0_161]
	at java.lang.Thread.run(Thread.java:748) [na:1.8.0_161]
[MASTER] 14:48:48.960 [logback-2] ERROR TestRunnable - Suppressed/ignored exception during test case execution on class org.json.XMLTokener: java.lang.Character cannot be cast to java.lang.Boolean
java.lang.ClassCastException: java.lang.Character cannot be cast to java.lang.Boolean
	at org.evosuite.testcase.TestCodeVisitor.visitPrimitiveAssertion(TestCodeVisitor.java:528) ~[evosuite.jar:1.0.7-SNAPSHOT]
	at org.evosuite.testcase.TestCodeVisitor.visitAssertion(TestCodeVisitor.java:914) ~[evosuite.jar:1.0.7-SNAPSHOT]
	at org.evosuite.testcase.TestCodeVisitor.addAssertions(TestCodeVisitor.java:956) ~[evosuite.jar:1.0.7-SNAPSHOT]
	at org.evosuite.testcase.TestCodeVisitor.visitMethodStatement(TestCodeVisitor.java:1507) ~[evosuite.jar:1.0.7-SNAPSHOT]
	at org.evosuite.testcase.TestVisitor.visitStatement(TestVisitor.java:147) ~[evosuite.jar:1.0.7-SNAPSHOT]
	at org.evosuite.testcase.TestCodeVisitor.visitStatement(TestCodeVisitor.java:1858) ~[evosuite.jar:1.0.7-SNAPSHOT]
	at org.evosuite.testcase.statements.AbstractStatement.getCode(AbstractStatement.java:255) ~[evosuite.jar:1.0.7-SNAPSHOT]
	at org.evosuite.testcase.statements.AbstractStatement.getCode(AbstractStatement.java:247) ~[evosuite.jar:1.0.7-SNAPSHOT]
	at org.evosuite.assertion.PrimitiveTraceObserver.visit(PrimitiveTraceObserver.java:116) ~[evosuite.jar:1.0.7-SNAPSHOT]
	at org.evosuite.assertion.AssertionTraceObserver.visitReturnValue(AssertionTraceObserver.java:131) ~[evosuite.jar:1.0.7-SNAPSHOT]
	at org.evosuite.assertion.PrimitiveTraceObserver.afterStatement(PrimitiveTraceObserver.java:51) ~[evosuite.jar:1.0.7-SNAPSHOT]
	at org.evosuite.testcase.execution.TestRunnable.lambda$informObservers_after$1(TestRunnable.java:155) [evosuite.jar:1.0.7-SNAPSHOT]
	at java.lang.Iterable.forEach(Iterable.java:75) ~[na:1.8.0_161]
	at org.evosuite.testcase.execution.TestRunnable.informObservers_after(TestRunnable.java:155) [evosuite.jar:1.0.7-SNAPSHOT]
	at org.evosuite.testcase.execution.TestRunnable.executeStatements(TestRunnable.java:351) [evosuite.jar:1.0.7-SNAPSHOT]
	at org.evosuite.testcase.execution.TestRunnable.call(TestRunnable.java:202) [evosuite.jar:1.0.7-SNAPSHOT]
	at org.evosuite.testcase.execution.TestRunnable.call(TestRunnable.java:55) [evosuite.jar:1.0.7-SNAPSHOT]
	at java.util.concurrent.FutureTask.run(FutureTask.java:266) [na:1.8.0_161]
	at java.util.concurrent.ThreadPoolExecutor.runWorker(ThreadPoolExecutor.java:1149) [na:1.8.0_161]
	at java.util.concurrent.ThreadPoolExecutor$Worker.run(ThreadPoolExecutor.java:624) [na:1.8.0_161]
	at java.lang.Thread.run(Thread.java:748) [na:1.8.0_161]
[MASTER] 14:48:48.965 [logback-2] ERROR TestRunnable - Suppressed/ignored exception during test case execution on class org.json.XMLTokener: java.lang.Character cannot be cast to java.lang.Boolean
java.lang.ClassCastException: java.lang.Character cannot be cast to java.lang.Boolean
	at org.evosuite.testcase.TestCodeVisitor.visitPrimitiveAssertion(TestCodeVisitor.java:528) ~[evosuite.jar:1.0.7-SNAPSHOT]
	at org.evosuite.testcase.TestCodeVisitor.visitAssertion(TestCodeVisitor.java:914) ~[evosuite.jar:1.0.7-SNAPSHOT]
	at org.evosuite.testcase.TestCodeVisitor.addAssertions(TestCodeVisitor.java:956) ~[evosuite.jar:1.0.7-SNAPSHOT]
	at org.evosuite.testcase.TestCodeVisitor.visitMethodStatement(TestCodeVisitor.java:1507) ~[evosuite.jar:1.0.7-SNAPSHOT]
	at org.evosuite.testcase.TestVisitor.visitStatement(TestVisitor.java:147) ~[evosuite.jar:1.0.7-SNAPSHOT]
	at org.evosuite.testcase.TestCodeVisitor.visitStatement(TestCodeVisitor.java:1858) ~[evosuite.jar:1.0.7-SNAPSHOT]
	at org.evosuite.testcase.statements.AbstractStatement.getCode(AbstractStatement.java:255) ~[evosuite.jar:1.0.7-SNAPSHOT]
	at org.evosuite.testcase.statements.AbstractStatement.getCode(AbstractStatement.java:247) ~[evosuite.jar:1.0.7-SNAPSHOT]
	at org.evosuite.assertion.PrimitiveTraceObserver.visit(PrimitiveTraceObserver.java:116) ~[evosuite.jar:1.0.7-SNAPSHOT]
	at org.evosuite.assertion.AssertionTraceObserver.visitReturnValue(AssertionTraceObserver.java:131) ~[evosuite.jar:1.0.7-SNAPSHOT]
	at org.evosuite.assertion.PrimitiveTraceObserver.afterStatement(PrimitiveTraceObserver.java:51) ~[evosuite.jar:1.0.7-SNAPSHOT]
	at org.evosuite.testcase.execution.TestRunnable.lambda$informObservers_after$1(TestRunnable.java:155) [evosuite.jar:1.0.7-SNAPSHOT]
	at java.lang.Iterable.forEach(Iterable.java:75) ~[na:1.8.0_161]
	at org.evosuite.testcase.execution.TestRunnable.informObservers_after(TestRunnable.java:155) [evosuite.jar:1.0.7-SNAPSHOT]
	at org.evosuite.testcase.execution.TestRunnable.executeStatements(TestRunnable.java:351) [evosuite.jar:1.0.7-SNAPSHOT]
	at org.evosuite.testcase.execution.TestRunnable.call(TestRunnable.java:202) [evosuite.jar:1.0.7-SNAPSHOT]
	at org.evosuite.testcase.execution.TestRunnable.call(TestRunnable.java:55) [evosuite.jar:1.0.7-SNAPSHOT]
	at java.util.concurrent.FutureTask.run(FutureTask.java:266) [na:1.8.0_161]
	at java.util.concurrent.ThreadPoolExecutor.runWorker(ThreadPoolExecutor.java:1149) [na:1.8.0_161]
	at java.util.concurrent.ThreadPoolExecutor$Worker.run(ThreadPoolExecutor.java:624) [na:1.8.0_161]
	at java.lang.Thread.run(Thread.java:748) [na:1.8.0_161]
[MASTER] 14:48:48.971 [logback-2] ERROR TestRunnable - Suppressed/ignored exception during test case execution on class org.json.XMLTokener: java.lang.Character cannot be cast to java.lang.Boolean
java.lang.ClassCastException: java.lang.Character cannot be cast to java.lang.Boolean
	at org.evosuite.testcase.TestCodeVisitor.visitPrimitiveAssertion(TestCodeVisitor.java:528) ~[evosuite.jar:1.0.7-SNAPSHOT]
	at org.evosuite.testcase.TestCodeVisitor.visitAssertion(TestCodeVisitor.java:914) ~[evosuite.jar:1.0.7-SNAPSHOT]
	at org.evosuite.testcase.TestCodeVisitor.addAssertions(TestCodeVisitor.java:956) ~[evosuite.jar:1.0.7-SNAPSHOT]
	at org.evosuite.testcase.TestCodeVisitor.visitMethodStatement(TestCodeVisitor.java:1507) ~[evosuite.jar:1.0.7-SNAPSHOT]
	at org.evosuite.testcase.TestVisitor.visitStatement(TestVisitor.java:147) ~[evosuite.jar:1.0.7-SNAPSHOT]
	at org.evosuite.testcase.TestCodeVisitor.visitStatement(TestCodeVisitor.java:1858) ~[evosuite.jar:1.0.7-SNAPSHOT]
	at org.evosuite.testcase.statements.AbstractStatement.getCode(AbstractStatement.java:255) ~[evosuite.jar:1.0.7-SNAPSHOT]
	at org.evosuite.testcase.statements.AbstractStatement.getCode(AbstractStatement.java:247) ~[evosuite.jar:1.0.7-SNAPSHOT]
	at org.evosuite.assertion.PrimitiveTraceObserver.visit(PrimitiveTraceObserver.java:116) ~[evosuite.jar:1.0.7-SNAPSHOT]
	at org.evosuite.assertion.AssertionTraceObserver.visitReturnValue(AssertionTraceObserver.java:131) ~[evosuite.jar:1.0.7-SNAPSHOT]
	at org.evosuite.assertion.PrimitiveTraceObserver.afterStatement(PrimitiveTraceObserver.java:51) ~[evosuite.jar:1.0.7-SNAPSHOT]
	at org.evosuite.testcase.execution.TestRunnable.lambda$informObservers_after$1(TestRunnable.java:155) [evosuite.jar:1.0.7-SNAPSHOT]
	at java.lang.Iterable.forEach(Iterable.java:75) ~[na:1.8.0_161]
	at org.evosuite.testcase.execution.TestRunnable.informObservers_after(TestRunnable.java:155) [evosuite.jar:1.0.7-SNAPSHOT]
	at org.evosuite.testcase.execution.TestRunnable.executeStatements(TestRunnable.java:351) [evosuite.jar:1.0.7-SNAPSHOT]
	at org.evosuite.testcase.execution.TestRunnable.call(TestRunnable.java:202) [evosuite.jar:1.0.7-SNAPSHOT]
	at org.evosuite.testcase.execution.TestRunnable.call(TestRunnable.java:55) [evosuite.jar:1.0.7-SNAPSHOT]
	at java.util.concurrent.FutureTask.run(FutureTask.java:266) [na:1.8.0_161]
	at java.util.concurrent.ThreadPoolExecutor.runWorker(ThreadPoolExecutor.java:1149) [na:1.8.0_161]
	at java.util.concurrent.ThreadPoolExecutor$Worker.run(ThreadPoolExecutor.java:624) [na:1.8.0_161]
	at java.lang.Thread.run(Thread.java:748) [na:1.8.0_161]
* Resulting test suite's mutation score: 59%
* Compiling and checking tests
* Writing tests to file
* Writing JUnit test case 'XMLTokener_ESTest' to /home/apaniche/mitchell/generation-scripts/evosuite_vanilla/tests/s4/json/evosuite-tests
* Done!

* Computation finished
* EvoSuite 1.0.7-SNAPSHOT
* Configuration: EvoSuite_vanilla
* Going to generate test cases for class: org.json.JSONTokener
* EvoSuite 1.0.7-SNAPSHOT
* Configuration: EvoSuite_vanilla
* Going to generate test cases for class: org.json.JSONArray
* Starting Client-0
* Starting Client-0
* Connecting to master process on port 2766
* Connecting to master process on port 2767
* Analyzing classpath: 
* Analyzing classpath: 
  - /home/apaniche/mitchell/generation-scripts/projects/json/json-20180813.jar
  - /home/apaniche/mitchell/generation-scripts/projects/json/json-20180813.jar
* Finished analyzing classpath
* Generating tests for class org.json.JSONTokener
* Test criteria:
  - Line Coverage
  - Branch Coverage
  - Exception
  - Mutation testing (weak)
  - Method-Output Coverage
  - Top-Level Method Coverage
  - No-Exception Top-Level Method Coverage
  - Context Branch Coverage
* Total number of test goals for DYNAMOSA: 1112
* Using seed 4
* Starting evolution
* Initial Number of Goals in DynaMOSA = 259 / 1112
* Finished analyzing classpath
* Generating tests for class org.json.JSONArray
* Test criteria:
  - Line Coverage
  - Branch Coverage
  - Exception
  - Mutation testing (weak)
  - Method-Output Coverage
  - Top-Level Method Coverage
  - No-Exception Top-Level Method Coverage
  - Context Branch Coverage
* Total number of test goals for DYNAMOSA: 2012
* Using seed 4
* Starting evolution
* Initial Number of Goals in DynaMOSA = 794 / 2012
[MASTER] 14:51:48.020 [logback-2] ERROR TestCluster - Failed to check cache for java.lang.Enum<E> : Type points to itself
[MASTER] 14:51:50.570 [logback-2] ERROR TestCluster - Failed to check cache for java.util.function.Function<T, R> : Type points to itself
* Search finished after 62s and 42 generations, 19717 statements, best individual has fitness: 102.0
* Minimizing test suite
* Going to analyze the coverage criteria
* Coverage analysis for criterion LINE
* Coverage of criterion LINE: 91%
* Total number of goals: 175
* Number of covered goals: 159
* Coverage analysis for criterion BRANCH
* Coverage of criterion BRANCH: 88%
* Total number of goals: 137
* Number of covered goals: 121
* Coverage analysis for criterion EXCEPTION
* Coverage of criterion EXCEPTION: 100%
* Total number of goals: 21
* Number of covered goals: 21
* Coverage analysis for criterion WEAKMUTATION
* Coverage of criterion WEAKMUTATION: 91%
* Total number of goals: 585
* Number of covered goals: 534
* Coverage analysis for criterion OUTPUT
* Coverage of criterion OUTPUT: 70%
* Total number of goals: 40
* Number of covered goals: 28
* Coverage analysis for criterion METHOD
* Coverage of criterion METHOD: 100%
* Total number of goals: 19
* Number of covered goals: 19
* Coverage analysis for criterion METHODNOEXCEPTION
* Coverage of criterion METHODNOEXCEPTION: 100%
* Total number of goals: 19
* Number of covered goals: 19
* Coverage analysis for criterion CBRANCH
* Coverage of criterion CBRANCH: 88%
* Total number of goals: 137
* Number of covered goals: 121
* Generated 72 tests with total length 208
* Resulting test suite's coverage: 87% (average coverage for all fitness functions)
* Generating assertions
* Search finished after 67s and 68 generations, 30623 statements, best individual has fitness: 561.0
[MASTER] 14:52:55.337 [logback-1] WARN  TimeController - Phase SEARCH lasted too long, 7 seconds more than allowed.
* Minimizing test suite
* Resulting test suite's mutation score: 51%
* Compiling and checking tests
* Writing tests to file
* Writing JUnit test case 'JSONTokener_ESTest' to /home/apaniche/mitchell/generation-scripts/evosuite_vanilla/tests/s4/json/evosuite-tests
* Done!

* Computation finished
* Going to analyze the coverage criteria
* Coverage analysis for criterion LINE
* Coverage of criterion LINE: 78%
* Total number of goals: 346
* Number of covered goals: 270
* Coverage analysis for criterion BRANCH
* Coverage of criterion BRANCH: 73%
* Total number of goals: 250
* Number of covered goals: 183
* Coverage analysis for criterion EXCEPTION
* Coverage of criterion EXCEPTION: 100%
* Total number of goals: 44
* Number of covered goals: 44
* Coverage analysis for criterion WEAKMUTATION
* Coverage of criterion WEAKMUTATION: 82%
* Total number of goals: 710
* Number of covered goals: 583
* Coverage analysis for criterion OUTPUT
* Coverage of criterion OUTPUT: 40%
* Total number of goals: 312
* Number of covered goals: 125
* Coverage analysis for criterion METHOD
* Coverage of criterion METHOD: 100%
* Total number of goals: 72
* Number of covered goals: 72
* Coverage analysis for criterion METHODNOEXCEPTION
* Coverage of criterion METHODNOEXCEPTION: 88%
* Total number of goals: 72
* Number of covered goals: 63
* Coverage analysis for criterion CBRANCH
* Coverage of criterion CBRANCH: 73%
* Total number of goals: 250
* Number of covered goals: 182
* Generated 160 tests with total length 505
* Resulting test suite's coverage: 74% (average coverage for all fitness functions)
* Generating assertions
* Resulting test suite's mutation score: 40%
* Compiling and checking tests
[MASTER] 14:54:17.005 [logback-1] WARN  JUnitAnalyzer - Found unstable test named test0 -> class java.lang.AssertionError: expected null, but was:<java.io.StringWriter@0000000003>
[MASTER] 14:54:17.006 [logback-1] WARN  JUnitAnalyzer - Failing test:
 LinkedList<Window.Type> linkedList0 = new LinkedList<Window.Type>();
JSONArray jSONArray0 = new JSONArray((Collection<?>) linkedList0);
jSONArray0.put(9975, (double) 9975);
String string0 = jSONArray0.toString();
assertNull(string0);


* Writing tests to file
* Writing JUnit test case 'JSONArray_ESTest' to /home/apaniche/mitchell/generation-scripts/evosuite_vanilla/tests/s4/json/evosuite-tests
* Done!

* Computation finished
* EvoSuite 1.0.7-SNAPSHOT
* Configuration: EvoSuite_vanilla
* Going to generate test cases for class: org.json.JSONObject
* Starting Client-0
* Connecting to master process on port 2768
* Analyzing classpath: 
  - /home/apaniche/mitchell/generation-scripts/projects/json/json-20180813.jar
* Finished analyzing classpath
* Generating tests for class org.json.JSONObject
* Test criteria:
  - Line Coverage
  - Branch Coverage
  - Exception
  - Mutation testing (weak)
  - Method-Output Coverage
  - Top-Level Method Coverage
  - No-Exception Top-Level Method Coverage
  - Context Branch Coverage
* Total number of test goals for DYNAMOSA: 3382
* Using seed 4
* Starting evolution
* Initial Number of Goals in DynaMOSA = 850 / 3382
[MASTER] 14:54:41.567 [logback-2] ERROR TestCluster - Failed to check cache for java.util.LinkedList<E> : Type points to itself
[MASTER] 14:54:41.568 [logback-2] ERROR TestCluster - Failed to check cache for java.util.HashMap<K, V> : Type points to itself
[MASTER] 14:54:41.570 [logback-2] ERROR TestCluster - Failed to check cache for java.lang.Enum<E> : Type points to itself
[MASTER] 14:54:41.578 [logback-2] ERROR TestCluster - Failed to check cache for java.util.AbstractMap<K, V>.SimpleEntry<K, V> : Type points to itself
[MASTER] 14:54:41.579 [logback-2] ERROR TestCluster - Failed to check cache for java.util.AbstractMap<K, V>.SimpleImmutableEntry<K, V> : Type points to itself
* Search finished after 63s and 63 generations, 38135 statements, best individual has fitness: 1139.0
* Minimizing test suite
* Going to analyze the coverage criteria
* Coverage analysis for criterion LINE
* Coverage of criterion LINE: 72%
* Total number of goals: 711
* Number of covered goals: 512
* Coverage analysis for criterion BRANCH
* Coverage of criterion BRANCH: 68%
* Total number of goals: 595
* Number of covered goals: 405
* Coverage analysis for criterion EXCEPTION
* Coverage of criterion EXCEPTION: 100%
* Total number of goals: 57
* Number of covered goals: 57
* Coverage analysis for criterion WEAKMUTATION
* Coverage of criterion WEAKMUTATION: 73%
* Total number of goals: 937
* Number of covered goals: 686
* Coverage analysis for criterion OUTPUT
* Coverage of criterion OUTPUT: 37%
* Total number of goals: 358
* Number of covered goals: 133
* Coverage analysis for criterion METHOD
* Coverage of criterion METHOD: 97%
* Total number of goals: 93
* Number of covered goals: 90
* Coverage analysis for criterion METHODNOEXCEPTION
* Coverage of criterion METHODNOEXCEPTION: 84%
* Total number of goals: 93
* Number of covered goals: 78
* Coverage analysis for criterion CBRANCH
* Coverage of criterion CBRANCH: 64%
* Total number of goals: 595
* Number of covered goals: 382
* Generated 206 tests with total length 541
* Resulting test suite's coverage: 69% (average coverage for all fitness functions)
* Generating assertions
[MASTER] 14:56:29.711 [logback-2] ERROR TestRunnable - Suppressed/ignored exception during test case execution on class org.json.JSONObject: java.lang.Double cannot be cast to java.lang.Boolean
java.lang.ClassCastException: java.lang.Double cannot be cast to java.lang.Boolean
	at org.evosuite.testcase.TestCodeVisitor.visitPrimitiveAssertion(TestCodeVisitor.java:528) ~[evosuite.jar:1.0.7-SNAPSHOT]
	at org.evosuite.testcase.TestCodeVisitor.visitAssertion(TestCodeVisitor.java:914) ~[evosuite.jar:1.0.7-SNAPSHOT]
	at org.evosuite.testcase.TestCodeVisitor.addAssertions(TestCodeVisitor.java:956) ~[evosuite.jar:1.0.7-SNAPSHOT]
	at org.evosuite.testcase.TestCodeVisitor.visitMethodStatement(TestCodeVisitor.java:1507) ~[evosuite.jar:1.0.7-SNAPSHOT]
	at org.evosuite.testcase.TestVisitor.visitStatement(TestVisitor.java:147) ~[evosuite.jar:1.0.7-SNAPSHOT]
	at org.evosuite.testcase.TestCodeVisitor.visitStatement(TestCodeVisitor.java:1858) ~[evosuite.jar:1.0.7-SNAPSHOT]
	at org.evosuite.testcase.statements.AbstractStatement.getCode(AbstractStatement.java:255) ~[evosuite.jar:1.0.7-SNAPSHOT]
	at org.evosuite.testcase.statements.AbstractStatement.getCode(AbstractStatement.java:247) ~[evosuite.jar:1.0.7-SNAPSHOT]
	at org.evosuite.assertion.PrimitiveTraceObserver.visit(PrimitiveTraceObserver.java:116) ~[evosuite.jar:1.0.7-SNAPSHOT]
	at org.evosuite.assertion.AssertionTraceObserver.visitReturnValue(AssertionTraceObserver.java:131) ~[evosuite.jar:1.0.7-SNAPSHOT]
	at org.evosuite.assertion.PrimitiveTraceObserver.afterStatement(PrimitiveTraceObserver.java:51) ~[evosuite.jar:1.0.7-SNAPSHOT]
	at org.evosuite.testcase.execution.TestRunnable.lambda$informObservers_after$1(TestRunnable.java:155) [evosuite.jar:1.0.7-SNAPSHOT]
	at java.lang.Iterable.forEach(Iterable.java:75) ~[na:1.8.0_161]
	at org.evosuite.testcase.execution.TestRunnable.informObservers_after(TestRunnable.java:155) [evosuite.jar:1.0.7-SNAPSHOT]
	at org.evosuite.testcase.execution.TestRunnable.executeStatements(TestRunnable.java:351) [evosuite.jar:1.0.7-SNAPSHOT]
	at org.evosuite.testcase.execution.TestRunnable.call(TestRunnable.java:202) [evosuite.jar:1.0.7-SNAPSHOT]
	at org.evosuite.testcase.execution.TestRunnable.call(TestRunnable.java:55) [evosuite.jar:1.0.7-SNAPSHOT]
	at java.util.concurrent.FutureTask.run(FutureTask.java:266) [na:1.8.0_161]
	at java.util.concurrent.ThreadPoolExecutor.runWorker(ThreadPoolExecutor.java:1149) [na:1.8.0_161]
	at java.util.concurrent.ThreadPoolExecutor$Worker.run(ThreadPoolExecutor.java:624) [na:1.8.0_161]
	at java.lang.Thread.run(Thread.java:748) [na:1.8.0_161]
[MASTER] 14:56:29.822 [logback-2] ERROR TestRunnable - Suppressed/ignored exception during test case execution on class org.json.JSONObject: java.lang.String cannot be cast to java.lang.Boolean
java.lang.ClassCastException: java.lang.String cannot be cast to java.lang.Boolean
	at org.evosuite.testcase.TestCodeVisitor.visitPrimitiveAssertion(TestCodeVisitor.java:528) ~[evosuite.jar:1.0.7-SNAPSHOT]
	at org.evosuite.testcase.TestCodeVisitor.visitAssertion(TestCodeVisitor.java:914) ~[evosuite.jar:1.0.7-SNAPSHOT]
	at org.evosuite.testcase.TestCodeVisitor.addAssertions(TestCodeVisitor.java:956) ~[evosuite.jar:1.0.7-SNAPSHOT]
	at org.evosuite.testcase.TestCodeVisitor.visitMethodStatement(TestCodeVisitor.java:1507) ~[evosuite.jar:1.0.7-SNAPSHOT]
	at org.evosuite.testcase.TestVisitor.visitStatement(TestVisitor.java:147) ~[evosuite.jar:1.0.7-SNAPSHOT]
	at org.evosuite.testcase.TestCodeVisitor.visitStatement(TestCodeVisitor.java:1858) ~[evosuite.jar:1.0.7-SNAPSHOT]
	at org.evosuite.testcase.statements.AbstractStatement.getCode(AbstractStatement.java:255) ~[evosuite.jar:1.0.7-SNAPSHOT]
	at org.evosuite.testcase.statements.AbstractStatement.getCode(AbstractStatement.java:247) ~[evosuite.jar:1.0.7-SNAPSHOT]
	at org.evosuite.assertion.PrimitiveTraceObserver.visit(PrimitiveTraceObserver.java:116) ~[evosuite.jar:1.0.7-SNAPSHOT]
	at org.evosuite.assertion.AssertionTraceObserver.visitReturnValue(AssertionTraceObserver.java:131) ~[evosuite.jar:1.0.7-SNAPSHOT]
	at org.evosuite.assertion.PrimitiveTraceObserver.afterStatement(PrimitiveTraceObserver.java:51) ~[evosuite.jar:1.0.7-SNAPSHOT]
	at org.evosuite.testcase.execution.TestRunnable.lambda$informObservers_after$1(TestRunnable.java:155) [evosuite.jar:1.0.7-SNAPSHOT]
	at java.lang.Iterable.forEach(Iterable.java:75) ~[na:1.8.0_161]
	at org.evosuite.testcase.execution.TestRunnable.informObservers_after(TestRunnable.java:155) [evosuite.jar:1.0.7-SNAPSHOT]
	at org.evosuite.testcase.execution.TestRunnable.executeStatements(TestRunnable.java:351) [evosuite.jar:1.0.7-SNAPSHOT]
	at org.evosuite.testcase.execution.TestRunnable.call(TestRunnable.java:202) [evosuite.jar:1.0.7-SNAPSHOT]
	at org.evosuite.testcase.execution.TestRunnable.call(TestRunnable.java:55) [evosuite.jar:1.0.7-SNAPSHOT]
	at java.util.concurrent.FutureTask.run(FutureTask.java:266) [na:1.8.0_161]
	at java.util.concurrent.ThreadPoolExecutor.runWorker(ThreadPoolExecutor.java:1149) [na:1.8.0_161]
	at java.util.concurrent.ThreadPoolExecutor$Worker.run(ThreadPoolExecutor.java:624) [na:1.8.0_161]
	at java.lang.Thread.run(Thread.java:748) [na:1.8.0_161]
[MASTER] 14:56:29.853 [logback-2] ERROR TestRunnable - Suppressed/ignored exception during test case execution on class org.json.JSONObject: java.lang.Integer cannot be cast to java.lang.Boolean
java.lang.ClassCastException: java.lang.Integer cannot be cast to java.lang.Boolean
	at org.evosuite.testcase.TestCodeVisitor.visitPrimitiveAssertion(TestCodeVisitor.java:528) ~[evosuite.jar:1.0.7-SNAPSHOT]
	at org.evosuite.testcase.TestCodeVisitor.visitAssertion(TestCodeVisitor.java:914) ~[evosuite.jar:1.0.7-SNAPSHOT]
	at org.evosuite.testcase.TestCodeVisitor.addAssertions(TestCodeVisitor.java:956) ~[evosuite.jar:1.0.7-SNAPSHOT]
	at org.evosuite.testcase.TestCodeVisitor.visitMethodStatement(TestCodeVisitor.java:1507) ~[evosuite.jar:1.0.7-SNAPSHOT]
	at org.evosuite.testcase.TestVisitor.visitStatement(TestVisitor.java:147) ~[evosuite.jar:1.0.7-SNAPSHOT]
	at org.evosuite.testcase.TestCodeVisitor.visitStatement(TestCodeVisitor.java:1858) ~[evosuite.jar:1.0.7-SNAPSHOT]
	at org.evosuite.testcase.statements.AbstractStatement.getCode(AbstractStatement.java:255) ~[evosuite.jar:1.0.7-SNAPSHOT]
	at org.evosuite.testcase.statements.AbstractStatement.getCode(AbstractStatement.java:247) ~[evosuite.jar:1.0.7-SNAPSHOT]
	at org.evosuite.assertion.PrimitiveTraceObserver.visit(PrimitiveTraceObserver.java:116) ~[evosuite.jar:1.0.7-SNAPSHOT]
	at org.evosuite.assertion.AssertionTraceObserver.visitReturnValue(AssertionTraceObserver.java:131) ~[evosuite.jar:1.0.7-SNAPSHOT]
	at org.evosuite.assertion.PrimitiveTraceObserver.afterStatement(PrimitiveTraceObserver.java:51) ~[evosuite.jar:1.0.7-SNAPSHOT]
	at org.evosuite.testcase.execution.TestRunnable.lambda$informObservers_after$1(TestRunnable.java:155) [evosuite.jar:1.0.7-SNAPSHOT]
	at java.lang.Iterable.forEach(Iterable.java:75) ~[na:1.8.0_161]
	at org.evosuite.testcase.execution.TestRunnable.informObservers_after(TestRunnable.java:155) [evosuite.jar:1.0.7-SNAPSHOT]
	at org.evosuite.testcase.execution.TestRunnable.executeStatements(TestRunnable.java:351) [evosuite.jar:1.0.7-SNAPSHOT]
	at org.evosuite.testcase.execution.TestRunnable.call(TestRunnable.java:202) [evosuite.jar:1.0.7-SNAPSHOT]
	at org.evosuite.testcase.execution.TestRunnable.call(TestRunnable.java:55) [evosuite.jar:1.0.7-SNAPSHOT]
	at java.util.concurrent.FutureTask.run(FutureTask.java:266) [na:1.8.0_161]
	at java.util.concurrent.ThreadPoolExecutor.runWorker(ThreadPoolExecutor.java:1149) [na:1.8.0_161]
	at java.util.concurrent.ThreadPoolExecutor$Worker.run(ThreadPoolExecutor.java:624) [na:1.8.0_161]
	at java.lang.Thread.run(Thread.java:748) [na:1.8.0_161]
[MASTER] 14:56:29.877 [logback-2] ERROR TestRunnable - Suppressed/ignored exception during test case execution on class org.json.JSONObject: java.lang.Integer cannot be cast to java.lang.Boolean
java.lang.ClassCastException: java.lang.Integer cannot be cast to java.lang.Boolean
	at org.evosuite.testcase.TestCodeVisitor.visitPrimitiveAssertion(TestCodeVisitor.java:528) ~[evosuite.jar:1.0.7-SNAPSHOT]
	at org.evosuite.testcase.TestCodeVisitor.visitAssertion(TestCodeVisitor.java:914) ~[evosuite.jar:1.0.7-SNAPSHOT]
	at org.evosuite.testcase.TestCodeVisitor.addAssertions(TestCodeVisitor.java:956) ~[evosuite.jar:1.0.7-SNAPSHOT]
	at org.evosuite.testcase.TestCodeVisitor.visitMethodStatement(TestCodeVisitor.java:1507) ~[evosuite.jar:1.0.7-SNAPSHOT]
	at org.evosuite.testcase.TestVisitor.visitStatement(TestVisitor.java:147) ~[evosuite.jar:1.0.7-SNAPSHOT]
	at org.evosuite.testcase.TestCodeVisitor.visitStatement(TestCodeVisitor.java:1858) ~[evosuite.jar:1.0.7-SNAPSHOT]
	at org.evosuite.testcase.statements.AbstractStatement.getCode(AbstractStatement.java:255) ~[evosuite.jar:1.0.7-SNAPSHOT]
	at org.evosuite.testcase.statements.AbstractStatement.getCode(AbstractStatement.java:247) ~[evosuite.jar:1.0.7-SNAPSHOT]
	at org.evosuite.assertion.PrimitiveTraceObserver.visit(PrimitiveTraceObserver.java:116) ~[evosuite.jar:1.0.7-SNAPSHOT]
	at org.evosuite.assertion.AssertionTraceObserver.visitReturnValue(AssertionTraceObserver.java:131) ~[evosuite.jar:1.0.7-SNAPSHOT]
	at org.evosuite.assertion.PrimitiveTraceObserver.afterStatement(PrimitiveTraceObserver.java:51) ~[evosuite.jar:1.0.7-SNAPSHOT]
	at org.evosuite.testcase.execution.TestRunnable.lambda$informObservers_after$1(TestRunnable.java:155) [evosuite.jar:1.0.7-SNAPSHOT]
	at java.lang.Iterable.forEach(Iterable.java:75) ~[na:1.8.0_161]
	at org.evosuite.testcase.execution.TestRunnable.informObservers_after(TestRunnable.java:155) [evosuite.jar:1.0.7-SNAPSHOT]
	at org.evosuite.testcase.execution.TestRunnable.executeStatements(TestRunnable.java:351) [evosuite.jar:1.0.7-SNAPSHOT]
	at org.evosuite.testcase.execution.TestRunnable.call(TestRunnable.java:202) [evosuite.jar:1.0.7-SNAPSHOT]
	at org.evosuite.testcase.execution.TestRunnable.call(TestRunnable.java:55) [evosuite.jar:1.0.7-SNAPSHOT]
	at java.util.concurrent.FutureTask.run(FutureTask.java:266) [na:1.8.0_161]
	at java.util.concurrent.ThreadPoolExecutor.runWorker(ThreadPoolExecutor.java:1149) [na:1.8.0_161]
	at java.util.concurrent.ThreadPoolExecutor$Worker.run(ThreadPoolExecutor.java:624) [na:1.8.0_161]
	at java.lang.Thread.run(Thread.java:748) [na:1.8.0_161]
[MASTER] 14:56:40.487 [logback-2] ERROR TestRunnable - Suppressed/ignored exception during test case execution on class org.json.JSONObject: java.lang.String cannot be cast to java.lang.Boolean
java.lang.ClassCastException: java.lang.String cannot be cast to java.lang.Boolean
	at org.evosuite.testcase.TestCodeVisitor.visitPrimitiveAssertion(TestCodeVisitor.java:528) ~[evosuite.jar:1.0.7-SNAPSHOT]
	at org.evosuite.testcase.TestCodeVisitor.visitAssertion(TestCodeVisitor.java:914) ~[evosuite.jar:1.0.7-SNAPSHOT]
	at org.evosuite.testcase.TestCodeVisitor.addAssertions(TestCodeVisitor.java:956) ~[evosuite.jar:1.0.7-SNAPSHOT]
	at org.evosuite.testcase.TestCodeVisitor.visitMethodStatement(TestCodeVisitor.java:1507) ~[evosuite.jar:1.0.7-SNAPSHOT]
	at org.evosuite.testcase.TestVisitor.visitStatement(TestVisitor.java:147) ~[evosuite.jar:1.0.7-SNAPSHOT]
	at org.evosuite.testcase.TestCodeVisitor.visitStatement(TestCodeVisitor.java:1858) ~[evosuite.jar:1.0.7-SNAPSHOT]
	at org.evosuite.testcase.statements.AbstractStatement.getCode(AbstractStatement.java:255) ~[evosuite.jar:1.0.7-SNAPSHOT]
	at org.evosuite.testcase.statements.AbstractStatement.getCode(AbstractStatement.java:247) ~[evosuite.jar:1.0.7-SNAPSHOT]
	at org.evosuite.assertion.PrimitiveTraceObserver.visit(PrimitiveTraceObserver.java:116) ~[evosuite.jar:1.0.7-SNAPSHOT]
	at org.evosuite.assertion.AssertionTraceObserver.visitReturnValue(AssertionTraceObserver.java:131) ~[evosuite.jar:1.0.7-SNAPSHOT]
	at org.evosuite.assertion.PrimitiveTraceObserver.afterStatement(PrimitiveTraceObserver.java:51) ~[evosuite.jar:1.0.7-SNAPSHOT]
	at org.evosuite.testcase.execution.TestRunnable.lambda$informObservers_after$1(TestRunnable.java:155) [evosuite.jar:1.0.7-SNAPSHOT]
	at java.lang.Iterable.forEach(Iterable.java:75) ~[na:1.8.0_161]
	at org.evosuite.testcase.execution.TestRunnable.informObservers_after(TestRunnable.java:155) [evosuite.jar:1.0.7-SNAPSHOT]
	at org.evosuite.testcase.execution.TestRunnable.executeStatements(TestRunnable.java:351) [evosuite.jar:1.0.7-SNAPSHOT]
	at org.evosuite.testcase.execution.TestRunnable.call(TestRunnable.java:202) [evosuite.jar:1.0.7-SNAPSHOT]
	at org.evosuite.testcase.execution.TestRunnable.call(TestRunnable.java:55) [evosuite.jar:1.0.7-SNAPSHOT]
	at java.util.concurrent.FutureTask.run(FutureTask.java:266) [na:1.8.0_161]
	at java.util.concurrent.ThreadPoolExecutor.runWorker(ThreadPoolExecutor.java:1149) [na:1.8.0_161]
	at java.util.concurrent.ThreadPoolExecutor$Worker.run(ThreadPoolExecutor.java:624) [na:1.8.0_161]
	at java.lang.Thread.run(Thread.java:748) [na:1.8.0_161]
[MASTER] 14:56:40.637 [logback-2] ERROR TestRunnable - Suppressed/ignored exception during test case execution on class org.json.JSONObject: java.lang.String cannot be cast to java.lang.Boolean
java.lang.ClassCastException: java.lang.String cannot be cast to java.lang.Boolean
	at org.evosuite.testcase.TestCodeVisitor.visitPrimitiveAssertion(TestCodeVisitor.java:528) ~[evosuite.jar:1.0.7-SNAPSHOT]
	at org.evosuite.testcase.TestCodeVisitor.visitAssertion(TestCodeVisitor.java:914) ~[evosuite.jar:1.0.7-SNAPSHOT]
	at org.evosuite.testcase.TestCodeVisitor.addAssertions(TestCodeVisitor.java:956) ~[evosuite.jar:1.0.7-SNAPSHOT]
	at org.evosuite.testcase.TestCodeVisitor.visitMethodStatement(TestCodeVisitor.java:1507) ~[evosuite.jar:1.0.7-SNAPSHOT]
	at org.evosuite.testcase.TestVisitor.visitStatement(TestVisitor.java:147) ~[evosuite.jar:1.0.7-SNAPSHOT]
	at org.evosuite.testcase.TestCodeVisitor.visitStatement(TestCodeVisitor.java:1858) ~[evosuite.jar:1.0.7-SNAPSHOT]
	at org.evosuite.testcase.statements.AbstractStatement.getCode(AbstractStatement.java:255) ~[evosuite.jar:1.0.7-SNAPSHOT]
	at org.evosuite.testcase.statements.AbstractStatement.getCode(AbstractStatement.java:247) ~[evosuite.jar:1.0.7-SNAPSHOT]
	at org.evosuite.assertion.PrimitiveTraceObserver.visit(PrimitiveTraceObserver.java:116) ~[evosuite.jar:1.0.7-SNAPSHOT]
	at org.evosuite.assertion.AssertionTraceObserver.visitReturnValue(AssertionTraceObserver.java:131) ~[evosuite.jar:1.0.7-SNAPSHOT]
	at org.evosuite.assertion.PrimitiveTraceObserver.afterStatement(PrimitiveTraceObserver.java:51) ~[evosuite.jar:1.0.7-SNAPSHOT]
	at org.evosuite.testcase.execution.TestRunnable.lambda$informObservers_after$1(TestRunnable.java:155) [evosuite.jar:1.0.7-SNAPSHOT]
	at java.lang.Iterable.forEach(Iterable.java:75) ~[na:1.8.0_161]
	at org.evosuite.testcase.execution.TestRunnable.informObservers_after(TestRunnable.java:155) [evosuite.jar:1.0.7-SNAPSHOT]
	at org.evosuite.testcase.execution.TestRunnable.executeStatements(TestRunnable.java:351) [evosuite.jar:1.0.7-SNAPSHOT]
	at org.evosuite.testcase.execution.TestRunnable.call(TestRunnable.java:202) [evosuite.jar:1.0.7-SNAPSHOT]
	at org.evosuite.testcase.execution.TestRunnable.call(TestRunnable.java:55) [evosuite.jar:1.0.7-SNAPSHOT]
	at java.util.concurrent.FutureTask.run(FutureTask.java:266) [na:1.8.0_161]
	at java.util.concurrent.ThreadPoolExecutor.runWorker(ThreadPoolExecutor.java:1149) [na:1.8.0_161]
	at java.util.concurrent.ThreadPoolExecutor$Worker.run(ThreadPoolExecutor.java:624) [na:1.8.0_161]
	at java.lang.Thread.run(Thread.java:748) [na:1.8.0_161]
* Resulting test suite's mutation score: 33%
* Compiling and checking tests
[MASTER] 14:56:53.027 [logback-1] WARN  JUnitAnalyzer - Found unstable test named test0 -> class java.lang.ClassCastException: org.json.JSONArray cannot be cast to java.util.LinkedList
[MASTER] 14:56:53.028 [logback-1] WARN  JUnitAnalyzer - Failing test:
 LinkedList<String> linkedList0 = new LinkedList<String>();
LinkedList linkedList1 = (LinkedList)JSONObject.wrap(linkedList0);
assertTrue(linkedList1.isEmpty());


* Permissions denied during test execution: 
  - java.lang.RuntimePermission: 
         writeFileDescriptor: 6
* Writing tests to file
* Writing JUnit test case 'JSONObject_ESTest' to /home/apaniche/mitchell/generation-scripts/evosuite_vanilla/tests/s4/json/evosuite-tests
* Done!

* Computation finished
