* EvoSuite 1.0.7-SNAPSHOT
* Configuration: EvoSuite_fuzzer
* Going to generate test cases for class: com.alibaba.fastjson.JSON
* EvoSuite 1.0.7-SNAPSHOT
* Configuration: EvoSuite_fuzzer
* Going to generate test cases for class: com.alibaba.fastjson.JSONWriter
* EvoSuite 1.0.7-SNAPSHOT
* Configuration: EvoSuite_fuzzer
* Going to generate test cases for class: com.alibaba.fastjson.parser.JSONScanner
* EvoSuite 1.0.7-SNAPSHOT
* Configuration: EvoSuite_fuzzer
* Going to generate test cases for class: com.alibaba.fastjson.JSONReader
* EvoSuite 1.0.7-SNAPSHOT
* Configuration: EvoSuite_fuzzer
* Going to generate test cases for class: com.alibaba.fastjson.JSONObject
* Starting Client-0
* Starting Client-0
* Connecting to master process on port 6919
* Starting Client-0
* Starting Client-0
* Connecting to master process on port 6917
* Connecting to master process on port 6920
* Connecting to master process on port 6921
* Starting Client-0
* Connecting to master process on port 6923
* Analyzing classpath: 
* Analyzing classpath: 
* Analyzing classpath: 
* Analyzing classpath: 
* Analyzing classpath: 
  - /home/apaniche/mitchell/generation-scripts/projects/fastjson/fastjson-1.2.68.jar
  - /home/apaniche/mitchell/generation-scripts/projects/fastjson/fastjson-1.2.68.jar
* Finished analyzing classpath
* Generating tests for class com.alibaba.fastjson.JSONWriter
* Test criteria:
  - Line Coverage
  - Branch Coverage
  - Exception
  - Mutation testing (weak)
  - Method-Output Coverage
  - Top-Level Method Coverage
  - No-Exception Top-Level Method Coverage
  - Context Branch Coverage
  - /home/apaniche/mitchell/generation-scripts/projects/fastjson/fastjson-1.2.68.jar
  - /home/apaniche/mitchell/generation-scripts/projects/fastjson/fastjson-1.2.68.jar
* Total number of test goals for DYNAMOSA: 429
* Using seed 14
* Starting evolution
* Initial Number of Goals in DynaMOSA = 130 / 429
[MASTER] 19:37:47.031 [logback-1] WARN  CheapPurityAnalyzer - com.google.common.collect.ArrayListMultimap was not found in the inheritance tree. Using DEFAULT value for cheap-purity analysis
[MASTER] 19:37:47.032 [logback-1] WARN  InheritanceTree - Class not in inheritance graph: com.google.common.collect.ArrayListMultimap
* Finished analyzing classpath
* Generating tests for class com.alibaba.fastjson.JSONReader
* Test criteria:
  - Line Coverage
  - Branch Coverage
  - Exception
  - Mutation testing (weak)
  - Method-Output Coverage
  - Top-Level Method Coverage
  - No-Exception Top-Level Method Coverage
  - Context Branch Coverage
[MASTER] 19:37:47.920 [logback-1] WARN  CheapPurityAnalyzer - com.google.common.collect.ArrayListMultimap was not found in the inheritance tree. Using DEFAULT value for cheap-purity analysis
[MASTER] 19:37:47.921 [logback-1] WARN  InheritanceTree - Class not in inheritance graph: com.google.common.collect.ArrayListMultimap
* Total number of test goals for DYNAMOSA: 740
* Using seed 14
* Starting evolution
* Initial Number of Goals in DynaMOSA = 232 / 740
[MASTER] 19:37:48.409 [logback-1] WARN  CheapPurityAnalyzer - com.google.common.collect.ArrayListMultimap was not found in the inheritance tree. Using DEFAULT value for cheap-purity analysis
[MASTER] 19:37:48.409 [logback-1] WARN  InheritanceTree - Class not in inheritance graph: com.google.common.collect.ArrayListMultimap
* Finished analyzing classpath
* Generating tests for class com.alibaba.fastjson.JSONObject
* Test criteria:
  - Line Coverage
  - Branch Coverage
  - Exception
  - Mutation testing (weak)
  - Method-Output Coverage
  - Top-Level Method Coverage
  - No-Exception Top-Level Method Coverage
  - Context Branch Coverage
[MASTER] 19:37:48.978 [logback-2] ERROR TestCluster - Failed to check cache for java.util.Map<K, V>.Entry<K, V> : Type points to itself
* Total number of test goals for DYNAMOSA: 1211
* Using seed 14
* Starting evolution
* Initial Number of Goals in DynaMOSA = 496 / 1211
[MASTER] 19:37:49.216 [logback-2] ERROR TestCluster - Failed to check cache for java.util.LinkedList<E> : Type points to itself
[MASTER] 19:37:49.216 [logback-2] ERROR TestCluster - Failed to check cache for java.util.AbstractMap<K, V>.SimpleEntry<K, V> : Type points to itself
[MASTER] 19:37:49.216 [logback-2] ERROR TestCluster - Failed to check cache for java.util.AbstractMap<K, V>.SimpleImmutableEntry<K, V> : Type points to itself
[MASTER] 19:37:49.217 [logback-2] ERROR TestCluster - Failed to check cache for java.util.HashMap<K, V> : Type points to itself
[MASTER] 19:37:49.277 [logback-2] ERROR TestCluster - Failed to check cache for java.lang.reflect.Constructor<T> : Type points to itself
* Finished analyzing classpath
* Generating tests for class com.alibaba.fastjson.JSON
* Test criteria:
  - Line Coverage
  - Branch Coverage
  - Exception
  - Mutation testing (weak)
  - Method-Output Coverage
  - Top-Level Method Coverage
  - No-Exception Top-Level Method Coverage
  - Context Branch Coverage
[MASTER] 19:37:49.781 [logback-2] ERROR TestCluster - Failed to check cache for java.lang.reflect.Constructor<T> : Type points to itself
* Total number of test goals for DYNAMOSA: 2080
* Using seed 14
* Starting evolution
* Initial Number of Goals in DynaMOSA = 747 / 2080
[MASTER] 19:37:50.065 [logback-2] ERROR TestCluster - Failed to check cache for java.util.LinkedList<E> : Type points to itself
[MASTER] 19:37:50.067 [logback-2] ERROR TestCluster - Failed to check cache for java.util.HashMap<K, V> : Type points to itself
[MASTER] 19:37:50.102 [logback-2] ERROR TestCluster - Failed to check cache for java.lang.Enum<E> : Type points to itself
[MASTER] 19:37:50.111 [logback-2] ERROR TestCluster - Failed to check cache for java.util.AbstractMap<K, V>.SimpleEntry<K, V> : Type points to itself
[MASTER] 19:37:50.112 [logback-2] ERROR TestCluster - Failed to check cache for java.util.AbstractMap<K, V>.SimpleImmutableEntry<K, V> : Type points to itself
  - /home/apaniche/mitchell/generation-scripts/projects/fastjson/fastjson-1.2.68.jar
[MASTER] 19:37:51.677 [logback-2] ERROR TestCluster - Failed to check cache for java.lang.reflect.Constructor<T> : Type points to itself
* Finished analyzing classpath
* Generating tests for class com.alibaba.fastjson.parser.JSONScanner
* Test criteria:
  - Line Coverage
  - Branch Coverage
  - Exception
  - Mutation testing (weak)
  - Method-Output Coverage
  - Top-Level Method Coverage
  - No-Exception Top-Level Method Coverage
  - Context Branch Coverage
[MASTER] 19:37:53.273 [logback-2] ERROR TestCluster - Failed to check cache for java.util.Comparator<T> : Type points to itself
* Total number of test goals for DYNAMOSA: 5652
* Using seed 14
* Starting evolution
* Initial Number of Goals in DynaMOSA = 470 / 5652
[MASTER] 19:37:54.475 [logback-1] WARN  CheapPurityAnalyzer - com.google.common.collect.ArrayListMultimap was not found in the inheritance tree. Using DEFAULT value for cheap-purity analysis
[MASTER] 19:37:54.477 [logback-1] WARN  InheritanceTree - Class not in inheritance graph: com.google.common.collect.ArrayListMultimap
[MASTER] 19:37:54.575 [logback-2] ERROR TestCluster - Failed to check cache for java.util.Enumeration<E> : Type points to itself
[MASTER] 19:37:55.207 [logback-2] ERROR TestCluster - Failed to check cache for java.util.Enumeration<E> : Type points to itself
[MASTER] 19:37:58.110 [logback-2] ERROR TestCluster - Failed to check cache for java.util.Comparator<T> : Type points to itself
[MASTER] 19:37:59.836 [logback-2] ERROR TestCluster - Failed to check cache for java.lang.reflect.Constructor<T> : Type points to itself
[MASTER] 19:38:18.177 [logback-2] ERROR TestCluster - Failed to check cache for java.util.function.Function<T, R> : Type points to itself
[MASTER] 19:38:38.971 [logback-2] ERROR TestCluster - Failed to check cache for java.util.Comparator<T> : Type points to itself
* Search finished after 181s and 2248 generations, 810657 statements, best individual has fitness: 31.0
* Minimizing test suite
* Going to analyze the coverage criteria
* Coverage analysis for criterion LINE
* Coverage of criterion LINE: 100%
* Total number of goals: 97
* Number of covered goals: 97
* Coverage analysis for criterion BRANCH
* Coverage of criterion BRANCH: 93%
* Total number of goals: 76
* Number of covered goals: 71
* Coverage analysis for criterion EXCEPTION
* Coverage of criterion EXCEPTION: 100%
* Total number of goals: 19
* Number of covered goals: 19
* Coverage analysis for criterion WEAKMUTATION
* Coverage of criterion WEAKMUTATION: 99%
* Total number of goals: 148
* Number of covered goals: 146
* Coverage analysis for criterion OUTPUT
* Coverage of criterion OUTPUT: 100% (no goals)
* Coverage analysis for criterion METHOD
* Coverage of criterion METHOD: 100%
* Total number of goals: 16
* Number of covered goals: 16
* Coverage analysis for criterion METHODNOEXCEPTION
* Coverage of criterion METHODNOEXCEPTION: 100%
* Total number of goals: 16
* Number of covered goals: 16
* Coverage analysis for criterion CBRANCH
* Coverage of criterion CBRANCH: 93%
* Total number of goals: 76
* Number of covered goals: 71
* Generated 29 tests with total length 126
* Resulting test suite's coverage: 92% (average coverage for all fitness functions)
* Generating assertions
* Resulting test suite's mutation score: 19%
* Compiling and checking tests
* Search finished after 183s and 34 generations, 10297 statements, best individual has fitness: 567.0
* Minimizing test suite
* Search finished after 182s and 112 generations, 46802 statements, best individual has fitness: 516.0
* Going to analyze the coverage criteria
* Coverage analysis for criterion LINE
* Search finished after 183s and 210 generations, 124133 statements, best individual has fitness: 521.0
* Coverage of criterion LINE: 31%
* Total number of goals: 157
* Number of covered goals: 48
* Coverage analysis for criterion BRANCH
* Coverage of criterion BRANCH: 23%
* Total number of goals: 115
* Number of covered goals: 26
* Coverage analysis for criterion EXCEPTION
* Coverage of criterion EXCEPTION: 100%
* Total number of goals: 38
* Number of covered goals: 38
* Coverage analysis for criterion WEAKMUTATION
* Coverage of criterion WEAKMUTATION: 20%
* Total number of goals: 266
* Number of covered goals: 54
* Coverage analysis for criterion OUTPUT
* Coverage of criterion OUTPUT: 24%
* Total number of goals: 37
* Number of covered goals: 9
* Coverage analysis for criterion METHOD
* Coverage of criterion METHOD: 100%
* Total number of goals: 25
* Number of covered goals: 25
* Coverage analysis for criterion METHODNOEXCEPTION
* Coverage of criterion METHODNOEXCEPTION: 64%
* Total number of goals: 25
* Number of covered goals: 16
* Coverage analysis for criterion CBRANCH
* Coverage of criterion CBRANCH: 23%
* Total number of goals: 115
* Number of covered goals: 26
* Generated 52 tests with total length 163
* Resulting test suite's coverage: 42% (average coverage for all fitness functions)
* Generating assertions
* Minimizing test suite
* Resulting test suite's mutation score: 2%
* Compiling and checking tests
* Search finished after 184s and 479 generations, 242441 statements, best individual has fitness: 3308.0
* Minimizing test suite
* Minimizing test suite
* Writing tests to file
* Writing JUnit test case 'JSONWriter_ESTest' to /home/apaniche/mitchell/generation-scripts/evosuite_fuzzer/tests/s14/fastjson/evosuite-tests
* Done!

* Computation finished
[MASTER] 19:41:07.166 [main] ERROR RuntimeVariable - Obtained invalid goal count: covered 436 out of 429
[MASTER] 19:41:07.168 [main] ERROR SearchStatistics - Not going to write down statistics data, as some data is invalid
* Going to analyze the coverage criteria
* Coverage analysis for criterion LINE
* Coverage of criterion LINE: 62%
* Total number of goals: 254
* Number of covered goals: 157
* Coverage analysis for criterion BRANCH
* Coverage of criterion BRANCH: 53%
* Total number of goals: 172
* Number of covered goals: 92
* Coverage analysis for criterion EXCEPTION
[MASTER] 19:41:07.269 [main] ERROR TestGeneration - failed to write statistics data
* Coverage of criterion EXCEPTION: 100%
* Total number of goals: 25
* Number of covered goals: 25
* Coverage analysis for criterion WEAKMUTATION
* Coverage of criterion WEAKMUTATION: 58%
* Total number of goals: 333
* Number of covered goals: 193
* Coverage analysis for criterion OUTPUT
* Coverage of criterion OUTPUT: 41%
* Total number of goals: 162
* Number of covered goals: 66
* Coverage analysis for criterion METHOD
* Coverage of criterion METHOD: 95%
* Total number of goals: 59
* Number of covered goals: 56
* Coverage analysis for criterion METHODNOEXCEPTION
* Coverage of criterion METHODNOEXCEPTION: 92%
* Total number of goals: 59
* Number of covered goals: 54
* Coverage analysis for criterion CBRANCH
* Coverage of criterion CBRANCH: 53%
* Total number of goals: 172
* Number of covered goals: 92
* Generated 94 tests with total length 269
* Resulting test suite's coverage: 64% (average coverage for all fitness functions)
* Generating assertions
* Resulting test suite's mutation score: 19%
* Compiling and checking tests
* Writing tests to file
* Writing JUnit test case 'JSONReader_ESTest' to /home/apaniche/mitchell/generation-scripts/evosuite_fuzzer/tests/s14/fastjson/evosuite-tests
* Done!

* Computation finished
* Going to analyze the coverage criteria
* Coverage analysis for criterion LINE
* Coverage of criterion LINE: 41%
* Total number of goals: 1857
* Number of covered goals: 769
* Coverage analysis for criterion BRANCH
* Coverage of criterion BRANCH: 38%
* Total number of goals: 1519
* Number of covered goals: 574
* Coverage analysis for criterion EXCEPTION
* Coverage of criterion EXCEPTION: 100%
* Total number of goals: 62
* Number of covered goals: 62
* Coverage analysis for criterion WEAKMUTATION
* Coverage of criterion WEAKMUTATION: 62%
* Total number of goals: 567
* Number of covered goals: 351
* Coverage analysis for criterion OUTPUT
* Coverage of criterion OUTPUT: 66%
* Total number of goals: 94
* Number of covered goals: 62
* Coverage analysis for criterion METHOD
* Coverage of criterion METHOD: 100%
* Total number of goals: 48
* Number of covered goals: 48
* Coverage analysis for criterion METHODNOEXCEPTION
* Coverage of criterion METHODNOEXCEPTION: 98%
* Total number of goals: 48
* Number of covered goals: 47
* Coverage analysis for criterion CBRANCH
* Coverage of criterion CBRANCH: 34%
* Total number of goals: 1519
* Number of covered goals: 519
* Generated 228 tests with total length 603
* Resulting test suite's coverage: 62% (average coverage for all fitness functions)
* Generating assertions
[MASTER] 19:41:46.647 [logback-1] WARN  JUnitAnalyzer - Found unstable test named test0 -> class java.lang.OutOfMemoryError: Java heap space
[MASTER] 19:41:46.648 [logback-1] WARN  JUnitAnalyzer - Failing test:
 JSONObject jSONObject0 = new JSONObject(2147483645);
jSONObject0.fluentPut("07WAy", (Object) null);

[MASTER] 19:41:53.334 [logback-1] WARN  JUnitAnalyzer - Found unstable test named test0 -> class java.lang.OutOfMemoryError: Java heap space
[MASTER] 19:41:53.336 [logback-1] WARN  JUnitAnalyzer - Failing test:
 JSONObject jSONObject0 = new JSONObject(2147483645, true);
PipedOutputStream pipedOutputStream0 = new PipedOutputStream();
PipedInputStream pipedInputStream0 = new PipedInputStream(pipedOutputStream0);
PushbackInputStream pushbackInputStream0 = new PushbackInputStream(pipedInputStream0);
SequenceInputStream sequenceInputStream0 = new SequenceInputStream(pipedInputStream0, pushbackInputStream0);
jSONObject0.put("com.alibaba.fastjson.JSONObject", (Object) sequenceInputStream0);

* Permissions denied during test execution: 
  - java.lang.RuntimePermission: 
         writeFileDescriptor: 1
* Writing tests to file
* Writing JUnit test case 'JSONObject_ESTest' to /home/apaniche/mitchell/generation-scripts/evosuite_fuzzer/tests/s14/fastjson/evosuite-tests
* Done!

* Computation finished
* Going to analyze the coverage criteria
* Coverage analysis for criterion LINE
* Coverage of criterion LINE: 88%
* Total number of goals: 435
* Number of covered goals: 381
* Coverage analysis for criterion BRANCH
* Coverage of criterion BRANCH: 85%
* Total number of goals: 283
* Number of covered goals: 240
* Coverage analysis for criterion EXCEPTION
* Coverage of criterion EXCEPTION: 97%
* Total number of goals: 137
* Number of covered goals: 133
* Coverage analysis for criterion WEAKMUTATION
* Coverage of criterion WEAKMUTATION: 77%
* Total number of goals: 716
* Number of covered goals: 551
* Coverage analysis for criterion OUTPUT
* Coverage of criterion OUTPUT: 40%
* Total number of goals: 197
* Number of covered goals: 78
* Coverage analysis for criterion METHOD
* Coverage of criterion METHOD: 100%
* Total number of goals: 83
* Number of covered goals: 83
* Coverage analysis for criterion METHODNOEXCEPTION
* Coverage of criterion METHODNOEXCEPTION: 92%
* Total number of goals: 83
* Number of covered goals: 76
* Coverage analysis for criterion CBRANCH
* Coverage of criterion CBRANCH: 81%
* Total number of goals: 283
* Number of covered goals: 230
* Generated 269 tests with total length 1218
* Resulting test suite's coverage: 78% (average coverage for all fitness functions)
* Generating assertions
* Resulting test suite's mutation score: 31%
* Compiling and checking tests
* Resulting test suite's mutation score: 16%
* Compiling and checking tests
[MASTER] 19:42:47.484 [logback-1] WARN  JUnitAnalyzer - Found unstable test named test0 -> class com.alibaba.fastjson.JSONException: create asm serializer error, verson 1.2.68, class class com.alibaba.fastjson.parser.SymbolTable
[MASTER] 19:42:47.485 [logback-1] WARN  JUnitAnalyzer - Failing test:
 ParserConfig parserConfig0 = ParserConfig.getGlobalInstance();
SerializeConfig serializeConfig0 = SerializeConfig.globalInstance;
SerializerFeature[] serializerFeatureArray0 = new SerializerFeature[0];
String string0 = JSON.toJSONStringZ(parserConfig0, serializeConfig0, serializerFeatureArray0);
assertEquals("{asmEnable:true,autoTypeSupport:false,jacksonCompatible:false,safeMode:false,derializers:{},deserializers:{\"$ref\":\"$.java\\\\.lang\\\\.String\\\\@0000001143\"},compatibleWithJavaBean:false,fieldBased:false,symbolTable:{}}", string0);


[MASTER] 19:43:07.625 [logback-1] WARN  JUnitAnalyzer - Found unstable test named test0 -> class java.lang.ClassCastException: com.alibaba.fastjson.JSONObject cannot be cast to java.util.LinkedHashMap
[MASTER] 19:43:07.625 [logback-1] WARN  JUnitAnalyzer - Failing test:
 LinkedHashMap<PascalNameFilter, InputStream> linkedHashMap0 = new LinkedHashMap<PascalNameFilter, InputStream>();
SerializeConfig serializeConfig0 = SerializeConfig.getGlobalInstance();
LinkedHashMap linkedHashMap1 = (LinkedHashMap)JSON.toJSON((Object) linkedHashMap0, serializeConfig0);
assertTrue(linkedHashMap1.isEmpty());


[MASTER] 19:43:07.906 [logback-1] WARN  JUnitAnalyzer - Found unstable test named test0 -> class java.lang.ClassCastException: com.alibaba.fastjson.JSONObject cannot be cast to java.util.TreeMap
[MASTER] 19:43:07.906 [logback-1] WARN  JUnitAnalyzer - Failing test:
 SerializeConfig serializeConfig0 = SerializeConfig.getGlobalInstance();
TreeMap<Method, Object> treeMap0 = new TreeMap<Method, Object>();
TreeMap treeMap1 = (TreeMap)JSON.toJSON((Object) treeMap0, serializeConfig0);
assertEquals(989, JSON.DEFAULT_PARSER_FEATURE);


[MASTER] 19:43:08.281 [logback-1] WARN  JUnitAnalyzer - Found unstable test named test0 -> class java.lang.ClassCastException: com.alibaba.fastjson.JSONObject cannot be cast to java.util.concurrent.ConcurrentSkipListMap
[MASTER] 19:43:08.281 [logback-1] WARN  JUnitAnalyzer - Failing test:
 ConcurrentSkipListMap<String, Object> concurrentSkipListMap0 = new ConcurrentSkipListMap<String, Object>();
ParserConfig parserConfig0 = new ParserConfig();
ConcurrentSkipListMap concurrentSkipListMap1 = (ConcurrentSkipListMap)JSON.toJSON((Object) concurrentSkipListMap0, parserConfig0);
assertTrue(concurrentSkipListMap1.isEmpty());


[MASTER] 19:43:08.663 [logback-1] WARN  JUnitAnalyzer - Found unstable test named test0 -> class java.lang.ClassCastException: com.alibaba.fastjson.JSONObject cannot be cast to java.util.LinkedHashMap
[MASTER] 19:43:08.663 [logback-1] WARN  JUnitAnalyzer - Failing test:
 ConcurrentHashMap<JSONPObject, InputStream> concurrentHashMap0 = new ConcurrentHashMap<JSONPObject, InputStream>();
LinkedHashMap<JSONPObject, InputStream> linkedHashMap0 = new LinkedHashMap<JSONPObject, InputStream>(concurrentHashMap0);
JSONPObject jSONPObject0 = new JSONPObject();
linkedHashMap0.put(jSONPObject0, (InputStream) null);
ParserConfig parserConfig0 = ParserConfig.global;
LinkedHashMap linkedHashMap1 = (LinkedHashMap)JSON.toJSON((Object) linkedHashMap0, parserConfig0);
assertEquals(1, linkedHashMap0.size());
assertEquals(1, linkedHashMap1.size());


* Permissions denied during test execution: 
  - java.lang.RuntimePermission: 
         writeFileDescriptor: 2
* Writing tests to file
* Writing JUnit test case 'JSON_ESTest' to /home/apaniche/mitchell/generation-scripts/evosuite_fuzzer/tests/s14/fastjson/evosuite-tests
* Done!

* Computation finished
* Writing tests to file
* Writing JUnit test case 'JSONScanner_ESTest' to /home/apaniche/mitchell/generation-scripts/evosuite_fuzzer/tests/s14/fastjson/evosuite-tests
* Done!

* Computation finished
* EvoSuite 1.0.7-SNAPSHOT
* Configuration: EvoSuite_fuzzer
* Going to generate test cases for class: com.alibaba.fastjson.JSONArray
* EvoSuite 1.0.7-SNAPSHOT
* Configuration: EvoSuite_fuzzer
* Going to generate test cases for class: com.alibaba.fastjson.JSONValidator
* EvoSuite 1.0.7-SNAPSHOT
* Configuration: EvoSuite_fuzzer
* Going to generate test cases for class: com.alibaba.fastjson.parser.DefaultJSONParser
* Starting Client-0
* Connecting to master process on port 6918
* Starting Client-0
* Connecting to master process on port 6920
* Starting Client-0
* Connecting to master process on port 6923
* Analyzing classpath: 
* Analyzing classpath: 
* Analyzing classpath: 
  - /home/apaniche/mitchell/generation-scripts/projects/fastjson/fastjson-1.2.68.jar
  - /home/apaniche/mitchell/generation-scripts/projects/fastjson/fastjson-1.2.68.jar
* Finished analyzing classpath
* Generating tests for class com.alibaba.fastjson.JSONValidator
* Test criteria:
  - Line Coverage
  - Branch Coverage
  - Exception
  - Mutation testing (weak)
  - Method-Output Coverage
  - Top-Level Method Coverage
  - No-Exception Top-Level Method Coverage
  - Context Branch Coverage
* Total number of test goals for DYNAMOSA: 1127
* Using seed 14
* Starting evolution
* Initial Number of Goals in DynaMOSA = 268 / 1127
[MASTER] 19:43:43.731 [logback-1] WARN  CheapPurityAnalyzer - com.google.common.collect.ArrayListMultimap was not found in the inheritance tree. Using DEFAULT value for cheap-purity analysis
[MASTER] 19:43:43.740 [logback-1] WARN  InheritanceTree - Class not in inheritance graph: com.google.common.collect.ArrayListMultimap
* Finished analyzing classpath
* Generating tests for class com.alibaba.fastjson.JSONArray
* Test criteria:
  - Line Coverage
  - Branch Coverage
  - Exception
  - Mutation testing (weak)
  - Method-Output Coverage
  - Top-Level Method Coverage
  - No-Exception Top-Level Method Coverage
  - Context Branch Coverage
* Total number of test goals for DYNAMOSA: 1055
* Using seed 14
* Starting evolution
* Initial Number of Goals in DynaMOSA = 674 / 1055
[MASTER] 19:43:44.990 [logback-2] ERROR TestCluster - Failed to check cache for java.util.LinkedList<E> : Type points to itself
[MASTER] 19:43:44.990 [logback-2] ERROR TestCluster - Failed to check cache for java.util.HashMap<K, V> : Type points to itself
  - /home/apaniche/mitchell/generation-scripts/projects/fastjson/fastjson-1.2.68.jar
[MASTER] 19:43:48.999 [logback-1] WARN  CheapPurityAnalyzer - com.google.common.collect.ArrayListMultimap was not found in the inheritance tree. Using DEFAULT value for cheap-purity analysis
[MASTER] 19:43:49.000 [logback-1] WARN  InheritanceTree - Class not in inheritance graph: com.google.common.collect.ArrayListMultimap
* Finished analyzing classpath
* Generating tests for class com.alibaba.fastjson.parser.DefaultJSONParser
* Test criteria:
  - Line Coverage
  - Branch Coverage
  - Exception
  - Mutation testing (weak)
  - Method-Output Coverage
  - Top-Level Method Coverage
  - No-Exception Top-Level Method Coverage
  - Context Branch Coverage
* Total number of test goals for DYNAMOSA: 3512
* Using seed 14
* Starting evolution
* Initial Number of Goals in DynaMOSA = 650 / 3512
[MASTER] 19:43:49.782 [logback-2] ERROR TestCluster - Failed to check cache for java.util.LinkedList<E> : Type points to itself
[MASTER] 19:43:49.783 [logback-2] ERROR TestCluster - Failed to check cache for java.util.HashMap<K, V> : Type points to itself
[MASTER] 19:43:49.791 [logback-2] ERROR TestCluster - Failed to check cache for java.util.ArrayDeque<E> : Type points to itself
[MASTER] 19:43:49.791 [logback-2] ERROR TestCluster - Failed to check cache for java.util.ArrayList<E> : Type points to itself
[MASTER] 19:43:49.792 [logback-2] ERROR TestCluster - Failed to check cache for java.util.EnumMap<K, V> : Type points to itself
[MASTER] 19:43:49.792 [logback-2] ERROR TestCluster - Failed to check cache for java.util.EnumSet<E> : Type points to itself
[MASTER] 19:43:49.793 [logback-2] ERROR TestCluster - Failed to check cache for java.util.HashSet<E> : Type points to itself
[MASTER] 19:43:49.793 [logback-2] ERROR TestCluster - Failed to check cache for java.util.Hashtable<K, V> : Type points to itself
[MASTER] 19:43:49.793 [logback-2] ERROR TestCluster - Failed to check cache for java.util.IdentityHashMap<K, V> : Type points to itself
[MASTER] 19:43:49.793 [logback-2] ERROR TestCluster - Failed to check cache for java.util.LinkedHashMap<K, V> : Type points to itself
[MASTER] 19:43:49.793 [logback-2] ERROR TestCluster - Failed to check cache for java.util.LinkedHashSet<E> : Type points to itself
[MASTER] 19:43:49.795 [logback-2] ERROR TestCluster - Failed to check cache for java.util.Stack<E> : Type points to itself
[MASTER] 19:43:49.795 [logback-2] ERROR TestCluster - Failed to check cache for java.util.TreeMap<K, V> : Type points to itself
[MASTER] 19:43:49.795 [logback-2] ERROR TestCluster - Failed to check cache for java.util.TreeSet<E> : Type points to itself
[MASTER] 19:43:49.796 [logback-2] ERROR TestCluster - Failed to check cache for java.util.Vector<E> : Type points to itself
[MASTER] 19:43:51.137 [logback-2] ERROR TestCluster - Failed to check cache for java.lang.reflect.Constructor<T> : Type points to itself
[MASTER] 19:44:02.069 [logback-2] ERROR TestCluster - Failed to check cache for java.util.function.Function<T, R> : Type points to itself
[MASTER] 19:44:06.416 [logback-2] ERROR TestCluster - Failed to check cache for java.util.Enumeration<E> : Type points to itself
[MASTER] 19:44:13.819 [logback-1] WARN  TestChromosome - Functional mock problem: org.evosuite.ga.ConstructionFailedException: Failed to add constructor for com.alibaba.fastjson.serializer.BeanContext due to org.evosuite.ga.ConstructionFailedException: Failed to add constructor for com.alibaba.fastjson.util.FieldInfo due to org.evosuite.ga.ConstructionFailedException: Have no generator for class java.lang.reflect.Method canUseFunctionalMocks=true, canBeMocked: false
[MASTER] 19:44:26.284 [logback-1] WARN  TestChromosome - Functional mock problem: org.evosuite.ga.ConstructionFailedException: No generators of type java.util.Map<java.lang.reflect.TypeVariable, java.lang.reflect.Type>
[MASTER] 19:44:45.291 [logback-1] WARN  TestChromosome - Functional mock problem: org.evosuite.ga.ConstructionFailedException: Failed to add constructor for com.alibaba.fastjson.util.GenericArrayTypeImpl due to org.evosuite.ga.ConstructionFailedException: Failed to add constructor for com.alibaba.fastjson.serializer.BeanContext due to org.evosuite.ga.ConstructionFailedException: Failed to add constructor for com.alibaba.fastjson.util.FieldInfo due to org.evosuite.ga.ConstructionFailedException: Max recursion depth reached
[MASTER] 19:44:50.222 [logback-2] ERROR TestCluster - Failed to check cache for java.util.function.Function<T, R> : Type points to itself
[MASTER] 19:44:52.948 [logback-2] ERROR TestCluster - Failed to check cache for java.util.Comparator<T> : Type points to itself
[MASTER] 19:44:53.320 [logback-1] WARN  TestChromosome - Functional mock problem: org.evosuite.ga.ConstructionFailedException: Have no generator for java.lang.reflect.Constructor<java.lang.Float> canUseFunctionalMocks=false, canBeMocked: false
[MASTER] 19:45:35.282 [logback-1] WARN  TestChromosome - Functional mock problem: org.evosuite.ga.ConstructionFailedException: Failed to add constructor for com.alibaba.fastjson.serializer.JavaBeanSerializer due to org.evosuite.ga.ConstructionFailedException: Failed to add constructor for com.alibaba.fastjson.serializer.SerializeBeanInfo due to org.evosuite.ga.ConstructionFailedException: Failed to add constructor for com.alibaba.fastjson.util.FieldInfo due to org.evosuite.ga.ConstructionFailedException: Have no generator for java.lang.reflect.Constructor<java.lang.Float> canUseFunctionalMocks=false, canBeMocked: false
[MASTER] 19:45:35.686 [logback-1] WARN  TestChromosome - Functional mock problem: org.evosuite.ga.ConstructionFailedException: Have no generator for java.lang.reflect.Constructor<com.alibaba.fastjson.util.ParameterizedTypeImpl> canUseFunctionalMocks=false, canBeMocked: false
[MASTER] 19:45:35.802 [logback-1] WARN  TestChromosome - Functional mock problem: org.evosuite.ga.ConstructionFailedException: Failed to add constructor for com.alibaba.fastjson.serializer.BeanContext due to org.evosuite.ga.ConstructionFailedException: Failed to add constructor for com.alibaba.fastjson.util.FieldInfo due to org.evosuite.ga.ConstructionFailedException: No generators of type java.util.Map<java.lang.reflect.TypeVariable, java.lang.reflect.Type>
[MASTER] 19:46:07.430 [logback-1] WARN  TestChromosome - Functional mock problem: org.evosuite.ga.ConstructionFailedException: Max recursion depth reached
[MASTER] 19:46:15.358 [logback-1] WARN  TestChromosome - Functional mock problem: org.evosuite.ga.ConstructionFailedException: Failed to add constructor for com.alibaba.fastjson.util.ParameterizedTypeImpl due to org.evosuite.ga.ConstructionFailedException: Failed to add constructor for com.alibaba.fastjson.util.GenericArrayTypeImpl due to org.evosuite.ga.ConstructionFailedException: Have no generator for java.lang.reflect.Constructor<java.lang.Float> canUseFunctionalMocks=false, canBeMocked: false
* Search finished after 181s and 80 generations, 34476 statements, best individual has fitness: 135.0
* Minimizing test suite
* Search finished after 182s and 148 generations, 43592 statements, best individual has fitness: 227.0
* Minimizing test suite
* Search finished after 183s and 157 generations, 94208 statements, best individual has fitness: 1272.0
* Minimizing test suite
* Going to analyze the coverage criteria
* Coverage analysis for criterion LINE
* Coverage of criterion LINE: 88%
* Total number of goals: 266
* Number of covered goals: 233
* Coverage analysis for criterion BRANCH
* Coverage of criterion BRANCH: 89%
* Total number of goals: 212
* Number of covered goals: 188
* Coverage analysis for criterion EXCEPTION
* Coverage of criterion EXCEPTION: 100%
* Total number of goals: 17
* Number of covered goals: 17
* Coverage analysis for criterion WEAKMUTATION
* Coverage of criterion WEAKMUTATION: 97%
* Total number of goals: 375
* Number of covered goals: 365
* Coverage analysis for criterion OUTPUT
* Coverage of criterion OUTPUT: 57%
* Total number of goals: 14
* Number of covered goals: 8
* Coverage analysis for criterion METHOD
* Coverage of criterion METHOD: 96%
* Total number of goals: 24
* Number of covered goals: 23
* Coverage analysis for criterion METHODNOEXCEPTION
* Coverage of criterion METHODNOEXCEPTION: 88%
* Total number of goals: 24
* Number of covered goals: 21
* Coverage analysis for criterion CBRANCH
* Coverage of criterion CBRANCH: 89%
* Total number of goals: 212
* Number of covered goals: 188
* Generated 75 tests with total length 221
* Resulting test suite's coverage: 71% (average coverage for all fitness functions)
* Generating assertions
* Going to analyze the coverage criteria
* Coverage analysis for criterion LINE
* Going to analyze the coverage criteria
* Coverage analysis for criterion LINE
* Coverage of criterion LINE: 87%
* Total number of goals: 173
* Number of covered goals: 151
* Coverage analysis for criterion BRANCH
* Coverage of criterion BRANCH: 85%
* Total number of goals: 101
* Number of covered goals: 86
* Coverage analysis for criterion EXCEPTION
* Coverage of criterion EXCEPTION: 95%
* Total number of goals: 103
* Number of covered goals: 98
* Coverage analysis for criterion WEAKMUTATION
* Coverage of criterion WEAKMUTATION: 93%
* Total number of goals: 325
* Number of covered goals: 303
* Coverage analysis for criterion OUTPUT
* Coverage of criterion OUTPUT: 45%
* Total number of goals: 219
* Number of covered goals: 98
* Coverage analysis for criterion METHOD
* Coverage of criterion METHOD: 100%
* Total number of goals: 68
* Number of covered goals: 68
* Coverage analysis for criterion METHODNOEXCEPTION
* Coverage of criterion METHODNOEXCEPTION: 93%
* Total number of goals: 68
* Number of covered goals: 63
* Coverage analysis for criterion CBRANCH
* Coverage of criterion CBRANCH: 85%
* Total number of goals: 101
* Number of covered goals: 86
* Coverage of criterion LINE: 63%
* Total number of goals: 973
* Number of covered goals: 614
* Coverage analysis for criterion BRANCH
* Generated 182 tests with total length 487
* Resulting test suite's coverage: 85% (average coverage for all fitness functions)
* Generating assertions
* Coverage of criterion BRANCH: 60%
* Total number of goals: 707
* Number of covered goals: 426
* Coverage analysis for criterion EXCEPTION
* Coverage of criterion EXCEPTION: 98%
* Total number of goals: 62
* Number of covered goals: 61
* Coverage analysis for criterion WEAKMUTATION
* Coverage of criterion WEAKMUTATION: 77%
* Total number of goals: 897
* Number of covered goals: 690
* Coverage analysis for criterion OUTPUT
* Coverage of criterion OUTPUT: 56%
* Total number of goals: 102
* Number of covered goals: 57
* Coverage analysis for criterion METHOD
* Coverage of criterion METHOD: 100%
* Total number of goals: 63
* Number of covered goals: 63
* Coverage analysis for criterion METHODNOEXCEPTION
* Coverage of criterion METHODNOEXCEPTION: 89%
* Total number of goals: 63
* Number of covered goals: 56
* Coverage analysis for criterion CBRANCH
* Coverage of criterion CBRANCH: 56%
* Total number of goals: 707
* Number of covered goals: 398
* Generated 191 tests with total length 752
* Resulting test suite's coverage: 69% (average coverage for all fitness functions)
* Generating assertions
* Resulting test suite's mutation score: 28%
* Compiling and checking tests
* Resulting test suite's mutation score: 58%
* Compiling and checking tests
* Resulting test suite's mutation score: 47%
* Compiling and checking tests
* Writing tests to file
* Writing JUnit test case 'JSONValidator_ESTest' to /home/apaniche/mitchell/generation-scripts/evosuite_fuzzer/tests/s14/fastjson/evosuite-tests
* Done!

* Computation finished
[MASTER] 19:48:18.131 [logback-1] WARN  JUnitAnalyzer - Found unstable test named test0 -> class java.lang.OutOfMemoryError: Java heap space
[MASTER] 19:48:18.132 [logback-1] WARN  JUnitAnalyzer - Failing test:
 JSONArray jSONArray0 = new JSONArray(1174536705);

* Permissions denied during test execution: 
  - java.lang.RuntimePermission: 
         writeFileDescriptor: 1
* Writing tests to file
* Writing JUnit test case 'DefaultJSONParser_ESTest' to /home/apaniche/mitchell/generation-scripts/evosuite_fuzzer/tests/s14/fastjson/evosuite-tests
* Done!

* Computation finished
* Permissions denied during test execution: 
  - java.lang.RuntimePermission: 
         writeFileDescriptor: 1
* Writing tests to file
* Writing JUnit test case 'JSONArray_ESTest' to /home/apaniche/mitchell/generation-scripts/evosuite_fuzzer/tests/s14/fastjson/evosuite-tests
* Done!

* Computation finished
* EvoSuite 1.0.7-SNAPSHOT
* Configuration: EvoSuite_fuzzer
* Going to generate test cases for class: com.alibaba.fastjson.JSONPath
* Starting Client-0
* Connecting to master process on port 6918
* Analyzing classpath: 
  - /home/apaniche/mitchell/generation-scripts/projects/fastjson/fastjson-1.2.68.jar
[MASTER] 19:48:53.780 [logback-1] WARN  CheapPurityAnalyzer - com.google.common.collect.ArrayListMultimap was not found in the inheritance tree. Using DEFAULT value for cheap-purity analysis
[MASTER] 19:48:53.781 [logback-1] WARN  InheritanceTree - Class not in inheritance graph: com.google.common.collect.ArrayListMultimap
* Finished analyzing classpath
* Generating tests for class com.alibaba.fastjson.JSONPath
* Test criteria:
  - Line Coverage
  - Branch Coverage
  - Exception
  - Mutation testing (weak)
  - Method-Output Coverage
  - Top-Level Method Coverage
  - No-Exception Top-Level Method Coverage
  - Context Branch Coverage
* Total number of test goals for DYNAMOSA: 7058
* Using seed 14
* Starting evolution
* Initial Number of Goals in DynaMOSA = 865 / 7058
[MASTER] 19:48:55.538 [logback-2] ERROR TestCluster - Failed to check cache for java.util.LinkedList<E> : Type points to itself
[MASTER] 19:48:55.553 [logback-2] ERROR TestCluster - Failed to check cache for java.util.ArrayDeque<E> : Type points to itself
[MASTER] 19:48:55.554 [logback-2] ERROR TestCluster - Failed to check cache for java.util.ArrayList<E> : Type points to itself
[MASTER] 19:48:55.554 [logback-2] ERROR TestCluster - Failed to check cache for java.util.EnumSet<E> : Type points to itself
[MASTER] 19:48:55.554 [logback-2] ERROR TestCluster - Failed to check cache for java.util.HashSet<E> : Type points to itself
[MASTER] 19:48:55.554 [logback-2] ERROR TestCluster - Failed to check cache for java.util.LinkedHashSet<E> : Type points to itself
[MASTER] 19:48:55.554 [logback-2] ERROR TestCluster - Failed to check cache for java.util.PriorityQueue<E> : Type points to itself
[MASTER] 19:48:55.555 [logback-2] ERROR TestCluster - Failed to check cache for java.util.ServiceLoader<S> : Type points to itself
[MASTER] 19:48:55.555 [logback-2] ERROR TestCluster - Failed to check cache for java.util.Stack<E> : Type points to itself
[MASTER] 19:48:55.555 [logback-2] ERROR TestCluster - Failed to check cache for java.util.TreeSet<E> : Type points to itself
[MASTER] 19:48:55.556 [logback-2] ERROR TestCluster - Failed to check cache for java.util.Vector<E> : Type points to itself
[MASTER] 19:48:55.556 [logback-2] ERROR TestCluster - Failed to check cache for java.util.HashMap<K, V> : Type points to itself
[MASTER] 19:48:55.563 [logback-2] ERROR TestCluster - Failed to check cache for java.lang.Enum<E> : Type points to itself
[MASTER] 19:48:55.569 [logback-2] ERROR TestCluster - Failed to check cache for java.util.AbstractMap<K, V>.SimpleEntry<K, V> : Type points to itself
[MASTER] 19:48:55.569 [logback-2] ERROR TestCluster - Failed to check cache for java.util.AbstractMap<K, V>.SimpleImmutableEntry<K, V> : Type points to itself
[MASTER] 19:50:02.292 [logback-2] ERROR ClientNodeImpl - Cannot inform master of change of state
java.rmi.ServerException: RemoteException occurred in server thread; nested exception is: 
	java.rmi.UnmarshalException: error unmarshalling arguments; nested exception is: 
	java.lang.ClassNotFoundException: Class 'com/alibaba/fastjson/serializer/ASMSerializer_5_SQLFeatureNotSupportedException.class' should be in target project, but could not be found!
	at sun.rmi.server.UnicastServerRef.dispatch(UnicastServerRef.java:393) ~[na:1.8.0_161]
	at sun.rmi.transport.Transport$1.run(Transport.java:200) ~[na:1.8.0_161]
	at sun.rmi.transport.Transport$1.run(Transport.java:197) ~[na:1.8.0_161]
	at java.security.AccessController.doPrivileged(Native Method) ~[na:1.8.0_161]
	at sun.rmi.transport.Transport.serviceCall(Transport.java:196) ~[na:1.8.0_161]
	at sun.rmi.transport.tcp.TCPTransport.handleMessages(TCPTransport.java:568) ~[na:1.8.0_161]
	at sun.rmi.transport.tcp.TCPTransport$ConnectionHandler.run0(TCPTransport.java:826) ~[na:1.8.0_161]
	at sun.rmi.transport.tcp.TCPTransport$ConnectionHandler.lambda$run$0(TCPTransport.java:683) ~[na:1.8.0_161]
	at java.security.AccessController.doPrivileged(Native Method) ~[na:1.8.0_161]
	at sun.rmi.transport.tcp.TCPTransport$ConnectionHandler.run(TCPTransport.java:682) ~[na:1.8.0_161]
	at java.util.concurrent.ThreadPoolExecutor.runWorker(ThreadPoolExecutor.java:1149) ~[na:1.8.0_161]
	at java.util.concurrent.ThreadPoolExecutor$Worker.run(ThreadPoolExecutor.java:624) ~[na:1.8.0_161]
	at java.lang.Thread.run(Thread.java:748) ~[na:1.8.0_161]
	at sun.rmi.transport.StreamRemoteCall.exceptionReceivedFromServer(StreamRemoteCall.java:283) ~[na:1.8.0_161]
	at sun.rmi.transport.StreamRemoteCall.executeCall(StreamRemoteCall.java:260) ~[na:1.8.0_161]
	at sun.rmi.server.UnicastRef.invoke(UnicastRef.java:161) ~[na:1.8.0_161]
	at java.rmi.server.RemoteObjectInvocationHandler.invokeRemoteMethod(RemoteObjectInvocationHandler.java:227) ~[na:1.8.0_161]
	at java.rmi.server.RemoteObjectInvocationHandler.invoke(RemoteObjectInvocationHandler.java:179) ~[na:1.8.0_161]
	at com.sun.proxy.$Proxy7.evosuite_collectStatistics(Unknown Source) ~[na:na]
	at org.evosuite.rmi.service.ClientNodeImpl.updateStatistics(ClientNodeImpl.java:266) ~[evosuite.jar:1.0.7-SNAPSHOT]
	at org.evosuite.statistics.StatisticsSender.sendIndividualToMaster(StatisticsSender.java:68) [evosuite.jar:1.0.7-SNAPSHOT]
	at org.evosuite.statistics.StatisticsListener.lambda$new$0(StatisticsListener.java:69) [evosuite.jar:1.0.7-SNAPSHOT]
	at java.lang.Thread.run(Thread.java:748) ~[na:1.8.0_161]
Caused by: java.rmi.UnmarshalException: error unmarshalling arguments; nested exception is: 
	java.lang.ClassNotFoundException: Class 'com/alibaba/fastjson/serializer/ASMSerializer_5_SQLFeatureNotSupportedException.class' should be in target project, but could not be found!
	at sun.rmi.server.UnicastServerRef.dispatch(UnicastServerRef.java:352) ~[na:1.8.0_161]
	at sun.rmi.transport.Transport$1.run(Transport.java:200) ~[na:1.8.0_161]
	at sun.rmi.transport.Transport$1.run(Transport.java:197) ~[na:1.8.0_161]
	at java.security.AccessController.doPrivileged(Native Method) ~[na:1.8.0_161]
	at sun.rmi.transport.Transport.serviceCall(Transport.java:196) ~[na:1.8.0_161]
	at sun.rmi.transport.tcp.TCPTransport.handleMessages(TCPTransport.java:568) ~[na:1.8.0_161]
	at sun.rmi.transport.tcp.TCPTransport$ConnectionHandler.run0(TCPTransport.java:826) ~[na:1.8.0_161]
	at sun.rmi.transport.tcp.TCPTransport$ConnectionHandler.lambda$run$0(TCPTransport.java:683) ~[na:1.8.0_161]
	at java.security.AccessController.doPrivileged(Native Method) ~[na:1.8.0_161]
	at sun.rmi.transport.tcp.TCPTransport$ConnectionHandler.run(TCPTransport.java:682) ~[na:1.8.0_161]
	at java.util.concurrent.ThreadPoolExecutor.runWorker(ThreadPoolExecutor.java:1149) ~[na:1.8.0_161]
	at java.util.concurrent.ThreadPoolExecutor$Worker.run(ThreadPoolExecutor.java:624) ~[na:1.8.0_161]
	... 1 common frames omitted
Caused by: java.lang.ClassNotFoundException: Class 'com/alibaba/fastjson/serializer/ASMSerializer_5_SQLFeatureNotSupportedException.class' should be in target project, but could not be found!
	at org.evosuite.instrumentation.InstrumentingClassLoader.instrumentClass(InstrumentingClassLoader.java:203) ~[evosuite.jar:1.0.7-SNAPSHOT]
	at org.evosuite.instrumentation.InstrumentingClassLoader.loadClass(InstrumentingClassLoader.java:168) ~[evosuite.jar:1.0.7-SNAPSHOT]
	at org.evosuite.utils.generic.GenericClass.getClass(GenericClass.java:149) ~[evosuite.jar:1.0.7-SNAPSHOT]
	at org.evosuite.utils.generic.GenericClass.getClass(GenericClass.java:115) ~[evosuite.jar:1.0.7-SNAPSHOT]
	at org.evosuite.utils.generic.GenericClass.readObject(GenericClass.java:1720) ~[evosuite.jar:1.0.7-SNAPSHOT]
	at sun.reflect.GeneratedMethodAccessor9.invoke(Unknown Source) ~[na:na]
	at sun.reflect.DelegatingMethodAccessorImpl.invoke(DelegatingMethodAccessorImpl.java:43) ~[na:1.8.0_161]
	at java.lang.reflect.Method.invoke(Method.java:498) ~[na:1.8.0_161]
	at java.io.ObjectStreamClass.invokeReadObject(ObjectStreamClass.java:1158) ~[na:1.8.0_161]
	at java.io.ObjectInputStream.readSerialData(ObjectInputStream.java:2168) ~[na:1.8.0_161]
	at java.io.ObjectInputStream.readOrdinaryObject(ObjectInputStream.java:2059) ~[na:1.8.0_161]
	at java.io.ObjectInputStream.readObject0(ObjectInputStream.java:1566) ~[na:1.8.0_161]
	at java.io.ObjectInputStream.defaultReadFields(ObjectInputStream.java:2277) ~[na:1.8.0_161]
	at java.io.ObjectInputStream.readSerialData(ObjectInputStream.java:2201) ~[na:1.8.0_161]
	at java.io.ObjectInputStream.readOrdinaryObject(ObjectInputStream.java:2059) ~[na:1.8.0_161]
	at java.io.ObjectInputStream.readObject0(ObjectInputStream.java:1566) ~[na:1.8.0_161]
	at java.io.ObjectInputStream.defaultReadFields(ObjectInputStream.java:2277) ~[na:1.8.0_161]
	at java.io.ObjectInputStream.readSerialData(ObjectInputStream.java:2201) ~[na:1.8.0_161]
	at java.io.ObjectInputStream.readOrdinaryObject(ObjectInputStream.java:2059) ~[na:1.8.0_161]
	at java.io.ObjectInputStream.readObject0(ObjectInputStream.java:1566) ~[na:1.8.0_161]
	at java.io.ObjectInputStream.readObject(ObjectInputStream.java:426) ~[na:1.8.0_161]
	at java.util.ArrayList.readObject(ArrayList.java:797) ~[na:1.8.0_161]
	at sun.reflect.GeneratedMethodAccessor7.invoke(Unknown Source) ~[na:na]
	at sun.reflect.DelegatingMethodAccessorImpl.invoke(DelegatingMethodAccessorImpl.java:43) ~[na:1.8.0_161]
	at java.lang.reflect.Method.invoke(Method.java:498) ~[na:1.8.0_161]
	at java.io.ObjectStreamClass.invokeReadObject(ObjectStreamClass.java:1158) ~[na:1.8.0_161]
	at java.io.ObjectInputStream.readSerialData(ObjectInputStream.java:2168) ~[na:1.8.0_161]
	at java.io.ObjectInputStream.readOrdinaryObject(ObjectInputStream.java:2059) ~[na:1.8.0_161]
	at java.io.ObjectInputStream.readObject0(ObjectInputStream.java:1566) ~[na:1.8.0_161]
	at java.io.ObjectInputStream.defaultReadFields(ObjectInputStream.java:2277) ~[na:1.8.0_161]
	at java.io.ObjectInputStream.readSerialData(ObjectInputStream.java:2201) ~[na:1.8.0_161]
	at java.io.ObjectInputStream.readOrdinaryObject(ObjectInputStream.java:2059) ~[na:1.8.0_161]
	at java.io.ObjectInputStream.readObject0(ObjectInputStream.java:1566) ~[na:1.8.0_161]
	at java.io.ObjectInputStream.defaultReadFields(ObjectInputStream.java:2277) ~[na:1.8.0_161]
	at java.io.ObjectInputStream.defaultReadObject(ObjectInputStream.java:556) ~[na:1.8.0_161]
	at org.evosuite.testcase.DefaultTestCase.readObject(DefaultTestCase.java:1103) ~[evosuite.jar:1.0.7-SNAPSHOT]
	at sun.reflect.GeneratedMethodAccessor17.invoke(Unknown Source) ~[na:na]
	at sun.reflect.DelegatingMethodAccessorImpl.invoke(DelegatingMethodAccessorImpl.java:43) ~[na:1.8.0_161]
	at java.lang.reflect.Method.invoke(Method.java:498) ~[na:1.8.0_161]
	at java.io.ObjectStreamClass.invokeReadObject(ObjectStreamClass.java:1158) ~[na:1.8.0_161]
	at java.io.ObjectInputStream.readSerialData(ObjectInputStream.java:2168) ~[na:1.8.0_161]
	at java.io.ObjectInputStream.readOrdinaryObject(ObjectInputStream.java:2059) ~[na:1.8.0_161]
	at java.io.ObjectInputStream.readObject0(ObjectInputStream.java:1566) ~[na:1.8.0_161]
	at java.io.ObjectInputStream.defaultReadFields(ObjectInputStream.java:2277) ~[na:1.8.0_161]
	at java.io.ObjectInputStream.readSerialData(ObjectInputStream.java:2201) ~[na:1.8.0_161]
	at java.io.ObjectInputStream.readOrdinaryObject(ObjectInputStream.java:2059) ~[na:1.8.0_161]
	at java.io.ObjectInputStream.readObject0(ObjectInputStream.java:1566) ~[na:1.8.0_161]
	at java.io.ObjectInputStream.readObject(ObjectInputStream.java:426) ~[na:1.8.0_161]
	at java.util.ArrayList.readObject(ArrayList.java:797) ~[na:1.8.0_161]
	at sun.reflect.GeneratedMethodAccessor7.invoke(Unknown Source) ~[na:na]
	at sun.reflect.DelegatingMethodAccessorImpl.invoke(DelegatingMethodAccessorImpl.java:43) ~[na:1.8.0_161]
	at java.lang.reflect.Method.invoke(Method.java:498) ~[na:1.8.0_161]
	at java.io.ObjectStreamClass.invokeReadObject(ObjectStreamClass.java:1158) ~[na:1.8.0_161]
	at java.io.ObjectInputStream.readSerialData(ObjectInputStream.java:2168) ~[na:1.8.0_161]
	at java.io.ObjectInputStream.readOrdinaryObject(ObjectInputStream.java:2059) ~[na:1.8.0_161]
	at java.io.ObjectInputStream.readObject0(ObjectInputStream.java:1566) ~[na:1.8.0_161]
	at java.io.ObjectInputStream.defaultReadFields(ObjectInputStream.java:2277) ~[na:1.8.0_161]
	at java.io.ObjectInputStream.readSerialData(ObjectInputStream.java:2201) ~[na:1.8.0_161]
	at java.io.ObjectInputStream.readOrdinaryObject(ObjectInputStream.java:2059) ~[na:1.8.0_161]
	at java.io.ObjectInputStream.readObject0(ObjectInputStream.java:1566) ~[na:1.8.0_161]
	at java.io.ObjectInputStream.readObject(ObjectInputStream.java:426) ~[na:1.8.0_161]
	at sun.rmi.server.UnicastRef.unmarshalValue(UnicastRef.java:322) ~[na:1.8.0_161]
	at sun.rmi.server.UnicastServerRef.dispatch(UnicastServerRef.java:341) ~[na:1.8.0_161]
	... 12 common frames omitted
Caused by: java.lang.ClassNotFoundException: Class 'com/alibaba/fastjson/serializer/ASMSerializer_5_SQLFeatureNotSupportedException.class' should be in target project, but could not be found!
	at org.evosuite.instrumentation.InstrumentingClassLoader.instrumentClass(InstrumentingClassLoader.java:190) ~[evosuite.jar:1.0.7-SNAPSHOT]
	... 74 common frames omitted
[MASTER] 19:50:39.270 [logback-2] ERROR TestCluster - Failed to check cache for java.util.Comparator<T> : Type points to itself
[MASTER] 19:51:03.093 [logback-2] ERROR ClientNodeImpl - Cannot inform master of change of state
java.rmi.ServerException: RemoteException occurred in server thread; nested exception is: 
	java.rmi.UnmarshalException: error unmarshalling arguments; nested exception is: 
	java.lang.ClassNotFoundException: Class 'com/alibaba/fastjson/serializer/ASMSerializer_5_SQLFeatureNotSupportedException.class' should be in target project, but could not be found!
	at sun.rmi.server.UnicastServerRef.dispatch(UnicastServerRef.java:393) ~[na:1.8.0_161]
	at sun.rmi.transport.Transport$1.run(Transport.java:200) ~[na:1.8.0_161]
	at sun.rmi.transport.Transport$1.run(Transport.java:197) ~[na:1.8.0_161]
	at java.security.AccessController.doPrivileged(Native Method) ~[na:1.8.0_161]
	at sun.rmi.transport.Transport.serviceCall(Transport.java:196) ~[na:1.8.0_161]
	at sun.rmi.transport.tcp.TCPTransport.handleMessages(TCPTransport.java:568) ~[na:1.8.0_161]
	at sun.rmi.transport.tcp.TCPTransport$ConnectionHandler.run0(TCPTransport.java:826) ~[na:1.8.0_161]
	at sun.rmi.transport.tcp.TCPTransport$ConnectionHandler.lambda$run$0(TCPTransport.java:683) ~[na:1.8.0_161]
	at java.security.AccessController.doPrivileged(Native Method) ~[na:1.8.0_161]
	at sun.rmi.transport.tcp.TCPTransport$ConnectionHandler.run(TCPTransport.java:682) ~[na:1.8.0_161]
	at java.util.concurrent.ThreadPoolExecutor.runWorker(ThreadPoolExecutor.java:1149) ~[na:1.8.0_161]
	at java.util.concurrent.ThreadPoolExecutor$Worker.run(ThreadPoolExecutor.java:624) ~[na:1.8.0_161]
	at java.lang.Thread.run(Thread.java:748) ~[na:1.8.0_161]
	at sun.rmi.transport.StreamRemoteCall.exceptionReceivedFromServer(StreamRemoteCall.java:283) ~[na:1.8.0_161]
	at sun.rmi.transport.StreamRemoteCall.executeCall(StreamRemoteCall.java:260) ~[na:1.8.0_161]
	at sun.rmi.server.UnicastRef.invoke(UnicastRef.java:161) ~[na:1.8.0_161]
	at java.rmi.server.RemoteObjectInvocationHandler.invokeRemoteMethod(RemoteObjectInvocationHandler.java:227) ~[na:1.8.0_161]
	at java.rmi.server.RemoteObjectInvocationHandler.invoke(RemoteObjectInvocationHandler.java:179) ~[na:1.8.0_161]
	at com.sun.proxy.$Proxy7.evosuite_collectStatistics(Unknown Source) ~[na:na]
	at org.evosuite.rmi.service.ClientNodeImpl.updateStatistics(ClientNodeImpl.java:266) ~[evosuite.jar:1.0.7-SNAPSHOT]
	at org.evosuite.statistics.StatisticsSender.sendIndividualToMaster(StatisticsSender.java:68) [evosuite.jar:1.0.7-SNAPSHOT]
	at org.evosuite.statistics.StatisticsListener.lambda$new$0(StatisticsListener.java:69) [evosuite.jar:1.0.7-SNAPSHOT]
	at java.lang.Thread.run(Thread.java:748) ~[na:1.8.0_161]
Caused by: java.rmi.UnmarshalException: error unmarshalling arguments; nested exception is: 
	java.lang.ClassNotFoundException: Class 'com/alibaba/fastjson/serializer/ASMSerializer_5_SQLFeatureNotSupportedException.class' should be in target project, but could not be found!
	at sun.rmi.server.UnicastServerRef.dispatch(UnicastServerRef.java:352) ~[na:1.8.0_161]
	at sun.rmi.transport.Transport$1.run(Transport.java:200) ~[na:1.8.0_161]
	at sun.rmi.transport.Transport$1.run(Transport.java:197) ~[na:1.8.0_161]
	at java.security.AccessController.doPrivileged(Native Method) ~[na:1.8.0_161]
	at sun.rmi.transport.Transport.serviceCall(Transport.java:196) ~[na:1.8.0_161]
	at sun.rmi.transport.tcp.TCPTransport.handleMessages(TCPTransport.java:568) ~[na:1.8.0_161]
	at sun.rmi.transport.tcp.TCPTransport$ConnectionHandler.run0(TCPTransport.java:826) ~[na:1.8.0_161]
	at sun.rmi.transport.tcp.TCPTransport$ConnectionHandler.lambda$run$0(TCPTransport.java:683) ~[na:1.8.0_161]
	at java.security.AccessController.doPrivileged(Native Method) ~[na:1.8.0_161]
	at sun.rmi.transport.tcp.TCPTransport$ConnectionHandler.run(TCPTransport.java:682) ~[na:1.8.0_161]
	at java.util.concurrent.ThreadPoolExecutor.runWorker(ThreadPoolExecutor.java:1149) ~[na:1.8.0_161]
	at java.util.concurrent.ThreadPoolExecutor$Worker.run(ThreadPoolExecutor.java:624) ~[na:1.8.0_161]
	... 1 common frames omitted
Caused by: java.lang.ClassNotFoundException: Class 'com/alibaba/fastjson/serializer/ASMSerializer_5_SQLFeatureNotSupportedException.class' should be in target project, but could not be found!
	at org.evosuite.instrumentation.InstrumentingClassLoader.instrumentClass(InstrumentingClassLoader.java:203) ~[evosuite.jar:1.0.7-SNAPSHOT]
	at org.evosuite.instrumentation.InstrumentingClassLoader.loadClass(InstrumentingClassLoader.java:168) ~[evosuite.jar:1.0.7-SNAPSHOT]
	at org.evosuite.utils.generic.GenericClass.getClass(GenericClass.java:149) ~[evosuite.jar:1.0.7-SNAPSHOT]
	at org.evosuite.utils.generic.GenericClass.getClass(GenericClass.java:115) ~[evosuite.jar:1.0.7-SNAPSHOT]
	at org.evosuite.utils.generic.GenericClass.readObject(GenericClass.java:1720) ~[evosuite.jar:1.0.7-SNAPSHOT]
	at sun.reflect.GeneratedMethodAccessor9.invoke(Unknown Source) ~[na:na]
	at sun.reflect.DelegatingMethodAccessorImpl.invoke(DelegatingMethodAccessorImpl.java:43) ~[na:1.8.0_161]
	at java.lang.reflect.Method.invoke(Method.java:498) ~[na:1.8.0_161]
	at java.io.ObjectStreamClass.invokeReadObject(ObjectStreamClass.java:1158) ~[na:1.8.0_161]
	at java.io.ObjectInputStream.readSerialData(ObjectInputStream.java:2168) ~[na:1.8.0_161]
	at java.io.ObjectInputStream.readOrdinaryObject(ObjectInputStream.java:2059) ~[na:1.8.0_161]
	at java.io.ObjectInputStream.readObject0(ObjectInputStream.java:1566) ~[na:1.8.0_161]
	at java.io.ObjectInputStream.defaultReadFields(ObjectInputStream.java:2277) ~[na:1.8.0_161]
	at java.io.ObjectInputStream.readSerialData(ObjectInputStream.java:2201) ~[na:1.8.0_161]
	at java.io.ObjectInputStream.readOrdinaryObject(ObjectInputStream.java:2059) ~[na:1.8.0_161]
	at java.io.ObjectInputStream.readObject0(ObjectInputStream.java:1566) ~[na:1.8.0_161]
	at java.io.ObjectInputStream.defaultReadFields(ObjectInputStream.java:2277) ~[na:1.8.0_161]
	at java.io.ObjectInputStream.readSerialData(ObjectInputStream.java:2201) ~[na:1.8.0_161]
	at java.io.ObjectInputStream.readOrdinaryObject(ObjectInputStream.java:2059) ~[na:1.8.0_161]
	at java.io.ObjectInputStream.readObject0(ObjectInputStream.java:1566) ~[na:1.8.0_161]
	at java.io.ObjectInputStream.readObject(ObjectInputStream.java:426) ~[na:1.8.0_161]
	at java.util.ArrayList.readObject(ArrayList.java:797) ~[na:1.8.0_161]
	at sun.reflect.GeneratedMethodAccessor7.invoke(Unknown Source) ~[na:na]
	at sun.reflect.DelegatingMethodAccessorImpl.invoke(DelegatingMethodAccessorImpl.java:43) ~[na:1.8.0_161]
	at java.lang.reflect.Method.invoke(Method.java:498) ~[na:1.8.0_161]
	at java.io.ObjectStreamClass.invokeReadObject(ObjectStreamClass.java:1158) ~[na:1.8.0_161]
	at java.io.ObjectInputStream.readSerialData(ObjectInputStream.java:2168) ~[na:1.8.0_161]
	at java.io.ObjectInputStream.readOrdinaryObject(ObjectInputStream.java:2059) ~[na:1.8.0_161]
	at java.io.ObjectInputStream.readObject0(ObjectInputStream.java:1566) ~[na:1.8.0_161]
	at java.io.ObjectInputStream.defaultReadFields(ObjectInputStream.java:2277) ~[na:1.8.0_161]
	at java.io.ObjectInputStream.readSerialData(ObjectInputStream.java:2201) ~[na:1.8.0_161]
	at java.io.ObjectInputStream.readOrdinaryObject(ObjectInputStream.java:2059) ~[na:1.8.0_161]
	at java.io.ObjectInputStream.readObject0(ObjectInputStream.java:1566) ~[na:1.8.0_161]
	at java.io.ObjectInputStream.defaultReadFields(ObjectInputStream.java:2277) ~[na:1.8.0_161]
	at java.io.ObjectInputStream.defaultReadObject(ObjectInputStream.java:556) ~[na:1.8.0_161]
	at org.evosuite.testcase.DefaultTestCase.readObject(DefaultTestCase.java:1103) ~[evosuite.jar:1.0.7-SNAPSHOT]
	at sun.reflect.GeneratedMethodAccessor17.invoke(Unknown Source) ~[na:na]
	at sun.reflect.DelegatingMethodAccessorImpl.invoke(DelegatingMethodAccessorImpl.java:43) ~[na:1.8.0_161]
	at java.lang.reflect.Method.invoke(Method.java:498) ~[na:1.8.0_161]
	at java.io.ObjectStreamClass.invokeReadObject(ObjectStreamClass.java:1158) ~[na:1.8.0_161]
	at java.io.ObjectInputStream.readSerialData(ObjectInputStream.java:2168) ~[na:1.8.0_161]
	at java.io.ObjectInputStream.readOrdinaryObject(ObjectInputStream.java:2059) ~[na:1.8.0_161]
	at java.io.ObjectInputStream.readObject0(ObjectInputStream.java:1566) ~[na:1.8.0_161]
	at java.io.ObjectInputStream.defaultReadFields(ObjectInputStream.java:2277) ~[na:1.8.0_161]
	at java.io.ObjectInputStream.readSerialData(ObjectInputStream.java:2201) ~[na:1.8.0_161]
	at java.io.ObjectInputStream.readOrdinaryObject(ObjectInputStream.java:2059) ~[na:1.8.0_161]
	at java.io.ObjectInputStream.readObject0(ObjectInputStream.java:1566) ~[na:1.8.0_161]
	at java.io.ObjectInputStream.readObject(ObjectInputStream.java:426) ~[na:1.8.0_161]
	at java.util.ArrayList.readObject(ArrayList.java:797) ~[na:1.8.0_161]
	at sun.reflect.GeneratedMethodAccessor7.invoke(Unknown Source) ~[na:na]
	at sun.reflect.DelegatingMethodAccessorImpl.invoke(DelegatingMethodAccessorImpl.java:43) ~[na:1.8.0_161]
	at java.lang.reflect.Method.invoke(Method.java:498) ~[na:1.8.0_161]
	at java.io.ObjectStreamClass.invokeReadObject(ObjectStreamClass.java:1158) ~[na:1.8.0_161]
	at java.io.ObjectInputStream.readSerialData(ObjectInputStream.java:2168) ~[na:1.8.0_161]
	at java.io.ObjectInputStream.readOrdinaryObject(ObjectInputStream.java:2059) ~[na:1.8.0_161]
	at java.io.ObjectInputStream.readObject0(ObjectInputStream.java:1566) ~[na:1.8.0_161]
	at java.io.ObjectInputStream.defaultReadFields(ObjectInputStream.java:2277) ~[na:1.8.0_161]
	at java.io.ObjectInputStream.readSerialData(ObjectInputStream.java:2201) ~[na:1.8.0_161]
	at java.io.ObjectInputStream.readOrdinaryObject(ObjectInputStream.java:2059) ~[na:1.8.0_161]
	at java.io.ObjectInputStream.readObject0(ObjectInputStream.java:1566) ~[na:1.8.0_161]
	at java.io.ObjectInputStream.readObject(ObjectInputStream.java:426) ~[na:1.8.0_161]
	at sun.rmi.server.UnicastRef.unmarshalValue(UnicastRef.java:322) ~[na:1.8.0_161]
	at sun.rmi.server.UnicastServerRef.dispatch(UnicastServerRef.java:341) ~[na:1.8.0_161]
	... 12 common frames omitted
Caused by: java.lang.ClassNotFoundException: Class 'com/alibaba/fastjson/serializer/ASMSerializer_5_SQLFeatureNotSupportedException.class' should be in target project, but could not be found!
	at org.evosuite.instrumentation.InstrumentingClassLoader.instrumentClass(InstrumentingClassLoader.java:190) ~[evosuite.jar:1.0.7-SNAPSHOT]
	... 74 common frames omitted
[MASTER] 19:51:19.348 [logback-2] ERROR TestCluster - Failed to check cache for java.util.function.Function<T, R> : Type points to itself
* Search finished after 185s and 205 generations, 152669 statements, best individual has fitness: 3640.0
[MASTER] 19:52:01.881 [logback-2] ERROR ClientNodeImpl - Cannot inform master of change of state
java.rmi.ServerException: RemoteException occurred in server thread; nested exception is: 
	java.rmi.UnmarshalException: error unmarshalling arguments; nested exception is: 
	java.lang.ClassNotFoundException: Class 'com/alibaba/fastjson/serializer/ASMSerializer_5_SQLFeatureNotSupportedException.class' should be in target project, but could not be found!
	at sun.rmi.server.UnicastServerRef.dispatch(UnicastServerRef.java:393) ~[na:1.8.0_161]
	at sun.rmi.transport.Transport$1.run(Transport.java:200) ~[na:1.8.0_161]
	at sun.rmi.transport.Transport$1.run(Transport.java:197) ~[na:1.8.0_161]
	at java.security.AccessController.doPrivileged(Native Method) ~[na:1.8.0_161]
	at sun.rmi.transport.Transport.serviceCall(Transport.java:196) ~[na:1.8.0_161]
	at sun.rmi.transport.tcp.TCPTransport.handleMessages(TCPTransport.java:568) ~[na:1.8.0_161]
	at sun.rmi.transport.tcp.TCPTransport$ConnectionHandler.run0(TCPTransport.java:826) ~[na:1.8.0_161]
	at sun.rmi.transport.tcp.TCPTransport$ConnectionHandler.lambda$run$0(TCPTransport.java:683) ~[na:1.8.0_161]
	at java.security.AccessController.doPrivileged(Native Method) ~[na:1.8.0_161]
	at sun.rmi.transport.tcp.TCPTransport$ConnectionHandler.run(TCPTransport.java:682) ~[na:1.8.0_161]
	at java.util.concurrent.ThreadPoolExecutor.runWorker(ThreadPoolExecutor.java:1149) ~[na:1.8.0_161]
	at java.util.concurrent.ThreadPoolExecutor$Worker.run(ThreadPoolExecutor.java:624) ~[na:1.8.0_161]
	at java.lang.Thread.run(Thread.java:748) ~[na:1.8.0_161]
	at sun.rmi.transport.StreamRemoteCall.exceptionReceivedFromServer(StreamRemoteCall.java:283) ~[na:1.8.0_161]
	at sun.rmi.transport.StreamRemoteCall.executeCall(StreamRemoteCall.java:260) ~[na:1.8.0_161]
	at sun.rmi.server.UnicastRef.invoke(UnicastRef.java:161) ~[na:1.8.0_161]
	at java.rmi.server.RemoteObjectInvocationHandler.invokeRemoteMethod(RemoteObjectInvocationHandler.java:227) ~[na:1.8.0_161]
	at java.rmi.server.RemoteObjectInvocationHandler.invoke(RemoteObjectInvocationHandler.java:179) ~[na:1.8.0_161]
	at com.sun.proxy.$Proxy7.evosuite_collectStatistics(Unknown Source) ~[na:na]
	at org.evosuite.rmi.service.ClientNodeImpl.updateStatistics(ClientNodeImpl.java:266) ~[evosuite.jar:1.0.7-SNAPSHOT]
	at org.evosuite.statistics.StatisticsSender.sendIndividualToMaster(StatisticsSender.java:68) [evosuite.jar:1.0.7-SNAPSHOT]
	at org.evosuite.statistics.StatisticsListener.lambda$new$0(StatisticsListener.java:69) [evosuite.jar:1.0.7-SNAPSHOT]
	at java.lang.Thread.run(Thread.java:748) ~[na:1.8.0_161]
Caused by: java.rmi.UnmarshalException: error unmarshalling arguments; nested exception is: 
	java.lang.ClassNotFoundException: Class 'com/alibaba/fastjson/serializer/ASMSerializer_5_SQLFeatureNotSupportedException.class' should be in target project, but could not be found!
	at sun.rmi.server.UnicastServerRef.dispatch(UnicastServerRef.java:352) ~[na:1.8.0_161]
	at sun.rmi.transport.Transport$1.run(Transport.java:200) ~[na:1.8.0_161]
	at sun.rmi.transport.Transport$1.run(Transport.java:197) ~[na:1.8.0_161]
	at java.security.AccessController.doPrivileged(Native Method) ~[na:1.8.0_161]
	at sun.rmi.transport.Transport.serviceCall(Transport.java:196) ~[na:1.8.0_161]
	at sun.rmi.transport.tcp.TCPTransport.handleMessages(TCPTransport.java:568) ~[na:1.8.0_161]
	at sun.rmi.transport.tcp.TCPTransport$ConnectionHandler.run0(TCPTransport.java:826) ~[na:1.8.0_161]
	at sun.rmi.transport.tcp.TCPTransport$ConnectionHandler.lambda$run$0(TCPTransport.java:683) ~[na:1.8.0_161]
	at java.security.AccessController.doPrivileged(Native Method) ~[na:1.8.0_161]
	at sun.rmi.transport.tcp.TCPTransport$ConnectionHandler.run(TCPTransport.java:682) ~[na:1.8.0_161]
	at java.util.concurrent.ThreadPoolExecutor.runWorker(ThreadPoolExecutor.java:1149) ~[na:1.8.0_161]
	at java.util.concurrent.ThreadPoolExecutor$Worker.run(ThreadPoolExecutor.java:624) ~[na:1.8.0_161]
	... 1 common frames omitted
Caused by: java.lang.ClassNotFoundException: Class 'com/alibaba/fastjson/serializer/ASMSerializer_5_SQLFeatureNotSupportedException.class' should be in target project, but could not be found!
	at org.evosuite.instrumentation.InstrumentingClassLoader.instrumentClass(InstrumentingClassLoader.java:203) ~[evosuite.jar:1.0.7-SNAPSHOT]
	at org.evosuite.instrumentation.InstrumentingClassLoader.loadClass(InstrumentingClassLoader.java:168) ~[evosuite.jar:1.0.7-SNAPSHOT]
	at org.evosuite.utils.generic.GenericClass.getClass(GenericClass.java:149) ~[evosuite.jar:1.0.7-SNAPSHOT]
	at org.evosuite.utils.generic.GenericClass.getClass(GenericClass.java:115) ~[evosuite.jar:1.0.7-SNAPSHOT]
	at org.evosuite.utils.generic.GenericClass.readObject(GenericClass.java:1720) ~[evosuite.jar:1.0.7-SNAPSHOT]
	at sun.reflect.GeneratedMethodAccessor9.invoke(Unknown Source) ~[na:na]
	at sun.reflect.DelegatingMethodAccessorImpl.invoke(DelegatingMethodAccessorImpl.java:43) ~[na:1.8.0_161]
	at java.lang.reflect.Method.invoke(Method.java:498) ~[na:1.8.0_161]
	at java.io.ObjectStreamClass.invokeReadObject(ObjectStreamClass.java:1158) ~[na:1.8.0_161]
	at java.io.ObjectInputStream.readSerialData(ObjectInputStream.java:2168) ~[na:1.8.0_161]
	at java.io.ObjectInputStream.readOrdinaryObject(ObjectInputStream.java:2059) ~[na:1.8.0_161]
	at java.io.ObjectInputStream.readObject0(ObjectInputStream.java:1566) ~[na:1.8.0_161]
	at java.io.ObjectInputStream.defaultReadFields(ObjectInputStream.java:2277) ~[na:1.8.0_161]
	at java.io.ObjectInputStream.readSerialData(ObjectInputStream.java:2201) ~[na:1.8.0_161]
	at java.io.ObjectInputStream.readOrdinaryObject(ObjectInputStream.java:2059) ~[na:1.8.0_161]
	at java.io.ObjectInputStream.readObject0(ObjectInputStream.java:1566) ~[na:1.8.0_161]
	at java.io.ObjectInputStream.defaultReadFields(ObjectInputStream.java:2277) ~[na:1.8.0_161]
	at java.io.ObjectInputStream.readSerialData(ObjectInputStream.java:2201) ~[na:1.8.0_161]
	at java.io.ObjectInputStream.readOrdinaryObject(ObjectInputStream.java:2059) ~[na:1.8.0_161]
	at java.io.ObjectInputStream.readObject0(ObjectInputStream.java:1566) ~[na:1.8.0_161]
	at java.io.ObjectInputStream.readObject(ObjectInputStream.java:426) ~[na:1.8.0_161]
	at java.util.ArrayList.readObject(ArrayList.java:797) ~[na:1.8.0_161]
	at sun.reflect.GeneratedMethodAccessor7.invoke(Unknown Source) ~[na:na]
	at sun.reflect.DelegatingMethodAccessorImpl.invoke(DelegatingMethodAccessorImpl.java:43) ~[na:1.8.0_161]
	at java.lang.reflect.Method.invoke(Method.java:498) ~[na:1.8.0_161]
	at java.io.ObjectStreamClass.invokeReadObject(ObjectStreamClass.java:1158) ~[na:1.8.0_161]
	at java.io.ObjectInputStream.readSerialData(ObjectInputStream.java:2168) ~[na:1.8.0_161]
	at java.io.ObjectInputStream.readOrdinaryObject(ObjectInputStream.java:2059) ~[na:1.8.0_161]
	at java.io.ObjectInputStream.readObject0(ObjectInputStream.java:1566) ~[na:1.8.0_161]
	at java.io.ObjectInputStream.defaultReadFields(ObjectInputStream.java:2277) ~[na:1.8.0_161]
	at java.io.ObjectInputStream.readSerialData(ObjectInputStream.java:2201) ~[na:1.8.0_161]
	at java.io.ObjectInputStream.readOrdinaryObject(ObjectInputStream.java:2059) ~[na:1.8.0_161]
	at java.io.ObjectInputStream.readObject0(ObjectInputStream.java:1566) ~[na:1.8.0_161]
	at java.io.ObjectInputStream.defaultReadFields(ObjectInputStream.java:2277) ~[na:1.8.0_161]
	at java.io.ObjectInputStream.defaultReadObject(ObjectInputStream.java:556) ~[na:1.8.0_161]
	at org.evosuite.testcase.DefaultTestCase.readObject(DefaultTestCase.java:1103) ~[evosuite.jar:1.0.7-SNAPSHOT]
	at sun.reflect.GeneratedMethodAccessor17.invoke(Unknown Source) ~[na:na]
	at sun.reflect.DelegatingMethodAccessorImpl.invoke(DelegatingMethodAccessorImpl.java:43) ~[na:1.8.0_161]
	at java.lang.reflect.Method.invoke(Method.java:498) ~[na:1.8.0_161]
	at java.io.ObjectStreamClass.invokeReadObject(ObjectStreamClass.java:1158) ~[na:1.8.0_161]
	at java.io.ObjectInputStream.readSerialData(ObjectInputStream.java:2168) ~[na:1.8.0_161]
	at java.io.ObjectInputStream.readOrdinaryObject(ObjectInputStream.java:2059) ~[na:1.8.0_161]
	at java.io.ObjectInputStream.readObject0(ObjectInputStream.java:1566) ~[na:1.8.0_161]
	at java.io.ObjectInputStream.defaultReadFields(ObjectInputStream.java:2277) ~[na:1.8.0_161]
	at java.io.ObjectInputStream.readSerialData(ObjectInputStream.java:2201) ~[na:1.8.0_161]
	at java.io.ObjectInputStream.readOrdinaryObject(ObjectInputStream.java:2059) ~[na:1.8.0_161]
	at java.io.ObjectInputStream.readObject0(ObjectInputStream.java:1566) ~[na:1.8.0_161]
	at java.io.ObjectInputStream.readObject(ObjectInputStream.java:426) ~[na:1.8.0_161]
	at java.util.ArrayList.readObject(ArrayList.java:797) ~[na:1.8.0_161]
	at sun.reflect.GeneratedMethodAccessor7.invoke(Unknown Source) ~[na:na]
	at sun.reflect.DelegatingMethodAccessorImpl.invoke(DelegatingMethodAccessorImpl.java:43) ~[na:1.8.0_161]
	at java.lang.reflect.Method.invoke(Method.java:498) ~[na:1.8.0_161]
	at java.io.ObjectStreamClass.invokeReadObject(ObjectStreamClass.java:1158) ~[na:1.8.0_161]
	at java.io.ObjectInputStream.readSerialData(ObjectInputStream.java:2168) ~[na:1.8.0_161]
	at java.io.ObjectInputStream.readOrdinaryObject(ObjectInputStream.java:2059) ~[na:1.8.0_161]
	at java.io.ObjectInputStream.readObject0(ObjectInputStream.java:1566) ~[na:1.8.0_161]
	at java.io.ObjectInputStream.defaultReadFields(ObjectInputStream.java:2277) ~[na:1.8.0_161]
	at java.io.ObjectInputStream.readSerialData(ObjectInputStream.java:2201) ~[na:1.8.0_161]
	at java.io.ObjectInputStream.readOrdinaryObject(ObjectInputStream.java:2059) ~[na:1.8.0_161]
	at java.io.ObjectInputStream.readObject0(ObjectInputStream.java:1566) ~[na:1.8.0_161]
	at java.io.ObjectInputStream.readObject(ObjectInputStream.java:426) ~[na:1.8.0_161]
	at sun.rmi.server.UnicastRef.unmarshalValue(UnicastRef.java:322) ~[na:1.8.0_161]
	at sun.rmi.server.UnicastServerRef.dispatch(UnicastServerRef.java:341) ~[na:1.8.0_161]
	... 12 common frames omitted
Caused by: java.lang.ClassNotFoundException: Class 'com/alibaba/fastjson/serializer/ASMSerializer_5_SQLFeatureNotSupportedException.class' should be in target project, but could not be found!
	at org.evosuite.instrumentation.InstrumentingClassLoader.instrumentClass(InstrumentingClassLoader.java:190) ~[evosuite.jar:1.0.7-SNAPSHOT]
	... 74 common frames omitted
[MASTER] 19:52:04.426 [logback-2] ERROR ClientNodeImpl - Cannot inform master of change of state
java.rmi.ServerException: RemoteException occurred in server thread; nested exception is: 
	java.rmi.UnmarshalException: error unmarshalling arguments; nested exception is: 
	java.lang.ClassNotFoundException: Class 'com/alibaba/fastjson/serializer/ASMSerializer_5_SQLFeatureNotSupportedException.class' should be in target project, but could not be found!
	at sun.rmi.server.UnicastServerRef.dispatch(UnicastServerRef.java:393) ~[na:1.8.0_161]
	at sun.rmi.transport.Transport$1.run(Transport.java:200) ~[na:1.8.0_161]
	at sun.rmi.transport.Transport$1.run(Transport.java:197) ~[na:1.8.0_161]
	at java.security.AccessController.doPrivileged(Native Method) ~[na:1.8.0_161]
	at sun.rmi.transport.Transport.serviceCall(Transport.java:196) ~[na:1.8.0_161]
	at sun.rmi.transport.tcp.TCPTransport.handleMessages(TCPTransport.java:568) ~[na:1.8.0_161]
	at sun.rmi.transport.tcp.TCPTransport$ConnectionHandler.run0(TCPTransport.java:826) ~[na:1.8.0_161]
	at sun.rmi.transport.tcp.TCPTransport$ConnectionHandler.lambda$run$0(TCPTransport.java:683) ~[na:1.8.0_161]
	at java.security.AccessController.doPrivileged(Native Method) ~[na:1.8.0_161]
	at sun.rmi.transport.tcp.TCPTransport$ConnectionHandler.run(TCPTransport.java:682) ~[na:1.8.0_161]
	at java.util.concurrent.ThreadPoolExecutor.runWorker(ThreadPoolExecutor.java:1149) ~[na:1.8.0_161]
	at java.util.concurrent.ThreadPoolExecutor$Worker.run(ThreadPoolExecutor.java:624) ~[na:1.8.0_161]
	at java.lang.Thread.run(Thread.java:748) ~[na:1.8.0_161]
	at sun.rmi.transport.StreamRemoteCall.exceptionReceivedFromServer(StreamRemoteCall.java:283) ~[na:1.8.0_161]
	at sun.rmi.transport.StreamRemoteCall.executeCall(StreamRemoteCall.java:260) ~[na:1.8.0_161]
	at sun.rmi.server.UnicastRef.invoke(UnicastRef.java:161) ~[na:1.8.0_161]
	at java.rmi.server.RemoteObjectInvocationHandler.invokeRemoteMethod(RemoteObjectInvocationHandler.java:227) ~[na:1.8.0_161]
	at java.rmi.server.RemoteObjectInvocationHandler.invoke(RemoteObjectInvocationHandler.java:179) ~[na:1.8.0_161]
	at com.sun.proxy.$Proxy7.evosuite_collectStatistics(Unknown Source) ~[na:na]
	at org.evosuite.rmi.service.ClientNodeImpl.updateStatistics(ClientNodeImpl.java:266) [evosuite.jar:1.0.7-SNAPSHOT]
	at org.evosuite.statistics.StatisticsSender.sendIndividualToMaster(StatisticsSender.java:68) [evosuite.jar:1.0.7-SNAPSHOT]
	at org.evosuite.statistics.StatisticsSender.executedAndThenSendIndividualToMaster(StatisticsSender.java:98) [evosuite.jar:1.0.7-SNAPSHOT]
	at org.evosuite.TestSuiteGenerator.generateTests(TestSuiteGenerator.java:687) [evosuite.jar:1.0.7-SNAPSHOT]
	at org.evosuite.TestSuiteGenerator.generateTestSuite(TestSuiteGenerator.java:245) [evosuite.jar:1.0.7-SNAPSHOT]
	at org.evosuite.rmi.service.ClientNodeImpl.lambda$startNewSearch$0(ClientNodeImpl.java:155) [evosuite.jar:1.0.7-SNAPSHOT]
	at java.util.concurrent.Executors$RunnableAdapter.call(Executors.java:511) ~[na:1.8.0_161]
	at java.util.concurrent.FutureTask.run(FutureTask.java:266) ~[na:1.8.0_161]
	at java.util.concurrent.ThreadPoolExecutor.runWorker(ThreadPoolExecutor.java:1149) ~[na:1.8.0_161]
	at java.util.concurrent.ThreadPoolExecutor$Worker.run(ThreadPoolExecutor.java:624) ~[na:1.8.0_161]
	at java.lang.Thread.run(Thread.java:748) ~[na:1.8.0_161]
Caused by: java.rmi.UnmarshalException: error unmarshalling arguments; nested exception is: 
	java.lang.ClassNotFoundException: Class 'com/alibaba/fastjson/serializer/ASMSerializer_5_SQLFeatureNotSupportedException.class' should be in target project, but could not be found!
	at sun.rmi.server.UnicastServerRef.dispatch(UnicastServerRef.java:352) ~[na:1.8.0_161]
	at sun.rmi.transport.Transport$1.run(Transport.java:200) ~[na:1.8.0_161]
	at sun.rmi.transport.Transport$1.run(Transport.java:197) ~[na:1.8.0_161]
	at java.security.AccessController.doPrivileged(Native Method) ~[na:1.8.0_161]
	at sun.rmi.transport.Transport.serviceCall(Transport.java:196) ~[na:1.8.0_161]
	at sun.rmi.transport.tcp.TCPTransport.handleMessages(TCPTransport.java:568) ~[na:1.8.0_161]
	at sun.rmi.transport.tcp.TCPTransport$ConnectionHandler.run0(TCPTransport.java:826) ~[na:1.8.0_161]
	at sun.rmi.transport.tcp.TCPTransport$ConnectionHandler.lambda$run$0(TCPTransport.java:683) ~[na:1.8.0_161]
	at java.security.AccessController.doPrivileged(Native Method) ~[na:1.8.0_161]
	at sun.rmi.transport.tcp.TCPTransport$ConnectionHandler.run(TCPTransport.java:682) ~[na:1.8.0_161]
	... 3 common frames omitted
Caused by: java.lang.ClassNotFoundException: Class 'com/alibaba/fastjson/serializer/ASMSerializer_5_SQLFeatureNotSupportedException.class' should be in target project, but could not be found!
	at org.evosuite.instrumentation.InstrumentingClassLoader.instrumentClass(InstrumentingClassLoader.java:203) ~[evosuite.jar:1.0.7-SNAPSHOT]
	at org.evosuite.instrumentation.InstrumentingClassLoader.loadClass(InstrumentingClassLoader.java:168) ~[evosuite.jar:1.0.7-SNAPSHOT]
	at org.evosuite.utils.generic.GenericClass.getClass(GenericClass.java:149) ~[evosuite.jar:1.0.7-SNAPSHOT]
	at org.evosuite.utils.generic.GenericClass.getClass(GenericClass.java:115) ~[evosuite.jar:1.0.7-SNAPSHOT]
	at org.evosuite.utils.generic.GenericClass.readObject(GenericClass.java:1720) ~[evosuite.jar:1.0.7-SNAPSHOT]
	at sun.reflect.GeneratedMethodAccessor9.invoke(Unknown Source) ~[na:na]
	at sun.reflect.DelegatingMethodAccessorImpl.invoke(DelegatingMethodAccessorImpl.java:43) ~[na:1.8.0_161]
	at java.lang.reflect.Method.invoke(Method.java:498) ~[na:1.8.0_161]
	at java.io.ObjectStreamClass.invokeReadObject(ObjectStreamClass.java:1158) ~[na:1.8.0_161]
	at java.io.ObjectInputStream.readSerialData(ObjectInputStream.java:2168) ~[na:1.8.0_161]
	at java.io.ObjectInputStream.readOrdinaryObject(ObjectInputStream.java:2059) ~[na:1.8.0_161]
	at java.io.ObjectInputStream.readObject0(ObjectInputStream.java:1566) ~[na:1.8.0_161]
	at java.io.ObjectInputStream.defaultReadFields(ObjectInputStream.java:2277) ~[na:1.8.0_161]
	at java.io.ObjectInputStream.readSerialData(ObjectInputStream.java:2201) ~[na:1.8.0_161]
	at java.io.ObjectInputStream.readOrdinaryObject(ObjectInputStream.java:2059) ~[na:1.8.0_161]
	at java.io.ObjectInputStream.readObject0(ObjectInputStream.java:1566) ~[na:1.8.0_161]
	at java.io.ObjectInputStream.defaultReadFields(ObjectInputStream.java:2277) ~[na:1.8.0_161]
	at java.io.ObjectInputStream.readSerialData(ObjectInputStream.java:2201) ~[na:1.8.0_161]
	at java.io.ObjectInputStream.readOrdinaryObject(ObjectInputStream.java:2059) ~[na:1.8.0_161]
	at java.io.ObjectInputStream.readObject0(ObjectInputStream.java:1566) ~[na:1.8.0_161]
	at java.io.ObjectInputStream.readObject(ObjectInputStream.java:426) ~[na:1.8.0_161]
	at java.util.ArrayList.readObject(ArrayList.java:797) ~[na:1.8.0_161]
	at sun.reflect.GeneratedMethodAccessor7.invoke(Unknown Source) ~[na:na]
	at sun.reflect.DelegatingMethodAccessorImpl.invoke(DelegatingMethodAccessorImpl.java:43) ~[na:1.8.0_161]
	at java.lang.reflect.Method.invoke(Method.java:498) ~[na:1.8.0_161]
	at java.io.ObjectStreamClass.invokeReadObject(ObjectStreamClass.java:1158) ~[na:1.8.0_161]
	at java.io.ObjectInputStream.readSerialData(ObjectInputStream.java:2168) ~[na:1.8.0_161]
	at java.io.ObjectInputStream.readOrdinaryObject(ObjectInputStream.java:2059) ~[na:1.8.0_161]
	at java.io.ObjectInputStream.readObject0(ObjectInputStream.java:1566) ~[na:1.8.0_161]
	at java.io.ObjectInputStream.defaultReadFields(ObjectInputStream.java:2277) ~[na:1.8.0_161]
	at java.io.ObjectInputStream.readSerialData(ObjectInputStream.java:2201) ~[na:1.8.0_161]
	at java.io.ObjectInputStream.readOrdinaryObject(ObjectInputStream.java:2059) ~[na:1.8.0_161]
	at java.io.ObjectInputStream.readObject0(ObjectInputStream.java:1566) ~[na:1.8.0_161]
	at java.io.ObjectInputStream.defaultReadFields(ObjectInputStream.java:2277) ~[na:1.8.0_161]
	at java.io.ObjectInputStream.defaultReadObject(ObjectInputStream.java:556) ~[na:1.8.0_161]
	at org.evosuite.testcase.DefaultTestCase.readObject(DefaultTestCase.java:1103) ~[evosuite.jar:1.0.7-SNAPSHOT]
	at sun.reflect.GeneratedMethodAccessor17.invoke(Unknown Source) ~[na:na]
	at sun.reflect.DelegatingMethodAccessorImpl.invoke(DelegatingMethodAccessorImpl.java:43) ~[na:1.8.0_161]
	at java.lang.reflect.Method.invoke(Method.java:498) ~[na:1.8.0_161]
	at java.io.ObjectStreamClass.invokeReadObject(ObjectStreamClass.java:1158) ~[na:1.8.0_161]
	at java.io.ObjectInputStream.readSerialData(ObjectInputStream.java:2168) ~[na:1.8.0_161]
	at java.io.ObjectInputStream.readOrdinaryObject(ObjectInputStream.java:2059) ~[na:1.8.0_161]
	at java.io.ObjectInputStream.readObject0(ObjectInputStream.java:1566) ~[na:1.8.0_161]
	at java.io.ObjectInputStream.defaultReadFields(ObjectInputStream.java:2277) ~[na:1.8.0_161]
	at java.io.ObjectInputStream.readSerialData(ObjectInputStream.java:2201) ~[na:1.8.0_161]
	at java.io.ObjectInputStream.readOrdinaryObject(ObjectInputStream.java:2059) ~[na:1.8.0_161]
	at java.io.ObjectInputStream.readObject0(ObjectInputStream.java:1566) ~[na:1.8.0_161]
	at java.io.ObjectInputStream.readObject(ObjectInputStream.java:426) ~[na:1.8.0_161]
	at java.util.ArrayList.readObject(ArrayList.java:797) ~[na:1.8.0_161]
	at sun.reflect.GeneratedMethodAccessor7.invoke(Unknown Source) ~[na:na]
	at sun.reflect.DelegatingMethodAccessorImpl.invoke(DelegatingMethodAccessorImpl.java:43) ~[na:1.8.0_161]
	at java.lang.reflect.Method.invoke(Method.java:498) ~[na:1.8.0_161]
	at java.io.ObjectStreamClass.invokeReadObject(ObjectStreamClass.java:1158) ~[na:1.8.0_161]
	at java.io.ObjectInputStream.readSerialData(ObjectInputStream.java:2168) ~[na:1.8.0_161]
	at java.io.ObjectInputStream.readOrdinaryObject(ObjectInputStream.java:2059) ~[na:1.8.0_161]
	at java.io.ObjectInputStream.readObject0(ObjectInputStream.java:1566) ~[na:1.8.0_161]
	at java.io.ObjectInputStream.defaultReadFields(ObjectInputStream.java:2277) ~[na:1.8.0_161]
	at java.io.ObjectInputStream.readSerialData(ObjectInputStream.java:2201) ~[na:1.8.0_161]
	at java.io.ObjectInputStream.readOrdinaryObject(ObjectInputStream.java:2059) ~[na:1.8.0_161]
	at java.io.ObjectInputStream.readObject0(ObjectInputStream.java:1566) ~[na:1.8.0_161]
	at java.io.ObjectInputStream.readObject(ObjectInputStream.java:426) ~[na:1.8.0_161]
	at sun.rmi.server.UnicastRef.unmarshalValue(UnicastRef.java:322) ~[na:1.8.0_161]
	at sun.rmi.server.UnicastServerRef.dispatch(UnicastServerRef.java:341) ~[na:1.8.0_161]
	... 12 common frames omitted
Caused by: java.lang.ClassNotFoundException: Class 'com/alibaba/fastjson/serializer/ASMSerializer_5_SQLFeatureNotSupportedException.class' should be in target project, but could not be found!
	at org.evosuite.instrumentation.InstrumentingClassLoader.instrumentClass(InstrumentingClassLoader.java:190) ~[evosuite.jar:1.0.7-SNAPSHOT]
	... 74 common frames omitted
* Minimizing test suite
* Going to analyze the coverage criteria
* Coverage analysis for criterion LINE
* Coverage of criterion LINE: 56%
* Total number of goals: 2079
* Number of covered goals: 1155
* Coverage analysis for criterion BRANCH
* Coverage of criterion BRANCH: 44%
* Total number of goals: 1850
* Number of covered goals: 816
* Coverage analysis for criterion EXCEPTION
* Coverage of criterion EXCEPTION: 99%
* Total number of goals: 129
* Number of covered goals: 128
* Coverage analysis for criterion WEAKMUTATION
* Coverage of criterion WEAKMUTATION: 61%
* Total number of goals: 913
* Number of covered goals: 554
* Coverage analysis for criterion OUTPUT
* Coverage of criterion OUTPUT: 69%
* Total number of goals: 114
* Number of covered goals: 79
* Coverage analysis for criterion METHOD
* Coverage of criterion METHOD: 100%
* Total number of goals: 126
* Number of covered goals: 126
* Coverage analysis for criterion METHODNOEXCEPTION
* Coverage of criterion METHODNOEXCEPTION: 96%
* Total number of goals: 126
* Number of covered goals: 121
* Coverage analysis for criterion CBRANCH
* Coverage of criterion CBRANCH: 42%
* Total number of goals: 1850
* Number of covered goals: 772
* Generated 341 tests with total length 1201
* Resulting test suite's coverage: 51% (average coverage for all fitness functions)
* Generating assertions
* Resulting test suite's mutation score: 27%
* Compiling and checking tests
[MASTER] 19:54:18.594 [logback-1] WARN  JUnitAnalyzer - Found unstable test named test0 -> class java.lang.StringIndexOutOfBoundsException: String index out of range: 3
[MASTER] 19:54:18.595 [logback-1] WARN  JUnitAnalyzer - Failing test:
 JSONPath.eval((Object) "[e=", "[e=");

[MASTER] 19:54:19.090 [logback-1] WARN  JUnitAnalyzer - Found unstable test named test0 -> class java.lang.AssertionError: Exception was not thrown in com.alibaba.fastjson.parser.DefaultJSONParser but in com.alibaba.fastjson.JSONPath$JSONPathParser.readName(JSONPath.java:1683): org.evosuite.runtime.mock.java.lang.MockThrowable: illeal jsonpath syntax. `![<Iii2,,"
[MASTER] 19:54:19.090 [logback-1] WARN  JUnitAnalyzer - Failing test:
 JSONPath.extract("`![<Iii2,,\"", "`![<Iii2,,\"");

[MASTER] 19:54:29.064 [logback-1] WARN  JUnitAnalyzer - Found unstable test named test0 -> class com.alibaba.fastjson.JSONPathException: illeal jsonpath syntax. <#cWff=w6+U;M]$@r8
[MASTER] 19:54:29.064 [logback-1] WARN  JUnitAnalyzer - Failing test:
 JSONPath jSONPath0 = JSONPath.compile("<#cWff=w6+U;M]$@r8");
SQLNonTransientException sQLNonTransientException0 = new SQLNonTransientException("fieldDeserializer");
jSONPath0.contains((Object) sQLNonTransientException0);

[MASTER] 19:54:37.162 [logback-1] WARN  JUnitAnalyzer - Found unstable test named test0 -> class java.lang.AssertionError: expected:<165> but was:<167>
[MASTER] 19:54:37.162 [logback-1] WARN  JUnitAnalyzer - Failing test:
 HashMap<String, ClientInfoStatus> hashMap0 = new HashMap<String, ClientInfoStatus>();
SQLTransientConnectionException sQLTransientConnectionException0 = new SQLTransientConnectionException("y");
SQLClientInfoException sQLClientInfoException0 = new SQLClientInfoException(hashMap0, sQLTransientConnectionException0);
SerializeConfig serializeConfig0 = new SerializeConfig(19);
Map<String, Object> map0 = JSONPath.paths((Object) sQLClientInfoException0, serializeConfig0);
assertEquals(165, map0.size());


[MASTER] 19:54:38.173 [logback-1] WARN  JUnitAnalyzer - Found unstable test named test0 -> class com.alibaba.fastjson.JSONPathException: illeal jsonpath syntax. $8IpBI
[MASTER] 19:54:38.173 [logback-1] WARN  JUnitAnalyzer - Failing test:
 JSONPath jSONPath0 = JSONPath.compile("$8IpBI");
jSONPath0.init();

[MASTER] 19:54:38.496 [logback-1] WARN  JUnitAnalyzer - Found unstable test named test0 -> class com.alibaba.fastjson.JSONPathException: illeal jsonpath syntax. //thackTRace/8
[MASTER] 19:54:38.496 [logback-1] WARN  JUnitAnalyzer - Failing test:
 JSONPath.PropertySegment jSONPath_PropertySegment0 = new JSONPath.PropertySegment("//thackTRace/8", false);
JSONPath.size((Object) jSONPath_PropertySegment0, "//thackTRace/8");

[MASTER] 19:54:39.517 [logback-1] WARN  JUnitAnalyzer - Found unstable test named test0 -> class java.lang.UnsupportedOperationException: null
[MASTER] 19:54:39.517 [logback-1] WARN  JUnitAnalyzer - Failing test:
 SQLFeatureNotSupportedException sQLFeatureNotSupportedException0 = new SQLFeatureNotSupportedException("Jf", ">.2'%;-x Q'");
JSONPath.size((Object) sQLFeatureNotSupportedException0, "hNKY[fk7<@#+EtDEF");

[MASTER] 19:54:40.186 [logback-1] WARN  JUnitAnalyzer - Found unstable test named test0 -> class java.lang.StringIndexOutOfBoundsException: String index out of range: 17
[MASTER] 19:54:40.186 [logback-1] WARN  JUnitAnalyzer - Failing test:
 UUID uUID0 = MockUUID.randomUUID();
JSONPath.contains((Object) uUID0, "[Dtww=/KEY=R8~T(}");

[MASTER] 19:54:40.507 [logback-1] WARN  JUnitAnalyzer - Found unstable test named test0 -> class java.lang.StringIndexOutOfBoundsException: String index out of range: 0
[MASTER] 19:54:40.507 [logback-1] WARN  JUnitAnalyzer - Failing test:
 JSONPath.JSONPathParser jSONPath_JSONPathParser0 = new JSONPath.JSONPathParser("[]");
Object object0 = jSONPath_JSONPathParser0.parseArrayAccessFilter(false);
String[] stringArray0 = new String[1];
stringArray0[0] = "[]";
JSONPath.reserveToObject(object0, stringArray0);

[MASTER] 19:54:41.198 [logback-1] WARN  JUnitAnalyzer - Found unstable test named test0 -> class java.lang.NumberFormatException: For input string: ""
[MASTER] 19:54:41.198 [logback-1] WARN  JUnitAnalyzer - Failing test:
 SQLRecoverableException sQLRecoverableException0 = new SQLRecoverableException("com.alibaba.fastjson.JSONPath$ValueSegment");
JSONPath.size((Object) sQLRecoverableException0, "D0n0[,Hq909");

[MASTER] 19:54:46.419 [logback-1] WARN  JUnitAnalyzer - Found unstable test named test0 -> class com.alibaba.fastjson.JSONPathException: illeal jsonpath syntax. *rPhy|&
[MASTER] 19:54:46.419 [logback-1] WARN  JUnitAnalyzer - Failing test:
 SerializeConfig serializeConfig0 = new SerializeConfig();
JSONPath.eval((Object) serializeConfig0, "*rPhy|&");

* Permissions denied during test execution: 
  - java.lang.RuntimePermission: 
         writeFileDescriptor: 3
* Writing tests to file
* Writing JUnit test case 'JSONPath_ESTest' to /home/apaniche/mitchell/generation-scripts/evosuite_fuzzer/tests/s14/fastjson/evosuite-tests
* Done!

* Computation finished
* EvoSuite 1.0.7-SNAPSHOT
* Configuration: EvoSuite_fuzzer
* Going to generate test cases for class: com.alibaba.fastjson.parser.JSONReaderScanner
* Starting Client-0
* Connecting to master process on port 6919
* Analyzing classpath: 
  - /home/apaniche/mitchell/generation-scripts/projects/fastjson/fastjson-1.2.68.jar
* Finished analyzing classpath
* Generating tests for class com.alibaba.fastjson.parser.JSONReaderScanner
* Test criteria:
  - Line Coverage
  - Branch Coverage
  - Exception
  - Mutation testing (weak)
  - Method-Output Coverage
  - Top-Level Method Coverage
  - No-Exception Top-Level Method Coverage
  - Context Branch Coverage
* Total number of test goals for DYNAMOSA: 1110
* Using seed 14
* Starting evolution
* Initial Number of Goals in DynaMOSA = 338 / 1110
[MASTER] 19:55:10.336 [logback-1] WARN  CheapPurityAnalyzer - com.google.common.collect.ArrayListMultimap was not found in the inheritance tree. Using DEFAULT value for cheap-purity analysis
[MASTER] 19:55:10.337 [logback-1] WARN  InheritanceTree - Class not in inheritance graph: com.google.common.collect.ArrayListMultimap
* Search finished after 186s and 56 generations, 34212 statements, best individual has fitness: 170.0
* Minimizing test suite
* Going to analyze the coverage criteria
* Coverage analysis for criterion LINE
* Coverage of criterion LINE: 83%
* Total number of goals: 156
* Number of covered goals: 130
* Coverage analysis for criterion BRANCH
* Coverage of criterion BRANCH: 79%
* Total number of goals: 104
* Number of covered goals: 82
* Coverage analysis for criterion EXCEPTION
* Coverage of criterion EXCEPTION: 100%
* Total number of goals: 37
* Number of covered goals: 37
* Coverage analysis for criterion WEAKMUTATION
* Coverage of criterion WEAKMUTATION: 91%
* Total number of goals: 662
* Number of covered goals: 603
* Coverage analysis for criterion OUTPUT
* Coverage of criterion OUTPUT: 72%
* Total number of goals: 40
* Number of covered goals: 29
* Coverage analysis for criterion METHOD
* Coverage of criterion METHOD: 100%
* Total number of goals: 22
* Number of covered goals: 22
* Coverage analysis for criterion METHODNOEXCEPTION
* Coverage of criterion METHODNOEXCEPTION: 100%
* Total number of goals: 22
* Number of covered goals: 22
* Coverage analysis for criterion CBRANCH
* Coverage of criterion CBRANCH: 79%
* Total number of goals: 104
* Number of covered goals: 82
* Generated 79 tests with total length 241
* Resulting test suite's coverage: 82% (average coverage for all fitness functions)
* Generating assertions
* Resulting test suite's mutation score: 28%
* Compiling and checking tests
* Writing tests to file
* Writing JUnit test case 'JSONReaderScanner_ESTest' to /home/apaniche/mitchell/generation-scripts/evosuite_fuzzer/tests/s14/fastjson/evosuite-tests
* Done!

* Computation finished
