* EvoSuite 1.0.7-SNAPSHOT
* Configuration: EvoSuite_fuzzer
* Going to generate test cases for class: com.alibaba.fastjson.JSONObject
* EvoSuite 1.0.7-SNAPSHOT
* Configuration: EvoSuite_fuzzer
* Going to generate test cases for class: com.alibaba.fastjson.JSONArray
* Starting Client-0
* Connecting to master process on port 10026
* Starting Client-0
* Connecting to master process on port 10028
* Analyzing classpath: 
* Analyzing classpath: 
  - /home/apaniche/mitchell/generation-scripts/projects/fastjson/fastjson-1.2.68.jar
  - /home/apaniche/mitchell/generation-scripts/projects/fastjson/fastjson-1.2.68.jar
[MASTER] 14:09:57.745 [logback-1] WARN  CheapPurityAnalyzer - com.google.common.collect.ArrayListMultimap was not found in the inheritance tree. Using DEFAULT value for cheap-purity analysis
[MASTER] 14:09:57.747 [logback-1] WARN  InheritanceTree - Class not in inheritance graph: com.google.common.collect.ArrayListMultimap
[MASTER] 14:09:58.576 [logback-1] WARN  CheapPurityAnalyzer - com.google.common.collect.ArrayListMultimap was not found in the inheritance tree. Using DEFAULT value for cheap-purity analysis
[MASTER] 14:09:58.576 [logback-1] WARN  InheritanceTree - Class not in inheritance graph: com.google.common.collect.ArrayListMultimap
* Finished analyzing classpath
* Generating tests for class com.alibaba.fastjson.JSONArray
* Test criteria:
  - Line Coverage
  - Branch Coverage
  - Exception
  - Mutation testing (weak)
  - Method-Output Coverage
  - Top-Level Method Coverage
  - No-Exception Top-Level Method Coverage
  - Context Branch Coverage
* Total number of test goals for DYNAMOSA: 1055
* Using seed 0
* Starting evolution
* Initial Number of Goals in DynaMOSA = 674 / 1055
[MASTER] 14:09:59.168 [logback-2] ERROR TestCluster - Failed to check cache for java.util.LinkedList<E> : Type points to itself
[MASTER] 14:09:59.169 [logback-2] ERROR TestCluster - Failed to check cache for java.util.HashMap<K, V> : Type points to itself
* Finished analyzing classpath
* Generating tests for class com.alibaba.fastjson.JSONObject
* Test criteria:
  - Line Coverage
  - Branch Coverage
  - Exception
  - Mutation testing (weak)
  - Method-Output Coverage
  - Top-Level Method Coverage
  - No-Exception Top-Level Method Coverage
  - Context Branch Coverage
* Total number of test goals for DYNAMOSA: 1211
* Using seed 0
* Starting evolution
[MASTER] 14:09:59.569 [logback-2] ERROR TestCluster - Failed to check cache for java.lang.reflect.Constructor<T> : Type points to itself
* Initial Number of Goals in DynaMOSA = 496 / 1211
[MASTER] 14:09:59.710 [logback-2] ERROR TestCluster - Failed to check cache for java.util.LinkedList<E> : Type points to itself
[MASTER] 14:09:59.710 [logback-2] ERROR TestCluster - Failed to check cache for java.util.AbstractMap<K, V>.SimpleEntry<K, V> : Type points to itself
[MASTER] 14:09:59.710 [logback-2] ERROR TestCluster - Failed to check cache for java.util.AbstractMap<K, V>.SimpleImmutableEntry<K, V> : Type points to itself
[MASTER] 14:09:59.711 [logback-2] ERROR TestCluster - Failed to check cache for java.util.HashMap<K, V> : Type points to itself
[MASTER] 14:10:08.421 [logback-2] ERROR TestCluster - Failed to check cache for java.util.Enumeration<E> : Type points to itself
[MASTER] 14:10:12.491 [logback-2] ERROR TestCluster - Failed to check cache for java.util.Enumeration<E> : Type points to itself
[MASTER] 14:10:12.561 [logback-2] ERROR TestCluster - Failed to check cache for java.util.Comparator<T> : Type points to itself
[MASTER] 14:10:24.714 [logback-1] WARN  TestChromosome - Functional mock problem: org.evosuite.ga.ConstructionFailedException: Failed to add constructor for com.alibaba.fastjson.serializer.BeanContext due to org.evosuite.ga.ConstructionFailedException: Failed to add constructor for com.alibaba.fastjson.util.FieldInfo due to org.evosuite.ga.ConstructionFailedException: Have no generator for class java.lang.reflect.Method canUseFunctionalMocks=true, canBeMocked: false
[MASTER] 14:10:37.961 [logback-2] ERROR TestCluster - Failed to check cache for java.util.Comparator<T> : Type points to itself
[MASTER] 14:10:41.780 [logback-2] ERROR TestCluster - Failed to check cache for java.util.Map<K, V>.Entry<K, V> : Type points to itself
* Search finished after 183s and 77 generations, 21198 statements, best individual has fitness: 266.0
* Search finished after 182s and 88 generations, 32303 statements, best individual has fitness: 517.0
* Minimizing test suite
* Going to analyze the coverage criteria
* Coverage analysis for criterion LINE
* Coverage of criterion LINE: 62%
* Total number of goals: 254
* Number of covered goals: 157
* Coverage analysis for criterion BRANCH
* Coverage of criterion BRANCH: 53%
* Total number of goals: 172
* Number of covered goals: 92
* Coverage analysis for criterion EXCEPTION
* Coverage of criterion EXCEPTION: 97%
* Total number of goals: 31
* Number of covered goals: 30
* Coverage analysis for criterion WEAKMUTATION
* Coverage of criterion WEAKMUTATION: 59%
* Total number of goals: 333
* Number of covered goals: 195
* Coverage analysis for criterion OUTPUT
* Coverage of criterion OUTPUT: 40%
* Total number of goals: 162
* Number of covered goals: 64
* Coverage analysis for criterion METHOD
* Coverage of criterion METHOD: 95%
* Total number of goals: 59
* Number of covered goals: 56
* Coverage analysis for criterion METHODNOEXCEPTION
* Coverage of criterion METHODNOEXCEPTION: 92%
* Total number of goals: 59
* Number of covered goals: 54
* Coverage analysis for criterion CBRANCH
* Coverage of criterion CBRANCH: 53%
* Total number of goals: 172
* Number of covered goals: 92
* Generated 95 tests with total length 271
* Resulting test suite's coverage: 65% (average coverage for all fitness functions)
* Generating assertions
* Minimizing test suite
* Resulting test suite's mutation score: 16%
* Compiling and checking tests
* Going to analyze the coverage criteria
* Coverage analysis for criterion LINE
* Coverage of criterion LINE: 89%
* Total number of goals: 173
* Number of covered goals: 154
* Coverage analysis for criterion BRANCH
* Coverage of criterion BRANCH: 85%
* Total number of goals: 101
* Number of covered goals: 86
* Coverage analysis for criterion EXCEPTION
* Coverage of criterion EXCEPTION: 91%
* Total number of goals: 104
* Number of covered goals: 95
* Coverage analysis for criterion WEAKMUTATION
* Coverage of criterion WEAKMUTATION: 94%
* Total number of goals: 325
* Number of covered goals: 307
* Coverage analysis for criterion OUTPUT
* Coverage of criterion OUTPUT: 47%
* Total number of goals: 219
* Number of covered goals: 104
* Coverage analysis for criterion METHOD
* Coverage of criterion METHOD: 100%
* Total number of goals: 68
* Number of covered goals: 68
* Coverage analysis for criterion METHODNOEXCEPTION
* Coverage of criterion METHODNOEXCEPTION: 97%
* Total number of goals: 68
* Number of covered goals: 66
* Coverage analysis for criterion CBRANCH
* Coverage of criterion CBRANCH: 85%
* Total number of goals: 101
* Number of covered goals: 86
* Generated 186 tests with total length 496
* Resulting test suite's coverage: 82% (average coverage for all fitness functions)
* Generating assertions
* Writing tests to file
* Writing JUnit test case 'JSONObject_ESTest' to /home/apaniche/mitchell/generation-scripts/evosuite_fuzzer/tests/s0/fastjson/evosuite-tests
* Done!

* Computation finished
* Resulting test suite's mutation score: 56%
* Compiling and checking tests
[MASTER] 14:14:54.542 [logback-1] WARN  JUnitAnalyzer - Found unstable test named test0 -> class com.alibaba.fastjson.JSONException: can not cast to double, value : [null,null,null,null,null,null,null,null,null,null,null,null,null,null,null,null,null,null,null,null,null,null,null,null,null,null,null,null,null,null,null,null,null,null,null,null,null,null,null,null,null,null,null,null,null,null,null,null,null,null,null,null,null,null,null,null,null,null,null,null,null,null,null,null,null,null,null,null,null,null,null,null,null,null,null,null,null,null,null,null,null,null,null,null,null,null,null,null,null,null,null,null,null,null,null,null,null,null,null,null,null,null,null,null,null,null,null,null,null,null,null,null,null,null,null,null,null,null,null,null,null,null,null,null,null,null,null,null,null,null,null,null,null,null,null,null,null,null,null,null,null,null,null,null,null,null,null,null,null,null,null,null,null,null,null,null,null,null,null,null,null,null,null,null,null,null,null,null,null,null,null,null,null,null,null,null,null,null,null,null,null,null,null,null,null,null,null,null,null,null,null,null,null,null,null,null,null,null,null,null,null,null,null,null,null,null,null,null,null,null,null,null,null,null,null,null,null,null,null,null,null,null,null,null,null,null,null,null,null,null,null,null,null,null,null,null,null,null,null,null,null,null,null,null,null,null,null,null,null,null,null,null,null,null,null,null,null,null,null,null,null,null,null,null,null,null,null,null,null,null,null,null,null,null,null,null,null,null,null,null,null,null,null,null,null,null,null,null,null,null,null,null,null,null,null,null,null,null,null,null,null,null,null,null,null,null,null,null,null,null,null,null,null,null,null,null,null,null,null,null,null,null,null,null,null,null,null,null,null,null,null,null,null,null,null,null,null,null,null,null,null,null,null,null,null,null,null,null,null,null,null,null,null,null,null,null,null,null,null,null,null,null,null,null,null,null,null,null,null,null,null,null,null,null,null,null,null,null,null,null,null,null,null,null,null,null,null,null,null,null,null,null,null,null,null,null,null,null,null,null,null,null,null,null,null,null,null,null,null,null,null,null,null,null,null,null,null,null,null,null,null,null,null,null,null,null,null,null,null,null,null,null,null,null,null,null,null,null,null,null,null,null,null,null,null,null,null,null,null,null,null,null,null,null,null,null,null,null,null,null,null,null,null,null,null,null,null,null,null,null,null,null,null,null,null,null,null,null,null,null,null,null,null,null,null,null,null,null,null,null,null,null,null,null,null,null,null,null,null,null,null,null,null,null,null,null,null,null,null,null,null,null,null,null,null,null,null,null,null,null,null,null,null,null,null,null,null,null,null,null,null,null,null,null,null,null,null,null,null,null,null,null,null,null,null,null,null,null,null,null,null,null,null,null,null,null,null,null,null,null,null,null,null,null,null,null,null,null,null,null,null,null,null,null,null,null,null,null,null,null,null,null,null,null,null,null,null,null,null,null,null,null,null,null,null,null,null,null,null,null,null,null,null,null,null,null,null,null,null,null,null,null,null,null,null,null,null,null,null,null,null,null,null,null,null,null,null,null,null,null,null,null,null,null,null,null,null,null,null,null,null,null,null,null,null,null,null,null,null,null,null,null,null,null,null,null,null,null,null,null,null,null,null,null,null,null,null,null,null,null,null,null,null,null,null,null,null,null,null,null,null,null,null,null,null,null,null,null,null,null,null,null,null,null,null,null,null,null,null,null,null,null,null,null,null,null,null,null,null,null,null,null,null,null,null,null,null,null,null,null,null,null,null,null,null,null,null,null,null,null,null,null,null,null,null,null,null,null,null,null,null,null,null,null,null,null,null,null,null,null,null,null,null,null,null,null,null,null,null,null,null,null,null,null,null,null,null,null,null,null,null,null,null,null,null,null,null,null,null,null,null,null,null,null,null,null,null,null,null,null,null,null,null,null,null,null,null,null,null,null,null,null,null,null,null,null,null,null,null,null,null,null,null,null,null,null,null,null,null,null,null,null,null,null,null,null,null,null,null,null,null,null,null,null,null,null,null,null,null,null,null,null,null,null,null,null,null,null,null,null,null,null,null,null,null,null,null,null,null,null,null,null,null,null,null,null,null,null,null,null,null,null,null,null,null,null,null,null,null,null,null,null,null,null,null,null,null,null,null,null,null,null,null,null,null,null,null,null,null,null,null,null,null,null,null,null,null,null,null,null,null,null,null,null,null,null,null,null,null,null,null,null,null,null,null,null,null,null,null,null,null,null,null,null,null,null,null,null,null,null,null,null,null,null,null,null,null,null,null,null,null,null,null,null,null,null,null,null,null,null,null,null,null,null,null,null,null,null,null,null,null,null,null,null,null,null,null,null,null,null,null,null,null,null,null,null,null,null,null,null,null,null,null,null,null,null,null,null,null,null,null,null,null,null,null,null,null,null,null,null,null,null,null,null,null,null,null,null,null,null,null,null,null,null,null,null,null,null,null,null,null,null,null,null,null,null,null,null,null,null,null,null,null,null,null,null,null,null,null,null,null,null,null,null,null,null,null,null,null,null,null,null,null,null,null,null,null,null,null,null,null,null,null,null,null,null,null,null,null,null,null,null,null,null,null,null,null,null,null,null,null,null,null,null,null,null,null,null,null,null,null,null,null,null,null,null,null,null,null,null,null,null,null,null,null,null,null,null,null,null,null,null,null,null,null,null,null,null,null,null,null,null,null,null,null,null,null,null,null,null,null,null,null,null,null,null,null,null,null,null,null,null,null,null,null,null,null,null,null,null,null,null,null,null,null,null,null,null,null,null,null,null,null,null,null,null,null,null,null,null,null,null,null,null,null,null,null,null,null,null,null,null,null,null,null,null,null,null,null,null,null,null,null,null,null,null,null,null,null,null,null,null,null,null,null,null,null,null,null,null,null,null,null,null,null,null,null,null,null,null,null,null,null,null,null,null,null,null,null,null,null,null,null,null,null,null,null,null,null,null,null,null,null,null,null,null,null,null,null,null,null,null,null,null,null,null,null,null,null,null,null,null,null,null,null,null,null,null,null,null,null,null,null,null,null,null,null,null,null,null,null,null,null,null,null,null,null,null,null,null,null,null,null,null,null,null,null,null,null,null,null,null,null,null,null,null,null,null,null,null,null,null,null,null,null,null,null,null,null,null,null,null,null,null,null,null,null,null,null,null,null,null,null,null,null,null,null,null,null,null,null,null,null,null,null,null,null,null,null,null,null,null,null,null,null,null,null,null,null,null,null,null,null,null,null,null,null,null,null,null,null,null,null,null,null,null,null,null,null,null,null,null,null,null,null,null,null,null,null,null,null,null,null,null,null,null,null,null,null,null,null,null,null,null,null,null,null,null,null,null,null,null,null,null,null,null,null,null,null,null,null,null,null,null,null,null,null,null,null,null,null,null,null,null,null,null,null,null,null,null,null,null,null,null,null,null,null,null,null,null,null,null,null,null,null,null,null,null,null,null,null,null,null,null,null,null,null,null,null,null,null,null,null,null,null,null,null,null,null,null,null,null,null,null,null,null,null,null,null,null,null,null,null,null,null,null,null,null,null,null,null,null,null,null,null,null,null,null,null,null,null,null,null,null,null,null,null,null,null,null,null,null,null,null,null,null,null,null,null,null,null,null,null,null,null,null,null,null,null,null,null,null,null,null,null,null,null,null,null,null,null,null,null,null,null,null,null,null,null,null,null,null,null,null,null,null,null,null,null,null,null,null,null,null,null,null,null,null,null,null,null,null,null,null,null,null,null,null,null,null,null,null,null,null,null,null,null,null,null,null,null,null,null,null,null,null,null,null,null,null,null,null,null,null,null,null,null,null,null,null,null,null,null,null,null,null,null,null,null,null,null,null,null,null,null,null,null,null,null,null,null,null,null,null,null,null,null,null,null,null,null,null,null,null,null,null,null,null,null,null,null,null,null,null,null,null,null,null,null,null,null,null,null,null,null,null,null,null,null,null,null,null,null,null,null,null,null,null,null,null,null,null,null,null,null,null,null,null,null,null,null,null,null,null,null,null,null,null,null,null,null,null,null,null,null,null,null,null,null,null,null,null,null,null,null,null,null,null,null,null,null,null,null,null,null,null,null,null,null,null,null,null,null,null,null,null,null,null,null,null,null,null,null,null,null,null,null,null,null,null,null,null,null,null,null,null,null,null,null,null,null,null,null,null,null,null,null,null,null,null,null,null,null,null,null,null,null,null,null,null,null,null,null,null,null,null,null,null,null,null,null,null,null,null,null,null,null,null,null,null,null,null,null,null,null,null,null,null,null,null,null,null,null,null,null,null,null,null,null,null,null,null,null,null,null,null,null,null,null,null,null,null,null,null,null,null,null,null,null,null,null,null,null,null,null,null,null,null,null,null,null,null,null,null,null,null,null,null,null,null,null,null,null,null,null,null,null,null,null,null,null,null,null,null,null,null,null,null,null,null,null,null,null,null,null,null,null,null,null,null,null,null,null,null,null,null,null,null,null,null,null,null,null,null,null,null,null,null,null,null,null,null,null,null,null,null,null,null,null,null,null,null,null,null,null,null,null,null,null,null,null,null,null,null,null,null,null,null,null,null,null,null,null,null,null,null,null,null,null,null,null,null,null,null,null,null,null,null,null,null,null,null,null,null,null,null,null,null,null,null,null,null,null,null,null,null,null,null,null,null,null,null,null,null,null,null,null,null,null,null,null,null,null,null,null,null,null,null,null,null,null,null,null,null,null,null,null,null,null,null,null,null,null,null,null,null,null,null,null,null,null,null,null,null,null,null,null,null,null,null,null,null,null,null,null,null,null,null,null,null,null,null,null,null,null,null,null,null,null,null,null,null,null,null,null,null,null,null,null,null,null,null,null,null,null,null,null,null,null,null,null,null,null,null,null,null,null,null,null,null,null,null,null,null,null,null,null,null,null,null,null,null,null,null,null,null,null,null,null,null,null,null,null,null,null,null,null,null,null,null,null,null,null,null,null,null,null,null,null,null,null,null,null,null,null,null,null,null,null,null,null,null,null,null,null,null,null,null,null,null,null,null,null,null,null,null,null,null,null,null,null,null,null,null,null,null,null,null,null,null,null,null,null,null,null,null,null,null,null,null,null,null,null,null,null,null,null,null,null,null,null,null,null,null,null,null,null,null,null,null,null,null,null,null,null,null,null,null,null,null,null,null,null,null,null,null,null,null,null,null,null,null,null,null,null,null,null,null,null,null,null,null,null,null,null,null,null,null,null,null,null,null,null,null,null,null,null,null,null,null,null,null,null,null,null,null,null,null,null,null,null,null,null,null,null,null,null,null,null,null,null,null,null,null,null,null,null,null,null,null,null,null,null,null,null,null,null,null,null,null,null,null,null,null,null,null,null,null,null,null,null,null,null,null,null,null,null,null,null,null,null,null,null,null,null,null,null,null,null,null,null,null,null,null,null,null,null,null,null,null,null,null,null,null,null,null,null,null,null,null,null,null,null,null,null,null,null,null,null,null,null,null,null,null,null,null,null,null,null,null,null,null,null,null,null,null,null,null,null,null,null,null,null,null,null,null,null,null,null,null,null,null,null,null,null,null,null,null,null,null,null,null,null,null,null,null,null,null,null,null,null,null,null,null,null,null,null,null,null,null,null,null,null,null,null,null,null,null,null,null,null,null,null,null,null,null,null,null,null,null,null,null,null,null,null,null,null,null,null,null,null,null,null,null,null,null,null,null,null,null,null,null,null,null,null,null,null,null,null,null,null,null,null,null,null,null,null,null,null,null,null,null,null,null,null,null,null,null,null,null,null,null,null,null,null,null,null,null,null,null,null,null,null,null,null,null,null,null,null,null,null,null,null,null,null,null,null,null,null,null,null,null,null,null,null,null,null,null,null,null,null,null,null,null,null,null,null,null,null,null,null,null,null,null,null,null,null,null,null,null,null,null,null,null,null,null,null,null,null,null,null,null,null,null,null,null,null,null,null,null,null,null,null,null,null,null,null,null,null,null,null,null,null,null,null,null,null,null,null,null,null,null,null,null,null,null,null,null,null,null,null,null,null,null,null,null,null,null,null,null,null,null,null,null,null,null,null,null,null,null,null,null,null,null,null,null,null,null,null,null,null,null,null,null,null,null,null,null,null,null,null,null,null,null,null,null,null,null,null,null,null,null,null,null,null,null,null,null,null,null,null,null,null,null,null,null,null,null,null,null,null,null,null,null,null,null,null,null,null,null,null,null,null,null,null,null,null,null,null,null,null,null,null,null,null,null,null,null,null,null,null,null,null,null,null,null,null,null,null,null,null,null,null,null,null,null,null,null,null,null,null,null,null,null,null,null,null,null,null,null,null,null,null,null,null,null,null,null,null,null,null,null,null,null,null,null,null,null,null,null,null,null,null,null,null,null,null,null,null,null,null,null,null,null,null,null,null,null,null,null,null,null,null,null,null,null,null,null,null,null,null,null,null,null,null,null,null,null,null,null,null,null,null,null,null,null,null,null,null,null,null,null,null,null,null,null,null,null,null,null,null,null,null,null,null,null,null,null,null,null,null,null,null,null,null,null,null,null,null,null,null,null,null,null,null,null,null,null,null,null,null,null,null,null,null,null,null,null,null,null,null,null,null,null,null,null,null,null,null,null,null,null,null,null,null,null,null,null,null,null,null,null,null,null,null,null,null,null,null,null,null,null,null,null,null,null,null,null,null,null,null,null,null,null,null,null,null,null,null,null,null,null,null,null,null,null,null,null,null,null,null,null,null,null,null,null,null,null,null,null,null,null,null,null,null,null,null,null,null,null,null,null,null,null,null,null,null,null,null,null,null,null,null,null,null,null,null,null,null,null,null,null,null,null,null,null,null,null,null,null,null,null,null,null,null,null,null,null,null,null,null,null,null,null,null,null,null,null,null,null,null,null,null,null,null,null,null,null,null,null,null,null,null,null,null,null,null,null,null,null,null,null,null,null,null,null,null,null,null,null,null,null,null,null,null,null,null,null,null,null,null,null,null,null,null,null,null,null,null,null,null,null,null,null,null,null,null,null,null,null,null,null,null,null,null,null,null,null,null,null,null,null,null,null,null,null,null,null,null,null,null,null,null,null,null,null,null,null,null,null,null,null,null,null,null,null,null,null,null,null,null,null,null,null,null,null,null,null,null,{"$ref":"@"}]
[MASTER] 14:14:54.543 [logback-1] WARN  JUnitAnalyzer - Failing test:
 JSONArray jSONArray0 = new JSONArray();
JSONArray jSONArray1 = jSONArray0.fluentSet(3089, "N /*=zvw6");
JSONArray jSONArray2 = jSONArray0.fluentSet(3089, jSONArray1);
jSONArray2.getDoubleValue(3089);

* Permissions denied during test execution: 
  - java.lang.RuntimePermission: 
         writeFileDescriptor: 1
* Writing tests to file
* Writing JUnit test case 'JSONArray_ESTest' to /home/apaniche/mitchell/generation-scripts/evosuite_fuzzer/tests/s0/fastjson/evosuite-tests
* Done!

* Computation finished
* EvoSuite 1.0.7-SNAPSHOT
* Configuration: EvoSuite_fuzzer
* Going to generate test cases for class: com.alibaba.fastjson.JSONValidator
* EvoSuite 1.0.7-SNAPSHOT
* Configuration: EvoSuite_fuzzer
* Going to generate test cases for class: com.alibaba.fastjson.JSONReader
* EvoSuite 1.0.7-SNAPSHOT
* Configuration: EvoSuite_fuzzer
* Going to generate test cases for class: com.alibaba.fastjson.JSON
* EvoSuite 1.0.7-SNAPSHOT
* Configuration: EvoSuite_fuzzer
* Going to generate test cases for class: com.alibaba.fastjson.JSONWriter
* Starting Client-0
* Starting Client-0
* Starting Client-0
* Connecting to master process on port 10023
* Connecting to master process on port 10024
* Connecting to master process on port 10022
* Starting Client-0
* Connecting to master process on port 10027
* Analyzing classpath: 
* Analyzing classpath: 
* Analyzing classpath: 
* Analyzing classpath: 
  - /home/apaniche/mitchell/generation-scripts/projects/fastjson/fastjson-1.2.68.jar
  - /home/apaniche/mitchell/generation-scripts/projects/fastjson/fastjson-1.2.68.jar
  - /home/apaniche/mitchell/generation-scripts/projects/fastjson/fastjson-1.2.68.jar
* Finished analyzing classpath
* Generating tests for class com.alibaba.fastjson.JSONWriter
* Test criteria:
  - Line Coverage
  - Branch Coverage
  - Exception
  - Mutation testing (weak)
  - Method-Output Coverage
  - Top-Level Method Coverage
  - No-Exception Top-Level Method Coverage
  - Context Branch Coverage
* Total number of test goals for DYNAMOSA: 429
* Using seed 0
* Starting evolution
* Initial Number of Goals in DynaMOSA = 130 / 429
  - /home/apaniche/mitchell/generation-scripts/projects/fastjson/fastjson-1.2.68.jar
* Finished analyzing classpath
* Generating tests for class com.alibaba.fastjson.JSONValidator
* Test criteria:
  - Line Coverage
  - Branch Coverage
  - Exception
  - Mutation testing (weak)
  - Method-Output Coverage
  - Top-Level Method Coverage
  - No-Exception Top-Level Method Coverage
  - Context Branch Coverage
* Total number of test goals for DYNAMOSA: 1127
* Using seed 0
* Starting evolution
* Initial Number of Goals in DynaMOSA = 268 / 1127
[MASTER] 14:15:30.111 [logback-1] WARN  CheapPurityAnalyzer - com.google.common.collect.ArrayListMultimap was not found in the inheritance tree. Using DEFAULT value for cheap-purity analysis
[MASTER] 14:15:30.112 [logback-1] WARN  InheritanceTree - Class not in inheritance graph: com.google.common.collect.ArrayListMultimap
* Finished analyzing classpath
* Generating tests for class com.alibaba.fastjson.JSONReader
* Test criteria:
  - Line Coverage
  - Branch Coverage
  - Exception
  - Mutation testing (weak)
  - Method-Output Coverage
  - Top-Level Method Coverage
  - No-Exception Top-Level Method Coverage
  - Context Branch Coverage
* Total number of test goals for DYNAMOSA: 740
* Using seed 0
* Starting evolution
* Initial Number of Goals in DynaMOSA = 232 / 740
[MASTER] 14:15:31.791 [logback-1] WARN  CheapPurityAnalyzer - com.google.common.collect.ArrayListMultimap was not found in the inheritance tree. Using DEFAULT value for cheap-purity analysis
[MASTER] 14:15:31.793 [logback-1] WARN  InheritanceTree - Class not in inheritance graph: com.google.common.collect.ArrayListMultimap
* Finished analyzing classpath
* Generating tests for class com.alibaba.fastjson.JSON
* Test criteria:
  - Line Coverage
  - Branch Coverage
  - Exception
  - Mutation testing (weak)
  - Method-Output Coverage
  - Top-Level Method Coverage
  - No-Exception Top-Level Method Coverage
  - Context Branch Coverage
* Total number of test goals for DYNAMOSA: 2080
* Using seed 0
* Starting evolution
* Initial Number of Goals in DynaMOSA = 747 / 2080
[MASTER] 14:15:32.927 [logback-2] ERROR TestCluster - Failed to check cache for java.util.LinkedList<E> : Type points to itself
[MASTER] 14:15:32.929 [logback-2] ERROR TestCluster - Failed to check cache for java.util.HashMap<K, V> : Type points to itself
[MASTER] 14:15:32.939 [logback-2] ERROR TestCluster - Failed to check cache for java.lang.Enum<E> : Type points to itself
[MASTER] 14:15:32.939 [logback-2] ERROR TestCluster - Failed to check cache for java.util.AbstractMap<K, V>.SimpleEntry<K, V> : Type points to itself
[MASTER] 14:15:32.940 [logback-2] ERROR TestCluster - Failed to check cache for java.util.AbstractMap<K, V>.SimpleImmutableEntry<K, V> : Type points to itself
[MASTER] 14:15:33.582 [logback-2] ERROR TestCluster - Failed to check cache for java.lang.reflect.Constructor<T> : Type points to itself
[MASTER] 14:15:47.737 [logback-2] ERROR TestCluster - Failed to check cache for java.util.Enumeration<E> : Type points to itself
[MASTER] 14:16:00.648 [logback-2] ERROR TestCluster - Failed to check cache for java.util.function.Function<T, R> : Type points to itself
[MASTER] 14:16:15.156 [logback-2] ERROR TestCluster - Failed to check cache for java.util.Comparator<T> : Type points to itself
[MASTER] 14:16:41.709 [logback-2] ERROR ClientNodeImpl - Cannot inform master of change of state
java.rmi.ServerException: RemoteException occurred in server thread; nested exception is: 
	java.rmi.UnmarshalException: error unmarshalling arguments; nested exception is: 
	java.lang.ClassNotFoundException: Class 'com/alibaba/fastjson/serializer/ASMSerializer_5_Integer.class' should be in target project, but could not be found!
	at sun.rmi.server.UnicastServerRef.dispatch(UnicastServerRef.java:393) ~[na:1.8.0_161]
	at sun.rmi.transport.Transport$1.run(Transport.java:200) ~[na:1.8.0_161]
	at sun.rmi.transport.Transport$1.run(Transport.java:197) ~[na:1.8.0_161]
	at java.security.AccessController.doPrivileged(Native Method) ~[na:1.8.0_161]
	at sun.rmi.transport.Transport.serviceCall(Transport.java:196) ~[na:1.8.0_161]
	at sun.rmi.transport.tcp.TCPTransport.handleMessages(TCPTransport.java:568) ~[na:1.8.0_161]
	at sun.rmi.transport.tcp.TCPTransport$ConnectionHandler.run0(TCPTransport.java:826) ~[na:1.8.0_161]
	at sun.rmi.transport.tcp.TCPTransport$ConnectionHandler.lambda$run$0(TCPTransport.java:683) ~[na:1.8.0_161]
	at java.security.AccessController.doPrivileged(Native Method) ~[na:1.8.0_161]
	at sun.rmi.transport.tcp.TCPTransport$ConnectionHandler.run(TCPTransport.java:682) ~[na:1.8.0_161]
	at java.util.concurrent.ThreadPoolExecutor.runWorker(ThreadPoolExecutor.java:1149) ~[na:1.8.0_161]
	at java.util.concurrent.ThreadPoolExecutor$Worker.run(ThreadPoolExecutor.java:624) ~[na:1.8.0_161]
	at java.lang.Thread.run(Thread.java:748) ~[na:1.8.0_161]
	at sun.rmi.transport.StreamRemoteCall.exceptionReceivedFromServer(StreamRemoteCall.java:283) ~[na:1.8.0_161]
	at sun.rmi.transport.StreamRemoteCall.executeCall(StreamRemoteCall.java:260) ~[na:1.8.0_161]
	at sun.rmi.server.UnicastRef.invoke(UnicastRef.java:161) ~[na:1.8.0_161]
	at java.rmi.server.RemoteObjectInvocationHandler.invokeRemoteMethod(RemoteObjectInvocationHandler.java:227) ~[na:1.8.0_161]
	at java.rmi.server.RemoteObjectInvocationHandler.invoke(RemoteObjectInvocationHandler.java:179) ~[na:1.8.0_161]
	at com.sun.proxy.$Proxy7.evosuite_collectStatistics(Unknown Source) ~[na:na]
	at org.evosuite.rmi.service.ClientNodeImpl.updateStatistics(ClientNodeImpl.java:266) ~[evosuite.jar:1.0.7-SNAPSHOT]
	at org.evosuite.statistics.StatisticsSender.sendIndividualToMaster(StatisticsSender.java:68) [evosuite.jar:1.0.7-SNAPSHOT]
	at org.evosuite.statistics.StatisticsListener.lambda$new$0(StatisticsListener.java:69) [evosuite.jar:1.0.7-SNAPSHOT]
	at java.lang.Thread.run(Thread.java:748) ~[na:1.8.0_161]
Caused by: java.rmi.UnmarshalException: error unmarshalling arguments; nested exception is: 
	java.lang.ClassNotFoundException: Class 'com/alibaba/fastjson/serializer/ASMSerializer_5_Integer.class' should be in target project, but could not be found!
	at sun.rmi.server.UnicastServerRef.dispatch(UnicastServerRef.java:352) ~[na:1.8.0_161]
	at sun.rmi.transport.Transport$1.run(Transport.java:200) ~[na:1.8.0_161]
	at sun.rmi.transport.Transport$1.run(Transport.java:197) ~[na:1.8.0_161]
	at java.security.AccessController.doPrivileged(Native Method) ~[na:1.8.0_161]
	at sun.rmi.transport.Transport.serviceCall(Transport.java:196) ~[na:1.8.0_161]
	at sun.rmi.transport.tcp.TCPTransport.handleMessages(TCPTransport.java:568) ~[na:1.8.0_161]
	at sun.rmi.transport.tcp.TCPTransport$ConnectionHandler.run0(TCPTransport.java:826) ~[na:1.8.0_161]
	at sun.rmi.transport.tcp.TCPTransport$ConnectionHandler.lambda$run$0(TCPTransport.java:683) ~[na:1.8.0_161]
	at java.security.AccessController.doPrivileged(Native Method) ~[na:1.8.0_161]
	at sun.rmi.transport.tcp.TCPTransport$ConnectionHandler.run(TCPTransport.java:682) ~[na:1.8.0_161]
	at java.util.concurrent.ThreadPoolExecutor.runWorker(ThreadPoolExecutor.java:1149) ~[na:1.8.0_161]
	at java.util.concurrent.ThreadPoolExecutor$Worker.run(ThreadPoolExecutor.java:624) ~[na:1.8.0_161]
	... 1 common frames omitted
Caused by: java.lang.ClassNotFoundException: Class 'com/alibaba/fastjson/serializer/ASMSerializer_5_Integer.class' should be in target project, but could not be found!
	at org.evosuite.instrumentation.InstrumentingClassLoader.instrumentClass(InstrumentingClassLoader.java:203) ~[evosuite.jar:1.0.7-SNAPSHOT]
	at org.evosuite.instrumentation.InstrumentingClassLoader.loadClass(InstrumentingClassLoader.java:168) ~[evosuite.jar:1.0.7-SNAPSHOT]
	at org.evosuite.utils.generic.GenericClass.getClass(GenericClass.java:149) ~[evosuite.jar:1.0.7-SNAPSHOT]
	at org.evosuite.utils.generic.GenericClass.getClass(GenericClass.java:115) ~[evosuite.jar:1.0.7-SNAPSHOT]
	at org.evosuite.utils.generic.GenericClass.readObject(GenericClass.java:1720) ~[evosuite.jar:1.0.7-SNAPSHOT]
	at sun.reflect.GeneratedMethodAccessor9.invoke(Unknown Source) ~[na:na]
	at sun.reflect.DelegatingMethodAccessorImpl.invoke(DelegatingMethodAccessorImpl.java:43) ~[na:1.8.0_161]
	at java.lang.reflect.Method.invoke(Method.java:498) ~[na:1.8.0_161]
	at java.io.ObjectStreamClass.invokeReadObject(ObjectStreamClass.java:1158) ~[na:1.8.0_161]
	at java.io.ObjectInputStream.readSerialData(ObjectInputStream.java:2168) ~[na:1.8.0_161]
	at java.io.ObjectInputStream.readOrdinaryObject(ObjectInputStream.java:2059) ~[na:1.8.0_161]
	at java.io.ObjectInputStream.readObject0(ObjectInputStream.java:1566) ~[na:1.8.0_161]
	at java.io.ObjectInputStream.defaultReadFields(ObjectInputStream.java:2277) ~[na:1.8.0_161]
	at java.io.ObjectInputStream.readSerialData(ObjectInputStream.java:2201) ~[na:1.8.0_161]
	at java.io.ObjectInputStream.readOrdinaryObject(ObjectInputStream.java:2059) ~[na:1.8.0_161]
	at java.io.ObjectInputStream.readObject0(ObjectInputStream.java:1566) ~[na:1.8.0_161]
	at java.io.ObjectInputStream.defaultReadFields(ObjectInputStream.java:2277) ~[na:1.8.0_161]
	at java.io.ObjectInputStream.readSerialData(ObjectInputStream.java:2201) ~[na:1.8.0_161]
	at java.io.ObjectInputStream.readOrdinaryObject(ObjectInputStream.java:2059) ~[na:1.8.0_161]
	at java.io.ObjectInputStream.readObject0(ObjectInputStream.java:1566) ~[na:1.8.0_161]
	at java.io.ObjectInputStream.readObject(ObjectInputStream.java:426) ~[na:1.8.0_161]
	at java.util.ArrayList.readObject(ArrayList.java:797) ~[na:1.8.0_161]
	at sun.reflect.GeneratedMethodAccessor7.invoke(Unknown Source) ~[na:na]
	at sun.reflect.DelegatingMethodAccessorImpl.invoke(DelegatingMethodAccessorImpl.java:43) ~[na:1.8.0_161]
	at java.lang.reflect.Method.invoke(Method.java:498) ~[na:1.8.0_161]
	at java.io.ObjectStreamClass.invokeReadObject(ObjectStreamClass.java:1158) ~[na:1.8.0_161]
	at java.io.ObjectInputStream.readSerialData(ObjectInputStream.java:2168) ~[na:1.8.0_161]
	at java.io.ObjectInputStream.readOrdinaryObject(ObjectInputStream.java:2059) ~[na:1.8.0_161]
	at java.io.ObjectInputStream.readObject0(ObjectInputStream.java:1566) ~[na:1.8.0_161]
	at java.io.ObjectInputStream.defaultReadFields(ObjectInputStream.java:2277) ~[na:1.8.0_161]
	at java.io.ObjectInputStream.readSerialData(ObjectInputStream.java:2201) ~[na:1.8.0_161]
	at java.io.ObjectInputStream.readOrdinaryObject(ObjectInputStream.java:2059) ~[na:1.8.0_161]
	at java.io.ObjectInputStream.readObject0(ObjectInputStream.java:1566) ~[na:1.8.0_161]
	at java.io.ObjectInputStream.defaultReadFields(ObjectInputStream.java:2277) ~[na:1.8.0_161]
	at java.io.ObjectInputStream.defaultReadObject(ObjectInputStream.java:556) ~[na:1.8.0_161]
	at org.evosuite.testcase.DefaultTestCase.readObject(DefaultTestCase.java:1103) ~[evosuite.jar:1.0.7-SNAPSHOT]
	at sun.reflect.GeneratedMethodAccessor17.invoke(Unknown Source) ~[na:na]
	at sun.reflect.DelegatingMethodAccessorImpl.invoke(DelegatingMethodAccessorImpl.java:43) ~[na:1.8.0_161]
	at java.lang.reflect.Method.invoke(Method.java:498) ~[na:1.8.0_161]
	at java.io.ObjectStreamClass.invokeReadObject(ObjectStreamClass.java:1158) ~[na:1.8.0_161]
	at java.io.ObjectInputStream.readSerialData(ObjectInputStream.java:2168) ~[na:1.8.0_161]
	at java.io.ObjectInputStream.readOrdinaryObject(ObjectInputStream.java:2059) ~[na:1.8.0_161]
	at java.io.ObjectInputStream.readObject0(ObjectInputStream.java:1566) ~[na:1.8.0_161]
	at java.io.ObjectInputStream.defaultReadFields(ObjectInputStream.java:2277) ~[na:1.8.0_161]
	at java.io.ObjectInputStream.readSerialData(ObjectInputStream.java:2201) ~[na:1.8.0_161]
	at java.io.ObjectInputStream.readOrdinaryObject(ObjectInputStream.java:2059) ~[na:1.8.0_161]
	at java.io.ObjectInputStream.readObject0(ObjectInputStream.java:1566) ~[na:1.8.0_161]
	at java.io.ObjectInputStream.readObject(ObjectInputStream.java:426) ~[na:1.8.0_161]
	at java.util.ArrayList.readObject(ArrayList.java:797) ~[na:1.8.0_161]
	at sun.reflect.GeneratedMethodAccessor7.invoke(Unknown Source) ~[na:na]
	at sun.reflect.DelegatingMethodAccessorImpl.invoke(DelegatingMethodAccessorImpl.java:43) ~[na:1.8.0_161]
	at java.lang.reflect.Method.invoke(Method.java:498) ~[na:1.8.0_161]
	at java.io.ObjectStreamClass.invokeReadObject(ObjectStreamClass.java:1158) ~[na:1.8.0_161]
	at java.io.ObjectInputStream.readSerialData(ObjectInputStream.java:2168) ~[na:1.8.0_161]
	at java.io.ObjectInputStream.readOrdinaryObject(ObjectInputStream.java:2059) ~[na:1.8.0_161]
	at java.io.ObjectInputStream.readObject0(ObjectInputStream.java:1566) ~[na:1.8.0_161]
	at java.io.ObjectInputStream.defaultReadFields(ObjectInputStream.java:2277) ~[na:1.8.0_161]
	at java.io.ObjectInputStream.readSerialData(ObjectInputStream.java:2201) ~[na:1.8.0_161]
	at java.io.ObjectInputStream.readOrdinaryObject(ObjectInputStream.java:2059) ~[na:1.8.0_161]
	at java.io.ObjectInputStream.readObject0(ObjectInputStream.java:1566) ~[na:1.8.0_161]
	at java.io.ObjectInputStream.readObject(ObjectInputStream.java:426) ~[na:1.8.0_161]
	at sun.rmi.server.UnicastRef.unmarshalValue(UnicastRef.java:322) ~[na:1.8.0_161]
	at sun.rmi.server.UnicastServerRef.dispatch(UnicastServerRef.java:341) ~[na:1.8.0_161]
	... 12 common frames omitted
Caused by: java.lang.ClassNotFoundException: Class 'com/alibaba/fastjson/serializer/ASMSerializer_5_Integer.class' should be in target project, but could not be found!
	at org.evosuite.instrumentation.InstrumentingClassLoader.instrumentClass(InstrumentingClassLoader.java:190) ~[evosuite.jar:1.0.7-SNAPSHOT]
	... 74 common frames omitted
[MASTER] 14:17:42.534 [logback-2] ERROR ClientNodeImpl - Cannot inform master of change of state
java.rmi.ServerException: RemoteException occurred in server thread; nested exception is: 
	java.rmi.UnmarshalException: error unmarshalling arguments; nested exception is: 
	java.lang.ClassNotFoundException: Class 'com/alibaba/fastjson/serializer/ASMSerializer_5_Integer.class' should be in target project, but could not be found!
	at sun.rmi.server.UnicastServerRef.dispatch(UnicastServerRef.java:393) ~[na:1.8.0_161]
	at sun.rmi.transport.Transport$1.run(Transport.java:200) ~[na:1.8.0_161]
	at sun.rmi.transport.Transport$1.run(Transport.java:197) ~[na:1.8.0_161]
	at java.security.AccessController.doPrivileged(Native Method) ~[na:1.8.0_161]
	at sun.rmi.transport.Transport.serviceCall(Transport.java:196) ~[na:1.8.0_161]
	at sun.rmi.transport.tcp.TCPTransport.handleMessages(TCPTransport.java:568) ~[na:1.8.0_161]
	at sun.rmi.transport.tcp.TCPTransport$ConnectionHandler.run0(TCPTransport.java:826) ~[na:1.8.0_161]
	at sun.rmi.transport.tcp.TCPTransport$ConnectionHandler.lambda$run$0(TCPTransport.java:683) ~[na:1.8.0_161]
	at java.security.AccessController.doPrivileged(Native Method) ~[na:1.8.0_161]
	at sun.rmi.transport.tcp.TCPTransport$ConnectionHandler.run(TCPTransport.java:682) ~[na:1.8.0_161]
	at java.util.concurrent.ThreadPoolExecutor.runWorker(ThreadPoolExecutor.java:1149) ~[na:1.8.0_161]
	at java.util.concurrent.ThreadPoolExecutor$Worker.run(ThreadPoolExecutor.java:624) ~[na:1.8.0_161]
	at java.lang.Thread.run(Thread.java:748) ~[na:1.8.0_161]
	at sun.rmi.transport.StreamRemoteCall.exceptionReceivedFromServer(StreamRemoteCall.java:283) ~[na:1.8.0_161]
	at sun.rmi.transport.StreamRemoteCall.executeCall(StreamRemoteCall.java:260) ~[na:1.8.0_161]
	at sun.rmi.server.UnicastRef.invoke(UnicastRef.java:161) ~[na:1.8.0_161]
	at java.rmi.server.RemoteObjectInvocationHandler.invokeRemoteMethod(RemoteObjectInvocationHandler.java:227) ~[na:1.8.0_161]
	at java.rmi.server.RemoteObjectInvocationHandler.invoke(RemoteObjectInvocationHandler.java:179) ~[na:1.8.0_161]
	at com.sun.proxy.$Proxy7.evosuite_collectStatistics(Unknown Source) ~[na:na]
	at org.evosuite.rmi.service.ClientNodeImpl.updateStatistics(ClientNodeImpl.java:266) ~[evosuite.jar:1.0.7-SNAPSHOT]
	at org.evosuite.statistics.StatisticsSender.sendIndividualToMaster(StatisticsSender.java:68) [evosuite.jar:1.0.7-SNAPSHOT]
	at org.evosuite.statistics.StatisticsListener.lambda$new$0(StatisticsListener.java:69) [evosuite.jar:1.0.7-SNAPSHOT]
	at java.lang.Thread.run(Thread.java:748) ~[na:1.8.0_161]
Caused by: java.rmi.UnmarshalException: error unmarshalling arguments; nested exception is: 
	java.lang.ClassNotFoundException: Class 'com/alibaba/fastjson/serializer/ASMSerializer_5_Integer.class' should be in target project, but could not be found!
	at sun.rmi.server.UnicastServerRef.dispatch(UnicastServerRef.java:352) ~[na:1.8.0_161]
	at sun.rmi.transport.Transport$1.run(Transport.java:200) ~[na:1.8.0_161]
	at sun.rmi.transport.Transport$1.run(Transport.java:197) ~[na:1.8.0_161]
	at java.security.AccessController.doPrivileged(Native Method) ~[na:1.8.0_161]
	at sun.rmi.transport.Transport.serviceCall(Transport.java:196) ~[na:1.8.0_161]
	at sun.rmi.transport.tcp.TCPTransport.handleMessages(TCPTransport.java:568) ~[na:1.8.0_161]
	at sun.rmi.transport.tcp.TCPTransport$ConnectionHandler.run0(TCPTransport.java:826) ~[na:1.8.0_161]
	at sun.rmi.transport.tcp.TCPTransport$ConnectionHandler.lambda$run$0(TCPTransport.java:683) ~[na:1.8.0_161]
	at java.security.AccessController.doPrivileged(Native Method) ~[na:1.8.0_161]
	at sun.rmi.transport.tcp.TCPTransport$ConnectionHandler.run(TCPTransport.java:682) ~[na:1.8.0_161]
	at java.util.concurrent.ThreadPoolExecutor.runWorker(ThreadPoolExecutor.java:1149) ~[na:1.8.0_161]
	at java.util.concurrent.ThreadPoolExecutor$Worker.run(ThreadPoolExecutor.java:624) ~[na:1.8.0_161]
	... 1 common frames omitted
Caused by: java.lang.ClassNotFoundException: Class 'com/alibaba/fastjson/serializer/ASMSerializer_5_Integer.class' should be in target project, but could not be found!
	at org.evosuite.instrumentation.InstrumentingClassLoader.instrumentClass(InstrumentingClassLoader.java:203) ~[evosuite.jar:1.0.7-SNAPSHOT]
	at org.evosuite.instrumentation.InstrumentingClassLoader.loadClass(InstrumentingClassLoader.java:168) ~[evosuite.jar:1.0.7-SNAPSHOT]
	at org.evosuite.utils.generic.GenericClass.getClass(GenericClass.java:149) ~[evosuite.jar:1.0.7-SNAPSHOT]
	at org.evosuite.utils.generic.GenericClass.getClass(GenericClass.java:115) ~[evosuite.jar:1.0.7-SNAPSHOT]
	at org.evosuite.utils.generic.GenericClass.readObject(GenericClass.java:1720) ~[evosuite.jar:1.0.7-SNAPSHOT]
	at sun.reflect.GeneratedMethodAccessor9.invoke(Unknown Source) ~[na:na]
	at sun.reflect.DelegatingMethodAccessorImpl.invoke(DelegatingMethodAccessorImpl.java:43) ~[na:1.8.0_161]
	at java.lang.reflect.Method.invoke(Method.java:498) ~[na:1.8.0_161]
	at java.io.ObjectStreamClass.invokeReadObject(ObjectStreamClass.java:1158) ~[na:1.8.0_161]
	at java.io.ObjectInputStream.readSerialData(ObjectInputStream.java:2168) ~[na:1.8.0_161]
	at java.io.ObjectInputStream.readOrdinaryObject(ObjectInputStream.java:2059) ~[na:1.8.0_161]
	at java.io.ObjectInputStream.readObject0(ObjectInputStream.java:1566) ~[na:1.8.0_161]
	at java.io.ObjectInputStream.defaultReadFields(ObjectInputStream.java:2277) ~[na:1.8.0_161]
	at java.io.ObjectInputStream.readSerialData(ObjectInputStream.java:2201) ~[na:1.8.0_161]
	at java.io.ObjectInputStream.readOrdinaryObject(ObjectInputStream.java:2059) ~[na:1.8.0_161]
	at java.io.ObjectInputStream.readObject0(ObjectInputStream.java:1566) ~[na:1.8.0_161]
	at java.io.ObjectInputStream.defaultReadFields(ObjectInputStream.java:2277) ~[na:1.8.0_161]
	at java.io.ObjectInputStream.readSerialData(ObjectInputStream.java:2201) ~[na:1.8.0_161]
	at java.io.ObjectInputStream.readOrdinaryObject(ObjectInputStream.java:2059) ~[na:1.8.0_161]
	at java.io.ObjectInputStream.readObject0(ObjectInputStream.java:1566) ~[na:1.8.0_161]
	at java.io.ObjectInputStream.readObject(ObjectInputStream.java:426) ~[na:1.8.0_161]
	at java.util.ArrayList.readObject(ArrayList.java:797) ~[na:1.8.0_161]
	at sun.reflect.GeneratedMethodAccessor7.invoke(Unknown Source) ~[na:na]
	at sun.reflect.DelegatingMethodAccessorImpl.invoke(DelegatingMethodAccessorImpl.java:43) ~[na:1.8.0_161]
	at java.lang.reflect.Method.invoke(Method.java:498) ~[na:1.8.0_161]
	at java.io.ObjectStreamClass.invokeReadObject(ObjectStreamClass.java:1158) ~[na:1.8.0_161]
	at java.io.ObjectInputStream.readSerialData(ObjectInputStream.java:2168) ~[na:1.8.0_161]
	at java.io.ObjectInputStream.readOrdinaryObject(ObjectInputStream.java:2059) ~[na:1.8.0_161]
	at java.io.ObjectInputStream.readObject0(ObjectInputStream.java:1566) ~[na:1.8.0_161]
	at java.io.ObjectInputStream.defaultReadFields(ObjectInputStream.java:2277) ~[na:1.8.0_161]
	at java.io.ObjectInputStream.readSerialData(ObjectInputStream.java:2201) ~[na:1.8.0_161]
	at java.io.ObjectInputStream.readOrdinaryObject(ObjectInputStream.java:2059) ~[na:1.8.0_161]
	at java.io.ObjectInputStream.readObject0(ObjectInputStream.java:1566) ~[na:1.8.0_161]
	at java.io.ObjectInputStream.defaultReadFields(ObjectInputStream.java:2277) ~[na:1.8.0_161]
	at java.io.ObjectInputStream.defaultReadObject(ObjectInputStream.java:556) ~[na:1.8.0_161]
	at org.evosuite.testcase.DefaultTestCase.readObject(DefaultTestCase.java:1103) ~[evosuite.jar:1.0.7-SNAPSHOT]
	at sun.reflect.GeneratedMethodAccessor17.invoke(Unknown Source) ~[na:na]
	at sun.reflect.DelegatingMethodAccessorImpl.invoke(DelegatingMethodAccessorImpl.java:43) ~[na:1.8.0_161]
	at java.lang.reflect.Method.invoke(Method.java:498) ~[na:1.8.0_161]
	at java.io.ObjectStreamClass.invokeReadObject(ObjectStreamClass.java:1158) ~[na:1.8.0_161]
	at java.io.ObjectInputStream.readSerialData(ObjectInputStream.java:2168) ~[na:1.8.0_161]
	at java.io.ObjectInputStream.readOrdinaryObject(ObjectInputStream.java:2059) ~[na:1.8.0_161]
	at java.io.ObjectInputStream.readObject0(ObjectInputStream.java:1566) ~[na:1.8.0_161]
	at java.io.ObjectInputStream.defaultReadFields(ObjectInputStream.java:2277) ~[na:1.8.0_161]
	at java.io.ObjectInputStream.readSerialData(ObjectInputStream.java:2201) ~[na:1.8.0_161]
	at java.io.ObjectInputStream.readOrdinaryObject(ObjectInputStream.java:2059) ~[na:1.8.0_161]
	at java.io.ObjectInputStream.readObject0(ObjectInputStream.java:1566) ~[na:1.8.0_161]
	at java.io.ObjectInputStream.readObject(ObjectInputStream.java:426) ~[na:1.8.0_161]
	at java.util.ArrayList.readObject(ArrayList.java:797) ~[na:1.8.0_161]
	at sun.reflect.GeneratedMethodAccessor7.invoke(Unknown Source) ~[na:na]
	at sun.reflect.DelegatingMethodAccessorImpl.invoke(DelegatingMethodAccessorImpl.java:43) ~[na:1.8.0_161]
	at java.lang.reflect.Method.invoke(Method.java:498) ~[na:1.8.0_161]
	at java.io.ObjectStreamClass.invokeReadObject(ObjectStreamClass.java:1158) ~[na:1.8.0_161]
	at java.io.ObjectInputStream.readSerialData(ObjectInputStream.java:2168) ~[na:1.8.0_161]
	at java.io.ObjectInputStream.readOrdinaryObject(ObjectInputStream.java:2059) ~[na:1.8.0_161]
	at java.io.ObjectInputStream.readObject0(ObjectInputStream.java:1566) ~[na:1.8.0_161]
	at java.io.ObjectInputStream.defaultReadFields(ObjectInputStream.java:2277) ~[na:1.8.0_161]
	at java.io.ObjectInputStream.readSerialData(ObjectInputStream.java:2201) ~[na:1.8.0_161]
	at java.io.ObjectInputStream.readOrdinaryObject(ObjectInputStream.java:2059) ~[na:1.8.0_161]
	at java.io.ObjectInputStream.readObject0(ObjectInputStream.java:1566) ~[na:1.8.0_161]
	at java.io.ObjectInputStream.readObject(ObjectInputStream.java:426) ~[na:1.8.0_161]
	at sun.rmi.server.UnicastRef.unmarshalValue(UnicastRef.java:322) ~[na:1.8.0_161]
	at sun.rmi.server.UnicastServerRef.dispatch(UnicastServerRef.java:341) ~[na:1.8.0_161]
	... 12 common frames omitted
Caused by: java.lang.ClassNotFoundException: Class 'com/alibaba/fastjson/serializer/ASMSerializer_5_Integer.class' should be in target project, but could not be found!
	at org.evosuite.instrumentation.InstrumentingClassLoader.instrumentClass(InstrumentingClassLoader.java:190) ~[evosuite.jar:1.0.7-SNAPSHOT]
	... 74 common frames omitted
* Search finished after 181s and 2330 generations, 801288 statements, best individual has fitness: 32.0
* Minimizing test suite
* Going to analyze the coverage criteria
* Coverage analysis for criterion LINE
* Search finished after 182s and 60 generations, 21422 statements, best individual has fitness: 143.0
* Coverage of criterion LINE: 100%
* Total number of goals: 97
* Number of covered goals: 97
* Coverage analysis for criterion BRANCH
* Coverage of criterion BRANCH: 93%
* Total number of goals: 76
* Number of covered goals: 71
* Coverage analysis for criterion EXCEPTION
* Coverage of criterion EXCEPTION: 100%
* Total number of goals: 21
* Number of covered goals: 21
* Coverage analysis for criterion WEAKMUTATION
* Coverage of criterion WEAKMUTATION: 99%
* Total number of goals: 148
* Number of covered goals: 146
* Coverage analysis for criterion OUTPUT
* Coverage of criterion OUTPUT: 100% (no goals)
* Coverage analysis for criterion METHOD
* Coverage of criterion METHOD: 100%
* Total number of goals: 16
* Number of covered goals: 16
* Coverage analysis for criterion METHODNOEXCEPTION
* Coverage of criterion METHODNOEXCEPTION: 100%
* Total number of goals: 16
* Number of covered goals: 16
* Coverage analysis for criterion CBRANCH
* Coverage of criterion CBRANCH: 93%
* Total number of goals: 76
* Number of covered goals: 71
* Generated 33 tests with total length 139
* Resulting test suite's coverage: 92% (average coverage for all fitness functions)
* Generating assertions
* Resulting test suite's mutation score: 19%
* Compiling and checking tests
* Minimizing test suite
* Search finished after 182s and 16 generations, 5435 statements, best individual has fitness: 564.0
* Minimizing test suite
[MASTER] 14:18:35.229 [logback-2] ERROR ClientNodeImpl - Cannot inform master of change of state
java.rmi.ServerException: RemoteException occurred in server thread; nested exception is: 
	java.rmi.UnmarshalException: error unmarshalling arguments; nested exception is: 
	java.lang.ClassNotFoundException: Class 'com/alibaba/fastjson/serializer/ASMSerializer_5_Integer.class' should be in target project, but could not be found!
	at sun.rmi.server.UnicastServerRef.dispatch(UnicastServerRef.java:393) ~[na:1.8.0_161]
	at sun.rmi.transport.Transport$1.run(Transport.java:200) ~[na:1.8.0_161]
	at sun.rmi.transport.Transport$1.run(Transport.java:197) ~[na:1.8.0_161]
	at java.security.AccessController.doPrivileged(Native Method) ~[na:1.8.0_161]
	at sun.rmi.transport.Transport.serviceCall(Transport.java:196) ~[na:1.8.0_161]
	at sun.rmi.transport.tcp.TCPTransport.handleMessages(TCPTransport.java:568) ~[na:1.8.0_161]
	at sun.rmi.transport.tcp.TCPTransport$ConnectionHandler.run0(TCPTransport.java:826) ~[na:1.8.0_161]
	at sun.rmi.transport.tcp.TCPTransport$ConnectionHandler.lambda$run$0(TCPTransport.java:683) ~[na:1.8.0_161]
	at java.security.AccessController.doPrivileged(Native Method) ~[na:1.8.0_161]
	at sun.rmi.transport.tcp.TCPTransport$ConnectionHandler.run(TCPTransport.java:682) ~[na:1.8.0_161]
	at java.util.concurrent.ThreadPoolExecutor.runWorker(ThreadPoolExecutor.java:1149) ~[na:1.8.0_161]
	at java.util.concurrent.ThreadPoolExecutor$Worker.run(ThreadPoolExecutor.java:624) ~[na:1.8.0_161]
	at java.lang.Thread.run(Thread.java:748) ~[na:1.8.0_161]
	at sun.rmi.transport.StreamRemoteCall.exceptionReceivedFromServer(StreamRemoteCall.java:283) ~[na:1.8.0_161]
	at sun.rmi.transport.StreamRemoteCall.executeCall(StreamRemoteCall.java:260) ~[na:1.8.0_161]
	at sun.rmi.server.UnicastRef.invoke(UnicastRef.java:161) ~[na:1.8.0_161]
	at java.rmi.server.RemoteObjectInvocationHandler.invokeRemoteMethod(RemoteObjectInvocationHandler.java:227) ~[na:1.8.0_161]
	at java.rmi.server.RemoteObjectInvocationHandler.invoke(RemoteObjectInvocationHandler.java:179) ~[na:1.8.0_161]
	at com.sun.proxy.$Proxy7.evosuite_collectStatistics(Unknown Source) ~[na:na]
	at org.evosuite.rmi.service.ClientNodeImpl.updateStatistics(ClientNodeImpl.java:266) ~[evosuite.jar:1.0.7-SNAPSHOT]
	at org.evosuite.statistics.StatisticsSender.sendIndividualToMaster(StatisticsSender.java:68) [evosuite.jar:1.0.7-SNAPSHOT]
	at org.evosuite.statistics.StatisticsListener.lambda$new$0(StatisticsListener.java:69) [evosuite.jar:1.0.7-SNAPSHOT]
	at java.lang.Thread.run(Thread.java:748) ~[na:1.8.0_161]
Caused by: java.rmi.UnmarshalException: error unmarshalling arguments; nested exception is: 
	java.lang.ClassNotFoundException: Class 'com/alibaba/fastjson/serializer/ASMSerializer_5_Integer.class' should be in target project, but could not be found!
	at sun.rmi.server.UnicastServerRef.dispatch(UnicastServerRef.java:352) ~[na:1.8.0_161]
	at sun.rmi.transport.Transport$1.run(Transport.java:200) ~[na:1.8.0_161]
	at sun.rmi.transport.Transport$1.run(Transport.java:197) ~[na:1.8.0_161]
	at java.security.AccessController.doPrivileged(Native Method) ~[na:1.8.0_161]
	at sun.rmi.transport.Transport.serviceCall(Transport.java:196) ~[na:1.8.0_161]
	at sun.rmi.transport.tcp.TCPTransport.handleMessages(TCPTransport.java:568) ~[na:1.8.0_161]
	at sun.rmi.transport.tcp.TCPTransport$ConnectionHandler.run0(TCPTransport.java:826) ~[na:1.8.0_161]
	at sun.rmi.transport.tcp.TCPTransport$ConnectionHandler.lambda$run$0(TCPTransport.java:683) ~[na:1.8.0_161]
	at java.security.AccessController.doPrivileged(Native Method) ~[na:1.8.0_161]
	at sun.rmi.transport.tcp.TCPTransport$ConnectionHandler.run(TCPTransport.java:682) ~[na:1.8.0_161]
	at java.util.concurrent.ThreadPoolExecutor.runWorker(ThreadPoolExecutor.java:1149) ~[na:1.8.0_161]
	at java.util.concurrent.ThreadPoolExecutor$Worker.run(ThreadPoolExecutor.java:624) ~[na:1.8.0_161]
	... 1 common frames omitted
Caused by: java.lang.ClassNotFoundException: Class 'com/alibaba/fastjson/serializer/ASMSerializer_5_Integer.class' should be in target project, but could not be found!
	at org.evosuite.instrumentation.InstrumentingClassLoader.instrumentClass(InstrumentingClassLoader.java:203) ~[evosuite.jar:1.0.7-SNAPSHOT]
	at org.evosuite.instrumentation.InstrumentingClassLoader.loadClass(InstrumentingClassLoader.java:168) ~[evosuite.jar:1.0.7-SNAPSHOT]
	at org.evosuite.utils.generic.GenericClass.getClass(GenericClass.java:149) ~[evosuite.jar:1.0.7-SNAPSHOT]
	at org.evosuite.utils.generic.GenericClass.getClass(GenericClass.java:115) ~[evosuite.jar:1.0.7-SNAPSHOT]
	at org.evosuite.utils.generic.GenericClass.readObject(GenericClass.java:1720) ~[evosuite.jar:1.0.7-SNAPSHOT]
	at sun.reflect.GeneratedMethodAccessor9.invoke(Unknown Source) ~[na:na]
	at sun.reflect.DelegatingMethodAccessorImpl.invoke(DelegatingMethodAccessorImpl.java:43) ~[na:1.8.0_161]
	at java.lang.reflect.Method.invoke(Method.java:498) ~[na:1.8.0_161]
	at java.io.ObjectStreamClass.invokeReadObject(ObjectStreamClass.java:1158) ~[na:1.8.0_161]
	at java.io.ObjectInputStream.readSerialData(ObjectInputStream.java:2168) ~[na:1.8.0_161]
	at java.io.ObjectInputStream.readOrdinaryObject(ObjectInputStream.java:2059) ~[na:1.8.0_161]
	at java.io.ObjectInputStream.readObject0(ObjectInputStream.java:1566) ~[na:1.8.0_161]
	at java.io.ObjectInputStream.defaultReadFields(ObjectInputStream.java:2277) ~[na:1.8.0_161]
	at java.io.ObjectInputStream.readSerialData(ObjectInputStream.java:2201) ~[na:1.8.0_161]
	at java.io.ObjectInputStream.readOrdinaryObject(ObjectInputStream.java:2059) ~[na:1.8.0_161]
	at java.io.ObjectInputStream.readObject0(ObjectInputStream.java:1566) ~[na:1.8.0_161]
	at java.io.ObjectInputStream.defaultReadFields(ObjectInputStream.java:2277) ~[na:1.8.0_161]
	at java.io.ObjectInputStream.readSerialData(ObjectInputStream.java:2201) ~[na:1.8.0_161]
	at java.io.ObjectInputStream.readOrdinaryObject(ObjectInputStream.java:2059) ~[na:1.8.0_161]
	at java.io.ObjectInputStream.readObject0(ObjectInputStream.java:1566) ~[na:1.8.0_161]
	at java.io.ObjectInputStream.readObject(ObjectInputStream.java:426) ~[na:1.8.0_161]
	at java.util.ArrayList.readObject(ArrayList.java:797) ~[na:1.8.0_161]
	at sun.reflect.GeneratedMethodAccessor7.invoke(Unknown Source) ~[na:na]
	at sun.reflect.DelegatingMethodAccessorImpl.invoke(DelegatingMethodAccessorImpl.java:43) ~[na:1.8.0_161]
	at java.lang.reflect.Method.invoke(Method.java:498) ~[na:1.8.0_161]
	at java.io.ObjectStreamClass.invokeReadObject(ObjectStreamClass.java:1158) ~[na:1.8.0_161]
	at java.io.ObjectInputStream.readSerialData(ObjectInputStream.java:2168) ~[na:1.8.0_161]
	at java.io.ObjectInputStream.readOrdinaryObject(ObjectInputStream.java:2059) ~[na:1.8.0_161]
	at java.io.ObjectInputStream.readObject0(ObjectInputStream.java:1566) ~[na:1.8.0_161]
	at java.io.ObjectInputStream.defaultReadFields(ObjectInputStream.java:2277) ~[na:1.8.0_161]
	at java.io.ObjectInputStream.readSerialData(ObjectInputStream.java:2201) ~[na:1.8.0_161]
	at java.io.ObjectInputStream.readOrdinaryObject(ObjectInputStream.java:2059) ~[na:1.8.0_161]
	at java.io.ObjectInputStream.readObject0(ObjectInputStream.java:1566) ~[na:1.8.0_161]
	at java.io.ObjectInputStream.defaultReadFields(ObjectInputStream.java:2277) ~[na:1.8.0_161]
	at java.io.ObjectInputStream.defaultReadObject(ObjectInputStream.java:556) ~[na:1.8.0_161]
	at org.evosuite.testcase.DefaultTestCase.readObject(DefaultTestCase.java:1103) ~[evosuite.jar:1.0.7-SNAPSHOT]
	at sun.reflect.GeneratedMethodAccessor17.invoke(Unknown Source) ~[na:na]
	at sun.reflect.DelegatingMethodAccessorImpl.invoke(DelegatingMethodAccessorImpl.java:43) ~[na:1.8.0_161]
	at java.lang.reflect.Method.invoke(Method.java:498) ~[na:1.8.0_161]
	at java.io.ObjectStreamClass.invokeReadObject(ObjectStreamClass.java:1158) ~[na:1.8.0_161]
	at java.io.ObjectInputStream.readSerialData(ObjectInputStream.java:2168) ~[na:1.8.0_161]
	at java.io.ObjectInputStream.readOrdinaryObject(ObjectInputStream.java:2059) ~[na:1.8.0_161]
	at java.io.ObjectInputStream.readObject0(ObjectInputStream.java:1566) ~[na:1.8.0_161]
	at java.io.ObjectInputStream.defaultReadFields(ObjectInputStream.java:2277) ~[na:1.8.0_161]
	at java.io.ObjectInputStream.readSerialData(ObjectInputStream.java:2201) ~[na:1.8.0_161]
	at java.io.ObjectInputStream.readOrdinaryObject(ObjectInputStream.java:2059) ~[na:1.8.0_161]
	at java.io.ObjectInputStream.readObject0(ObjectInputStream.java:1566) ~[na:1.8.0_161]
	at java.io.ObjectInputStream.readObject(ObjectInputStream.java:426) ~[na:1.8.0_161]
	at java.util.ArrayList.readObject(ArrayList.java:797) ~[na:1.8.0_161]
	at sun.reflect.GeneratedMethodAccessor7.invoke(Unknown Source) ~[na:na]
	at sun.reflect.DelegatingMethodAccessorImpl.invoke(DelegatingMethodAccessorImpl.java:43) ~[na:1.8.0_161]
	at java.lang.reflect.Method.invoke(Method.java:498) ~[na:1.8.0_161]
	at java.io.ObjectStreamClass.invokeReadObject(ObjectStreamClass.java:1158) ~[na:1.8.0_161]
	at java.io.ObjectInputStream.readSerialData(ObjectInputStream.java:2168) ~[na:1.8.0_161]
	at java.io.ObjectInputStream.readOrdinaryObject(ObjectInputStream.java:2059) ~[na:1.8.0_161]
	at java.io.ObjectInputStream.readObject0(ObjectInputStream.java:1566) ~[na:1.8.0_161]
	at java.io.ObjectInputStream.defaultReadFields(ObjectInputStream.java:2277) ~[na:1.8.0_161]
	at java.io.ObjectInputStream.readSerialData(ObjectInputStream.java:2201) ~[na:1.8.0_161]
	at java.io.ObjectInputStream.readOrdinaryObject(ObjectInputStream.java:2059) ~[na:1.8.0_161]
	at java.io.ObjectInputStream.readObject0(ObjectInputStream.java:1566) ~[na:1.8.0_161]
	at java.io.ObjectInputStream.readObject(ObjectInputStream.java:426) ~[na:1.8.0_161]
	at sun.rmi.server.UnicastRef.unmarshalValue(UnicastRef.java:322) ~[na:1.8.0_161]
	at sun.rmi.server.UnicastServerRef.dispatch(UnicastServerRef.java:341) ~[na:1.8.0_161]
	... 12 common frames omitted
Caused by: java.lang.ClassNotFoundException: Class 'com/alibaba/fastjson/serializer/ASMSerializer_5_Integer.class' should be in target project, but could not be found!
	at org.evosuite.instrumentation.InstrumentingClassLoader.instrumentClass(InstrumentingClassLoader.java:190) ~[evosuite.jar:1.0.7-SNAPSHOT]
	... 74 common frames omitted
* Search finished after 183s and 183 generations, 107690 statements, best individual has fitness: 486.0
[MASTER] 14:18:36.318 [logback-2] ERROR ClientNodeImpl - Cannot inform master of change of state
java.rmi.ServerException: RemoteException occurred in server thread; nested exception is: 
	java.rmi.UnmarshalException: error unmarshalling arguments; nested exception is: 
	java.lang.ClassNotFoundException: Class 'com/alibaba/fastjson/serializer/ASMSerializer_5_Integer.class' should be in target project, but could not be found!
	at sun.rmi.server.UnicastServerRef.dispatch(UnicastServerRef.java:393) ~[na:1.8.0_161]
	at sun.rmi.transport.Transport$1.run(Transport.java:200) ~[na:1.8.0_161]
	at sun.rmi.transport.Transport$1.run(Transport.java:197) ~[na:1.8.0_161]
	at java.security.AccessController.doPrivileged(Native Method) ~[na:1.8.0_161]
	at sun.rmi.transport.Transport.serviceCall(Transport.java:196) ~[na:1.8.0_161]
	at sun.rmi.transport.tcp.TCPTransport.handleMessages(TCPTransport.java:568) ~[na:1.8.0_161]
	at sun.rmi.transport.tcp.TCPTransport$ConnectionHandler.run0(TCPTransport.java:826) ~[na:1.8.0_161]
	at sun.rmi.transport.tcp.TCPTransport$ConnectionHandler.lambda$run$0(TCPTransport.java:683) ~[na:1.8.0_161]
	at java.security.AccessController.doPrivileged(Native Method) ~[na:1.8.0_161]
	at sun.rmi.transport.tcp.TCPTransport$ConnectionHandler.run(TCPTransport.java:682) ~[na:1.8.0_161]
	at java.util.concurrent.ThreadPoolExecutor.runWorker(ThreadPoolExecutor.java:1149) ~[na:1.8.0_161]
	at java.util.concurrent.ThreadPoolExecutor$Worker.run(ThreadPoolExecutor.java:624) ~[na:1.8.0_161]
	at java.lang.Thread.run(Thread.java:748) ~[na:1.8.0_161]
	at sun.rmi.transport.StreamRemoteCall.exceptionReceivedFromServer(StreamRemoteCall.java:283) ~[na:1.8.0_161]
	at sun.rmi.transport.StreamRemoteCall.executeCall(StreamRemoteCall.java:260) ~[na:1.8.0_161]
	at sun.rmi.server.UnicastRef.invoke(UnicastRef.java:161) ~[na:1.8.0_161]
	at java.rmi.server.RemoteObjectInvocationHandler.invokeRemoteMethod(RemoteObjectInvocationHandler.java:227) ~[na:1.8.0_161]
	at java.rmi.server.RemoteObjectInvocationHandler.invoke(RemoteObjectInvocationHandler.java:179) ~[na:1.8.0_161]
	at com.sun.proxy.$Proxy7.evosuite_collectStatistics(Unknown Source) ~[na:na]
	at org.evosuite.rmi.service.ClientNodeImpl.updateStatistics(ClientNodeImpl.java:266) [evosuite.jar:1.0.7-SNAPSHOT]
	at org.evosuite.statistics.StatisticsSender.sendIndividualToMaster(StatisticsSender.java:68) [evosuite.jar:1.0.7-SNAPSHOT]
	at org.evosuite.statistics.StatisticsSender.executedAndThenSendIndividualToMaster(StatisticsSender.java:98) [evosuite.jar:1.0.7-SNAPSHOT]
	at org.evosuite.TestSuiteGenerator.generateTests(TestSuiteGenerator.java:687) [evosuite.jar:1.0.7-SNAPSHOT]
	at org.evosuite.TestSuiteGenerator.generateTestSuite(TestSuiteGenerator.java:245) [evosuite.jar:1.0.7-SNAPSHOT]
	at org.evosuite.rmi.service.ClientNodeImpl.lambda$startNewSearch$0(ClientNodeImpl.java:155) [evosuite.jar:1.0.7-SNAPSHOT]
	at java.util.concurrent.Executors$RunnableAdapter.call(Executors.java:511) ~[na:1.8.0_161]
	at java.util.concurrent.FutureTask.run(FutureTask.java:266) ~[na:1.8.0_161]
	at java.util.concurrent.ThreadPoolExecutor.runWorker(ThreadPoolExecutor.java:1149) ~[na:1.8.0_161]
	at java.util.concurrent.ThreadPoolExecutor$Worker.run(ThreadPoolExecutor.java:624) ~[na:1.8.0_161]
	at java.lang.Thread.run(Thread.java:748) ~[na:1.8.0_161]
Caused by: java.rmi.UnmarshalException: error unmarshalling arguments; nested exception is: 
	java.lang.ClassNotFoundException: Class 'com/alibaba/fastjson/serializer/ASMSerializer_5_Integer.class' should be in target project, but could not be found!
	at sun.rmi.server.UnicastServerRef.dispatch(UnicastServerRef.java:352) ~[na:1.8.0_161]
	at sun.rmi.transport.Transport$1.run(Transport.java:200) ~[na:1.8.0_161]
	at sun.rmi.transport.Transport$1.run(Transport.java:197) ~[na:1.8.0_161]
	at java.security.AccessController.doPrivileged(Native Method) ~[na:1.8.0_161]
	at sun.rmi.transport.Transport.serviceCall(Transport.java:196) ~[na:1.8.0_161]
	at sun.rmi.transport.tcp.TCPTransport.handleMessages(TCPTransport.java:568) ~[na:1.8.0_161]
	at sun.rmi.transport.tcp.TCPTransport$ConnectionHandler.run0(TCPTransport.java:826) ~[na:1.8.0_161]
	at sun.rmi.transport.tcp.TCPTransport$ConnectionHandler.lambda$run$0(TCPTransport.java:683) ~[na:1.8.0_161]
	at java.security.AccessController.doPrivileged(Native Method) ~[na:1.8.0_161]
	at sun.rmi.transport.tcp.TCPTransport$ConnectionHandler.run(TCPTransport.java:682) ~[na:1.8.0_161]
	... 3 common frames omitted
Caused by: java.lang.ClassNotFoundException: Class 'com/alibaba/fastjson/serializer/ASMSerializer_5_Integer.class' should be in target project, but could not be found!
	at org.evosuite.instrumentation.InstrumentingClassLoader.instrumentClass(InstrumentingClassLoader.java:203) ~[evosuite.jar:1.0.7-SNAPSHOT]
	at org.evosuite.instrumentation.InstrumentingClassLoader.loadClass(InstrumentingClassLoader.java:168) ~[evosuite.jar:1.0.7-SNAPSHOT]
	at org.evosuite.utils.generic.GenericClass.getClass(GenericClass.java:149) ~[evosuite.jar:1.0.7-SNAPSHOT]
	at org.evosuite.utils.generic.GenericClass.getClass(GenericClass.java:115) ~[evosuite.jar:1.0.7-SNAPSHOT]
	at org.evosuite.utils.generic.GenericClass.readObject(GenericClass.java:1720) ~[evosuite.jar:1.0.7-SNAPSHOT]
	at sun.reflect.GeneratedMethodAccessor9.invoke(Unknown Source) ~[na:na]
	at sun.reflect.DelegatingMethodAccessorImpl.invoke(DelegatingMethodAccessorImpl.java:43) ~[na:1.8.0_161]
	at java.lang.reflect.Method.invoke(Method.java:498) ~[na:1.8.0_161]
	at java.io.ObjectStreamClass.invokeReadObject(ObjectStreamClass.java:1158) ~[na:1.8.0_161]
	at java.io.ObjectInputStream.readSerialData(ObjectInputStream.java:2168) ~[na:1.8.0_161]
	at java.io.ObjectInputStream.readOrdinaryObject(ObjectInputStream.java:2059) ~[na:1.8.0_161]
	at java.io.ObjectInputStream.readObject0(ObjectInputStream.java:1566) ~[na:1.8.0_161]
	at java.io.ObjectInputStream.defaultReadFields(ObjectInputStream.java:2277) ~[na:1.8.0_161]
	at java.io.ObjectInputStream.readSerialData(ObjectInputStream.java:2201) ~[na:1.8.0_161]
	at java.io.ObjectInputStream.readOrdinaryObject(ObjectInputStream.java:2059) ~[na:1.8.0_161]
	at java.io.ObjectInputStream.readObject0(ObjectInputStream.java:1566) ~[na:1.8.0_161]
	at java.io.ObjectInputStream.defaultReadFields(ObjectInputStream.java:2277) ~[na:1.8.0_161]
	at java.io.ObjectInputStream.readSerialData(ObjectInputStream.java:2201) ~[na:1.8.0_161]
	at java.io.ObjectInputStream.readOrdinaryObject(ObjectInputStream.java:2059) ~[na:1.8.0_161]
	at java.io.ObjectInputStream.readObject0(ObjectInputStream.java:1566) ~[na:1.8.0_161]
	at java.io.ObjectInputStream.readObject(ObjectInputStream.java:426) ~[na:1.8.0_161]
	at java.util.ArrayList.readObject(ArrayList.java:797) ~[na:1.8.0_161]
	at sun.reflect.GeneratedMethodAccessor7.invoke(Unknown Source) ~[na:na]
	at sun.reflect.DelegatingMethodAccessorImpl.invoke(DelegatingMethodAccessorImpl.java:43) ~[na:1.8.0_161]
	at java.lang.reflect.Method.invoke(Method.java:498) ~[na:1.8.0_161]
	at java.io.ObjectStreamClass.invokeReadObject(ObjectStreamClass.java:1158) ~[na:1.8.0_161]
	at java.io.ObjectInputStream.readSerialData(ObjectInputStream.java:2168) ~[na:1.8.0_161]
	at java.io.ObjectInputStream.readOrdinaryObject(ObjectInputStream.java:2059) ~[na:1.8.0_161]
	at java.io.ObjectInputStream.readObject0(ObjectInputStream.java:1566) ~[na:1.8.0_161]
	at java.io.ObjectInputStream.defaultReadFields(ObjectInputStream.java:2277) ~[na:1.8.0_161]
	at java.io.ObjectInputStream.readSerialData(ObjectInputStream.java:2201) ~[na:1.8.0_161]
	at java.io.ObjectInputStream.readOrdinaryObject(ObjectInputStream.java:2059) ~[na:1.8.0_161]
	at java.io.ObjectInputStream.readObject0(ObjectInputStream.java:1566) ~[na:1.8.0_161]
	at java.io.ObjectInputStream.defaultReadFields(ObjectInputStream.java:2277) ~[na:1.8.0_161]
	at java.io.ObjectInputStream.defaultReadObject(ObjectInputStream.java:556) ~[na:1.8.0_161]
	at org.evosuite.testcase.DefaultTestCase.readObject(DefaultTestCase.java:1103) ~[evosuite.jar:1.0.7-SNAPSHOT]
	at sun.reflect.GeneratedMethodAccessor17.invoke(Unknown Source) ~[na:na]
	at sun.reflect.DelegatingMethodAccessorImpl.invoke(DelegatingMethodAccessorImpl.java:43) ~[na:1.8.0_161]
	at java.lang.reflect.Method.invoke(Method.java:498) ~[na:1.8.0_161]
	at java.io.ObjectStreamClass.invokeReadObject(ObjectStreamClass.java:1158) ~[na:1.8.0_161]
	at java.io.ObjectInputStream.readSerialData(ObjectInputStream.java:2168) ~[na:1.8.0_161]
	at java.io.ObjectInputStream.readOrdinaryObject(ObjectInputStream.java:2059) ~[na:1.8.0_161]
	at java.io.ObjectInputStream.readObject0(ObjectInputStream.java:1566) ~[na:1.8.0_161]
	at java.io.ObjectInputStream.defaultReadFields(ObjectInputStream.java:2277) ~[na:1.8.0_161]
	at java.io.ObjectInputStream.readSerialData(ObjectInputStream.java:2201) ~[na:1.8.0_161]
	at java.io.ObjectInputStream.readOrdinaryObject(ObjectInputStream.java:2059) ~[na:1.8.0_161]
	at java.io.ObjectInputStream.readObject0(ObjectInputStream.java:1566) ~[na:1.8.0_161]
	at java.io.ObjectInputStream.readObject(ObjectInputStream.java:426) ~[na:1.8.0_161]
	at java.util.ArrayList.readObject(ArrayList.java:797) ~[na:1.8.0_161]
	at sun.reflect.GeneratedMethodAccessor7.invoke(Unknown Source) ~[na:na]
	at sun.reflect.DelegatingMethodAccessorImpl.invoke(DelegatingMethodAccessorImpl.java:43) ~[na:1.8.0_161]
	at java.lang.reflect.Method.invoke(Method.java:498) ~[na:1.8.0_161]
	at java.io.ObjectStreamClass.invokeReadObject(ObjectStreamClass.java:1158) ~[na:1.8.0_161]
	at java.io.ObjectInputStream.readSerialData(ObjectInputStream.java:2168) ~[na:1.8.0_161]
	at java.io.ObjectInputStream.readOrdinaryObject(ObjectInputStream.java:2059) ~[na:1.8.0_161]
	at java.io.ObjectInputStream.readObject0(ObjectInputStream.java:1566) ~[na:1.8.0_161]
	at java.io.ObjectInputStream.defaultReadFields(ObjectInputStream.java:2277) ~[na:1.8.0_161]
	at java.io.ObjectInputStream.readSerialData(ObjectInputStream.java:2201) ~[na:1.8.0_161]
	at java.io.ObjectInputStream.readOrdinaryObject(ObjectInputStream.java:2059) ~[na:1.8.0_161]
	at java.io.ObjectInputStream.readObject0(ObjectInputStream.java:1566) ~[na:1.8.0_161]
	at java.io.ObjectInputStream.readObject(ObjectInputStream.java:426) ~[na:1.8.0_161]
	at sun.rmi.server.UnicastRef.unmarshalValue(UnicastRef.java:322) ~[na:1.8.0_161]
	at sun.rmi.server.UnicastServerRef.dispatch(UnicastServerRef.java:341) ~[na:1.8.0_161]
	... 12 common frames omitted
Caused by: java.lang.ClassNotFoundException: Class 'com/alibaba/fastjson/serializer/ASMSerializer_5_Integer.class' should be in target project, but could not be found!
	at org.evosuite.instrumentation.InstrumentingClassLoader.instrumentClass(InstrumentingClassLoader.java:190) ~[evosuite.jar:1.0.7-SNAPSHOT]
	... 74 common frames omitted
* Minimizing test suite
* Writing tests to file
* Writing JUnit test case 'JSONWriter_ESTest' to /home/apaniche/mitchell/generation-scripts/evosuite_fuzzer/tests/s0/fastjson/evosuite-tests
* Done!

* Computation finished
[MASTER] 14:18:49.342 [main] ERROR RuntimeVariable - Obtained invalid goal count: covered 438 out of 429
[MASTER] 14:18:49.344 [main] ERROR SearchStatistics - Not going to write down statistics data, as some data is invalid
[MASTER] 14:18:49.445 [main] ERROR TestGeneration - failed to write statistics data
* Going to analyze the coverage criteria
* Coverage analysis for criterion LINE
* Coverage of criterion LINE: 31%
* Total number of goals: 157
* Number of covered goals: 48
* Coverage analysis for criterion BRANCH
* Coverage of criterion BRANCH: 23%
* Total number of goals: 115
* Number of covered goals: 26
* Coverage analysis for criterion EXCEPTION
* Coverage of criterion EXCEPTION: 100%
* Total number of goals: 40
* Number of covered goals: 40
* Coverage analysis for criterion WEAKMUTATION
* Coverage of criterion WEAKMUTATION: 20%
* Total number of goals: 266
* Number of covered goals: 54
* Coverage analysis for criterion OUTPUT
* Coverage of criterion OUTPUT: 27%
* Total number of goals: 37
* Number of covered goals: 10
* Coverage analysis for criterion METHOD
* Coverage of criterion METHOD: 100%
* Total number of goals: 25
* Number of covered goals: 25
* Coverage analysis for criterion METHODNOEXCEPTION
* Coverage of criterion METHODNOEXCEPTION: 64%
* Total number of goals: 25
* Number of covered goals: 16
* Coverage analysis for criterion CBRANCH
* Coverage of criterion CBRANCH: 23%
* Total number of goals: 115
* Number of covered goals: 26
* Generated 54 tests with total length 179
* Resulting test suite's coverage: 43% (average coverage for all fitness functions)
* Generating assertions
* Going to analyze the coverage criteria
* Coverage analysis for criterion LINE
* Coverage of criterion LINE: 85%
* Total number of goals: 266
* Number of covered goals: 225
* Coverage analysis for criterion BRANCH
* Coverage of criterion BRANCH: 85%
* Total number of goals: 212
* Number of covered goals: 181
* Coverage analysis for criterion EXCEPTION
* Coverage of criterion EXCEPTION: 100%
* Total number of goals: 16
* Number of covered goals: 16
* Coverage analysis for criterion WEAKMUTATION
* Coverage of criterion WEAKMUTATION: 95%
* Total number of goals: 375
* Number of covered goals: 358
* Coverage analysis for criterion OUTPUT
* Coverage of criterion OUTPUT: 64%
* Total number of goals: 14
* Number of covered goals: 9
* Coverage analysis for criterion METHOD
* Coverage of criterion METHOD: 96%
* Total number of goals: 24
* Number of covered goals: 23
* Coverage analysis for criterion METHODNOEXCEPTION
* Coverage of criterion METHODNOEXCEPTION: 88%
* Total number of goals: 24
* Number of covered goals: 21
* Coverage analysis for criterion CBRANCH
* Coverage of criterion CBRANCH: 84%
* Total number of goals: 212
* Number of covered goals: 179
* Generated 68 tests with total length 197
* Resulting test suite's coverage: 72% (average coverage for all fitness functions)
* Generating assertions
* Resulting test suite's mutation score: 2%
* Compiling and checking tests
* Going to analyze the coverage criteria
* Coverage analysis for criterion LINE
* Coverage of criterion LINE: 88%
* Total number of goals: 435
* Number of covered goals: 383
* Coverage analysis for criterion BRANCH
* Coverage of criterion BRANCH: 86%
* Total number of goals: 283
* Number of covered goals: 242
* Coverage analysis for criterion EXCEPTION
* Coverage of criterion EXCEPTION: 97%
* Total number of goals: 142
* Number of covered goals: 138
* Coverage analysis for criterion WEAKMUTATION
* Coverage of criterion WEAKMUTATION: 79%
* Total number of goals: 716
* Number of covered goals: 563
* Coverage analysis for criterion OUTPUT
* Coverage of criterion OUTPUT: 46%
* Total number of goals: 197
* Number of covered goals: 90
* Coverage analysis for criterion METHOD
* Coverage of criterion METHOD: 99%
* Total number of goals: 83
* Number of covered goals: 82
* Coverage analysis for criterion METHODNOEXCEPTION
* Coverage of criterion METHODNOEXCEPTION: 95%
* Total number of goals: 83
* Number of covered goals: 79
* Coverage analysis for criterion CBRANCH
* Coverage of criterion CBRANCH: 81%
* Total number of goals: 283
* Number of covered goals: 229
* Generated 277 tests with total length 1205
* Resulting test suite's coverage: 80% (average coverage for all fitness functions)
* Generating assertions
[MASTER] 14:19:55.185 [logback-1] WARN  JUnitAnalyzer - Found unstable test named test0 -> class org.junit.runners.model.TestTimedOutException: test timed out after 4000 milliseconds
[MASTER] 14:19:55.185 [logback-1] WARN  JUnitAnalyzer - Failing test:
 PipedWriter pipedWriter0 = new PipedWriter();
PipedReader pipedReader0 = new PipedReader(pipedWriter0);
JSONReader jSONReader0 = new JSONReader(pipedReader0);
Feature feature0 = Feature.DisableCircularReferenceDetect;
jSONReader0.config(feature0, false);

* Writing tests to file
* Writing JUnit test case 'JSONReader_ESTest' to /home/apaniche/mitchell/generation-scripts/evosuite_fuzzer/tests/s0/fastjson/evosuite-tests
* Done!

* Computation finished
* Resulting test suite's mutation score: 34%
* Compiling and checking tests
* Resulting test suite's mutation score: 49%
* Compiling and checking tests
* Writing tests to file
* Writing JUnit test case 'JSONValidator_ESTest' to /home/apaniche/mitchell/generation-scripts/evosuite_fuzzer/tests/s0/fastjson/evosuite-tests
* Done!

* Computation finished
[MASTER] 14:20:17.543 [logback-1] WARN  JUnitAnalyzer - Found unstable test named test0 -> class java.lang.ClassCastException: com.alibaba.fastjson.JSONArray cannot be cast to java.util.LinkedList
[MASTER] 14:20:17.543 [logback-1] WARN  JUnitAnalyzer - Failing test:
 JSONArray jSONArray0 = new JSONArray(1);
Class<Object> class0 = Object.class;
Type type0 = FieldInfo.getFieldType((Class<?>) class0, (Type) class0, (Type) class0);
LinkedList<HashMap> linkedList0 = jSONArray0.toJavaObject(type0);
assertSame(jSONArray0, linkedList0);


[MASTER] 14:20:32.660 [logback-1] WARN  JUnitAnalyzer - Found unstable test named test0 -> class java.lang.ClassCastException: com.alibaba.fastjson.JSONObject cannot be cast to java.util.concurrent.ConcurrentSkipListMap
[MASTER] 14:20:32.660 [logback-1] WARN  JUnitAnalyzer - Failing test:
 ConcurrentSkipListMap<String, SimplePropertyPreFilter> concurrentSkipListMap0 = new ConcurrentSkipListMap<String, SimplePropertyPreFilter>();
ConcurrentSkipListMap concurrentSkipListMap1 = (ConcurrentSkipListMap)JSON.toJSON((Object) concurrentSkipListMap0);
assertEquals(989, JSON.DEFAULT_PARSER_FEATURE);


[MASTER] 14:20:33.024 [logback-1] WARN  JUnitAnalyzer - Found unstable test named test0 -> class java.lang.ClassCastException: com.alibaba.fastjson.JSONObject cannot be cast to java.util.TreeMap
[MASTER] 14:20:33.025 [logback-1] WARN  JUnitAnalyzer - Failing test:
 ConcurrentSkipListMap<String, SimplePropertyPreFilter> concurrentSkipListMap0 = new ConcurrentSkipListMap<String, SimplePropertyPreFilter>();
String[] stringArray0 = new String[5];
stringArray0[0] = "e)]";
SimplePropertyPreFilter simplePropertyPreFilter0 = new SimplePropertyPreFilter(stringArray0);
concurrentSkipListMap0.put("e)]", simplePropertyPreFilter0);
TreeMap<String, SimplePropertyPreFilter> treeMap0 = new TreeMap<String, SimplePropertyPreFilter>((SortedMap<String, ? extends SimplePropertyPreFilter>) concurrentSkipListMap0);
TreeMap treeMap1 = (TreeMap)JSON.toJSON((Object) treeMap0);
assertEquals(1, treeMap1.size());


* Permissions denied during test execution: 
  - java.lang.RuntimePermission: 
         writeFileDescriptor: 13
* Writing tests to file
* Writing JUnit test case 'JSON_ESTest' to /home/apaniche/mitchell/generation-scripts/evosuite_fuzzer/tests/s0/fastjson/evosuite-tests
* Done!

* Computation finished
* EvoSuite 1.0.7-SNAPSHOT
* Configuration: EvoSuite_fuzzer
* Going to generate test cases for class: com.alibaba.fastjson.parser.DefaultJSONParser
* EvoSuite 1.0.7-SNAPSHOT
* Configuration: EvoSuite_fuzzer
* Going to generate test cases for class: com.alibaba.fastjson.JSONPath
* EvoSuite 1.0.7-SNAPSHOT
* Configuration: EvoSuite_fuzzer
* Going to generate test cases for class: com.alibaba.fastjson.parser.JSONReaderScanner
* Starting Client-0
* Connecting to master process on port 10026
* Starting Client-0
* Starting Client-0
* Connecting to master process on port 10027
* Connecting to master process on port 10025
* Analyzing classpath: 
* Analyzing classpath: 
* Analyzing classpath: 
  - /home/apaniche/mitchell/generation-scripts/projects/fastjson/fastjson-1.2.68.jar
  - /home/apaniche/mitchell/generation-scripts/projects/fastjson/fastjson-1.2.68.jar
* Finished analyzing classpath
* Generating tests for class com.alibaba.fastjson.parser.JSONReaderScanner
* Test criteria:
  - Line Coverage
  - Branch Coverage
  - Exception
  - Mutation testing (weak)
  - Method-Output Coverage
  - Top-Level Method Coverage
  - No-Exception Top-Level Method Coverage
  - Context Branch Coverage
* Total number of test goals for DYNAMOSA: 1110
* Using seed 0
* Starting evolution
* Initial Number of Goals in DynaMOSA = 338 / 1110
[MASTER] 14:21:05.335 [logback-1] WARN  CheapPurityAnalyzer - com.google.common.collect.ArrayListMultimap was not found in the inheritance tree. Using DEFAULT value for cheap-purity analysis
[MASTER] 14:21:05.336 [logback-1] WARN  InheritanceTree - Class not in inheritance graph: com.google.common.collect.ArrayListMultimap
  - /home/apaniche/mitchell/generation-scripts/projects/fastjson/fastjson-1.2.68.jar
[MASTER] 14:21:10.225 [logback-1] WARN  CheapPurityAnalyzer - com.google.common.collect.ArrayListMultimap was not found in the inheritance tree. Using DEFAULT value for cheap-purity analysis
[MASTER] 14:21:10.226 [logback-1] WARN  InheritanceTree - Class not in inheritance graph: com.google.common.collect.ArrayListMultimap
[MASTER] 14:21:10.593 [logback-1] WARN  CheapPurityAnalyzer - com.google.common.collect.ArrayListMultimap was not found in the inheritance tree. Using DEFAULT value for cheap-purity analysis
[MASTER] 14:21:10.594 [logback-1] WARN  InheritanceTree - Class not in inheritance graph: com.google.common.collect.ArrayListMultimap
* Finished analyzing classpath
* Generating tests for class com.alibaba.fastjson.JSONPath
* Test criteria:
  - Line Coverage
  - Branch Coverage
  - Exception
  - Mutation testing (weak)
  - Method-Output Coverage
  - Top-Level Method Coverage
  - No-Exception Top-Level Method Coverage
  - Context Branch Coverage
* Finished analyzing classpath
* Generating tests for class com.alibaba.fastjson.parser.DefaultJSONParser
* Test criteria:
  - Line Coverage
  - Branch Coverage
  - Exception
  - Mutation testing (weak)
  - Method-Output Coverage
  - Top-Level Method Coverage
  - No-Exception Top-Level Method Coverage
  - Context Branch Coverage
* Total number of test goals for DYNAMOSA: 3512
* Using seed 0
* Starting evolution
* Initial Number of Goals in DynaMOSA = 650 / 3512
[MASTER] 14:21:11.765 [logback-2] ERROR TestCluster - Failed to check cache for java.util.LinkedList<E> : Type points to itself
[MASTER] 14:21:11.766 [logback-2] ERROR TestCluster - Failed to check cache for java.util.HashMap<K, V> : Type points to itself
[MASTER] 14:21:11.772 [logback-2] ERROR TestCluster - Failed to check cache for java.util.ArrayDeque<E> : Type points to itself
[MASTER] 14:21:11.772 [logback-2] ERROR TestCluster - Failed to check cache for java.util.ArrayList<E> : Type points to itself
[MASTER] 14:21:11.773 [logback-2] ERROR TestCluster - Failed to check cache for java.util.EnumMap<K, V> : Type points to itself
[MASTER] 14:21:11.773 [logback-2] ERROR TestCluster - Failed to check cache for java.util.EnumSet<E> : Type points to itself
[MASTER] 14:21:11.773 [logback-2] ERROR TestCluster - Failed to check cache for java.util.HashSet<E> : Type points to itself
[MASTER] 14:21:11.773 [logback-2] ERROR TestCluster - Failed to check cache for java.util.Hashtable<K, V> : Type points to itself
[MASTER] 14:21:11.773 [logback-2] ERROR TestCluster - Failed to check cache for java.util.IdentityHashMap<K, V> : Type points to itself
[MASTER] 14:21:11.773 [logback-2] ERROR TestCluster - Failed to check cache for java.util.LinkedHashMap<K, V> : Type points to itself
[MASTER] 14:21:11.773 [logback-2] ERROR TestCluster - Failed to check cache for java.util.LinkedHashSet<E> : Type points to itself
[MASTER] 14:21:11.774 [logback-2] ERROR TestCluster - Failed to check cache for java.util.Stack<E> : Type points to itself
[MASTER] 14:21:11.774 [logback-2] ERROR TestCluster - Failed to check cache for java.util.TreeMap<K, V> : Type points to itself
[MASTER] 14:21:11.774 [logback-2] ERROR TestCluster - Failed to check cache for java.util.TreeSet<E> : Type points to itself
[MASTER] 14:21:11.775 [logback-2] ERROR TestCluster - Failed to check cache for java.util.Vector<E> : Type points to itself
* Total number of test goals for DYNAMOSA: 7058
* Using seed 0
* Starting evolution
* Initial Number of Goals in DynaMOSA = 865 / 7058
[MASTER] 14:21:12.039 [logback-2] ERROR TestCluster - Failed to check cache for java.util.LinkedList<E> : Type points to itself
[MASTER] 14:21:12.049 [logback-2] ERROR TestCluster - Failed to check cache for java.util.ArrayDeque<E> : Type points to itself
[MASTER] 14:21:12.050 [logback-2] ERROR TestCluster - Failed to check cache for java.util.ArrayList<E> : Type points to itself
[MASTER] 14:21:12.050 [logback-2] ERROR TestCluster - Failed to check cache for java.util.EnumSet<E> : Type points to itself
[MASTER] 14:21:12.051 [logback-2] ERROR TestCluster - Failed to check cache for java.util.HashSet<E> : Type points to itself
[MASTER] 14:21:12.051 [logback-2] ERROR TestCluster - Failed to check cache for java.util.LinkedHashSet<E> : Type points to itself
[MASTER] 14:21:12.051 [logback-2] ERROR TestCluster - Failed to check cache for java.util.PriorityQueue<E> : Type points to itself
[MASTER] 14:21:12.051 [logback-2] ERROR TestCluster - Failed to check cache for java.util.ServiceLoader<S> : Type points to itself
[MASTER] 14:21:12.051 [logback-2] ERROR TestCluster - Failed to check cache for java.util.Stack<E> : Type points to itself
[MASTER] 14:21:12.051 [logback-2] ERROR TestCluster - Failed to check cache for java.util.TreeSet<E> : Type points to itself
[MASTER] 14:21:12.052 [logback-2] ERROR TestCluster - Failed to check cache for java.util.Vector<E> : Type points to itself
[MASTER] 14:21:12.052 [logback-2] ERROR TestCluster - Failed to check cache for java.util.HashMap<K, V> : Type points to itself
[MASTER] 14:21:12.059 [logback-2] ERROR TestCluster - Failed to check cache for java.lang.Enum<E> : Type points to itself
[MASTER] 14:21:12.063 [logback-2] ERROR TestCluster - Failed to check cache for java.util.AbstractMap<K, V>.SimpleEntry<K, V> : Type points to itself
[MASTER] 14:21:12.063 [logback-2] ERROR TestCluster - Failed to check cache for java.util.AbstractMap<K, V>.SimpleImmutableEntry<K, V> : Type points to itself
[MASTER] 14:21:20.757 [logback-2] ERROR ClientNodeImpl - Cannot inform master of change of state
java.rmi.ServerException: RemoteException occurred in server thread; nested exception is: 
	java.rmi.UnmarshalException: error unmarshalling arguments; nested exception is: 
	java.lang.ClassNotFoundException: Class 'com/alibaba/fastjson/parser/deserializer/FastjsonASMDeserializer_1_SQLNonTransientConnectionException.class' should be in target project, but could not be found!
	at sun.rmi.server.UnicastServerRef.dispatch(UnicastServerRef.java:393) ~[na:1.8.0_161]
	at sun.rmi.transport.Transport$1.run(Transport.java:200) ~[na:1.8.0_161]
	at sun.rmi.transport.Transport$1.run(Transport.java:197) ~[na:1.8.0_161]
	at java.security.AccessController.doPrivileged(Native Method) ~[na:1.8.0_161]
	at sun.rmi.transport.Transport.serviceCall(Transport.java:196) ~[na:1.8.0_161]
	at sun.rmi.transport.tcp.TCPTransport.handleMessages(TCPTransport.java:568) ~[na:1.8.0_161]
	at sun.rmi.transport.tcp.TCPTransport$ConnectionHandler.run0(TCPTransport.java:826) ~[na:1.8.0_161]
	at sun.rmi.transport.tcp.TCPTransport$ConnectionHandler.lambda$run$0(TCPTransport.java:683) ~[na:1.8.0_161]
	at java.security.AccessController.doPrivileged(Native Method) ~[na:1.8.0_161]
	at sun.rmi.transport.tcp.TCPTransport$ConnectionHandler.run(TCPTransport.java:682) ~[na:1.8.0_161]
	at java.util.concurrent.ThreadPoolExecutor.runWorker(ThreadPoolExecutor.java:1149) ~[na:1.8.0_161]
	at java.util.concurrent.ThreadPoolExecutor$Worker.run(ThreadPoolExecutor.java:624) ~[na:1.8.0_161]
	at java.lang.Thread.run(Thread.java:748) ~[na:1.8.0_161]
	at sun.rmi.transport.StreamRemoteCall.exceptionReceivedFromServer(StreamRemoteCall.java:283) ~[na:1.8.0_161]
	at sun.rmi.transport.StreamRemoteCall.executeCall(StreamRemoteCall.java:260) ~[na:1.8.0_161]
	at sun.rmi.server.UnicastRef.invoke(UnicastRef.java:161) ~[na:1.8.0_161]
	at java.rmi.server.RemoteObjectInvocationHandler.invokeRemoteMethod(RemoteObjectInvocationHandler.java:227) ~[na:1.8.0_161]
	at java.rmi.server.RemoteObjectInvocationHandler.invoke(RemoteObjectInvocationHandler.java:179) ~[na:1.8.0_161]
	at com.sun.proxy.$Proxy7.evosuite_collectStatistics(Unknown Source) ~[na:na]
	at org.evosuite.rmi.service.ClientNodeImpl.updateStatistics(ClientNodeImpl.java:266) ~[evosuite.jar:1.0.7-SNAPSHOT]
	at org.evosuite.statistics.StatisticsSender.sendIndividualToMaster(StatisticsSender.java:68) [evosuite.jar:1.0.7-SNAPSHOT]
	at org.evosuite.statistics.StatisticsListener.lambda$new$0(StatisticsListener.java:69) [evosuite.jar:1.0.7-SNAPSHOT]
	at java.lang.Thread.run(Thread.java:748) ~[na:1.8.0_161]
Caused by: java.rmi.UnmarshalException: error unmarshalling arguments; nested exception is: 
	java.lang.ClassNotFoundException: Class 'com/alibaba/fastjson/parser/deserializer/FastjsonASMDeserializer_1_SQLNonTransientConnectionException.class' should be in target project, but could not be found!
	at sun.rmi.server.UnicastServerRef.dispatch(UnicastServerRef.java:352) ~[na:1.8.0_161]
	at sun.rmi.transport.Transport$1.run(Transport.java:200) ~[na:1.8.0_161]
	at sun.rmi.transport.Transport$1.run(Transport.java:197) ~[na:1.8.0_161]
	at java.security.AccessController.doPrivileged(Native Method) ~[na:1.8.0_161]
	at sun.rmi.transport.Transport.serviceCall(Transport.java:196) ~[na:1.8.0_161]
	at sun.rmi.transport.tcp.TCPTransport.handleMessages(TCPTransport.java:568) ~[na:1.8.0_161]
	at sun.rmi.transport.tcp.TCPTransport$ConnectionHandler.run0(TCPTransport.java:826) ~[na:1.8.0_161]
	at sun.rmi.transport.tcp.TCPTransport$ConnectionHandler.lambda$run$0(TCPTransport.java:683) ~[na:1.8.0_161]
	at java.security.AccessController.doPrivileged(Native Method) ~[na:1.8.0_161]
	at sun.rmi.transport.tcp.TCPTransport$ConnectionHandler.run(TCPTransport.java:682) ~[na:1.8.0_161]
	at java.util.concurrent.ThreadPoolExecutor.runWorker(ThreadPoolExecutor.java:1149) ~[na:1.8.0_161]
	at java.util.concurrent.ThreadPoolExecutor$Worker.run(ThreadPoolExecutor.java:624) ~[na:1.8.0_161]
	... 1 common frames omitted
Caused by: java.lang.ClassNotFoundException: Class 'com/alibaba/fastjson/parser/deserializer/FastjsonASMDeserializer_1_SQLNonTransientConnectionException.class' should be in target project, but could not be found!
	at org.evosuite.instrumentation.InstrumentingClassLoader.instrumentClass(InstrumentingClassLoader.java:203) ~[evosuite.jar:1.0.7-SNAPSHOT]
	at org.evosuite.instrumentation.InstrumentingClassLoader.loadClass(InstrumentingClassLoader.java:168) ~[evosuite.jar:1.0.7-SNAPSHOT]
	at org.evosuite.utils.generic.GenericClass.getClass(GenericClass.java:149) ~[evosuite.jar:1.0.7-SNAPSHOT]
	at org.evosuite.utils.generic.GenericClass.getClass(GenericClass.java:115) ~[evosuite.jar:1.0.7-SNAPSHOT]
	at org.evosuite.utils.generic.GenericClass.readObject(GenericClass.java:1720) ~[evosuite.jar:1.0.7-SNAPSHOT]
	at sun.reflect.GeneratedMethodAccessor9.invoke(Unknown Source) ~[na:na]
	at sun.reflect.DelegatingMethodAccessorImpl.invoke(DelegatingMethodAccessorImpl.java:43) ~[na:1.8.0_161]
	at java.lang.reflect.Method.invoke(Method.java:498) ~[na:1.8.0_161]
	at java.io.ObjectStreamClass.invokeReadObject(ObjectStreamClass.java:1158) ~[na:1.8.0_161]
	at java.io.ObjectInputStream.readSerialData(ObjectInputStream.java:2168) ~[na:1.8.0_161]
	at java.io.ObjectInputStream.readOrdinaryObject(ObjectInputStream.java:2059) ~[na:1.8.0_161]
	at java.io.ObjectInputStream.readObject0(ObjectInputStream.java:1566) ~[na:1.8.0_161]
	at java.io.ObjectInputStream.defaultReadFields(ObjectInputStream.java:2277) ~[na:1.8.0_161]
	at java.io.ObjectInputStream.readSerialData(ObjectInputStream.java:2201) ~[na:1.8.0_161]
	at java.io.ObjectInputStream.readOrdinaryObject(ObjectInputStream.java:2059) ~[na:1.8.0_161]
	at java.io.ObjectInputStream.readObject0(ObjectInputStream.java:1566) ~[na:1.8.0_161]
	at java.io.ObjectInputStream.defaultReadFields(ObjectInputStream.java:2277) ~[na:1.8.0_161]
	at java.io.ObjectInputStream.readSerialData(ObjectInputStream.java:2201) ~[na:1.8.0_161]
	at java.io.ObjectInputStream.readOrdinaryObject(ObjectInputStream.java:2059) ~[na:1.8.0_161]
	at java.io.ObjectInputStream.readObject0(ObjectInputStream.java:1566) ~[na:1.8.0_161]
	at java.io.ObjectInputStream.readObject(ObjectInputStream.java:426) ~[na:1.8.0_161]
	at java.util.ArrayList.readObject(ArrayList.java:797) ~[na:1.8.0_161]
	at sun.reflect.GeneratedMethodAccessor7.invoke(Unknown Source) ~[na:na]
	at sun.reflect.DelegatingMethodAccessorImpl.invoke(DelegatingMethodAccessorImpl.java:43) ~[na:1.8.0_161]
	at java.lang.reflect.Method.invoke(Method.java:498) ~[na:1.8.0_161]
	at java.io.ObjectStreamClass.invokeReadObject(ObjectStreamClass.java:1158) ~[na:1.8.0_161]
	at java.io.ObjectInputStream.readSerialData(ObjectInputStream.java:2168) ~[na:1.8.0_161]
	at java.io.ObjectInputStream.readOrdinaryObject(ObjectInputStream.java:2059) ~[na:1.8.0_161]
	at java.io.ObjectInputStream.readObject0(ObjectInputStream.java:1566) ~[na:1.8.0_161]
	at java.io.ObjectInputStream.defaultReadFields(ObjectInputStream.java:2277) ~[na:1.8.0_161]
	at java.io.ObjectInputStream.readSerialData(ObjectInputStream.java:2201) ~[na:1.8.0_161]
	at java.io.ObjectInputStream.readOrdinaryObject(ObjectInputStream.java:2059) ~[na:1.8.0_161]
	at java.io.ObjectInputStream.readObject0(ObjectInputStream.java:1566) ~[na:1.8.0_161]
	at java.io.ObjectInputStream.defaultReadFields(ObjectInputStream.java:2277) ~[na:1.8.0_161]
	at java.io.ObjectInputStream.defaultReadObject(ObjectInputStream.java:556) ~[na:1.8.0_161]
	at org.evosuite.testcase.DefaultTestCase.readObject(DefaultTestCase.java:1103) ~[evosuite.jar:1.0.7-SNAPSHOT]
	at sun.reflect.GeneratedMethodAccessor16.invoke(Unknown Source) ~[na:na]
	at sun.reflect.DelegatingMethodAccessorImpl.invoke(DelegatingMethodAccessorImpl.java:43) ~[na:1.8.0_161]
	at java.lang.reflect.Method.invoke(Method.java:498) ~[na:1.8.0_161]
	at java.io.ObjectStreamClass.invokeReadObject(ObjectStreamClass.java:1158) ~[na:1.8.0_161]
	at java.io.ObjectInputStream.readSerialData(ObjectInputStream.java:2168) ~[na:1.8.0_161]
	at java.io.ObjectInputStream.readOrdinaryObject(ObjectInputStream.java:2059) ~[na:1.8.0_161]
	at java.io.ObjectInputStream.readObject0(ObjectInputStream.java:1566) ~[na:1.8.0_161]
	at java.io.ObjectInputStream.defaultReadFields(ObjectInputStream.java:2277) ~[na:1.8.0_161]
	at java.io.ObjectInputStream.readSerialData(ObjectInputStream.java:2201) ~[na:1.8.0_161]
	at java.io.ObjectInputStream.readOrdinaryObject(ObjectInputStream.java:2059) ~[na:1.8.0_161]
	at java.io.ObjectInputStream.readObject0(ObjectInputStream.java:1566) ~[na:1.8.0_161]
	at java.io.ObjectInputStream.readObject(ObjectInputStream.java:426) ~[na:1.8.0_161]
	at java.util.ArrayList.readObject(ArrayList.java:797) ~[na:1.8.0_161]
	at sun.reflect.GeneratedMethodAccessor7.invoke(Unknown Source) ~[na:na]
	at sun.reflect.DelegatingMethodAccessorImpl.invoke(DelegatingMethodAccessorImpl.java:43) ~[na:1.8.0_161]
	at java.lang.reflect.Method.invoke(Method.java:498) ~[na:1.8.0_161]
	at java.io.ObjectStreamClass.invokeReadObject(ObjectStreamClass.java:1158) ~[na:1.8.0_161]
	at java.io.ObjectInputStream.readSerialData(ObjectInputStream.java:2168) ~[na:1.8.0_161]
	at java.io.ObjectInputStream.readOrdinaryObject(ObjectInputStream.java:2059) ~[na:1.8.0_161]
	at java.io.ObjectInputStream.readObject0(ObjectInputStream.java:1566) ~[na:1.8.0_161]
	at java.io.ObjectInputStream.defaultReadFields(ObjectInputStream.java:2277) ~[na:1.8.0_161]
	at java.io.ObjectInputStream.readSerialData(ObjectInputStream.java:2201) ~[na:1.8.0_161]
	at java.io.ObjectInputStream.readOrdinaryObject(ObjectInputStream.java:2059) ~[na:1.8.0_161]
	at java.io.ObjectInputStream.readObject0(ObjectInputStream.java:1566) ~[na:1.8.0_161]
	at java.io.ObjectInputStream.readObject(ObjectInputStream.java:426) ~[na:1.8.0_161]
	at sun.rmi.server.UnicastRef.unmarshalValue(UnicastRef.java:322) ~[na:1.8.0_161]
	at sun.rmi.server.UnicastServerRef.dispatch(UnicastServerRef.java:341) ~[na:1.8.0_161]
	... 12 common frames omitted
Caused by: java.lang.ClassNotFoundException: Class 'com/alibaba/fastjson/parser/deserializer/FastjsonASMDeserializer_1_SQLNonTransientConnectionException.class' should be in target project, but could not be found!
	at org.evosuite.instrumentation.InstrumentingClassLoader.instrumentClass(InstrumentingClassLoader.java:190) ~[evosuite.jar:1.0.7-SNAPSHOT]
	... 74 common frames omitted
[MASTER] 14:21:48.518 [logback-1] WARN  TestChromosome - Functional mock problem: org.evosuite.ga.ConstructionFailedException: Failed to add constructor for com.alibaba.fastjson.serializer.BeanContext due to org.evosuite.ga.ConstructionFailedException: Failed to add constructor for com.alibaba.fastjson.util.FieldInfo due to org.evosuite.ga.ConstructionFailedException: No generators of type java.util.Map<java.lang.reflect.TypeVariable, java.lang.reflect.Type>
[MASTER] 14:21:48.886 [logback-1] WARN  TestChromosome - Functional mock problem: org.evosuite.ga.ConstructionFailedException: Failed to add constructor for com.alibaba.fastjson.serializer.BeanContext due to org.evosuite.ga.ConstructionFailedException: Failed to add constructor for com.alibaba.fastjson.util.FieldInfo due to org.evosuite.ga.ConstructionFailedException: Have no generator for class java.lang.reflect.Method canUseFunctionalMocks=true, canBeMocked: false
[MASTER] 14:22:00.384 [logback-2] ERROR TestCluster - Failed to check cache for java.util.function.Function<T, R> : Type points to itself
[MASTER] 14:22:05.936 [logback-1] WARN  TestChromosome - Functional mock problem: org.evosuite.ga.ConstructionFailedException: Have no generator for java.lang.reflect.Constructor<java.awt.PageAttributes> canUseFunctionalMocks=false, canBeMocked: false
[MASTER] 14:22:19.949 [logback-2] ERROR ClientNodeImpl - Cannot inform master of change of state
java.rmi.ServerException: RemoteException occurred in server thread; nested exception is: 
	java.rmi.UnmarshalException: error unmarshalling arguments; nested exception is: 
	java.lang.ClassNotFoundException: Class 'com/alibaba/fastjson/parser/deserializer/FastjsonASMDeserializer_1_MockGregorianCalendar.class' should be in target project, but could not be found!
	at sun.rmi.server.UnicastServerRef.dispatch(UnicastServerRef.java:393) ~[na:1.8.0_161]
	at sun.rmi.transport.Transport$1.run(Transport.java:200) ~[na:1.8.0_161]
	at sun.rmi.transport.Transport$1.run(Transport.java:197) ~[na:1.8.0_161]
	at java.security.AccessController.doPrivileged(Native Method) ~[na:1.8.0_161]
	at sun.rmi.transport.Transport.serviceCall(Transport.java:196) ~[na:1.8.0_161]
	at sun.rmi.transport.tcp.TCPTransport.handleMessages(TCPTransport.java:568) ~[na:1.8.0_161]
	at sun.rmi.transport.tcp.TCPTransport$ConnectionHandler.run0(TCPTransport.java:826) ~[na:1.8.0_161]
	at sun.rmi.transport.tcp.TCPTransport$ConnectionHandler.lambda$run$0(TCPTransport.java:683) ~[na:1.8.0_161]
	at java.security.AccessController.doPrivileged(Native Method) ~[na:1.8.0_161]
	at sun.rmi.transport.tcp.TCPTransport$ConnectionHandler.run(TCPTransport.java:682) ~[na:1.8.0_161]
	at java.util.concurrent.ThreadPoolExecutor.runWorker(ThreadPoolExecutor.java:1149) ~[na:1.8.0_161]
	at java.util.concurrent.ThreadPoolExecutor$Worker.run(ThreadPoolExecutor.java:624) ~[na:1.8.0_161]
	at java.lang.Thread.run(Thread.java:748) ~[na:1.8.0_161]
	at sun.rmi.transport.StreamRemoteCall.exceptionReceivedFromServer(StreamRemoteCall.java:283) ~[na:1.8.0_161]
	at sun.rmi.transport.StreamRemoteCall.executeCall(StreamRemoteCall.java:260) ~[na:1.8.0_161]
	at sun.rmi.server.UnicastRef.invoke(UnicastRef.java:161) ~[na:1.8.0_161]
	at java.rmi.server.RemoteObjectInvocationHandler.invokeRemoteMethod(RemoteObjectInvocationHandler.java:227) ~[na:1.8.0_161]
	at java.rmi.server.RemoteObjectInvocationHandler.invoke(RemoteObjectInvocationHandler.java:179) ~[na:1.8.0_161]
	at com.sun.proxy.$Proxy7.evosuite_collectStatistics(Unknown Source) ~[na:na]
	at org.evosuite.rmi.service.ClientNodeImpl.updateStatistics(ClientNodeImpl.java:266) ~[evosuite.jar:1.0.7-SNAPSHOT]
	at org.evosuite.statistics.StatisticsSender.sendIndividualToMaster(StatisticsSender.java:68) [evosuite.jar:1.0.7-SNAPSHOT]
	at org.evosuite.statistics.StatisticsListener.lambda$new$0(StatisticsListener.java:69) [evosuite.jar:1.0.7-SNAPSHOT]
	at java.lang.Thread.run(Thread.java:748) ~[na:1.8.0_161]
Caused by: java.rmi.UnmarshalException: error unmarshalling arguments; nested exception is: 
	java.lang.ClassNotFoundException: Class 'com/alibaba/fastjson/parser/deserializer/FastjsonASMDeserializer_1_MockGregorianCalendar.class' should be in target project, but could not be found!
	at sun.rmi.server.UnicastServerRef.dispatch(UnicastServerRef.java:352) ~[na:1.8.0_161]
	at sun.rmi.transport.Transport$1.run(Transport.java:200) ~[na:1.8.0_161]
	at sun.rmi.transport.Transport$1.run(Transport.java:197) ~[na:1.8.0_161]
	at java.security.AccessController.doPrivileged(Native Method) ~[na:1.8.0_161]
	at sun.rmi.transport.Transport.serviceCall(Transport.java:196) ~[na:1.8.0_161]
	at sun.rmi.transport.tcp.TCPTransport.handleMessages(TCPTransport.java:568) ~[na:1.8.0_161]
	at sun.rmi.transport.tcp.TCPTransport$ConnectionHandler.run0(TCPTransport.java:826) ~[na:1.8.0_161]
	at sun.rmi.transport.tcp.TCPTransport$ConnectionHandler.lambda$run$0(TCPTransport.java:683) ~[na:1.8.0_161]
	at java.security.AccessController.doPrivileged(Native Method) ~[na:1.8.0_161]
	at sun.rmi.transport.tcp.TCPTransport$ConnectionHandler.run(TCPTransport.java:682) ~[na:1.8.0_161]
	at java.util.concurrent.ThreadPoolExecutor.runWorker(ThreadPoolExecutor.java:1149) ~[na:1.8.0_161]
	at java.util.concurrent.ThreadPoolExecutor$Worker.run(ThreadPoolExecutor.java:624) ~[na:1.8.0_161]
	... 1 common frames omitted
Caused by: java.lang.ClassNotFoundException: Class 'com/alibaba/fastjson/parser/deserializer/FastjsonASMDeserializer_1_MockGregorianCalendar.class' should be in target project, but could not be found!
	at org.evosuite.instrumentation.InstrumentingClassLoader.instrumentClass(InstrumentingClassLoader.java:203) ~[evosuite.jar:1.0.7-SNAPSHOT]
	at org.evosuite.instrumentation.InstrumentingClassLoader.loadClass(InstrumentingClassLoader.java:168) ~[evosuite.jar:1.0.7-SNAPSHOT]
	at org.evosuite.utils.generic.GenericClass.getClass(GenericClass.java:149) ~[evosuite.jar:1.0.7-SNAPSHOT]
	at org.evosuite.utils.generic.GenericClass.getClass(GenericClass.java:115) ~[evosuite.jar:1.0.7-SNAPSHOT]
	at org.evosuite.utils.generic.GenericClass.readObject(GenericClass.java:1720) ~[evosuite.jar:1.0.7-SNAPSHOT]
	at sun.reflect.GeneratedMethodAccessor9.invoke(Unknown Source) ~[na:na]
	at sun.reflect.DelegatingMethodAccessorImpl.invoke(DelegatingMethodAccessorImpl.java:43) ~[na:1.8.0_161]
	at java.lang.reflect.Method.invoke(Method.java:498) ~[na:1.8.0_161]
	at java.io.ObjectStreamClass.invokeReadObject(ObjectStreamClass.java:1158) ~[na:1.8.0_161]
	at java.io.ObjectInputStream.readSerialData(ObjectInputStream.java:2168) ~[na:1.8.0_161]
	at java.io.ObjectInputStream.readOrdinaryObject(ObjectInputStream.java:2059) ~[na:1.8.0_161]
	at java.io.ObjectInputStream.readObject0(ObjectInputStream.java:1566) ~[na:1.8.0_161]
	at java.io.ObjectInputStream.defaultReadFields(ObjectInputStream.java:2277) ~[na:1.8.0_161]
	at java.io.ObjectInputStream.readSerialData(ObjectInputStream.java:2201) ~[na:1.8.0_161]
	at java.io.ObjectInputStream.readOrdinaryObject(ObjectInputStream.java:2059) ~[na:1.8.0_161]
	at java.io.ObjectInputStream.readObject0(ObjectInputStream.java:1566) ~[na:1.8.0_161]
	at java.io.ObjectInputStream.defaultReadFields(ObjectInputStream.java:2277) ~[na:1.8.0_161]
	at java.io.ObjectInputStream.readSerialData(ObjectInputStream.java:2201) ~[na:1.8.0_161]
	at java.io.ObjectInputStream.readOrdinaryObject(ObjectInputStream.java:2059) ~[na:1.8.0_161]
	at java.io.ObjectInputStream.readObject0(ObjectInputStream.java:1566) ~[na:1.8.0_161]
	at java.io.ObjectInputStream.readObject(ObjectInputStream.java:426) ~[na:1.8.0_161]
	at java.util.ArrayList.readObject(ArrayList.java:797) ~[na:1.8.0_161]
	at sun.reflect.GeneratedMethodAccessor7.invoke(Unknown Source) ~[na:na]
	at sun.reflect.DelegatingMethodAccessorImpl.invoke(DelegatingMethodAccessorImpl.java:43) ~[na:1.8.0_161]
	at java.lang.reflect.Method.invoke(Method.java:498) ~[na:1.8.0_161]
	at java.io.ObjectStreamClass.invokeReadObject(ObjectStreamClass.java:1158) ~[na:1.8.0_161]
	at java.io.ObjectInputStream.readSerialData(ObjectInputStream.java:2168) ~[na:1.8.0_161]
	at java.io.ObjectInputStream.readOrdinaryObject(ObjectInputStream.java:2059) ~[na:1.8.0_161]
	at java.io.ObjectInputStream.readObject0(ObjectInputStream.java:1566) ~[na:1.8.0_161]
	at java.io.ObjectInputStream.defaultReadFields(ObjectInputStream.java:2277) ~[na:1.8.0_161]
	at java.io.ObjectInputStream.readSerialData(ObjectInputStream.java:2201) ~[na:1.8.0_161]
	at java.io.ObjectInputStream.readOrdinaryObject(ObjectInputStream.java:2059) ~[na:1.8.0_161]
	at java.io.ObjectInputStream.readObject0(ObjectInputStream.java:1566) ~[na:1.8.0_161]
	at java.io.ObjectInputStream.defaultReadFields(ObjectInputStream.java:2277) ~[na:1.8.0_161]
	at java.io.ObjectInputStream.defaultReadObject(ObjectInputStream.java:556) ~[na:1.8.0_161]
	at org.evosuite.testcase.DefaultTestCase.readObject(DefaultTestCase.java:1103) ~[evosuite.jar:1.0.7-SNAPSHOT]
	at sun.reflect.GeneratedMethodAccessor16.invoke(Unknown Source) ~[na:na]
	at sun.reflect.DelegatingMethodAccessorImpl.invoke(DelegatingMethodAccessorImpl.java:43) ~[na:1.8.0_161]
	at java.lang.reflect.Method.invoke(Method.java:498) ~[na:1.8.0_161]
	at java.io.ObjectStreamClass.invokeReadObject(ObjectStreamClass.java:1158) ~[na:1.8.0_161]
	at java.io.ObjectInputStream.readSerialData(ObjectInputStream.java:2168) ~[na:1.8.0_161]
	at java.io.ObjectInputStream.readOrdinaryObject(ObjectInputStream.java:2059) ~[na:1.8.0_161]
	at java.io.ObjectInputStream.readObject0(ObjectInputStream.java:1566) ~[na:1.8.0_161]
	at java.io.ObjectInputStream.defaultReadFields(ObjectInputStream.java:2277) ~[na:1.8.0_161]
	at java.io.ObjectInputStream.readSerialData(ObjectInputStream.java:2201) ~[na:1.8.0_161]
	at java.io.ObjectInputStream.readOrdinaryObject(ObjectInputStream.java:2059) ~[na:1.8.0_161]
	at java.io.ObjectInputStream.readObject0(ObjectInputStream.java:1566) ~[na:1.8.0_161]
	at java.io.ObjectInputStream.readObject(ObjectInputStream.java:426) ~[na:1.8.0_161]
	at java.util.ArrayList.readObject(ArrayList.java:797) ~[na:1.8.0_161]
	at sun.reflect.GeneratedMethodAccessor7.invoke(Unknown Source) ~[na:na]
	at sun.reflect.DelegatingMethodAccessorImpl.invoke(DelegatingMethodAccessorImpl.java:43) ~[na:1.8.0_161]
	at java.lang.reflect.Method.invoke(Method.java:498) ~[na:1.8.0_161]
	at java.io.ObjectStreamClass.invokeReadObject(ObjectStreamClass.java:1158) ~[na:1.8.0_161]
	at java.io.ObjectInputStream.readSerialData(ObjectInputStream.java:2168) ~[na:1.8.0_161]
	at java.io.ObjectInputStream.readOrdinaryObject(ObjectInputStream.java:2059) ~[na:1.8.0_161]
	at java.io.ObjectInputStream.readObject0(ObjectInputStream.java:1566) ~[na:1.8.0_161]
	at java.io.ObjectInputStream.defaultReadFields(ObjectInputStream.java:2277) ~[na:1.8.0_161]
	at java.io.ObjectInputStream.readSerialData(ObjectInputStream.java:2201) ~[na:1.8.0_161]
	at java.io.ObjectInputStream.readOrdinaryObject(ObjectInputStream.java:2059) ~[na:1.8.0_161]
	at java.io.ObjectInputStream.readObject0(ObjectInputStream.java:1566) ~[na:1.8.0_161]
	at java.io.ObjectInputStream.readObject(ObjectInputStream.java:426) ~[na:1.8.0_161]
	at sun.rmi.server.UnicastRef.unmarshalValue(UnicastRef.java:322) ~[na:1.8.0_161]
	at sun.rmi.server.UnicastServerRef.dispatch(UnicastServerRef.java:341) ~[na:1.8.0_161]
	... 12 common frames omitted
Caused by: java.lang.ClassNotFoundException: Class 'com/alibaba/fastjson/parser/deserializer/FastjsonASMDeserializer_1_MockGregorianCalendar.class' should be in target project, but could not be found!
	at org.evosuite.instrumentation.InstrumentingClassLoader.instrumentClass(InstrumentingClassLoader.java:190) ~[evosuite.jar:1.0.7-SNAPSHOT]
	... 74 common frames omitted
[MASTER] 14:22:35.238 [logback-1] WARN  TestChromosome - Functional mock problem: org.evosuite.ga.ConstructionFailedException: Failed to add constructor for com.alibaba.fastjson.serializer.JavaBeanSerializer due to org.evosuite.ga.ConstructionFailedException: Failed to add constructor for com.alibaba.fastjson.serializer.SerializeBeanInfo due to org.evosuite.ga.ConstructionFailedException: Failed to add constructor for com.alibaba.fastjson.util.FieldInfo due to org.evosuite.ga.ConstructionFailedException: Failed to add constructor for com.alibaba.fastjson.serializer.BeanContext due to org.evosuite.ga.ConstructionFailedException: Failed to add constructor for com.alibaba.fastjson.util.FieldInfo due to org.evosuite.ga.ConstructionFailedException: No generators of type java.util.Map<java.lang.reflect.TypeVariable, java.lang.reflect.Type>
[MASTER] 14:22:56.450 [logback-1] WARN  TestChromosome - Functional mock problem: org.evosuite.ga.ConstructionFailedException: Failed to add constructor for com.alibaba.fastjson.serializer.BeanContext due to org.evosuite.ga.ConstructionFailedException: Failed to add constructor for com.alibaba.fastjson.util.FieldInfo due to org.evosuite.ga.ConstructionFailedException: Failed to add constructor for com.alibaba.fastjson.parser.DefaultJSONParser due to org.evosuite.ga.ConstructionFailedException: Max recursion depth reached
[MASTER] 14:23:15.492 [logback-2] ERROR TestCluster - Failed to check cache for java.lang.reflect.Constructor<T> : Type points to itself
[MASTER] 14:23:21.448 [logback-2] ERROR ClientNodeImpl - Cannot inform master of change of state
java.rmi.ServerException: RemoteException occurred in server thread; nested exception is: 
	java.rmi.UnmarshalException: error unmarshalling arguments; nested exception is: 
	java.lang.ClassNotFoundException: Class 'com/alibaba/fastjson/parser/deserializer/FastjsonASMDeserializer_1_MockGregorianCalendar.class' should be in target project, but could not be found!
	at sun.rmi.server.UnicastServerRef.dispatch(UnicastServerRef.java:393) ~[na:1.8.0_161]
	at sun.rmi.transport.Transport$1.run(Transport.java:200) ~[na:1.8.0_161]
	at sun.rmi.transport.Transport$1.run(Transport.java:197) ~[na:1.8.0_161]
	at java.security.AccessController.doPrivileged(Native Method) ~[na:1.8.0_161]
	at sun.rmi.transport.Transport.serviceCall(Transport.java:196) ~[na:1.8.0_161]
	at sun.rmi.transport.tcp.TCPTransport.handleMessages(TCPTransport.java:568) ~[na:1.8.0_161]
	at sun.rmi.transport.tcp.TCPTransport$ConnectionHandler.run0(TCPTransport.java:826) ~[na:1.8.0_161]
	at sun.rmi.transport.tcp.TCPTransport$ConnectionHandler.lambda$run$0(TCPTransport.java:683) ~[na:1.8.0_161]
	at java.security.AccessController.doPrivileged(Native Method) ~[na:1.8.0_161]
	at sun.rmi.transport.tcp.TCPTransport$ConnectionHandler.run(TCPTransport.java:682) ~[na:1.8.0_161]
	at java.util.concurrent.ThreadPoolExecutor.runWorker(ThreadPoolExecutor.java:1149) ~[na:1.8.0_161]
	at java.util.concurrent.ThreadPoolExecutor$Worker.run(ThreadPoolExecutor.java:624) ~[na:1.8.0_161]
	at java.lang.Thread.run(Thread.java:748) ~[na:1.8.0_161]
	at sun.rmi.transport.StreamRemoteCall.exceptionReceivedFromServer(StreamRemoteCall.java:283) ~[na:1.8.0_161]
	at sun.rmi.transport.StreamRemoteCall.executeCall(StreamRemoteCall.java:260) ~[na:1.8.0_161]
	at sun.rmi.server.UnicastRef.invoke(UnicastRef.java:161) ~[na:1.8.0_161]
	at java.rmi.server.RemoteObjectInvocationHandler.invokeRemoteMethod(RemoteObjectInvocationHandler.java:227) ~[na:1.8.0_161]
	at java.rmi.server.RemoteObjectInvocationHandler.invoke(RemoteObjectInvocationHandler.java:179) ~[na:1.8.0_161]
	at com.sun.proxy.$Proxy7.evosuite_collectStatistics(Unknown Source) ~[na:na]
	at org.evosuite.rmi.service.ClientNodeImpl.updateStatistics(ClientNodeImpl.java:266) ~[evosuite.jar:1.0.7-SNAPSHOT]
	at org.evosuite.statistics.StatisticsSender.sendIndividualToMaster(StatisticsSender.java:68) [evosuite.jar:1.0.7-SNAPSHOT]
	at org.evosuite.statistics.StatisticsListener.lambda$new$0(StatisticsListener.java:69) [evosuite.jar:1.0.7-SNAPSHOT]
	at java.lang.Thread.run(Thread.java:748) ~[na:1.8.0_161]
Caused by: java.rmi.UnmarshalException: error unmarshalling arguments; nested exception is: 
	java.lang.ClassNotFoundException: Class 'com/alibaba/fastjson/parser/deserializer/FastjsonASMDeserializer_1_MockGregorianCalendar.class' should be in target project, but could not be found!
	at sun.rmi.server.UnicastServerRef.dispatch(UnicastServerRef.java:352) ~[na:1.8.0_161]
	at sun.rmi.transport.Transport$1.run(Transport.java:200) ~[na:1.8.0_161]
	at sun.rmi.transport.Transport$1.run(Transport.java:197) ~[na:1.8.0_161]
	at java.security.AccessController.doPrivileged(Native Method) ~[na:1.8.0_161]
	at sun.rmi.transport.Transport.serviceCall(Transport.java:196) ~[na:1.8.0_161]
	at sun.rmi.transport.tcp.TCPTransport.handleMessages(TCPTransport.java:568) ~[na:1.8.0_161]
	at sun.rmi.transport.tcp.TCPTransport$ConnectionHandler.run0(TCPTransport.java:826) ~[na:1.8.0_161]
	at sun.rmi.transport.tcp.TCPTransport$ConnectionHandler.lambda$run$0(TCPTransport.java:683) ~[na:1.8.0_161]
	at java.security.AccessController.doPrivileged(Native Method) ~[na:1.8.0_161]
	at sun.rmi.transport.tcp.TCPTransport$ConnectionHandler.run(TCPTransport.java:682) ~[na:1.8.0_161]
	at java.util.concurrent.ThreadPoolExecutor.runWorker(ThreadPoolExecutor.java:1149) ~[na:1.8.0_161]
	at java.util.concurrent.ThreadPoolExecutor$Worker.run(ThreadPoolExecutor.java:624) ~[na:1.8.0_161]
	... 1 common frames omitted
Caused by: java.lang.ClassNotFoundException: Class 'com/alibaba/fastjson/parser/deserializer/FastjsonASMDeserializer_1_MockGregorianCalendar.class' should be in target project, but could not be found!
	at org.evosuite.instrumentation.InstrumentingClassLoader.instrumentClass(InstrumentingClassLoader.java:203) ~[evosuite.jar:1.0.7-SNAPSHOT]
	at org.evosuite.instrumentation.InstrumentingClassLoader.loadClass(InstrumentingClassLoader.java:168) ~[evosuite.jar:1.0.7-SNAPSHOT]
	at org.evosuite.utils.generic.GenericClass.getClass(GenericClass.java:149) ~[evosuite.jar:1.0.7-SNAPSHOT]
	at org.evosuite.utils.generic.GenericClass.getClass(GenericClass.java:115) ~[evosuite.jar:1.0.7-SNAPSHOT]
	at org.evosuite.utils.generic.GenericClass.readObject(GenericClass.java:1720) ~[evosuite.jar:1.0.7-SNAPSHOT]
	at sun.reflect.GeneratedMethodAccessor9.invoke(Unknown Source) ~[na:na]
	at sun.reflect.DelegatingMethodAccessorImpl.invoke(DelegatingMethodAccessorImpl.java:43) ~[na:1.8.0_161]
	at java.lang.reflect.Method.invoke(Method.java:498) ~[na:1.8.0_161]
	at java.io.ObjectStreamClass.invokeReadObject(ObjectStreamClass.java:1158) ~[na:1.8.0_161]
	at java.io.ObjectInputStream.readSerialData(ObjectInputStream.java:2168) ~[na:1.8.0_161]
	at java.io.ObjectInputStream.readOrdinaryObject(ObjectInputStream.java:2059) ~[na:1.8.0_161]
	at java.io.ObjectInputStream.readObject0(ObjectInputStream.java:1566) ~[na:1.8.0_161]
	at java.io.ObjectInputStream.defaultReadFields(ObjectInputStream.java:2277) ~[na:1.8.0_161]
	at java.io.ObjectInputStream.readSerialData(ObjectInputStream.java:2201) ~[na:1.8.0_161]
	at java.io.ObjectInputStream.readOrdinaryObject(ObjectInputStream.java:2059) ~[na:1.8.0_161]
	at java.io.ObjectInputStream.readObject0(ObjectInputStream.java:1566) ~[na:1.8.0_161]
	at java.io.ObjectInputStream.defaultReadFields(ObjectInputStream.java:2277) ~[na:1.8.0_161]
	at java.io.ObjectInputStream.readSerialData(ObjectInputStream.java:2201) ~[na:1.8.0_161]
	at java.io.ObjectInputStream.readOrdinaryObject(ObjectInputStream.java:2059) ~[na:1.8.0_161]
	at java.io.ObjectInputStream.readObject0(ObjectInputStream.java:1566) ~[na:1.8.0_161]
	at java.io.ObjectInputStream.readObject(ObjectInputStream.java:426) ~[na:1.8.0_161]
	at java.util.ArrayList.readObject(ArrayList.java:797) ~[na:1.8.0_161]
	at sun.reflect.GeneratedMethodAccessor7.invoke(Unknown Source) ~[na:na]
	at sun.reflect.DelegatingMethodAccessorImpl.invoke(DelegatingMethodAccessorImpl.java:43) ~[na:1.8.0_161]
	at java.lang.reflect.Method.invoke(Method.java:498) ~[na:1.8.0_161]
	at java.io.ObjectStreamClass.invokeReadObject(ObjectStreamClass.java:1158) ~[na:1.8.0_161]
	at java.io.ObjectInputStream.readSerialData(ObjectInputStream.java:2168) ~[na:1.8.0_161]
	at java.io.ObjectInputStream.readOrdinaryObject(ObjectInputStream.java:2059) ~[na:1.8.0_161]
	at java.io.ObjectInputStream.readObject0(ObjectInputStream.java:1566) ~[na:1.8.0_161]
	at java.io.ObjectInputStream.defaultReadFields(ObjectInputStream.java:2277) ~[na:1.8.0_161]
	at java.io.ObjectInputStream.readSerialData(ObjectInputStream.java:2201) ~[na:1.8.0_161]
	at java.io.ObjectInputStream.readOrdinaryObject(ObjectInputStream.java:2059) ~[na:1.8.0_161]
	at java.io.ObjectInputStream.readObject0(ObjectInputStream.java:1566) ~[na:1.8.0_161]
	at java.io.ObjectInputStream.defaultReadFields(ObjectInputStream.java:2277) ~[na:1.8.0_161]
	at java.io.ObjectInputStream.defaultReadObject(ObjectInputStream.java:556) ~[na:1.8.0_161]
	at org.evosuite.testcase.DefaultTestCase.readObject(DefaultTestCase.java:1103) ~[evosuite.jar:1.0.7-SNAPSHOT]
	at sun.reflect.GeneratedMethodAccessor16.invoke(Unknown Source) ~[na:na]
	at sun.reflect.DelegatingMethodAccessorImpl.invoke(DelegatingMethodAccessorImpl.java:43) ~[na:1.8.0_161]
	at java.lang.reflect.Method.invoke(Method.java:498) ~[na:1.8.0_161]
	at java.io.ObjectStreamClass.invokeReadObject(ObjectStreamClass.java:1158) ~[na:1.8.0_161]
	at java.io.ObjectInputStream.readSerialData(ObjectInputStream.java:2168) ~[na:1.8.0_161]
	at java.io.ObjectInputStream.readOrdinaryObject(ObjectInputStream.java:2059) ~[na:1.8.0_161]
	at java.io.ObjectInputStream.readObject0(ObjectInputStream.java:1566) ~[na:1.8.0_161]
	at java.io.ObjectInputStream.defaultReadFields(ObjectInputStream.java:2277) ~[na:1.8.0_161]
	at java.io.ObjectInputStream.readSerialData(ObjectInputStream.java:2201) ~[na:1.8.0_161]
	at java.io.ObjectInputStream.readOrdinaryObject(ObjectInputStream.java:2059) ~[na:1.8.0_161]
	at java.io.ObjectInputStream.readObject0(ObjectInputStream.java:1566) ~[na:1.8.0_161]
	at java.io.ObjectInputStream.readObject(ObjectInputStream.java:426) ~[na:1.8.0_161]
	at java.util.ArrayList.readObject(ArrayList.java:797) ~[na:1.8.0_161]
	at sun.reflect.GeneratedMethodAccessor7.invoke(Unknown Source) ~[na:na]
	at sun.reflect.DelegatingMethodAccessorImpl.invoke(DelegatingMethodAccessorImpl.java:43) ~[na:1.8.0_161]
	at java.lang.reflect.Method.invoke(Method.java:498) ~[na:1.8.0_161]
	at java.io.ObjectStreamClass.invokeReadObject(ObjectStreamClass.java:1158) ~[na:1.8.0_161]
	at java.io.ObjectInputStream.readSerialData(ObjectInputStream.java:2168) ~[na:1.8.0_161]
	at java.io.ObjectInputStream.readOrdinaryObject(ObjectInputStream.java:2059) ~[na:1.8.0_161]
	at java.io.ObjectInputStream.readObject0(ObjectInputStream.java:1566) ~[na:1.8.0_161]
	at java.io.ObjectInputStream.defaultReadFields(ObjectInputStream.java:2277) ~[na:1.8.0_161]
	at java.io.ObjectInputStream.readSerialData(ObjectInputStream.java:2201) ~[na:1.8.0_161]
	at java.io.ObjectInputStream.readOrdinaryObject(ObjectInputStream.java:2059) ~[na:1.8.0_161]
	at java.io.ObjectInputStream.readObject0(ObjectInputStream.java:1566) ~[na:1.8.0_161]
	at java.io.ObjectInputStream.readObject(ObjectInputStream.java:426) ~[na:1.8.0_161]
	at sun.rmi.server.UnicastRef.unmarshalValue(UnicastRef.java:322) ~[na:1.8.0_161]
	at sun.rmi.server.UnicastServerRef.dispatch(UnicastServerRef.java:341) ~[na:1.8.0_161]
	... 12 common frames omitted
Caused by: java.lang.ClassNotFoundException: Class 'com/alibaba/fastjson/parser/deserializer/FastjsonASMDeserializer_1_MockGregorianCalendar.class' should be in target project, but could not be found!
	at org.evosuite.instrumentation.InstrumentingClassLoader.instrumentClass(InstrumentingClassLoader.java:190) ~[evosuite.jar:1.0.7-SNAPSHOT]
	... 74 common frames omitted
[MASTER] 14:23:38.251 [logback-1] WARN  TestChromosome - Functional mock problem: org.evosuite.ga.ConstructionFailedException: Failed to add constructor for com.alibaba.fastjson.util.ParameterizedTypeImpl due to org.evosuite.ga.ConstructionFailedException: No generators of type java.util.Map<java.lang.reflect.TypeVariable, java.lang.reflect.Type>
* Search finished after 186s and 55 generations, 32505 statements, best individual has fitness: 141.0
* Minimizing test suite
* Going to analyze the coverage criteria
* Coverage analysis for criterion LINE
* Coverage of criterion LINE: 85%
* Total number of goals: 156
* Number of covered goals: 132
* Coverage analysis for criterion BRANCH
* Coverage of criterion BRANCH: 82%
* Total number of goals: 104
* Number of covered goals: 85
* Coverage analysis for criterion EXCEPTION
* Coverage of criterion EXCEPTION: 98%
* Total number of goals: 41
* Number of covered goals: 40
* Coverage analysis for criterion WEAKMUTATION
* Coverage of criterion WEAKMUTATION: 94%
* Total number of goals: 662
* Number of covered goals: 620
* Coverage analysis for criterion OUTPUT
* Search finished after 183s and 153 generations, 79446 statements, best individual has fitness: 1289.0
[MASTER] 14:24:14.272 [logback-2] ERROR ClientNodeImpl - Cannot inform master of change of state
java.rmi.ServerException: RemoteException occurred in server thread; nested exception is: 
	java.rmi.UnmarshalException: error unmarshalling arguments; nested exception is: 
	java.lang.ClassNotFoundException: Class 'com/alibaba/fastjson/parser/deserializer/FastjsonASMDeserializer_1_MockDateFormat.class' should be in target project, but could not be found!
	at sun.rmi.server.UnicastServerRef.dispatch(UnicastServerRef.java:393) ~[na:1.8.0_161]
	at sun.rmi.transport.Transport$1.run(Transport.java:200) ~[na:1.8.0_161]
	at sun.rmi.transport.Transport$1.run(Transport.java:197) ~[na:1.8.0_161]
	at java.security.AccessController.doPrivileged(Native Method) ~[na:1.8.0_161]
	at sun.rmi.transport.Transport.serviceCall(Transport.java:196) ~[na:1.8.0_161]
	at sun.rmi.transport.tcp.TCPTransport.handleMessages(TCPTransport.java:568) ~[na:1.8.0_161]
	at sun.rmi.transport.tcp.TCPTransport$ConnectionHandler.run0(TCPTransport.java:826) ~[na:1.8.0_161]
	at sun.rmi.transport.tcp.TCPTransport$ConnectionHandler.lambda$run$0(TCPTransport.java:683) ~[na:1.8.0_161]
	at java.security.AccessController.doPrivileged(Native Method) ~[na:1.8.0_161]
	at sun.rmi.transport.tcp.TCPTransport$ConnectionHandler.run(TCPTransport.java:682) ~[na:1.8.0_161]
	at java.util.concurrent.ThreadPoolExecutor.runWorker(ThreadPoolExecutor.java:1149) ~[na:1.8.0_161]
	at java.util.concurrent.ThreadPoolExecutor$Worker.run(ThreadPoolExecutor.java:624) ~[na:1.8.0_161]
	at java.lang.Thread.run(Thread.java:748) ~[na:1.8.0_161]
	at sun.rmi.transport.StreamRemoteCall.exceptionReceivedFromServer(StreamRemoteCall.java:283) ~[na:1.8.0_161]
	at sun.rmi.transport.StreamRemoteCall.executeCall(StreamRemoteCall.java:260) ~[na:1.8.0_161]
	at sun.rmi.server.UnicastRef.invoke(UnicastRef.java:161) ~[na:1.8.0_161]
	at java.rmi.server.RemoteObjectInvocationHandler.invokeRemoteMethod(RemoteObjectInvocationHandler.java:227) ~[na:1.8.0_161]
	at java.rmi.server.RemoteObjectInvocationHandler.invoke(RemoteObjectInvocationHandler.java:179) ~[na:1.8.0_161]
	at com.sun.proxy.$Proxy7.evosuite_collectStatistics(Unknown Source) ~[na:na]
	at org.evosuite.rmi.service.ClientNodeImpl.updateStatistics(ClientNodeImpl.java:266) ~[evosuite.jar:1.0.7-SNAPSHOT]
	at org.evosuite.statistics.StatisticsSender.sendIndividualToMaster(StatisticsSender.java:68) [evosuite.jar:1.0.7-SNAPSHOT]
	at org.evosuite.statistics.StatisticsListener.lambda$new$0(StatisticsListener.java:69) [evosuite.jar:1.0.7-SNAPSHOT]
	at java.lang.Thread.run(Thread.java:748) ~[na:1.8.0_161]
Caused by: java.rmi.UnmarshalException: error unmarshalling arguments; nested exception is: 
	java.lang.ClassNotFoundException: Class 'com/alibaba/fastjson/parser/deserializer/FastjsonASMDeserializer_1_MockDateFormat.class' should be in target project, but could not be found!
	at sun.rmi.server.UnicastServerRef.dispatch(UnicastServerRef.java:352) ~[na:1.8.0_161]
	at sun.rmi.transport.Transport$1.run(Transport.java:200) ~[na:1.8.0_161]
	at sun.rmi.transport.Transport$1.run(Transport.java:197) ~[na:1.8.0_161]
	at java.security.AccessController.doPrivileged(Native Method) ~[na:1.8.0_161]
	at sun.rmi.transport.Transport.serviceCall(Transport.java:196) ~[na:1.8.0_161]
	at sun.rmi.transport.tcp.TCPTransport.handleMessages(TCPTransport.java:568) ~[na:1.8.0_161]
	at sun.rmi.transport.tcp.TCPTransport$ConnectionHandler.run0(TCPTransport.java:826) ~[na:1.8.0_161]
	at sun.rmi.transport.tcp.TCPTransport$ConnectionHandler.lambda$run$0(TCPTransport.java:683) ~[na:1.8.0_161]
	at java.security.AccessController.doPrivileged(Native Method) ~[na:1.8.0_161]
	at sun.rmi.transport.tcp.TCPTransport$ConnectionHandler.run(TCPTransport.java:682) ~[na:1.8.0_161]
	at java.util.concurrent.ThreadPoolExecutor.runWorker(ThreadPoolExecutor.java:1149) ~[na:1.8.0_161]
	at java.util.concurrent.ThreadPoolExecutor$Worker.run(ThreadPoolExecutor.java:624) ~[na:1.8.0_161]
	... 1 common frames omitted
Caused by: java.lang.ClassNotFoundException: Class 'com/alibaba/fastjson/parser/deserializer/FastjsonASMDeserializer_1_MockDateFormat.class' should be in target project, but could not be found!
	at org.evosuite.instrumentation.InstrumentingClassLoader.instrumentClass(InstrumentingClassLoader.java:203) ~[evosuite.jar:1.0.7-SNAPSHOT]
	at org.evosuite.instrumentation.InstrumentingClassLoader.loadClass(InstrumentingClassLoader.java:168) ~[evosuite.jar:1.0.7-SNAPSHOT]
	at org.evosuite.utils.generic.GenericClass.getClass(GenericClass.java:149) ~[evosuite.jar:1.0.7-SNAPSHOT]
	at org.evosuite.utils.generic.GenericClass.getClass(GenericClass.java:115) ~[evosuite.jar:1.0.7-SNAPSHOT]
	at org.evosuite.utils.generic.GenericClass.readObject(GenericClass.java:1720) ~[evosuite.jar:1.0.7-SNAPSHOT]
	at sun.reflect.GeneratedMethodAccessor9.invoke(Unknown Source) ~[na:na]
	at sun.reflect.DelegatingMethodAccessorImpl.invoke(DelegatingMethodAccessorImpl.java:43) ~[na:1.8.0_161]
	at java.lang.reflect.Method.invoke(Method.java:498) ~[na:1.8.0_161]
	at java.io.ObjectStreamClass.invokeReadObject(ObjectStreamClass.java:1158) ~[na:1.8.0_161]
	at java.io.ObjectInputStream.readSerialData(ObjectInputStream.java:2168) ~[na:1.8.0_161]
	at java.io.ObjectInputStream.readOrdinaryObject(ObjectInputStream.java:2059) ~[na:1.8.0_161]
	at java.io.ObjectInputStream.readObject0(ObjectInputStream.java:1566) ~[na:1.8.0_161]
	at java.io.ObjectInputStream.defaultReadFields(ObjectInputStream.java:2277) ~[na:1.8.0_161]
	at java.io.ObjectInputStream.readSerialData(ObjectInputStream.java:2201) ~[na:1.8.0_161]
	at java.io.ObjectInputStream.readOrdinaryObject(ObjectInputStream.java:2059) ~[na:1.8.0_161]
	at java.io.ObjectInputStream.readObject0(ObjectInputStream.java:1566) ~[na:1.8.0_161]
	at java.io.ObjectInputStream.defaultReadFields(ObjectInputStream.java:2277) ~[na:1.8.0_161]
	at java.io.ObjectInputStream.readSerialData(ObjectInputStream.java:2201) ~[na:1.8.0_161]
	at java.io.ObjectInputStream.readOrdinaryObject(ObjectInputStream.java:2059) ~[na:1.8.0_161]
	at java.io.ObjectInputStream.readObject0(ObjectInputStream.java:1566) ~[na:1.8.0_161]
	at java.io.ObjectInputStream.readObject(ObjectInputStream.java:426) ~[na:1.8.0_161]
	at java.util.ArrayList.readObject(ArrayList.java:797) ~[na:1.8.0_161]
	at sun.reflect.GeneratedMethodAccessor7.invoke(Unknown Source) ~[na:na]
	at sun.reflect.DelegatingMethodAccessorImpl.invoke(DelegatingMethodAccessorImpl.java:43) ~[na:1.8.0_161]
	at java.lang.reflect.Method.invoke(Method.java:498) ~[na:1.8.0_161]
	at java.io.ObjectStreamClass.invokeReadObject(ObjectStreamClass.java:1158) ~[na:1.8.0_161]
	at java.io.ObjectInputStream.readSerialData(ObjectInputStream.java:2168) ~[na:1.8.0_161]
	at java.io.ObjectInputStream.readOrdinaryObject(ObjectInputStream.java:2059) ~[na:1.8.0_161]
	at java.io.ObjectInputStream.readObject0(ObjectInputStream.java:1566) ~[na:1.8.0_161]
	at java.io.ObjectInputStream.defaultReadFields(ObjectInputStream.java:2277) ~[na:1.8.0_161]
	at java.io.ObjectInputStream.readSerialData(ObjectInputStream.java:2201) ~[na:1.8.0_161]
	at java.io.ObjectInputStream.readOrdinaryObject(ObjectInputStream.java:2059) ~[na:1.8.0_161]
	at java.io.ObjectInputStream.readObject0(ObjectInputStream.java:1566) ~[na:1.8.0_161]
	at java.io.ObjectInputStream.defaultReadFields(ObjectInputStream.java:2277) ~[na:1.8.0_161]
	at java.io.ObjectInputStream.defaultReadObject(ObjectInputStream.java:556) ~[na:1.8.0_161]
	at org.evosuite.testcase.DefaultTestCase.readObject(DefaultTestCase.java:1103) ~[evosuite.jar:1.0.7-SNAPSHOT]
	at sun.reflect.GeneratedMethodAccessor16.invoke(Unknown Source) ~[na:na]
	at sun.reflect.DelegatingMethodAccessorImpl.invoke(DelegatingMethodAccessorImpl.java:43) ~[na:1.8.0_161]
	at java.lang.reflect.Method.invoke(Method.java:498) ~[na:1.8.0_161]
	at java.io.ObjectStreamClass.invokeReadObject(ObjectStreamClass.java:1158) ~[na:1.8.0_161]
	at java.io.ObjectInputStream.readSerialData(ObjectInputStream.java:2168) ~[na:1.8.0_161]
	at java.io.ObjectInputStream.readOrdinaryObject(ObjectInputStream.java:2059) ~[na:1.8.0_161]
	at java.io.ObjectInputStream.readObject0(ObjectInputStream.java:1566) ~[na:1.8.0_161]
	at java.io.ObjectInputStream.defaultReadFields(ObjectInputStream.java:2277) ~[na:1.8.0_161]
	at java.io.ObjectInputStream.readSerialData(ObjectInputStream.java:2201) ~[na:1.8.0_161]
	at java.io.ObjectInputStream.readOrdinaryObject(ObjectInputStream.java:2059) ~[na:1.8.0_161]
	at java.io.ObjectInputStream.readObject0(ObjectInputStream.java:1566) ~[na:1.8.0_161]
	at java.io.ObjectInputStream.readObject(ObjectInputStream.java:426) ~[na:1.8.0_161]
	at java.util.ArrayList.readObject(ArrayList.java:797) ~[na:1.8.0_161]
	at sun.reflect.GeneratedMethodAccessor7.invoke(Unknown Source) ~[na:na]
	at sun.reflect.DelegatingMethodAccessorImpl.invoke(DelegatingMethodAccessorImpl.java:43) ~[na:1.8.0_161]
	at java.lang.reflect.Method.invoke(Method.java:498) ~[na:1.8.0_161]
	at java.io.ObjectStreamClass.invokeReadObject(ObjectStreamClass.java:1158) ~[na:1.8.0_161]
	at java.io.ObjectInputStream.readSerialData(ObjectInputStream.java:2168) ~[na:1.8.0_161]
	at java.io.ObjectInputStream.readOrdinaryObject(ObjectInputStream.java:2059) ~[na:1.8.0_161]
	at java.io.ObjectInputStream.readObject0(ObjectInputStream.java:1566) ~[na:1.8.0_161]
	at java.io.ObjectInputStream.defaultReadFields(ObjectInputStream.java:2277) ~[na:1.8.0_161]
	at java.io.ObjectInputStream.readSerialData(ObjectInputStream.java:2201) ~[na:1.8.0_161]
	at java.io.ObjectInputStream.readOrdinaryObject(ObjectInputStream.java:2059) ~[na:1.8.0_161]
	at java.io.ObjectInputStream.readObject0(ObjectInputStream.java:1566) ~[na:1.8.0_161]
	at java.io.ObjectInputStream.readObject(ObjectInputStream.java:426) ~[na:1.8.0_161]
	at sun.rmi.server.UnicastRef.unmarshalValue(UnicastRef.java:322) ~[na:1.8.0_161]
	at sun.rmi.server.UnicastServerRef.dispatch(UnicastServerRef.java:341) ~[na:1.8.0_161]
	... 12 common frames omitted
Caused by: java.lang.ClassNotFoundException: Class 'com/alibaba/fastjson/parser/deserializer/FastjsonASMDeserializer_1_MockDateFormat.class' should be in target project, but could not be found!
	at org.evosuite.instrumentation.InstrumentingClassLoader.instrumentClass(InstrumentingClassLoader.java:190) ~[evosuite.jar:1.0.7-SNAPSHOT]
	... 74 common frames omitted
* Coverage of criterion OUTPUT: 72%
* Total number of goals: 40
* Number of covered goals: 29
* Coverage analysis for criterion METHOD
* Coverage of criterion METHOD: 100%
* Total number of goals: 22
* Number of covered goals: 22
* Coverage analysis for criterion METHODNOEXCEPTION
* Coverage of criterion METHODNOEXCEPTION: 100%
* Total number of goals: 22
* Number of covered goals: 22
* Coverage analysis for criterion CBRANCH
* Coverage of criterion CBRANCH: 82%
* Total number of goals: 104
* Number of covered goals: 85
* Generated 80 tests with total length 250
* Resulting test suite's coverage: 84% (average coverage for all fitness functions)
* Generating assertions
[MASTER] 14:24:15.863 [logback-2] ERROR ClientNodeImpl - Cannot inform master of change of state
java.rmi.ServerException: RemoteException occurred in server thread; nested exception is: 
	java.rmi.UnmarshalException: error unmarshalling arguments; nested exception is: 
	java.lang.ClassNotFoundException: Class 'com/alibaba/fastjson/parser/deserializer/FastjsonASMDeserializer_1_MockDateFormat.class' should be in target project, but could not be found!
	at sun.rmi.server.UnicastServerRef.dispatch(UnicastServerRef.java:393) ~[na:1.8.0_161]
	at sun.rmi.transport.Transport$1.run(Transport.java:200) ~[na:1.8.0_161]
	at sun.rmi.transport.Transport$1.run(Transport.java:197) ~[na:1.8.0_161]
	at java.security.AccessController.doPrivileged(Native Method) ~[na:1.8.0_161]
	at sun.rmi.transport.Transport.serviceCall(Transport.java:196) ~[na:1.8.0_161]
	at sun.rmi.transport.tcp.TCPTransport.handleMessages(TCPTransport.java:568) ~[na:1.8.0_161]
	at sun.rmi.transport.tcp.TCPTransport$ConnectionHandler.run0(TCPTransport.java:826) ~[na:1.8.0_161]
	at sun.rmi.transport.tcp.TCPTransport$ConnectionHandler.lambda$run$0(TCPTransport.java:683) ~[na:1.8.0_161]
	at java.security.AccessController.doPrivileged(Native Method) ~[na:1.8.0_161]
	at sun.rmi.transport.tcp.TCPTransport$ConnectionHandler.run(TCPTransport.java:682) ~[na:1.8.0_161]
	at java.util.concurrent.ThreadPoolExecutor.runWorker(ThreadPoolExecutor.java:1149) ~[na:1.8.0_161]
	at java.util.concurrent.ThreadPoolExecutor$Worker.run(ThreadPoolExecutor.java:624) ~[na:1.8.0_161]
	at java.lang.Thread.run(Thread.java:748) ~[na:1.8.0_161]
	at sun.rmi.transport.StreamRemoteCall.exceptionReceivedFromServer(StreamRemoteCall.java:283) ~[na:1.8.0_161]
	at sun.rmi.transport.StreamRemoteCall.executeCall(StreamRemoteCall.java:260) ~[na:1.8.0_161]
	at sun.rmi.server.UnicastRef.invoke(UnicastRef.java:161) ~[na:1.8.0_161]
	at java.rmi.server.RemoteObjectInvocationHandler.invokeRemoteMethod(RemoteObjectInvocationHandler.java:227) ~[na:1.8.0_161]
	at java.rmi.server.RemoteObjectInvocationHandler.invoke(RemoteObjectInvocationHandler.java:179) ~[na:1.8.0_161]
	at com.sun.proxy.$Proxy7.evosuite_collectStatistics(Unknown Source) ~[na:na]
	at org.evosuite.rmi.service.ClientNodeImpl.updateStatistics(ClientNodeImpl.java:266) [evosuite.jar:1.0.7-SNAPSHOT]
	at org.evosuite.statistics.StatisticsSender.sendIndividualToMaster(StatisticsSender.java:68) [evosuite.jar:1.0.7-SNAPSHOT]
	at org.evosuite.statistics.StatisticsSender.executedAndThenSendIndividualToMaster(StatisticsSender.java:98) [evosuite.jar:1.0.7-SNAPSHOT]
	at org.evosuite.TestSuiteGenerator.generateTests(TestSuiteGenerator.java:687) [evosuite.jar:1.0.7-SNAPSHOT]
	at org.evosuite.TestSuiteGenerator.generateTestSuite(TestSuiteGenerator.java:245) [evosuite.jar:1.0.7-SNAPSHOT]
	at org.evosuite.rmi.service.ClientNodeImpl.lambda$startNewSearch$0(ClientNodeImpl.java:155) [evosuite.jar:1.0.7-SNAPSHOT]
	at java.util.concurrent.Executors$RunnableAdapter.call(Executors.java:511) ~[na:1.8.0_161]
	at java.util.concurrent.FutureTask.run(FutureTask.java:266) ~[na:1.8.0_161]
	at java.util.concurrent.ThreadPoolExecutor.runWorker(ThreadPoolExecutor.java:1149) ~[na:1.8.0_161]
	at java.util.concurrent.ThreadPoolExecutor$Worker.run(ThreadPoolExecutor.java:624) ~[na:1.8.0_161]
	at java.lang.Thread.run(Thread.java:748) ~[na:1.8.0_161]
Caused by: java.rmi.UnmarshalException: error unmarshalling arguments; nested exception is: 
	java.lang.ClassNotFoundException: Class 'com/alibaba/fastjson/parser/deserializer/FastjsonASMDeserializer_1_MockDateFormat.class' should be in target project, but could not be found!
	at sun.rmi.server.UnicastServerRef.dispatch(UnicastServerRef.java:352) ~[na:1.8.0_161]
	at sun.rmi.transport.Transport$1.run(Transport.java:200) ~[na:1.8.0_161]
	at sun.rmi.transport.Transport$1.run(Transport.java:197) ~[na:1.8.0_161]
	at java.security.AccessController.doPrivileged(Native Method) ~[na:1.8.0_161]
	at sun.rmi.transport.Transport.serviceCall(Transport.java:196) ~[na:1.8.0_161]
	at sun.rmi.transport.tcp.TCPTransport.handleMessages(TCPTransport.java:568) ~[na:1.8.0_161]
	at sun.rmi.transport.tcp.TCPTransport$ConnectionHandler.run0(TCPTransport.java:826) ~[na:1.8.0_161]
	at sun.rmi.transport.tcp.TCPTransport$ConnectionHandler.lambda$run$0(TCPTransport.java:683) ~[na:1.8.0_161]
	at java.security.AccessController.doPrivileged(Native Method) ~[na:1.8.0_161]
	at sun.rmi.transport.tcp.TCPTransport$ConnectionHandler.run(TCPTransport.java:682) ~[na:1.8.0_161]
	... 3 common frames omitted
Caused by: java.lang.ClassNotFoundException: Class 'com/alibaba/fastjson/parser/deserializer/FastjsonASMDeserializer_1_MockDateFormat.class' should be in target project, but could not be found!
	at org.evosuite.instrumentation.InstrumentingClassLoader.instrumentClass(InstrumentingClassLoader.java:203) ~[evosuite.jar:1.0.7-SNAPSHOT]
	at org.evosuite.instrumentation.InstrumentingClassLoader.loadClass(InstrumentingClassLoader.java:168) ~[evosuite.jar:1.0.7-SNAPSHOT]
	at org.evosuite.utils.generic.GenericClass.getClass(GenericClass.java:149) ~[evosuite.jar:1.0.7-SNAPSHOT]
	at org.evosuite.utils.generic.GenericClass.getClass(GenericClass.java:115) ~[evosuite.jar:1.0.7-SNAPSHOT]
	at org.evosuite.utils.generic.GenericClass.readObject(GenericClass.java:1720) ~[evosuite.jar:1.0.7-SNAPSHOT]
	at sun.reflect.GeneratedMethodAccessor9.invoke(Unknown Source) ~[na:na]
	at sun.reflect.DelegatingMethodAccessorImpl.invoke(DelegatingMethodAccessorImpl.java:43) ~[na:1.8.0_161]
	at java.lang.reflect.Method.invoke(Method.java:498) ~[na:1.8.0_161]
	at java.io.ObjectStreamClass.invokeReadObject(ObjectStreamClass.java:1158) ~[na:1.8.0_161]
	at java.io.ObjectInputStream.readSerialData(ObjectInputStream.java:2168) ~[na:1.8.0_161]
	at java.io.ObjectInputStream.readOrdinaryObject(ObjectInputStream.java:2059) ~[na:1.8.0_161]
	at java.io.ObjectInputStream.readObject0(ObjectInputStream.java:1566) ~[na:1.8.0_161]
	at java.io.ObjectInputStream.defaultReadFields(ObjectInputStream.java:2277) ~[na:1.8.0_161]
	at java.io.ObjectInputStream.readSerialData(ObjectInputStream.java:2201) ~[na:1.8.0_161]
	at java.io.ObjectInputStream.readOrdinaryObject(ObjectInputStream.java:2059) ~[na:1.8.0_161]
	at java.io.ObjectInputStream.readObject0(ObjectInputStream.java:1566) ~[na:1.8.0_161]
	at java.io.ObjectInputStream.defaultReadFields(ObjectInputStream.java:2277) ~[na:1.8.0_161]
	at java.io.ObjectInputStream.readSerialData(ObjectInputStream.java:2201) ~[na:1.8.0_161]
	at java.io.ObjectInputStream.readOrdinaryObject(ObjectInputStream.java:2059) ~[na:1.8.0_161]
	at java.io.ObjectInputStream.readObject0(ObjectInputStream.java:1566) ~[na:1.8.0_161]
	at java.io.ObjectInputStream.readObject(ObjectInputStream.java:426) ~[na:1.8.0_161]
	at java.util.ArrayList.readObject(ArrayList.java:797) ~[na:1.8.0_161]
	at sun.reflect.GeneratedMethodAccessor7.invoke(Unknown Source) ~[na:na]
	at sun.reflect.DelegatingMethodAccessorImpl.invoke(DelegatingMethodAccessorImpl.java:43) ~[na:1.8.0_161]
	at java.lang.reflect.Method.invoke(Method.java:498) ~[na:1.8.0_161]
	at java.io.ObjectStreamClass.invokeReadObject(ObjectStreamClass.java:1158) ~[na:1.8.0_161]
	at java.io.ObjectInputStream.readSerialData(ObjectInputStream.java:2168) ~[na:1.8.0_161]
	at java.io.ObjectInputStream.readOrdinaryObject(ObjectInputStream.java:2059) ~[na:1.8.0_161]
	at java.io.ObjectInputStream.readObject0(ObjectInputStream.java:1566) ~[na:1.8.0_161]
	at java.io.ObjectInputStream.defaultReadFields(ObjectInputStream.java:2277) ~[na:1.8.0_161]
	at java.io.ObjectInputStream.readSerialData(ObjectInputStream.java:2201) ~[na:1.8.0_161]
	at java.io.ObjectInputStream.readOrdinaryObject(ObjectInputStream.java:2059) ~[na:1.8.0_161]
	at java.io.ObjectInputStream.readObject0(ObjectInputStream.java:1566) ~[na:1.8.0_161]
	at java.io.ObjectInputStream.defaultReadFields(ObjectInputStream.java:2277) ~[na:1.8.0_161]
	at java.io.ObjectInputStream.defaultReadObject(ObjectInputStream.java:556) ~[na:1.8.0_161]
	at org.evosuite.testcase.DefaultTestCase.readObject(DefaultTestCase.java:1103) ~[evosuite.jar:1.0.7-SNAPSHOT]
	at sun.reflect.GeneratedMethodAccessor16.invoke(Unknown Source) ~[na:na]
	at sun.reflect.DelegatingMethodAccessorImpl.invoke(DelegatingMethodAccessorImpl.java:43) ~[na:1.8.0_161]
	at java.lang.reflect.Method.invoke(Method.java:498) ~[na:1.8.0_161]
	at java.io.ObjectStreamClass.invokeReadObject(ObjectStreamClass.java:1158) ~[na:1.8.0_161]
	at java.io.ObjectInputStream.readSerialData(ObjectInputStream.java:2168) ~[na:1.8.0_161]
	at java.io.ObjectInputStream.readOrdinaryObject(ObjectInputStream.java:2059) ~[na:1.8.0_161]
	at java.io.ObjectInputStream.readObject0(ObjectInputStream.java:1566) ~[na:1.8.0_161]
	at java.io.ObjectInputStream.defaultReadFields(ObjectInputStream.java:2277) ~[na:1.8.0_161]
	at java.io.ObjectInputStream.readSerialData(ObjectInputStream.java:2201) ~[na:1.8.0_161]
	at java.io.ObjectInputStream.readOrdinaryObject(ObjectInputStream.java:2059) ~[na:1.8.0_161]
	at java.io.ObjectInputStream.readObject0(ObjectInputStream.java:1566) ~[na:1.8.0_161]
	at java.io.ObjectInputStream.readObject(ObjectInputStream.java:426) ~[na:1.8.0_161]
	at java.util.ArrayList.readObject(ArrayList.java:797) ~[na:1.8.0_161]
	at sun.reflect.GeneratedMethodAccessor7.invoke(Unknown Source) ~[na:na]
	at sun.reflect.DelegatingMethodAccessorImpl.invoke(DelegatingMethodAccessorImpl.java:43) ~[na:1.8.0_161]
	at java.lang.reflect.Method.invoke(Method.java:498) ~[na:1.8.0_161]
	at java.io.ObjectStreamClass.invokeReadObject(ObjectStreamClass.java:1158) ~[na:1.8.0_161]
	at java.io.ObjectInputStream.readSerialData(ObjectInputStream.java:2168) ~[na:1.8.0_161]
	at java.io.ObjectInputStream.readOrdinaryObject(ObjectInputStream.java:2059) ~[na:1.8.0_161]
	at java.io.ObjectInputStream.readObject0(ObjectInputStream.java:1566) ~[na:1.8.0_161]
	at java.io.ObjectInputStream.defaultReadFields(ObjectInputStream.java:2277) ~[na:1.8.0_161]
	at java.io.ObjectInputStream.readSerialData(ObjectInputStream.java:2201) ~[na:1.8.0_161]
	at java.io.ObjectInputStream.readOrdinaryObject(ObjectInputStream.java:2059) ~[na:1.8.0_161]
	at java.io.ObjectInputStream.readObject0(ObjectInputStream.java:1566) ~[na:1.8.0_161]
	at java.io.ObjectInputStream.readObject(ObjectInputStream.java:426) ~[na:1.8.0_161]
	at sun.rmi.server.UnicastRef.unmarshalValue(UnicastRef.java:322) ~[na:1.8.0_161]
	at sun.rmi.server.UnicastServerRef.dispatch(UnicastServerRef.java:341) ~[na:1.8.0_161]
	... 12 common frames omitted
Caused by: java.lang.ClassNotFoundException: Class 'com/alibaba/fastjson/parser/deserializer/FastjsonASMDeserializer_1_MockDateFormat.class' should be in target project, but could not be found!
	at org.evosuite.instrumentation.InstrumentingClassLoader.instrumentClass(InstrumentingClassLoader.java:190) ~[evosuite.jar:1.0.7-SNAPSHOT]
	... 74 common frames omitted
* Search finished after 185s and 162 generations, 121576 statements, best individual has fitness: 3868.0
* Minimizing test suite
[MASTER] 14:24:18.764 [logback-2] ERROR ClientNodeImpl - Cannot inform master of change of state
java.rmi.ServerException: RemoteException occurred in server thread; nested exception is: 
	java.rmi.UnmarshalException: error unmarshalling arguments; nested exception is: 
	java.lang.ClassNotFoundException: Class 'com/alibaba/fastjson/parser/deserializer/FastjsonASMDeserializer_1_MockGregorianCalendar.class' should be in target project, but could not be found!
	at sun.rmi.server.UnicastServerRef.dispatch(UnicastServerRef.java:393) ~[na:1.8.0_161]
	at sun.rmi.transport.Transport$1.run(Transport.java:200) ~[na:1.8.0_161]
	at sun.rmi.transport.Transport$1.run(Transport.java:197) ~[na:1.8.0_161]
	at java.security.AccessController.doPrivileged(Native Method) ~[na:1.8.0_161]
	at sun.rmi.transport.Transport.serviceCall(Transport.java:196) ~[na:1.8.0_161]
	at sun.rmi.transport.tcp.TCPTransport.handleMessages(TCPTransport.java:568) ~[na:1.8.0_161]
	at sun.rmi.transport.tcp.TCPTransport$ConnectionHandler.run0(TCPTransport.java:826) ~[na:1.8.0_161]
	at sun.rmi.transport.tcp.TCPTransport$ConnectionHandler.lambda$run$0(TCPTransport.java:683) ~[na:1.8.0_161]
	at java.security.AccessController.doPrivileged(Native Method) ~[na:1.8.0_161]
	at sun.rmi.transport.tcp.TCPTransport$ConnectionHandler.run(TCPTransport.java:682) ~[na:1.8.0_161]
	at java.util.concurrent.ThreadPoolExecutor.runWorker(ThreadPoolExecutor.java:1149) ~[na:1.8.0_161]
	at java.util.concurrent.ThreadPoolExecutor$Worker.run(ThreadPoolExecutor.java:624) ~[na:1.8.0_161]
	at java.lang.Thread.run(Thread.java:748) ~[na:1.8.0_161]
	at sun.rmi.transport.StreamRemoteCall.exceptionReceivedFromServer(StreamRemoteCall.java:283) ~[na:1.8.0_161]
	at sun.rmi.transport.StreamRemoteCall.executeCall(StreamRemoteCall.java:260) ~[na:1.8.0_161]
	at sun.rmi.server.UnicastRef.invoke(UnicastRef.java:161) ~[na:1.8.0_161]
	at java.rmi.server.RemoteObjectInvocationHandler.invokeRemoteMethod(RemoteObjectInvocationHandler.java:227) ~[na:1.8.0_161]
	at java.rmi.server.RemoteObjectInvocationHandler.invoke(RemoteObjectInvocationHandler.java:179) ~[na:1.8.0_161]
	at com.sun.proxy.$Proxy7.evosuite_collectStatistics(Unknown Source) ~[na:na]
	at org.evosuite.rmi.service.ClientNodeImpl.updateStatistics(ClientNodeImpl.java:266) ~[evosuite.jar:1.0.7-SNAPSHOT]
	at org.evosuite.statistics.StatisticsSender.sendIndividualToMaster(StatisticsSender.java:68) [evosuite.jar:1.0.7-SNAPSHOT]
	at org.evosuite.statistics.StatisticsListener.lambda$new$0(StatisticsListener.java:69) [evosuite.jar:1.0.7-SNAPSHOT]
	at java.lang.Thread.run(Thread.java:748) ~[na:1.8.0_161]
Caused by: java.rmi.UnmarshalException: error unmarshalling arguments; nested exception is: 
	java.lang.ClassNotFoundException: Class 'com/alibaba/fastjson/parser/deserializer/FastjsonASMDeserializer_1_MockGregorianCalendar.class' should be in target project, but could not be found!
	at sun.rmi.server.UnicastServerRef.dispatch(UnicastServerRef.java:352) ~[na:1.8.0_161]
	at sun.rmi.transport.Transport$1.run(Transport.java:200) ~[na:1.8.0_161]
	at sun.rmi.transport.Transport$1.run(Transport.java:197) ~[na:1.8.0_161]
	at java.security.AccessController.doPrivileged(Native Method) ~[na:1.8.0_161]
	at sun.rmi.transport.Transport.serviceCall(Transport.java:196) ~[na:1.8.0_161]
	at sun.rmi.transport.tcp.TCPTransport.handleMessages(TCPTransport.java:568) ~[na:1.8.0_161]
	at sun.rmi.transport.tcp.TCPTransport$ConnectionHandler.run0(TCPTransport.java:826) ~[na:1.8.0_161]
	at sun.rmi.transport.tcp.TCPTransport$ConnectionHandler.lambda$run$0(TCPTransport.java:683) ~[na:1.8.0_161]
	at java.security.AccessController.doPrivileged(Native Method) ~[na:1.8.0_161]
	at sun.rmi.transport.tcp.TCPTransport$ConnectionHandler.run(TCPTransport.java:682) ~[na:1.8.0_161]
	at java.util.concurrent.ThreadPoolExecutor.runWorker(ThreadPoolExecutor.java:1149) ~[na:1.8.0_161]
	at java.util.concurrent.ThreadPoolExecutor$Worker.run(ThreadPoolExecutor.java:624) ~[na:1.8.0_161]
	... 1 common frames omitted
Caused by: java.lang.ClassNotFoundException: Class 'com/alibaba/fastjson/parser/deserializer/FastjsonASMDeserializer_1_MockGregorianCalendar.class' should be in target project, but could not be found!
	at org.evosuite.instrumentation.InstrumentingClassLoader.instrumentClass(InstrumentingClassLoader.java:203) ~[evosuite.jar:1.0.7-SNAPSHOT]
	at org.evosuite.instrumentation.InstrumentingClassLoader.loadClass(InstrumentingClassLoader.java:168) ~[evosuite.jar:1.0.7-SNAPSHOT]
	at org.evosuite.utils.generic.GenericClass.getClass(GenericClass.java:149) ~[evosuite.jar:1.0.7-SNAPSHOT]
	at org.evosuite.utils.generic.GenericClass.getClass(GenericClass.java:115) ~[evosuite.jar:1.0.7-SNAPSHOT]
	at org.evosuite.utils.generic.GenericClass.readObject(GenericClass.java:1720) ~[evosuite.jar:1.0.7-SNAPSHOT]
	at sun.reflect.GeneratedMethodAccessor9.invoke(Unknown Source) ~[na:na]
	at sun.reflect.DelegatingMethodAccessorImpl.invoke(DelegatingMethodAccessorImpl.java:43) ~[na:1.8.0_161]
	at java.lang.reflect.Method.invoke(Method.java:498) ~[na:1.8.0_161]
	at java.io.ObjectStreamClass.invokeReadObject(ObjectStreamClass.java:1158) ~[na:1.8.0_161]
	at java.io.ObjectInputStream.readSerialData(ObjectInputStream.java:2168) ~[na:1.8.0_161]
	at java.io.ObjectInputStream.readOrdinaryObject(ObjectInputStream.java:2059) ~[na:1.8.0_161]
	at java.io.ObjectInputStream.readObject0(ObjectInputStream.java:1566) ~[na:1.8.0_161]
	at java.io.ObjectInputStream.defaultReadFields(ObjectInputStream.java:2277) ~[na:1.8.0_161]
	at java.io.ObjectInputStream.readSerialData(ObjectInputStream.java:2201) ~[na:1.8.0_161]
	at java.io.ObjectInputStream.readOrdinaryObject(ObjectInputStream.java:2059) ~[na:1.8.0_161]
	at java.io.ObjectInputStream.readObject0(ObjectInputStream.java:1566) ~[na:1.8.0_161]
	at java.io.ObjectInputStream.defaultReadFields(ObjectInputStream.java:2277) ~[na:1.8.0_161]
	at java.io.ObjectInputStream.readSerialData(ObjectInputStream.java:2201) ~[na:1.8.0_161]
	at java.io.ObjectInputStream.readOrdinaryObject(ObjectInputStream.java:2059) ~[na:1.8.0_161]
	at java.io.ObjectInputStream.readObject0(ObjectInputStream.java:1566) ~[na:1.8.0_161]
	at java.io.ObjectInputStream.readObject(ObjectInputStream.java:426) ~[na:1.8.0_161]
	at java.util.ArrayList.readObject(ArrayList.java:797) ~[na:1.8.0_161]
	at sun.reflect.GeneratedMethodAccessor7.invoke(Unknown Source) ~[na:na]
	at sun.reflect.DelegatingMethodAccessorImpl.invoke(DelegatingMethodAccessorImpl.java:43) ~[na:1.8.0_161]
	at java.lang.reflect.Method.invoke(Method.java:498) ~[na:1.8.0_161]
	at java.io.ObjectStreamClass.invokeReadObject(ObjectStreamClass.java:1158) ~[na:1.8.0_161]
	at java.io.ObjectInputStream.readSerialData(ObjectInputStream.java:2168) ~[na:1.8.0_161]
	at java.io.ObjectInputStream.readOrdinaryObject(ObjectInputStream.java:2059) ~[na:1.8.0_161]
	at java.io.ObjectInputStream.readObject0(ObjectInputStream.java:1566) ~[na:1.8.0_161]
	at java.io.ObjectInputStream.defaultReadFields(ObjectInputStream.java:2277) ~[na:1.8.0_161]
	at java.io.ObjectInputStream.readSerialData(ObjectInputStream.java:2201) ~[na:1.8.0_161]
	at java.io.ObjectInputStream.readOrdinaryObject(ObjectInputStream.java:2059) ~[na:1.8.0_161]
	at java.io.ObjectInputStream.readObject0(ObjectInputStream.java:1566) ~[na:1.8.0_161]
	at java.io.ObjectInputStream.defaultReadFields(ObjectInputStream.java:2277) ~[na:1.8.0_161]
	at java.io.ObjectInputStream.defaultReadObject(ObjectInputStream.java:556) ~[na:1.8.0_161]
	at org.evosuite.testcase.DefaultTestCase.readObject(DefaultTestCase.java:1103) ~[evosuite.jar:1.0.7-SNAPSHOT]
	at sun.reflect.GeneratedMethodAccessor16.invoke(Unknown Source) ~[na:na]
	at sun.reflect.DelegatingMethodAccessorImpl.invoke(DelegatingMethodAccessorImpl.java:43) ~[na:1.8.0_161]
	at java.lang.reflect.Method.invoke(Method.java:498) ~[na:1.8.0_161]
	at java.io.ObjectStreamClass.invokeReadObject(ObjectStreamClass.java:1158) ~[na:1.8.0_161]
	at java.io.ObjectInputStream.readSerialData(ObjectInputStream.java:2168) ~[na:1.8.0_161]
	at java.io.ObjectInputStream.readOrdinaryObject(ObjectInputStream.java:2059) ~[na:1.8.0_161]
	at java.io.ObjectInputStream.readObject0(ObjectInputStream.java:1566) ~[na:1.8.0_161]
	at java.io.ObjectInputStream.defaultReadFields(ObjectInputStream.java:2277) ~[na:1.8.0_161]
	at java.io.ObjectInputStream.readSerialData(ObjectInputStream.java:2201) ~[na:1.8.0_161]
	at java.io.ObjectInputStream.readOrdinaryObject(ObjectInputStream.java:2059) ~[na:1.8.0_161]
	at java.io.ObjectInputStream.readObject0(ObjectInputStream.java:1566) ~[na:1.8.0_161]
	at java.io.ObjectInputStream.readObject(ObjectInputStream.java:426) ~[na:1.8.0_161]
	at java.util.ArrayList.readObject(ArrayList.java:797) ~[na:1.8.0_161]
	at sun.reflect.GeneratedMethodAccessor7.invoke(Unknown Source) ~[na:na]
	at sun.reflect.DelegatingMethodAccessorImpl.invoke(DelegatingMethodAccessorImpl.java:43) ~[na:1.8.0_161]
	at java.lang.reflect.Method.invoke(Method.java:498) ~[na:1.8.0_161]
	at java.io.ObjectStreamClass.invokeReadObject(ObjectStreamClass.java:1158) ~[na:1.8.0_161]
	at java.io.ObjectInputStream.readSerialData(ObjectInputStream.java:2168) ~[na:1.8.0_161]
	at java.io.ObjectInputStream.readOrdinaryObject(ObjectInputStream.java:2059) ~[na:1.8.0_161]
	at java.io.ObjectInputStream.readObject0(ObjectInputStream.java:1566) ~[na:1.8.0_161]
	at java.io.ObjectInputStream.defaultReadFields(ObjectInputStream.java:2277) ~[na:1.8.0_161]
	at java.io.ObjectInputStream.readSerialData(ObjectInputStream.java:2201) ~[na:1.8.0_161]
	at java.io.ObjectInputStream.readOrdinaryObject(ObjectInputStream.java:2059) ~[na:1.8.0_161]
	at java.io.ObjectInputStream.readObject0(ObjectInputStream.java:1566) ~[na:1.8.0_161]
	at java.io.ObjectInputStream.readObject(ObjectInputStream.java:426) ~[na:1.8.0_161]
	at sun.rmi.server.UnicastRef.unmarshalValue(UnicastRef.java:322) ~[na:1.8.0_161]
	at sun.rmi.server.UnicastServerRef.dispatch(UnicastServerRef.java:341) ~[na:1.8.0_161]
	... 12 common frames omitted
Caused by: java.lang.ClassNotFoundException: Class 'com/alibaba/fastjson/parser/deserializer/FastjsonASMDeserializer_1_MockGregorianCalendar.class' should be in target project, but could not be found!
	at org.evosuite.instrumentation.InstrumentingClassLoader.instrumentClass(InstrumentingClassLoader.java:190) ~[evosuite.jar:1.0.7-SNAPSHOT]
	... 74 common frames omitted
[MASTER] 14:24:21.414 [logback-2] ERROR ClientNodeImpl - Cannot inform master of change of state
java.rmi.ServerException: RemoteException occurred in server thread; nested exception is: 
	java.rmi.UnmarshalException: error unmarshalling arguments; nested exception is: 
	java.lang.ClassNotFoundException: Class 'com/alibaba/fastjson/parser/deserializer/FastjsonASMDeserializer_1_MockGregorianCalendar.class' should be in target project, but could not be found!
	at sun.rmi.server.UnicastServerRef.dispatch(UnicastServerRef.java:393) ~[na:1.8.0_161]
	at sun.rmi.transport.Transport$1.run(Transport.java:200) ~[na:1.8.0_161]
	at sun.rmi.transport.Transport$1.run(Transport.java:197) ~[na:1.8.0_161]
	at java.security.AccessController.doPrivileged(Native Method) ~[na:1.8.0_161]
	at sun.rmi.transport.Transport.serviceCall(Transport.java:196) ~[na:1.8.0_161]
	at sun.rmi.transport.tcp.TCPTransport.handleMessages(TCPTransport.java:568) ~[na:1.8.0_161]
	at sun.rmi.transport.tcp.TCPTransport$ConnectionHandler.run0(TCPTransport.java:826) ~[na:1.8.0_161]
	at sun.rmi.transport.tcp.TCPTransport$ConnectionHandler.lambda$run$0(TCPTransport.java:683) ~[na:1.8.0_161]
	at java.security.AccessController.doPrivileged(Native Method) ~[na:1.8.0_161]
	at sun.rmi.transport.tcp.TCPTransport$ConnectionHandler.run(TCPTransport.java:682) ~[na:1.8.0_161]
	at java.util.concurrent.ThreadPoolExecutor.runWorker(ThreadPoolExecutor.java:1149) ~[na:1.8.0_161]
	at java.util.concurrent.ThreadPoolExecutor$Worker.run(ThreadPoolExecutor.java:624) ~[na:1.8.0_161]
	at java.lang.Thread.run(Thread.java:748) ~[na:1.8.0_161]
	at sun.rmi.transport.StreamRemoteCall.exceptionReceivedFromServer(StreamRemoteCall.java:283) ~[na:1.8.0_161]
	at sun.rmi.transport.StreamRemoteCall.executeCall(StreamRemoteCall.java:260) ~[na:1.8.0_161]
	at sun.rmi.server.UnicastRef.invoke(UnicastRef.java:161) ~[na:1.8.0_161]
	at java.rmi.server.RemoteObjectInvocationHandler.invokeRemoteMethod(RemoteObjectInvocationHandler.java:227) ~[na:1.8.0_161]
	at java.rmi.server.RemoteObjectInvocationHandler.invoke(RemoteObjectInvocationHandler.java:179) ~[na:1.8.0_161]
	at com.sun.proxy.$Proxy7.evosuite_collectStatistics(Unknown Source) ~[na:na]
	at org.evosuite.rmi.service.ClientNodeImpl.updateStatistics(ClientNodeImpl.java:266) [evosuite.jar:1.0.7-SNAPSHOT]
	at org.evosuite.statistics.StatisticsSender.sendIndividualToMaster(StatisticsSender.java:68) [evosuite.jar:1.0.7-SNAPSHOT]
	at org.evosuite.statistics.StatisticsSender.executedAndThenSendIndividualToMaster(StatisticsSender.java:98) [evosuite.jar:1.0.7-SNAPSHOT]
	at org.evosuite.TestSuiteGenerator.generateTests(TestSuiteGenerator.java:687) [evosuite.jar:1.0.7-SNAPSHOT]
	at org.evosuite.TestSuiteGenerator.generateTestSuite(TestSuiteGenerator.java:245) [evosuite.jar:1.0.7-SNAPSHOT]
	at org.evosuite.rmi.service.ClientNodeImpl.lambda$startNewSearch$0(ClientNodeImpl.java:155) [evosuite.jar:1.0.7-SNAPSHOT]
	at java.util.concurrent.Executors$RunnableAdapter.call(Executors.java:511) ~[na:1.8.0_161]
	at java.util.concurrent.FutureTask.run(FutureTask.java:266) ~[na:1.8.0_161]
	at java.util.concurrent.ThreadPoolExecutor.runWorker(ThreadPoolExecutor.java:1149) ~[na:1.8.0_161]
	at java.util.concurrent.ThreadPoolExecutor$Worker.run(ThreadPoolExecutor.java:624) ~[na:1.8.0_161]
	at java.lang.Thread.run(Thread.java:748) ~[na:1.8.0_161]
Caused by: java.rmi.UnmarshalException: error unmarshalling arguments; nested exception is: 
	java.lang.ClassNotFoundException: Class 'com/alibaba/fastjson/parser/deserializer/FastjsonASMDeserializer_1_MockGregorianCalendar.class' should be in target project, but could not be found!
	at sun.rmi.server.UnicastServerRef.dispatch(UnicastServerRef.java:352) ~[na:1.8.0_161]
	at sun.rmi.transport.Transport$1.run(Transport.java:200) ~[na:1.8.0_161]
	at sun.rmi.transport.Transport$1.run(Transport.java:197) ~[na:1.8.0_161]
	at java.security.AccessController.doPrivileged(Native Method) ~[na:1.8.0_161]
	at sun.rmi.transport.Transport.serviceCall(Transport.java:196) ~[na:1.8.0_161]
	at sun.rmi.transport.tcp.TCPTransport.handleMessages(TCPTransport.java:568) ~[na:1.8.0_161]
	at sun.rmi.transport.tcp.TCPTransport$ConnectionHandler.run0(TCPTransport.java:826) ~[na:1.8.0_161]
	at sun.rmi.transport.tcp.TCPTransport$ConnectionHandler.lambda$run$0(TCPTransport.java:683) ~[na:1.8.0_161]
	at java.security.AccessController.doPrivileged(Native Method) ~[na:1.8.0_161]
	at sun.rmi.transport.tcp.TCPTransport$ConnectionHandler.run(TCPTransport.java:682) ~[na:1.8.0_161]
	... 3 common frames omitted
Caused by: java.lang.ClassNotFoundException: Class 'com/alibaba/fastjson/parser/deserializer/FastjsonASMDeserializer_1_MockGregorianCalendar.class' should be in target project, but could not be found!
	at org.evosuite.instrumentation.InstrumentingClassLoader.instrumentClass(InstrumentingClassLoader.java:203) ~[evosuite.jar:1.0.7-SNAPSHOT]
	at org.evosuite.instrumentation.InstrumentingClassLoader.loadClass(InstrumentingClassLoader.java:168) ~[evosuite.jar:1.0.7-SNAPSHOT]
	at org.evosuite.utils.generic.GenericClass.getClass(GenericClass.java:149) ~[evosuite.jar:1.0.7-SNAPSHOT]
	at org.evosuite.utils.generic.GenericClass.getClass(GenericClass.java:115) ~[evosuite.jar:1.0.7-SNAPSHOT]
	at org.evosuite.utils.generic.GenericClass.readObject(GenericClass.java:1720) ~[evosuite.jar:1.0.7-SNAPSHOT]
	at sun.reflect.GeneratedMethodAccessor9.invoke(Unknown Source) ~[na:na]
	at sun.reflect.DelegatingMethodAccessorImpl.invoke(DelegatingMethodAccessorImpl.java:43) ~[na:1.8.0_161]
	at java.lang.reflect.Method.invoke(Method.java:498) ~[na:1.8.0_161]
	at java.io.ObjectStreamClass.invokeReadObject(ObjectStreamClass.java:1158) ~[na:1.8.0_161]
	at java.io.ObjectInputStream.readSerialData(ObjectInputStream.java:2168) ~[na:1.8.0_161]
	at java.io.ObjectInputStream.readOrdinaryObject(ObjectInputStream.java:2059) ~[na:1.8.0_161]
	at java.io.ObjectInputStream.readObject0(ObjectInputStream.java:1566) ~[na:1.8.0_161]
	at java.io.ObjectInputStream.defaultReadFields(ObjectInputStream.java:2277) ~[na:1.8.0_161]
	at java.io.ObjectInputStream.readSerialData(ObjectInputStream.java:2201) ~[na:1.8.0_161]
	at java.io.ObjectInputStream.readOrdinaryObject(ObjectInputStream.java:2059) ~[na:1.8.0_161]
	at java.io.ObjectInputStream.readObject0(ObjectInputStream.java:1566) ~[na:1.8.0_161]
	at java.io.ObjectInputStream.defaultReadFields(ObjectInputStream.java:2277) ~[na:1.8.0_161]
	at java.io.ObjectInputStream.readSerialData(ObjectInputStream.java:2201) ~[na:1.8.0_161]
	at java.io.ObjectInputStream.readOrdinaryObject(ObjectInputStream.java:2059) ~[na:1.8.0_161]
	at java.io.ObjectInputStream.readObject0(ObjectInputStream.java:1566) ~[na:1.8.0_161]
	at java.io.ObjectInputStream.readObject(ObjectInputStream.java:426) ~[na:1.8.0_161]
	at java.util.ArrayList.readObject(ArrayList.java:797) ~[na:1.8.0_161]
	at sun.reflect.GeneratedMethodAccessor7.invoke(Unknown Source) ~[na:na]
	at sun.reflect.DelegatingMethodAccessorImpl.invoke(DelegatingMethodAccessorImpl.java:43) ~[na:1.8.0_161]
	at java.lang.reflect.Method.invoke(Method.java:498) ~[na:1.8.0_161]
	at java.io.ObjectStreamClass.invokeReadObject(ObjectStreamClass.java:1158) ~[na:1.8.0_161]
	at java.io.ObjectInputStream.readSerialData(ObjectInputStream.java:2168) ~[na:1.8.0_161]
	at java.io.ObjectInputStream.readOrdinaryObject(ObjectInputStream.java:2059) ~[na:1.8.0_161]
	at java.io.ObjectInputStream.readObject0(ObjectInputStream.java:1566) ~[na:1.8.0_161]
	at java.io.ObjectInputStream.defaultReadFields(ObjectInputStream.java:2277) ~[na:1.8.0_161]
	at java.io.ObjectInputStream.readSerialData(ObjectInputStream.java:2201) ~[na:1.8.0_161]
	at java.io.ObjectInputStream.readOrdinaryObject(ObjectInputStream.java:2059) ~[na:1.8.0_161]
	at java.io.ObjectInputStream.readObject0(ObjectInputStream.java:1566) ~[na:1.8.0_161]
	at java.io.ObjectInputStream.defaultReadFields(ObjectInputStream.java:2277) ~[na:1.8.0_161]
	at java.io.ObjectInputStream.defaultReadObject(ObjectInputStream.java:556) ~[na:1.8.0_161]
	at org.evosuite.testcase.DefaultTestCase.readObject(DefaultTestCase.java:1103) ~[evosuite.jar:1.0.7-SNAPSHOT]
	at sun.reflect.GeneratedMethodAccessor16.invoke(Unknown Source) ~[na:na]
	at sun.reflect.DelegatingMethodAccessorImpl.invoke(DelegatingMethodAccessorImpl.java:43) ~[na:1.8.0_161]
	at java.lang.reflect.Method.invoke(Method.java:498) ~[na:1.8.0_161]
	at java.io.ObjectStreamClass.invokeReadObject(ObjectStreamClass.java:1158) ~[na:1.8.0_161]
	at java.io.ObjectInputStream.readSerialData(ObjectInputStream.java:2168) ~[na:1.8.0_161]
	at java.io.ObjectInputStream.readOrdinaryObject(ObjectInputStream.java:2059) ~[na:1.8.0_161]
	at java.io.ObjectInputStream.readObject0(ObjectInputStream.java:1566) ~[na:1.8.0_161]
	at java.io.ObjectInputStream.defaultReadFields(ObjectInputStream.java:2277) ~[na:1.8.0_161]
	at java.io.ObjectInputStream.readSerialData(ObjectInputStream.java:2201) ~[na:1.8.0_161]
	at java.io.ObjectInputStream.readOrdinaryObject(ObjectInputStream.java:2059) ~[na:1.8.0_161]
	at java.io.ObjectInputStream.readObject0(ObjectInputStream.java:1566) ~[na:1.8.0_161]
	at java.io.ObjectInputStream.readObject(ObjectInputStream.java:426) ~[na:1.8.0_161]
	at java.util.ArrayList.readObject(ArrayList.java:797) ~[na:1.8.0_161]
	at sun.reflect.GeneratedMethodAccessor7.invoke(Unknown Source) ~[na:na]
	at sun.reflect.DelegatingMethodAccessorImpl.invoke(DelegatingMethodAccessorImpl.java:43) ~[na:1.8.0_161]
	at java.lang.reflect.Method.invoke(Method.java:498) ~[na:1.8.0_161]
	at java.io.ObjectStreamClass.invokeReadObject(ObjectStreamClass.java:1158) ~[na:1.8.0_161]
	at java.io.ObjectInputStream.readSerialData(ObjectInputStream.java:2168) ~[na:1.8.0_161]
	at java.io.ObjectInputStream.readOrdinaryObject(ObjectInputStream.java:2059) ~[na:1.8.0_161]
	at java.io.ObjectInputStream.readObject0(ObjectInputStream.java:1566) ~[na:1.8.0_161]
	at java.io.ObjectInputStream.defaultReadFields(ObjectInputStream.java:2277) ~[na:1.8.0_161]
	at java.io.ObjectInputStream.readSerialData(ObjectInputStream.java:2201) ~[na:1.8.0_161]
	at java.io.ObjectInputStream.readOrdinaryObject(ObjectInputStream.java:2059) ~[na:1.8.0_161]
	at java.io.ObjectInputStream.readObject0(ObjectInputStream.java:1566) ~[na:1.8.0_161]
	at java.io.ObjectInputStream.readObject(ObjectInputStream.java:426) ~[na:1.8.0_161]
	at sun.rmi.server.UnicastRef.unmarshalValue(UnicastRef.java:322) ~[na:1.8.0_161]
	at sun.rmi.server.UnicastServerRef.dispatch(UnicastServerRef.java:341) ~[na:1.8.0_161]
	... 12 common frames omitted
Caused by: java.lang.ClassNotFoundException: Class 'com/alibaba/fastjson/parser/deserializer/FastjsonASMDeserializer_1_MockGregorianCalendar.class' should be in target project, but could not be found!
	at org.evosuite.instrumentation.InstrumentingClassLoader.instrumentClass(InstrumentingClassLoader.java:190) ~[evosuite.jar:1.0.7-SNAPSHOT]
	... 74 common frames omitted
* Minimizing test suite
* Going to analyze the coverage criteria
* Coverage analysis for criterion LINE
* Coverage of criterion LINE: 62%
* Total number of goals: 973
* Number of covered goals: 602
* Coverage analysis for criterion BRANCH
* Coverage of criterion BRANCH: 60%
* Total number of goals: 707
* Number of covered goals: 423
* Coverage analysis for criterion EXCEPTION
* Coverage of criterion EXCEPTION: 100%
* Total number of goals: 59
* Number of covered goals: 59
* Coverage analysis for criterion WEAKMUTATION
* Coverage of criterion WEAKMUTATION: 76%
* Total number of goals: 897
* Number of covered goals: 683
* Coverage analysis for criterion OUTPUT
* Coverage of criterion OUTPUT: 58%
* Total number of goals: 102
* Number of covered goals: 59
* Coverage analysis for criterion METHOD
* Coverage of criterion METHOD: 100%
* Total number of goals: 63
* Number of covered goals: 63
* Coverage analysis for criterion METHODNOEXCEPTION
* Coverage of criterion METHODNOEXCEPTION: 90%
* Total number of goals: 63
* Number of covered goals: 57
* Coverage analysis for criterion CBRANCH
* Coverage of criterion CBRANCH: 54%
* Total number of goals: 707
* Number of covered goals: 383
* Generated 185 tests with total length 699
* Resulting test suite's coverage: 69% (average coverage for all fitness functions)
* Generating assertions
* Resulting test suite's mutation score: 33%
* Compiling and checking tests
* Resulting test suite's mutation score: 30%
* Compiling and checking tests
* Going to analyze the coverage criteria
* Coverage analysis for criterion LINE
* Coverage of criterion LINE: 52%
* Total number of goals: 2079
* Number of covered goals: 1076
* Coverage analysis for criterion BRANCH
* Coverage of criterion BRANCH: 41%
* Total number of goals: 1850
* Number of covered goals: 750
* Coverage analysis for criterion EXCEPTION
* Coverage of criterion EXCEPTION: 99%
* Total number of goals: 105
* Number of covered goals: 104
* Coverage analysis for criterion WEAKMUTATION
* Coverage of criterion WEAKMUTATION: 58%
* Total number of goals: 913
* Number of covered goals: 530
* Coverage analysis for criterion OUTPUT
* Coverage of criterion OUTPUT: 69%
* Total number of goals: 114
* Number of covered goals: 79
* Coverage analysis for criterion METHOD
* Coverage of criterion METHOD: 98%
* Total number of goals: 126
* Number of covered goals: 124
* Coverage analysis for criterion METHODNOEXCEPTION
* Coverage of criterion METHODNOEXCEPTION: 92%
* Total number of goals: 126
* Number of covered goals: 116
* Coverage analysis for criterion CBRANCH
* Coverage of criterion CBRANCH: 38%
* Total number of goals: 1850
* Number of covered goals: 707
* Generated 311 tests with total length 1074
* Resulting test suite's coverage: 50% (average coverage for all fitness functions)
[MASTER] 14:25:27.144 [logback-2] ERROR ClientNodeImpl - Cannot inform master of change of state
java.rmi.ServerException: RemoteException occurred in server thread; nested exception is: 
	java.rmi.UnmarshalException: error unmarshalling arguments; nested exception is: 
	java.lang.ClassNotFoundException: Class 'com/alibaba/fastjson/parser/deserializer/FastjsonASMDeserializer_3_MockGregorianCalendar.class' should be in target project, but could not be found!
	at sun.rmi.server.UnicastServerRef.dispatch(UnicastServerRef.java:393) ~[na:1.8.0_161]
	at sun.rmi.transport.Transport$1.run(Transport.java:200) ~[na:1.8.0_161]
	at sun.rmi.transport.Transport$1.run(Transport.java:197) ~[na:1.8.0_161]
	at java.security.AccessController.doPrivileged(Native Method) ~[na:1.8.0_161]
	at sun.rmi.transport.Transport.serviceCall(Transport.java:196) ~[na:1.8.0_161]
	at sun.rmi.transport.tcp.TCPTransport.handleMessages(TCPTransport.java:568) ~[na:1.8.0_161]
	at sun.rmi.transport.tcp.TCPTransport$ConnectionHandler.run0(TCPTransport.java:826) ~[na:1.8.0_161]
	at sun.rmi.transport.tcp.TCPTransport$ConnectionHandler.lambda$run$0(TCPTransport.java:683) ~[na:1.8.0_161]
	at java.security.AccessController.doPrivileged(Native Method) ~[na:1.8.0_161]
	at sun.rmi.transport.tcp.TCPTransport$ConnectionHandler.run(TCPTransport.java:682) ~[na:1.8.0_161]
	at java.util.concurrent.ThreadPoolExecutor.runWorker(ThreadPoolExecutor.java:1149) ~[na:1.8.0_161]
	at java.util.concurrent.ThreadPoolExecutor$Worker.run(ThreadPoolExecutor.java:624) ~[na:1.8.0_161]
	at java.lang.Thread.run(Thread.java:748) ~[na:1.8.0_161]
	at sun.rmi.transport.StreamRemoteCall.exceptionReceivedFromServer(StreamRemoteCall.java:283) ~[na:1.8.0_161]
	at sun.rmi.transport.StreamRemoteCall.executeCall(StreamRemoteCall.java:260) ~[na:1.8.0_161]
	at sun.rmi.server.UnicastRef.invoke(UnicastRef.java:161) ~[na:1.8.0_161]
	at java.rmi.server.RemoteObjectInvocationHandler.invokeRemoteMethod(RemoteObjectInvocationHandler.java:227) ~[na:1.8.0_161]
	at java.rmi.server.RemoteObjectInvocationHandler.invoke(RemoteObjectInvocationHandler.java:179) ~[na:1.8.0_161]
	at com.sun.proxy.$Proxy7.evosuite_collectStatistics(Unknown Source) ~[na:na]
	at org.evosuite.rmi.service.ClientNodeImpl.updateStatistics(ClientNodeImpl.java:266) [evosuite.jar:1.0.7-SNAPSHOT]
	at org.evosuite.statistics.StatisticsSender.sendIndividualToMaster(StatisticsSender.java:68) [evosuite.jar:1.0.7-SNAPSHOT]
	at org.evosuite.statistics.StatisticsSender.executedAndThenSendIndividualToMaster(StatisticsSender.java:98) [evosuite.jar:1.0.7-SNAPSHOT]
	at org.evosuite.TestSuiteGenerator.postProcessTests(TestSuiteGenerator.java:484) [evosuite.jar:1.0.7-SNAPSHOT]
	at org.evosuite.TestSuiteGenerator.generateTestSuite(TestSuiteGenerator.java:255) [evosuite.jar:1.0.7-SNAPSHOT]
	at org.evosuite.rmi.service.ClientNodeImpl.lambda$startNewSearch$0(ClientNodeImpl.java:155) [evosuite.jar:1.0.7-SNAPSHOT]
	at java.util.concurrent.Executors$RunnableAdapter.call(Executors.java:511) ~[na:1.8.0_161]
	at java.util.concurrent.FutureTask.run(FutureTask.java:266) ~[na:1.8.0_161]
	at java.util.concurrent.ThreadPoolExecutor.runWorker(ThreadPoolExecutor.java:1149) ~[na:1.8.0_161]
	at java.util.concurrent.ThreadPoolExecutor$Worker.run(ThreadPoolExecutor.java:624) ~[na:1.8.0_161]
	at java.lang.Thread.run(Thread.java:748) ~[na:1.8.0_161]
Caused by: java.rmi.UnmarshalException: error unmarshalling arguments; nested exception is: 
	java.lang.ClassNotFoundException: Class 'com/alibaba/fastjson/parser/deserializer/FastjsonASMDeserializer_3_MockGregorianCalendar.class' should be in target project, but could not be found!
	at sun.rmi.server.UnicastServerRef.dispatch(UnicastServerRef.java:352) ~[na:1.8.0_161]
	at sun.rmi.transport.Transport$1.run(Transport.java:200) ~[na:1.8.0_161]
	at sun.rmi.transport.Transport$1.run(Transport.java:197) ~[na:1.8.0_161]
	at java.security.AccessController.doPrivileged(Native Method) ~[na:1.8.0_161]
	at sun.rmi.transport.Transport.serviceCall(Transport.java:196) ~[na:1.8.0_161]
	at sun.rmi.transport.tcp.TCPTransport.handleMessages(TCPTransport.java:568) ~[na:1.8.0_161]
	at sun.rmi.transport.tcp.TCPTransport$ConnectionHandler.run0(TCPTransport.java:826) ~[na:1.8.0_161]
	at sun.rmi.transport.tcp.TCPTransport$ConnectionHandler.lambda$run$0(TCPTransport.java:683) ~[na:1.8.0_161]
	at java.security.AccessController.doPrivileged(Native Method) ~[na:1.8.0_161]
	at sun.rmi.transport.tcp.TCPTransport$ConnectionHandler.run(TCPTransport.java:682) ~[na:1.8.0_161]
	... 3 common frames omitted
Caused by: java.lang.ClassNotFoundException: Class 'com/alibaba/fastjson/parser/deserializer/FastjsonASMDeserializer_3_MockGregorianCalendar.class' should be in target project, but could not be found!
	at org.evosuite.instrumentation.InstrumentingClassLoader.instrumentClass(InstrumentingClassLoader.java:203) ~[evosuite.jar:1.0.7-SNAPSHOT]
	at org.evosuite.instrumentation.InstrumentingClassLoader.loadClass(InstrumentingClassLoader.java:168) ~[evosuite.jar:1.0.7-SNAPSHOT]
	at org.evosuite.utils.generic.GenericClass.getClass(GenericClass.java:149) ~[evosuite.jar:1.0.7-SNAPSHOT]
	at org.evosuite.utils.generic.GenericClass.getClass(GenericClass.java:115) ~[evosuite.jar:1.0.7-SNAPSHOT]
	at org.evosuite.utils.generic.GenericClass.readObject(GenericClass.java:1720) ~[evosuite.jar:1.0.7-SNAPSHOT]
	at sun.reflect.GeneratedMethodAccessor9.invoke(Unknown Source) ~[na:na]
	at sun.reflect.DelegatingMethodAccessorImpl.invoke(DelegatingMethodAccessorImpl.java:43) ~[na:1.8.0_161]
	at java.lang.reflect.Method.invoke(Method.java:498) ~[na:1.8.0_161]
	at java.io.ObjectStreamClass.invokeReadObject(ObjectStreamClass.java:1158) ~[na:1.8.0_161]
	at java.io.ObjectInputStream.readSerialData(ObjectInputStream.java:2168) ~[na:1.8.0_161]
	at java.io.ObjectInputStream.readOrdinaryObject(ObjectInputStream.java:2059) ~[na:1.8.0_161]
	at java.io.ObjectInputStream.readObject0(ObjectInputStream.java:1566) ~[na:1.8.0_161]
	at java.io.ObjectInputStream.defaultReadFields(ObjectInputStream.java:2277) ~[na:1.8.0_161]
	at java.io.ObjectInputStream.readSerialData(ObjectInputStream.java:2201) ~[na:1.8.0_161]
	at java.io.ObjectInputStream.readOrdinaryObject(ObjectInputStream.java:2059) ~[na:1.8.0_161]
	at java.io.ObjectInputStream.readObject0(ObjectInputStream.java:1566) ~[na:1.8.0_161]
	at java.io.ObjectInputStream.defaultReadFields(ObjectInputStream.java:2277) ~[na:1.8.0_161]
	at java.io.ObjectInputStream.readSerialData(ObjectInputStream.java:2201) ~[na:1.8.0_161]
	at java.io.ObjectInputStream.readOrdinaryObject(ObjectInputStream.java:2059) ~[na:1.8.0_161]
	at java.io.ObjectInputStream.readObject0(ObjectInputStream.java:1566) ~[na:1.8.0_161]
	at java.io.ObjectInputStream.readObject(ObjectInputStream.java:426) ~[na:1.8.0_161]
	at java.util.ArrayList.readObject(ArrayList.java:797) ~[na:1.8.0_161]
	at sun.reflect.GeneratedMethodAccessor7.invoke(Unknown Source) ~[na:na]
	at sun.reflect.DelegatingMethodAccessorImpl.invoke(DelegatingMethodAccessorImpl.java:43) ~[na:1.8.0_161]
	at java.lang.reflect.Method.invoke(Method.java:498) ~[na:1.8.0_161]
	at java.io.ObjectStreamClass.invokeReadObject(ObjectStreamClass.java:1158) ~[na:1.8.0_161]
	at java.io.ObjectInputStream.readSerialData(ObjectInputStream.java:2168) ~[na:1.8.0_161]
	at java.io.ObjectInputStream.readOrdinaryObject(ObjectInputStream.java:2059) ~[na:1.8.0_161]
	at java.io.ObjectInputStream.readObject0(ObjectInputStream.java:1566) ~[na:1.8.0_161]
	at java.io.ObjectInputStream.defaultReadFields(ObjectInputStream.java:2277) ~[na:1.8.0_161]
	at java.io.ObjectInputStream.readSerialData(ObjectInputStream.java:2201) ~[na:1.8.0_161]
	at java.io.ObjectInputStream.readOrdinaryObject(ObjectInputStream.java:2059) ~[na:1.8.0_161]
	at java.io.ObjectInputStream.readObject0(ObjectInputStream.java:1566) ~[na:1.8.0_161]
	at java.io.ObjectInputStream.defaultReadFields(ObjectInputStream.java:2277) ~[na:1.8.0_161]
	at java.io.ObjectInputStream.defaultReadObject(ObjectInputStream.java:556) ~[na:1.8.0_161]
	at org.evosuite.testcase.DefaultTestCase.readObject(DefaultTestCase.java:1103) ~[evosuite.jar:1.0.7-SNAPSHOT]
	at sun.reflect.GeneratedMethodAccessor16.invoke(Unknown Source) ~[na:na]
	at sun.reflect.DelegatingMethodAccessorImpl.invoke(DelegatingMethodAccessorImpl.java:43) ~[na:1.8.0_161]
	at java.lang.reflect.Method.invoke(Method.java:498) ~[na:1.8.0_161]
	at java.io.ObjectStreamClass.invokeReadObject(ObjectStreamClass.java:1158) ~[na:1.8.0_161]
	at java.io.ObjectInputStream.readSerialData(ObjectInputStream.java:2168) ~[na:1.8.0_161]
	at java.io.ObjectInputStream.readOrdinaryObject(ObjectInputStream.java:2059) ~[na:1.8.0_161]
	at java.io.ObjectInputStream.readObject0(ObjectInputStream.java:1566) ~[na:1.8.0_161]
	at java.io.ObjectInputStream.defaultReadFields(ObjectInputStream.java:2277) ~[na:1.8.0_161]
	at java.io.ObjectInputStream.readSerialData(ObjectInputStream.java:2201) ~[na:1.8.0_161]
	at java.io.ObjectInputStream.readOrdinaryObject(ObjectInputStream.java:2059) ~[na:1.8.0_161]
	at java.io.ObjectInputStream.readObject0(ObjectInputStream.java:1566) ~[na:1.8.0_161]
	at java.io.ObjectInputStream.readObject(ObjectInputStream.java:426) ~[na:1.8.0_161]
	at java.util.ArrayList.readObject(ArrayList.java:797) ~[na:1.8.0_161]
	at sun.reflect.GeneratedMethodAccessor7.invoke(Unknown Source) ~[na:na]
	at sun.reflect.DelegatingMethodAccessorImpl.invoke(DelegatingMethodAccessorImpl.java:43) ~[na:1.8.0_161]
	at java.lang.reflect.Method.invoke(Method.java:498) ~[na:1.8.0_161]
	at java.io.ObjectStreamClass.invokeReadObject(ObjectStreamClass.java:1158) ~[na:1.8.0_161]
	at java.io.ObjectInputStream.readSerialData(ObjectInputStream.java:2168) ~[na:1.8.0_161]
	at java.io.ObjectInputStream.readOrdinaryObject(ObjectInputStream.java:2059) ~[na:1.8.0_161]
	at java.io.ObjectInputStream.readObject0(ObjectInputStream.java:1566) ~[na:1.8.0_161]
	at java.io.ObjectInputStream.defaultReadFields(ObjectInputStream.java:2277) ~[na:1.8.0_161]
	at java.io.ObjectInputStream.readSerialData(ObjectInputStream.java:2201) ~[na:1.8.0_161]
	at java.io.ObjectInputStream.readOrdinaryObject(ObjectInputStream.java:2059) ~[na:1.8.0_161]
	at java.io.ObjectInputStream.readObject0(ObjectInputStream.java:1566) ~[na:1.8.0_161]
	at java.io.ObjectInputStream.readObject(ObjectInputStream.java:426) ~[na:1.8.0_161]
	at sun.rmi.server.UnicastRef.unmarshalValue(UnicastRef.java:322) ~[na:1.8.0_161]
	at sun.rmi.server.UnicastServerRef.dispatch(UnicastServerRef.java:341) ~[na:1.8.0_161]
	... 12 common frames omitted
Caused by: java.lang.ClassNotFoundException: Class 'com/alibaba/fastjson/parser/deserializer/FastjsonASMDeserializer_3_MockGregorianCalendar.class' should be in target project, but could not be found!
	at org.evosuite.instrumentation.InstrumentingClassLoader.instrumentClass(InstrumentingClassLoader.java:190) ~[evosuite.jar:1.0.7-SNAPSHOT]
	... 74 common frames omitted
* Generating assertions
[MASTER] 14:25:28.871 [logback-1] WARN  GenericClass - Class not found: class com.alibaba.fastjson.parser.deserializer.FastjsonASMDeserializer_3_MockGregorianCalendar - keeping old class loader 
java.lang.ClassNotFoundException: Class 'com/alibaba/fastjson/parser/deserializer/FastjsonASMDeserializer_3_MockGregorianCalendar.class' should be in target project, but could not be found!
	at org.evosuite.instrumentation.InstrumentingClassLoader.instrumentClass(InstrumentingClassLoader.java:203) ~[evosuite.jar:1.0.7-SNAPSHOT]
	at org.evosuite.instrumentation.InstrumentingClassLoader.loadClass(InstrumentingClassLoader.java:168) ~[evosuite.jar:1.0.7-SNAPSHOT]
	at org.evosuite.utils.generic.GenericClass.getClass(GenericClass.java:149) ~[evosuite.jar:1.0.7-SNAPSHOT]
	at org.evosuite.utils.generic.GenericClass.changeClassLoader(GenericClass.java:331) ~[evosuite.jar:1.0.7-SNAPSHOT]
	at org.evosuite.testcase.variable.VariableReferenceImpl.changeClassLoader(VariableReferenceImpl.java:575) [evosuite.jar:1.0.7-SNAPSHOT]
	at org.evosuite.testcase.statements.AbstractStatement.lambda$changeClassLoader$2(AbstractStatement.java:489) [evosuite.jar:1.0.7-SNAPSHOT]
	at java.lang.Iterable.forEach(Iterable.java:75) ~[na:1.8.0_161]
	at org.evosuite.testcase.statements.AbstractStatement.changeClassLoader(AbstractStatement.java:489) [evosuite.jar:1.0.7-SNAPSHOT]
	at org.evosuite.testcase.statements.MethodStatement.changeClassLoader(MethodStatement.java:616) ~[evosuite.jar:1.0.7-SNAPSHOT]
	at org.evosuite.testcase.DefaultTestCase.changeClassLoader(DefaultTestCase.java:265) ~[evosuite.jar:1.0.7-SNAPSHOT]
	at org.evosuite.assertion.AssertionGenerator.changeClassLoader(AssertionGenerator.java:234) ~[evosuite.jar:1.0.7-SNAPSHOT]
	at org.evosuite.assertion.MutationAssertionGenerator.setupClassLoader(MutationAssertionGenerator.java:188) ~[evosuite.jar:1.0.7-SNAPSHOT]
	at org.evosuite.assertion.SimpleMutationAssertionGenerator.addAssertions(SimpleMutationAssertionGenerator.java:57) ~[evosuite.jar:1.0.7-SNAPSHOT]
	at org.evosuite.TestSuiteGeneratorHelper.addAssertions(TestSuiteGeneratorHelper.java:287) ~[evosuite.jar:1.0.7-SNAPSHOT]
	at org.evosuite.TestSuiteGenerator.postProcessTests(TestSuiteGenerator.java:542) ~[evosuite.jar:1.0.7-SNAPSHOT]
	at org.evosuite.TestSuiteGenerator.generateTestSuite(TestSuiteGenerator.java:255) ~[evosuite.jar:1.0.7-SNAPSHOT]
	at org.evosuite.rmi.service.ClientNodeImpl.lambda$startNewSearch$0(ClientNodeImpl.java:155) ~[evosuite.jar:1.0.7-SNAPSHOT]
	at java.util.concurrent.Executors$RunnableAdapter.call(Executors.java:511) ~[na:1.8.0_161]
	at java.util.concurrent.FutureTask.run(FutureTask.java:266) ~[na:1.8.0_161]
	at java.util.concurrent.ThreadPoolExecutor.runWorker(ThreadPoolExecutor.java:1149) ~[na:1.8.0_161]
	at java.util.concurrent.ThreadPoolExecutor$Worker.run(ThreadPoolExecutor.java:624) ~[na:1.8.0_161]
	at java.lang.Thread.run(Thread.java:748) ~[na:1.8.0_161]
Caused by: java.lang.ClassNotFoundException: Class 'com/alibaba/fastjson/parser/deserializer/FastjsonASMDeserializer_3_MockGregorianCalendar.class' should be in target project, but could not be found!
	at org.evosuite.instrumentation.InstrumentingClassLoader.instrumentClass(InstrumentingClassLoader.java:190) ~[evosuite.jar:1.0.7-SNAPSHOT]
	... 21 common frames omitted
[MASTER] 14:25:28.872 [logback-1] WARN  GenericClass - Class not found: class com.alibaba.fastjson.parser.deserializer.FastjsonASMDeserializer_3_MockGregorianCalendar - keeping old class loader 
java.lang.ClassNotFoundException: Class 'com/alibaba/fastjson/parser/deserializer/FastjsonASMDeserializer_3_MockGregorianCalendar.class' should be in target project, but could not be found!
	at org.evosuite.instrumentation.InstrumentingClassLoader.instrumentClass(InstrumentingClassLoader.java:203) ~[evosuite.jar:1.0.7-SNAPSHOT]
	at org.evosuite.instrumentation.InstrumentingClassLoader.loadClass(InstrumentingClassLoader.java:168) ~[evosuite.jar:1.0.7-SNAPSHOT]
	at org.evosuite.utils.generic.GenericClass.getClass(GenericClass.java:149) ~[evosuite.jar:1.0.7-SNAPSHOT]
	at org.evosuite.utils.generic.GenericClass.changeClassLoader(GenericClass.java:331) ~[evosuite.jar:1.0.7-SNAPSHOT]
	at org.evosuite.testcase.variable.VariableReferenceImpl.changeClassLoader(VariableReferenceImpl.java:575) [evosuite.jar:1.0.7-SNAPSHOT]
	at org.evosuite.testcase.statements.AbstractStatement.lambda$changeClassLoader$2(AbstractStatement.java:489) [evosuite.jar:1.0.7-SNAPSHOT]
	at java.lang.Iterable.forEach(Iterable.java:75) ~[na:1.8.0_161]
	at org.evosuite.testcase.statements.AbstractStatement.changeClassLoader(AbstractStatement.java:489) [evosuite.jar:1.0.7-SNAPSHOT]
	at org.evosuite.testcase.statements.MethodStatement.changeClassLoader(MethodStatement.java:616) ~[evosuite.jar:1.0.7-SNAPSHOT]
	at org.evosuite.testcase.DefaultTestCase.changeClassLoader(DefaultTestCase.java:265) ~[evosuite.jar:1.0.7-SNAPSHOT]
	at org.evosuite.assertion.AssertionGenerator.changeClassLoader(AssertionGenerator.java:234) ~[evosuite.jar:1.0.7-SNAPSHOT]
	at org.evosuite.assertion.MutationAssertionGenerator.setupClassLoader(MutationAssertionGenerator.java:188) ~[evosuite.jar:1.0.7-SNAPSHOT]
	at org.evosuite.assertion.SimpleMutationAssertionGenerator.addAssertions(SimpleMutationAssertionGenerator.java:57) ~[evosuite.jar:1.0.7-SNAPSHOT]
	at org.evosuite.TestSuiteGeneratorHelper.addAssertions(TestSuiteGeneratorHelper.java:287) ~[evosuite.jar:1.0.7-SNAPSHOT]
	at org.evosuite.TestSuiteGenerator.postProcessTests(TestSuiteGenerator.java:542) ~[evosuite.jar:1.0.7-SNAPSHOT]
	at org.evosuite.TestSuiteGenerator.generateTestSuite(TestSuiteGenerator.java:255) ~[evosuite.jar:1.0.7-SNAPSHOT]
	at org.evosuite.rmi.service.ClientNodeImpl.lambda$startNewSearch$0(ClientNodeImpl.java:155) ~[evosuite.jar:1.0.7-SNAPSHOT]
	at java.util.concurrent.Executors$RunnableAdapter.call(Executors.java:511) ~[na:1.8.0_161]
	at java.util.concurrent.FutureTask.run(FutureTask.java:266) ~[na:1.8.0_161]
	at java.util.concurrent.ThreadPoolExecutor.runWorker(ThreadPoolExecutor.java:1149) ~[na:1.8.0_161]
	at java.util.concurrent.ThreadPoolExecutor$Worker.run(ThreadPoolExecutor.java:624) ~[na:1.8.0_161]
	at java.lang.Thread.run(Thread.java:748) ~[na:1.8.0_161]
Caused by: java.lang.ClassNotFoundException: Class 'com/alibaba/fastjson/parser/deserializer/FastjsonASMDeserializer_3_MockGregorianCalendar.class' should be in target project, but could not be found!
	at org.evosuite.instrumentation.InstrumentingClassLoader.instrumentClass(InstrumentingClassLoader.java:190) ~[evosuite.jar:1.0.7-SNAPSHOT]
	... 21 common frames omitted
[MASTER] 14:25:28.933 [logback-1] WARN  GenericClass - Class not found: class com.alibaba.fastjson.serializer.ASMSerializer_22_BigInteger - keeping old class loader 
java.lang.ClassNotFoundException: Class 'com/alibaba/fastjson/serializer/ASMSerializer_22_BigInteger.class' should be in target project, but could not be found!
	at org.evosuite.instrumentation.InstrumentingClassLoader.instrumentClass(InstrumentingClassLoader.java:203) ~[evosuite.jar:1.0.7-SNAPSHOT]
	at org.evosuite.instrumentation.InstrumentingClassLoader.loadClass(InstrumentingClassLoader.java:168) ~[evosuite.jar:1.0.7-SNAPSHOT]
	at org.evosuite.utils.generic.GenericClass.getClass(GenericClass.java:149) ~[evosuite.jar:1.0.7-SNAPSHOT]
	at org.evosuite.utils.generic.GenericClass.changeClassLoader(GenericClass.java:331) ~[evosuite.jar:1.0.7-SNAPSHOT]
	at org.evosuite.testcase.variable.VariableReferenceImpl.changeClassLoader(VariableReferenceImpl.java:575) [evosuite.jar:1.0.7-SNAPSHOT]
	at org.evosuite.testcase.statements.AbstractStatement.lambda$changeClassLoader$2(AbstractStatement.java:489) [evosuite.jar:1.0.7-SNAPSHOT]
	at java.lang.Iterable.forEach(Iterable.java:75) ~[na:1.8.0_161]
	at org.evosuite.testcase.statements.AbstractStatement.changeClassLoader(AbstractStatement.java:489) [evosuite.jar:1.0.7-SNAPSHOT]
	at org.evosuite.testcase.statements.MethodStatement.changeClassLoader(MethodStatement.java:616) ~[evosuite.jar:1.0.7-SNAPSHOT]
	at org.evosuite.testcase.DefaultTestCase.changeClassLoader(DefaultTestCase.java:265) ~[evosuite.jar:1.0.7-SNAPSHOT]
	at org.evosuite.assertion.AssertionGenerator.changeClassLoader(AssertionGenerator.java:234) ~[evosuite.jar:1.0.7-SNAPSHOT]
	at org.evosuite.assertion.MutationAssertionGenerator.setupClassLoader(MutationAssertionGenerator.java:188) ~[evosuite.jar:1.0.7-SNAPSHOT]
	at org.evosuite.assertion.SimpleMutationAssertionGenerator.addAssertions(SimpleMutationAssertionGenerator.java:57) ~[evosuite.jar:1.0.7-SNAPSHOT]
	at org.evosuite.TestSuiteGeneratorHelper.addAssertions(TestSuiteGeneratorHelper.java:287) ~[evosuite.jar:1.0.7-SNAPSHOT]
	at org.evosuite.TestSuiteGenerator.postProcessTests(TestSuiteGenerator.java:542) ~[evosuite.jar:1.0.7-SNAPSHOT]
	at org.evosuite.TestSuiteGenerator.generateTestSuite(TestSuiteGenerator.java:255) ~[evosuite.jar:1.0.7-SNAPSHOT]
	at org.evosuite.rmi.service.ClientNodeImpl.lambda$startNewSearch$0(ClientNodeImpl.java:155) ~[evosuite.jar:1.0.7-SNAPSHOT]
	at java.util.concurrent.Executors$RunnableAdapter.call(Executors.java:511) ~[na:1.8.0_161]
	at java.util.concurrent.FutureTask.run(FutureTask.java:266) ~[na:1.8.0_161]
	at java.util.concurrent.ThreadPoolExecutor.runWorker(ThreadPoolExecutor.java:1149) ~[na:1.8.0_161]
	at java.util.concurrent.ThreadPoolExecutor$Worker.run(ThreadPoolExecutor.java:624) ~[na:1.8.0_161]
	at java.lang.Thread.run(Thread.java:748) ~[na:1.8.0_161]
Caused by: java.lang.ClassNotFoundException: Class 'com/alibaba/fastjson/serializer/ASMSerializer_22_BigInteger.class' should be in target project, but could not be found!
	at org.evosuite.instrumentation.InstrumentingClassLoader.instrumentClass(InstrumentingClassLoader.java:190) ~[evosuite.jar:1.0.7-SNAPSHOT]
	... 21 common frames omitted
[MASTER] 14:25:28.936 [logback-1] WARN  GenericClass - Class not found: class com.alibaba.fastjson.serializer.ASMSerializer_22_BigInteger - keeping old class loader 
java.lang.ClassNotFoundException: Class 'com/alibaba/fastjson/serializer/ASMSerializer_22_BigInteger.class' should be in target project, but could not be found!
	at org.evosuite.instrumentation.InstrumentingClassLoader.instrumentClass(InstrumentingClassLoader.java:203) ~[evosuite.jar:1.0.7-SNAPSHOT]
	at org.evosuite.instrumentation.InstrumentingClassLoader.loadClass(InstrumentingClassLoader.java:168) ~[evosuite.jar:1.0.7-SNAPSHOT]
	at org.evosuite.utils.generic.GenericClass.getClass(GenericClass.java:149) ~[evosuite.jar:1.0.7-SNAPSHOT]
	at org.evosuite.utils.generic.GenericClass.changeClassLoader(GenericClass.java:331) ~[evosuite.jar:1.0.7-SNAPSHOT]
	at org.evosuite.testcase.variable.VariableReferenceImpl.changeClassLoader(VariableReferenceImpl.java:575) [evosuite.jar:1.0.7-SNAPSHOT]
	at org.evosuite.testcase.statements.AbstractStatement.lambda$changeClassLoader$2(AbstractStatement.java:489) [evosuite.jar:1.0.7-SNAPSHOT]
	at java.lang.Iterable.forEach(Iterable.java:75) ~[na:1.8.0_161]
	at org.evosuite.testcase.statements.AbstractStatement.changeClassLoader(AbstractStatement.java:489) [evosuite.jar:1.0.7-SNAPSHOT]
	at org.evosuite.testcase.statements.MethodStatement.changeClassLoader(MethodStatement.java:616) ~[evosuite.jar:1.0.7-SNAPSHOT]
	at org.evosuite.testcase.DefaultTestCase.changeClassLoader(DefaultTestCase.java:265) ~[evosuite.jar:1.0.7-SNAPSHOT]
	at org.evosuite.assertion.AssertionGenerator.changeClassLoader(AssertionGenerator.java:234) ~[evosuite.jar:1.0.7-SNAPSHOT]
	at org.evosuite.assertion.MutationAssertionGenerator.setupClassLoader(MutationAssertionGenerator.java:188) ~[evosuite.jar:1.0.7-SNAPSHOT]
	at org.evosuite.assertion.SimpleMutationAssertionGenerator.addAssertions(SimpleMutationAssertionGenerator.java:57) ~[evosuite.jar:1.0.7-SNAPSHOT]
	at org.evosuite.TestSuiteGeneratorHelper.addAssertions(TestSuiteGeneratorHelper.java:287) ~[evosuite.jar:1.0.7-SNAPSHOT]
	at org.evosuite.TestSuiteGenerator.postProcessTests(TestSuiteGenerator.java:542) ~[evosuite.jar:1.0.7-SNAPSHOT]
	at org.evosuite.TestSuiteGenerator.generateTestSuite(TestSuiteGenerator.java:255) ~[evosuite.jar:1.0.7-SNAPSHOT]
	at org.evosuite.rmi.service.ClientNodeImpl.lambda$startNewSearch$0(ClientNodeImpl.java:155) ~[evosuite.jar:1.0.7-SNAPSHOT]
	at java.util.concurrent.Executors$RunnableAdapter.call(Executors.java:511) ~[na:1.8.0_161]
	at java.util.concurrent.FutureTask.run(FutureTask.java:266) ~[na:1.8.0_161]
	at java.util.concurrent.ThreadPoolExecutor.runWorker(ThreadPoolExecutor.java:1149) ~[na:1.8.0_161]
	at java.util.concurrent.ThreadPoolExecutor$Worker.run(ThreadPoolExecutor.java:624) ~[na:1.8.0_161]
	at java.lang.Thread.run(Thread.java:748) ~[na:1.8.0_161]
Caused by: java.lang.ClassNotFoundException: Class 'com/alibaba/fastjson/serializer/ASMSerializer_22_BigInteger.class' should be in target project, but could not be found!
	at org.evosuite.instrumentation.InstrumentingClassLoader.instrumentClass(InstrumentingClassLoader.java:190) ~[evosuite.jar:1.0.7-SNAPSHOT]
	... 21 common frames omitted
* Writing tests to file
* Writing JUnit test case 'JSONReaderScanner_ESTest' to /home/apaniche/mitchell/generation-scripts/evosuite_fuzzer/tests/s0/fastjson/evosuite-tests
* Done!

* Computation finished
* Permissions denied during test execution: 
  - java.lang.RuntimePermission: 
         writeFileDescriptor: 2
* Writing tests to file
* Writing JUnit test case 'DefaultJSONParser_ESTest' to /home/apaniche/mitchell/generation-scripts/evosuite_fuzzer/tests/s0/fastjson/evosuite-tests
* Done!

* Computation finished
* Resulting test suite's mutation score: 28%
* Compiling and checking tests
[MASTER] 14:26:26.634 [logback-2] ERROR ClientNodeImpl - Cannot inform master of change of state
java.rmi.ServerException: RemoteException occurred in server thread; nested exception is: 
	java.rmi.UnmarshalException: error unmarshalling arguments; nested exception is: 
	java.lang.ClassNotFoundException: Class 'com/alibaba/fastjson/parser/deserializer/FastjsonASMDeserializer_5_MockGregorianCalendar.class' should be in target project, but could not be found!
	at sun.rmi.server.UnicastServerRef.dispatch(UnicastServerRef.java:393) ~[na:1.8.0_161]
	at sun.rmi.transport.Transport$1.run(Transport.java:200) ~[na:1.8.0_161]
	at sun.rmi.transport.Transport$1.run(Transport.java:197) ~[na:1.8.0_161]
	at java.security.AccessController.doPrivileged(Native Method) ~[na:1.8.0_161]
	at sun.rmi.transport.Transport.serviceCall(Transport.java:196) ~[na:1.8.0_161]
	at sun.rmi.transport.tcp.TCPTransport.handleMessages(TCPTransport.java:568) ~[na:1.8.0_161]
	at sun.rmi.transport.tcp.TCPTransport$ConnectionHandler.run0(TCPTransport.java:826) ~[na:1.8.0_161]
	at sun.rmi.transport.tcp.TCPTransport$ConnectionHandler.lambda$run$0(TCPTransport.java:683) ~[na:1.8.0_161]
	at java.security.AccessController.doPrivileged(Native Method) ~[na:1.8.0_161]
	at sun.rmi.transport.tcp.TCPTransport$ConnectionHandler.run(TCPTransport.java:682) ~[na:1.8.0_161]
	at java.util.concurrent.ThreadPoolExecutor.runWorker(ThreadPoolExecutor.java:1149) ~[na:1.8.0_161]
	at java.util.concurrent.ThreadPoolExecutor$Worker.run(ThreadPoolExecutor.java:624) ~[na:1.8.0_161]
	at java.lang.Thread.run(Thread.java:748) ~[na:1.8.0_161]
	at sun.rmi.transport.StreamRemoteCall.exceptionReceivedFromServer(StreamRemoteCall.java:283) ~[na:1.8.0_161]
	at sun.rmi.transport.StreamRemoteCall.executeCall(StreamRemoteCall.java:260) ~[na:1.8.0_161]
	at sun.rmi.server.UnicastRef.invoke(UnicastRef.java:161) ~[na:1.8.0_161]
	at java.rmi.server.RemoteObjectInvocationHandler.invokeRemoteMethod(RemoteObjectInvocationHandler.java:227) ~[na:1.8.0_161]
	at java.rmi.server.RemoteObjectInvocationHandler.invoke(RemoteObjectInvocationHandler.java:179) ~[na:1.8.0_161]
	at com.sun.proxy.$Proxy7.evosuite_collectStatistics(Unknown Source) ~[na:na]
	at org.evosuite.rmi.service.ClientNodeImpl.updateStatistics(ClientNodeImpl.java:266) [evosuite.jar:1.0.7-SNAPSHOT]
	at org.evosuite.statistics.StatisticsSender.sendIndividualToMaster(StatisticsSender.java:68) [evosuite.jar:1.0.7-SNAPSHOT]
	at org.evosuite.TestSuiteGenerator.postProcessTests(TestSuiteGenerator.java:544) [evosuite.jar:1.0.7-SNAPSHOT]
	at org.evosuite.TestSuiteGenerator.generateTestSuite(TestSuiteGenerator.java:255) [evosuite.jar:1.0.7-SNAPSHOT]
	at org.evosuite.rmi.service.ClientNodeImpl.lambda$startNewSearch$0(ClientNodeImpl.java:155) [evosuite.jar:1.0.7-SNAPSHOT]
	at java.util.concurrent.Executors$RunnableAdapter.call(Executors.java:511) ~[na:1.8.0_161]
	at java.util.concurrent.FutureTask.run(FutureTask.java:266) ~[na:1.8.0_161]
	at java.util.concurrent.ThreadPoolExecutor.runWorker(ThreadPoolExecutor.java:1149) ~[na:1.8.0_161]
	at java.util.concurrent.ThreadPoolExecutor$Worker.run(ThreadPoolExecutor.java:624) ~[na:1.8.0_161]
	at java.lang.Thread.run(Thread.java:748) ~[na:1.8.0_161]
Caused by: java.rmi.UnmarshalException: error unmarshalling arguments; nested exception is: 
	java.lang.ClassNotFoundException: Class 'com/alibaba/fastjson/parser/deserializer/FastjsonASMDeserializer_5_MockGregorianCalendar.class' should be in target project, but could not be found!
	at sun.rmi.server.UnicastServerRef.dispatch(UnicastServerRef.java:352) ~[na:1.8.0_161]
	at sun.rmi.transport.Transport$1.run(Transport.java:200) ~[na:1.8.0_161]
	at sun.rmi.transport.Transport$1.run(Transport.java:197) ~[na:1.8.0_161]
	at java.security.AccessController.doPrivileged(Native Method) ~[na:1.8.0_161]
	at sun.rmi.transport.Transport.serviceCall(Transport.java:196) ~[na:1.8.0_161]
	at sun.rmi.transport.tcp.TCPTransport.handleMessages(TCPTransport.java:568) ~[na:1.8.0_161]
	at sun.rmi.transport.tcp.TCPTransport$ConnectionHandler.run0(TCPTransport.java:826) ~[na:1.8.0_161]
	at sun.rmi.transport.tcp.TCPTransport$ConnectionHandler.lambda$run$0(TCPTransport.java:683) ~[na:1.8.0_161]
	at java.security.AccessController.doPrivileged(Native Method) ~[na:1.8.0_161]
	at sun.rmi.transport.tcp.TCPTransport$ConnectionHandler.run(TCPTransport.java:682) ~[na:1.8.0_161]
	... 3 common frames omitted
Caused by: java.lang.ClassNotFoundException: Class 'com/alibaba/fastjson/parser/deserializer/FastjsonASMDeserializer_5_MockGregorianCalendar.class' should be in target project, but could not be found!
	at org.evosuite.instrumentation.InstrumentingClassLoader.instrumentClass(InstrumentingClassLoader.java:203) ~[evosuite.jar:1.0.7-SNAPSHOT]
	at org.evosuite.instrumentation.InstrumentingClassLoader.loadClass(InstrumentingClassLoader.java:168) ~[evosuite.jar:1.0.7-SNAPSHOT]
	at org.evosuite.utils.generic.GenericClass.getClass(GenericClass.java:149) ~[evosuite.jar:1.0.7-SNAPSHOT]
	at org.evosuite.utils.generic.GenericClass.getClass(GenericClass.java:115) ~[evosuite.jar:1.0.7-SNAPSHOT]
	at org.evosuite.utils.generic.GenericClass.readObject(GenericClass.java:1720) ~[evosuite.jar:1.0.7-SNAPSHOT]
	at sun.reflect.GeneratedMethodAccessor9.invoke(Unknown Source) ~[na:na]
	at sun.reflect.DelegatingMethodAccessorImpl.invoke(DelegatingMethodAccessorImpl.java:43) ~[na:1.8.0_161]
	at java.lang.reflect.Method.invoke(Method.java:498) ~[na:1.8.0_161]
	at java.io.ObjectStreamClass.invokeReadObject(ObjectStreamClass.java:1158) ~[na:1.8.0_161]
	at java.io.ObjectInputStream.readSerialData(ObjectInputStream.java:2168) ~[na:1.8.0_161]
	at java.io.ObjectInputStream.readOrdinaryObject(ObjectInputStream.java:2059) ~[na:1.8.0_161]
	at java.io.ObjectInputStream.readObject0(ObjectInputStream.java:1566) ~[na:1.8.0_161]
	at java.io.ObjectInputStream.defaultReadFields(ObjectInputStream.java:2277) ~[na:1.8.0_161]
	at java.io.ObjectInputStream.readSerialData(ObjectInputStream.java:2201) ~[na:1.8.0_161]
	at java.io.ObjectInputStream.readOrdinaryObject(ObjectInputStream.java:2059) ~[na:1.8.0_161]
	at java.io.ObjectInputStream.readObject0(ObjectInputStream.java:1566) ~[na:1.8.0_161]
	at java.io.ObjectInputStream.defaultReadFields(ObjectInputStream.java:2277) ~[na:1.8.0_161]
	at java.io.ObjectInputStream.readSerialData(ObjectInputStream.java:2201) ~[na:1.8.0_161]
	at java.io.ObjectInputStream.readOrdinaryObject(ObjectInputStream.java:2059) ~[na:1.8.0_161]
	at java.io.ObjectInputStream.readObject0(ObjectInputStream.java:1566) ~[na:1.8.0_161]
	at java.io.ObjectInputStream.readObject(ObjectInputStream.java:426) ~[na:1.8.0_161]
	at java.util.ArrayList.readObject(ArrayList.java:797) ~[na:1.8.0_161]
	at sun.reflect.GeneratedMethodAccessor7.invoke(Unknown Source) ~[na:na]
	at sun.reflect.DelegatingMethodAccessorImpl.invoke(DelegatingMethodAccessorImpl.java:43) ~[na:1.8.0_161]
	at java.lang.reflect.Method.invoke(Method.java:498) ~[na:1.8.0_161]
	at java.io.ObjectStreamClass.invokeReadObject(ObjectStreamClass.java:1158) ~[na:1.8.0_161]
	at java.io.ObjectInputStream.readSerialData(ObjectInputStream.java:2168) ~[na:1.8.0_161]
	at java.io.ObjectInputStream.readOrdinaryObject(ObjectInputStream.java:2059) ~[na:1.8.0_161]
	at java.io.ObjectInputStream.readObject0(ObjectInputStream.java:1566) ~[na:1.8.0_161]
	at java.io.ObjectInputStream.defaultReadFields(ObjectInputStream.java:2277) ~[na:1.8.0_161]
	at java.io.ObjectInputStream.readSerialData(ObjectInputStream.java:2201) ~[na:1.8.0_161]
	at java.io.ObjectInputStream.readOrdinaryObject(ObjectInputStream.java:2059) ~[na:1.8.0_161]
	at java.io.ObjectInputStream.readObject0(ObjectInputStream.java:1566) ~[na:1.8.0_161]
	at java.io.ObjectInputStream.defaultReadFields(ObjectInputStream.java:2277) ~[na:1.8.0_161]
	at java.io.ObjectInputStream.defaultReadObject(ObjectInputStream.java:556) ~[na:1.8.0_161]
	at org.evosuite.testcase.DefaultTestCase.readObject(DefaultTestCase.java:1103) ~[evosuite.jar:1.0.7-SNAPSHOT]
	at sun.reflect.GeneratedMethodAccessor16.invoke(Unknown Source) ~[na:na]
	at sun.reflect.DelegatingMethodAccessorImpl.invoke(DelegatingMethodAccessorImpl.java:43) ~[na:1.8.0_161]
	at java.lang.reflect.Method.invoke(Method.java:498) ~[na:1.8.0_161]
	at java.io.ObjectStreamClass.invokeReadObject(ObjectStreamClass.java:1158) ~[na:1.8.0_161]
	at java.io.ObjectInputStream.readSerialData(ObjectInputStream.java:2168) ~[na:1.8.0_161]
	at java.io.ObjectInputStream.readOrdinaryObject(ObjectInputStream.java:2059) ~[na:1.8.0_161]
	at java.io.ObjectInputStream.readObject0(ObjectInputStream.java:1566) ~[na:1.8.0_161]
	at java.io.ObjectInputStream.defaultReadFields(ObjectInputStream.java:2277) ~[na:1.8.0_161]
	at java.io.ObjectInputStream.readSerialData(ObjectInputStream.java:2201) ~[na:1.8.0_161]
	at java.io.ObjectInputStream.readOrdinaryObject(ObjectInputStream.java:2059) ~[na:1.8.0_161]
	at java.io.ObjectInputStream.readObject0(ObjectInputStream.java:1566) ~[na:1.8.0_161]
	at java.io.ObjectInputStream.readObject(ObjectInputStream.java:426) ~[na:1.8.0_161]
	at java.util.ArrayList.readObject(ArrayList.java:797) ~[na:1.8.0_161]
	at sun.reflect.GeneratedMethodAccessor7.invoke(Unknown Source) ~[na:na]
	at sun.reflect.DelegatingMethodAccessorImpl.invoke(DelegatingMethodAccessorImpl.java:43) ~[na:1.8.0_161]
	at java.lang.reflect.Method.invoke(Method.java:498) ~[na:1.8.0_161]
	at java.io.ObjectStreamClass.invokeReadObject(ObjectStreamClass.java:1158) ~[na:1.8.0_161]
	at java.io.ObjectInputStream.readSerialData(ObjectInputStream.java:2168) ~[na:1.8.0_161]
	at java.io.ObjectInputStream.readOrdinaryObject(ObjectInputStream.java:2059) ~[na:1.8.0_161]
	at java.io.ObjectInputStream.readObject0(ObjectInputStream.java:1566) ~[na:1.8.0_161]
	at java.io.ObjectInputStream.defaultReadFields(ObjectInputStream.java:2277) ~[na:1.8.0_161]
	at java.io.ObjectInputStream.readSerialData(ObjectInputStream.java:2201) ~[na:1.8.0_161]
	at java.io.ObjectInputStream.readOrdinaryObject(ObjectInputStream.java:2059) ~[na:1.8.0_161]
	at java.io.ObjectInputStream.readObject0(ObjectInputStream.java:1566) ~[na:1.8.0_161]
	at java.io.ObjectInputStream.readObject(ObjectInputStream.java:426) ~[na:1.8.0_161]
	at sun.rmi.server.UnicastRef.unmarshalValue(UnicastRef.java:322) ~[na:1.8.0_161]
	at sun.rmi.server.UnicastServerRef.dispatch(UnicastServerRef.java:341) ~[na:1.8.0_161]
	... 12 common frames omitted
Caused by: java.lang.ClassNotFoundException: Class 'com/alibaba/fastjson/parser/deserializer/FastjsonASMDeserializer_5_MockGregorianCalendar.class' should be in target project, but could not be found!
	at org.evosuite.instrumentation.InstrumentingClassLoader.instrumentClass(InstrumentingClassLoader.java:190) ~[evosuite.jar:1.0.7-SNAPSHOT]
	... 74 common frames omitted
[MASTER] 14:26:38.358 [logback-1] WARN  JUnitAnalyzer - Found unstable test named test0 -> class com.alibaba.fastjson.JSONPathException: not support jsonpath : Vb,2XV(`
[MASTER] 14:26:38.358 [logback-1] WARN  JUnitAnalyzer - Failing test:
 long[] longArray0 = new long[0];
JSONPath.IntInSegement jSONPath_IntInSegement0 = new JSONPath.IntInSegement("Vb,2XV(`", longArray0, true);
JSONPath.containsValue((Object) "Vb,2XV(`", "Vb,2XV(`", (Object) jSONPath_IntInSegement0);

[MASTER] 14:26:38.894 [logback-1] WARN  JUnitAnalyzer - Found unstable test named test0 -> class com.alibaba.fastjson.JSONPathException: not support jsonpath : create deserializeUsing ObjectDeserializer error
[MASTER] 14:26:38.894 [logback-1] WARN  JUnitAnalyzer - Failing test:
 Long long0 = new Long(6217509064097444559L);
JSONPath.PropertySegment jSONPath_PropertySegment0 = new JSONPath.PropertySegment("e@}ZJWq|Ge_q{K", true);
JSONPath.set((Object) long0, "create deserializeUsing ObjectDeserializer error", (Object) jSONPath_PropertySegment0);

[MASTER] 14:26:39.404 [logback-1] WARN  JUnitAnalyzer - Found unstable test named test0 -> class com.alibaba.fastjson.JSONPathException: illeal jsonpath syntax. 22
[MASTER] 14:26:39.404 [logback-1] WARN  JUnitAnalyzer - Failing test:
 HashMap<String, ClientInfoStatus> hashMap0 = new HashMap<String, ClientInfoStatus>();
SQLClientInfoException sQLClientInfoException0 = new SQLClientInfoException("I4H=82ao91;WM_Ngzk", "22", hashMap0);
SQLTimeoutException sQLTimeoutException0 = new SQLTimeoutException("I4H=82ao91;WM_Ngzk", "I4H=82ao91;WM_Ngzk", sQLClientInfoException0);
JSONPath.eval((Object) sQLTimeoutException0, "22");

[MASTER] 14:26:39.871 [logback-1] WARN  JUnitAnalyzer - Found unstable test named test0 -> class com.alibaba.fastjson.JSONPathException: not support jsonpath : end must greater than or equals start. start 
[MASTER] 14:26:39.871 [logback-1] WARN  JUnitAnalyzer - Failing test:
 SQLTransientConnectionException sQLTransientConnectionException0 = new SQLTransientConnectionException("./Evuzdow");
JSONPath.remove((Object) sQLTransientConnectionException0, "end must greater than or equals start. start ");

[MASTER] 14:26:40.317 [logback-1] WARN  JUnitAnalyzer - Found unstable test named test0 -> class com.alibaba.fastjson.JSONPathException: not support jsonpath : b'U#v.Uhrh
[MASTER] 14:26:40.317 [logback-1] WARN  JUnitAnalyzer - Failing test:
 JSONPath.extract("autoTypeSupport", "b'U#v.Uhrh");

[MASTER] 14:26:41.420 [logback-1] WARN  JUnitAnalyzer - Found unstable test named test0 -> class com.alibaba.fastjson.JSONPathException: not support jsonpath : type not match, not Throwable. 
[MASTER] 14:26:41.421 [logback-1] WARN  JUnitAnalyzer - Failing test:
 Long long0 = new Long(0L);
JSONPath.size((Object) long0, "type not match, not Throwable. ");

[MASTER] 14:26:49.207 [logback-1] WARN  JUnitAnalyzer - Found unstable test named test0 -> class com.alibaba.fastjson.JSONPathException: illeal jsonpath syntax. (CLjava/lang/String;F)V
[MASTER] 14:26:49.207 [logback-1] WARN  JUnitAnalyzer - Failing test:
 JSONPath.contains((Object) "(CLjava/lang/String;F)V", "(CLjava/lang/String;F)V");

[MASTER] 14:26:51.312 [logback-1] WARN  JUnitAnalyzer - Found unstable test named test0 -> class com.alibaba.fastjson.JSONPathException: illeal jsonpath syntax. >lrI)pp$
[MASTER] 14:26:51.312 [logback-1] WARN  JUnitAnalyzer - Failing test:
 ParserConfig parserConfig0 = ParserConfig.global;
JSONPath jSONPath0 = JSONPath.compile(">lrI)pp$");
jSONPath0.size((Object) parserConfig0);

[MASTER] 14:26:58.967 [logback-1] WARN  JUnitAnalyzer - Found unstable test named test0 -> class com.alibaba.fastjson.JSONException: toJSON error
[MASTER] 14:26:58.968 [logback-1] WARN  JUnitAnalyzer - Failing test:
 ParserConfig parserConfig0 = ParserConfig.getGlobalInstance();
SerializeConfig serializeConfig0 = SerializeConfig.globalInstance;
Map<String, Object> map0 = JSONPath.paths((Object) parserConfig0, serializeConfig0);
assertEquals(9, map0.size());


[MASTER] 14:26:59.395 [logback-1] WARN  JUnitAnalyzer - Found unstable test named test0 -> class java.lang.AssertionError: expected:<268> but was:<257>
[MASTER] 14:26:59.395 [logback-1] WARN  JUnitAnalyzer - Failing test:
 HashMap<String, ClientInfoStatus> hashMap0 = new HashMap<String, ClientInfoStatus>();
SQLClientInfoException sQLClientInfoException0 = new SQLClientInfoException("q(P<NRpX", "between", hashMap0);
DataTruncation dataTruncation0 = new DataTruncation(1465, true, true, (-1709), (-1709), sQLClientInfoException0);
SQLIntegrityConstraintViolationException sQLIntegrityConstraintViolationException0 = new SQLIntegrityConstraintViolationException(dataTruncation0);
Map<String, Object> map0 = JSONPath.paths((Object) sQLIntegrityConstraintViolationException0);
assertEquals(268, map0.size());


[MASTER] 14:27:01.434 [logback-1] WARN  JUnitAnalyzer - Found unstable test named test0 -> class com.alibaba.fastjson.JSONPathException: not support jsonpath : OL/JIxMQiv8DNy(S
[MASTER] 14:27:01.434 [logback-1] WARN  JUnitAnalyzer - Failing test:
 JSONPath jSONPath0 = JSONPath.compile("OL/JIxMQiv8DNy(S");
jSONPath0.init();

* Permissions denied during test execution: 
  - java.lang.RuntimePermission: 
         writeFileDescriptor: 8
* Writing tests to file
* Writing JUnit test case 'JSONPath_ESTest' to /home/apaniche/mitchell/generation-scripts/evosuite_fuzzer/tests/s0/fastjson/evosuite-tests
* Done!

* Computation finished
[MASTER] 14:27:24.760 [main] ERROR SearchStatistics - No statistics has been saved because EvoSuite failed to generate any test case
[MASTER] 14:27:24.861 [main] ERROR TestGeneration - failed to write statistics data
* EvoSuite 1.0.7-SNAPSHOT
* Configuration: EvoSuite_fuzzer
* Going to generate test cases for class: com.alibaba.fastjson.parser.JSONScanner
* Starting Client-0
* Connecting to master process on port 10025
* Analyzing classpath: 
  - /home/apaniche/mitchell/generation-scripts/projects/fastjson/fastjson-1.2.68.jar
* Finished analyzing classpath
* Generating tests for class com.alibaba.fastjson.parser.JSONScanner
* Test criteria:
  - Line Coverage
  - Branch Coverage
  - Exception
  - Mutation testing (weak)
  - Method-Output Coverage
  - Top-Level Method Coverage
  - No-Exception Top-Level Method Coverage
  - Context Branch Coverage
* Total number of test goals for DYNAMOSA: 5652
* Using seed 0
* Starting evolution
* Initial Number of Goals in DynaMOSA = 470 / 5652
[MASTER] 14:27:40.004 [logback-1] WARN  CheapPurityAnalyzer - com.google.common.collect.ArrayListMultimap was not found in the inheritance tree. Using DEFAULT value for cheap-purity analysis
[MASTER] 14:27:40.004 [logback-1] WARN  InheritanceTree - Class not in inheritance graph: com.google.common.collect.ArrayListMultimap
[MASTER] 14:27:41.507 [logback-2] ERROR TestCluster - Failed to check cache for java.lang.reflect.Constructor<T> : Type points to itself
[MASTER] 14:27:47.100 [logback-2] ERROR TestCluster - Failed to check cache for java.util.function.Function<T, R> : Type points to itself
* Search finished after 184s and 523 generations, 267395 statements, best individual has fitness: 2932.0
* Minimizing test suite
* Going to analyze the coverage criteria
* Coverage analysis for criterion LINE
* Coverage of criterion LINE: 48%
* Total number of goals: 1857
* Number of covered goals: 891
* Coverage analysis for criterion BRANCH
* Coverage of criterion BRANCH: 45%
* Total number of goals: 1519
* Number of covered goals: 688
* Coverage analysis for criterion EXCEPTION
* Coverage of criterion EXCEPTION: 100%
* Total number of goals: 72
* Number of covered goals: 72
* Coverage analysis for criterion WEAKMUTATION
* Coverage of criterion WEAKMUTATION: 64%
* Total number of goals: 567
* Number of covered goals: 363
* Coverage analysis for criterion OUTPUT
* Coverage of criterion OUTPUT: 70%
* Total number of goals: 94
* Number of covered goals: 66
* Coverage analysis for criterion METHOD
* Coverage of criterion METHOD: 100%
* Total number of goals: 48
* Number of covered goals: 48
* Coverage analysis for criterion METHODNOEXCEPTION
* Coverage of criterion METHODNOEXCEPTION: 100%
* Total number of goals: 48
* Number of covered goals: 48
* Coverage analysis for criterion CBRANCH
* Coverage of criterion CBRANCH: 42%
* Total number of goals: 1519
* Number of covered goals: 637
* Generated 249 tests with total length 696
* Resulting test suite's coverage: 66% (average coverage for all fitness functions)
* Generating assertions
* Resulting test suite's mutation score: 18%
* Compiling and checking tests
* Permissions denied during test execution: 
  - java.lang.RuntimePermission: 
         writeFileDescriptor: 4
* Writing tests to file
* Writing JUnit test case 'JSONScanner_ESTest' to /home/apaniche/mitchell/generation-scripts/evosuite_fuzzer/tests/s0/fastjson/evosuite-tests
* Done!

* Computation finished
