* EvoSuite 1.0.7-SNAPSHOT
* Configuration: EvoSuite_fuzzer
* Going to generate test cases for class: com.alibaba.fastjson.JSON
* Starting Client-0
* Connecting to master process on port 10026
* Analyzing classpath: 
  - /home/apaniche/mitchell/generation-scripts/projects/fastjson/fastjson-1.2.68.jar
[MASTER] 22:59:09.205 [logback-1] WARN  CheapPurityAnalyzer - com.google.common.collect.ArrayListMultimap was not found in the inheritance tree. Using DEFAULT value for cheap-purity analysis
[MASTER] 22:59:09.206 [logback-1] WARN  InheritanceTree - Class not in inheritance graph: com.google.common.collect.ArrayListMultimap
* Finished analyzing classpath
* Generating tests for class com.alibaba.fastjson.JSON
* Test criteria:
  - Line Coverage
  - Branch Coverage
  - Exception
  - Mutation testing (weak)
  - Method-Output Coverage
  - Top-Level Method Coverage
  - No-Exception Top-Level Method Coverage
  - Context Branch Coverage
* Total number of test goals for DYNAMOSA: 2080
* Using seed 0
* Starting evolution
* Initial Number of Goals in DynaMOSA = 747 / 2080
[MASTER] 22:59:10.240 [logback-2] ERROR TestCluster - Failed to check cache for java.util.LinkedList<E> : Type points to itself
[MASTER] 22:59:10.245 [logback-2] ERROR TestCluster - Failed to check cache for java.util.HashMap<K, V> : Type points to itself
[MASTER] 22:59:10.254 [logback-2] ERROR TestCluster - Failed to check cache for java.lang.Enum<E> : Type points to itself
[MASTER] 22:59:10.255 [logback-2] ERROR TestCluster - Failed to check cache for java.util.AbstractMap<K, V>.SimpleEntry<K, V> : Type points to itself
[MASTER] 22:59:10.255 [logback-2] ERROR TestCluster - Failed to check cache for java.util.AbstractMap<K, V>.SimpleImmutableEntry<K, V> : Type points to itself
[MASTER] 22:59:11.488 [logback-2] ERROR TestCluster - Failed to check cache for java.lang.reflect.Constructor<T> : Type points to itself
[MASTER] 22:59:27.037 [logback-2] ERROR TestCluster - Failed to check cache for java.util.function.Function<T, R> : Type points to itself
[MASTER] 22:59:27.798 [logback-2] ERROR TestCluster - Failed to check cache for java.util.Enumeration<E> : Type points to itself
[MASTER] 22:59:35.131 [logback-2] ERROR TestCluster - Failed to check cache for java.util.Comparator<T> : Type points to itself
* Search finished after 123s and 99 generations, 64031 statements, best individual has fitness: 545.0
* Minimizing test suite
* Going to analyze the coverage criteria
* Coverage analysis for criterion LINE
* Coverage of criterion LINE: 83%
* Total number of goals: 435
* Number of covered goals: 361
* Coverage analysis for criterion BRANCH
* Coverage of criterion BRANCH: 81%
* Total number of goals: 283
* Number of covered goals: 229
* Coverage analysis for criterion EXCEPTION
* Coverage of criterion EXCEPTION: 100%
* Total number of goals: 104
* Number of covered goals: 104
* Coverage analysis for criterion WEAKMUTATION
* Coverage of criterion WEAKMUTATION: 77%
* Total number of goals: 716
* Number of covered goals: 552
* Coverage analysis for criterion OUTPUT
* Coverage of criterion OUTPUT: 41%
* Total number of goals: 197
* Number of covered goals: 81
* Coverage analysis for criterion METHOD
* Coverage of criterion METHOD: 96%
* Total number of goals: 83
* Number of covered goals: 80
* Coverage analysis for criterion METHODNOEXCEPTION
* Coverage of criterion METHODNOEXCEPTION: 82%
* Total number of goals: 83
* Number of covered goals: 68
* Coverage analysis for criterion CBRANCH
* Coverage of criterion CBRANCH: 76%
* Total number of goals: 283
* Number of covered goals: 215
* Generated 222 tests with total length 961
* Resulting test suite's coverage: 76% (average coverage for all fitness functions)
* Generating assertions
* Resulting test suite's mutation score: 30%
* Compiling and checking tests
[MASTER] 23:02:20.447 [logback-1] WARN  JUnitAnalyzer - Found unstable test named test0 -> class java.lang.ClassCastException: com.alibaba.fastjson.JSONObject cannot be cast to java.util.LinkedHashMap
[MASTER] 23:02:20.447 [logback-1] WARN  JUnitAnalyzer - Failing test:
 LinkedHashMap<PropertyNamingStrategy, JSONObject> linkedHashMap0 = new LinkedHashMap<PropertyNamingStrategy, JSONObject>();
LinkedHashMap linkedHashMap1 = (LinkedHashMap)JSON.toJSON((Object) linkedHashMap0);
assertTrue(linkedHashMap1.isEmpty());


[MASTER] 23:02:20.773 [logback-1] WARN  JUnitAnalyzer - Found unstable test named test0 -> class java.lang.ClassCastException: com.alibaba.fastjson.JSONObject cannot be cast to java.util.TreeMap
[MASTER] 23:02:20.774 [logback-1] WARN  JUnitAnalyzer - Failing test:
 TreeMap<JSONObject, SimplePropertyPreFilter> treeMap0 = new TreeMap<JSONObject, SimplePropertyPreFilter>();
SerializeConfig serializeConfig0 = new SerializeConfig();
TreeMap treeMap1 = (TreeMap)JSON.toJSON((Object) treeMap0, serializeConfig0);
assertEquals(3089, JSON.DEFAULT_GENERATE_FEATURE);


[MASTER] 23:02:40.195 [logback-1] WARN  JUnitAnalyzer - Found unstable test named test0 -> class java.lang.ClassCastException: com.alibaba.fastjson.JSONObject cannot be cast to java.util.LinkedHashMap
[MASTER] 23:02:40.195 [logback-1] WARN  JUnitAnalyzer - Failing test:
 SerializeConfig serializeConfig0 = SerializeConfig.getGlobalInstance();
LinkedHashMap<JSONPath.Operator, JSONArray> linkedHashMap0 = new LinkedHashMap<JSONPath.Operator, JSONArray>();
LinkedHashMap linkedHashMap1 = (LinkedHashMap)JSON.toJSON((Object) linkedHashMap0, serializeConfig0);
assertEquals(3089, JSON.DEFAULT_GENERATE_FEATURE);


* Permissions denied during test execution: 
  - java.lang.RuntimePermission: 
         writeFileDescriptor: 2
* Writing tests to file
* Writing JUnit test case 'JSON_ESTest' to /home/apaniche/mitchell/generation-scripts/evosuite_fuzzer/tests/s0/fastjson/evosuite-tests
* Done!

* Computation finished
* EvoSuite 1.0.7-SNAPSHOT
* Configuration: EvoSuite_fuzzer
* Going to generate test cases for class: com.alibaba.fastjson.JSONValidator
* EvoSuite 1.0.7-SNAPSHOT
* Configuration: EvoSuite_fuzzer
* Going to generate test cases for class: com.alibaba.fastjson.JSONArray
* EvoSuite 1.0.7-SNAPSHOT
* Configuration: EvoSuite_fuzzer
* Going to generate test cases for class: com.alibaba.fastjson.JSONWriter
* EvoSuite 1.0.7-SNAPSHOT
* Configuration: EvoSuite_fuzzer
* Going to generate test cases for class: com.alibaba.fastjson.parser.JSONScanner
* Starting Client-0
* Starting Client-0
* Starting Client-0
* Connecting to master process on port 10023
* Connecting to master process on port 10024
* Starting Client-0
* Connecting to master process on port 10026
* Connecting to master process on port 10027
* Analyzing classpath: 
* Analyzing classpath: 
* Analyzing classpath: 
* Analyzing classpath: 
  - /home/apaniche/mitchell/generation-scripts/projects/fastjson/fastjson-1.2.68.jar
  - /home/apaniche/mitchell/generation-scripts/projects/fastjson/fastjson-1.2.68.jar
  - /home/apaniche/mitchell/generation-scripts/projects/fastjson/fastjson-1.2.68.jar
* Finished analyzing classpath
* Generating tests for class com.alibaba.fastjson.JSONWriter
* Test criteria:
  - Line Coverage
  - Branch Coverage
  - Exception
  - Mutation testing (weak)
  - Method-Output Coverage
  - Top-Level Method Coverage
  - No-Exception Top-Level Method Coverage
  - Context Branch Coverage
* Total number of test goals for DYNAMOSA: 429
* Using seed 0
* Starting evolution
* Initial Number of Goals in DynaMOSA = 130 / 429
* Finished analyzing classpath
* Generating tests for class com.alibaba.fastjson.JSONValidator
* Test criteria:
  - Line Coverage
  - Branch Coverage
  - Exception
  - Mutation testing (weak)
  - Method-Output Coverage
  - Top-Level Method Coverage
  - No-Exception Top-Level Method Coverage
  - Context Branch Coverage
* Total number of test goals for DYNAMOSA: 1127
* Using seed 0
* Starting evolution
* Initial Number of Goals in DynaMOSA = 268 / 1127
[MASTER] 23:03:28.296 [logback-1] WARN  CheapPurityAnalyzer - com.google.common.collect.ArrayListMultimap was not found in the inheritance tree. Using DEFAULT value for cheap-purity analysis
[MASTER] 23:03:28.299 [logback-1] WARN  InheritanceTree - Class not in inheritance graph: com.google.common.collect.ArrayListMultimap
* Finished analyzing classpath
* Generating tests for class com.alibaba.fastjson.JSONArray
* Test criteria:
  - Line Coverage
  - Branch Coverage
  - Exception
  - Mutation testing (weak)
  - Method-Output Coverage
  - Top-Level Method Coverage
  - No-Exception Top-Level Method Coverage
  - Context Branch Coverage
* Total number of test goals for DYNAMOSA: 1055
* Using seed 0
* Starting evolution
* Initial Number of Goals in DynaMOSA = 674 / 1055
[MASTER] 23:03:29.458 [logback-2] ERROR TestCluster - Failed to check cache for java.util.LinkedList<E> : Type points to itself
[MASTER] 23:03:29.460 [logback-2] ERROR TestCluster - Failed to check cache for java.util.HashMap<K, V> : Type points to itself
[MASTER] 23:03:29.885 [logback-2] ERROR TestCluster - Failed to check cache for java.lang.reflect.Constructor<T> : Type points to itself
  - /home/apaniche/mitchell/generation-scripts/projects/fastjson/fastjson-1.2.68.jar
* Finished analyzing classpath
* Generating tests for class com.alibaba.fastjson.parser.JSONScanner
* Test criteria:
  - Line Coverage
  - Branch Coverage
  - Exception
  - Mutation testing (weak)
  - Method-Output Coverage
  - Top-Level Method Coverage
  - No-Exception Top-Level Method Coverage
  - Context Branch Coverage
* Total number of test goals for DYNAMOSA: 5652
* Using seed 0
* Starting evolution
* Initial Number of Goals in DynaMOSA = 470 / 5652
[MASTER] 23:03:33.851 [logback-1] WARN  CheapPurityAnalyzer - com.google.common.collect.ArrayListMultimap was not found in the inheritance tree. Using DEFAULT value for cheap-purity analysis
[MASTER] 23:03:33.852 [logback-1] WARN  InheritanceTree - Class not in inheritance graph: com.google.common.collect.ArrayListMultimap
[MASTER] 23:03:35.289 [logback-2] ERROR TestCluster - Failed to check cache for java.util.Enumeration<E> : Type points to itself
[MASTER] 23:03:48.016 [logback-2] ERROR TestCluster - Failed to check cache for java.util.Comparator<T> : Type points to itself
[MASTER] 23:04:37.561 [logback-2] ERROR ClientNodeImpl - Cannot inform master of change of state
java.rmi.ServerException: RemoteException occurred in server thread; nested exception is: 
	java.rmi.UnmarshalException: error unmarshalling arguments; nested exception is: 
	java.lang.ClassNotFoundException: Class 'com/alibaba/fastjson/parser/deserializer/FastjsonASMDeserializer_1_String.class' should be in target project, but could not be found!
	at sun.rmi.server.UnicastServerRef.dispatch(UnicastServerRef.java:393) ~[na:1.8.0_161]
	at sun.rmi.transport.Transport$1.run(Transport.java:200) ~[na:1.8.0_161]
	at sun.rmi.transport.Transport$1.run(Transport.java:197) ~[na:1.8.0_161]
	at java.security.AccessController.doPrivileged(Native Method) ~[na:1.8.0_161]
	at sun.rmi.transport.Transport.serviceCall(Transport.java:196) ~[na:1.8.0_161]
	at sun.rmi.transport.tcp.TCPTransport.handleMessages(TCPTransport.java:568) ~[na:1.8.0_161]
	at sun.rmi.transport.tcp.TCPTransport$ConnectionHandler.run0(TCPTransport.java:826) ~[na:1.8.0_161]
	at sun.rmi.transport.tcp.TCPTransport$ConnectionHandler.lambda$run$0(TCPTransport.java:683) ~[na:1.8.0_161]
	at java.security.AccessController.doPrivileged(Native Method) ~[na:1.8.0_161]
	at sun.rmi.transport.tcp.TCPTransport$ConnectionHandler.run(TCPTransport.java:682) ~[na:1.8.0_161]
	at java.util.concurrent.ThreadPoolExecutor.runWorker(ThreadPoolExecutor.java:1149) ~[na:1.8.0_161]
	at java.util.concurrent.ThreadPoolExecutor$Worker.run(ThreadPoolExecutor.java:624) ~[na:1.8.0_161]
	at java.lang.Thread.run(Thread.java:748) ~[na:1.8.0_161]
	at sun.rmi.transport.StreamRemoteCall.exceptionReceivedFromServer(StreamRemoteCall.java:283) ~[na:1.8.0_161]
	at sun.rmi.transport.StreamRemoteCall.executeCall(StreamRemoteCall.java:260) ~[na:1.8.0_161]
	at sun.rmi.server.UnicastRef.invoke(UnicastRef.java:161) ~[na:1.8.0_161]
	at java.rmi.server.RemoteObjectInvocationHandler.invokeRemoteMethod(RemoteObjectInvocationHandler.java:227) ~[na:1.8.0_161]
	at java.rmi.server.RemoteObjectInvocationHandler.invoke(RemoteObjectInvocationHandler.java:179) ~[na:1.8.0_161]
	at com.sun.proxy.$Proxy7.evosuite_collectStatistics(Unknown Source) ~[na:na]
	at org.evosuite.rmi.service.ClientNodeImpl.updateStatistics(ClientNodeImpl.java:266) ~[evosuite.jar:1.0.7-SNAPSHOT]
	at org.evosuite.statistics.StatisticsSender.sendIndividualToMaster(StatisticsSender.java:68) [evosuite.jar:1.0.7-SNAPSHOT]
	at org.evosuite.statistics.StatisticsListener.lambda$new$0(StatisticsListener.java:69) [evosuite.jar:1.0.7-SNAPSHOT]
	at java.lang.Thread.run(Thread.java:748) ~[na:1.8.0_161]
Caused by: java.rmi.UnmarshalException: error unmarshalling arguments; nested exception is: 
	java.lang.ClassNotFoundException: Class 'com/alibaba/fastjson/parser/deserializer/FastjsonASMDeserializer_1_String.class' should be in target project, but could not be found!
	at sun.rmi.server.UnicastServerRef.dispatch(UnicastServerRef.java:352) ~[na:1.8.0_161]
	at sun.rmi.transport.Transport$1.run(Transport.java:200) ~[na:1.8.0_161]
	at sun.rmi.transport.Transport$1.run(Transport.java:197) ~[na:1.8.0_161]
	at java.security.AccessController.doPrivileged(Native Method) ~[na:1.8.0_161]
	at sun.rmi.transport.Transport.serviceCall(Transport.java:196) ~[na:1.8.0_161]
	at sun.rmi.transport.tcp.TCPTransport.handleMessages(TCPTransport.java:568) ~[na:1.8.0_161]
	at sun.rmi.transport.tcp.TCPTransport$ConnectionHandler.run0(TCPTransport.java:826) ~[na:1.8.0_161]
	at sun.rmi.transport.tcp.TCPTransport$ConnectionHandler.lambda$run$0(TCPTransport.java:683) ~[na:1.8.0_161]
	at java.security.AccessController.doPrivileged(Native Method) ~[na:1.8.0_161]
	at sun.rmi.transport.tcp.TCPTransport$ConnectionHandler.run(TCPTransport.java:682) ~[na:1.8.0_161]
	at java.util.concurrent.ThreadPoolExecutor.runWorker(ThreadPoolExecutor.java:1149) ~[na:1.8.0_161]
	at java.util.concurrent.ThreadPoolExecutor$Worker.run(ThreadPoolExecutor.java:624) ~[na:1.8.0_161]
	... 1 common frames omitted
Caused by: java.lang.ClassNotFoundException: Class 'com/alibaba/fastjson/parser/deserializer/FastjsonASMDeserializer_1_String.class' should be in target project, but could not be found!
	at org.evosuite.instrumentation.InstrumentingClassLoader.instrumentClass(InstrumentingClassLoader.java:203) ~[evosuite.jar:1.0.7-SNAPSHOT]
	at org.evosuite.instrumentation.InstrumentingClassLoader.loadClass(InstrumentingClassLoader.java:168) ~[evosuite.jar:1.0.7-SNAPSHOT]
	at org.evosuite.utils.generic.GenericClass.getClass(GenericClass.java:149) ~[evosuite.jar:1.0.7-SNAPSHOT]
	at org.evosuite.utils.generic.GenericClass.getClass(GenericClass.java:115) ~[evosuite.jar:1.0.7-SNAPSHOT]
	at org.evosuite.utils.generic.GenericClass.readObject(GenericClass.java:1720) ~[evosuite.jar:1.0.7-SNAPSHOT]
	at sun.reflect.GeneratedMethodAccessor9.invoke(Unknown Source) ~[na:na]
	at sun.reflect.DelegatingMethodAccessorImpl.invoke(DelegatingMethodAccessorImpl.java:43) ~[na:1.8.0_161]
	at java.lang.reflect.Method.invoke(Method.java:498) ~[na:1.8.0_161]
	at java.io.ObjectStreamClass.invokeReadObject(ObjectStreamClass.java:1158) ~[na:1.8.0_161]
	at java.io.ObjectInputStream.readSerialData(ObjectInputStream.java:2168) ~[na:1.8.0_161]
	at java.io.ObjectInputStream.readOrdinaryObject(ObjectInputStream.java:2059) ~[na:1.8.0_161]
	at java.io.ObjectInputStream.readObject0(ObjectInputStream.java:1566) ~[na:1.8.0_161]
	at java.io.ObjectInputStream.defaultReadFields(ObjectInputStream.java:2277) ~[na:1.8.0_161]
	at java.io.ObjectInputStream.readSerialData(ObjectInputStream.java:2201) ~[na:1.8.0_161]
	at java.io.ObjectInputStream.readOrdinaryObject(ObjectInputStream.java:2059) ~[na:1.8.0_161]
	at java.io.ObjectInputStream.readObject0(ObjectInputStream.java:1566) ~[na:1.8.0_161]
	at java.io.ObjectInputStream.defaultReadFields(ObjectInputStream.java:2277) ~[na:1.8.0_161]
	at java.io.ObjectInputStream.readSerialData(ObjectInputStream.java:2201) ~[na:1.8.0_161]
	at java.io.ObjectInputStream.readOrdinaryObject(ObjectInputStream.java:2059) ~[na:1.8.0_161]
	at java.io.ObjectInputStream.readObject0(ObjectInputStream.java:1566) ~[na:1.8.0_161]
	at java.io.ObjectInputStream.readObject(ObjectInputStream.java:426) ~[na:1.8.0_161]
	at java.util.ArrayList.readObject(ArrayList.java:797) ~[na:1.8.0_161]
	at sun.reflect.GeneratedMethodAccessor7.invoke(Unknown Source) ~[na:na]
	at sun.reflect.DelegatingMethodAccessorImpl.invoke(DelegatingMethodAccessorImpl.java:43) ~[na:1.8.0_161]
	at java.lang.reflect.Method.invoke(Method.java:498) ~[na:1.8.0_161]
	at java.io.ObjectStreamClass.invokeReadObject(ObjectStreamClass.java:1158) ~[na:1.8.0_161]
	at java.io.ObjectInputStream.readSerialData(ObjectInputStream.java:2168) ~[na:1.8.0_161]
	at java.io.ObjectInputStream.readOrdinaryObject(ObjectInputStream.java:2059) ~[na:1.8.0_161]
	at java.io.ObjectInputStream.readObject0(ObjectInputStream.java:1566) ~[na:1.8.0_161]
	at java.io.ObjectInputStream.defaultReadFields(ObjectInputStream.java:2277) ~[na:1.8.0_161]
	at java.io.ObjectInputStream.readSerialData(ObjectInputStream.java:2201) ~[na:1.8.0_161]
	at java.io.ObjectInputStream.readOrdinaryObject(ObjectInputStream.java:2059) ~[na:1.8.0_161]
	at java.io.ObjectInputStream.readObject0(ObjectInputStream.java:1566) ~[na:1.8.0_161]
	at java.io.ObjectInputStream.defaultReadFields(ObjectInputStream.java:2277) ~[na:1.8.0_161]
	at java.io.ObjectInputStream.defaultReadObject(ObjectInputStream.java:556) ~[na:1.8.0_161]
	at org.evosuite.testcase.DefaultTestCase.readObject(DefaultTestCase.java:1103) ~[evosuite.jar:1.0.7-SNAPSHOT]
	at sun.reflect.GeneratedMethodAccessor13.invoke(Unknown Source) ~[na:na]
	at sun.reflect.DelegatingMethodAccessorImpl.invoke(DelegatingMethodAccessorImpl.java:43) ~[na:1.8.0_161]
	at java.lang.reflect.Method.invoke(Method.java:498) ~[na:1.8.0_161]
	at java.io.ObjectStreamClass.invokeReadObject(ObjectStreamClass.java:1158) ~[na:1.8.0_161]
	at java.io.ObjectInputStream.readSerialData(ObjectInputStream.java:2168) ~[na:1.8.0_161]
	at java.io.ObjectInputStream.readOrdinaryObject(ObjectInputStream.java:2059) ~[na:1.8.0_161]
	at java.io.ObjectInputStream.readObject0(ObjectInputStream.java:1566) ~[na:1.8.0_161]
	at java.io.ObjectInputStream.defaultReadFields(ObjectInputStream.java:2277) ~[na:1.8.0_161]
	at java.io.ObjectInputStream.readSerialData(ObjectInputStream.java:2201) ~[na:1.8.0_161]
	at java.io.ObjectInputStream.readOrdinaryObject(ObjectInputStream.java:2059) ~[na:1.8.0_161]
	at java.io.ObjectInputStream.readObject0(ObjectInputStream.java:1566) ~[na:1.8.0_161]
	at java.io.ObjectInputStream.readObject(ObjectInputStream.java:426) ~[na:1.8.0_161]
	at java.util.ArrayList.readObject(ArrayList.java:797) ~[na:1.8.0_161]
	at sun.reflect.GeneratedMethodAccessor7.invoke(Unknown Source) ~[na:na]
	at sun.reflect.DelegatingMethodAccessorImpl.invoke(DelegatingMethodAccessorImpl.java:43) ~[na:1.8.0_161]
	at java.lang.reflect.Method.invoke(Method.java:498) ~[na:1.8.0_161]
	at java.io.ObjectStreamClass.invokeReadObject(ObjectStreamClass.java:1158) ~[na:1.8.0_161]
	at java.io.ObjectInputStream.readSerialData(ObjectInputStream.java:2168) ~[na:1.8.0_161]
	at java.io.ObjectInputStream.readOrdinaryObject(ObjectInputStream.java:2059) ~[na:1.8.0_161]
	at java.io.ObjectInputStream.readObject0(ObjectInputStream.java:1566) ~[na:1.8.0_161]
	at java.io.ObjectInputStream.defaultReadFields(ObjectInputStream.java:2277) ~[na:1.8.0_161]
	at java.io.ObjectInputStream.readSerialData(ObjectInputStream.java:2201) ~[na:1.8.0_161]
	at java.io.ObjectInputStream.readOrdinaryObject(ObjectInputStream.java:2059) ~[na:1.8.0_161]
	at java.io.ObjectInputStream.readObject0(ObjectInputStream.java:1566) ~[na:1.8.0_161]
	at java.io.ObjectInputStream.readObject(ObjectInputStream.java:426) ~[na:1.8.0_161]
	at sun.rmi.server.UnicastRef.unmarshalValue(UnicastRef.java:322) ~[na:1.8.0_161]
	at sun.rmi.server.UnicastServerRef.dispatch(UnicastServerRef.java:341) ~[na:1.8.0_161]
	... 12 common frames omitted
Caused by: java.lang.ClassNotFoundException: Class 'com/alibaba/fastjson/parser/deserializer/FastjsonASMDeserializer_1_String.class' should be in target project, but could not be found!
	at org.evosuite.instrumentation.InstrumentingClassLoader.instrumentClass(InstrumentingClassLoader.java:190) ~[evosuite.jar:1.0.7-SNAPSHOT]
	... 74 common frames omitted
* Search finished after 121s and 1470 generations, 517711 statements, best individual has fitness: 27.0
* Minimizing test suite
* Going to analyze the coverage criteria
* Coverage analysis for criterion LINE
* Coverage of criterion LINE: 100%
* Total number of goals: 97
* Number of covered goals: 97
* Coverage analysis for criterion BRANCH
* Coverage of criterion BRANCH: 93%
* Total number of goals: 76
* Number of covered goals: 71
* Coverage analysis for criterion EXCEPTION
* Coverage of criterion EXCEPTION: 100%
* Total number of goals: 18
* Number of covered goals: 18
* Coverage analysis for criterion WEAKMUTATION
* Coverage of criterion WEAKMUTATION: 99%
* Total number of goals: 148
* Number of covered goals: 146
* Coverage analysis for criterion OUTPUT
* Coverage of criterion OUTPUT: 100% (no goals)
* Coverage analysis for criterion METHOD
* Coverage of criterion METHOD: 100%
* Total number of goals: 16
* Number of covered goals: 16
* Coverage analysis for criterion METHODNOEXCEPTION
* Coverage of criterion METHODNOEXCEPTION: 100%
* Total number of goals: 16
* Number of covered goals: 16
* Coverage analysis for criterion CBRANCH
* Coverage of criterion CBRANCH: 93%
* Total number of goals: 76
* Number of covered goals: 71
* Generated 30 tests with total length 128
* Resulting test suite's coverage: 93% (average coverage for all fitness functions)
* Generating assertions
* Resulting test suite's mutation score: 20%
* Compiling and checking tests
* Search finished after 125s and 41 generations, 18131 statements, best individual has fitness: 183.0
* Minimizing test suite
* Search finished after 124s and 68 generations, 26132 statements, best individual has fitness: 284.0
[MASTER] 23:05:36.964 [logback-2] ERROR ClientNodeImpl - Cannot inform master of change of state
java.rmi.ServerException: RemoteException occurred in server thread; nested exception is: 
	java.rmi.UnmarshalException: error unmarshalling arguments; nested exception is: 
	java.lang.ClassNotFoundException: Class 'com/alibaba/fastjson/parser/deserializer/FastjsonASMDeserializer_1_String.class' should be in target project, but could not be found!
	at sun.rmi.server.UnicastServerRef.dispatch(UnicastServerRef.java:393) ~[na:1.8.0_161]
	at sun.rmi.transport.Transport$1.run(Transport.java:200) ~[na:1.8.0_161]
	at sun.rmi.transport.Transport$1.run(Transport.java:197) ~[na:1.8.0_161]
	at java.security.AccessController.doPrivileged(Native Method) ~[na:1.8.0_161]
	at sun.rmi.transport.Transport.serviceCall(Transport.java:196) ~[na:1.8.0_161]
	at sun.rmi.transport.tcp.TCPTransport.handleMessages(TCPTransport.java:568) ~[na:1.8.0_161]
	at sun.rmi.transport.tcp.TCPTransport$ConnectionHandler.run0(TCPTransport.java:826) ~[na:1.8.0_161]
	at sun.rmi.transport.tcp.TCPTransport$ConnectionHandler.lambda$run$0(TCPTransport.java:683) ~[na:1.8.0_161]
	at java.security.AccessController.doPrivileged(Native Method) ~[na:1.8.0_161]
	at sun.rmi.transport.tcp.TCPTransport$ConnectionHandler.run(TCPTransport.java:682) ~[na:1.8.0_161]
	at java.util.concurrent.ThreadPoolExecutor.runWorker(ThreadPoolExecutor.java:1149) ~[na:1.8.0_161]
	at java.util.concurrent.ThreadPoolExecutor$Worker.run(ThreadPoolExecutor.java:624) ~[na:1.8.0_161]
	at java.lang.Thread.run(Thread.java:748) ~[na:1.8.0_161]
	at sun.rmi.transport.StreamRemoteCall.exceptionReceivedFromServer(StreamRemoteCall.java:283) ~[na:1.8.0_161]
	at sun.rmi.transport.StreamRemoteCall.executeCall(StreamRemoteCall.java:260) ~[na:1.8.0_161]
	at sun.rmi.server.UnicastRef.invoke(UnicastRef.java:161) ~[na:1.8.0_161]
	at java.rmi.server.RemoteObjectInvocationHandler.invokeRemoteMethod(RemoteObjectInvocationHandler.java:227) ~[na:1.8.0_161]
	at java.rmi.server.RemoteObjectInvocationHandler.invoke(RemoteObjectInvocationHandler.java:179) ~[na:1.8.0_161]
	at com.sun.proxy.$Proxy7.evosuite_collectStatistics(Unknown Source) ~[na:na]
	at org.evosuite.rmi.service.ClientNodeImpl.updateStatistics(ClientNodeImpl.java:266) ~[evosuite.jar:1.0.7-SNAPSHOT]
	at org.evosuite.statistics.StatisticsSender.sendIndividualToMaster(StatisticsSender.java:68) [evosuite.jar:1.0.7-SNAPSHOT]
	at org.evosuite.statistics.StatisticsListener.lambda$new$0(StatisticsListener.java:69) [evosuite.jar:1.0.7-SNAPSHOT]
	at java.lang.Thread.run(Thread.java:748) ~[na:1.8.0_161]
Caused by: java.rmi.UnmarshalException: error unmarshalling arguments; nested exception is: 
	java.lang.ClassNotFoundException: Class 'com/alibaba/fastjson/parser/deserializer/FastjsonASMDeserializer_1_String.class' should be in target project, but could not be found!
	at sun.rmi.server.UnicastServerRef.dispatch(UnicastServerRef.java:352) ~[na:1.8.0_161]
	at sun.rmi.transport.Transport$1.run(Transport.java:200) ~[na:1.8.0_161]
	at sun.rmi.transport.Transport$1.run(Transport.java:197) ~[na:1.8.0_161]
	at java.security.AccessController.doPrivileged(Native Method) ~[na:1.8.0_161]
	at sun.rmi.transport.Transport.serviceCall(Transport.java:196) ~[na:1.8.0_161]
	at sun.rmi.transport.tcp.TCPTransport.handleMessages(TCPTransport.java:568) ~[na:1.8.0_161]
	at sun.rmi.transport.tcp.TCPTransport$ConnectionHandler.run0(TCPTransport.java:826) ~[na:1.8.0_161]
	at sun.rmi.transport.tcp.TCPTransport$ConnectionHandler.lambda$run$0(TCPTransport.java:683) ~[na:1.8.0_161]
	at java.security.AccessController.doPrivileged(Native Method) ~[na:1.8.0_161]
	at sun.rmi.transport.tcp.TCPTransport$ConnectionHandler.run(TCPTransport.java:682) ~[na:1.8.0_161]
	at java.util.concurrent.ThreadPoolExecutor.runWorker(ThreadPoolExecutor.java:1149) ~[na:1.8.0_161]
	at java.util.concurrent.ThreadPoolExecutor$Worker.run(ThreadPoolExecutor.java:624) ~[na:1.8.0_161]
	... 1 common frames omitted
Caused by: java.lang.ClassNotFoundException: Class 'com/alibaba/fastjson/parser/deserializer/FastjsonASMDeserializer_1_String.class' should be in target project, but could not be found!
	at org.evosuite.instrumentation.InstrumentingClassLoader.instrumentClass(InstrumentingClassLoader.java:203) ~[evosuite.jar:1.0.7-SNAPSHOT]
	at org.evosuite.instrumentation.InstrumentingClassLoader.loadClass(InstrumentingClassLoader.java:168) ~[evosuite.jar:1.0.7-SNAPSHOT]
	at org.evosuite.utils.generic.GenericClass.getClass(GenericClass.java:149) ~[evosuite.jar:1.0.7-SNAPSHOT]
	at org.evosuite.utils.generic.GenericClass.getClass(GenericClass.java:115) ~[evosuite.jar:1.0.7-SNAPSHOT]
	at org.evosuite.utils.generic.GenericClass.readObject(GenericClass.java:1720) ~[evosuite.jar:1.0.7-SNAPSHOT]
	at sun.reflect.GeneratedMethodAccessor9.invoke(Unknown Source) ~[na:na]
	at sun.reflect.DelegatingMethodAccessorImpl.invoke(DelegatingMethodAccessorImpl.java:43) ~[na:1.8.0_161]
	at java.lang.reflect.Method.invoke(Method.java:498) ~[na:1.8.0_161]
	at java.io.ObjectStreamClass.invokeReadObject(ObjectStreamClass.java:1158) ~[na:1.8.0_161]
	at java.io.ObjectInputStream.readSerialData(ObjectInputStream.java:2168) ~[na:1.8.0_161]
	at java.io.ObjectInputStream.readOrdinaryObject(ObjectInputStream.java:2059) ~[na:1.8.0_161]
	at java.io.ObjectInputStream.readObject0(ObjectInputStream.java:1566) ~[na:1.8.0_161]
	at java.io.ObjectInputStream.defaultReadFields(ObjectInputStream.java:2277) ~[na:1.8.0_161]
	at java.io.ObjectInputStream.readSerialData(ObjectInputStream.java:2201) ~[na:1.8.0_161]
	at java.io.ObjectInputStream.readOrdinaryObject(ObjectInputStream.java:2059) ~[na:1.8.0_161]
	at java.io.ObjectInputStream.readObject0(ObjectInputStream.java:1566) ~[na:1.8.0_161]
	at java.io.ObjectInputStream.defaultReadFields(ObjectInputStream.java:2277) ~[na:1.8.0_161]
	at java.io.ObjectInputStream.readSerialData(ObjectInputStream.java:2201) ~[na:1.8.0_161]
	at java.io.ObjectInputStream.readOrdinaryObject(ObjectInputStream.java:2059) ~[na:1.8.0_161]
	at java.io.ObjectInputStream.readObject0(ObjectInputStream.java:1566) ~[na:1.8.0_161]
	at java.io.ObjectInputStream.readObject(ObjectInputStream.java:426) ~[na:1.8.0_161]
	at java.util.ArrayList.readObject(ArrayList.java:797) ~[na:1.8.0_161]
	at sun.reflect.GeneratedMethodAccessor7.invoke(Unknown Source) ~[na:na]
	at sun.reflect.DelegatingMethodAccessorImpl.invoke(DelegatingMethodAccessorImpl.java:43) ~[na:1.8.0_161]
	at java.lang.reflect.Method.invoke(Method.java:498) ~[na:1.8.0_161]
	at java.io.ObjectStreamClass.invokeReadObject(ObjectStreamClass.java:1158) ~[na:1.8.0_161]
	at java.io.ObjectInputStream.readSerialData(ObjectInputStream.java:2168) ~[na:1.8.0_161]
	at java.io.ObjectInputStream.readOrdinaryObject(ObjectInputStream.java:2059) ~[na:1.8.0_161]
	at java.io.ObjectInputStream.readObject0(ObjectInputStream.java:1566) ~[na:1.8.0_161]
	at java.io.ObjectInputStream.defaultReadFields(ObjectInputStream.java:2277) ~[na:1.8.0_161]
	at java.io.ObjectInputStream.readSerialData(ObjectInputStream.java:2201) ~[na:1.8.0_161]
	at java.io.ObjectInputStream.readOrdinaryObject(ObjectInputStream.java:2059) ~[na:1.8.0_161]
	at java.io.ObjectInputStream.readObject0(ObjectInputStream.java:1566) ~[na:1.8.0_161]
	at java.io.ObjectInputStream.defaultReadFields(ObjectInputStream.java:2277) ~[na:1.8.0_161]
	at java.io.ObjectInputStream.defaultReadObject(ObjectInputStream.java:556) ~[na:1.8.0_161]
	at org.evosuite.testcase.DefaultTestCase.readObject(DefaultTestCase.java:1103) ~[evosuite.jar:1.0.7-SNAPSHOT]
	at sun.reflect.GeneratedMethodAccessor13.invoke(Unknown Source) ~[na:na]
	at sun.reflect.DelegatingMethodAccessorImpl.invoke(DelegatingMethodAccessorImpl.java:43) ~[na:1.8.0_161]
	at java.lang.reflect.Method.invoke(Method.java:498) ~[na:1.8.0_161]
	at java.io.ObjectStreamClass.invokeReadObject(ObjectStreamClass.java:1158) ~[na:1.8.0_161]
	at java.io.ObjectInputStream.readSerialData(ObjectInputStream.java:2168) ~[na:1.8.0_161]
	at java.io.ObjectInputStream.readOrdinaryObject(ObjectInputStream.java:2059) ~[na:1.8.0_161]
	at java.io.ObjectInputStream.readObject0(ObjectInputStream.java:1566) ~[na:1.8.0_161]
	at java.io.ObjectInputStream.defaultReadFields(ObjectInputStream.java:2277) ~[na:1.8.0_161]
	at java.io.ObjectInputStream.readSerialData(ObjectInputStream.java:2201) ~[na:1.8.0_161]
	at java.io.ObjectInputStream.readOrdinaryObject(ObjectInputStream.java:2059) ~[na:1.8.0_161]
	at java.io.ObjectInputStream.readObject0(ObjectInputStream.java:1566) ~[na:1.8.0_161]
	at java.io.ObjectInputStream.readObject(ObjectInputStream.java:426) ~[na:1.8.0_161]
	at java.util.ArrayList.readObject(ArrayList.java:797) ~[na:1.8.0_161]
	at sun.reflect.GeneratedMethodAccessor7.invoke(Unknown Source) ~[na:na]
	at sun.reflect.DelegatingMethodAccessorImpl.invoke(DelegatingMethodAccessorImpl.java:43) ~[na:1.8.0_161]
	at java.lang.reflect.Method.invoke(Method.java:498) ~[na:1.8.0_161]
	at java.io.ObjectStreamClass.invokeReadObject(ObjectStreamClass.java:1158) ~[na:1.8.0_161]
	at java.io.ObjectInputStream.readSerialData(ObjectInputStream.java:2168) ~[na:1.8.0_161]
	at java.io.ObjectInputStream.readOrdinaryObject(ObjectInputStream.java:2059) ~[na:1.8.0_161]
	at java.io.ObjectInputStream.readObject0(ObjectInputStream.java:1566) ~[na:1.8.0_161]
	at java.io.ObjectInputStream.defaultReadFields(ObjectInputStream.java:2277) ~[na:1.8.0_161]
	at java.io.ObjectInputStream.readSerialData(ObjectInputStream.java:2201) ~[na:1.8.0_161]
	at java.io.ObjectInputStream.readOrdinaryObject(ObjectInputStream.java:2059) ~[na:1.8.0_161]
	at java.io.ObjectInputStream.readObject0(ObjectInputStream.java:1566) ~[na:1.8.0_161]
	at java.io.ObjectInputStream.readObject(ObjectInputStream.java:426) ~[na:1.8.0_161]
	at sun.rmi.server.UnicastRef.unmarshalValue(UnicastRef.java:322) ~[na:1.8.0_161]
	at sun.rmi.server.UnicastServerRef.dispatch(UnicastServerRef.java:341) ~[na:1.8.0_161]
	... 12 common frames omitted
Caused by: java.lang.ClassNotFoundException: Class 'com/alibaba/fastjson/parser/deserializer/FastjsonASMDeserializer_1_String.class' should be in target project, but could not be found!
	at org.evosuite.instrumentation.InstrumentingClassLoader.instrumentClass(InstrumentingClassLoader.java:190) ~[evosuite.jar:1.0.7-SNAPSHOT]
	... 74 common frames omitted
* Search finished after 124s and 301 generations, 187702 statements, best individual has fitness: 2617.0
* Minimizing test suite
[MASTER] 23:05:39.808 [logback-2] ERROR ClientNodeImpl - Cannot inform master of change of state
java.rmi.ServerException: RemoteException occurred in server thread; nested exception is: 
	java.rmi.UnmarshalException: error unmarshalling arguments; nested exception is: 
	java.lang.ClassNotFoundException: Class 'com/alibaba/fastjson/parser/deserializer/FastjsonASMDeserializer_1_String.class' should be in target project, but could not be found!
	at sun.rmi.server.UnicastServerRef.dispatch(UnicastServerRef.java:393) ~[na:1.8.0_161]
	at sun.rmi.transport.Transport$1.run(Transport.java:200) ~[na:1.8.0_161]
	at sun.rmi.transport.Transport$1.run(Transport.java:197) ~[na:1.8.0_161]
	at java.security.AccessController.doPrivileged(Native Method) ~[na:1.8.0_161]
	at sun.rmi.transport.Transport.serviceCall(Transport.java:196) ~[na:1.8.0_161]
	at sun.rmi.transport.tcp.TCPTransport.handleMessages(TCPTransport.java:568) ~[na:1.8.0_161]
	at sun.rmi.transport.tcp.TCPTransport$ConnectionHandler.run0(TCPTransport.java:826) ~[na:1.8.0_161]
	at sun.rmi.transport.tcp.TCPTransport$ConnectionHandler.lambda$run$0(TCPTransport.java:683) ~[na:1.8.0_161]
	at java.security.AccessController.doPrivileged(Native Method) ~[na:1.8.0_161]
	at sun.rmi.transport.tcp.TCPTransport$ConnectionHandler.run(TCPTransport.java:682) ~[na:1.8.0_161]
	at java.util.concurrent.ThreadPoolExecutor.runWorker(ThreadPoolExecutor.java:1149) ~[na:1.8.0_161]
	at java.util.concurrent.ThreadPoolExecutor$Worker.run(ThreadPoolExecutor.java:624) ~[na:1.8.0_161]
	at java.lang.Thread.run(Thread.java:748) ~[na:1.8.0_161]
	at sun.rmi.transport.StreamRemoteCall.exceptionReceivedFromServer(StreamRemoteCall.java:283) ~[na:1.8.0_161]
	at sun.rmi.transport.StreamRemoteCall.executeCall(StreamRemoteCall.java:260) ~[na:1.8.0_161]
	at sun.rmi.server.UnicastRef.invoke(UnicastRef.java:161) ~[na:1.8.0_161]
	at java.rmi.server.RemoteObjectInvocationHandler.invokeRemoteMethod(RemoteObjectInvocationHandler.java:227) ~[na:1.8.0_161]
	at java.rmi.server.RemoteObjectInvocationHandler.invoke(RemoteObjectInvocationHandler.java:179) ~[na:1.8.0_161]
	at com.sun.proxy.$Proxy7.evosuite_collectStatistics(Unknown Source) ~[na:na]
	at org.evosuite.rmi.service.ClientNodeImpl.updateStatistics(ClientNodeImpl.java:266) [evosuite.jar:1.0.7-SNAPSHOT]
	at org.evosuite.statistics.StatisticsSender.sendIndividualToMaster(StatisticsSender.java:68) [evosuite.jar:1.0.7-SNAPSHOT]
	at org.evosuite.statistics.StatisticsSender.executedAndThenSendIndividualToMaster(StatisticsSender.java:98) [evosuite.jar:1.0.7-SNAPSHOT]
	at org.evosuite.TestSuiteGenerator.generateTests(TestSuiteGenerator.java:687) [evosuite.jar:1.0.7-SNAPSHOT]
	at org.evosuite.TestSuiteGenerator.generateTestSuite(TestSuiteGenerator.java:245) [evosuite.jar:1.0.7-SNAPSHOT]
	at org.evosuite.rmi.service.ClientNodeImpl.lambda$startNewSearch$0(ClientNodeImpl.java:155) [evosuite.jar:1.0.7-SNAPSHOT]
	at java.util.concurrent.Executors$RunnableAdapter.call(Executors.java:511) ~[na:1.8.0_161]
	at java.util.concurrent.FutureTask.run(FutureTask.java:266) ~[na:1.8.0_161]
	at java.util.concurrent.ThreadPoolExecutor.runWorker(ThreadPoolExecutor.java:1149) ~[na:1.8.0_161]
	at java.util.concurrent.ThreadPoolExecutor$Worker.run(ThreadPoolExecutor.java:624) ~[na:1.8.0_161]
	at java.lang.Thread.run(Thread.java:748) ~[na:1.8.0_161]
Caused by: java.rmi.UnmarshalException: error unmarshalling arguments; nested exception is: 
	java.lang.ClassNotFoundException: Class 'com/alibaba/fastjson/parser/deserializer/FastjsonASMDeserializer_1_String.class' should be in target project, but could not be found!
	at sun.rmi.server.UnicastServerRef.dispatch(UnicastServerRef.java:352) ~[na:1.8.0_161]
	at sun.rmi.transport.Transport$1.run(Transport.java:200) ~[na:1.8.0_161]
	at sun.rmi.transport.Transport$1.run(Transport.java:197) ~[na:1.8.0_161]
	at java.security.AccessController.doPrivileged(Native Method) ~[na:1.8.0_161]
	at sun.rmi.transport.Transport.serviceCall(Transport.java:196) ~[na:1.8.0_161]
	at sun.rmi.transport.tcp.TCPTransport.handleMessages(TCPTransport.java:568) ~[na:1.8.0_161]
	at sun.rmi.transport.tcp.TCPTransport$ConnectionHandler.run0(TCPTransport.java:826) ~[na:1.8.0_161]
	at sun.rmi.transport.tcp.TCPTransport$ConnectionHandler.lambda$run$0(TCPTransport.java:683) ~[na:1.8.0_161]
	at java.security.AccessController.doPrivileged(Native Method) ~[na:1.8.0_161]
	at sun.rmi.transport.tcp.TCPTransport$ConnectionHandler.run(TCPTransport.java:682) ~[na:1.8.0_161]
	... 3 common frames omitted
Caused by: java.lang.ClassNotFoundException: Class 'com/alibaba/fastjson/parser/deserializer/FastjsonASMDeserializer_1_String.class' should be in target project, but could not be found!
	at org.evosuite.instrumentation.InstrumentingClassLoader.instrumentClass(InstrumentingClassLoader.java:203) ~[evosuite.jar:1.0.7-SNAPSHOT]
	at org.evosuite.instrumentation.InstrumentingClassLoader.loadClass(InstrumentingClassLoader.java:168) ~[evosuite.jar:1.0.7-SNAPSHOT]
	at org.evosuite.utils.generic.GenericClass.getClass(GenericClass.java:149) ~[evosuite.jar:1.0.7-SNAPSHOT]
	at org.evosuite.utils.generic.GenericClass.getClass(GenericClass.java:115) ~[evosuite.jar:1.0.7-SNAPSHOT]
	at org.evosuite.utils.generic.GenericClass.readObject(GenericClass.java:1720) ~[evosuite.jar:1.0.7-SNAPSHOT]
	at sun.reflect.GeneratedMethodAccessor9.invoke(Unknown Source) ~[na:na]
	at sun.reflect.DelegatingMethodAccessorImpl.invoke(DelegatingMethodAccessorImpl.java:43) ~[na:1.8.0_161]
	at java.lang.reflect.Method.invoke(Method.java:498) ~[na:1.8.0_161]
	at java.io.ObjectStreamClass.invokeReadObject(ObjectStreamClass.java:1158) ~[na:1.8.0_161]
	at java.io.ObjectInputStream.readSerialData(ObjectInputStream.java:2168) ~[na:1.8.0_161]
	at java.io.ObjectInputStream.readOrdinaryObject(ObjectInputStream.java:2059) ~[na:1.8.0_161]
	at java.io.ObjectInputStream.readObject0(ObjectInputStream.java:1566) ~[na:1.8.0_161]
	at java.io.ObjectInputStream.defaultReadFields(ObjectInputStream.java:2277) ~[na:1.8.0_161]
	at java.io.ObjectInputStream.readSerialData(ObjectInputStream.java:2201) ~[na:1.8.0_161]
	at java.io.ObjectInputStream.readOrdinaryObject(ObjectInputStream.java:2059) ~[na:1.8.0_161]
	at java.io.ObjectInputStream.readObject0(ObjectInputStream.java:1566) ~[na:1.8.0_161]
	at java.io.ObjectInputStream.defaultReadFields(ObjectInputStream.java:2277) ~[na:1.8.0_161]
	at java.io.ObjectInputStream.readSerialData(ObjectInputStream.java:2201) ~[na:1.8.0_161]
	at java.io.ObjectInputStream.readOrdinaryObject(ObjectInputStream.java:2059) ~[na:1.8.0_161]
	at java.io.ObjectInputStream.readObject0(ObjectInputStream.java:1566) ~[na:1.8.0_161]
	at java.io.ObjectInputStream.readObject(ObjectInputStream.java:426) ~[na:1.8.0_161]
	at java.util.ArrayList.readObject(ArrayList.java:797) ~[na:1.8.0_161]
	at sun.reflect.GeneratedMethodAccessor7.invoke(Unknown Source) ~[na:na]
	at sun.reflect.DelegatingMethodAccessorImpl.invoke(DelegatingMethodAccessorImpl.java:43) ~[na:1.8.0_161]
	at java.lang.reflect.Method.invoke(Method.java:498) ~[na:1.8.0_161]
	at java.io.ObjectStreamClass.invokeReadObject(ObjectStreamClass.java:1158) ~[na:1.8.0_161]
	at java.io.ObjectInputStream.readSerialData(ObjectInputStream.java:2168) ~[na:1.8.0_161]
	at java.io.ObjectInputStream.readOrdinaryObject(ObjectInputStream.java:2059) ~[na:1.8.0_161]
	at java.io.ObjectInputStream.readObject0(ObjectInputStream.java:1566) ~[na:1.8.0_161]
	at java.io.ObjectInputStream.defaultReadFields(ObjectInputStream.java:2277) ~[na:1.8.0_161]
	at java.io.ObjectInputStream.readSerialData(ObjectInputStream.java:2201) ~[na:1.8.0_161]
	at java.io.ObjectInputStream.readOrdinaryObject(ObjectInputStream.java:2059) ~[na:1.8.0_161]
	at java.io.ObjectInputStream.readObject0(ObjectInputStream.java:1566) ~[na:1.8.0_161]
	at java.io.ObjectInputStream.defaultReadFields(ObjectInputStream.java:2277) ~[na:1.8.0_161]
	at java.io.ObjectInputStream.defaultReadObject(ObjectInputStream.java:556) ~[na:1.8.0_161]
	at org.evosuite.testcase.DefaultTestCase.readObject(DefaultTestCase.java:1103) ~[evosuite.jar:1.0.7-SNAPSHOT]
	at sun.reflect.GeneratedMethodAccessor13.invoke(Unknown Source) ~[na:na]
	at sun.reflect.DelegatingMethodAccessorImpl.invoke(DelegatingMethodAccessorImpl.java:43) ~[na:1.8.0_161]
	at java.lang.reflect.Method.invoke(Method.java:498) ~[na:1.8.0_161]
	at java.io.ObjectStreamClass.invokeReadObject(ObjectStreamClass.java:1158) ~[na:1.8.0_161]
	at java.io.ObjectInputStream.readSerialData(ObjectInputStream.java:2168) ~[na:1.8.0_161]
	at java.io.ObjectInputStream.readOrdinaryObject(ObjectInputStream.java:2059) ~[na:1.8.0_161]
	at java.io.ObjectInputStream.readObject0(ObjectInputStream.java:1566) ~[na:1.8.0_161]
	at java.io.ObjectInputStream.defaultReadFields(ObjectInputStream.java:2277) ~[na:1.8.0_161]
	at java.io.ObjectInputStream.readSerialData(ObjectInputStream.java:2201) ~[na:1.8.0_161]
	at java.io.ObjectInputStream.readOrdinaryObject(ObjectInputStream.java:2059) ~[na:1.8.0_161]
	at java.io.ObjectInputStream.readObject0(ObjectInputStream.java:1566) ~[na:1.8.0_161]
	at java.io.ObjectInputStream.readObject(ObjectInputStream.java:426) ~[na:1.8.0_161]
	at java.util.ArrayList.readObject(ArrayList.java:797) ~[na:1.8.0_161]
	at sun.reflect.GeneratedMethodAccessor7.invoke(Unknown Source) ~[na:na]
	at sun.reflect.DelegatingMethodAccessorImpl.invoke(DelegatingMethodAccessorImpl.java:43) ~[na:1.8.0_161]
	at java.lang.reflect.Method.invoke(Method.java:498) ~[na:1.8.0_161]
	at java.io.ObjectStreamClass.invokeReadObject(ObjectStreamClass.java:1158) ~[na:1.8.0_161]
	at java.io.ObjectInputStream.readSerialData(ObjectInputStream.java:2168) ~[na:1.8.0_161]
	at java.io.ObjectInputStream.readOrdinaryObject(ObjectInputStream.java:2059) ~[na:1.8.0_161]
	at java.io.ObjectInputStream.readObject0(ObjectInputStream.java:1566) ~[na:1.8.0_161]
	at java.io.ObjectInputStream.defaultReadFields(ObjectInputStream.java:2277) ~[na:1.8.0_161]
	at java.io.ObjectInputStream.readSerialData(ObjectInputStream.java:2201) ~[na:1.8.0_161]
	at java.io.ObjectInputStream.readOrdinaryObject(ObjectInputStream.java:2059) ~[na:1.8.0_161]
	at java.io.ObjectInputStream.readObject0(ObjectInputStream.java:1566) ~[na:1.8.0_161]
	at java.io.ObjectInputStream.readObject(ObjectInputStream.java:426) ~[na:1.8.0_161]
	at sun.rmi.server.UnicastRef.unmarshalValue(UnicastRef.java:322) ~[na:1.8.0_161]
	at sun.rmi.server.UnicastServerRef.dispatch(UnicastServerRef.java:341) ~[na:1.8.0_161]
	... 12 common frames omitted
Caused by: java.lang.ClassNotFoundException: Class 'com/alibaba/fastjson/parser/deserializer/FastjsonASMDeserializer_1_String.class' should be in target project, but could not be found!
	at org.evosuite.instrumentation.InstrumentingClassLoader.instrumentClass(InstrumentingClassLoader.java:190) ~[evosuite.jar:1.0.7-SNAPSHOT]
	... 74 common frames omitted
* Minimizing test suite
* Writing tests to file
* Writing JUnit test case 'JSONWriter_ESTest' to /home/apaniche/mitchell/generation-scripts/evosuite_fuzzer/tests/s0/fastjson/evosuite-tests
* Done!

* Computation finished
[MASTER] 23:05:46.045 [main] ERROR RuntimeVariable - Obtained invalid goal count: covered 435 out of 429
[MASTER] 23:05:46.046 [main] ERROR SearchStatistics - Not going to write down statistics data, as some data is invalid
[MASTER] 23:05:46.147 [main] ERROR TestGeneration - failed to write statistics data
* Going to analyze the coverage criteria
* Coverage analysis for criterion LINE
* Coverage of criterion LINE: 83%
* Total number of goals: 266
* Number of covered goals: 220
* Coverage analysis for criterion BRANCH
* Coverage of criterion BRANCH: 80%
* Total number of goals: 212
* Number of covered goals: 169
* Coverage analysis for criterion EXCEPTION
* Coverage of criterion EXCEPTION: 100%
* Total number of goals: 13
* Number of covered goals: 13
* Coverage analysis for criterion WEAKMUTATION
* Coverage of criterion WEAKMUTATION: 94%
* Total number of goals: 375
* Number of covered goals: 353
* Coverage analysis for criterion OUTPUT
* Coverage of criterion OUTPUT: 64%
* Total number of goals: 14
* Number of covered goals: 9
* Coverage analysis for criterion METHOD
* Coverage of criterion METHOD: 96%
* Total number of goals: 24
* Number of covered goals: 23
* Coverage analysis for criterion METHODNOEXCEPTION
* Coverage of criterion METHODNOEXCEPTION: 88%
* Total number of goals: 24
* Number of covered goals: 21
* Coverage analysis for criterion CBRANCH
* Coverage of criterion CBRANCH: 79%
* Total number of goals: 212
* Number of covered goals: 167
* Generated 62 tests with total length 189
* Resulting test suite's coverage: 69% (average coverage for all fitness functions)
* Generating assertions
* Going to analyze the coverage criteria
* Coverage analysis for criterion LINE
* Coverage of criterion LINE: 56%
* Total number of goals: 1857
* Number of covered goals: 1031
* Coverage analysis for criterion BRANCH
* Coverage of criterion BRANCH: 52%
* Total number of goals: 1519
* Number of covered goals: 784
* Coverage analysis for criterion EXCEPTION
* Coverage of criterion EXCEPTION: 100%
* Total number of goals: 64
* Number of covered goals: 64
* Coverage analysis for criterion WEAKMUTATION
* Coverage of criterion WEAKMUTATION: 65%
* Total number of goals: 567
* Number of covered goals: 369
* Coverage analysis for criterion OUTPUT
* Coverage of criterion OUTPUT: 71%
* Total number of goals: 94
* Number of covered goals: 67
* Coverage analysis for criterion METHOD
* Coverage of criterion METHOD: 100%
* Total number of goals: 48
* Number of covered goals: 48
* Coverage analysis for criterion METHODNOEXCEPTION
* Coverage of criterion METHODNOEXCEPTION: 96%
* Total number of goals: 48
* Number of covered goals: 46
* Coverage analysis for criterion CBRANCH
* Coverage of criterion CBRANCH: 48%
* Total number of goals: 1519
* Number of covered goals: 725
* Generated 251 tests with total length 726
* Resulting test suite's coverage: 68% (average coverage for all fitness functions)
* Generating assertions
* Going to analyze the coverage criteria
* Coverage analysis for criterion LINE
* Coverage of criterion LINE: 86%
* Total number of goals: 173
* Number of covered goals: 148
* Coverage analysis for criterion BRANCH
* Coverage of criterion BRANCH: 79%
* Total number of goals: 101
* Number of covered goals: 80
* Coverage analysis for criterion EXCEPTION
* Coverage of criterion EXCEPTION: 99%
* Total number of goals: 95
* Number of covered goals: 94
* Coverage analysis for criterion WEAKMUTATION
* Coverage of criterion WEAKMUTATION: 91%
* Total number of goals: 325
* Number of covered goals: 296
* Coverage analysis for criterion OUTPUT
* Coverage of criterion OUTPUT: 44%
* Total number of goals: 219
* Number of covered goals: 96
* Coverage analysis for criterion METHOD
* Coverage of criterion METHOD: 97%
* Total number of goals: 68
* Number of covered goals: 66
* Coverage analysis for criterion METHODNOEXCEPTION
* Coverage of criterion METHODNOEXCEPTION: 96%
* Total number of goals: 68
* Number of covered goals: 65
* Coverage analysis for criterion CBRANCH
* Coverage of criterion CBRANCH: 79%
* Total number of goals: 101
* Number of covered goals: 80
* Generated 174 tests with total length 478
* Resulting test suite's coverage: 79% (average coverage for all fitness functions)
* Generating assertions
* Resulting test suite's mutation score: 46%
* Compiling and checking tests
* Writing tests to file
* Writing JUnit test case 'JSONValidator_ESTest' to /home/apaniche/mitchell/generation-scripts/evosuite_fuzzer/tests/s0/fastjson/evosuite-tests
* Done!

* Computation finished
* Resulting test suite's mutation score: 56%
* Compiling and checking tests
[MASTER] 23:07:07.933 [logback-1] WARN  JUnitAnalyzer - Found unstable test named test0 -> class java.lang.StackOverflowError: null
[MASTER] 23:07:07.935 [logback-1] WARN  JUnitAnalyzer - Failing test:
 JSONArray jSONArray0 = new JSONArray();
jSONArray0.set(989, jSONArray0);
assertEquals(990, jSONArray0.size());

jSONArray0.fluentRemoveAll(jSONArray0);
assertTrue(jSONArray0.isEmpty());


* Resulting test suite's mutation score: 20%
* Compiling and checking tests
[MASTER] 23:07:29.333 [logback-1] WARN  JUnitAnalyzer - Found unstable test named test0 -> class java.lang.OutOfMemoryError: Java heap space
[MASTER] 23:07:29.334 [logback-1] WARN  JUnitAnalyzer - Failing test:
 JSONArray jSONArray0 = new JSONArray(1443168256);

[MASTER] 23:07:35.106 [logback-1] WARN  JUnitAnalyzer - Found unstable test named test0 -> class com.alibaba.fastjson.JSONException: can not cast to byte, value : [null,null,null,null,null,null,null,null,null,null,null,null,null,null,null,null,null,null,null,null,null,null,null,null,null,null,null,null,null,null,null,null,null,null,null,null,null,null,null,null,null,null,null,null,null,null,null,null,null,null,null,null,null,null,null,null,null,null,null,null,null,null,null,null,null,null,null,null,null,null,null,null,null,null,null,null,null,null,null,null,null,null,null,null,null,null,null,null,null,null,null,null,null,null,null,null,null,null,null,null,null,null,null,null,null,null,null,null,null,null,null,null,null,null,null,null,null,null,null,null,null,null,null,null,null,null,null,null,null,null,null,null,null,null,null,null,null,null,null,null,null,null,null,null,null,null,null,null,null,null,null,null,null,null,null,null,null,null,null,null,null,null,null,null,null,null,null,null,null,null,null,null,null,null,null,null,null,null,null,null,null,null,null,null,null,null,null,null,null,null,null,null,null,null,null,null,null,null,null,null,null,null,null,null,null,null,null,null,null,null,null,null,null,null,null,null,null,null,null,null,null,null,null,null,null,null,null,null,null,null,null,null,null,null,null,null,null,null,null,null,null,null,null,null,null,null,null,null,null,null,null,null,null,null,null,null,null,null,null,null,null,null,null,null,null,null,null,null,null,null,null,null,null,null,null,null,null,null,null,null,null,null,null,null,null,null,null,null,null,null,null,null,null,null,null,null,null,null,null,null,null,null,null,null,null,null,null,null,null,null,null,null,null,null,null,null,null,null,null,null,null,null,null,null,null,null,null,null,null,null,null,null,null,null,null,null,null,null,null,null,null,null,null,null,null,null,null,null,null,null,null,null,null,null,null,null,null,null,null,null,null,null,null,null,null,null,null,null,null,null,null,null,null,null,null,null,null,null,null,null,null,null,null,null,null,null,null,null,null,null,null,null,null,null,null,null,null,null,null,null,null,null,null,null,null,null,null,null,null,null,null,null,null,null,null,null,null,null,null,null,null,null,null,null,null,null,null,null,null,null,null,null,null,null,null,null,null,null,null,null,null,null,null,null,null,null,null,null,null,null,null,null,null,null,null,null,null,null,null,null,null,null,null,null,null,null,null,null,null,null,null,null,null,null,null,null,null,null,null,null,null,null,null,null,null,null,null,null,null,null,null,null,null,null,null,null,null,null,null,null,null,null,null,null,null,null,null,null,null,null,null,null,null,null,null,null,null,null,null,null,null,null,null,null,null,null,null,null,null,null,null,null,null,null,null,null,null,null,null,null,null,null,null,null,null,null,null,null,null,null,null,null,null,null,null,null,null,null,null,null,null,null,null,null,null,null,null,null,null,null,null,null,null,null,null,null,null,null,null,null,null,null,null,null,null,null,null,null,null,null,null,null,null,null,null,null,null,null,null,null,null,null,null,null,null,null,null,null,null,null,null,null,null,null,null,null,null,null,null,null,null,null,null,null,null,null,null,null,null,null,null,null,null,null,null,null,null,null,null,null,null,null,null,null,null,null,null,null,null,null,null,null,null,null,null,null,null,null,null,null,null,null,null,null,null,null,null,null,null,null,null,null,null,null,null,null,null,null,null,null,null,null,null,null,null,null,null,null,null,null,null,null,null,null,null,null,null,null,null,null,null,null,null,null,null,null,null,null,null,null,null,null,null,null,null,null,null,null,null,null,null,null,null,null,null,null,null,null,null,null,null,null,null,null,null,null,null,null,null,null,null,null,null,null,null,null,null,null,null,null,null,null,null,null,null,null,null,null,null,null,null,null,null,null,null,null,null,null,null,null,null,null,null,null,null,null,null,null,null,null,null,null,null,null,null,null,null,null,null,null,null,null,null,null,null,null,null,null,null,null,null,null,null,null,null,null,null,null,null,null,null,null,null,null,null,null,null,null,null,null,null,null,null,null,null,null,null,null,null,null,null,null,null,null,null,null,null,null,null,null,null,null,null,null,null,null,null,null,null,null,null,null,null,null,null,null,null,null,null,null,null,null,null,null,null,null,null,null,null,null,null,null,null,null,null,null,null,null,null,null,null,null,null,null,null,null,null,null,null,null,null,null,null,null,null,null,null,null,null,null,null,null,null,null,null,null,null,null,null,null,null,null,null,null,null,null,null,null,null,null,null,null,null,null,null,null,null,null,null,null,null,null,null,null,null,null,null,null,null,null,null,null,null,null,null,null,null,null,null,null,null,null,null,null,null,null,null,null,null,null,null,null,null,null,null,null,null,null,null,null,null,null,null,null,null,null,null,null,null,null,null,null,null,null,null,null,null,null,null,null,null,null,null,null,null,null,null,null,null,null,null,null,null,null,null,null,null,null,null,null,null,null,null,null,null,null,null,null,null,null,null,null,null,null,null,null,null,null,null,null,null,null,null,null,null,null,null,null,null,null,null,null,null,null,null,null,null,null,null,null,null,null,null,null,null,null,null,null,null,null,null,null,null,null,null,null,null,null,null,null,null,null,null,null,null,null,null,null,null,null,null,null,null,null,null,null,null,null,null,null,null,null,null,null,null,null,null,null,null,null,null,null,null,null,null,null,null,null,null,null,null,null,null,null,null,null,null,null,null,null,null,null,null,null,null,null,null,null,null,null,null,null,null,null,null,null,null,null,null,null,null,null,null,null,null,null,null,null,null,null,null,null,null,null,null,null,null,null,null,null,null,null,null,null,null,null,null,null,null,null,null,null,null,null,null,null,null,null,null,null,null,null,null,null,null,null,null,null,null,null,null,null,null,null,null,null,null,null,null,null,null,null,null,null,null,null,null,null,null,null,null,null,null,null,null,null,null,null,null,null,null,null,null,null,null,null,null,null,null,null,null,null,null,null,null,null,null,null,null,null,null,null,null,null,null,null,null,null,null,null,null,null,null,null,null,null,null,null,null,null,null,null,null,null,null,null,null,null,null,null,null,null,null,null,null,null,null,null,null,null,null,null,null,null,null,null,null,null,null,null,null,null,null,null,null,null,null,null,null,null,null,null,null,null,null,null,null,null,null,null,null,null,null,null,null,null,null,null,null,null,null,null,null,null,null,null,null,null,null,null,null,null,null,null,null,null,null,null,null,null,null,null,null,null,null,null,null,null,null,null,null,null,null,null,null,null,null,null,null,null,null,null,null,null,null,null,null,null,null,null,null,null,null,null,null,null,null,null,null,null,null,null,null,null,null,null,null,null,null,null,null,null,null,null,null,null,null,null,null,null,null,null,null,null,null,null,null,null,null,null,null,null,null,null,null,null,null,null,null,null,null,null,null,null,null,null,null,null,null,null,null,null,null,null,null,null,null,null,null,null,null,null,null,null,null,null,null,null,null,null,null,null,null,null,null,null,null,null,null,null,null,null,null,null,null,null,null,null,null,null,null,null,null,null,null,null,null,null,null,null,null,null,null,null,null,null,null,null,null,null,null,null,null,null,null,null,null,null,null,null,null,null,null,null,null,null,null,null,null,null,null,null,null,null,null,null,null,null,null,null,null,null,null,null,null,null,null,null,null,null,null,null,null,null,null,null,null,null,null,null,null,null,null,null,null,null,null,null,null,null,null,null,null,null,null,null,null,null,null,null,null,null,null,null,null,null,null,null,null,null,null,null,null,null,null,null,null,null,null,null,null,null,null,null,null,null,null,null,null,null,null,null,null,null,null,null,null,null,null,null,null,null,null,null,null,null,null,null,null,null,null,null,null,null,null,null,null,null,null,null,null,null,null,null,null,null,null,null,null,null,null,null,null,null,null,null,null,null,null,null,null,null,null,null,null,null,null,null,null,null,null,null,null,null,null,null,null,null,null,null,null,null,null,null,null,null,null,null,null,null,null,null,null,null,null,null,null,null,null,null,null,null,null,null,null,null,null,null,null,null,null,null,null,null,null,null,null,null,null,null,null,null,null,null,null,null,null,null,null,null,null,null,null,null,null,null,null,null,null,null,null,null,null,null,null,null,null,null,null,null,null,null,null,null,null,null,null,null,null,null,null,null,null,null,null,null,null,null,null,null,null,null,null,null,null,null,null,null,null,null,null,null,null,null,null,null,null,null,null,null,null,null,null,null,null,null,null,null,null,null,null,null,null,null,null,null,null,null,null,null,null,null,null,null,null,null,null,null,null,null,null,null,null,null,null,null,null,null,null,null,null,null,null,null,null,null,null,null,null,null,null,null,null,null,null,null,null,null,null,null,null,null,null,null,null,null,null,null,null,null,null,null,null,null,null,null,null,null,null,null,null,null,null,null,null,null,null,null,null,null,null,null,null,null,null,null,null,null,null,null,null,null,null,null,null,null,null,null,null,null,null,null,null,null,null,null,null,null,null,null,null,null,null,null,null,null,null,null,null,null,null,null,null,null,null,null,null,null,null,null,null,null,null,null,null,null,null,null,null,null,null,null,null,null,null,null,null,null,null,null,null,null,null,null,null,null,null,null,null,null,null,null,null,null,null,null,null,null,null,null,null,null,null,null,null,null,null,null,null,null,null,null,null,null,null,null,null,null,null,null,null,null,null,null,null,null,null,null,null,null,null,null,null,null,null,null,null,null,null,null,null,null,null,null,null,null,null,null,null,null,null,null,null,null,null,null,null,null,null,null,null,null,null,null,null,null,null,null,null,null,null,null,null,null,null,null,null,null,null,null,null,null,null,null,null,null,null,null,null,null,null,null,null,null,null,null,null,null,null,null,null,null,null,null,null,null,null,null,null,null,null,null,null,null,null,null,null,null,null,null,null,null,null,null,null,null,null,null,null,null,null,null,null,null,null,null,null,null,null,null,null,null,null,null,null,null,null,null,null,null,null,null,null,null,null,null,null,null,null,null,null,null,null,null,null,null,null,null,null,null,null,null,null,null,null,null,null,null,null,null,null,null,null,null,null,null,null,null,null,null,null,null,null,null,null,null,null,null,null,null,null,null,null,null,null,null,null,null,null,null,null,null,null,null,null,null,null,null,null,null,null,null,null,null,null,null,null,null,null,null,null,null,null,null,null,null,null,null,null,null,null,null,null,null,null,null,null,null,null,null,null,null,null,null,null,null,null,null,null,null,null,null,null,null,null,null,null,null,null,null,null,null,null,null,null,null,null,null,null,null,null,null,null,null,null,null,null,null,null,null,null,null,null,null,null,null,null,null,null,null,null,null,null,null,null,null,null,null,null,null,null,null,null,null,null,null,null,null,null,null,null,null,null,null,null,null,null,null,null,null,null,null,null,null,null,null,null,null,null,null,null,null,null,null,null,null,null,null,null,null,null,null,null,null,null,null,null,null,null,null,null,null,null,null,null,null,null,null,null,null,null,null,null,null,null,null,null,null,null,null,null,null,null,null,null,null,null,null,null,null,null,null,null,null,null,null,null,null,null,null,null,null,null,null,null,null,null,null,null,null,null,null,null,null,null,null,null,null,null,null,null,null,null,null,null,null,null,null,null,null,null,null,null,null,null,null,null,null,null,null,null,null,null,null,null,null,null,null,null,null,null,null,null,null,null,null,null,null,null,null,null,null,null,null,null,null,null,null,null,null,null,null,null,null,null,null,null,null,null,null,null,null,null,null,null,null,null,null,null,null,null,null,null,null,null,null,null,null,null,null,null,null,null,null,null,null,null,null,null,null,null,null,null,null,null,null,null,null,null,null,null,null,null,null,null,null,null,null,null,null,null,null,null,null,null,null,null,null,null,null,null,null,null,null,null,null,null,null,null,null,null,null,null,null,null,null,null,null,null,null,null,null,null,null,null,null,null,null,null,null,null,null,null,null,null,null,null,null,null,null,null,null,null,null,null,null,null,null,null,null,null,null,null,null,null,null,null,null,null,null,null,null,null,null,null,null,null,null,null,null,null,null,null,null,null,null,null,null,null,null,null,null,null,null,null,null,null,null,null,null,null,null,null,null,null,null,null,null,null,null,null,null,null,null,null,null,null,null,null,null,null,null,null,null,null,null,null,null,null,null,null,null,null,null,null,null,null,null,null,null,null,null,null,null,null,null,null,null,null,null,null,null,null,null,null,null,null,null,null,null,null,null,null,null,null,null,null,null,null,null,null,null,null,null,null,null,null,null,null,null,null,null,null,null,null,null,null,null,null,null,null,null,null,null,null,null,null,null,null,null,null,null,null,null,null,null,null,null,null,null,null,null,null,null,null,null,null,null,null,null,null,null,null,null,null,null,null,null,null,null,null,null,null,null,null,null,null,null,null,null,null,null,null,null,null,null,null,null,null,null,null,null,null,null,null,null,null,null,null,null,null,null,null,null,null,null,null,null,null,null,null,null,null,null,null,null,null,null,null,null,null,null,null,null,null,null,null,null,null,null,null,null,null,null,null,null,null,null,null,null,null,null,null,null,null,null,null,null,null,null,null,null,null,null,null,null,null,null,null,null,null,null,null,null,null,null,null,null,null,null,null,null,null,null,null,null,null,null,null,null,null,null,null,null,null,null,null,null,null,null,null,null,null,null,null,null,null,null,null,null,null,null,null,null,null,null,null,null,null,null,null,null,null,null,null,null,null,null,null,null,null,null,null,null,null,null,null,null,null,null,null,null,null,null,null,null,null,null,null,null,null,null,null,null,null,null,null,null,null,null,null,null,null,null,null,null,null,null,null,null,null,null,null,null,null,null,null,null,null,null,null,null,null,null,null,null,null,null,null,null,null,null,null,null,null,null,null,null,null,null,null,null,null,null,null,null,null,null,null,null,null,null,null,null,null,null,null,null,null,null,null,null,null,null,null,null,null,null,null,null,null,null,null,null,null,null,null,null,null,null,null,null,null,null,null,null,null,null,null,null,null,null,null,null,null,null,null,null,null,null,null,null,null,null,null,null,null,null,null,null,null,null,null,null,null,null,null,null,null,null,null,null,null,null,null,null,null,null,null,null,null,null,null,null,null,null,null,null,null,null,null,null,null,null,null,null,null,null,null,null,null,null,null,null,null,null,null,null,null,null,null,null,null,null,null,null,null,null,null,null,null,null,null,null,null,null,null,null,null,null,null,null,null,null,null,null,null,null,null,null,null,null,null,null,null,null,null,null,null,{"$ref":"@"}]
[MASTER] 23:07:35.106 [logback-1] WARN  JUnitAnalyzer - Failing test:
 JSONArray jSONArray0 = new JSONArray();
JSONArray jSONArray1 = new JSONArray(jSONArray0);
JSONArray jSONArray2 = jSONArray1.fluentSet(3089, jSONArray1);
jSONArray2.getByte(3089);

[MASTER] 23:07:49.699 [logback-1] WARN  JUnitAnalyzer - Found unstable test named test0 -> class java.lang.StackOverflowError: null
[MASTER] 23:07:49.700 [logback-1] WARN  JUnitAnalyzer - Failing test:
 JSONArray jSONArray0 = new JSONArray();
JSONArray jSONArray1 = jSONArray0.fluentSet(2755, jSONArray0);
JSONArray jSONArray2 = jSONArray0.fluentAddAll((Collection<?>) jSONArray1);
jSONArray2.retainAll(jSONArray0);

[MASTER] 23:07:54.156 [logback-1] WARN  JUnitAnalyzer - Found unstable test named test0 -> class java.lang.AssertionError: Expecting exception: StringIndexOutOfBoundsException
[MASTER] 23:07:54.156 [logback-1] WARN  JUnitAnalyzer - Failing test:
 JSONScanner jSONScanner0 = new JSONScanner("", 2014);
char[] charArray0 = new char[0];
Class<Object> class0 = Object.class;
jSONScanner0.scanFieldStringArray(charArray0, class0);

* Permissions denied during test execution: 
  - java.lang.RuntimePermission: 
         writeFileDescriptor: 1
* Writing tests to file
* Writing JUnit test case 'JSONArray_ESTest' to /home/apaniche/mitchell/generation-scripts/evosuite_fuzzer/tests/s0/fastjson/evosuite-tests
* Done!

* Computation finished
* Permissions denied during test execution: 
  - java.lang.RuntimePermission: 
         writeFileDescriptor: 2
* Writing tests to file
* Writing JUnit test case 'JSONScanner_ESTest' to /home/apaniche/mitchell/generation-scripts/evosuite_fuzzer/tests/s0/fastjson/evosuite-tests
* Done!

* Computation finished
* EvoSuite 1.0.7-SNAPSHOT
* Configuration: EvoSuite_fuzzer
* Going to generate test cases for class: com.alibaba.fastjson.parser.JSONReaderScanner
* EvoSuite 1.0.7-SNAPSHOT
* Configuration: EvoSuite_fuzzer
* Going to generate test cases for class: com.alibaba.fastjson.parser.DefaultJSONParser
* Starting Client-0
* Connecting to master process on port 10026
* Starting Client-0
* Connecting to master process on port 10023
* Analyzing classpath: 
* Analyzing classpath: 
  - /home/apaniche/mitchell/generation-scripts/projects/fastjson/fastjson-1.2.68.jar
* Finished analyzing classpath
* Generating tests for class com.alibaba.fastjson.parser.JSONReaderScanner
* Test criteria:
  - Line Coverage
  - Branch Coverage
  - Exception
  - Mutation testing (weak)
  - Method-Output Coverage
  - Top-Level Method Coverage
  - No-Exception Top-Level Method Coverage
  - Context Branch Coverage
* Total number of test goals for DYNAMOSA: 1110
* Using seed 0
* Starting evolution
* Initial Number of Goals in DynaMOSA = 338 / 1110
[MASTER] 23:08:32.180 [logback-1] WARN  CheapPurityAnalyzer - com.google.common.collect.ArrayListMultimap was not found in the inheritance tree. Using DEFAULT value for cheap-purity analysis
[MASTER] 23:08:32.182 [logback-1] WARN  InheritanceTree - Class not in inheritance graph: com.google.common.collect.ArrayListMultimap
  - /home/apaniche/mitchell/generation-scripts/projects/fastjson/fastjson-1.2.68.jar
[MASTER] 23:08:36.158 [logback-1] WARN  CheapPurityAnalyzer - com.google.common.collect.ArrayListMultimap was not found in the inheritance tree. Using DEFAULT value for cheap-purity analysis
[MASTER] 23:08:36.159 [logback-1] WARN  InheritanceTree - Class not in inheritance graph: com.google.common.collect.ArrayListMultimap
* Finished analyzing classpath
* Generating tests for class com.alibaba.fastjson.parser.DefaultJSONParser
* Test criteria:
  - Line Coverage
  - Branch Coverage
  - Exception
  - Mutation testing (weak)
  - Method-Output Coverage
  - Top-Level Method Coverage
  - No-Exception Top-Level Method Coverage
  - Context Branch Coverage
* Total number of test goals for DYNAMOSA: 3512
* Using seed 0
* Starting evolution
* Initial Number of Goals in DynaMOSA = 650 / 3512
[MASTER] 23:08:36.990 [logback-2] ERROR TestCluster - Failed to check cache for java.util.LinkedList<E> : Type points to itself
[MASTER] 23:08:36.991 [logback-2] ERROR TestCluster - Failed to check cache for java.util.HashMap<K, V> : Type points to itself
[MASTER] 23:08:36.997 [logback-2] ERROR TestCluster - Failed to check cache for java.util.ArrayDeque<E> : Type points to itself
[MASTER] 23:08:36.997 [logback-2] ERROR TestCluster - Failed to check cache for java.util.ArrayList<E> : Type points to itself
[MASTER] 23:08:36.998 [logback-2] ERROR TestCluster - Failed to check cache for java.util.EnumMap<K, V> : Type points to itself
[MASTER] 23:08:36.998 [logback-2] ERROR TestCluster - Failed to check cache for java.util.EnumSet<E> : Type points to itself
[MASTER] 23:08:36.998 [logback-2] ERROR TestCluster - Failed to check cache for java.util.HashSet<E> : Type points to itself
[MASTER] 23:08:36.998 [logback-2] ERROR TestCluster - Failed to check cache for java.util.Hashtable<K, V> : Type points to itself
[MASTER] 23:08:36.998 [logback-2] ERROR TestCluster - Failed to check cache for java.util.IdentityHashMap<K, V> : Type points to itself
[MASTER] 23:08:36.998 [logback-2] ERROR TestCluster - Failed to check cache for java.util.LinkedHashMap<K, V> : Type points to itself
[MASTER] 23:08:36.999 [logback-2] ERROR TestCluster - Failed to check cache for java.util.LinkedHashSet<E> : Type points to itself
[MASTER] 23:08:36.999 [logback-2] ERROR TestCluster - Failed to check cache for java.util.Stack<E> : Type points to itself
[MASTER] 23:08:37.000 [logback-2] ERROR TestCluster - Failed to check cache for java.util.TreeMap<K, V> : Type points to itself
[MASTER] 23:08:37.000 [logback-2] ERROR TestCluster - Failed to check cache for java.util.TreeSet<E> : Type points to itself
[MASTER] 23:08:37.001 [logback-2] ERROR TestCluster - Failed to check cache for java.util.Vector<E> : Type points to itself
[MASTER] 23:10:28.902 [logback-1] WARN  TestChromosome - Functional mock problem: org.evosuite.ga.ConstructionFailedException: Failed to add constructor for com.alibaba.fastjson.serializer.BeanContext due to org.evosuite.ga.ConstructionFailedException: Failed to add constructor for com.alibaba.fastjson.util.FieldInfo due to org.evosuite.ga.ConstructionFailedException: Have no generator for class java.lang.reflect.Method canUseFunctionalMocks=true, canBeMocked: false
[MASTER] 23:10:29.183 [logback-1] WARN  TestChromosome - Functional mock problem: org.evosuite.ga.ConstructionFailedException: Have no generator for java.lang.reflect.Constructor<java.awt.PageAttributes> canUseFunctionalMocks=false, canBeMocked: false
* Search finished after 127s and 43 generations, 22693 statements, best individual has fitness: 183.0
* Minimizing test suite
* Search finished after 123s and 102 generations, 63121 statements, best individual has fitness: 1527.0
* Minimizing test suite
* Going to analyze the coverage criteria
* Coverage analysis for criterion LINE
* Coverage of criterion LINE: 83%
* Total number of goals: 156
* Number of covered goals: 129
* Coverage analysis for criterion BRANCH
* Coverage of criterion BRANCH: 78%
* Total number of goals: 104
* Number of covered goals: 81
* Coverage analysis for criterion EXCEPTION
* Coverage of criterion EXCEPTION: 100%
* Total number of goals: 38
* Number of covered goals: 38
* Coverage analysis for criterion WEAKMUTATION
* Coverage of criterion WEAKMUTATION: 91%
* Total number of goals: 662
* Number of covered goals: 605
* Coverage analysis for criterion OUTPUT
* Coverage of criterion OUTPUT: 65%
* Total number of goals: 40
* Number of covered goals: 26
* Coverage analysis for criterion METHOD
* Coverage of criterion METHOD: 100%
* Total number of goals: 22
* Number of covered goals: 22
* Coverage analysis for criterion METHODNOEXCEPTION
* Coverage of criterion METHODNOEXCEPTION: 100%
* Total number of goals: 22
* Number of covered goals: 22
* Coverage analysis for criterion CBRANCH
* Coverage of criterion CBRANCH: 78%
* Total number of goals: 104
* Number of covered goals: 81
* Generated 74 tests with total length 233
* Resulting test suite's coverage: 82% (average coverage for all fitness functions)
* Generating assertions
* Going to analyze the coverage criteria
* Coverage analysis for criterion LINE
* Coverage of criterion LINE: 56%
* Total number of goals: 973
* Number of covered goals: 541
* Coverage analysis for criterion BRANCH
* Coverage of criterion BRANCH: 53%
* Total number of goals: 707
* Number of covered goals: 378
* Coverage analysis for criterion EXCEPTION
* Coverage of criterion EXCEPTION: 100%
* Total number of goals: 54
* Number of covered goals: 54
* Coverage analysis for criterion WEAKMUTATION
* Coverage of criterion WEAKMUTATION: 68%
* Total number of goals: 897
* Number of covered goals: 611
* Coverage analysis for criterion OUTPUT
* Coverage of criterion OUTPUT: 50%
* Total number of goals: 102
* Number of covered goals: 51
* Coverage analysis for criterion METHOD
* Coverage of criterion METHOD: 100%
* Total number of goals: 63
* Number of covered goals: 63
* Coverage analysis for criterion METHODNOEXCEPTION
* Coverage of criterion METHODNOEXCEPTION: 90%
* Total number of goals: 63
* Number of covered goals: 57
* Coverage analysis for criterion CBRANCH
* Coverage of criterion CBRANCH: 47%
* Total number of goals: 707
* Number of covered goals: 331
* Generated 161 tests with total length 713
* Resulting test suite's coverage: 65% (average coverage for all fitness functions)
* Generating assertions
* Resulting test suite's mutation score: 26%
* Compiling and checking tests
* Resulting test suite's mutation score: 28%
* Compiling and checking tests
* Writing tests to file
* Writing JUnit test case 'JSONReaderScanner_ESTest' to /home/apaniche/mitchell/generation-scripts/evosuite_fuzzer/tests/s0/fastjson/evosuite-tests
* Done!

* Computation finished
* Writing tests to file
* Writing JUnit test case 'DefaultJSONParser_ESTest' to /home/apaniche/mitchell/generation-scripts/evosuite_fuzzer/tests/s0/fastjson/evosuite-tests
* Done!

* Computation finished
* EvoSuite 1.0.7-SNAPSHOT
* Configuration: EvoSuite_fuzzer
* Going to generate test cases for class: com.alibaba.fastjson.JSONObject
* EvoSuite 1.0.7-SNAPSHOT
* Configuration: EvoSuite_fuzzer
* Going to generate test cases for class: com.alibaba.fastjson.JSONPath
* Starting Client-0
* Connecting to master process on port 10022
* Starting Client-0
* Connecting to master process on port 10026
* Analyzing classpath: 
* Analyzing classpath: 
  - /home/apaniche/mitchell/generation-scripts/projects/fastjson/fastjson-1.2.68.jar
  - /home/apaniche/mitchell/generation-scripts/projects/fastjson/fastjson-1.2.68.jar
[MASTER] 23:12:29.423 [logback-1] WARN  CheapPurityAnalyzer - com.google.common.collect.ArrayListMultimap was not found in the inheritance tree. Using DEFAULT value for cheap-purity analysis
[MASTER] 23:12:29.424 [logback-1] WARN  InheritanceTree - Class not in inheritance graph: com.google.common.collect.ArrayListMultimap
* Finished analyzing classpath
* Generating tests for class com.alibaba.fastjson.JSONObject
* Test criteria:
  - Line Coverage
  - Branch Coverage
  - Exception
  - Mutation testing (weak)
  - Method-Output Coverage
  - Top-Level Method Coverage
  - No-Exception Top-Level Method Coverage
  - Context Branch Coverage
* Total number of test goals for DYNAMOSA: 1211
* Using seed 0
* Starting evolution
* Initial Number of Goals in DynaMOSA = 496 / 1211
[MASTER] 23:12:30.950 [logback-2] ERROR TestCluster - Failed to check cache for java.util.LinkedList<E> : Type points to itself
[MASTER] 23:12:30.950 [logback-2] ERROR TestCluster - Failed to check cache for java.util.AbstractMap<K, V>.SimpleEntry<K, V> : Type points to itself
[MASTER] 23:12:30.950 [logback-2] ERROR TestCluster - Failed to check cache for java.util.AbstractMap<K, V>.SimpleImmutableEntry<K, V> : Type points to itself
[MASTER] 23:12:30.951 [logback-2] ERROR TestCluster - Failed to check cache for java.util.HashMap<K, V> : Type points to itself
[MASTER] 23:12:35.197 [logback-1] WARN  CheapPurityAnalyzer - com.google.common.collect.ArrayListMultimap was not found in the inheritance tree. Using DEFAULT value for cheap-purity analysis
[MASTER] 23:12:35.198 [logback-1] WARN  InheritanceTree - Class not in inheritance graph: com.google.common.collect.ArrayListMultimap
* Finished analyzing classpath
* Generating tests for class com.alibaba.fastjson.JSONPath
* Test criteria:
  - Line Coverage
  - Branch Coverage
  - Exception
  - Mutation testing (weak)
  - Method-Output Coverage
  - Top-Level Method Coverage
  - No-Exception Top-Level Method Coverage
  - Context Branch Coverage
* Total number of test goals for DYNAMOSA: 7058
* Using seed 0
* Starting evolution
* Initial Number of Goals in DynaMOSA = 865 / 7058
[MASTER] 23:12:37.548 [logback-2] ERROR TestCluster - Failed to check cache for java.util.LinkedList<E> : Type points to itself
[MASTER] 23:12:37.561 [logback-2] ERROR TestCluster - Failed to check cache for java.util.ArrayDeque<E> : Type points to itself
[MASTER] 23:12:37.561 [logback-2] ERROR TestCluster - Failed to check cache for java.util.ArrayList<E> : Type points to itself
[MASTER] 23:12:37.561 [logback-2] ERROR TestCluster - Failed to check cache for java.util.EnumSet<E> : Type points to itself
[MASTER] 23:12:37.562 [logback-2] ERROR TestCluster - Failed to check cache for java.util.HashSet<E> : Type points to itself
[MASTER] 23:12:37.562 [logback-2] ERROR TestCluster - Failed to check cache for java.util.LinkedHashSet<E> : Type points to itself
[MASTER] 23:12:37.562 [logback-2] ERROR TestCluster - Failed to check cache for java.util.PriorityQueue<E> : Type points to itself
[MASTER] 23:12:37.562 [logback-2] ERROR TestCluster - Failed to check cache for java.util.ServiceLoader<S> : Type points to itself
[MASTER] 23:12:37.562 [logback-2] ERROR TestCluster - Failed to check cache for java.util.Stack<E> : Type points to itself
[MASTER] 23:12:37.562 [logback-2] ERROR TestCluster - Failed to check cache for java.util.TreeSet<E> : Type points to itself
[MASTER] 23:12:37.563 [logback-2] ERROR TestCluster - Failed to check cache for java.util.Vector<E> : Type points to itself
[MASTER] 23:12:37.563 [logback-2] ERROR TestCluster - Failed to check cache for java.util.HashMap<K, V> : Type points to itself
[MASTER] 23:12:37.571 [logback-2] ERROR TestCluster - Failed to check cache for java.lang.Enum<E> : Type points to itself
[MASTER] 23:12:37.574 [logback-2] ERROR TestCluster - Failed to check cache for java.util.AbstractMap<K, V>.SimpleEntry<K, V> : Type points to itself
[MASTER] 23:12:37.575 [logback-2] ERROR TestCluster - Failed to check cache for java.util.AbstractMap<K, V>.SimpleImmutableEntry<K, V> : Type points to itself
[MASTER] 23:12:40.762 [logback-2] ERROR TestCluster - Failed to check cache for java.util.Enumeration<E> : Type points to itself
[MASTER] 23:12:45.168 [logback-2] ERROR ClientNodeImpl - Cannot inform master of change of state
java.rmi.ServerException: RemoteException occurred in server thread; nested exception is: 
	java.rmi.UnmarshalException: error unmarshalling arguments; nested exception is: 
	java.lang.ClassNotFoundException: Class 'com/alibaba/fastjson/parser/deserializer/FastjsonASMDeserializer_1_SQLNonTransientConnectionException.class' should be in target project, but could not be found!
	at sun.rmi.server.UnicastServerRef.dispatch(UnicastServerRef.java:393) ~[na:1.8.0_161]
	at sun.rmi.transport.Transport$1.run(Transport.java:200) ~[na:1.8.0_161]
	at sun.rmi.transport.Transport$1.run(Transport.java:197) ~[na:1.8.0_161]
	at java.security.AccessController.doPrivileged(Native Method) ~[na:1.8.0_161]
	at sun.rmi.transport.Transport.serviceCall(Transport.java:196) ~[na:1.8.0_161]
	at sun.rmi.transport.tcp.TCPTransport.handleMessages(TCPTransport.java:568) ~[na:1.8.0_161]
	at sun.rmi.transport.tcp.TCPTransport$ConnectionHandler.run0(TCPTransport.java:826) ~[na:1.8.0_161]
	at sun.rmi.transport.tcp.TCPTransport$ConnectionHandler.lambda$run$0(TCPTransport.java:683) ~[na:1.8.0_161]
	at java.security.AccessController.doPrivileged(Native Method) ~[na:1.8.0_161]
	at sun.rmi.transport.tcp.TCPTransport$ConnectionHandler.run(TCPTransport.java:682) ~[na:1.8.0_161]
	at java.util.concurrent.ThreadPoolExecutor.runWorker(ThreadPoolExecutor.java:1149) ~[na:1.8.0_161]
	at java.util.concurrent.ThreadPoolExecutor$Worker.run(ThreadPoolExecutor.java:624) ~[na:1.8.0_161]
	at java.lang.Thread.run(Thread.java:748) ~[na:1.8.0_161]
	at sun.rmi.transport.StreamRemoteCall.exceptionReceivedFromServer(StreamRemoteCall.java:283) ~[na:1.8.0_161]
	at sun.rmi.transport.StreamRemoteCall.executeCall(StreamRemoteCall.java:260) ~[na:1.8.0_161]
	at sun.rmi.server.UnicastRef.invoke(UnicastRef.java:161) ~[na:1.8.0_161]
	at java.rmi.server.RemoteObjectInvocationHandler.invokeRemoteMethod(RemoteObjectInvocationHandler.java:227) ~[na:1.8.0_161]
	at java.rmi.server.RemoteObjectInvocationHandler.invoke(RemoteObjectInvocationHandler.java:179) ~[na:1.8.0_161]
	at com.sun.proxy.$Proxy7.evosuite_collectStatistics(Unknown Source) ~[na:na]
	at org.evosuite.rmi.service.ClientNodeImpl.updateStatistics(ClientNodeImpl.java:266) ~[evosuite.jar:1.0.7-SNAPSHOT]
	at org.evosuite.statistics.StatisticsSender.sendIndividualToMaster(StatisticsSender.java:68) [evosuite.jar:1.0.7-SNAPSHOT]
	at org.evosuite.statistics.StatisticsListener.lambda$new$0(StatisticsListener.java:69) [evosuite.jar:1.0.7-SNAPSHOT]
	at java.lang.Thread.run(Thread.java:748) ~[na:1.8.0_161]
Caused by: java.rmi.UnmarshalException: error unmarshalling arguments; nested exception is: 
	java.lang.ClassNotFoundException: Class 'com/alibaba/fastjson/parser/deserializer/FastjsonASMDeserializer_1_SQLNonTransientConnectionException.class' should be in target project, but could not be found!
	at sun.rmi.server.UnicastServerRef.dispatch(UnicastServerRef.java:352) ~[na:1.8.0_161]
	at sun.rmi.transport.Transport$1.run(Transport.java:200) ~[na:1.8.0_161]
	at sun.rmi.transport.Transport$1.run(Transport.java:197) ~[na:1.8.0_161]
	at java.security.AccessController.doPrivileged(Native Method) ~[na:1.8.0_161]
	at sun.rmi.transport.Transport.serviceCall(Transport.java:196) ~[na:1.8.0_161]
	at sun.rmi.transport.tcp.TCPTransport.handleMessages(TCPTransport.java:568) ~[na:1.8.0_161]
	at sun.rmi.transport.tcp.TCPTransport$ConnectionHandler.run0(TCPTransport.java:826) ~[na:1.8.0_161]
	at sun.rmi.transport.tcp.TCPTransport$ConnectionHandler.lambda$run$0(TCPTransport.java:683) ~[na:1.8.0_161]
	at java.security.AccessController.doPrivileged(Native Method) ~[na:1.8.0_161]
	at sun.rmi.transport.tcp.TCPTransport$ConnectionHandler.run(TCPTransport.java:682) ~[na:1.8.0_161]
	at java.util.concurrent.ThreadPoolExecutor.runWorker(ThreadPoolExecutor.java:1149) ~[na:1.8.0_161]
	at java.util.concurrent.ThreadPoolExecutor$Worker.run(ThreadPoolExecutor.java:624) ~[na:1.8.0_161]
	... 1 common frames omitted
Caused by: java.lang.ClassNotFoundException: Class 'com/alibaba/fastjson/parser/deserializer/FastjsonASMDeserializer_1_SQLNonTransientConnectionException.class' should be in target project, but could not be found!
	at org.evosuite.instrumentation.InstrumentingClassLoader.instrumentClass(InstrumentingClassLoader.java:203) ~[evosuite.jar:1.0.7-SNAPSHOT]
	at org.evosuite.instrumentation.InstrumentingClassLoader.loadClass(InstrumentingClassLoader.java:168) ~[evosuite.jar:1.0.7-SNAPSHOT]
	at org.evosuite.utils.generic.GenericClass.getClass(GenericClass.java:149) ~[evosuite.jar:1.0.7-SNAPSHOT]
	at org.evosuite.utils.generic.GenericClass.getClass(GenericClass.java:115) ~[evosuite.jar:1.0.7-SNAPSHOT]
	at org.evosuite.utils.generic.GenericClass.readObject(GenericClass.java:1720) ~[evosuite.jar:1.0.7-SNAPSHOT]
	at sun.reflect.GeneratedMethodAccessor9.invoke(Unknown Source) ~[na:na]
	at sun.reflect.DelegatingMethodAccessorImpl.invoke(DelegatingMethodAccessorImpl.java:43) ~[na:1.8.0_161]
	at java.lang.reflect.Method.invoke(Method.java:498) ~[na:1.8.0_161]
	at java.io.ObjectStreamClass.invokeReadObject(ObjectStreamClass.java:1158) ~[na:1.8.0_161]
	at java.io.ObjectInputStream.readSerialData(ObjectInputStream.java:2168) ~[na:1.8.0_161]
	at java.io.ObjectInputStream.readOrdinaryObject(ObjectInputStream.java:2059) ~[na:1.8.0_161]
	at java.io.ObjectInputStream.readObject0(ObjectInputStream.java:1566) ~[na:1.8.0_161]
	at java.io.ObjectInputStream.defaultReadFields(ObjectInputStream.java:2277) ~[na:1.8.0_161]
	at java.io.ObjectInputStream.readSerialData(ObjectInputStream.java:2201) ~[na:1.8.0_161]
	at java.io.ObjectInputStream.readOrdinaryObject(ObjectInputStream.java:2059) ~[na:1.8.0_161]
	at java.io.ObjectInputStream.readObject0(ObjectInputStream.java:1566) ~[na:1.8.0_161]
	at java.io.ObjectInputStream.defaultReadFields(ObjectInputStream.java:2277) ~[na:1.8.0_161]
	at java.io.ObjectInputStream.readSerialData(ObjectInputStream.java:2201) ~[na:1.8.0_161]
	at java.io.ObjectInputStream.readOrdinaryObject(ObjectInputStream.java:2059) ~[na:1.8.0_161]
	at java.io.ObjectInputStream.readObject0(ObjectInputStream.java:1566) ~[na:1.8.0_161]
	at java.io.ObjectInputStream.readObject(ObjectInputStream.java:426) ~[na:1.8.0_161]
	at java.util.ArrayList.readObject(ArrayList.java:797) ~[na:1.8.0_161]
	at sun.reflect.GeneratedMethodAccessor7.invoke(Unknown Source) ~[na:na]
	at sun.reflect.DelegatingMethodAccessorImpl.invoke(DelegatingMethodAccessorImpl.java:43) ~[na:1.8.0_161]
	at java.lang.reflect.Method.invoke(Method.java:498) ~[na:1.8.0_161]
	at java.io.ObjectStreamClass.invokeReadObject(ObjectStreamClass.java:1158) ~[na:1.8.0_161]
	at java.io.ObjectInputStream.readSerialData(ObjectInputStream.java:2168) ~[na:1.8.0_161]
	at java.io.ObjectInputStream.readOrdinaryObject(ObjectInputStream.java:2059) ~[na:1.8.0_161]
	at java.io.ObjectInputStream.readObject0(ObjectInputStream.java:1566) ~[na:1.8.0_161]
	at java.io.ObjectInputStream.defaultReadFields(ObjectInputStream.java:2277) ~[na:1.8.0_161]
	at java.io.ObjectInputStream.readSerialData(ObjectInputStream.java:2201) ~[na:1.8.0_161]
	at java.io.ObjectInputStream.readOrdinaryObject(ObjectInputStream.java:2059) ~[na:1.8.0_161]
	at java.io.ObjectInputStream.readObject0(ObjectInputStream.java:1566) ~[na:1.8.0_161]
	at java.io.ObjectInputStream.defaultReadFields(ObjectInputStream.java:2277) ~[na:1.8.0_161]
	at java.io.ObjectInputStream.defaultReadObject(ObjectInputStream.java:556) ~[na:1.8.0_161]
	at org.evosuite.testcase.DefaultTestCase.readObject(DefaultTestCase.java:1103) ~[evosuite.jar:1.0.7-SNAPSHOT]
	at sun.reflect.GeneratedMethodAccessor16.invoke(Unknown Source) ~[na:na]
	at sun.reflect.DelegatingMethodAccessorImpl.invoke(DelegatingMethodAccessorImpl.java:43) ~[na:1.8.0_161]
	at java.lang.reflect.Method.invoke(Method.java:498) ~[na:1.8.0_161]
	at java.io.ObjectStreamClass.invokeReadObject(ObjectStreamClass.java:1158) ~[na:1.8.0_161]
	at java.io.ObjectInputStream.readSerialData(ObjectInputStream.java:2168) ~[na:1.8.0_161]
	at java.io.ObjectInputStream.readOrdinaryObject(ObjectInputStream.java:2059) ~[na:1.8.0_161]
	at java.io.ObjectInputStream.readObject0(ObjectInputStream.java:1566) ~[na:1.8.0_161]
	at java.io.ObjectInputStream.defaultReadFields(ObjectInputStream.java:2277) ~[na:1.8.0_161]
	at java.io.ObjectInputStream.readSerialData(ObjectInputStream.java:2201) ~[na:1.8.0_161]
	at java.io.ObjectInputStream.readOrdinaryObject(ObjectInputStream.java:2059) ~[na:1.8.0_161]
	at java.io.ObjectInputStream.readObject0(ObjectInputStream.java:1566) ~[na:1.8.0_161]
	at java.io.ObjectInputStream.readObject(ObjectInputStream.java:426) ~[na:1.8.0_161]
	at java.util.ArrayList.readObject(ArrayList.java:797) ~[na:1.8.0_161]
	at sun.reflect.GeneratedMethodAccessor7.invoke(Unknown Source) ~[na:na]
	at sun.reflect.DelegatingMethodAccessorImpl.invoke(DelegatingMethodAccessorImpl.java:43) ~[na:1.8.0_161]
	at java.lang.reflect.Method.invoke(Method.java:498) ~[na:1.8.0_161]
	at java.io.ObjectStreamClass.invokeReadObject(ObjectStreamClass.java:1158) ~[na:1.8.0_161]
	at java.io.ObjectInputStream.readSerialData(ObjectInputStream.java:2168) ~[na:1.8.0_161]
	at java.io.ObjectInputStream.readOrdinaryObject(ObjectInputStream.java:2059) ~[na:1.8.0_161]
	at java.io.ObjectInputStream.readObject0(ObjectInputStream.java:1566) ~[na:1.8.0_161]
	at java.io.ObjectInputStream.defaultReadFields(ObjectInputStream.java:2277) ~[na:1.8.0_161]
	at java.io.ObjectInputStream.readSerialData(ObjectInputStream.java:2201) ~[na:1.8.0_161]
	at java.io.ObjectInputStream.readOrdinaryObject(ObjectInputStream.java:2059) ~[na:1.8.0_161]
	at java.io.ObjectInputStream.readObject0(ObjectInputStream.java:1566) ~[na:1.8.0_161]
	at java.io.ObjectInputStream.readObject(ObjectInputStream.java:426) ~[na:1.8.0_161]
	at sun.rmi.server.UnicastRef.unmarshalValue(UnicastRef.java:322) ~[na:1.8.0_161]
	at sun.rmi.server.UnicastServerRef.dispatch(UnicastServerRef.java:341) ~[na:1.8.0_161]
	... 12 common frames omitted
Caused by: java.lang.ClassNotFoundException: Class 'com/alibaba/fastjson/parser/deserializer/FastjsonASMDeserializer_1_SQLNonTransientConnectionException.class' should be in target project, but could not be found!
	at org.evosuite.instrumentation.InstrumentingClassLoader.instrumentClass(InstrumentingClassLoader.java:190) ~[evosuite.jar:1.0.7-SNAPSHOT]
	... 74 common frames omitted
[MASTER] 23:12:50.604 [logback-2] ERROR TestCluster - Failed to check cache for java.util.Comparator<T> : Type points to itself
[MASTER] 23:12:50.891 [logback-1] WARN  ClassResetter - class java.lang.reflect.InvocationTargetException thrown during execution of method  __STATIC_RESET() for class com.alibaba.fastjson.parser.ParserConfig, java.lang.NullPointerException
[MASTER] 23:13:44.198 [logback-2] ERROR ClientNodeImpl - Cannot inform master of change of state
java.rmi.ServerException: RemoteException occurred in server thread; nested exception is: 
	java.rmi.UnmarshalException: error unmarshalling arguments; nested exception is: 
	java.lang.ClassNotFoundException: Class 'com/alibaba/fastjson/parser/deserializer/FastjsonASMDeserializer_1_SQLNonTransientConnectionException.class' should be in target project, but could not be found!
	at sun.rmi.server.UnicastServerRef.dispatch(UnicastServerRef.java:393) ~[na:1.8.0_161]
	at sun.rmi.transport.Transport$1.run(Transport.java:200) ~[na:1.8.0_161]
	at sun.rmi.transport.Transport$1.run(Transport.java:197) ~[na:1.8.0_161]
	at java.security.AccessController.doPrivileged(Native Method) ~[na:1.8.0_161]
	at sun.rmi.transport.Transport.serviceCall(Transport.java:196) ~[na:1.8.0_161]
	at sun.rmi.transport.tcp.TCPTransport.handleMessages(TCPTransport.java:568) ~[na:1.8.0_161]
	at sun.rmi.transport.tcp.TCPTransport$ConnectionHandler.run0(TCPTransport.java:826) ~[na:1.8.0_161]
	at sun.rmi.transport.tcp.TCPTransport$ConnectionHandler.lambda$run$0(TCPTransport.java:683) ~[na:1.8.0_161]
	at java.security.AccessController.doPrivileged(Native Method) ~[na:1.8.0_161]
	at sun.rmi.transport.tcp.TCPTransport$ConnectionHandler.run(TCPTransport.java:682) ~[na:1.8.0_161]
	at java.util.concurrent.ThreadPoolExecutor.runWorker(ThreadPoolExecutor.java:1149) ~[na:1.8.0_161]
	at java.util.concurrent.ThreadPoolExecutor$Worker.run(ThreadPoolExecutor.java:624) ~[na:1.8.0_161]
	at java.lang.Thread.run(Thread.java:748) ~[na:1.8.0_161]
	at sun.rmi.transport.StreamRemoteCall.exceptionReceivedFromServer(StreamRemoteCall.java:283) ~[na:1.8.0_161]
	at sun.rmi.transport.StreamRemoteCall.executeCall(StreamRemoteCall.java:260) ~[na:1.8.0_161]
	at sun.rmi.server.UnicastRef.invoke(UnicastRef.java:161) ~[na:1.8.0_161]
	at java.rmi.server.RemoteObjectInvocationHandler.invokeRemoteMethod(RemoteObjectInvocationHandler.java:227) ~[na:1.8.0_161]
	at java.rmi.server.RemoteObjectInvocationHandler.invoke(RemoteObjectInvocationHandler.java:179) ~[na:1.8.0_161]
	at com.sun.proxy.$Proxy7.evosuite_collectStatistics(Unknown Source) ~[na:na]
	at org.evosuite.rmi.service.ClientNodeImpl.updateStatistics(ClientNodeImpl.java:266) ~[evosuite.jar:1.0.7-SNAPSHOT]
	at org.evosuite.statistics.StatisticsSender.sendIndividualToMaster(StatisticsSender.java:68) [evosuite.jar:1.0.7-SNAPSHOT]
	at org.evosuite.statistics.StatisticsListener.lambda$new$0(StatisticsListener.java:69) [evosuite.jar:1.0.7-SNAPSHOT]
	at java.lang.Thread.run(Thread.java:748) ~[na:1.8.0_161]
Caused by: java.rmi.UnmarshalException: error unmarshalling arguments; nested exception is: 
	java.lang.ClassNotFoundException: Class 'com/alibaba/fastjson/parser/deserializer/FastjsonASMDeserializer_1_SQLNonTransientConnectionException.class' should be in target project, but could not be found!
	at sun.rmi.server.UnicastServerRef.dispatch(UnicastServerRef.java:352) ~[na:1.8.0_161]
	at sun.rmi.transport.Transport$1.run(Transport.java:200) ~[na:1.8.0_161]
	at sun.rmi.transport.Transport$1.run(Transport.java:197) ~[na:1.8.0_161]
	at java.security.AccessController.doPrivileged(Native Method) ~[na:1.8.0_161]
	at sun.rmi.transport.Transport.serviceCall(Transport.java:196) ~[na:1.8.0_161]
	at sun.rmi.transport.tcp.TCPTransport.handleMessages(TCPTransport.java:568) ~[na:1.8.0_161]
	at sun.rmi.transport.tcp.TCPTransport$ConnectionHandler.run0(TCPTransport.java:826) ~[na:1.8.0_161]
	at sun.rmi.transport.tcp.TCPTransport$ConnectionHandler.lambda$run$0(TCPTransport.java:683) ~[na:1.8.0_161]
	at java.security.AccessController.doPrivileged(Native Method) ~[na:1.8.0_161]
	at sun.rmi.transport.tcp.TCPTransport$ConnectionHandler.run(TCPTransport.java:682) ~[na:1.8.0_161]
	at java.util.concurrent.ThreadPoolExecutor.runWorker(ThreadPoolExecutor.java:1149) ~[na:1.8.0_161]
	at java.util.concurrent.ThreadPoolExecutor$Worker.run(ThreadPoolExecutor.java:624) ~[na:1.8.0_161]
	... 1 common frames omitted
Caused by: java.lang.ClassNotFoundException: Class 'com/alibaba/fastjson/parser/deserializer/FastjsonASMDeserializer_1_SQLNonTransientConnectionException.class' should be in target project, but could not be found!
	at org.evosuite.instrumentation.InstrumentingClassLoader.instrumentClass(InstrumentingClassLoader.java:203) ~[evosuite.jar:1.0.7-SNAPSHOT]
	at org.evosuite.instrumentation.InstrumentingClassLoader.loadClass(InstrumentingClassLoader.java:168) ~[evosuite.jar:1.0.7-SNAPSHOT]
	at org.evosuite.utils.generic.GenericClass.getClass(GenericClass.java:149) ~[evosuite.jar:1.0.7-SNAPSHOT]
	at org.evosuite.utils.generic.GenericClass.getClass(GenericClass.java:115) ~[evosuite.jar:1.0.7-SNAPSHOT]
	at org.evosuite.utils.generic.GenericClass.readObject(GenericClass.java:1720) ~[evosuite.jar:1.0.7-SNAPSHOT]
	at sun.reflect.GeneratedMethodAccessor9.invoke(Unknown Source) ~[na:na]
	at sun.reflect.DelegatingMethodAccessorImpl.invoke(DelegatingMethodAccessorImpl.java:43) ~[na:1.8.0_161]
	at java.lang.reflect.Method.invoke(Method.java:498) ~[na:1.8.0_161]
	at java.io.ObjectStreamClass.invokeReadObject(ObjectStreamClass.java:1158) ~[na:1.8.0_161]
	at java.io.ObjectInputStream.readSerialData(ObjectInputStream.java:2168) ~[na:1.8.0_161]
	at java.io.ObjectInputStream.readOrdinaryObject(ObjectInputStream.java:2059) ~[na:1.8.0_161]
	at java.io.ObjectInputStream.readObject0(ObjectInputStream.java:1566) ~[na:1.8.0_161]
	at java.io.ObjectInputStream.defaultReadFields(ObjectInputStream.java:2277) ~[na:1.8.0_161]
	at java.io.ObjectInputStream.readSerialData(ObjectInputStream.java:2201) ~[na:1.8.0_161]
	at java.io.ObjectInputStream.readOrdinaryObject(ObjectInputStream.java:2059) ~[na:1.8.0_161]
	at java.io.ObjectInputStream.readObject0(ObjectInputStream.java:1566) ~[na:1.8.0_161]
	at java.io.ObjectInputStream.defaultReadFields(ObjectInputStream.java:2277) ~[na:1.8.0_161]
	at java.io.ObjectInputStream.readSerialData(ObjectInputStream.java:2201) ~[na:1.8.0_161]
	at java.io.ObjectInputStream.readOrdinaryObject(ObjectInputStream.java:2059) ~[na:1.8.0_161]
	at java.io.ObjectInputStream.readObject0(ObjectInputStream.java:1566) ~[na:1.8.0_161]
	at java.io.ObjectInputStream.readObject(ObjectInputStream.java:426) ~[na:1.8.0_161]
	at java.util.ArrayList.readObject(ArrayList.java:797) ~[na:1.8.0_161]
	at sun.reflect.GeneratedMethodAccessor7.invoke(Unknown Source) ~[na:na]
	at sun.reflect.DelegatingMethodAccessorImpl.invoke(DelegatingMethodAccessorImpl.java:43) ~[na:1.8.0_161]
	at java.lang.reflect.Method.invoke(Method.java:498) ~[na:1.8.0_161]
	at java.io.ObjectStreamClass.invokeReadObject(ObjectStreamClass.java:1158) ~[na:1.8.0_161]
	at java.io.ObjectInputStream.readSerialData(ObjectInputStream.java:2168) ~[na:1.8.0_161]
	at java.io.ObjectInputStream.readOrdinaryObject(ObjectInputStream.java:2059) ~[na:1.8.0_161]
	at java.io.ObjectInputStream.readObject0(ObjectInputStream.java:1566) ~[na:1.8.0_161]
	at java.io.ObjectInputStream.defaultReadFields(ObjectInputStream.java:2277) ~[na:1.8.0_161]
	at java.io.ObjectInputStream.readSerialData(ObjectInputStream.java:2201) ~[na:1.8.0_161]
	at java.io.ObjectInputStream.readOrdinaryObject(ObjectInputStream.java:2059) ~[na:1.8.0_161]
	at java.io.ObjectInputStream.readObject0(ObjectInputStream.java:1566) ~[na:1.8.0_161]
	at java.io.ObjectInputStream.defaultReadFields(ObjectInputStream.java:2277) ~[na:1.8.0_161]
	at java.io.ObjectInputStream.defaultReadObject(ObjectInputStream.java:556) ~[na:1.8.0_161]
	at org.evosuite.testcase.DefaultTestCase.readObject(DefaultTestCase.java:1103) ~[evosuite.jar:1.0.7-SNAPSHOT]
	at sun.reflect.GeneratedMethodAccessor16.invoke(Unknown Source) ~[na:na]
	at sun.reflect.DelegatingMethodAccessorImpl.invoke(DelegatingMethodAccessorImpl.java:43) ~[na:1.8.0_161]
	at java.lang.reflect.Method.invoke(Method.java:498) ~[na:1.8.0_161]
	at java.io.ObjectStreamClass.invokeReadObject(ObjectStreamClass.java:1158) ~[na:1.8.0_161]
	at java.io.ObjectInputStream.readSerialData(ObjectInputStream.java:2168) ~[na:1.8.0_161]
	at java.io.ObjectInputStream.readOrdinaryObject(ObjectInputStream.java:2059) ~[na:1.8.0_161]
	at java.io.ObjectInputStream.readObject0(ObjectInputStream.java:1566) ~[na:1.8.0_161]
	at java.io.ObjectInputStream.defaultReadFields(ObjectInputStream.java:2277) ~[na:1.8.0_161]
	at java.io.ObjectInputStream.readSerialData(ObjectInputStream.java:2201) ~[na:1.8.0_161]
	at java.io.ObjectInputStream.readOrdinaryObject(ObjectInputStream.java:2059) ~[na:1.8.0_161]
	at java.io.ObjectInputStream.readObject0(ObjectInputStream.java:1566) ~[na:1.8.0_161]
	at java.io.ObjectInputStream.readObject(ObjectInputStream.java:426) ~[na:1.8.0_161]
	at java.util.ArrayList.readObject(ArrayList.java:797) ~[na:1.8.0_161]
	at sun.reflect.GeneratedMethodAccessor7.invoke(Unknown Source) ~[na:na]
	at sun.reflect.DelegatingMethodAccessorImpl.invoke(DelegatingMethodAccessorImpl.java:43) ~[na:1.8.0_161]
	at java.lang.reflect.Method.invoke(Method.java:498) ~[na:1.8.0_161]
	at java.io.ObjectStreamClass.invokeReadObject(ObjectStreamClass.java:1158) ~[na:1.8.0_161]
	at java.io.ObjectInputStream.readSerialData(ObjectInputStream.java:2168) ~[na:1.8.0_161]
	at java.io.ObjectInputStream.readOrdinaryObject(ObjectInputStream.java:2059) ~[na:1.8.0_161]
	at java.io.ObjectInputStream.readObject0(ObjectInputStream.java:1566) ~[na:1.8.0_161]
	at java.io.ObjectInputStream.defaultReadFields(ObjectInputStream.java:2277) ~[na:1.8.0_161]
	at java.io.ObjectInputStream.readSerialData(ObjectInputStream.java:2201) ~[na:1.8.0_161]
	at java.io.ObjectInputStream.readOrdinaryObject(ObjectInputStream.java:2059) ~[na:1.8.0_161]
	at java.io.ObjectInputStream.readObject0(ObjectInputStream.java:1566) ~[na:1.8.0_161]
	at java.io.ObjectInputStream.readObject(ObjectInputStream.java:426) ~[na:1.8.0_161]
	at sun.rmi.server.UnicastRef.unmarshalValue(UnicastRef.java:322) ~[na:1.8.0_161]
	at sun.rmi.server.UnicastServerRef.dispatch(UnicastServerRef.java:341) ~[na:1.8.0_161]
	... 12 common frames omitted
Caused by: java.lang.ClassNotFoundException: Class 'com/alibaba/fastjson/parser/deserializer/FastjsonASMDeserializer_1_SQLNonTransientConnectionException.class' should be in target project, but could not be found!
	at org.evosuite.instrumentation.InstrumentingClassLoader.instrumentClass(InstrumentingClassLoader.java:190) ~[evosuite.jar:1.0.7-SNAPSHOT]
	... 74 common frames omitted
[MASTER] 23:14:32.839 [logback-2] ERROR TestCluster - Failed to check cache for java.util.Map<K, V>.Entry<K, V> : Type points to itself
* Search finished after 123s and 107 generations, 32638 statements, best individual has fitness: 526.0
* Minimizing test suite
* Search finished after 125s and 82 generations, 68583 statements, best individual has fitness: 4033.0
[MASTER] 23:14:45.842 [logback-2] ERROR ClientNodeImpl - Cannot inform master of change of state
java.rmi.ServerException: RemoteException occurred in server thread; nested exception is: 
	java.rmi.UnmarshalException: error unmarshalling arguments; nested exception is: 
	java.lang.ClassNotFoundException: Class 'com/alibaba/fastjson/parser/deserializer/FastjsonASMDeserializer_1_SQLNonTransientConnectionException.class' should be in target project, but could not be found!
	at sun.rmi.server.UnicastServerRef.dispatch(UnicastServerRef.java:393) ~[na:1.8.0_161]
	at sun.rmi.transport.Transport$1.run(Transport.java:200) ~[na:1.8.0_161]
	at sun.rmi.transport.Transport$1.run(Transport.java:197) ~[na:1.8.0_161]
	at java.security.AccessController.doPrivileged(Native Method) ~[na:1.8.0_161]
	at sun.rmi.transport.Transport.serviceCall(Transport.java:196) ~[na:1.8.0_161]
	at sun.rmi.transport.tcp.TCPTransport.handleMessages(TCPTransport.java:568) ~[na:1.8.0_161]
	at sun.rmi.transport.tcp.TCPTransport$ConnectionHandler.run0(TCPTransport.java:826) ~[na:1.8.0_161]
	at sun.rmi.transport.tcp.TCPTransport$ConnectionHandler.lambda$run$0(TCPTransport.java:683) ~[na:1.8.0_161]
	at java.security.AccessController.doPrivileged(Native Method) ~[na:1.8.0_161]
	at sun.rmi.transport.tcp.TCPTransport$ConnectionHandler.run(TCPTransport.java:682) ~[na:1.8.0_161]
	at java.util.concurrent.ThreadPoolExecutor.runWorker(ThreadPoolExecutor.java:1149) ~[na:1.8.0_161]
	at java.util.concurrent.ThreadPoolExecutor$Worker.run(ThreadPoolExecutor.java:624) ~[na:1.8.0_161]
	at java.lang.Thread.run(Thread.java:748) ~[na:1.8.0_161]
	at sun.rmi.transport.StreamRemoteCall.exceptionReceivedFromServer(StreamRemoteCall.java:283) ~[na:1.8.0_161]
	at sun.rmi.transport.StreamRemoteCall.executeCall(StreamRemoteCall.java:260) ~[na:1.8.0_161]
	at sun.rmi.server.UnicastRef.invoke(UnicastRef.java:161) ~[na:1.8.0_161]
	at java.rmi.server.RemoteObjectInvocationHandler.invokeRemoteMethod(RemoteObjectInvocationHandler.java:227) ~[na:1.8.0_161]
	at java.rmi.server.RemoteObjectInvocationHandler.invoke(RemoteObjectInvocationHandler.java:179) ~[na:1.8.0_161]
	at com.sun.proxy.$Proxy7.evosuite_collectStatistics(Unknown Source) ~[na:na]
	at org.evosuite.rmi.service.ClientNodeImpl.updateStatistics(ClientNodeImpl.java:266) ~[evosuite.jar:1.0.7-SNAPSHOT]
	at org.evosuite.statistics.StatisticsSender.sendIndividualToMaster(StatisticsSender.java:68) [evosuite.jar:1.0.7-SNAPSHOT]
	at org.evosuite.statistics.StatisticsListener.lambda$new$0(StatisticsListener.java:69) [evosuite.jar:1.0.7-SNAPSHOT]
	at java.lang.Thread.run(Thread.java:748) ~[na:1.8.0_161]
Caused by: java.rmi.UnmarshalException: error unmarshalling arguments; nested exception is: 
	java.lang.ClassNotFoundException: Class 'com/alibaba/fastjson/parser/deserializer/FastjsonASMDeserializer_1_SQLNonTransientConnectionException.class' should be in target project, but could not be found!
	at sun.rmi.server.UnicastServerRef.dispatch(UnicastServerRef.java:352) ~[na:1.8.0_161]
	at sun.rmi.transport.Transport$1.run(Transport.java:200) ~[na:1.8.0_161]
	at sun.rmi.transport.Transport$1.run(Transport.java:197) ~[na:1.8.0_161]
	at java.security.AccessController.doPrivileged(Native Method) ~[na:1.8.0_161]
	at sun.rmi.transport.Transport.serviceCall(Transport.java:196) ~[na:1.8.0_161]
	at sun.rmi.transport.tcp.TCPTransport.handleMessages(TCPTransport.java:568) ~[na:1.8.0_161]
	at sun.rmi.transport.tcp.TCPTransport$ConnectionHandler.run0(TCPTransport.java:826) ~[na:1.8.0_161]
	at sun.rmi.transport.tcp.TCPTransport$ConnectionHandler.lambda$run$0(TCPTransport.java:683) ~[na:1.8.0_161]
	at java.security.AccessController.doPrivileged(Native Method) ~[na:1.8.0_161]
	at sun.rmi.transport.tcp.TCPTransport$ConnectionHandler.run(TCPTransport.java:682) ~[na:1.8.0_161]
	at java.util.concurrent.ThreadPoolExecutor.runWorker(ThreadPoolExecutor.java:1149) ~[na:1.8.0_161]
	at java.util.concurrent.ThreadPoolExecutor$Worker.run(ThreadPoolExecutor.java:624) ~[na:1.8.0_161]
	... 1 common frames omitted
Caused by: java.lang.ClassNotFoundException: Class 'com/alibaba/fastjson/parser/deserializer/FastjsonASMDeserializer_1_SQLNonTransientConnectionException.class' should be in target project, but could not be found!
	at org.evosuite.instrumentation.InstrumentingClassLoader.instrumentClass(InstrumentingClassLoader.java:203) ~[evosuite.jar:1.0.7-SNAPSHOT]
	at org.evosuite.instrumentation.InstrumentingClassLoader.loadClass(InstrumentingClassLoader.java:168) ~[evosuite.jar:1.0.7-SNAPSHOT]
	at org.evosuite.utils.generic.GenericClass.getClass(GenericClass.java:149) ~[evosuite.jar:1.0.7-SNAPSHOT]
	at org.evosuite.utils.generic.GenericClass.getClass(GenericClass.java:115) ~[evosuite.jar:1.0.7-SNAPSHOT]
	at org.evosuite.utils.generic.GenericClass.readObject(GenericClass.java:1720) ~[evosuite.jar:1.0.7-SNAPSHOT]
	at sun.reflect.GeneratedMethodAccessor9.invoke(Unknown Source) ~[na:na]
	at sun.reflect.DelegatingMethodAccessorImpl.invoke(DelegatingMethodAccessorImpl.java:43) ~[na:1.8.0_161]
	at java.lang.reflect.Method.invoke(Method.java:498) ~[na:1.8.0_161]
	at java.io.ObjectStreamClass.invokeReadObject(ObjectStreamClass.java:1158) ~[na:1.8.0_161]
	at java.io.ObjectInputStream.readSerialData(ObjectInputStream.java:2168) ~[na:1.8.0_161]
	at java.io.ObjectInputStream.readOrdinaryObject(ObjectInputStream.java:2059) ~[na:1.8.0_161]
	at java.io.ObjectInputStream.readObject0(ObjectInputStream.java:1566) ~[na:1.8.0_161]
	at java.io.ObjectInputStream.defaultReadFields(ObjectInputStream.java:2277) ~[na:1.8.0_161]
	at java.io.ObjectInputStream.readSerialData(ObjectInputStream.java:2201) ~[na:1.8.0_161]
	at java.io.ObjectInputStream.readOrdinaryObject(ObjectInputStream.java:2059) ~[na:1.8.0_161]
	at java.io.ObjectInputStream.readObject0(ObjectInputStream.java:1566) ~[na:1.8.0_161]
	at java.io.ObjectInputStream.defaultReadFields(ObjectInputStream.java:2277) ~[na:1.8.0_161]
	at java.io.ObjectInputStream.readSerialData(ObjectInputStream.java:2201) ~[na:1.8.0_161]
	at java.io.ObjectInputStream.readOrdinaryObject(ObjectInputStream.java:2059) ~[na:1.8.0_161]
	at java.io.ObjectInputStream.readObject0(ObjectInputStream.java:1566) ~[na:1.8.0_161]
	at java.io.ObjectInputStream.readObject(ObjectInputStream.java:426) ~[na:1.8.0_161]
	at java.util.ArrayList.readObject(ArrayList.java:797) ~[na:1.8.0_161]
	at sun.reflect.GeneratedMethodAccessor7.invoke(Unknown Source) ~[na:na]
	at sun.reflect.DelegatingMethodAccessorImpl.invoke(DelegatingMethodAccessorImpl.java:43) ~[na:1.8.0_161]
	at java.lang.reflect.Method.invoke(Method.java:498) ~[na:1.8.0_161]
	at java.io.ObjectStreamClass.invokeReadObject(ObjectStreamClass.java:1158) ~[na:1.8.0_161]
	at java.io.ObjectInputStream.readSerialData(ObjectInputStream.java:2168) ~[na:1.8.0_161]
	at java.io.ObjectInputStream.readOrdinaryObject(ObjectInputStream.java:2059) ~[na:1.8.0_161]
	at java.io.ObjectInputStream.readObject0(ObjectInputStream.java:1566) ~[na:1.8.0_161]
	at java.io.ObjectInputStream.defaultReadFields(ObjectInputStream.java:2277) ~[na:1.8.0_161]
	at java.io.ObjectInputStream.readSerialData(ObjectInputStream.java:2201) ~[na:1.8.0_161]
	at java.io.ObjectInputStream.readOrdinaryObject(ObjectInputStream.java:2059) ~[na:1.8.0_161]
	at java.io.ObjectInputStream.readObject0(ObjectInputStream.java:1566) ~[na:1.8.0_161]
	at java.io.ObjectInputStream.defaultReadFields(ObjectInputStream.java:2277) ~[na:1.8.0_161]
	at java.io.ObjectInputStream.defaultReadObject(ObjectInputStream.java:556) ~[na:1.8.0_161]
	at org.evosuite.testcase.DefaultTestCase.readObject(DefaultTestCase.java:1103) ~[evosuite.jar:1.0.7-SNAPSHOT]
	at sun.reflect.GeneratedMethodAccessor16.invoke(Unknown Source) ~[na:na]
	at sun.reflect.DelegatingMethodAccessorImpl.invoke(DelegatingMethodAccessorImpl.java:43) ~[na:1.8.0_161]
	at java.lang.reflect.Method.invoke(Method.java:498) ~[na:1.8.0_161]
	at java.io.ObjectStreamClass.invokeReadObject(ObjectStreamClass.java:1158) ~[na:1.8.0_161]
	at java.io.ObjectInputStream.readSerialData(ObjectInputStream.java:2168) ~[na:1.8.0_161]
	at java.io.ObjectInputStream.readOrdinaryObject(ObjectInputStream.java:2059) ~[na:1.8.0_161]
	at java.io.ObjectInputStream.readObject0(ObjectInputStream.java:1566) ~[na:1.8.0_161]
	at java.io.ObjectInputStream.defaultReadFields(ObjectInputStream.java:2277) ~[na:1.8.0_161]
	at java.io.ObjectInputStream.readSerialData(ObjectInputStream.java:2201) ~[na:1.8.0_161]
	at java.io.ObjectInputStream.readOrdinaryObject(ObjectInputStream.java:2059) ~[na:1.8.0_161]
	at java.io.ObjectInputStream.readObject0(ObjectInputStream.java:1566) ~[na:1.8.0_161]
	at java.io.ObjectInputStream.readObject(ObjectInputStream.java:426) ~[na:1.8.0_161]
	at java.util.ArrayList.readObject(ArrayList.java:797) ~[na:1.8.0_161]
	at sun.reflect.GeneratedMethodAccessor7.invoke(Unknown Source) ~[na:na]
	at sun.reflect.DelegatingMethodAccessorImpl.invoke(DelegatingMethodAccessorImpl.java:43) ~[na:1.8.0_161]
	at java.lang.reflect.Method.invoke(Method.java:498) ~[na:1.8.0_161]
	at java.io.ObjectStreamClass.invokeReadObject(ObjectStreamClass.java:1158) ~[na:1.8.0_161]
	at java.io.ObjectInputStream.readSerialData(ObjectInputStream.java:2168) ~[na:1.8.0_161]
	at java.io.ObjectInputStream.readOrdinaryObject(ObjectInputStream.java:2059) ~[na:1.8.0_161]
	at java.io.ObjectInputStream.readObject0(ObjectInputStream.java:1566) ~[na:1.8.0_161]
	at java.io.ObjectInputStream.defaultReadFields(ObjectInputStream.java:2277) ~[na:1.8.0_161]
	at java.io.ObjectInputStream.readSerialData(ObjectInputStream.java:2201) ~[na:1.8.0_161]
	at java.io.ObjectInputStream.readOrdinaryObject(ObjectInputStream.java:2059) ~[na:1.8.0_161]
	at java.io.ObjectInputStream.readObject0(ObjectInputStream.java:1566) ~[na:1.8.0_161]
	at java.io.ObjectInputStream.readObject(ObjectInputStream.java:426) ~[na:1.8.0_161]
	at sun.rmi.server.UnicastRef.unmarshalValue(UnicastRef.java:322) ~[na:1.8.0_161]
	at sun.rmi.server.UnicastServerRef.dispatch(UnicastServerRef.java:341) ~[na:1.8.0_161]
	... 12 common frames omitted
Caused by: java.lang.ClassNotFoundException: Class 'com/alibaba/fastjson/parser/deserializer/FastjsonASMDeserializer_1_SQLNonTransientConnectionException.class' should be in target project, but could not be found!
	at org.evosuite.instrumentation.InstrumentingClassLoader.instrumentClass(InstrumentingClassLoader.java:190) ~[evosuite.jar:1.0.7-SNAPSHOT]
	... 74 common frames omitted
* Going to analyze the coverage criteria
* Coverage analysis for criterion LINE
* Coverage of criterion LINE: 61%
* Total number of goals: 254
* Number of covered goals: 155
* Coverage analysis for criterion BRANCH
* Coverage of criterion BRANCH: 52%
* Total number of goals: 172
* Number of covered goals: 90
* Coverage analysis for criterion EXCEPTION
* Coverage of criterion EXCEPTION: 94%
* Total number of goals: 18
* Number of covered goals: 17
* Coverage analysis for criterion WEAKMUTATION
* Coverage of criterion WEAKMUTATION: 58%
* Total number of goals: 333
* Number of covered goals: 193
* Coverage analysis for criterion OUTPUT
* Coverage of criterion OUTPUT: 39%
* Total number of goals: 162
* Number of covered goals: 63
* Coverage analysis for criterion METHOD
* Coverage of criterion METHOD: 95%
* Total number of goals: 59
* Number of covered goals: 56
* Coverage analysis for criterion METHODNOEXCEPTION
* Coverage of criterion METHODNOEXCEPTION: 92%
* Total number of goals: 59
* Number of covered goals: 54
* Coverage analysis for criterion CBRANCH
* Coverage of criterion CBRANCH: 51%
* Total number of goals: 172
* Number of covered goals: 87
* Generated 82 tests with total length 215
* Resulting test suite's coverage: 63% (average coverage for all fitness functions)
* Generating assertions
[MASTER] 23:14:48.573 [logback-2] ERROR ClientNodeImpl - Cannot inform master of change of state
java.rmi.ServerException: RemoteException occurred in server thread; nested exception is: 
	java.rmi.UnmarshalException: error unmarshalling arguments; nested exception is: 
	java.lang.ClassNotFoundException: Class 'com/alibaba/fastjson/parser/deserializer/FastjsonASMDeserializer_1_SQLNonTransientConnectionException.class' should be in target project, but could not be found!
	at sun.rmi.server.UnicastServerRef.dispatch(UnicastServerRef.java:393) ~[na:1.8.0_161]
	at sun.rmi.transport.Transport$1.run(Transport.java:200) ~[na:1.8.0_161]
	at sun.rmi.transport.Transport$1.run(Transport.java:197) ~[na:1.8.0_161]
	at java.security.AccessController.doPrivileged(Native Method) ~[na:1.8.0_161]
	at sun.rmi.transport.Transport.serviceCall(Transport.java:196) ~[na:1.8.0_161]
	at sun.rmi.transport.tcp.TCPTransport.handleMessages(TCPTransport.java:568) ~[na:1.8.0_161]
	at sun.rmi.transport.tcp.TCPTransport$ConnectionHandler.run0(TCPTransport.java:826) ~[na:1.8.0_161]
	at sun.rmi.transport.tcp.TCPTransport$ConnectionHandler.lambda$run$0(TCPTransport.java:683) ~[na:1.8.0_161]
	at java.security.AccessController.doPrivileged(Native Method) ~[na:1.8.0_161]
	at sun.rmi.transport.tcp.TCPTransport$ConnectionHandler.run(TCPTransport.java:682) ~[na:1.8.0_161]
	at java.util.concurrent.ThreadPoolExecutor.runWorker(ThreadPoolExecutor.java:1149) ~[na:1.8.0_161]
	at java.util.concurrent.ThreadPoolExecutor$Worker.run(ThreadPoolExecutor.java:624) ~[na:1.8.0_161]
	at java.lang.Thread.run(Thread.java:748) ~[na:1.8.0_161]
	at sun.rmi.transport.StreamRemoteCall.exceptionReceivedFromServer(StreamRemoteCall.java:283) ~[na:1.8.0_161]
	at sun.rmi.transport.StreamRemoteCall.executeCall(StreamRemoteCall.java:260) ~[na:1.8.0_161]
	at sun.rmi.server.UnicastRef.invoke(UnicastRef.java:161) ~[na:1.8.0_161]
	at java.rmi.server.RemoteObjectInvocationHandler.invokeRemoteMethod(RemoteObjectInvocationHandler.java:227) ~[na:1.8.0_161]
	at java.rmi.server.RemoteObjectInvocationHandler.invoke(RemoteObjectInvocationHandler.java:179) ~[na:1.8.0_161]
	at com.sun.proxy.$Proxy7.evosuite_collectStatistics(Unknown Source) ~[na:na]
	at org.evosuite.rmi.service.ClientNodeImpl.updateStatistics(ClientNodeImpl.java:266) [evosuite.jar:1.0.7-SNAPSHOT]
	at org.evosuite.statistics.StatisticsSender.sendIndividualToMaster(StatisticsSender.java:68) [evosuite.jar:1.0.7-SNAPSHOT]
	at org.evosuite.statistics.StatisticsSender.executedAndThenSendIndividualToMaster(StatisticsSender.java:98) [evosuite.jar:1.0.7-SNAPSHOT]
	at org.evosuite.TestSuiteGenerator.generateTests(TestSuiteGenerator.java:687) [evosuite.jar:1.0.7-SNAPSHOT]
	at org.evosuite.TestSuiteGenerator.generateTestSuite(TestSuiteGenerator.java:245) [evosuite.jar:1.0.7-SNAPSHOT]
	at org.evosuite.rmi.service.ClientNodeImpl.lambda$startNewSearch$0(ClientNodeImpl.java:155) [evosuite.jar:1.0.7-SNAPSHOT]
	at java.util.concurrent.Executors$RunnableAdapter.call(Executors.java:511) ~[na:1.8.0_161]
	at java.util.concurrent.FutureTask.run(FutureTask.java:266) ~[na:1.8.0_161]
	at java.util.concurrent.ThreadPoolExecutor.runWorker(ThreadPoolExecutor.java:1149) ~[na:1.8.0_161]
	at java.util.concurrent.ThreadPoolExecutor$Worker.run(ThreadPoolExecutor.java:624) ~[na:1.8.0_161]
	at java.lang.Thread.run(Thread.java:748) ~[na:1.8.0_161]
Caused by: java.rmi.UnmarshalException: error unmarshalling arguments; nested exception is: 
	java.lang.ClassNotFoundException: Class 'com/alibaba/fastjson/parser/deserializer/FastjsonASMDeserializer_1_SQLNonTransientConnectionException.class' should be in target project, but could not be found!
	at sun.rmi.server.UnicastServerRef.dispatch(UnicastServerRef.java:352) ~[na:1.8.0_161]
	at sun.rmi.transport.Transport$1.run(Transport.java:200) ~[na:1.8.0_161]
	at sun.rmi.transport.Transport$1.run(Transport.java:197) ~[na:1.8.0_161]
	at java.security.AccessController.doPrivileged(Native Method) ~[na:1.8.0_161]
	at sun.rmi.transport.Transport.serviceCall(Transport.java:196) ~[na:1.8.0_161]
	at sun.rmi.transport.tcp.TCPTransport.handleMessages(TCPTransport.java:568) ~[na:1.8.0_161]
	at sun.rmi.transport.tcp.TCPTransport$ConnectionHandler.run0(TCPTransport.java:826) ~[na:1.8.0_161]
	at sun.rmi.transport.tcp.TCPTransport$ConnectionHandler.lambda$run$0(TCPTransport.java:683) ~[na:1.8.0_161]
	at java.security.AccessController.doPrivileged(Native Method) ~[na:1.8.0_161]
	at sun.rmi.transport.tcp.TCPTransport$ConnectionHandler.run(TCPTransport.java:682) ~[na:1.8.0_161]
	... 3 common frames omitted
Caused by: java.lang.ClassNotFoundException: Class 'com/alibaba/fastjson/parser/deserializer/FastjsonASMDeserializer_1_SQLNonTransientConnectionException.class' should be in target project, but could not be found!
	at org.evosuite.instrumentation.InstrumentingClassLoader.instrumentClass(InstrumentingClassLoader.java:203) ~[evosuite.jar:1.0.7-SNAPSHOT]
	at org.evosuite.instrumentation.InstrumentingClassLoader.loadClass(InstrumentingClassLoader.java:168) ~[evosuite.jar:1.0.7-SNAPSHOT]
	at org.evosuite.utils.generic.GenericClass.getClass(GenericClass.java:149) ~[evosuite.jar:1.0.7-SNAPSHOT]
	at org.evosuite.utils.generic.GenericClass.getClass(GenericClass.java:115) ~[evosuite.jar:1.0.7-SNAPSHOT]
	at org.evosuite.utils.generic.GenericClass.readObject(GenericClass.java:1720) ~[evosuite.jar:1.0.7-SNAPSHOT]
	at sun.reflect.GeneratedMethodAccessor9.invoke(Unknown Source) ~[na:na]
	at sun.reflect.DelegatingMethodAccessorImpl.invoke(DelegatingMethodAccessorImpl.java:43) ~[na:1.8.0_161]
	at java.lang.reflect.Method.invoke(Method.java:498) ~[na:1.8.0_161]
	at java.io.ObjectStreamClass.invokeReadObject(ObjectStreamClass.java:1158) ~[na:1.8.0_161]
	at java.io.ObjectInputStream.readSerialData(ObjectInputStream.java:2168) ~[na:1.8.0_161]
	at java.io.ObjectInputStream.readOrdinaryObject(ObjectInputStream.java:2059) ~[na:1.8.0_161]
	at java.io.ObjectInputStream.readObject0(ObjectInputStream.java:1566) ~[na:1.8.0_161]
	at java.io.ObjectInputStream.defaultReadFields(ObjectInputStream.java:2277) ~[na:1.8.0_161]
	at java.io.ObjectInputStream.readSerialData(ObjectInputStream.java:2201) ~[na:1.8.0_161]
	at java.io.ObjectInputStream.readOrdinaryObject(ObjectInputStream.java:2059) ~[na:1.8.0_161]
	at java.io.ObjectInputStream.readObject0(ObjectInputStream.java:1566) ~[na:1.8.0_161]
	at java.io.ObjectInputStream.defaultReadFields(ObjectInputStream.java:2277) ~[na:1.8.0_161]
	at java.io.ObjectInputStream.readSerialData(ObjectInputStream.java:2201) ~[na:1.8.0_161]
	at java.io.ObjectInputStream.readOrdinaryObject(ObjectInputStream.java:2059) ~[na:1.8.0_161]
	at java.io.ObjectInputStream.readObject0(ObjectInputStream.java:1566) ~[na:1.8.0_161]
	at java.io.ObjectInputStream.readObject(ObjectInputStream.java:426) ~[na:1.8.0_161]
	at java.util.ArrayList.readObject(ArrayList.java:797) ~[na:1.8.0_161]
	at sun.reflect.GeneratedMethodAccessor7.invoke(Unknown Source) ~[na:na]
	at sun.reflect.DelegatingMethodAccessorImpl.invoke(DelegatingMethodAccessorImpl.java:43) ~[na:1.8.0_161]
	at java.lang.reflect.Method.invoke(Method.java:498) ~[na:1.8.0_161]
	at java.io.ObjectStreamClass.invokeReadObject(ObjectStreamClass.java:1158) ~[na:1.8.0_161]
	at java.io.ObjectInputStream.readSerialData(ObjectInputStream.java:2168) ~[na:1.8.0_161]
	at java.io.ObjectInputStream.readOrdinaryObject(ObjectInputStream.java:2059) ~[na:1.8.0_161]
	at java.io.ObjectInputStream.readObject0(ObjectInputStream.java:1566) ~[na:1.8.0_161]
	at java.io.ObjectInputStream.defaultReadFields(ObjectInputStream.java:2277) ~[na:1.8.0_161]
	at java.io.ObjectInputStream.readSerialData(ObjectInputStream.java:2201) ~[na:1.8.0_161]
	at java.io.ObjectInputStream.readOrdinaryObject(ObjectInputStream.java:2059) ~[na:1.8.0_161]
	at java.io.ObjectInputStream.readObject0(ObjectInputStream.java:1566) ~[na:1.8.0_161]
	at java.io.ObjectInputStream.defaultReadFields(ObjectInputStream.java:2277) ~[na:1.8.0_161]
	at java.io.ObjectInputStream.defaultReadObject(ObjectInputStream.java:556) ~[na:1.8.0_161]
	at org.evosuite.testcase.DefaultTestCase.readObject(DefaultTestCase.java:1103) ~[evosuite.jar:1.0.7-SNAPSHOT]
	at sun.reflect.GeneratedMethodAccessor16.invoke(Unknown Source) ~[na:na]
	at sun.reflect.DelegatingMethodAccessorImpl.invoke(DelegatingMethodAccessorImpl.java:43) ~[na:1.8.0_161]
	at java.lang.reflect.Method.invoke(Method.java:498) ~[na:1.8.0_161]
	at java.io.ObjectStreamClass.invokeReadObject(ObjectStreamClass.java:1158) ~[na:1.8.0_161]
	at java.io.ObjectInputStream.readSerialData(ObjectInputStream.java:2168) ~[na:1.8.0_161]
	at java.io.ObjectInputStream.readOrdinaryObject(ObjectInputStream.java:2059) ~[na:1.8.0_161]
	at java.io.ObjectInputStream.readObject0(ObjectInputStream.java:1566) ~[na:1.8.0_161]
	at java.io.ObjectInputStream.defaultReadFields(ObjectInputStream.java:2277) ~[na:1.8.0_161]
	at java.io.ObjectInputStream.readSerialData(ObjectInputStream.java:2201) ~[na:1.8.0_161]
	at java.io.ObjectInputStream.readOrdinaryObject(ObjectInputStream.java:2059) ~[na:1.8.0_161]
	at java.io.ObjectInputStream.readObject0(ObjectInputStream.java:1566) ~[na:1.8.0_161]
	at java.io.ObjectInputStream.readObject(ObjectInputStream.java:426) ~[na:1.8.0_161]
	at java.util.ArrayList.readObject(ArrayList.java:797) ~[na:1.8.0_161]
	at sun.reflect.GeneratedMethodAccessor7.invoke(Unknown Source) ~[na:na]
	at sun.reflect.DelegatingMethodAccessorImpl.invoke(DelegatingMethodAccessorImpl.java:43) ~[na:1.8.0_161]
	at java.lang.reflect.Method.invoke(Method.java:498) ~[na:1.8.0_161]
	at java.io.ObjectStreamClass.invokeReadObject(ObjectStreamClass.java:1158) ~[na:1.8.0_161]
	at java.io.ObjectInputStream.readSerialData(ObjectInputStream.java:2168) ~[na:1.8.0_161]
	at java.io.ObjectInputStream.readOrdinaryObject(ObjectInputStream.java:2059) ~[na:1.8.0_161]
	at java.io.ObjectInputStream.readObject0(ObjectInputStream.java:1566) ~[na:1.8.0_161]
	at java.io.ObjectInputStream.defaultReadFields(ObjectInputStream.java:2277) ~[na:1.8.0_161]
	at java.io.ObjectInputStream.readSerialData(ObjectInputStream.java:2201) ~[na:1.8.0_161]
	at java.io.ObjectInputStream.readOrdinaryObject(ObjectInputStream.java:2059) ~[na:1.8.0_161]
	at java.io.ObjectInputStream.readObject0(ObjectInputStream.java:1566) ~[na:1.8.0_161]
	at java.io.ObjectInputStream.readObject(ObjectInputStream.java:426) ~[na:1.8.0_161]
	at sun.rmi.server.UnicastRef.unmarshalValue(UnicastRef.java:322) ~[na:1.8.0_161]
	at sun.rmi.server.UnicastServerRef.dispatch(UnicastServerRef.java:341) ~[na:1.8.0_161]
	... 12 common frames omitted
Caused by: java.lang.ClassNotFoundException: Class 'com/alibaba/fastjson/parser/deserializer/FastjsonASMDeserializer_1_SQLNonTransientConnectionException.class' should be in target project, but could not be found!
	at org.evosuite.instrumentation.InstrumentingClassLoader.instrumentClass(InstrumentingClassLoader.java:190) ~[evosuite.jar:1.0.7-SNAPSHOT]
	... 74 common frames omitted
* Resulting test suite's mutation score: 16%
* Compiling and checking tests
* Minimizing test suite
[MASTER] 23:15:24.920 [logback-1] WARN  JUnitAnalyzer - Found unstable test named test0 -> class java.lang.OutOfMemoryError: Java heap space
[MASTER] 23:15:24.921 [logback-1] WARN  JUnitAnalyzer - Failing test:
 JSONObject jSONObject0 = new JSONObject(2147483645);
jSONObject0.fluentPut("vB,(n*BEUZ7$qB4L", (Object) null);

* Permissions denied during test execution: 
  - java.lang.RuntimePermission: 
         writeFileDescriptor: 2
* Writing tests to file
* Writing JUnit test case 'JSONObject_ESTest' to /home/apaniche/mitchell/generation-scripts/evosuite_fuzzer/tests/s0/fastjson/evosuite-tests
* Done!

* Computation finished
[MASTER] 23:17:03.144 [logback-1] WARN  TestSuiteMinimizer - Minimization timeout. Roll back to original test suite
* Going to analyze the coverage criteria
* Coverage analysis for criterion LINE
[MASTER] 23:19:55.482 [logback-2] ERROR ClientNodeImpl - Error when generating tests for: com.alibaba.fastjson.JSONPath with seed 0. Configuration id : EvoSuite_fuzzer
java.lang.OutOfMemoryError: GC overhead limit exceeded
* Computation finished
[MASTER] 23:19:59.115 [main] ERROR SearchStatistics - No statistics has been saved because EvoSuite failed to generate any test case
[MASTER] 23:19:59.217 [main] ERROR TestGeneration - failed to write statistics data
* EvoSuite 1.0.7-SNAPSHOT
* Configuration: EvoSuite_fuzzer
* Going to generate test cases for class: com.alibaba.fastjson.JSONReader
* Starting Client-0
* Connecting to master process on port 10022
* Analyzing classpath: 
  - /home/apaniche/mitchell/generation-scripts/projects/fastjson/fastjson-1.2.68.jar
[MASTER] 23:20:06.233 [logback-1] WARN  CheapPurityAnalyzer - com.google.common.collect.ArrayListMultimap was not found in the inheritance tree. Using DEFAULT value for cheap-purity analysis
[MASTER] 23:20:06.246 [logback-1] WARN  InheritanceTree - Class not in inheritance graph: com.google.common.collect.ArrayListMultimap
* Finished analyzing classpath
* Generating tests for class com.alibaba.fastjson.JSONReader
* Test criteria:
  - Line Coverage
  - Branch Coverage
  - Exception
  - Mutation testing (weak)
  - Method-Output Coverage
  - Top-Level Method Coverage
  - No-Exception Top-Level Method Coverage
  - Context Branch Coverage
* Total number of test goals for DYNAMOSA: 740
* Using seed 0
* Starting evolution
* Initial Number of Goals in DynaMOSA = 232 / 740
[MASTER] 23:21:04.347 [logback-2] ERROR TestCluster - Failed to check cache for java.util.Comparator<T> : Type points to itself
* Search finished after 125s and 6 generations, 2790 statements, best individual has fitness: 555.0
* Minimizing test suite
* Going to analyze the coverage criteria
* Coverage analysis for criterion LINE
* Coverage of criterion LINE: 31%
* Total number of goals: 157
* Number of covered goals: 48
* Coverage analysis for criterion BRANCH
* Coverage of criterion BRANCH: 22%
* Total number of goals: 115
* Number of covered goals: 25
* Coverage analysis for criterion EXCEPTION
* Coverage of criterion EXCEPTION: 100%
* Total number of goals: 24
* Number of covered goals: 24
* Coverage analysis for criterion WEAKMUTATION
* Coverage of criterion WEAKMUTATION: 20%
* Total number of goals: 266
* Number of covered goals: 53
* Coverage analysis for criterion OUTPUT
* Coverage of criterion OUTPUT: 16%
* Total number of goals: 37
* Number of covered goals: 6
* Coverage analysis for criterion METHOD
* Coverage of criterion METHOD: 96%
* Total number of goals: 25
* Number of covered goals: 24
* Coverage analysis for criterion METHODNOEXCEPTION
* Coverage of criterion METHODNOEXCEPTION: 64%
* Total number of goals: 25
* Number of covered goals: 16
* Coverage analysis for criterion CBRANCH
* Coverage of criterion CBRANCH: 22%
* Total number of goals: 115
* Number of covered goals: 25
* Generated 34 tests with total length 136
* Resulting test suite's coverage: 42% (average coverage for all fitness functions)
* Generating assertions
* Resulting test suite's mutation score: 4%
* Compiling and checking tests
* Writing tests to file
* Writing JUnit test case 'JSONReader_ESTest' to /home/apaniche/mitchell/generation-scripts/evosuite_fuzzer/tests/s0/fastjson/evosuite-tests
* Done!

* Computation finished
