* EvoSuite 1.0.7-SNAPSHOT
* Configuration: EvoSuite_fuzzer
* Going to generate test cases for class: com.google.gson.JsonArray
* Starting Client-0
* Connecting to master process on port 9925
* Analyzing classpath: 
  - /home/apaniche/mitchell/generation-scripts/projects/gson/gson-2.8.6.jar
* Finished analyzing classpath
* Generating tests for class com.google.gson.JsonArray
* Test criteria:
  - Line Coverage
  - Branch Coverage
  - Exception
  - Mutation testing (weak)
  - Method-Output Coverage
  - Top-Level Method Coverage
  - No-Exception Top-Level Method Coverage
  - Context Branch Coverage
* Total number of test goals for DYNAMOSA: 427
* Using seed 1
* Starting evolution
* Initial Number of Goals in DynaMOSA = 249 / 427
* Search finished after 124s and 687 generations, 111197 statements, best individual has fitness: 86.0
* Minimizing test suite
* Going to analyze the coverage criteria
* Coverage analysis for criterion LINE
* Coverage of criterion LINE: 100%
* Total number of goals: 72
* Number of covered goals: 72
* Coverage analysis for criterion BRANCH
* Coverage of criterion BRANCH: 100%
* Total number of goals: 58
* Number of covered goals: 58
* Coverage analysis for criterion EXCEPTION
* Coverage of criterion EXCEPTION: 100%
* Total number of goals: 44
* Number of covered goals: 44
* Coverage analysis for criterion WEAKMUTATION
* Coverage of criterion WEAKMUTATION: 97%
* Total number of goals: 70
* Number of covered goals: 68
* Coverage analysis for criterion OUTPUT
* Coverage of criterion OUTPUT: 63%
* Total number of goals: 109
* Number of covered goals: 69
* Coverage analysis for criterion METHOD
* Coverage of criterion METHOD: 100%
* Total number of goals: 30
* Number of covered goals: 30
* Coverage analysis for criterion METHODNOEXCEPTION
* Coverage of criterion METHODNOEXCEPTION: 97%
* Total number of goals: 30
* Number of covered goals: 29
* Coverage analysis for criterion CBRANCH
* Coverage of criterion CBRANCH: 100%
* Total number of goals: 58
* Number of covered goals: 58
* Generated 94 tests with total length 312
* Resulting test suite's coverage: 88% (average coverage for all fitness functions)
* Generating assertions
* Resulting test suite's mutation score: 82%
* Compiling and checking tests
[MASTER] 23:22:22.793 [logback-1] WARN  JUnitAnalyzer - Found unstable test named test0 -> class java.lang.OutOfMemoryError: Java heap space
[MASTER] 23:22:22.793 [logback-1] WARN  JUnitAnalyzer - Failing test:
 JsonArray jsonArray0 = new JsonArray(2147483645);

* Writing tests to file
* Writing JUnit test case 'JsonArray_ESTest' to /home/apaniche/mitchell/generation-scripts/evosuite_fuzzer/tests/s1/gson/evosuite-tests
* Done!

* Computation finished
[MASTER] 23:22:29.354 [main] ERROR RuntimeVariable - Obtained invalid goal count: covered 428 out of 427
[MASTER] 23:22:29.354 [main] ERROR SearchStatistics - Not going to write down statistics data, as some data is invalid
[MASTER] 23:22:29.455 [main] ERROR TestGeneration - failed to write statistics data
* EvoSuite 1.0.7-SNAPSHOT
* Configuration: EvoSuite_fuzzer
* Going to generate test cases for class: com.google.gson.JsonPrimitive
* EvoSuite 1.0.7-SNAPSHOT
* Configuration: EvoSuite_fuzzer
* Going to generate test cases for class: com.google.gson.JsonElement
* EvoSuite 1.0.7-SNAPSHOT
* Configuration: EvoSuite_fuzzer
* Going to generate test cases for class: com.google.gson.internal.bind.JsonTreeWriter
* Starting Client-0
* Starting Client-0
* Connecting to master process on port 9923
* Starting Client-0
* Connecting to master process on port 9924
* Connecting to master process on port 9927
* Analyzing classpath: 
* Analyzing classpath: 
* Analyzing classpath: 
  - /home/apaniche/mitchell/generation-scripts/projects/gson/gson-2.8.6.jar
  - /home/apaniche/mitchell/generation-scripts/projects/gson/gson-2.8.6.jar
  - /home/apaniche/mitchell/generation-scripts/projects/gson/gson-2.8.6.jar
* Finished analyzing classpath
* Generating tests for class com.google.gson.JsonPrimitive
* Test criteria:
  - Line Coverage
  - Branch Coverage
  - Exception
  - Mutation testing (weak)
  - Method-Output Coverage
  - Top-Level Method Coverage
  - No-Exception Top-Level Method Coverage
  - Context Branch Coverage
* Total number of test goals for DYNAMOSA: 433
* Using seed 1
* Starting evolution
* Initial Number of Goals in DynaMOSA = 165 / 433
* Finished analyzing classpath
* Generating tests for class com.google.gson.JsonElement
* Test criteria:
  - Line Coverage
  - Branch Coverage
  - Exception
  - Mutation testing (weak)
  - Method-Output Coverage
  - Top-Level Method Coverage
  - No-Exception Top-Level Method Coverage
  - Context Branch Coverage
* Total number of test goals for DYNAMOSA: 265
* Using seed 1
* Starting evolution
* Initial Number of Goals in DynaMOSA = 183 / 265
* Finished analyzing classpath
* Generating tests for class com.google.gson.internal.bind.JsonTreeWriter
* Test criteria:
  - Line Coverage
  - Branch Coverage
  - Exception
  - Mutation testing (weak)
  - Method-Output Coverage
  - Top-Level Method Coverage
  - No-Exception Top-Level Method Coverage
  - Context Branch Coverage
* Total number of test goals for DYNAMOSA: 443
* Using seed 1
* Starting evolution
* Initial Number of Goals in DynaMOSA = 202 / 443
[MASTER] 23:27:19.417 [logback-2] ERROR TestCaseExecutor - TG: Exception caught: 
java.lang.IllegalStateException: Trying to set up the sandbox while executing a test case
	at org.evosuite.runtime.sandbox.MSecurityManager.goingToExecuteTestCase(MSecurityManager.java:348) ~[evosuite.jar:1.0.7-SNAPSHOT]
	at org.evosuite.runtime.sandbox.Sandbox.goingToExecuteSUTCode(Sandbox.java:130) ~[evosuite.jar:1.0.7-SNAPSHOT]
	at org.evosuite.testcase.execution.TestCaseExecutor.execute(TestCaseExecutor.java:331) ~[evosuite.jar:1.0.7-SNAPSHOT]
	at org.evosuite.testcase.execution.TestCaseExecutor.execute(TestCaseExecutor.java:277) ~[evosuite.jar:1.0.7-SNAPSHOT]
	at org.evosuite.testcase.execution.TestCaseExecutor.execute(TestCaseExecutor.java:264) ~[evosuite.jar:1.0.7-SNAPSHOT]
	at org.evosuite.testcase.execution.TestCaseExecutor.runTest(TestCaseExecutor.java:140) ~[evosuite.jar:1.0.7-SNAPSHOT]
	at org.evosuite.ga.metaheuristics.mosa.structural.MultiCriteriaManager.calculateFitness(MultiCriteriaManager.java:394) [evosuite.jar:1.0.7-SNAPSHOT]
	at org.evosuite.ga.metaheuristics.mosa.DynaMOSA.calculateFitness(DynaMOSA.java:193) [evosuite.jar:1.0.7-SNAPSHOT]
	at org.evosuite.ga.metaheuristics.mosa.AbstractMOSA.breedNextGeneration(AbstractMOSA.java:148) [evosuite.jar:1.0.7-SNAPSHOT]
	at org.evosuite.ga.metaheuristics.mosa.DynaMOSA.evolve(DynaMOSA.java:72) [evosuite.jar:1.0.7-SNAPSHOT]
	at org.evosuite.ga.metaheuristics.mosa.DynaMOSA.generateSolution(DynaMOSA.java:176) [evosuite.jar:1.0.7-SNAPSHOT]
	at org.evosuite.strategy.MOSuiteStrategy.generateTests(MOSuiteStrategy.java:113) [evosuite.jar:1.0.7-SNAPSHOT]
	at org.evosuite.TestSuiteGenerator.generateTests(TestSuiteGenerator.java:681) [evosuite.jar:1.0.7-SNAPSHOT]
	at org.evosuite.TestSuiteGenerator.generateTestSuite(TestSuiteGenerator.java:245) [evosuite.jar:1.0.7-SNAPSHOT]
	at org.evosuite.rmi.service.ClientNodeImpl.lambda$startNewSearch$0(ClientNodeImpl.java:155) [evosuite.jar:1.0.7-SNAPSHOT]
	at java.util.concurrent.Executors$RunnableAdapter.call(Executors.java:511) ~[na:1.8.0_161]
	at java.util.concurrent.FutureTask.run(FutureTask.java:266) ~[na:1.8.0_161]
	at java.util.concurrent.ThreadPoolExecutor.runWorker(ThreadPoolExecutor.java:1149) ~[na:1.8.0_161]
	at java.util.concurrent.ThreadPoolExecutor$Worker.run(ThreadPoolExecutor.java:624) ~[na:1.8.0_161]
	at java.lang.Thread.run(Thread.java:748) ~[na:1.8.0_161]
[MASTER] 23:27:19.418 [logback-2] ERROR ClientNodeImpl - Error when generating tests for: com.google.gson.JsonPrimitive with seed 1. Configuration id : EvoSuite_fuzzer
java.lang.Error: java.lang.IllegalStateException: Trying to set up the sandbox while executing a test case
	at org.evosuite.testcase.execution.TestCaseExecutor.runTest(TestCaseExecutor.java:146) ~[evosuite.jar:1.0.7-SNAPSHOT]
	at org.evosuite.ga.metaheuristics.mosa.structural.MultiCriteriaManager.calculateFitness(MultiCriteriaManager.java:394) ~[evosuite.jar:1.0.7-SNAPSHOT]
	at org.evosuite.ga.metaheuristics.mosa.DynaMOSA.calculateFitness(DynaMOSA.java:193) ~[evosuite.jar:1.0.7-SNAPSHOT]
	at org.evosuite.ga.metaheuristics.mosa.AbstractMOSA.breedNextGeneration(AbstractMOSA.java:148) ~[evosuite.jar:1.0.7-SNAPSHOT]
	at org.evosuite.ga.metaheuristics.mosa.DynaMOSA.evolve(DynaMOSA.java:72) ~[evosuite.jar:1.0.7-SNAPSHOT]
	at org.evosuite.ga.metaheuristics.mosa.DynaMOSA.generateSolution(DynaMOSA.java:176) ~[evosuite.jar:1.0.7-SNAPSHOT]
	at org.evosuite.strategy.MOSuiteStrategy.generateTests(MOSuiteStrategy.java:113) ~[evosuite.jar:1.0.7-SNAPSHOT]
	at org.evosuite.TestSuiteGenerator.generateTests(TestSuiteGenerator.java:681) ~[evosuite.jar:1.0.7-SNAPSHOT]
	at org.evosuite.TestSuiteGenerator.generateTestSuite(TestSuiteGenerator.java:245) ~[evosuite.jar:1.0.7-SNAPSHOT]
	at org.evosuite.rmi.service.ClientNodeImpl.lambda$startNewSearch$0(ClientNodeImpl.java:155) ~[evosuite.jar:1.0.7-SNAPSHOT]
	at java.util.concurrent.Executors$RunnableAdapter.call(Executors.java:511) ~[na:1.8.0_161]
	at java.util.concurrent.FutureTask.run(FutureTask.java:266) ~[na:1.8.0_161]
	at java.util.concurrent.ThreadPoolExecutor.runWorker(ThreadPoolExecutor.java:1149) ~[na:1.8.0_161]
	at java.util.concurrent.ThreadPoolExecutor$Worker.run(ThreadPoolExecutor.java:624) ~[na:1.8.0_161]
	at java.lang.Thread.run(Thread.java:748) ~[na:1.8.0_161]
Caused by: java.lang.IllegalStateException: Trying to set up the sandbox while executing a test case
	at org.evosuite.runtime.sandbox.MSecurityManager.goingToExecuteTestCase(MSecurityManager.java:348) ~[evosuite.jar:1.0.7-SNAPSHOT]
	at org.evosuite.runtime.sandbox.Sandbox.goingToExecuteSUTCode(Sandbox.java:130) ~[evosuite.jar:1.0.7-SNAPSHOT]
	at org.evosuite.testcase.execution.TestCaseExecutor.execute(TestCaseExecutor.java:331) ~[evosuite.jar:1.0.7-SNAPSHOT]
	at org.evosuite.testcase.execution.TestCaseExecutor.execute(TestCaseExecutor.java:277) ~[evosuite.jar:1.0.7-SNAPSHOT]
	at org.evosuite.testcase.execution.TestCaseExecutor.execute(TestCaseExecutor.java:264) ~[evosuite.jar:1.0.7-SNAPSHOT]
	at org.evosuite.testcase.execution.TestCaseExecutor.runTest(TestCaseExecutor.java:140) ~[evosuite.jar:1.0.7-SNAPSHOT]
	... 14 common frames omitted
* Computation finished
[MASTER] 23:27:19.528 [main] ERROR SearchStatistics - No obtained value for output variable: Total_Goals
[MASTER] 23:27:21.532 [main] ERROR SearchStatistics - No obtained value for output variable: Total_Goals
[MASTER] 23:27:22.533 [main] ERROR SearchStatistics - No obtained value for output variable: Total_Goals
[MASTER] 23:27:23.533 [main] ERROR SearchStatistics - No obtained value for output variable: Total_Goals
[MASTER] 23:27:24.534 [main] ERROR SearchStatistics - No obtained value for output variable: Total_Goals
[MASTER] 23:27:25.534 [main] ERROR SearchStatistics - No obtained value for output variable: Total_Goals
[MASTER] 23:27:25.535 [main] ERROR SearchStatistics - Not going to write down statistics data, as some are missing
[MASTER] 23:27:25.636 [main] ERROR TestGeneration - failed to write statistics data
* Search finished after 121s and 460 generations, 59041 statements, best individual has fitness: 105.0
* Search finished after 122s and 1610 generations, 301662 statements, best individual has fitness: 54.0
* Minimizing test suite
* Minimizing test suite
* Going to analyze the coverage criteria
* Coverage analysis for criterion LINE
* Coverage of criterion LINE: 95%
* Total number of goals: 83
* Number of covered goals: 79
* Coverage analysis for criterion BRANCH
* Coverage of criterion BRANCH: 91%
* Total number of goals: 74
* Number of covered goals: 67
* Coverage analysis for criterion EXCEPTION
* Coverage of criterion EXCEPTION: 100%
* Total number of goals: 14
* Number of covered goals: 14
* Coverage analysis for criterion WEAKMUTATION
* Coverage of criterion WEAKMUTATION: 90%
* Total number of goals: 87
* Number of covered goals: 78
* Coverage analysis for criterion OUTPUT
* Coverage of criterion OUTPUT: 86%
* Total number of goals: 93
* Number of covered goals: 80
* Coverage analysis for criterion METHOD
* Coverage of criterion METHOD: 100%
* Total number of goals: 16
* Number of covered goals: 16
* Coverage analysis for criterion METHODNOEXCEPTION
* Coverage of criterion METHODNOEXCEPTION: 100%
* Total number of goals: 16
* Number of covered goals: 16
* Coverage analysis for criterion CBRANCH
* Coverage of criterion CBRANCH: 91%
* Total number of goals: 74
* Number of covered goals: 67
* Generated 57 tests with total length 198
* Resulting test suite's coverage: 88% (average coverage for all fitness functions)
* Generating assertions
* Resulting test suite's mutation score: 49%
* Compiling and checking tests
* Going to analyze the coverage criteria
* Coverage analysis for criterion LINE
* Coverage of criterion LINE: 94%
* Total number of goals: 36
* Number of covered goals: 34
* Coverage analysis for criterion BRANCH
* Coverage of criterion BRANCH: 100%
* Total number of goals: 26
* Number of covered goals: 26
* Coverage analysis for criterion EXCEPTION
* Coverage of criterion EXCEPTION: 100%
* Total number of goals: 38
* Number of covered goals: 38
* Coverage analysis for criterion WEAKMUTATION
* Coverage of criterion WEAKMUTATION: 100%
* Total number of goals: 9
* Number of covered goals: 9
* Coverage analysis for criterion OUTPUT
* Coverage of criterion OUTPUT: 50%
* Total number of goals: 124
* Number of covered goals: 62
* Coverage analysis for criterion METHOD
* Coverage of criterion METHOD: 100%
* Total number of goals: 22
* Number of covered goals: 22
* Coverage analysis for criterion METHODNOEXCEPTION
* Coverage of criterion METHODNOEXCEPTION: 91%
* Total number of goals: 22
* Number of covered goals: 20
* Coverage analysis for criterion CBRANCH
* Coverage of criterion CBRANCH: 100%
* Total number of goals: 26
* Number of covered goals: 26
* Generated 80 tests with total length 198
* Resulting test suite's coverage: 85% (average coverage for all fitness functions)
* Generating assertions
* Writing tests to file
* Writing JUnit test case 'JsonTreeWriter_ESTest' to /home/apaniche/mitchell/generation-scripts/evosuite_fuzzer/tests/s1/gson/evosuite-tests
* Done!

* Computation finished
* Resulting test suite's mutation score: 44%
* Compiling and checking tests
* Writing tests to file
* Writing JUnit test case 'JsonElement_ESTest' to /home/apaniche/mitchell/generation-scripts/evosuite_fuzzer/tests/s1/gson/evosuite-tests
* Done!

* Computation finished
* EvoSuite 1.0.7-SNAPSHOT
* Configuration: EvoSuite_fuzzer
* Going to generate test cases for class: com.google.gson.internal.bind.JsonTreeReader
* EvoSuite 1.0.7-SNAPSHOT
* Configuration: EvoSuite_fuzzer
* Going to generate test cases for class: com.google.gson.stream.JsonWriter
* Starting Client-0
* Starting Client-0
* Connecting to master process on port 9927
* Connecting to master process on port 9922
* Analyzing classpath: 
* Analyzing classpath: 
  - /home/apaniche/mitchell/generation-scripts/projects/gson/gson-2.8.6.jar
  - /home/apaniche/mitchell/generation-scripts/projects/gson/gson-2.8.6.jar
* Finished analyzing classpath
* Generating tests for class com.google.gson.internal.bind.JsonTreeReader
* Test criteria:
  - Line Coverage
  - Branch Coverage
  - Exception
  - Mutation testing (weak)
  - Method-Output Coverage
  - Top-Level Method Coverage
  - No-Exception Top-Level Method Coverage
  - Context Branch Coverage
* Finished analyzing classpath
* Generating tests for class com.google.gson.stream.JsonWriter
* Test criteria:
  - Line Coverage
  - Branch Coverage
  - Exception
  - Mutation testing (weak)
  - Method-Output Coverage
  - Top-Level Method Coverage
  - No-Exception Top-Level Method Coverage
  - Context Branch Coverage
* Total number of test goals for DYNAMOSA: 830
* Using seed 1
* Starting evolution
* Initial Number of Goals in DynaMOSA = 253 / 830
* Total number of test goals for DYNAMOSA: 1024
* Using seed 1
* Starting evolution
* Initial Number of Goals in DynaMOSA = 410 / 1024
[MASTER] 23:29:17.215 [logback-2] ERROR TestCluster - Failed to check cache for java.util.AbstractMap<K, V>.SimpleEntry<K, V> : Type points to itself
[MASTER] 23:29:17.215 [logback-2] ERROR TestCluster - Failed to check cache for java.util.AbstractMap<K, V>.SimpleImmutableEntry<K, V> : Type points to itself
* Search finished after 121s and 1298 generations, 305651 statements, best individual has fitness: 135.0
* Search finished after 122s and 998 generations, 383718 statements, best individual has fitness: 114.0
* Minimizing test suite
* Minimizing test suite
* Going to analyze the coverage criteria
* Coverage analysis for criterion LINE
* Coverage of criterion LINE: 94%
* Total number of goals: 162
* Number of covered goals: 152
* Coverage analysis for criterion BRANCH
* Coverage of criterion BRANCH: 91%
* Total number of goals: 103
* Number of covered goals: 94
* Coverage analysis for criterion EXCEPTION
* Coverage of criterion EXCEPTION: 100%
* Total number of goals: 39
* Number of covered goals: 39
* Coverage analysis for criterion WEAKMUTATION
* Coverage of criterion WEAKMUTATION: 83%
* Total number of goals: 397
* Number of covered goals: 331
* Coverage analysis for criterion OUTPUT
* Coverage of criterion OUTPUT: 74%
* Total number of goals: 27
* Number of covered goals: 20
* Coverage analysis for criterion METHOD
* Coverage of criterion METHOD: 100%
* Total number of goals: 19
* Number of covered goals: 19
* Coverage analysis for criterion METHODNOEXCEPTION
* Coverage of criterion METHODNOEXCEPTION: 100%
* Total number of goals: 19
* Number of covered goals: 19
* Coverage analysis for criterion CBRANCH
* Coverage of criterion CBRANCH: 91%
* Total number of goals: 103
* Number of covered goals: 94
* Generated 79 tests with total length 304
* Resulting test suite's coverage: 86% (average coverage for all fitness functions)
* Generating assertions
* Going to analyze the coverage criteria
* Coverage analysis for criterion LINE
* Coverage of criterion LINE: 97%
* Total number of goals: 179
* Number of covered goals: 173
* Coverage analysis for criterion BRANCH
* Coverage of criterion BRANCH: 91%
* Total number of goals: 117
* Number of covered goals: 106
* Coverage analysis for criterion EXCEPTION
* Coverage of criterion EXCEPTION: 100%
* Total number of goals: 18
* Number of covered goals: 18
* Coverage analysis for criterion WEAKMUTATION
* Coverage of criterion WEAKMUTATION: 90%
* Total number of goals: 468
* Number of covered goals: 421
* Coverage analysis for criterion OUTPUT
* Coverage of criterion OUTPUT: 87%
* Total number of goals: 97
* Number of covered goals: 84
* Coverage analysis for criterion METHOD
* Coverage of criterion METHOD: 100%
* Total number of goals: 23
* Number of covered goals: 23
* Coverage analysis for criterion METHODNOEXCEPTION
* Coverage of criterion METHODNOEXCEPTION: 100%
* Total number of goals: 23
* Number of covered goals: 23
* Coverage analysis for criterion CBRANCH
* Coverage of criterion CBRANCH: 84%
* Total number of goals: 117
* Number of covered goals: 98
* Generated 77 tests with total length 361
* Resulting test suite's coverage: 87% (average coverage for all fitness functions)
* Generating assertions
* Resulting test suite's mutation score: 40%
* Compiling and checking tests
* Resulting test suite's mutation score: 62%
* Compiling and checking tests
* Writing tests to file
* Writing JUnit test case 'JsonWriter_ESTest' to /home/apaniche/mitchell/generation-scripts/evosuite_fuzzer/tests/s1/gson/evosuite-tests
* Done!

* Computation finished
* Writing tests to file
* Writing JUnit test case 'JsonTreeReader_ESTest' to /home/apaniche/mitchell/generation-scripts/evosuite_fuzzer/tests/s1/gson/evosuite-tests
* Done!

* Computation finished
* EvoSuite 1.0.7-SNAPSHOT
* Configuration: EvoSuite_fuzzer
* Going to generate test cases for class: com.google.gson.Gson
* EvoSuite 1.0.7-SNAPSHOT
* Configuration: EvoSuite_fuzzer
* Going to generate test cases for class: com.google.gson.stream.JsonReader
* EvoSuite 1.0.7-SNAPSHOT
* Configuration: EvoSuite_fuzzer
* Going to generate test cases for class: com.google.gson.internal.LinkedHashTreeMap
* Starting Client-0
* Starting Client-0
* Connecting to master process on port 9923
* Connecting to master process on port 9922
* Starting Client-0
* Connecting to master process on port 9926
* Analyzing classpath: 
* Analyzing classpath: 
* Analyzing classpath: 
  - /home/apaniche/mitchell/generation-scripts/projects/gson/gson-2.8.6.jar
  - /home/apaniche/mitchell/generation-scripts/projects/gson/gson-2.8.6.jar
  - /home/apaniche/mitchell/generation-scripts/projects/gson/gson-2.8.6.jar
* Finished analyzing classpath
* Generating tests for class com.google.gson.stream.JsonReader
* Test criteria:
* Finished analyzing classpath
  - Line Coverage
  - Branch Coverage
  - Exception
* Generating tests for class com.google.gson.internal.LinkedHashTreeMap
  - Mutation testing (weak)
  - Method-Output Coverage
  - Top-Level Method Coverage
  - No-Exception Top-Level Method Coverage
  - Context Branch Coverage
* Test criteria:
  - Line Coverage
  - Branch Coverage
  - Exception
  - Mutation testing (weak)
  - Method-Output Coverage
  - Top-Level Method Coverage
  - No-Exception Top-Level Method Coverage
  - Context Branch Coverage
* Total number of test goals for DYNAMOSA: 1627
* Using seed 1
* Starting evolution
* Initial Number of Goals in DynaMOSA = 578 / 1627
* Total number of test goals for DYNAMOSA: 2813
* Using seed 1
* Starting evolution
* Finished analyzing classpath
* Generating tests for class com.google.gson.Gson
* Test criteria:
  - Line Coverage
  - Branch Coverage
  - Exception
  - Mutation testing (weak)
  - Method-Output Coverage
  - Top-Level Method Coverage
  - No-Exception Top-Level Method Coverage
  - Context Branch Coverage
* Initial Number of Goals in DynaMOSA = 438 / 2813
[MASTER] 23:34:26.808 [logback-2] ERROR TestCluster - Failed to check cache for java.util.AbstractMap<K, V>.SimpleEntry<K, V> : Type points to itself
[MASTER] 23:34:26.811 [logback-2] ERROR TestCluster - Failed to check cache for java.util.AbstractMap<K, V>.SimpleImmutableEntry<K, V> : Type points to itself
* Total number of test goals for DYNAMOSA: 991
* Using seed 1
* Starting evolution
* Initial Number of Goals in DynaMOSA = 599 / 991
[MASTER] 23:34:27.315 [logback-2] ERROR TestCluster - Failed to check cache for java.util.HashMap<K, V> : Type points to itself
[MASTER] 23:34:27.343 [logback-2] ERROR TestCluster - Failed to check cache for com.google.gson.Gson.FutureTypeAdapter<T> : Type points to itself
[MASTER] 23:34:36.207 [logback-2] ERROR TestCluster - Failed to check cache for java.util.Comparator<T> : Type points to itself
* Search finished after 121s and 25 generations, 20488 statements, best individual has fitness: 632.0
* Minimizing test suite
* Search finished after 123s and 404 generations, 118196 statements, best individual has fitness: 714.0
* Minimizing test suite
* Search finished after 126s and 82 generations, 24855 statements, best individual has fitness: 199.0
* Going to analyze the coverage criteria
* Coverage analysis for criterion LINE
* Coverage of criterion LINE: 66%
* Total number of goals: 387
* Number of covered goals: 256
* Coverage analysis for criterion BRANCH
* Coverage of criterion BRANCH: 57%
* Total number of goals: 262
* Number of covered goals: 149
* Coverage analysis for criterion EXCEPTION
* Coverage of criterion EXCEPTION: 100%
* Total number of goals: 8
* Number of covered goals: 8
* Coverage analysis for criterion WEAKMUTATION
* Coverage of criterion WEAKMUTATION: 69%
* Total number of goals: 588
* Number of covered goals: 403
* Coverage analysis for criterion OUTPUT
* Coverage of criterion OUTPUT: 44%
* Total number of goals: 34
* Number of covered goals: 15
* Coverage analysis for criterion METHOD
* Coverage of criterion METHOD: 94%
* Total number of goals: 47
* Number of covered goals: 44
* Coverage analysis for criterion METHODNOEXCEPTION
* Coverage of criterion METHODNOEXCEPTION: 91%
* Total number of goals: 47
* Number of covered goals: 43
* Coverage analysis for criterion CBRANCH
* Coverage of criterion CBRANCH: 57%
* Total number of goals: 262
* Number of covered goals: 149
* Generated 51 tests with total length 200
* Resulting test suite's coverage: 53% (average coverage for all fitness functions)
* Generating assertions
* Minimizing test suite
* Resulting test suite's mutation score: 16%
* Compiling and checking tests
* Writing tests to file
* Writing JUnit test case 'LinkedHashTreeMap_ESTest' to /home/apaniche/mitchell/generation-scripts/evosuite_fuzzer/tests/s1/gson/evosuite-tests
* Done!

* Computation finished
* Going to analyze the coverage criteria
* Coverage analysis for criterion LINE
* Coverage of criterion LINE: 88%
* Total number of goals: 333
* Number of covered goals: 294
* Coverage analysis for criterion BRANCH
* Coverage of criterion BRANCH: 85%
* Total number of goals: 113
* Number of covered goals: 96
* Coverage analysis for criterion EXCEPTION
* Coverage of criterion EXCEPTION: 100%
* Total number of goals: 42
* Number of covered goals: 42
* Coverage analysis for criterion WEAKMUTATION
* Coverage of criterion WEAKMUTATION: 80%
* Total number of goals: 292
* Number of covered goals: 233
* Coverage analysis for criterion OUTPUT
* Coverage of criterion OUTPUT: 61%
* Total number of goals: 70
* Number of covered goals: 43
* Coverage analysis for criterion METHOD
* Coverage of criterion METHOD: 94%
* Total number of goals: 35
* Number of covered goals: 33
* Coverage analysis for criterion METHODNOEXCEPTION
* Coverage of criterion METHODNOEXCEPTION: 91%
* Total number of goals: 35
* Number of covered goals: 32
* Coverage analysis for criterion CBRANCH
* Coverage of criterion CBRANCH: 81%
* Total number of goals: 113
* Number of covered goals: 91
* Generated 80 tests with total length 306
* Resulting test suite's coverage: 79% (average coverage for all fitness functions)
* Generating assertions
* Going to analyze the coverage criteria
* Coverage analysis for criterion LINE
* Coverage of criterion LINE: 80%
* Total number of goals: 671
* Number of covered goals: 534
* Coverage analysis for criterion BRANCH
* Coverage of criterion BRANCH: 78%
* Total number of goals: 677
* Number of covered goals: 526
* Coverage analysis for criterion EXCEPTION
* Coverage of criterion EXCEPTION: 100%
* Total number of goals: 84
* Number of covered goals: 84
* Coverage analysis for criterion WEAKMUTATION
* Coverage of criterion WEAKMUTATION: 73%
* Total number of goals: 709
* Number of covered goals: 521
* Coverage analysis for criterion OUTPUT
* Coverage of criterion OUTPUT: 69%
* Total number of goals: 35
* Number of covered goals: 24
* Coverage analysis for criterion METHOD
* Coverage of criterion METHOD: 100%
* Total number of goals: 22
* Number of covered goals: 22
* Coverage analysis for criterion METHODNOEXCEPTION
* Coverage of criterion METHODNOEXCEPTION: 95%
* Total number of goals: 22
* Number of covered goals: 21
* Coverage analysis for criterion CBRANCH
* Coverage of criterion CBRANCH: 77%
* Total number of goals: 677
* Number of covered goals: 523
* Generated 172 tests with total length 651
* Resulting test suite's coverage: 78% (average coverage for all fitness functions)
* Generating assertions
* Resulting test suite's mutation score: 23%
* Compiling and checking tests
* Writing tests to file
* Writing JUnit test case 'JsonReader_ESTest' to /home/apaniche/mitchell/generation-scripts/evosuite_fuzzer/tests/s1/gson/evosuite-tests
* Done!

* Computation finished
[MASTER] 23:38:43.656 [logback-1] WARN  SimpleMutationAssertionGenerator - Assertion minimization is taking too long (0.899725% of time used, but only 23/80 tests minimized), falling back to using all assertions
* Resulting test suite's mutation score: 14%
* Compiling and checking tests
[MASTER] 23:39:01.766 [logback-1] WARN  JUnitAnalyzer - Found unstable test named test0 -> class java.lang.ClassCastException: java.lang.String cannot be cast to com.google.gson.Gson$FutureTypeAdapter
[MASTER] 23:39:01.767 [logback-1] WARN  JUnitAnalyzer - Failing test:
 Gson gson0 = new Gson();
assertTrue(gson0.htmlSafe());
assertFalse(gson0.serializeNulls());
assertNotNull(gson0);

Class<String> class0 = String.class;
Gson.FutureTypeAdapter<String> gson_FutureTypeAdapter0 = gson0.fromJson("Cs", (Type) class0);
assertTrue(gson0.htmlSafe());
assertFalse(gson0.serializeNulls());
assertNotNull(gson_FutureTypeAdapter0);
assertEquals("Cs", gson_FutureTypeAdapter0);


* Permissions denied during test execution: 
  - java.lang.RuntimePermission: 
         writeFileDescriptor: 10
* Writing tests to file
* Writing JUnit test case 'Gson_ESTest' to /home/apaniche/mitchell/generation-scripts/evosuite_fuzzer/tests/s1/gson/evosuite-tests
* Done!

* Computation finished
* EvoSuite 1.0.7-SNAPSHOT
* Configuration: EvoSuite_fuzzer
* Going to generate test cases for class: com.google.gson.JsonObject
* Starting Client-0
* Connecting to master process on port 9923
* Analyzing classpath: 
  - /home/apaniche/mitchell/generation-scripts/projects/gson/gson-2.8.6.jar
* Finished analyzing classpath
* Generating tests for class com.google.gson.JsonObject
* Test criteria:
  - Line Coverage
  - Branch Coverage
  - Exception
  - Mutation testing (weak)
  - Method-Output Coverage
  - Top-Level Method Coverage
  - No-Exception Top-Level Method Coverage
  - Context Branch Coverage
* Total number of test goals for DYNAMOSA: 221
* Using seed 1
* Starting evolution
* Initial Number of Goals in DynaMOSA = 142 / 221
[MASTER] 23:39:13.205 [logback-2] ERROR TestCluster - Failed to check cache for java.util.AbstractMap<K, V>.SimpleEntry<K, V> : Type points to itself
[MASTER] 23:39:13.205 [logback-2] ERROR TestCluster - Failed to check cache for java.util.AbstractMap<K, V>.SimpleImmutableEntry<K, V> : Type points to itself
* Search finished after 121s and 771 generations, 112396 statements, best individual has fitness: 46.0
* Minimizing test suite
* Going to analyze the coverage criteria
* Coverage analysis for criterion LINE
* Coverage of criterion LINE: 100%
* Total number of goals: 29
* Number of covered goals: 29
* Coverage analysis for criterion BRANCH
* Coverage of criterion BRANCH: 100%
* Total number of goals: 29
* Number of covered goals: 29
* Coverage analysis for criterion EXCEPTION
* Coverage of criterion EXCEPTION: 100%
* Total number of goals: 8
* Number of covered goals: 8
* Coverage analysis for criterion WEAKMUTATION
* Coverage of criterion WEAKMUTATION: 100%
* Total number of goals: 16
* Number of covered goals: 16
* Coverage analysis for criterion OUTPUT
* Coverage of criterion OUTPUT: 52%
* Total number of goals: 82
* Number of covered goals: 43
* Coverage analysis for criterion METHOD
* Coverage of criterion METHOD: 100%
* Total number of goals: 18
* Number of covered goals: 18
* Coverage analysis for criterion METHODNOEXCEPTION
* Coverage of criterion METHODNOEXCEPTION: 100%
* Total number of goals: 18
* Number of covered goals: 18
* Coverage analysis for criterion CBRANCH
* Coverage of criterion CBRANCH: 100%
* Total number of goals: 29
* Number of covered goals: 29
* Generated 37 tests with total length 102
* Resulting test suite's coverage: 88% (average coverage for all fitness functions)
* Generating assertions
* Resulting test suite's mutation score: 75%
* Compiling and checking tests
* Writing tests to file
* Writing JUnit test case 'JsonObject_ESTest' to /home/apaniche/mitchell/generation-scripts/evosuite_fuzzer/tests/s1/gson/evosuite-tests
* Done!

* Computation finished
