* EvoSuite 1.0.7-SNAPSHOT
* Configuration: EvoSuite_fuzzer
* Going to generate test cases for class: org.json.JSONArray
* EvoSuite 1.0.7-SNAPSHOT
* Configuration: EvoSuite_fuzzer
* Going to generate test cases for class: org.json.XMLTokener
* EvoSuite 1.0.7-SNAPSHOT
* Configuration: EvoSuite_fuzzer
* Going to generate test cases for class: org.json.JSONObject
* Starting Client-0
* Connecting to master process on port 13924
* Starting Client-0
* Connecting to master process on port 13929
* Starting Client-0
* Connecting to master process on port 13927
* Analyzing classpath: 
* Analyzing classpath: 
* Analyzing classpath: 
  - /home/apaniche/mitchell/generation-scripts/projects/json/json-20180813.jar
  - /home/apaniche/mitchell/generation-scripts/projects/json/json-20180813.jar
* Finished analyzing classpath
* Generating tests for class org.json.XMLTokener
* Test criteria:
  - Line Coverage
  - Branch Coverage
  - Exception
  - Mutation testing (weak)
  - Method-Output Coverage
  - Top-Level Method Coverage
  - No-Exception Top-Level Method Coverage
  - Context Branch Coverage
* Total number of test goals for DYNAMOSA: 887
* Using seed 2
* Starting evolution
* Initial Number of Goals in DynaMOSA = 120 / 887
  - /home/apaniche/mitchell/generation-scripts/projects/json/json-20180813.jar
* Finished analyzing classpath
* Generating tests for class org.json.JSONArray
* Test criteria:
  - Line Coverage
  - Branch Coverage
  - Exception
  - Mutation testing (weak)
  - Method-Output Coverage
  - Top-Level Method Coverage
  - No-Exception Top-Level Method Coverage
  - Context Branch Coverage
* Total number of test goals for DYNAMOSA: 2012
* Using seed 2
* Starting evolution
* Initial Number of Goals in DynaMOSA = 794 / 2012
[MASTER] 14:52:56.219 [logback-2] ERROR TestCluster - Failed to check cache for java.lang.Enum<E> : Type points to itself
* Finished analyzing classpath
* Generating tests for class org.json.JSONObject
* Test criteria:
  - Line Coverage
  - Branch Coverage
  - Exception
  - Mutation testing (weak)
  - Method-Output Coverage
  - Top-Level Method Coverage
  - No-Exception Top-Level Method Coverage
  - Context Branch Coverage
* Total number of test goals for DYNAMOSA: 3382
* Using seed 2
* Starting evolution
* Initial Number of Goals in DynaMOSA = 850 / 3382
[MASTER] 14:52:57.325 [logback-2] ERROR TestCluster - Failed to check cache for java.util.LinkedList<E> : Type points to itself
[MASTER] 14:52:57.345 [logback-2] ERROR TestCluster - Failed to check cache for java.util.HashMap<K, V> : Type points to itself
[MASTER] 14:52:57.351 [logback-2] ERROR TestCluster - Failed to check cache for java.lang.Enum<E> : Type points to itself
[MASTER] 14:52:57.383 [logback-2] ERROR TestCluster - Failed to check cache for java.util.AbstractMap<K, V>.SimpleEntry<K, V> : Type points to itself
[MASTER] 14:52:57.394 [logback-2] ERROR TestCluster - Failed to check cache for java.util.AbstractMap<K, V>.SimpleImmutableEntry<K, V> : Type points to itself
[MASTER] 14:53:04.509 [logback-2] ERROR TestCluster - Failed to check cache for java.util.function.Function<T, R> : Type points to itself
[MASTER] 14:53:20.975 [logback-2] ERROR AbstractStatement - Error assigning value of type Boolean defined at statement Boolean boolean0 = (Boolean)JSONObject.stringToValue(string0), assignment statement: stringArray0[0] = (String) boolean0; SUT=org.json.JSONObject
[MASTER] 14:53:42.370 [logback-2] ERROR TestCluster - Failed to check cache for java.util.function.Function<T, R> : Type points to itself
[MASTER] 14:55:20.616 [logback-1] WARN  ExecutionTrace - Popping method put(Ljava/lang/String;J)Lorg/json/JSONObject; because we were looking for quote(Ljava/lang/String;Ljava/io/Writer;)Ljava/io/Writer;
[MASTER] 14:55:20.616 [logback-1] WARN  ExecutionTrace - Current stack: [org.json.JSONObject:put(Ljava/lang/String;J)Lorg/json/JSONObject;
Branches: 
True Distances: 
False Distances: 
, :
Branches: 
True Distances: 
False Distances: 
]
[MASTER] 14:55:22.868 [logback-2] ERROR TestCluster - Failed to check cache for java.util.List<E> : Type points to itself
* Search finished after 182s and 1943 generations, 424328 statements, best individual has fitness: 47.0
* Minimizing test suite
* Going to analyze the coverage criteria
* Coverage analysis for criterion LINE
* Coverage of criterion LINE: 98%
* Total number of goals: 129
* Number of covered goals: 126
* Coverage analysis for criterion BRANCH
* Coverage of criterion BRANCH: 99%
* Total number of goals: 158
* Number of covered goals: 157
* Coverage analysis for criterion EXCEPTION
* Coverage of criterion EXCEPTION: 100%
* Total number of goals: 12
* Number of covered goals: 12
* Coverage analysis for criterion WEAKMUTATION
* Coverage of criterion WEAKMUTATION: 95%
* Total number of goals: 410
* Number of covered goals: 388
* Coverage analysis for criterion OUTPUT
* Coverage of criterion OUTPUT: 43%
* Total number of goals: 14
* Number of covered goals: 6
* Coverage analysis for criterion METHOD
* Coverage of criterion METHOD: 100%
* Total number of goals: 9
* Number of covered goals: 9
* Coverage analysis for criterion METHODNOEXCEPTION
* Coverage of criterion METHODNOEXCEPTION: 89%
* Total number of goals: 9
* Number of covered goals: 8
* Coverage analysis for criterion CBRANCH
* Coverage of criterion CBRANCH: 99%
* Total number of goals: 158
* Number of covered goals: 157
* Generated 65 tests with total length 130
* Resulting test suite's coverage: 84% (average coverage for all fitness functions)
* Generating assertions
* Search finished after 182s and 225 generations, 65399 statements, best individual has fitness: 353.0
* Search finished after 184s and 134 generations, 62358 statements, best individual has fitness: 881.0
[MASTER] 14:56:00.698 [logback-2] ERROR TestRunnable - Suppressed/ignored exception during test case execution on class org.json.XMLTokener: java.lang.Character cannot be cast to java.lang.Boolean
java.lang.ClassCastException: java.lang.Character cannot be cast to java.lang.Boolean
	at org.evosuite.testcase.TestCodeVisitor.visitPrimitiveAssertion(TestCodeVisitor.java:528) ~[evosuite.jar:1.0.7-SNAPSHOT]
	at org.evosuite.testcase.TestCodeVisitor.visitAssertion(TestCodeVisitor.java:914) ~[evosuite.jar:1.0.7-SNAPSHOT]
	at org.evosuite.testcase.TestCodeVisitor.addAssertions(TestCodeVisitor.java:956) ~[evosuite.jar:1.0.7-SNAPSHOT]
	at org.evosuite.testcase.TestCodeVisitor.visitMethodStatement(TestCodeVisitor.java:1507) ~[evosuite.jar:1.0.7-SNAPSHOT]
	at org.evosuite.testcase.TestVisitor.visitStatement(TestVisitor.java:147) ~[evosuite.jar:1.0.7-SNAPSHOT]
	at org.evosuite.testcase.TestCodeVisitor.visitStatement(TestCodeVisitor.java:1858) ~[evosuite.jar:1.0.7-SNAPSHOT]
	at org.evosuite.testcase.statements.AbstractStatement.getCode(AbstractStatement.java:255) ~[evosuite.jar:1.0.7-SNAPSHOT]
	at org.evosuite.testcase.statements.AbstractStatement.getCode(AbstractStatement.java:247) ~[evosuite.jar:1.0.7-SNAPSHOT]
	at org.evosuite.assertion.PrimitiveTraceObserver.visit(PrimitiveTraceObserver.java:116) ~[evosuite.jar:1.0.7-SNAPSHOT]
	at org.evosuite.assertion.AssertionTraceObserver.visitReturnValue(AssertionTraceObserver.java:131) ~[evosuite.jar:1.0.7-SNAPSHOT]
	at org.evosuite.assertion.PrimitiveTraceObserver.afterStatement(PrimitiveTraceObserver.java:51) ~[evosuite.jar:1.0.7-SNAPSHOT]
	at org.evosuite.testcase.execution.TestRunnable.lambda$informObservers_after$1(TestRunnable.java:155) [evosuite.jar:1.0.7-SNAPSHOT]
	at java.lang.Iterable.forEach(Iterable.java:75) ~[na:1.8.0_161]
	at org.evosuite.testcase.execution.TestRunnable.informObservers_after(TestRunnable.java:155) [evosuite.jar:1.0.7-SNAPSHOT]
	at org.evosuite.testcase.execution.TestRunnable.executeStatements(TestRunnable.java:351) [evosuite.jar:1.0.7-SNAPSHOT]
	at org.evosuite.testcase.execution.TestRunnable.call(TestRunnable.java:202) [evosuite.jar:1.0.7-SNAPSHOT]
	at org.evosuite.testcase.execution.TestRunnable.call(TestRunnable.java:55) [evosuite.jar:1.0.7-SNAPSHOT]
	at java.util.concurrent.FutureTask.run(FutureTask.java:266) [na:1.8.0_161]
	at java.util.concurrent.ThreadPoolExecutor.runWorker(ThreadPoolExecutor.java:1149) [na:1.8.0_161]
	at java.util.concurrent.ThreadPoolExecutor$Worker.run(ThreadPoolExecutor.java:624) [na:1.8.0_161]
	at java.lang.Thread.run(Thread.java:748) [na:1.8.0_161]
[MASTER] 14:56:00.699 [logback-2] ERROR TestRunnable - Suppressed/ignored exception during test case execution on class org.json.XMLTokener: java.lang.Character cannot be cast to java.lang.Boolean
java.lang.ClassCastException: java.lang.Character cannot be cast to java.lang.Boolean
	at org.evosuite.testcase.TestCodeVisitor.visitPrimitiveAssertion(TestCodeVisitor.java:528) ~[evosuite.jar:1.0.7-SNAPSHOT]
	at org.evosuite.testcase.TestCodeVisitor.visitAssertion(TestCodeVisitor.java:914) ~[evosuite.jar:1.0.7-SNAPSHOT]
	at org.evosuite.testcase.TestCodeVisitor.addAssertions(TestCodeVisitor.java:956) ~[evosuite.jar:1.0.7-SNAPSHOT]
	at org.evosuite.testcase.TestCodeVisitor.visitMethodStatement(TestCodeVisitor.java:1507) ~[evosuite.jar:1.0.7-SNAPSHOT]
	at org.evosuite.testcase.TestVisitor.visitStatement(TestVisitor.java:147) ~[evosuite.jar:1.0.7-SNAPSHOT]
	at org.evosuite.testcase.TestCodeVisitor.visitStatement(TestCodeVisitor.java:1858) ~[evosuite.jar:1.0.7-SNAPSHOT]
	at org.evosuite.testcase.statements.AbstractStatement.getCode(AbstractStatement.java:255) ~[evosuite.jar:1.0.7-SNAPSHOT]
	at org.evosuite.testcase.statements.AbstractStatement.getCode(AbstractStatement.java:247) ~[evosuite.jar:1.0.7-SNAPSHOT]
	at org.evosuite.assertion.PrimitiveTraceObserver.visit(PrimitiveTraceObserver.java:116) ~[evosuite.jar:1.0.7-SNAPSHOT]
	at org.evosuite.assertion.AssertionTraceObserver.visitReturnValue(AssertionTraceObserver.java:131) ~[evosuite.jar:1.0.7-SNAPSHOT]
	at org.evosuite.assertion.PrimitiveTraceObserver.afterStatement(PrimitiveTraceObserver.java:51) ~[evosuite.jar:1.0.7-SNAPSHOT]
	at org.evosuite.testcase.execution.TestRunnable.lambda$informObservers_after$1(TestRunnable.java:155) [evosuite.jar:1.0.7-SNAPSHOT]
	at java.lang.Iterable.forEach(Iterable.java:75) ~[na:1.8.0_161]
	at org.evosuite.testcase.execution.TestRunnable.informObservers_after(TestRunnable.java:155) [evosuite.jar:1.0.7-SNAPSHOT]
	at org.evosuite.testcase.execution.TestRunnable.executeStatements(TestRunnable.java:351) [evosuite.jar:1.0.7-SNAPSHOT]
	at org.evosuite.testcase.execution.TestRunnable.call(TestRunnable.java:202) [evosuite.jar:1.0.7-SNAPSHOT]
	at org.evosuite.testcase.execution.TestRunnable.call(TestRunnable.java:55) [evosuite.jar:1.0.7-SNAPSHOT]
	at java.util.concurrent.FutureTask.run(FutureTask.java:266) [na:1.8.0_161]
	at java.util.concurrent.ThreadPoolExecutor.runWorker(ThreadPoolExecutor.java:1149) [na:1.8.0_161]
	at java.util.concurrent.ThreadPoolExecutor$Worker.run(ThreadPoolExecutor.java:624) [na:1.8.0_161]
	at java.lang.Thread.run(Thread.java:748) [na:1.8.0_161]
[MASTER] 14:56:01.111 [logback-2] ERROR TestRunnable - Suppressed/ignored exception during test case execution on class org.json.XMLTokener: java.lang.Character cannot be cast to java.lang.Boolean
java.lang.ClassCastException: java.lang.Character cannot be cast to java.lang.Boolean
	at org.evosuite.testcase.TestCodeVisitor.visitPrimitiveAssertion(TestCodeVisitor.java:528) ~[evosuite.jar:1.0.7-SNAPSHOT]
	at org.evosuite.testcase.TestCodeVisitor.visitAssertion(TestCodeVisitor.java:914) ~[evosuite.jar:1.0.7-SNAPSHOT]
	at org.evosuite.testcase.TestCodeVisitor.addAssertions(TestCodeVisitor.java:956) ~[evosuite.jar:1.0.7-SNAPSHOT]
	at org.evosuite.testcase.TestCodeVisitor.visitMethodStatement(TestCodeVisitor.java:1507) ~[evosuite.jar:1.0.7-SNAPSHOT]
	at org.evosuite.testcase.TestVisitor.visitStatement(TestVisitor.java:147) ~[evosuite.jar:1.0.7-SNAPSHOT]
	at org.evosuite.testcase.TestCodeVisitor.visitStatement(TestCodeVisitor.java:1858) ~[evosuite.jar:1.0.7-SNAPSHOT]
	at org.evosuite.testcase.statements.AbstractStatement.getCode(AbstractStatement.java:255) ~[evosuite.jar:1.0.7-SNAPSHOT]
	at org.evosuite.testcase.statements.AbstractStatement.getCode(AbstractStatement.java:247) ~[evosuite.jar:1.0.7-SNAPSHOT]
	at org.evosuite.assertion.PrimitiveTraceObserver.visit(PrimitiveTraceObserver.java:116) ~[evosuite.jar:1.0.7-SNAPSHOT]
	at org.evosuite.assertion.AssertionTraceObserver.visitReturnValue(AssertionTraceObserver.java:131) ~[evosuite.jar:1.0.7-SNAPSHOT]
	at org.evosuite.assertion.PrimitiveTraceObserver.afterStatement(PrimitiveTraceObserver.java:51) ~[evosuite.jar:1.0.7-SNAPSHOT]
	at org.evosuite.testcase.execution.TestRunnable.lambda$informObservers_after$1(TestRunnable.java:155) [evosuite.jar:1.0.7-SNAPSHOT]
	at java.lang.Iterable.forEach(Iterable.java:75) ~[na:1.8.0_161]
	at org.evosuite.testcase.execution.TestRunnable.informObservers_after(TestRunnable.java:155) [evosuite.jar:1.0.7-SNAPSHOT]
	at org.evosuite.testcase.execution.TestRunnable.executeStatements(TestRunnable.java:351) [evosuite.jar:1.0.7-SNAPSHOT]
	at org.evosuite.testcase.execution.TestRunnable.call(TestRunnable.java:202) [evosuite.jar:1.0.7-SNAPSHOT]
	at org.evosuite.testcase.execution.TestRunnable.call(TestRunnable.java:55) [evosuite.jar:1.0.7-SNAPSHOT]
	at java.util.concurrent.FutureTask.run(FutureTask.java:266) [na:1.8.0_161]
	at java.util.concurrent.ThreadPoolExecutor.runWorker(ThreadPoolExecutor.java:1149) [na:1.8.0_161]
	at java.util.concurrent.ThreadPoolExecutor$Worker.run(ThreadPoolExecutor.java:624) [na:1.8.0_161]
	at java.lang.Thread.run(Thread.java:748) [na:1.8.0_161]
[MASTER] 14:56:01.119 [logback-2] ERROR TestRunnable - Suppressed/ignored exception during test case execution on class org.json.XMLTokener: java.lang.Character cannot be cast to java.lang.Boolean
java.lang.ClassCastException: java.lang.Character cannot be cast to java.lang.Boolean
	at org.evosuite.testcase.TestCodeVisitor.visitPrimitiveAssertion(TestCodeVisitor.java:528) ~[evosuite.jar:1.0.7-SNAPSHOT]
	at org.evosuite.testcase.TestCodeVisitor.visitAssertion(TestCodeVisitor.java:914) ~[evosuite.jar:1.0.7-SNAPSHOT]
	at org.evosuite.testcase.TestCodeVisitor.addAssertions(TestCodeVisitor.java:956) ~[evosuite.jar:1.0.7-SNAPSHOT]
	at org.evosuite.testcase.TestCodeVisitor.visitMethodStatement(TestCodeVisitor.java:1507) ~[evosuite.jar:1.0.7-SNAPSHOT]
	at org.evosuite.testcase.TestVisitor.visitStatement(TestVisitor.java:147) ~[evosuite.jar:1.0.7-SNAPSHOT]
	at org.evosuite.testcase.TestCodeVisitor.visitStatement(TestCodeVisitor.java:1858) ~[evosuite.jar:1.0.7-SNAPSHOT]
	at org.evosuite.testcase.statements.AbstractStatement.getCode(AbstractStatement.java:255) ~[evosuite.jar:1.0.7-SNAPSHOT]
	at org.evosuite.testcase.statements.AbstractStatement.getCode(AbstractStatement.java:247) ~[evosuite.jar:1.0.7-SNAPSHOT]
	at org.evosuite.assertion.PrimitiveTraceObserver.visit(PrimitiveTraceObserver.java:116) ~[evosuite.jar:1.0.7-SNAPSHOT]
	at org.evosuite.assertion.AssertionTraceObserver.visitReturnValue(AssertionTraceObserver.java:131) ~[evosuite.jar:1.0.7-SNAPSHOT]
	at org.evosuite.assertion.PrimitiveTraceObserver.afterStatement(PrimitiveTraceObserver.java:51) ~[evosuite.jar:1.0.7-SNAPSHOT]
	at org.evosuite.testcase.execution.TestRunnable.lambda$informObservers_after$1(TestRunnable.java:155) [evosuite.jar:1.0.7-SNAPSHOT]
	at java.lang.Iterable.forEach(Iterable.java:75) ~[na:1.8.0_161]
	at org.evosuite.testcase.execution.TestRunnable.informObservers_after(TestRunnable.java:155) [evosuite.jar:1.0.7-SNAPSHOT]
	at org.evosuite.testcase.execution.TestRunnable.executeStatements(TestRunnable.java:351) [evosuite.jar:1.0.7-SNAPSHOT]
	at org.evosuite.testcase.execution.TestRunnable.call(TestRunnable.java:202) [evosuite.jar:1.0.7-SNAPSHOT]
	at org.evosuite.testcase.execution.TestRunnable.call(TestRunnable.java:55) [evosuite.jar:1.0.7-SNAPSHOT]
	at java.util.concurrent.FutureTask.run(FutureTask.java:266) [na:1.8.0_161]
	at java.util.concurrent.ThreadPoolExecutor.runWorker(ThreadPoolExecutor.java:1149) [na:1.8.0_161]
	at java.util.concurrent.ThreadPoolExecutor$Worker.run(ThreadPoolExecutor.java:624) [na:1.8.0_161]
	at java.lang.Thread.run(Thread.java:748) [na:1.8.0_161]
[MASTER] 14:56:01.141 [logback-2] ERROR TestRunnable - Suppressed/ignored exception during test case execution on class org.json.XMLTokener: java.lang.Character cannot be cast to java.lang.Boolean
java.lang.ClassCastException: java.lang.Character cannot be cast to java.lang.Boolean
	at org.evosuite.testcase.TestCodeVisitor.visitPrimitiveAssertion(TestCodeVisitor.java:528) ~[evosuite.jar:1.0.7-SNAPSHOT]
	at org.evosuite.testcase.TestCodeVisitor.visitAssertion(TestCodeVisitor.java:914) ~[evosuite.jar:1.0.7-SNAPSHOT]
	at org.evosuite.testcase.TestCodeVisitor.addAssertions(TestCodeVisitor.java:956) ~[evosuite.jar:1.0.7-SNAPSHOT]
	at org.evosuite.testcase.TestCodeVisitor.visitMethodStatement(TestCodeVisitor.java:1507) ~[evosuite.jar:1.0.7-SNAPSHOT]
	at org.evosuite.testcase.TestVisitor.visitStatement(TestVisitor.java:147) ~[evosuite.jar:1.0.7-SNAPSHOT]
	at org.evosuite.testcase.TestCodeVisitor.visitStatement(TestCodeVisitor.java:1858) ~[evosuite.jar:1.0.7-SNAPSHOT]
	at org.evosuite.testcase.statements.AbstractStatement.getCode(AbstractStatement.java:255) ~[evosuite.jar:1.0.7-SNAPSHOT]
	at org.evosuite.testcase.statements.AbstractStatement.getCode(AbstractStatement.java:247) ~[evosuite.jar:1.0.7-SNAPSHOT]
	at org.evosuite.assertion.PrimitiveTraceObserver.visit(PrimitiveTraceObserver.java:116) ~[evosuite.jar:1.0.7-SNAPSHOT]
	at org.evosuite.assertion.AssertionTraceObserver.visitReturnValue(AssertionTraceObserver.java:131) ~[evosuite.jar:1.0.7-SNAPSHOT]
	at org.evosuite.assertion.PrimitiveTraceObserver.afterStatement(PrimitiveTraceObserver.java:51) ~[evosuite.jar:1.0.7-SNAPSHOT]
	at org.evosuite.testcase.execution.TestRunnable.lambda$informObservers_after$1(TestRunnable.java:155) [evosuite.jar:1.0.7-SNAPSHOT]
	at java.lang.Iterable.forEach(Iterable.java:75) ~[na:1.8.0_161]
	at org.evosuite.testcase.execution.TestRunnable.informObservers_after(TestRunnable.java:155) [evosuite.jar:1.0.7-SNAPSHOT]
	at org.evosuite.testcase.execution.TestRunnable.executeStatements(TestRunnable.java:351) [evosuite.jar:1.0.7-SNAPSHOT]
	at org.evosuite.testcase.execution.TestRunnable.call(TestRunnable.java:202) [evosuite.jar:1.0.7-SNAPSHOT]
	at org.evosuite.testcase.execution.TestRunnable.call(TestRunnable.java:55) [evosuite.jar:1.0.7-SNAPSHOT]
	at java.util.concurrent.FutureTask.run(FutureTask.java:266) [na:1.8.0_161]
	at java.util.concurrent.ThreadPoolExecutor.runWorker(ThreadPoolExecutor.java:1149) [na:1.8.0_161]
	at java.util.concurrent.ThreadPoolExecutor$Worker.run(ThreadPoolExecutor.java:624) [na:1.8.0_161]
	at java.lang.Thread.run(Thread.java:748) [na:1.8.0_161]
[MASTER] 14:56:01.144 [logback-2] ERROR TestRunnable - Suppressed/ignored exception during test case execution on class org.json.XMLTokener: java.lang.Character cannot be cast to java.lang.Boolean
java.lang.ClassCastException: java.lang.Character cannot be cast to java.lang.Boolean
	at org.evosuite.testcase.TestCodeVisitor.visitPrimitiveAssertion(TestCodeVisitor.java:528) ~[evosuite.jar:1.0.7-SNAPSHOT]
	at org.evosuite.testcase.TestCodeVisitor.visitAssertion(TestCodeVisitor.java:914) ~[evosuite.jar:1.0.7-SNAPSHOT]
	at org.evosuite.testcase.TestCodeVisitor.addAssertions(TestCodeVisitor.java:956) ~[evosuite.jar:1.0.7-SNAPSHOT]
	at org.evosuite.testcase.TestCodeVisitor.visitMethodStatement(TestCodeVisitor.java:1507) ~[evosuite.jar:1.0.7-SNAPSHOT]
	at org.evosuite.testcase.TestVisitor.visitStatement(TestVisitor.java:147) ~[evosuite.jar:1.0.7-SNAPSHOT]
	at org.evosuite.testcase.TestCodeVisitor.visitStatement(TestCodeVisitor.java:1858) ~[evosuite.jar:1.0.7-SNAPSHOT]
	at org.evosuite.testcase.statements.AbstractStatement.getCode(AbstractStatement.java:255) ~[evosuite.jar:1.0.7-SNAPSHOT]
	at org.evosuite.testcase.statements.AbstractStatement.getCode(AbstractStatement.java:247) ~[evosuite.jar:1.0.7-SNAPSHOT]
	at org.evosuite.assertion.PrimitiveTraceObserver.visit(PrimitiveTraceObserver.java:116) ~[evosuite.jar:1.0.7-SNAPSHOT]
	at org.evosuite.assertion.AssertionTraceObserver.visitReturnValue(AssertionTraceObserver.java:131) ~[evosuite.jar:1.0.7-SNAPSHOT]
	at org.evosuite.assertion.PrimitiveTraceObserver.afterStatement(PrimitiveTraceObserver.java:51) ~[evosuite.jar:1.0.7-SNAPSHOT]
	at org.evosuite.testcase.execution.TestRunnable.lambda$informObservers_after$1(TestRunnable.java:155) [evosuite.jar:1.0.7-SNAPSHOT]
	at java.lang.Iterable.forEach(Iterable.java:75) ~[na:1.8.0_161]
	at org.evosuite.testcase.execution.TestRunnable.informObservers_after(TestRunnable.java:155) [evosuite.jar:1.0.7-SNAPSHOT]
	at org.evosuite.testcase.execution.TestRunnable.executeStatements(TestRunnable.java:351) [evosuite.jar:1.0.7-SNAPSHOT]
	at org.evosuite.testcase.execution.TestRunnable.call(TestRunnable.java:202) [evosuite.jar:1.0.7-SNAPSHOT]
	at org.evosuite.testcase.execution.TestRunnable.call(TestRunnable.java:55) [evosuite.jar:1.0.7-SNAPSHOT]
	at java.util.concurrent.FutureTask.run(FutureTask.java:266) [na:1.8.0_161]
	at java.util.concurrent.ThreadPoolExecutor.runWorker(ThreadPoolExecutor.java:1149) [na:1.8.0_161]
	at java.util.concurrent.ThreadPoolExecutor$Worker.run(ThreadPoolExecutor.java:624) [na:1.8.0_161]
	at java.lang.Thread.run(Thread.java:748) [na:1.8.0_161]
[MASTER] 14:56:02.629 [logback-2] ERROR TestRunnable - Suppressed/ignored exception during test case execution on class org.json.XMLTokener: java.lang.Character cannot be cast to java.lang.Boolean
java.lang.ClassCastException: java.lang.Character cannot be cast to java.lang.Boolean
	at org.evosuite.testcase.TestCodeVisitor.visitPrimitiveAssertion(TestCodeVisitor.java:528) ~[evosuite.jar:1.0.7-SNAPSHOT]
	at org.evosuite.testcase.TestCodeVisitor.visitAssertion(TestCodeVisitor.java:914) ~[evosuite.jar:1.0.7-SNAPSHOT]
	at org.evosuite.testcase.TestCodeVisitor.addAssertions(TestCodeVisitor.java:956) ~[evosuite.jar:1.0.7-SNAPSHOT]
	at org.evosuite.testcase.TestCodeVisitor.visitMethodStatement(TestCodeVisitor.java:1507) ~[evosuite.jar:1.0.7-SNAPSHOT]
	at org.evosuite.testcase.TestVisitor.visitStatement(TestVisitor.java:147) ~[evosuite.jar:1.0.7-SNAPSHOT]
	at org.evosuite.testcase.TestCodeVisitor.visitStatement(TestCodeVisitor.java:1858) ~[evosuite.jar:1.0.7-SNAPSHOT]
	at org.evosuite.testcase.statements.AbstractStatement.getCode(AbstractStatement.java:255) ~[evosuite.jar:1.0.7-SNAPSHOT]
	at org.evosuite.testcase.statements.AbstractStatement.getCode(AbstractStatement.java:247) ~[evosuite.jar:1.0.7-SNAPSHOT]
	at org.evosuite.assertion.PrimitiveTraceObserver.visit(PrimitiveTraceObserver.java:116) ~[evosuite.jar:1.0.7-SNAPSHOT]
	at org.evosuite.assertion.AssertionTraceObserver.visitReturnValue(AssertionTraceObserver.java:131) ~[evosuite.jar:1.0.7-SNAPSHOT]
	at org.evosuite.assertion.PrimitiveTraceObserver.afterStatement(PrimitiveTraceObserver.java:51) ~[evosuite.jar:1.0.7-SNAPSHOT]
	at org.evosuite.testcase.execution.TestRunnable.lambda$informObservers_after$1(TestRunnable.java:155) [evosuite.jar:1.0.7-SNAPSHOT]
	at java.lang.Iterable.forEach(Iterable.java:75) ~[na:1.8.0_161]
	at org.evosuite.testcase.execution.TestRunnable.informObservers_after(TestRunnable.java:155) [evosuite.jar:1.0.7-SNAPSHOT]
	at org.evosuite.testcase.execution.TestRunnable.executeStatements(TestRunnable.java:351) [evosuite.jar:1.0.7-SNAPSHOT]
	at org.evosuite.testcase.execution.TestRunnable.call(TestRunnable.java:202) [evosuite.jar:1.0.7-SNAPSHOT]
	at org.evosuite.testcase.execution.TestRunnable.call(TestRunnable.java:55) [evosuite.jar:1.0.7-SNAPSHOT]
	at java.util.concurrent.FutureTask.run(FutureTask.java:266) [na:1.8.0_161]
	at java.util.concurrent.ThreadPoolExecutor.runWorker(ThreadPoolExecutor.java:1149) [na:1.8.0_161]
	at java.util.concurrent.ThreadPoolExecutor$Worker.run(ThreadPoolExecutor.java:624) [na:1.8.0_161]
	at java.lang.Thread.run(Thread.java:748) [na:1.8.0_161]
[MASTER] 14:56:02.634 [logback-2] ERROR TestRunnable - Suppressed/ignored exception during test case execution on class org.json.XMLTokener: java.lang.Character cannot be cast to java.lang.Boolean
java.lang.ClassCastException: java.lang.Character cannot be cast to java.lang.Boolean
	at org.evosuite.testcase.TestCodeVisitor.visitPrimitiveAssertion(TestCodeVisitor.java:528) ~[evosuite.jar:1.0.7-SNAPSHOT]
	at org.evosuite.testcase.TestCodeVisitor.visitAssertion(TestCodeVisitor.java:914) ~[evosuite.jar:1.0.7-SNAPSHOT]
	at org.evosuite.testcase.TestCodeVisitor.addAssertions(TestCodeVisitor.java:956) ~[evosuite.jar:1.0.7-SNAPSHOT]
	at org.evosuite.testcase.TestCodeVisitor.visitMethodStatement(TestCodeVisitor.java:1507) ~[evosuite.jar:1.0.7-SNAPSHOT]
	at org.evosuite.testcase.TestVisitor.visitStatement(TestVisitor.java:147) ~[evosuite.jar:1.0.7-SNAPSHOT]
	at org.evosuite.testcase.TestCodeVisitor.visitStatement(TestCodeVisitor.java:1858) ~[evosuite.jar:1.0.7-SNAPSHOT]
	at org.evosuite.testcase.statements.AbstractStatement.getCode(AbstractStatement.java:255) ~[evosuite.jar:1.0.7-SNAPSHOT]
	at org.evosuite.testcase.statements.AbstractStatement.getCode(AbstractStatement.java:247) ~[evosuite.jar:1.0.7-SNAPSHOT]
	at org.evosuite.assertion.PrimitiveTraceObserver.visit(PrimitiveTraceObserver.java:116) ~[evosuite.jar:1.0.7-SNAPSHOT]
	at org.evosuite.assertion.AssertionTraceObserver.visitReturnValue(AssertionTraceObserver.java:131) ~[evosuite.jar:1.0.7-SNAPSHOT]
	at org.evosuite.assertion.PrimitiveTraceObserver.afterStatement(PrimitiveTraceObserver.java:51) ~[evosuite.jar:1.0.7-SNAPSHOT]
	at org.evosuite.testcase.execution.TestRunnable.lambda$informObservers_after$1(TestRunnable.java:155) [evosuite.jar:1.0.7-SNAPSHOT]
	at java.lang.Iterable.forEach(Iterable.java:75) ~[na:1.8.0_161]
	at org.evosuite.testcase.execution.TestRunnable.informObservers_after(TestRunnable.java:155) [evosuite.jar:1.0.7-SNAPSHOT]
	at org.evosuite.testcase.execution.TestRunnable.executeStatements(TestRunnable.java:351) [evosuite.jar:1.0.7-SNAPSHOT]
	at org.evosuite.testcase.execution.TestRunnable.call(TestRunnable.java:202) [evosuite.jar:1.0.7-SNAPSHOT]
	at org.evosuite.testcase.execution.TestRunnable.call(TestRunnable.java:55) [evosuite.jar:1.0.7-SNAPSHOT]
	at java.util.concurrent.FutureTask.run(FutureTask.java:266) [na:1.8.0_161]
	at java.util.concurrent.ThreadPoolExecutor.runWorker(ThreadPoolExecutor.java:1149) [na:1.8.0_161]
	at java.util.concurrent.ThreadPoolExecutor$Worker.run(ThreadPoolExecutor.java:624) [na:1.8.0_161]
	at java.lang.Thread.run(Thread.java:748) [na:1.8.0_161]
* Resulting test suite's mutation score: 52%
* Compiling and checking tests
* Minimizing test suite
* Minimizing test suite
* Permissions denied during test execution: 
  - java.lang.RuntimePermission: 
         writeFileDescriptor: 2
* Writing tests to file
* Writing JUnit test case 'XMLTokener_ESTest' to /home/apaniche/mitchell/generation-scripts/evosuite_fuzzer/tests/s2/json/evosuite-tests
* Done!

* Computation finished
* Going to analyze the coverage criteria
* Coverage analysis for criterion LINE
* Coverage of criterion LINE: 80%
* Total number of goals: 711
* Number of covered goals: 572
* Coverage analysis for criterion BRANCH
* Coverage of criterion BRANCH: 78%
* Total number of goals: 595
* Number of covered goals: 463
* Coverage analysis for criterion EXCEPTION
* Coverage of criterion EXCEPTION: 98%
* Total number of goals: 63
* Number of covered goals: 62
* Coverage analysis for criterion WEAKMUTATION
* Coverage of criterion WEAKMUTATION: 80%
* Total number of goals: 937
* Number of covered goals: 751
* Coverage analysis for criterion OUTPUT
* Coverage of criterion OUTPUT: 38%
* Total number of goals: 358
* Number of covered goals: 136
* Coverage analysis for criterion METHOD
* Coverage of criterion METHOD: 97%
* Total number of goals: 93
* Number of covered goals: 90
* Coverage analysis for criterion METHODNOEXCEPTION
* Coverage of criterion METHODNOEXCEPTION: 88%
* Total number of goals: 93
* Number of covered goals: 82
* Coverage analysis for criterion CBRANCH
* Coverage of criterion CBRANCH: 75%
* Total number of goals: 595
* Number of covered goals: 448
* Generated 244 tests with total length 637
* Resulting test suite's coverage: 75% (average coverage for all fitness functions)
* Generating assertions
[MASTER] 14:56:39.600 [logback-2] ERROR TestCaseExecutor - ExecutionException (this is likely a serious error in the framework)
java.util.concurrent.ExecutionException: java.util.NoSuchElementException
	at java.util.concurrent.FutureTask.report(FutureTask.java:122) ~[na:1.8.0_161]
	at java.util.concurrent.FutureTask.get(FutureTask.java:206) ~[na:1.8.0_161]
	at org.evosuite.testcase.execution.TimeoutHandler.executeWithTimeout(TimeoutHandler.java:107) ~[evosuite.jar:1.0.7-SNAPSHOT]
	at org.evosuite.testcase.execution.TimeoutHandler.execute(TimeoutHandler.java:96) ~[evosuite.jar:1.0.7-SNAPSHOT]
	at org.evosuite.testcase.execution.TestCaseExecutor.execute(TestCaseExecutor.java:334) [evosuite.jar:1.0.7-SNAPSHOT]
	at org.evosuite.testcase.execution.TestCaseExecutor.execute(TestCaseExecutor.java:277) [evosuite.jar:1.0.7-SNAPSHOT]
	at org.evosuite.testcase.execution.TestCaseExecutor.execute(TestCaseExecutor.java:264) [evosuite.jar:1.0.7-SNAPSHOT]
	at org.evosuite.testcase.execution.TestCaseExecutor.runTest(TestCaseExecutor.java:140) [evosuite.jar:1.0.7-SNAPSHOT]
	at org.evosuite.testcase.TestFitnessFunction.runTest(TestFitnessFunction.java:91) [evosuite.jar:1.0.7-SNAPSHOT]
	at org.evosuite.testcase.TestFitnessFunction.getFitness(TestFitnessFunction.java:60) [evosuite.jar:1.0.7-SNAPSHOT]
	at org.evosuite.testcase.TestFitnessFunction.getFitness(TestFitnessFunction.java:34) [evosuite.jar:1.0.7-SNAPSHOT]
	at org.evosuite.testcase.TestCaseMinimizer.isWorse(TestCaseMinimizer.java:92) [evosuite.jar:1.0.7-SNAPSHOT]
	at org.evosuite.testcase.TestCaseMinimizer.minimize(TestCaseMinimizer.java:170) [evosuite.jar:1.0.7-SNAPSHOT]
	at org.evosuite.testsuite.TestSuiteMinimizer.minimizeTests(TestSuiteMinimizer.java:214) [evosuite.jar:1.0.7-SNAPSHOT]
	at org.evosuite.testsuite.TestSuiteMinimizer.minimize(TestSuiteMinimizer.java:100) [evosuite.jar:1.0.7-SNAPSHOT]
	at org.evosuite.TestSuiteGenerator.postProcessTests(TestSuiteGenerator.java:453) [evosuite.jar:1.0.7-SNAPSHOT]
	at org.evosuite.TestSuiteGenerator.generateTestSuite(TestSuiteGenerator.java:255) [evosuite.jar:1.0.7-SNAPSHOT]
	at org.evosuite.rmi.service.ClientNodeImpl.lambda$startNewSearch$0(ClientNodeImpl.java:155) [evosuite.jar:1.0.7-SNAPSHOT]
	at java.util.concurrent.Executors$RunnableAdapter.call(Executors.java:511) ~[na:1.8.0_161]
	at java.util.concurrent.FutureTask.run(FutureTask.java:266) ~[na:1.8.0_161]
	at java.util.concurrent.ThreadPoolExecutor.runWorker(ThreadPoolExecutor.java:1149) ~[na:1.8.0_161]
	at java.util.concurrent.ThreadPoolExecutor$Worker.run(ThreadPoolExecutor.java:624) ~[na:1.8.0_161]
	at java.lang.Thread.run(Thread.java:748) ~[na:1.8.0_161]
Caused by: java.util.NoSuchElementException: null
	at java.util.LinkedList.removeFirst(LinkedList.java:270) ~[na:1.8.0_161]
	at java.util.LinkedList.pop(LinkedList.java:801) ~[na:1.8.0_161]
	at org.evosuite.testcase.execution.ExecutionTraceImpl.finishCalls(ExecutionTraceImpl.java:827) ~[evosuite.jar:1.0.7-SNAPSHOT]
	at org.evosuite.testcase.execution.ExecutionTraceProxy.finishCalls(ExecutionTraceProxy.java:155) ~[evosuite.jar:1.0.7-SNAPSHOT]
	at org.evosuite.testcase.execution.ExecutionTracer.getTrace(ExecutionTracer.java:233) ~[evosuite.jar:1.0.7-SNAPSHOT]
	at org.evosuite.testcase.execution.TestRunnable.call(TestRunnable.java:251) ~[evosuite.jar:1.0.7-SNAPSHOT]
	at org.evosuite.testcase.execution.TestRunnable.call(TestRunnable.java:55) ~[evosuite.jar:1.0.7-SNAPSHOT]
	... 4 common frames omitted
[MASTER] 14:56:39.600 [logback-2] ERROR TestCaseExecutor - TG: Exception caught: 
java.util.NoSuchElementException: null
	at java.util.LinkedList.removeFirst(LinkedList.java:270) ~[na:1.8.0_161]
	at java.util.LinkedList.pop(LinkedList.java:801) ~[na:1.8.0_161]
	at org.evosuite.testcase.execution.ExecutionTraceImpl.finishCalls(ExecutionTraceImpl.java:827) ~[evosuite.jar:1.0.7-SNAPSHOT]
	at org.evosuite.testcase.execution.ExecutionTraceProxy.finishCalls(ExecutionTraceProxy.java:155) ~[evosuite.jar:1.0.7-SNAPSHOT]
	at org.evosuite.testcase.execution.ExecutionTracer.getTrace(ExecutionTracer.java:233) ~[evosuite.jar:1.0.7-SNAPSHOT]
	at org.evosuite.testcase.execution.TestCaseExecutor.execute(TestCaseExecutor.java:384) ~[evosuite.jar:1.0.7-SNAPSHOT]
	at org.evosuite.testcase.execution.TestCaseExecutor.execute(TestCaseExecutor.java:277) ~[evosuite.jar:1.0.7-SNAPSHOT]
	at org.evosuite.testcase.execution.TestCaseExecutor.execute(TestCaseExecutor.java:264) ~[evosuite.jar:1.0.7-SNAPSHOT]
	at org.evosuite.testcase.execution.TestCaseExecutor.runTest(TestCaseExecutor.java:140) ~[evosuite.jar:1.0.7-SNAPSHOT]
	at org.evosuite.testcase.TestFitnessFunction.runTest(TestFitnessFunction.java:91) [evosuite.jar:1.0.7-SNAPSHOT]
	at org.evosuite.testcase.TestFitnessFunction.getFitness(TestFitnessFunction.java:60) [evosuite.jar:1.0.7-SNAPSHOT]
	at org.evosuite.testcase.TestFitnessFunction.getFitness(TestFitnessFunction.java:34) [evosuite.jar:1.0.7-SNAPSHOT]
	at org.evosuite.testcase.TestCaseMinimizer.isWorse(TestCaseMinimizer.java:92) [evosuite.jar:1.0.7-SNAPSHOT]
	at org.evosuite.testcase.TestCaseMinimizer.minimize(TestCaseMinimizer.java:170) [evosuite.jar:1.0.7-SNAPSHOT]
	at org.evosuite.testsuite.TestSuiteMinimizer.minimizeTests(TestSuiteMinimizer.java:214) [evosuite.jar:1.0.7-SNAPSHOT]
	at org.evosuite.testsuite.TestSuiteMinimizer.minimize(TestSuiteMinimizer.java:100) [evosuite.jar:1.0.7-SNAPSHOT]
	at org.evosuite.TestSuiteGenerator.postProcessTests(TestSuiteGenerator.java:453) [evosuite.jar:1.0.7-SNAPSHOT]
	at org.evosuite.TestSuiteGenerator.generateTestSuite(TestSuiteGenerator.java:255) [evosuite.jar:1.0.7-SNAPSHOT]
	at org.evosuite.rmi.service.ClientNodeImpl.lambda$startNewSearch$0(ClientNodeImpl.java:155) [evosuite.jar:1.0.7-SNAPSHOT]
	at java.util.concurrent.Executors$RunnableAdapter.call(Executors.java:511) ~[na:1.8.0_161]
	at java.util.concurrent.FutureTask.run(FutureTask.java:266) ~[na:1.8.0_161]
	at java.util.concurrent.ThreadPoolExecutor.runWorker(ThreadPoolExecutor.java:1149) ~[na:1.8.0_161]
	at java.util.concurrent.ThreadPoolExecutor$Worker.run(ThreadPoolExecutor.java:624) ~[na:1.8.0_161]
	at java.lang.Thread.run(Thread.java:748) ~[na:1.8.0_161]
[MASTER] 14:56:39.601 [logback-2] ERROR ClientNodeImpl - Error when generating tests for: org.json.JSONArray with seed 2. Configuration id : EvoSuite_fuzzer
java.lang.Error: java.util.NoSuchElementException
	at org.evosuite.testcase.execution.TestCaseExecutor.runTest(TestCaseExecutor.java:146) ~[evosuite.jar:1.0.7-SNAPSHOT]
	at org.evosuite.testcase.TestFitnessFunction.runTest(TestFitnessFunction.java:91) ~[evosuite.jar:1.0.7-SNAPSHOT]
	at org.evosuite.testcase.TestFitnessFunction.getFitness(TestFitnessFunction.java:60) ~[evosuite.jar:1.0.7-SNAPSHOT]
	at org.evosuite.testcase.TestFitnessFunction.getFitness(TestFitnessFunction.java:34) ~[evosuite.jar:1.0.7-SNAPSHOT]
	at org.evosuite.testcase.TestCaseMinimizer.isWorse(TestCaseMinimizer.java:92) ~[evosuite.jar:1.0.7-SNAPSHOT]
	at org.evosuite.testcase.TestCaseMinimizer.minimize(TestCaseMinimizer.java:170) ~[evosuite.jar:1.0.7-SNAPSHOT]
	at org.evosuite.testsuite.TestSuiteMinimizer.minimizeTests(TestSuiteMinimizer.java:214) ~[evosuite.jar:1.0.7-SNAPSHOT]
	at org.evosuite.testsuite.TestSuiteMinimizer.minimize(TestSuiteMinimizer.java:100) ~[evosuite.jar:1.0.7-SNAPSHOT]
	at org.evosuite.TestSuiteGenerator.postProcessTests(TestSuiteGenerator.java:453) ~[evosuite.jar:1.0.7-SNAPSHOT]
	at org.evosuite.TestSuiteGenerator.generateTestSuite(TestSuiteGenerator.java:255) ~[evosuite.jar:1.0.7-SNAPSHOT]
	at org.evosuite.rmi.service.ClientNodeImpl.lambda$startNewSearch$0(ClientNodeImpl.java:155) ~[evosuite.jar:1.0.7-SNAPSHOT]
	at java.util.concurrent.Executors$RunnableAdapter.call(Executors.java:511) ~[na:1.8.0_161]
	at java.util.concurrent.FutureTask.run(FutureTask.java:266) ~[na:1.8.0_161]
	at java.util.concurrent.ThreadPoolExecutor.runWorker(ThreadPoolExecutor.java:1149) ~[na:1.8.0_161]
	at java.util.concurrent.ThreadPoolExecutor$Worker.run(ThreadPoolExecutor.java:624) ~[na:1.8.0_161]
	at java.lang.Thread.run(Thread.java:748) ~[na:1.8.0_161]
Caused by: java.util.NoSuchElementException: null
	at java.util.LinkedList.removeFirst(LinkedList.java:270) ~[na:1.8.0_161]
	at java.util.LinkedList.pop(LinkedList.java:801) ~[na:1.8.0_161]
	at org.evosuite.testcase.execution.ExecutionTraceImpl.finishCalls(ExecutionTraceImpl.java:827) ~[evosuite.jar:1.0.7-SNAPSHOT]
	at org.evosuite.testcase.execution.ExecutionTraceProxy.finishCalls(ExecutionTraceProxy.java:155) ~[evosuite.jar:1.0.7-SNAPSHOT]
	at org.evosuite.testcase.execution.ExecutionTracer.getTrace(ExecutionTracer.java:233) ~[evosuite.jar:1.0.7-SNAPSHOT]
	at org.evosuite.testcase.execution.TestCaseExecutor.execute(TestCaseExecutor.java:384) ~[evosuite.jar:1.0.7-SNAPSHOT]
	at org.evosuite.testcase.execution.TestCaseExecutor.execute(TestCaseExecutor.java:277) ~[evosuite.jar:1.0.7-SNAPSHOT]
	at org.evosuite.testcase.execution.TestCaseExecutor.execute(TestCaseExecutor.java:264) ~[evosuite.jar:1.0.7-SNAPSHOT]
	at org.evosuite.testcase.execution.TestCaseExecutor.runTest(TestCaseExecutor.java:140) ~[evosuite.jar:1.0.7-SNAPSHOT]
	... 15 common frames omitted
* Computation finished
[MASTER] 14:56:39.717 [main] ERROR SearchStatistics - No obtained value for output variable: BranchCoverage
[MASTER] 14:56:41.721 [main] ERROR SearchStatistics - No obtained value for output variable: BranchCoverage
[MASTER] 14:56:42.722 [main] ERROR SearchStatistics - No obtained value for output variable: BranchCoverage
[MASTER] 14:56:43.722 [main] ERROR SearchStatistics - No obtained value for output variable: BranchCoverage
[MASTER] 14:56:44.723 [main] ERROR SearchStatistics - No obtained value for output variable: BranchCoverage
[MASTER] 14:56:45.723 [main] ERROR SearchStatistics - No obtained value for output variable: BranchCoverage
[MASTER] 14:56:45.723 [main] ERROR SearchStatistics - Not going to write down statistics data, as some are missing
[MASTER] 14:56:45.716 [logback-2] ERROR TestRunnable - Suppressed/ignored exception during test case execution on class org.json.JSONObject: java.lang.Double cannot be cast to java.lang.Boolean
java.lang.ClassCastException: java.lang.Double cannot be cast to java.lang.Boolean
	at org.evosuite.testcase.TestCodeVisitor.visitPrimitiveAssertion(TestCodeVisitor.java:528) ~[evosuite.jar:1.0.7-SNAPSHOT]
	at org.evosuite.testcase.TestCodeVisitor.visitAssertion(TestCodeVisitor.java:914) ~[evosuite.jar:1.0.7-SNAPSHOT]
	at org.evosuite.testcase.TestCodeVisitor.addAssertions(TestCodeVisitor.java:956) ~[evosuite.jar:1.0.7-SNAPSHOT]
	at org.evosuite.testcase.TestCodeVisitor.visitMethodStatement(TestCodeVisitor.java:1507) ~[evosuite.jar:1.0.7-SNAPSHOT]
	at org.evosuite.testcase.TestVisitor.visitStatement(TestVisitor.java:147) ~[evosuite.jar:1.0.7-SNAPSHOT]
	at org.evosuite.testcase.TestCodeVisitor.visitStatement(TestCodeVisitor.java:1858) ~[evosuite.jar:1.0.7-SNAPSHOT]
	at org.evosuite.testcase.statements.AbstractStatement.getCode(AbstractStatement.java:255) ~[evosuite.jar:1.0.7-SNAPSHOT]
	at org.evosuite.testcase.statements.AbstractStatement.getCode(AbstractStatement.java:247) ~[evosuite.jar:1.0.7-SNAPSHOT]
	at org.evosuite.assertion.PrimitiveTraceObserver.visit(PrimitiveTraceObserver.java:116) ~[evosuite.jar:1.0.7-SNAPSHOT]
	at org.evosuite.assertion.AssertionTraceObserver.visitReturnValue(AssertionTraceObserver.java:131) ~[evosuite.jar:1.0.7-SNAPSHOT]
	at org.evosuite.assertion.PrimitiveTraceObserver.afterStatement(PrimitiveTraceObserver.java:51) ~[evosuite.jar:1.0.7-SNAPSHOT]
	at org.evosuite.testcase.execution.TestRunnable.lambda$informObservers_after$1(TestRunnable.java:155) [evosuite.jar:1.0.7-SNAPSHOT]
	at java.lang.Iterable.forEach(Iterable.java:75) ~[na:1.8.0_161]
	at org.evosuite.testcase.execution.TestRunnable.informObservers_after(TestRunnable.java:155) [evosuite.jar:1.0.7-SNAPSHOT]
	at org.evosuite.testcase.execution.TestRunnable.executeStatements(TestRunnable.java:351) [evosuite.jar:1.0.7-SNAPSHOT]
	at org.evosuite.testcase.execution.TestRunnable.call(TestRunnable.java:202) [evosuite.jar:1.0.7-SNAPSHOT]
	at org.evosuite.testcase.execution.TestRunnable.call(TestRunnable.java:55) [evosuite.jar:1.0.7-SNAPSHOT]
	at java.util.concurrent.FutureTask.run(FutureTask.java:266) [na:1.8.0_161]
	at java.util.concurrent.ThreadPoolExecutor.runWorker(ThreadPoolExecutor.java:1149) [na:1.8.0_161]
	at java.util.concurrent.ThreadPoolExecutor$Worker.run(ThreadPoolExecutor.java:624) [na:1.8.0_161]
	at java.lang.Thread.run(Thread.java:748) [na:1.8.0_161]
[MASTER] 14:56:45.740 [logback-2] ERROR TestRunnable - Suppressed/ignored exception during test case execution on class org.json.JSONObject: java.lang.Double cannot be cast to java.lang.Boolean
java.lang.ClassCastException: java.lang.Double cannot be cast to java.lang.Boolean
	at org.evosuite.testcase.TestCodeVisitor.visitPrimitiveAssertion(TestCodeVisitor.java:528) ~[evosuite.jar:1.0.7-SNAPSHOT]
	at org.evosuite.testcase.TestCodeVisitor.visitAssertion(TestCodeVisitor.java:914) ~[evosuite.jar:1.0.7-SNAPSHOT]
	at org.evosuite.testcase.TestCodeVisitor.addAssertions(TestCodeVisitor.java:956) ~[evosuite.jar:1.0.7-SNAPSHOT]
	at org.evosuite.testcase.TestCodeVisitor.visitMethodStatement(TestCodeVisitor.java:1507) ~[evosuite.jar:1.0.7-SNAPSHOT]
	at org.evosuite.testcase.TestVisitor.visitStatement(TestVisitor.java:147) ~[evosuite.jar:1.0.7-SNAPSHOT]
	at org.evosuite.testcase.TestCodeVisitor.visitStatement(TestCodeVisitor.java:1858) ~[evosuite.jar:1.0.7-SNAPSHOT]
	at org.evosuite.testcase.statements.AbstractStatement.getCode(AbstractStatement.java:255) ~[evosuite.jar:1.0.7-SNAPSHOT]
	at org.evosuite.testcase.statements.AbstractStatement.getCode(AbstractStatement.java:247) ~[evosuite.jar:1.0.7-SNAPSHOT]
	at org.evosuite.assertion.PrimitiveTraceObserver.visit(PrimitiveTraceObserver.java:116) ~[evosuite.jar:1.0.7-SNAPSHOT]
	at org.evosuite.assertion.AssertionTraceObserver.visitReturnValue(AssertionTraceObserver.java:131) ~[evosuite.jar:1.0.7-SNAPSHOT]
	at org.evosuite.assertion.PrimitiveTraceObserver.afterStatement(PrimitiveTraceObserver.java:51) ~[evosuite.jar:1.0.7-SNAPSHOT]
	at org.evosuite.testcase.execution.TestRunnable.lambda$informObservers_after$1(TestRunnable.java:155) [evosuite.jar:1.0.7-SNAPSHOT]
	at java.lang.Iterable.forEach(Iterable.java:75) ~[na:1.8.0_161]
	at org.evosuite.testcase.execution.TestRunnable.informObservers_after(TestRunnable.java:155) [evosuite.jar:1.0.7-SNAPSHOT]
	at org.evosuite.testcase.execution.TestRunnable.executeStatements(TestRunnable.java:351) [evosuite.jar:1.0.7-SNAPSHOT]
	at org.evosuite.testcase.execution.TestRunnable.call(TestRunnable.java:202) [evosuite.jar:1.0.7-SNAPSHOT]
	at org.evosuite.testcase.execution.TestRunnable.call(TestRunnable.java:55) [evosuite.jar:1.0.7-SNAPSHOT]
	at java.util.concurrent.FutureTask.run(FutureTask.java:266) [na:1.8.0_161]
	at java.util.concurrent.ThreadPoolExecutor.runWorker(ThreadPoolExecutor.java:1149) [na:1.8.0_161]
	at java.util.concurrent.ThreadPoolExecutor$Worker.run(ThreadPoolExecutor.java:624) [na:1.8.0_161]
	at java.lang.Thread.run(Thread.java:748) [na:1.8.0_161]
[MASTER] 14:56:45.824 [main] ERROR TestGeneration - failed to write statistics data
[MASTER] 14:56:45.840 [logback-2] ERROR TestRunnable - Suppressed/ignored exception during test case execution on class org.json.JSONObject: java.lang.String cannot be cast to java.lang.Boolean
java.lang.ClassCastException: java.lang.String cannot be cast to java.lang.Boolean
	at org.evosuite.testcase.TestCodeVisitor.visitPrimitiveAssertion(TestCodeVisitor.java:528) ~[evosuite.jar:1.0.7-SNAPSHOT]
	at org.evosuite.testcase.TestCodeVisitor.visitAssertion(TestCodeVisitor.java:914) ~[evosuite.jar:1.0.7-SNAPSHOT]
	at org.evosuite.testcase.TestCodeVisitor.addAssertions(TestCodeVisitor.java:956) ~[evosuite.jar:1.0.7-SNAPSHOT]
	at org.evosuite.testcase.TestCodeVisitor.visitMethodStatement(TestCodeVisitor.java:1507) ~[evosuite.jar:1.0.7-SNAPSHOT]
	at org.evosuite.testcase.TestVisitor.visitStatement(TestVisitor.java:147) ~[evosuite.jar:1.0.7-SNAPSHOT]
	at org.evosuite.testcase.TestCodeVisitor.visitStatement(TestCodeVisitor.java:1858) ~[evosuite.jar:1.0.7-SNAPSHOT]
	at org.evosuite.testcase.statements.AbstractStatement.getCode(AbstractStatement.java:255) ~[evosuite.jar:1.0.7-SNAPSHOT]
	at org.evosuite.testcase.statements.AbstractStatement.getCode(AbstractStatement.java:247) ~[evosuite.jar:1.0.7-SNAPSHOT]
	at org.evosuite.assertion.PrimitiveTraceObserver.visit(PrimitiveTraceObserver.java:116) ~[evosuite.jar:1.0.7-SNAPSHOT]
	at org.evosuite.assertion.AssertionTraceObserver.visitReturnValue(AssertionTraceObserver.java:131) ~[evosuite.jar:1.0.7-SNAPSHOT]
	at org.evosuite.assertion.PrimitiveTraceObserver.afterStatement(PrimitiveTraceObserver.java:51) ~[evosuite.jar:1.0.7-SNAPSHOT]
	at org.evosuite.testcase.execution.TestRunnable.lambda$informObservers_after$1(TestRunnable.java:155) [evosuite.jar:1.0.7-SNAPSHOT]
	at java.lang.Iterable.forEach(Iterable.java:75) ~[na:1.8.0_161]
	at org.evosuite.testcase.execution.TestRunnable.informObservers_after(TestRunnable.java:155) [evosuite.jar:1.0.7-SNAPSHOT]
	at org.evosuite.testcase.execution.TestRunnable.executeStatements(TestRunnable.java:351) [evosuite.jar:1.0.7-SNAPSHOT]
	at org.evosuite.testcase.execution.TestRunnable.call(TestRunnable.java:202) [evosuite.jar:1.0.7-SNAPSHOT]
	at org.evosuite.testcase.execution.TestRunnable.call(TestRunnable.java:55) [evosuite.jar:1.0.7-SNAPSHOT]
	at java.util.concurrent.FutureTask.run(FutureTask.java:266) [na:1.8.0_161]
	at java.util.concurrent.ThreadPoolExecutor.runWorker(ThreadPoolExecutor.java:1149) [na:1.8.0_161]
	at java.util.concurrent.ThreadPoolExecutor$Worker.run(ThreadPoolExecutor.java:624) [na:1.8.0_161]
	at java.lang.Thread.run(Thread.java:748) [na:1.8.0_161]
[MASTER] 14:56:45.878 [logback-2] ERROR TestRunnable - Suppressed/ignored exception during test case execution on class org.json.JSONObject: java.lang.String cannot be cast to java.lang.Boolean
java.lang.ClassCastException: java.lang.String cannot be cast to java.lang.Boolean
	at org.evosuite.testcase.TestCodeVisitor.visitPrimitiveAssertion(TestCodeVisitor.java:528) ~[evosuite.jar:1.0.7-SNAPSHOT]
	at org.evosuite.testcase.TestCodeVisitor.visitAssertion(TestCodeVisitor.java:914) ~[evosuite.jar:1.0.7-SNAPSHOT]
	at org.evosuite.testcase.TestCodeVisitor.addAssertions(TestCodeVisitor.java:956) ~[evosuite.jar:1.0.7-SNAPSHOT]
	at org.evosuite.testcase.TestCodeVisitor.visitMethodStatement(TestCodeVisitor.java:1507) ~[evosuite.jar:1.0.7-SNAPSHOT]
	at org.evosuite.testcase.TestVisitor.visitStatement(TestVisitor.java:147) ~[evosuite.jar:1.0.7-SNAPSHOT]
	at org.evosuite.testcase.TestCodeVisitor.visitStatement(TestCodeVisitor.java:1858) ~[evosuite.jar:1.0.7-SNAPSHOT]
	at org.evosuite.testcase.statements.AbstractStatement.getCode(AbstractStatement.java:255) ~[evosuite.jar:1.0.7-SNAPSHOT]
	at org.evosuite.testcase.statements.AbstractStatement.getCode(AbstractStatement.java:247) ~[evosuite.jar:1.0.7-SNAPSHOT]
	at org.evosuite.assertion.PrimitiveTraceObserver.visit(PrimitiveTraceObserver.java:116) ~[evosuite.jar:1.0.7-SNAPSHOT]
	at org.evosuite.assertion.AssertionTraceObserver.visitReturnValue(AssertionTraceObserver.java:131) ~[evosuite.jar:1.0.7-SNAPSHOT]
	at org.evosuite.assertion.PrimitiveTraceObserver.afterStatement(PrimitiveTraceObserver.java:51) ~[evosuite.jar:1.0.7-SNAPSHOT]
	at org.evosuite.testcase.execution.TestRunnable.lambda$informObservers_after$1(TestRunnable.java:155) [evosuite.jar:1.0.7-SNAPSHOT]
	at java.lang.Iterable.forEach(Iterable.java:75) ~[na:1.8.0_161]
	at org.evosuite.testcase.execution.TestRunnable.informObservers_after(TestRunnable.java:155) [evosuite.jar:1.0.7-SNAPSHOT]
	at org.evosuite.testcase.execution.TestRunnable.executeStatements(TestRunnable.java:351) [evosuite.jar:1.0.7-SNAPSHOT]
	at org.evosuite.testcase.execution.TestRunnable.call(TestRunnable.java:202) [evosuite.jar:1.0.7-SNAPSHOT]
	at org.evosuite.testcase.execution.TestRunnable.call(TestRunnable.java:55) [evosuite.jar:1.0.7-SNAPSHOT]
	at java.util.concurrent.FutureTask.run(FutureTask.java:266) [na:1.8.0_161]
	at java.util.concurrent.ThreadPoolExecutor.runWorker(ThreadPoolExecutor.java:1149) [na:1.8.0_161]
	at java.util.concurrent.ThreadPoolExecutor$Worker.run(ThreadPoolExecutor.java:624) [na:1.8.0_161]
	at java.lang.Thread.run(Thread.java:748) [na:1.8.0_161]
[MASTER] 14:56:51.568 [logback-2] ERROR TestRunnable - Suppressed/ignored exception during test case execution on class org.json.JSONObject: java.lang.Integer cannot be cast to java.lang.Boolean
java.lang.ClassCastException: java.lang.Integer cannot be cast to java.lang.Boolean
	at org.evosuite.testcase.TestCodeVisitor.visitPrimitiveAssertion(TestCodeVisitor.java:528) ~[evosuite.jar:1.0.7-SNAPSHOT]
	at org.evosuite.testcase.TestCodeVisitor.visitAssertion(TestCodeVisitor.java:914) ~[evosuite.jar:1.0.7-SNAPSHOT]
	at org.evosuite.testcase.TestCodeVisitor.addAssertions(TestCodeVisitor.java:956) ~[evosuite.jar:1.0.7-SNAPSHOT]
	at org.evosuite.testcase.TestCodeVisitor.visitMethodStatement(TestCodeVisitor.java:1507) ~[evosuite.jar:1.0.7-SNAPSHOT]
	at org.evosuite.testcase.TestVisitor.visitStatement(TestVisitor.java:147) ~[evosuite.jar:1.0.7-SNAPSHOT]
	at org.evosuite.testcase.TestCodeVisitor.visitStatement(TestCodeVisitor.java:1858) ~[evosuite.jar:1.0.7-SNAPSHOT]
	at org.evosuite.testcase.statements.AbstractStatement.getCode(AbstractStatement.java:255) ~[evosuite.jar:1.0.7-SNAPSHOT]
	at org.evosuite.testcase.statements.AbstractStatement.getCode(AbstractStatement.java:247) ~[evosuite.jar:1.0.7-SNAPSHOT]
	at org.evosuite.assertion.PrimitiveTraceObserver.visit(PrimitiveTraceObserver.java:116) ~[evosuite.jar:1.0.7-SNAPSHOT]
	at org.evosuite.assertion.AssertionTraceObserver.visitReturnValue(AssertionTraceObserver.java:131) ~[evosuite.jar:1.0.7-SNAPSHOT]
	at org.evosuite.assertion.PrimitiveTraceObserver.afterStatement(PrimitiveTraceObserver.java:51) ~[evosuite.jar:1.0.7-SNAPSHOT]
	at org.evosuite.testcase.execution.TestRunnable.lambda$informObservers_after$1(TestRunnable.java:155) [evosuite.jar:1.0.7-SNAPSHOT]
	at java.lang.Iterable.forEach(Iterable.java:75) ~[na:1.8.0_161]
	at org.evosuite.testcase.execution.TestRunnable.informObservers_after(TestRunnable.java:155) [evosuite.jar:1.0.7-SNAPSHOT]
	at org.evosuite.testcase.execution.TestRunnable.executeStatements(TestRunnable.java:351) [evosuite.jar:1.0.7-SNAPSHOT]
	at org.evosuite.testcase.execution.TestRunnable.call(TestRunnable.java:202) [evosuite.jar:1.0.7-SNAPSHOT]
	at org.evosuite.testcase.execution.TestRunnable.call(TestRunnable.java:55) [evosuite.jar:1.0.7-SNAPSHOT]
	at java.util.concurrent.FutureTask.run(FutureTask.java:266) [na:1.8.0_161]
	at java.util.concurrent.ThreadPoolExecutor.runWorker(ThreadPoolExecutor.java:1149) [na:1.8.0_161]
	at java.util.concurrent.ThreadPoolExecutor$Worker.run(ThreadPoolExecutor.java:624) [na:1.8.0_161]
	at java.lang.Thread.run(Thread.java:748) [na:1.8.0_161]
[MASTER] 14:56:51.583 [logback-2] ERROR TestRunnable - Suppressed/ignored exception during test case execution on class org.json.JSONObject: java.lang.Integer cannot be cast to java.lang.Boolean
java.lang.ClassCastException: java.lang.Integer cannot be cast to java.lang.Boolean
	at org.evosuite.testcase.TestCodeVisitor.visitPrimitiveAssertion(TestCodeVisitor.java:528) ~[evosuite.jar:1.0.7-SNAPSHOT]
	at org.evosuite.testcase.TestCodeVisitor.visitAssertion(TestCodeVisitor.java:914) ~[evosuite.jar:1.0.7-SNAPSHOT]
	at org.evosuite.testcase.TestCodeVisitor.addAssertions(TestCodeVisitor.java:956) ~[evosuite.jar:1.0.7-SNAPSHOT]
	at org.evosuite.testcase.TestCodeVisitor.visitMethodStatement(TestCodeVisitor.java:1507) ~[evosuite.jar:1.0.7-SNAPSHOT]
	at org.evosuite.testcase.TestVisitor.visitStatement(TestVisitor.java:147) ~[evosuite.jar:1.0.7-SNAPSHOT]
	at org.evosuite.testcase.TestCodeVisitor.visitStatement(TestCodeVisitor.java:1858) ~[evosuite.jar:1.0.7-SNAPSHOT]
	at org.evosuite.testcase.statements.AbstractStatement.getCode(AbstractStatement.java:255) ~[evosuite.jar:1.0.7-SNAPSHOT]
	at org.evosuite.testcase.statements.AbstractStatement.getCode(AbstractStatement.java:247) ~[evosuite.jar:1.0.7-SNAPSHOT]
	at org.evosuite.assertion.PrimitiveTraceObserver.visit(PrimitiveTraceObserver.java:116) ~[evosuite.jar:1.0.7-SNAPSHOT]
	at org.evosuite.assertion.AssertionTraceObserver.visitReturnValue(AssertionTraceObserver.java:131) ~[evosuite.jar:1.0.7-SNAPSHOT]
	at org.evosuite.assertion.PrimitiveTraceObserver.afterStatement(PrimitiveTraceObserver.java:51) ~[evosuite.jar:1.0.7-SNAPSHOT]
	at org.evosuite.testcase.execution.TestRunnable.lambda$informObservers_after$1(TestRunnable.java:155) [evosuite.jar:1.0.7-SNAPSHOT]
	at java.lang.Iterable.forEach(Iterable.java:75) ~[na:1.8.0_161]
	at org.evosuite.testcase.execution.TestRunnable.informObservers_after(TestRunnable.java:155) [evosuite.jar:1.0.7-SNAPSHOT]
	at org.evosuite.testcase.execution.TestRunnable.executeStatements(TestRunnable.java:351) [evosuite.jar:1.0.7-SNAPSHOT]
	at org.evosuite.testcase.execution.TestRunnable.call(TestRunnable.java:202) [evosuite.jar:1.0.7-SNAPSHOT]
	at org.evosuite.testcase.execution.TestRunnable.call(TestRunnable.java:55) [evosuite.jar:1.0.7-SNAPSHOT]
	at java.util.concurrent.FutureTask.run(FutureTask.java:266) [na:1.8.0_161]
	at java.util.concurrent.ThreadPoolExecutor.runWorker(ThreadPoolExecutor.java:1149) [na:1.8.0_161]
	at java.util.concurrent.ThreadPoolExecutor$Worker.run(ThreadPoolExecutor.java:624) [na:1.8.0_161]
	at java.lang.Thread.run(Thread.java:748) [na:1.8.0_161]
[MASTER] 14:57:01.869 [logback-2] ERROR TestRunnable - Suppressed/ignored exception during test case execution on class org.json.JSONObject: java.lang.String cannot be cast to java.lang.Boolean
java.lang.ClassCastException: java.lang.String cannot be cast to java.lang.Boolean
	at org.evosuite.testcase.TestCodeVisitor.visitPrimitiveAssertion(TestCodeVisitor.java:528) ~[evosuite.jar:1.0.7-SNAPSHOT]
	at org.evosuite.testcase.TestCodeVisitor.visitAssertion(TestCodeVisitor.java:914) ~[evosuite.jar:1.0.7-SNAPSHOT]
	at org.evosuite.testcase.TestCodeVisitor.addAssertions(TestCodeVisitor.java:956) ~[evosuite.jar:1.0.7-SNAPSHOT]
	at org.evosuite.testcase.TestCodeVisitor.visitMethodStatement(TestCodeVisitor.java:1507) ~[evosuite.jar:1.0.7-SNAPSHOT]
	at org.evosuite.testcase.TestVisitor.visitStatement(TestVisitor.java:147) ~[evosuite.jar:1.0.7-SNAPSHOT]
	at org.evosuite.testcase.TestCodeVisitor.visitStatement(TestCodeVisitor.java:1858) ~[evosuite.jar:1.0.7-SNAPSHOT]
	at org.evosuite.testcase.statements.AbstractStatement.getCode(AbstractStatement.java:255) ~[evosuite.jar:1.0.7-SNAPSHOT]
	at org.evosuite.testcase.statements.AbstractStatement.getCode(AbstractStatement.java:247) ~[evosuite.jar:1.0.7-SNAPSHOT]
	at org.evosuite.assertion.PrimitiveTraceObserver.visit(PrimitiveTraceObserver.java:116) ~[evosuite.jar:1.0.7-SNAPSHOT]
	at org.evosuite.assertion.AssertionTraceObserver.visitReturnValue(AssertionTraceObserver.java:131) ~[evosuite.jar:1.0.7-SNAPSHOT]
	at org.evosuite.assertion.PrimitiveTraceObserver.afterStatement(PrimitiveTraceObserver.java:51) ~[evosuite.jar:1.0.7-SNAPSHOT]
	at org.evosuite.testcase.execution.TestRunnable.lambda$informObservers_after$1(TestRunnable.java:155) [evosuite.jar:1.0.7-SNAPSHOT]
	at java.lang.Iterable.forEach(Iterable.java:75) ~[na:1.8.0_161]
	at org.evosuite.testcase.execution.TestRunnable.informObservers_after(TestRunnable.java:155) [evosuite.jar:1.0.7-SNAPSHOT]
	at org.evosuite.testcase.execution.TestRunnable.executeStatements(TestRunnable.java:351) [evosuite.jar:1.0.7-SNAPSHOT]
	at org.evosuite.testcase.execution.TestRunnable.call(TestRunnable.java:202) [evosuite.jar:1.0.7-SNAPSHOT]
	at org.evosuite.testcase.execution.TestRunnable.call(TestRunnable.java:55) [evosuite.jar:1.0.7-SNAPSHOT]
	at java.util.concurrent.FutureTask.run(FutureTask.java:266) [na:1.8.0_161]
	at java.util.concurrent.ThreadPoolExecutor.runWorker(ThreadPoolExecutor.java:1149) [na:1.8.0_161]
	at java.util.concurrent.ThreadPoolExecutor$Worker.run(ThreadPoolExecutor.java:624) [na:1.8.0_161]
	at java.lang.Thread.run(Thread.java:748) [na:1.8.0_161]
* Resulting test suite's mutation score: 44%
* Compiling and checking tests
[MASTER] 14:57:09.505 [logback-2] ERROR JUnitAnalyzer - Compilation failed on compilation units: [RegularFileObject[/tmp/EvoSuite_170_1590152229486/org/json/JSONObject_170_tmp__ESTest.java], RegularFileObject[/tmp/EvoSuite_170_1590152229486/org/json/JSONObject_170_tmp__ESTest_scaffolding.java]]
[MASTER] 14:57:09.505 [logback-2] ERROR JUnitAnalyzer - Classpath: /home/apaniche/mitchell/generation-scripts/projects/json/json-20180813.jar:/home/apaniche/mitchell/generation-scripts/evosuite.jar:/home/apaniche/mitchell/generation-scripts/projects/json/json-20180813.jar
[MASTER] 14:57:09.505 [logback-2] ERROR JUnitAnalyzer - evosuiteCP: /home/apaniche/mitchell/generation-scripts/evosuite.jar:/home/apaniche/mitchell/generation-scripts/projects/json/json-20180813.jar
[MASTER] 14:57:09.508 [logback-2] ERROR JUnitAnalyzer - Diagnostic: cannot find symbol
  symbol:   method length()
  location: variable linkedList1 of type java.util.LinkedList: 24
[MASTER] 14:57:09.509 [logback-2] ERROR JUnitAnalyzer - RegularFileObject[/tmp/EvoSuite_170_1590152229486/org/json/JSONObject_170_tmp__ESTest.java]
1: /*
2:  * This file was automatically generated by EvoSuite
3:  * Fri May 22 12:57:09 GMT 2020
4:  */
5: 
6: package org.json;
7: 
8: import org.junit.Test;
9: import static org.junit.Assert.*;
10: import java.util.LinkedList;
11: import java.util.Locale;
12: import org.evosuite.runtime.EvoRunner;
13: import org.evosuite.runtime.EvoRunnerParameters;
14: import org.json.JSONObject;
15: import org.junit.runner.RunWith;
16: 
17: @RunWith(EvoRunner.class) @EvoRunnerParameters(mockJVMNonDeterminism = true, useVFS = true, useVNET = true, resetStaticState = true, useJEE = true) 
18: public class JSONObject_170_tmp__ESTest extends JSONObject_170_tmp__ESTest_scaffolding {
19: 
20:   @Test(timeout = 4000)
21:   public void test0()  throws Throwable  {
22:       LinkedList<Locale.LanguageRange> linkedList0 = new LinkedList<Locale.LanguageRange>();
23:       LinkedList linkedList1 = (LinkedList)JSONObject.wrap(linkedList0);
24:       assertEquals(0, linkedList1.length());
25:   }
26: }
RegularFileObject[/tmp/EvoSuite_170_1590152229486/org/json/JSONObject_170_tmp__ESTest.java]
1: /**
2:  * Scaffolding file used to store all the setups needed to run 
3:  * tests automatically generated by EvoSuite
4:  * Fri May 22 12:57:09 GMT 2020
5:  */
6: 
7: package org.json;
8: 
9: import org.evosuite.runtime.annotation.EvoSuiteClassExclude;
10: import org.junit.BeforeClass;
11: import org.junit.Before;
12: import org.junit.After;
13: import org.junit.AfterClass;
14: import org.evosuite.runtime.sandbox.Sandbox;
15: import org.evosuite.runtime.sandbox.Sandbox.SandboxMode;
16: 
17: @EvoSuiteClassExclude
18: public class JSONObject_170_tmp__ESTest_scaffolding {
19: 
20:   @org.junit.Rule 
21:   public org.evosuite.runtime.vnet.NonFunctionalRequirementRule nfr = new org.evosuite.runtime.vnet.NonFunctionalRequirementRule();
22: 
23:   private static final java.util.Properties defaultProperties = (java.util.Properties) java.lang.System.getProperties().clone(); 
24: 
25:   private org.evosuite.runtime.thread.ThreadStopper threadStopper =  new org.evosuite.runtime.thread.ThreadStopper (org.evosuite.runtime.thread.KillSwitchHandler.getInstance(), 3000);
26: 
27: 
28:   @BeforeClass 
29:   public static void initEvoSuiteFramework() { 
30:     org.evosuite.runtime.RuntimeSettings.className = "org.json.JSONObject"; 
31:     org.evosuite.runtime.GuiSupport.initialize(); 
32:     org.evosuite.runtime.RuntimeSettings.maxNumberOfThreads = 100; 
33:     org.evosuite.runtime.RuntimeSettings.maxNumberOfIterationsPerLoop = 10000; 
34:     org.evosuite.runtime.RuntimeSettings.mockSystemIn = true; 
35:     org.evosuite.runtime.RuntimeSettings.sandboxMode = org.evosuite.runtime.sandbox.Sandbox.SandboxMode.RECOMMENDED; 
36:     org.evosuite.runtime.sandbox.Sandbox.initializeSecurityManagerForSUT(); 
37:     org.evosuite.runtime.classhandling.JDKClassResetter.init();
38:     setSystemProperties();
39:     initializeClasses();
40:     org.evosuite.runtime.Runtime.getInstance().resetRuntime(); 
41:   } 
42: 
43:   @AfterClass 
44:   public static void clearEvoSuiteFramework(){ 
45:     Sandbox.resetDefaultSecurityManager(); 
46:     java.lang.System.setProperties((java.util.Properties) defaultProperties.clone()); 
47:   } 
48: 
49:   @Before 
50:   public void initTestCase(){ 
51:     threadStopper.storeCurrentThreads();
52:     threadStopper.startRecordingTime();
53:     org.evosuite.runtime.jvm.ShutdownHookHandler.getInstance().initHandler(); 
54:     org.evosuite.runtime.sandbox.Sandbox.goingToExecuteSUTCode(); 
55:     setSystemProperties(); 
56:     org.evosuite.runtime.GuiSupport.setHeadless(); 
57:     org.evosuite.runtime.Runtime.getInstance().resetRuntime(); 
58:     org.evosuite.runtime.agent.InstrumentingAgent.activate(); 
59:   } 
60: 
61:   @After 
62:   public void doneWithTestCase(){ 
63:     threadStopper.killAndJoinClientThreads();
64:     org.evosuite.runtime.jvm.ShutdownHookHandler.getInstance().safeExecuteAddedHooks(); 
65:     org.evosuite.runtime.classhandling.JDKClassResetter.reset(); 
66:     resetClasses(); 
67:     org.evosuite.runtime.sandbox.Sandbox.doneWithExecutingSUTCode(); 
68:     org.evosuite.runtime.agent.InstrumentingAgent.deactivate(); 
69:     org.evosuite.runtime.GuiSupport.restoreHeadlessMode(); 
70:   } 
71: 
72:   public static void setSystemProperties() {
73:  
74:     java.lang.System.setProperties((java.util.Properties) defaultProperties.clone()); 
75:     java.lang.System.setProperty("user.dir", "/home/apaniche/mitchell/generation-scripts/projects/json"); 
76:     java.lang.System.setProperty("java.io.tmpdir", "/tmp"); 
77:   }
78: 
79:   private static void initializeClasses() {
80:     org.evosuite.runtime.classhandling.ClassStateSupport.initializeClasses(JSONObject_170_tmp__ESTest_scaffolding.class.getClassLoader() ,
81:       "org.json.JSONPointer",
82:       "org.json.JSONString",
83:       "org.json.JSONException",
84:       "org.json.JSONObject",
85:       "org.json.JSONObject$Null",
86:       "org.json.JSONPointer$Builder",
87:       "org.json.JSONPointerException",
88:       "org.json.JSONTokener",
89:       "org.json.JSONPropertyIgnore",
90:       "org.json.JSONPropertyName",
91:       "org.json.JSONArray",
92:       "org.json.JSONWriter"
93:     );
94:   } 
95: 
96:   private static void resetClasses() {
97:     org.evosuite.runtime.classhandling.ClassResetter.getInstance().setClassLoader(JSONObject_170_tmp__ESTest_scaffolding.class.getClassLoader()); 
98: 
99:     org.evosuite.runtime.classhandling.ClassStateSupport.resetClasses(
100:       "org.json.JSONObject$Null",
101:       "org.json.JSONObject",
102:       "org.json.JSONTokener",
103:       "org.json.JSONException",
104:       "org.json.JSONPointer",
105:       "org.json.JSONArray",
106:       "org.json.JSONWriter",
107:       "org.json.JSONPointer$Builder"
108:     );
109:   }
110: }

[MASTER] 14:57:09.509 [logback-2] ERROR JUnitAnalyzer - Failed to compile test case:
LinkedList<Locale.LanguageRange> linkedList0 = new LinkedList<Locale.LanguageRange>();
LinkedList linkedList1 = (LinkedList)JSONObject.wrap(linkedList0);
assertEquals(0, linkedList1.length());


* Permissions denied during test execution: 
  - java.lang.RuntimePermission: 
         writeFileDescriptor: 14
* Writing tests to file
* Writing JUnit test case 'JSONObject_ESTest' to /home/apaniche/mitchell/generation-scripts/evosuite_fuzzer/tests/s2/json/evosuite-tests
* Done!

* Computation finished
* EvoSuite 1.0.7-SNAPSHOT
* Configuration: EvoSuite_fuzzer
* Going to generate test cases for class: org.json.JSONTokener
* EvoSuite 1.0.7-SNAPSHOT
* Configuration: EvoSuite_fuzzer
* Going to generate test cases for class: org.json.XML
* Starting Client-0
* Connecting to master process on port 13928
* Starting Client-0
* Connecting to master process on port 13927
* Analyzing classpath: 
* Analyzing classpath: 
  - /home/apaniche/mitchell/generation-scripts/projects/json/json-20180813.jar
  - /home/apaniche/mitchell/generation-scripts/projects/json/json-20180813.jar
* Finished analyzing classpath
* Generating tests for class org.json.JSONTokener
* Test criteria:
  - Line Coverage
  - Branch Coverage
  - Exception
  - Mutation testing (weak)
  - Method-Output Coverage
  - Top-Level Method Coverage
  - No-Exception Top-Level Method Coverage
  - Context Branch Coverage
* Total number of test goals for DYNAMOSA: 1112
* Using seed 2
* Starting evolution
* Initial Number of Goals in DynaMOSA = 259 / 1112
* Finished analyzing classpath
* Generating tests for class org.json.XML
* Test criteria:
  - Line Coverage
  - Branch Coverage
  - Exception
  - Mutation testing (weak)
  - Method-Output Coverage
  - Top-Level Method Coverage
  - No-Exception Top-Level Method Coverage
  - Context Branch Coverage
* Total number of test goals for DYNAMOSA: 1218
* Using seed 2
* Starting evolution
* Initial Number of Goals in DynaMOSA = 151 / 1218
[MASTER] 15:06:46.392 [logback-2] ERROR TestCluster - Failed to check cache for java.util.List<E> : Type points to itself
* Search finished after 182s and 567 generations, 142820 statements, best individual has fitness: 294.0
* Search finished after 182s and 148 generations, 49595 statements, best individual has fitness: 61.0
* Minimizing test suite
* Minimizing test suite
* Going to analyze the coverage criteria
* Coverage analysis for criterion LINE
* Coverage of criterion LINE: 91%
* Total number of goals: 175
* Number of covered goals: 160
* Coverage analysis for criterion BRANCH
* Coverage of criterion BRANCH: 91%
* Total number of goals: 137
* Number of covered goals: 124
* Coverage analysis for criterion EXCEPTION
* Coverage of criterion EXCEPTION: 100%
* Total number of goals: 21
* Number of covered goals: 21
* Coverage analysis for criterion WEAKMUTATION
* Coverage of criterion WEAKMUTATION: 92%
* Total number of goals: 585
* Number of covered goals: 536
* Coverage analysis for criterion OUTPUT
* Coverage of criterion OUTPUT: 78%
* Total number of goals: 40
* Number of covered goals: 31
* Coverage analysis for criterion METHOD
* Coverage of criterion METHOD: 100%
* Total number of goals: 19
* Number of covered goals: 19
* Coverage analysis for criterion METHODNOEXCEPTION
* Coverage of criterion METHODNOEXCEPTION: 100%
* Total number of goals: 19
* Number of covered goals: 19
* Coverage analysis for criterion CBRANCH
* Coverage of criterion CBRANCH: 91%
* Total number of goals: 137
* Number of covered goals: 124
* Generated 76 tests with total length 217
* Resulting test suite's coverage: 90% (average coverage for all fitness functions)
* Generating assertions
* Going to analyze the coverage criteria
* Coverage analysis for criterion LINE
* Coverage of criterion LINE: 85%
* Total number of goals: 234
* Number of covered goals: 199
* Coverage analysis for criterion BRANCH
* Coverage of criterion BRANCH: 77%
* Total number of goals: 213
* Number of covered goals: 165
* Coverage analysis for criterion EXCEPTION
* Coverage of criterion EXCEPTION: 100%
* Total number of goals: 19
* Number of covered goals: 19
* Coverage analysis for criterion WEAKMUTATION
* Coverage of criterion WEAKMUTATION: 74%
* Total number of goals: 498
* Number of covered goals: 367
* Coverage analysis for criterion OUTPUT
* Coverage of criterion OUTPUT: 66%
* Total number of goals: 38
* Number of covered goals: 25
* Coverage analysis for criterion METHOD
* Coverage of criterion METHOD: 100%
* Total number of goals: 11
* Number of covered goals: 11
* Coverage analysis for criterion METHODNOEXCEPTION
* Coverage of criterion METHODNOEXCEPTION: 100%
* Total number of goals: 11
* Number of covered goals: 11
* Coverage analysis for criterion CBRANCH
* Coverage of criterion CBRANCH: 77%
* Total number of goals: 213
* Number of covered goals: 165
* Generated 70 tests with total length 96
* Resulting test suite's coverage: 79% (average coverage for all fitness functions)
* Generating assertions
[MASTER] 15:07:14.233 [logback-2] ERROR TestRunnable - Suppressed/ignored exception during test case execution on class org.json.XML: java.lang.String cannot be cast to java.lang.Boolean
java.lang.ClassCastException: java.lang.String cannot be cast to java.lang.Boolean
	at org.evosuite.testcase.TestCodeVisitor.visitPrimitiveAssertion(TestCodeVisitor.java:528) ~[evosuite.jar:1.0.7-SNAPSHOT]
	at org.evosuite.testcase.TestCodeVisitor.visitAssertion(TestCodeVisitor.java:914) ~[evosuite.jar:1.0.7-SNAPSHOT]
	at org.evosuite.testcase.TestCodeVisitor.addAssertions(TestCodeVisitor.java:956) ~[evosuite.jar:1.0.7-SNAPSHOT]
	at org.evosuite.testcase.TestCodeVisitor.visitMethodStatement(TestCodeVisitor.java:1507) ~[evosuite.jar:1.0.7-SNAPSHOT]
	at org.evosuite.testcase.TestVisitor.visitStatement(TestVisitor.java:147) ~[evosuite.jar:1.0.7-SNAPSHOT]
	at org.evosuite.testcase.TestCodeVisitor.visitStatement(TestCodeVisitor.java:1858) ~[evosuite.jar:1.0.7-SNAPSHOT]
	at org.evosuite.testcase.statements.AbstractStatement.getCode(AbstractStatement.java:255) ~[evosuite.jar:1.0.7-SNAPSHOT]
	at org.evosuite.testcase.statements.AbstractStatement.getCode(AbstractStatement.java:247) ~[evosuite.jar:1.0.7-SNAPSHOT]
	at org.evosuite.assertion.PrimitiveTraceObserver.visit(PrimitiveTraceObserver.java:116) ~[evosuite.jar:1.0.7-SNAPSHOT]
	at org.evosuite.assertion.AssertionTraceObserver.visitReturnValue(AssertionTraceObserver.java:131) ~[evosuite.jar:1.0.7-SNAPSHOT]
	at org.evosuite.assertion.PrimitiveTraceObserver.afterStatement(PrimitiveTraceObserver.java:51) ~[evosuite.jar:1.0.7-SNAPSHOT]
	at org.evosuite.testcase.execution.TestRunnable.lambda$informObservers_after$1(TestRunnable.java:155) [evosuite.jar:1.0.7-SNAPSHOT]
	at java.lang.Iterable.forEach(Iterable.java:75) ~[na:1.8.0_161]
	at org.evosuite.testcase.execution.TestRunnable.informObservers_after(TestRunnable.java:155) [evosuite.jar:1.0.7-SNAPSHOT]
	at org.evosuite.testcase.execution.TestRunnable.executeStatements(TestRunnable.java:351) [evosuite.jar:1.0.7-SNAPSHOT]
	at org.evosuite.testcase.execution.TestRunnable.call(TestRunnable.java:202) [evosuite.jar:1.0.7-SNAPSHOT]
	at org.evosuite.testcase.execution.TestRunnable.call(TestRunnable.java:55) [evosuite.jar:1.0.7-SNAPSHOT]
	at java.util.concurrent.FutureTask.run(FutureTask.java:266) [na:1.8.0_161]
	at java.util.concurrent.ThreadPoolExecutor.runWorker(ThreadPoolExecutor.java:1149) [na:1.8.0_161]
	at java.util.concurrent.ThreadPoolExecutor$Worker.run(ThreadPoolExecutor.java:624) [na:1.8.0_161]
	at java.lang.Thread.run(Thread.java:748) [na:1.8.0_161]
[MASTER] 15:07:14.293 [logback-2] ERROR TestRunnable - Suppressed/ignored exception during test case execution on class org.json.XML: java.lang.Double cannot be cast to java.lang.Boolean
java.lang.ClassCastException: java.lang.Double cannot be cast to java.lang.Boolean
	at org.evosuite.testcase.TestCodeVisitor.visitPrimitiveAssertion(TestCodeVisitor.java:528) ~[evosuite.jar:1.0.7-SNAPSHOT]
	at org.evosuite.testcase.TestCodeVisitor.visitAssertion(TestCodeVisitor.java:914) ~[evosuite.jar:1.0.7-SNAPSHOT]
	at org.evosuite.testcase.TestCodeVisitor.addAssertions(TestCodeVisitor.java:956) ~[evosuite.jar:1.0.7-SNAPSHOT]
	at org.evosuite.testcase.TestCodeVisitor.visitMethodStatement(TestCodeVisitor.java:1507) ~[evosuite.jar:1.0.7-SNAPSHOT]
	at org.evosuite.testcase.TestVisitor.visitStatement(TestVisitor.java:147) ~[evosuite.jar:1.0.7-SNAPSHOT]
	at org.evosuite.testcase.TestCodeVisitor.visitStatement(TestCodeVisitor.java:1858) ~[evosuite.jar:1.0.7-SNAPSHOT]
	at org.evosuite.testcase.statements.AbstractStatement.getCode(AbstractStatement.java:255) ~[evosuite.jar:1.0.7-SNAPSHOT]
	at org.evosuite.testcase.statements.AbstractStatement.getCode(AbstractStatement.java:247) ~[evosuite.jar:1.0.7-SNAPSHOT]
	at org.evosuite.assertion.PrimitiveTraceObserver.visit(PrimitiveTraceObserver.java:116) ~[evosuite.jar:1.0.7-SNAPSHOT]
	at org.evosuite.assertion.AssertionTraceObserver.visitReturnValue(AssertionTraceObserver.java:131) ~[evosuite.jar:1.0.7-SNAPSHOT]
	at org.evosuite.assertion.PrimitiveTraceObserver.afterStatement(PrimitiveTraceObserver.java:51) ~[evosuite.jar:1.0.7-SNAPSHOT]
	at org.evosuite.testcase.execution.TestRunnable.lambda$informObservers_after$1(TestRunnable.java:155) [evosuite.jar:1.0.7-SNAPSHOT]
	at java.lang.Iterable.forEach(Iterable.java:75) ~[na:1.8.0_161]
	at org.evosuite.testcase.execution.TestRunnable.informObservers_after(TestRunnable.java:155) [evosuite.jar:1.0.7-SNAPSHOT]
	at org.evosuite.testcase.execution.TestRunnable.executeStatements(TestRunnable.java:351) [evosuite.jar:1.0.7-SNAPSHOT]
	at org.evosuite.testcase.execution.TestRunnable.call(TestRunnable.java:202) [evosuite.jar:1.0.7-SNAPSHOT]
	at org.evosuite.testcase.execution.TestRunnable.call(TestRunnable.java:55) [evosuite.jar:1.0.7-SNAPSHOT]
	at java.util.concurrent.FutureTask.run(FutureTask.java:266) [na:1.8.0_161]
	at java.util.concurrent.ThreadPoolExecutor.runWorker(ThreadPoolExecutor.java:1149) [na:1.8.0_161]
	at java.util.concurrent.ThreadPoolExecutor$Worker.run(ThreadPoolExecutor.java:624) [na:1.8.0_161]
	at java.lang.Thread.run(Thread.java:748) [na:1.8.0_161]
[MASTER] 15:07:14.315 [logback-2] ERROR TestRunnable - Suppressed/ignored exception during test case execution on class org.json.XML: java.lang.Double cannot be cast to java.lang.Boolean
java.lang.ClassCastException: java.lang.Double cannot be cast to java.lang.Boolean
	at org.evosuite.testcase.TestCodeVisitor.visitPrimitiveAssertion(TestCodeVisitor.java:528) ~[evosuite.jar:1.0.7-SNAPSHOT]
	at org.evosuite.testcase.TestCodeVisitor.visitAssertion(TestCodeVisitor.java:914) ~[evosuite.jar:1.0.7-SNAPSHOT]
	at org.evosuite.testcase.TestCodeVisitor.addAssertions(TestCodeVisitor.java:956) ~[evosuite.jar:1.0.7-SNAPSHOT]
	at org.evosuite.testcase.TestCodeVisitor.visitMethodStatement(TestCodeVisitor.java:1507) ~[evosuite.jar:1.0.7-SNAPSHOT]
	at org.evosuite.testcase.TestVisitor.visitStatement(TestVisitor.java:147) ~[evosuite.jar:1.0.7-SNAPSHOT]
	at org.evosuite.testcase.TestCodeVisitor.visitStatement(TestCodeVisitor.java:1858) ~[evosuite.jar:1.0.7-SNAPSHOT]
	at org.evosuite.testcase.statements.AbstractStatement.getCode(AbstractStatement.java:255) ~[evosuite.jar:1.0.7-SNAPSHOT]
	at org.evosuite.testcase.statements.AbstractStatement.getCode(AbstractStatement.java:247) ~[evosuite.jar:1.0.7-SNAPSHOT]
	at org.evosuite.assertion.PrimitiveTraceObserver.visit(PrimitiveTraceObserver.java:116) ~[evosuite.jar:1.0.7-SNAPSHOT]
	at org.evosuite.assertion.AssertionTraceObserver.visitReturnValue(AssertionTraceObserver.java:131) ~[evosuite.jar:1.0.7-SNAPSHOT]
	at org.evosuite.assertion.PrimitiveTraceObserver.afterStatement(PrimitiveTraceObserver.java:51) ~[evosuite.jar:1.0.7-SNAPSHOT]
	at org.evosuite.testcase.execution.TestRunnable.lambda$informObservers_after$1(TestRunnable.java:155) [evosuite.jar:1.0.7-SNAPSHOT]
	at java.lang.Iterable.forEach(Iterable.java:75) ~[na:1.8.0_161]
	at org.evosuite.testcase.execution.TestRunnable.informObservers_after(TestRunnable.java:155) [evosuite.jar:1.0.7-SNAPSHOT]
	at org.evosuite.testcase.execution.TestRunnable.executeStatements(TestRunnable.java:351) [evosuite.jar:1.0.7-SNAPSHOT]
	at org.evosuite.testcase.execution.TestRunnable.call(TestRunnable.java:202) [evosuite.jar:1.0.7-SNAPSHOT]
	at org.evosuite.testcase.execution.TestRunnable.call(TestRunnable.java:55) [evosuite.jar:1.0.7-SNAPSHOT]
	at java.util.concurrent.FutureTask.run(FutureTask.java:266) [na:1.8.0_161]
	at java.util.concurrent.ThreadPoolExecutor.runWorker(ThreadPoolExecutor.java:1149) [na:1.8.0_161]
	at java.util.concurrent.ThreadPoolExecutor$Worker.run(ThreadPoolExecutor.java:624) [na:1.8.0_161]
	at java.lang.Thread.run(Thread.java:748) [na:1.8.0_161]
[MASTER] 15:07:14.388 [logback-2] ERROR TestRunnable - Suppressed/ignored exception during test case execution on class org.json.XML: java.lang.String cannot be cast to java.lang.Boolean
java.lang.ClassCastException: java.lang.String cannot be cast to java.lang.Boolean
	at org.evosuite.testcase.TestCodeVisitor.visitPrimitiveAssertion(TestCodeVisitor.java:528) ~[evosuite.jar:1.0.7-SNAPSHOT]
	at org.evosuite.testcase.TestCodeVisitor.visitAssertion(TestCodeVisitor.java:914) ~[evosuite.jar:1.0.7-SNAPSHOT]
	at org.evosuite.testcase.TestCodeVisitor.addAssertions(TestCodeVisitor.java:956) ~[evosuite.jar:1.0.7-SNAPSHOT]
	at org.evosuite.testcase.TestCodeVisitor.visitMethodStatement(TestCodeVisitor.java:1507) ~[evosuite.jar:1.0.7-SNAPSHOT]
	at org.evosuite.testcase.TestVisitor.visitStatement(TestVisitor.java:147) ~[evosuite.jar:1.0.7-SNAPSHOT]
	at org.evosuite.testcase.TestCodeVisitor.visitStatement(TestCodeVisitor.java:1858) ~[evosuite.jar:1.0.7-SNAPSHOT]
	at org.evosuite.testcase.statements.AbstractStatement.getCode(AbstractStatement.java:255) ~[evosuite.jar:1.0.7-SNAPSHOT]
	at org.evosuite.testcase.statements.AbstractStatement.getCode(AbstractStatement.java:247) ~[evosuite.jar:1.0.7-SNAPSHOT]
	at org.evosuite.assertion.PrimitiveTraceObserver.visit(PrimitiveTraceObserver.java:116) ~[evosuite.jar:1.0.7-SNAPSHOT]
	at org.evosuite.assertion.AssertionTraceObserver.visitReturnValue(AssertionTraceObserver.java:131) ~[evosuite.jar:1.0.7-SNAPSHOT]
	at org.evosuite.assertion.PrimitiveTraceObserver.afterStatement(PrimitiveTraceObserver.java:51) ~[evosuite.jar:1.0.7-SNAPSHOT]
	at org.evosuite.testcase.execution.TestRunnable.lambda$informObservers_after$1(TestRunnable.java:155) [evosuite.jar:1.0.7-SNAPSHOT]
	at java.lang.Iterable.forEach(Iterable.java:75) ~[na:1.8.0_161]
	at org.evosuite.testcase.execution.TestRunnable.informObservers_after(TestRunnable.java:155) [evosuite.jar:1.0.7-SNAPSHOT]
	at org.evosuite.testcase.execution.TestRunnable.executeStatements(TestRunnable.java:351) [evosuite.jar:1.0.7-SNAPSHOT]
	at org.evosuite.testcase.execution.TestRunnable.call(TestRunnable.java:202) [evosuite.jar:1.0.7-SNAPSHOT]
	at org.evosuite.testcase.execution.TestRunnable.call(TestRunnable.java:55) [evosuite.jar:1.0.7-SNAPSHOT]
	at java.util.concurrent.FutureTask.run(FutureTask.java:266) [na:1.8.0_161]
	at java.util.concurrent.ThreadPoolExecutor.runWorker(ThreadPoolExecutor.java:1149) [na:1.8.0_161]
	at java.util.concurrent.ThreadPoolExecutor$Worker.run(ThreadPoolExecutor.java:624) [na:1.8.0_161]
	at java.lang.Thread.run(Thread.java:748) [na:1.8.0_161]
[MASTER] 15:07:14.446 [logback-2] ERROR TestRunnable - Suppressed/ignored exception during test case execution on class org.json.XML: java.lang.String cannot be cast to java.lang.Boolean
java.lang.ClassCastException: java.lang.String cannot be cast to java.lang.Boolean
	at org.evosuite.testcase.TestCodeVisitor.visitPrimitiveAssertion(TestCodeVisitor.java:528) ~[evosuite.jar:1.0.7-SNAPSHOT]
	at org.evosuite.testcase.TestCodeVisitor.visitAssertion(TestCodeVisitor.java:914) ~[evosuite.jar:1.0.7-SNAPSHOT]
	at org.evosuite.testcase.TestCodeVisitor.addAssertions(TestCodeVisitor.java:956) ~[evosuite.jar:1.0.7-SNAPSHOT]
	at org.evosuite.testcase.TestCodeVisitor.visitMethodStatement(TestCodeVisitor.java:1507) ~[evosuite.jar:1.0.7-SNAPSHOT]
	at org.evosuite.testcase.TestVisitor.visitStatement(TestVisitor.java:147) ~[evosuite.jar:1.0.7-SNAPSHOT]
	at org.evosuite.testcase.TestCodeVisitor.visitStatement(TestCodeVisitor.java:1858) ~[evosuite.jar:1.0.7-SNAPSHOT]
	at org.evosuite.testcase.statements.AbstractStatement.getCode(AbstractStatement.java:255) ~[evosuite.jar:1.0.7-SNAPSHOT]
	at org.evosuite.testcase.statements.AbstractStatement.getCode(AbstractStatement.java:247) ~[evosuite.jar:1.0.7-SNAPSHOT]
	at org.evosuite.assertion.PrimitiveTraceObserver.visit(PrimitiveTraceObserver.java:116) ~[evosuite.jar:1.0.7-SNAPSHOT]
	at org.evosuite.assertion.AssertionTraceObserver.visitReturnValue(AssertionTraceObserver.java:131) ~[evosuite.jar:1.0.7-SNAPSHOT]
	at org.evosuite.assertion.PrimitiveTraceObserver.afterStatement(PrimitiveTraceObserver.java:51) ~[evosuite.jar:1.0.7-SNAPSHOT]
	at org.evosuite.testcase.execution.TestRunnable.lambda$informObservers_after$1(TestRunnable.java:155) [evosuite.jar:1.0.7-SNAPSHOT]
	at java.lang.Iterable.forEach(Iterable.java:75) ~[na:1.8.0_161]
	at org.evosuite.testcase.execution.TestRunnable.informObservers_after(TestRunnable.java:155) [evosuite.jar:1.0.7-SNAPSHOT]
	at org.evosuite.testcase.execution.TestRunnable.executeStatements(TestRunnable.java:351) [evosuite.jar:1.0.7-SNAPSHOT]
	at org.evosuite.testcase.execution.TestRunnable.call(TestRunnable.java:202) [evosuite.jar:1.0.7-SNAPSHOT]
	at org.evosuite.testcase.execution.TestRunnable.call(TestRunnable.java:55) [evosuite.jar:1.0.7-SNAPSHOT]
	at java.util.concurrent.FutureTask.run(FutureTask.java:266) [na:1.8.0_161]
	at java.util.concurrent.ThreadPoolExecutor.runWorker(ThreadPoolExecutor.java:1149) [na:1.8.0_161]
	at java.util.concurrent.ThreadPoolExecutor$Worker.run(ThreadPoolExecutor.java:624) [na:1.8.0_161]
	at java.lang.Thread.run(Thread.java:748) [na:1.8.0_161]
[MASTER] 15:07:14.493 [logback-2] ERROR TestRunnable - Suppressed/ignored exception during test case execution on class org.json.XML: java.lang.String cannot be cast to java.lang.Boolean
java.lang.ClassCastException: java.lang.String cannot be cast to java.lang.Boolean
	at org.evosuite.testcase.TestCodeVisitor.visitPrimitiveAssertion(TestCodeVisitor.java:528) ~[evosuite.jar:1.0.7-SNAPSHOT]
	at org.evosuite.testcase.TestCodeVisitor.visitAssertion(TestCodeVisitor.java:914) ~[evosuite.jar:1.0.7-SNAPSHOT]
	at org.evosuite.testcase.TestCodeVisitor.addAssertions(TestCodeVisitor.java:956) ~[evosuite.jar:1.0.7-SNAPSHOT]
	at org.evosuite.testcase.TestCodeVisitor.visitMethodStatement(TestCodeVisitor.java:1507) ~[evosuite.jar:1.0.7-SNAPSHOT]
	at org.evosuite.testcase.TestVisitor.visitStatement(TestVisitor.java:147) ~[evosuite.jar:1.0.7-SNAPSHOT]
	at org.evosuite.testcase.TestCodeVisitor.visitStatement(TestCodeVisitor.java:1858) ~[evosuite.jar:1.0.7-SNAPSHOT]
	at org.evosuite.testcase.statements.AbstractStatement.getCode(AbstractStatement.java:255) ~[evosuite.jar:1.0.7-SNAPSHOT]
	at org.evosuite.testcase.statements.AbstractStatement.getCode(AbstractStatement.java:247) ~[evosuite.jar:1.0.7-SNAPSHOT]
	at org.evosuite.assertion.PrimitiveTraceObserver.visit(PrimitiveTraceObserver.java:116) ~[evosuite.jar:1.0.7-SNAPSHOT]
	at org.evosuite.assertion.AssertionTraceObserver.visitReturnValue(AssertionTraceObserver.java:131) ~[evosuite.jar:1.0.7-SNAPSHOT]
	at org.evosuite.assertion.PrimitiveTraceObserver.afterStatement(PrimitiveTraceObserver.java:51) ~[evosuite.jar:1.0.7-SNAPSHOT]
	at org.evosuite.testcase.execution.TestRunnable.lambda$informObservers_after$1(TestRunnable.java:155) [evosuite.jar:1.0.7-SNAPSHOT]
	at java.lang.Iterable.forEach(Iterable.java:75) ~[na:1.8.0_161]
	at org.evosuite.testcase.execution.TestRunnable.informObservers_after(TestRunnable.java:155) [evosuite.jar:1.0.7-SNAPSHOT]
	at org.evosuite.testcase.execution.TestRunnable.executeStatements(TestRunnable.java:351) [evosuite.jar:1.0.7-SNAPSHOT]
	at org.evosuite.testcase.execution.TestRunnable.call(TestRunnable.java:202) [evosuite.jar:1.0.7-SNAPSHOT]
	at org.evosuite.testcase.execution.TestRunnable.call(TestRunnable.java:55) [evosuite.jar:1.0.7-SNAPSHOT]
	at java.util.concurrent.FutureTask.run(FutureTask.java:266) [na:1.8.0_161]
	at java.util.concurrent.ThreadPoolExecutor.runWorker(ThreadPoolExecutor.java:1149) [na:1.8.0_161]
	at java.util.concurrent.ThreadPoolExecutor$Worker.run(ThreadPoolExecutor.java:624) [na:1.8.0_161]
	at java.lang.Thread.run(Thread.java:748) [na:1.8.0_161]
[MASTER] 15:07:14.512 [logback-2] ERROR TestRunnable - Suppressed/ignored exception during test case execution on class org.json.XML: java.lang.String cannot be cast to java.lang.Boolean
java.lang.ClassCastException: java.lang.String cannot be cast to java.lang.Boolean
	at org.evosuite.testcase.TestCodeVisitor.visitPrimitiveAssertion(TestCodeVisitor.java:528) ~[evosuite.jar:1.0.7-SNAPSHOT]
	at org.evosuite.testcase.TestCodeVisitor.visitAssertion(TestCodeVisitor.java:914) ~[evosuite.jar:1.0.7-SNAPSHOT]
	at org.evosuite.testcase.TestCodeVisitor.addAssertions(TestCodeVisitor.java:956) ~[evosuite.jar:1.0.7-SNAPSHOT]
	at org.evosuite.testcase.TestCodeVisitor.visitMethodStatement(TestCodeVisitor.java:1507) ~[evosuite.jar:1.0.7-SNAPSHOT]
	at org.evosuite.testcase.TestVisitor.visitStatement(TestVisitor.java:147) ~[evosuite.jar:1.0.7-SNAPSHOT]
	at org.evosuite.testcase.TestCodeVisitor.visitStatement(TestCodeVisitor.java:1858) ~[evosuite.jar:1.0.7-SNAPSHOT]
	at org.evosuite.testcase.statements.AbstractStatement.getCode(AbstractStatement.java:255) ~[evosuite.jar:1.0.7-SNAPSHOT]
	at org.evosuite.testcase.statements.AbstractStatement.getCode(AbstractStatement.java:247) ~[evosuite.jar:1.0.7-SNAPSHOT]
	at org.evosuite.assertion.PrimitiveTraceObserver.visit(PrimitiveTraceObserver.java:116) ~[evosuite.jar:1.0.7-SNAPSHOT]
	at org.evosuite.assertion.AssertionTraceObserver.visitReturnValue(AssertionTraceObserver.java:131) ~[evosuite.jar:1.0.7-SNAPSHOT]
	at org.evosuite.assertion.PrimitiveTraceObserver.afterStatement(PrimitiveTraceObserver.java:51) ~[evosuite.jar:1.0.7-SNAPSHOT]
	at org.evosuite.testcase.execution.TestRunnable.lambda$informObservers_after$1(TestRunnable.java:155) [evosuite.jar:1.0.7-SNAPSHOT]
	at java.lang.Iterable.forEach(Iterable.java:75) ~[na:1.8.0_161]
	at org.evosuite.testcase.execution.TestRunnable.informObservers_after(TestRunnable.java:155) [evosuite.jar:1.0.7-SNAPSHOT]
	at org.evosuite.testcase.execution.TestRunnable.executeStatements(TestRunnable.java:351) [evosuite.jar:1.0.7-SNAPSHOT]
	at org.evosuite.testcase.execution.TestRunnable.call(TestRunnable.java:202) [evosuite.jar:1.0.7-SNAPSHOT]
	at org.evosuite.testcase.execution.TestRunnable.call(TestRunnable.java:55) [evosuite.jar:1.0.7-SNAPSHOT]
	at java.util.concurrent.FutureTask.run(FutureTask.java:266) [na:1.8.0_161]
	at java.util.concurrent.ThreadPoolExecutor.runWorker(ThreadPoolExecutor.java:1149) [na:1.8.0_161]
	at java.util.concurrent.ThreadPoolExecutor$Worker.run(ThreadPoolExecutor.java:624) [na:1.8.0_161]
	at java.lang.Thread.run(Thread.java:748) [na:1.8.0_161]
[MASTER] 15:07:14.578 [logback-2] ERROR TestRunnable - Suppressed/ignored exception during test case execution on class org.json.XML: java.lang.Integer cannot be cast to java.lang.Boolean
java.lang.ClassCastException: java.lang.Integer cannot be cast to java.lang.Boolean
	at org.evosuite.testcase.TestCodeVisitor.visitPrimitiveAssertion(TestCodeVisitor.java:528) ~[evosuite.jar:1.0.7-SNAPSHOT]
	at org.evosuite.testcase.TestCodeVisitor.visitAssertion(TestCodeVisitor.java:914) ~[evosuite.jar:1.0.7-SNAPSHOT]
	at org.evosuite.testcase.TestCodeVisitor.addAssertions(TestCodeVisitor.java:956) ~[evosuite.jar:1.0.7-SNAPSHOT]
	at org.evosuite.testcase.TestCodeVisitor.visitMethodStatement(TestCodeVisitor.java:1507) ~[evosuite.jar:1.0.7-SNAPSHOT]
	at org.evosuite.testcase.TestVisitor.visitStatement(TestVisitor.java:147) ~[evosuite.jar:1.0.7-SNAPSHOT]
	at org.evosuite.testcase.TestCodeVisitor.visitStatement(TestCodeVisitor.java:1858) ~[evosuite.jar:1.0.7-SNAPSHOT]
	at org.evosuite.testcase.statements.AbstractStatement.getCode(AbstractStatement.java:255) ~[evosuite.jar:1.0.7-SNAPSHOT]
	at org.evosuite.testcase.statements.AbstractStatement.getCode(AbstractStatement.java:247) ~[evosuite.jar:1.0.7-SNAPSHOT]
	at org.evosuite.assertion.PrimitiveTraceObserver.visit(PrimitiveTraceObserver.java:116) ~[evosuite.jar:1.0.7-SNAPSHOT]
	at org.evosuite.assertion.AssertionTraceObserver.visitReturnValue(AssertionTraceObserver.java:131) ~[evosuite.jar:1.0.7-SNAPSHOT]
	at org.evosuite.assertion.PrimitiveTraceObserver.afterStatement(PrimitiveTraceObserver.java:51) ~[evosuite.jar:1.0.7-SNAPSHOT]
	at org.evosuite.testcase.execution.TestRunnable.lambda$informObservers_after$1(TestRunnable.java:155) [evosuite.jar:1.0.7-SNAPSHOT]
	at java.lang.Iterable.forEach(Iterable.java:75) ~[na:1.8.0_161]
	at org.evosuite.testcase.execution.TestRunnable.informObservers_after(TestRunnable.java:155) [evosuite.jar:1.0.7-SNAPSHOT]
	at org.evosuite.testcase.execution.TestRunnable.executeStatements(TestRunnable.java:351) [evosuite.jar:1.0.7-SNAPSHOT]
	at org.evosuite.testcase.execution.TestRunnable.call(TestRunnable.java:202) [evosuite.jar:1.0.7-SNAPSHOT]
	at org.evosuite.testcase.execution.TestRunnable.call(TestRunnable.java:55) [evosuite.jar:1.0.7-SNAPSHOT]
	at java.util.concurrent.FutureTask.run(FutureTask.java:266) [na:1.8.0_161]
	at java.util.concurrent.ThreadPoolExecutor.runWorker(ThreadPoolExecutor.java:1149) [na:1.8.0_161]
	at java.util.concurrent.ThreadPoolExecutor$Worker.run(ThreadPoolExecutor.java:624) [na:1.8.0_161]
	at java.lang.Thread.run(Thread.java:748) [na:1.8.0_161]
[MASTER] 15:07:14.580 [logback-2] ERROR TestRunnable - Suppressed/ignored exception during test case execution on class org.json.XML: java.lang.Integer cannot be cast to java.lang.Boolean
java.lang.ClassCastException: java.lang.Integer cannot be cast to java.lang.Boolean
	at org.evosuite.testcase.TestCodeVisitor.visitPrimitiveAssertion(TestCodeVisitor.java:528) ~[evosuite.jar:1.0.7-SNAPSHOT]
	at org.evosuite.testcase.TestCodeVisitor.visitAssertion(TestCodeVisitor.java:914) ~[evosuite.jar:1.0.7-SNAPSHOT]
	at org.evosuite.testcase.TestCodeVisitor.addAssertions(TestCodeVisitor.java:956) ~[evosuite.jar:1.0.7-SNAPSHOT]
	at org.evosuite.testcase.TestCodeVisitor.visitMethodStatement(TestCodeVisitor.java:1507) ~[evosuite.jar:1.0.7-SNAPSHOT]
	at org.evosuite.testcase.TestVisitor.visitStatement(TestVisitor.java:147) ~[evosuite.jar:1.0.7-SNAPSHOT]
	at org.evosuite.testcase.TestCodeVisitor.visitStatement(TestCodeVisitor.java:1858) ~[evosuite.jar:1.0.7-SNAPSHOT]
	at org.evosuite.testcase.statements.AbstractStatement.getCode(AbstractStatement.java:255) ~[evosuite.jar:1.0.7-SNAPSHOT]
	at org.evosuite.testcase.statements.AbstractStatement.getCode(AbstractStatement.java:247) ~[evosuite.jar:1.0.7-SNAPSHOT]
	at org.evosuite.assertion.PrimitiveTraceObserver.visit(PrimitiveTraceObserver.java:116) ~[evosuite.jar:1.0.7-SNAPSHOT]
	at org.evosuite.assertion.AssertionTraceObserver.visitReturnValue(AssertionTraceObserver.java:131) ~[evosuite.jar:1.0.7-SNAPSHOT]
	at org.evosuite.assertion.PrimitiveTraceObserver.afterStatement(PrimitiveTraceObserver.java:51) ~[evosuite.jar:1.0.7-SNAPSHOT]
	at org.evosuite.testcase.execution.TestRunnable.lambda$informObservers_after$1(TestRunnable.java:155) [evosuite.jar:1.0.7-SNAPSHOT]
	at java.lang.Iterable.forEach(Iterable.java:75) ~[na:1.8.0_161]
	at org.evosuite.testcase.execution.TestRunnable.informObservers_after(TestRunnable.java:155) [evosuite.jar:1.0.7-SNAPSHOT]
	at org.evosuite.testcase.execution.TestRunnable.executeStatements(TestRunnable.java:351) [evosuite.jar:1.0.7-SNAPSHOT]
	at org.evosuite.testcase.execution.TestRunnable.call(TestRunnable.java:202) [evosuite.jar:1.0.7-SNAPSHOT]
	at org.evosuite.testcase.execution.TestRunnable.call(TestRunnable.java:55) [evosuite.jar:1.0.7-SNAPSHOT]
	at java.util.concurrent.FutureTask.run(FutureTask.java:266) [na:1.8.0_161]
	at java.util.concurrent.ThreadPoolExecutor.runWorker(ThreadPoolExecutor.java:1149) [na:1.8.0_161]
	at java.util.concurrent.ThreadPoolExecutor$Worker.run(ThreadPoolExecutor.java:624) [na:1.8.0_161]
	at java.lang.Thread.run(Thread.java:748) [na:1.8.0_161]
* Resulting test suite's mutation score: 52%
* Compiling and checking tests
* Writing tests to file
* Writing JUnit test case 'JSONTokener_ESTest' to /home/apaniche/mitchell/generation-scripts/evosuite_fuzzer/tests/s2/json/evosuite-tests
* Done!

* Computation finished
[MASTER] 15:08:08.687 [logback-2] ERROR TestRunnable - Suppressed/ignored exception during test case execution on class org.json.XML: java.lang.String cannot be cast to java.lang.Boolean
java.lang.ClassCastException: java.lang.String cannot be cast to java.lang.Boolean
	at org.evosuite.testcase.TestCodeVisitor.visitPrimitiveAssertion(TestCodeVisitor.java:528) ~[evosuite.jar:1.0.7-SNAPSHOT]
	at org.evosuite.testcase.TestCodeVisitor.visitAssertion(TestCodeVisitor.java:914) ~[evosuite.jar:1.0.7-SNAPSHOT]
	at org.evosuite.testcase.TestCodeVisitor.addAssertions(TestCodeVisitor.java:956) ~[evosuite.jar:1.0.7-SNAPSHOT]
	at org.evosuite.testcase.TestCodeVisitor.visitMethodStatement(TestCodeVisitor.java:1507) ~[evosuite.jar:1.0.7-SNAPSHOT]
	at org.evosuite.testcase.TestVisitor.visitStatement(TestVisitor.java:147) ~[evosuite.jar:1.0.7-SNAPSHOT]
	at org.evosuite.testcase.TestCodeVisitor.visitStatement(TestCodeVisitor.java:1858) ~[evosuite.jar:1.0.7-SNAPSHOT]
	at org.evosuite.testcase.statements.AbstractStatement.getCode(AbstractStatement.java:255) ~[evosuite.jar:1.0.7-SNAPSHOT]
	at org.evosuite.testcase.statements.AbstractStatement.getCode(AbstractStatement.java:247) ~[evosuite.jar:1.0.7-SNAPSHOT]
	at org.evosuite.assertion.PrimitiveTraceObserver.visit(PrimitiveTraceObserver.java:116) ~[evosuite.jar:1.0.7-SNAPSHOT]
	at org.evosuite.assertion.AssertionTraceObserver.visitReturnValue(AssertionTraceObserver.java:131) ~[evosuite.jar:1.0.7-SNAPSHOT]
	at org.evosuite.assertion.PrimitiveTraceObserver.afterStatement(PrimitiveTraceObserver.java:51) ~[evosuite.jar:1.0.7-SNAPSHOT]
	at org.evosuite.testcase.execution.TestRunnable.lambda$informObservers_after$1(TestRunnable.java:155) [evosuite.jar:1.0.7-SNAPSHOT]
	at java.lang.Iterable.forEach(Iterable.java:75) ~[na:1.8.0_161]
	at org.evosuite.testcase.execution.TestRunnable.informObservers_after(TestRunnable.java:155) [evosuite.jar:1.0.7-SNAPSHOT]
	at org.evosuite.testcase.execution.TestRunnable.executeStatements(TestRunnable.java:351) [evosuite.jar:1.0.7-SNAPSHOT]
	at org.evosuite.testcase.execution.TestRunnable.call(TestRunnable.java:202) [evosuite.jar:1.0.7-SNAPSHOT]
	at org.evosuite.testcase.execution.TestRunnable.call(TestRunnable.java:55) [evosuite.jar:1.0.7-SNAPSHOT]
	at java.util.concurrent.FutureTask.run(FutureTask.java:266) [na:1.8.0_161]
	at java.util.concurrent.ThreadPoolExecutor.runWorker(ThreadPoolExecutor.java:1149) [na:1.8.0_161]
	at java.util.concurrent.ThreadPoolExecutor$Worker.run(ThreadPoolExecutor.java:624) [na:1.8.0_161]
	at java.lang.Thread.run(Thread.java:748) [na:1.8.0_161]
* Resulting test suite's mutation score: 41%
* Compiling and checking tests
* Writing tests to file
* Writing JUnit test case 'XML_ESTest' to /home/apaniche/mitchell/generation-scripts/evosuite_fuzzer/tests/s2/json/evosuite-tests
* Done!

* Computation finished
