* EvoSuite 1.0.7-SNAPSHOT
* Configuration: EvoSuite_fuzzer
* Going to generate test cases for class: org.json.XML
* Starting Client-0
* Connecting to master process on port 6919
* Analyzing classpath: 
  - /home/apaniche/mitchell/generation-scripts/projects/json/json-20180813.jar
* Finished analyzing classpath
* Generating tests for class org.json.XML
* Test criteria:
  - Line Coverage
  - Branch Coverage
  - Exception
  - Mutation testing (weak)
  - Method-Output Coverage
  - Top-Level Method Coverage
  - No-Exception Top-Level Method Coverage
  - Context Branch Coverage
* Total number of test goals for DYNAMOSA: 1218
* Using seed 14
* Starting evolution
* Initial Number of Goals in DynaMOSA = 151 / 1218
[MASTER] 19:44:23.892 [logback-2] ERROR TestCluster - Failed to check cache for java.util.function.Function<T, R> : Type points to itself
[MASTER] 19:46:37.051 [logback-2] ERROR TestCluster - Failed to check cache for java.util.List<E> : Type points to itself
* Search finished after 181s and 347 generations, 97935 statements, best individual has fitness: 294.0
* Minimizing test suite
* Going to analyze the coverage criteria
* Coverage analysis for criterion LINE
* Coverage of criterion LINE: 83%
* Total number of goals: 234
* Number of covered goals: 195
* Coverage analysis for criterion BRANCH
* Coverage of criterion BRANCH: 78%
* Total number of goals: 213
* Number of covered goals: 167
* Coverage analysis for criterion EXCEPTION
* Coverage of criterion EXCEPTION: 100%
* Total number of goals: 20
* Number of covered goals: 20
* Coverage analysis for criterion WEAKMUTATION
* Coverage of criterion WEAKMUTATION: 74%
* Total number of goals: 498
* Number of covered goals: 368
* Coverage analysis for criterion OUTPUT
* Coverage of criterion OUTPUT: 66%
* Total number of goals: 38
* Number of covered goals: 25
* Coverage analysis for criterion METHOD
* Coverage of criterion METHOD: 100%
* Total number of goals: 11
* Number of covered goals: 11
* Coverage analysis for criterion METHODNOEXCEPTION
* Coverage of criterion METHODNOEXCEPTION: 100%
* Total number of goals: 11
* Number of covered goals: 11
* Coverage analysis for criterion CBRANCH
* Coverage of criterion CBRANCH: 78%
* Total number of goals: 213
* Number of covered goals: 166
* Generated 66 tests with total length 89
* Resulting test suite's coverage: 79% (average coverage for all fitness functions)
* Generating assertions
[MASTER] 19:47:12.675 [logback-2] ERROR TestRunnable - Suppressed/ignored exception during test case execution on class org.json.XML: java.lang.String cannot be cast to java.lang.Boolean
java.lang.ClassCastException: java.lang.String cannot be cast to java.lang.Boolean
	at org.evosuite.testcase.TestCodeVisitor.visitPrimitiveAssertion(TestCodeVisitor.java:528) ~[evosuite.jar:1.0.7-SNAPSHOT]
	at org.evosuite.testcase.TestCodeVisitor.visitAssertion(TestCodeVisitor.java:914) ~[evosuite.jar:1.0.7-SNAPSHOT]
	at org.evosuite.testcase.TestCodeVisitor.addAssertions(TestCodeVisitor.java:956) ~[evosuite.jar:1.0.7-SNAPSHOT]
	at org.evosuite.testcase.TestCodeVisitor.visitMethodStatement(TestCodeVisitor.java:1507) ~[evosuite.jar:1.0.7-SNAPSHOT]
	at org.evosuite.testcase.TestVisitor.visitStatement(TestVisitor.java:147) ~[evosuite.jar:1.0.7-SNAPSHOT]
	at org.evosuite.testcase.TestCodeVisitor.visitStatement(TestCodeVisitor.java:1858) ~[evosuite.jar:1.0.7-SNAPSHOT]
	at org.evosuite.testcase.statements.AbstractStatement.getCode(AbstractStatement.java:255) ~[evosuite.jar:1.0.7-SNAPSHOT]
	at org.evosuite.testcase.statements.AbstractStatement.getCode(AbstractStatement.java:247) ~[evosuite.jar:1.0.7-SNAPSHOT]
	at org.evosuite.assertion.PrimitiveTraceObserver.visit(PrimitiveTraceObserver.java:116) ~[evosuite.jar:1.0.7-SNAPSHOT]
	at org.evosuite.assertion.AssertionTraceObserver.visitReturnValue(AssertionTraceObserver.java:131) ~[evosuite.jar:1.0.7-SNAPSHOT]
	at org.evosuite.assertion.PrimitiveTraceObserver.afterStatement(PrimitiveTraceObserver.java:51) ~[evosuite.jar:1.0.7-SNAPSHOT]
	at org.evosuite.testcase.execution.TestRunnable.lambda$informObservers_after$1(TestRunnable.java:155) [evosuite.jar:1.0.7-SNAPSHOT]
	at java.lang.Iterable.forEach(Iterable.java:75) ~[na:1.8.0_161]
	at org.evosuite.testcase.execution.TestRunnable.informObservers_after(TestRunnable.java:155) [evosuite.jar:1.0.7-SNAPSHOT]
	at org.evosuite.testcase.execution.TestRunnable.executeStatements(TestRunnable.java:351) [evosuite.jar:1.0.7-SNAPSHOT]
	at org.evosuite.testcase.execution.TestRunnable.call(TestRunnable.java:202) [evosuite.jar:1.0.7-SNAPSHOT]
	at org.evosuite.testcase.execution.TestRunnable.call(TestRunnable.java:55) [evosuite.jar:1.0.7-SNAPSHOT]
	at java.util.concurrent.FutureTask.run(FutureTask.java:266) [na:1.8.0_161]
	at java.util.concurrent.ThreadPoolExecutor.runWorker(ThreadPoolExecutor.java:1149) [na:1.8.0_161]
	at java.util.concurrent.ThreadPoolExecutor$Worker.run(ThreadPoolExecutor.java:624) [na:1.8.0_161]
	at java.lang.Thread.run(Thread.java:748) [na:1.8.0_161]
[MASTER] 19:47:12.732 [logback-2] ERROR TestRunnable - Suppressed/ignored exception during test case execution on class org.json.XML: java.lang.Integer cannot be cast to java.lang.Boolean
java.lang.ClassCastException: java.lang.Integer cannot be cast to java.lang.Boolean
	at org.evosuite.testcase.TestCodeVisitor.visitPrimitiveAssertion(TestCodeVisitor.java:528) ~[evosuite.jar:1.0.7-SNAPSHOT]
	at org.evosuite.testcase.TestCodeVisitor.visitAssertion(TestCodeVisitor.java:914) ~[evosuite.jar:1.0.7-SNAPSHOT]
	at org.evosuite.testcase.TestCodeVisitor.addAssertions(TestCodeVisitor.java:956) ~[evosuite.jar:1.0.7-SNAPSHOT]
	at org.evosuite.testcase.TestCodeVisitor.visitMethodStatement(TestCodeVisitor.java:1507) ~[evosuite.jar:1.0.7-SNAPSHOT]
	at org.evosuite.testcase.TestVisitor.visitStatement(TestVisitor.java:147) ~[evosuite.jar:1.0.7-SNAPSHOT]
	at org.evosuite.testcase.TestCodeVisitor.visitStatement(TestCodeVisitor.java:1858) ~[evosuite.jar:1.0.7-SNAPSHOT]
	at org.evosuite.testcase.statements.AbstractStatement.getCode(AbstractStatement.java:255) ~[evosuite.jar:1.0.7-SNAPSHOT]
	at org.evosuite.testcase.statements.AbstractStatement.getCode(AbstractStatement.java:247) ~[evosuite.jar:1.0.7-SNAPSHOT]
	at org.evosuite.assertion.PrimitiveTraceObserver.visit(PrimitiveTraceObserver.java:116) ~[evosuite.jar:1.0.7-SNAPSHOT]
	at org.evosuite.assertion.AssertionTraceObserver.visitReturnValue(AssertionTraceObserver.java:131) ~[evosuite.jar:1.0.7-SNAPSHOT]
	at org.evosuite.assertion.PrimitiveTraceObserver.afterStatement(PrimitiveTraceObserver.java:51) ~[evosuite.jar:1.0.7-SNAPSHOT]
	at org.evosuite.testcase.execution.TestRunnable.lambda$informObservers_after$1(TestRunnable.java:155) [evosuite.jar:1.0.7-SNAPSHOT]
	at java.lang.Iterable.forEach(Iterable.java:75) ~[na:1.8.0_161]
	at org.evosuite.testcase.execution.TestRunnable.informObservers_after(TestRunnable.java:155) [evosuite.jar:1.0.7-SNAPSHOT]
	at org.evosuite.testcase.execution.TestRunnable.executeStatements(TestRunnable.java:351) [evosuite.jar:1.0.7-SNAPSHOT]
	at org.evosuite.testcase.execution.TestRunnable.call(TestRunnable.java:202) [evosuite.jar:1.0.7-SNAPSHOT]
	at org.evosuite.testcase.execution.TestRunnable.call(TestRunnable.java:55) [evosuite.jar:1.0.7-SNAPSHOT]
	at java.util.concurrent.FutureTask.run(FutureTask.java:266) [na:1.8.0_161]
	at java.util.concurrent.ThreadPoolExecutor.runWorker(ThreadPoolExecutor.java:1149) [na:1.8.0_161]
	at java.util.concurrent.ThreadPoolExecutor$Worker.run(ThreadPoolExecutor.java:624) [na:1.8.0_161]
	at java.lang.Thread.run(Thread.java:748) [na:1.8.0_161]
[MASTER] 19:47:12.737 [logback-2] ERROR TestRunnable - Suppressed/ignored exception during test case execution on class org.json.XML: java.lang.Integer cannot be cast to java.lang.Boolean
java.lang.ClassCastException: java.lang.Integer cannot be cast to java.lang.Boolean
	at org.evosuite.testcase.TestCodeVisitor.visitPrimitiveAssertion(TestCodeVisitor.java:528) ~[evosuite.jar:1.0.7-SNAPSHOT]
	at org.evosuite.testcase.TestCodeVisitor.visitAssertion(TestCodeVisitor.java:914) ~[evosuite.jar:1.0.7-SNAPSHOT]
	at org.evosuite.testcase.TestCodeVisitor.addAssertions(TestCodeVisitor.java:956) ~[evosuite.jar:1.0.7-SNAPSHOT]
	at org.evosuite.testcase.TestCodeVisitor.visitMethodStatement(TestCodeVisitor.java:1507) ~[evosuite.jar:1.0.7-SNAPSHOT]
	at org.evosuite.testcase.TestVisitor.visitStatement(TestVisitor.java:147) ~[evosuite.jar:1.0.7-SNAPSHOT]
	at org.evosuite.testcase.TestCodeVisitor.visitStatement(TestCodeVisitor.java:1858) ~[evosuite.jar:1.0.7-SNAPSHOT]
	at org.evosuite.testcase.statements.AbstractStatement.getCode(AbstractStatement.java:255) ~[evosuite.jar:1.0.7-SNAPSHOT]
	at org.evosuite.testcase.statements.AbstractStatement.getCode(AbstractStatement.java:247) ~[evosuite.jar:1.0.7-SNAPSHOT]
	at org.evosuite.assertion.PrimitiveTraceObserver.visit(PrimitiveTraceObserver.java:116) ~[evosuite.jar:1.0.7-SNAPSHOT]
	at org.evosuite.assertion.AssertionTraceObserver.visitReturnValue(AssertionTraceObserver.java:131) ~[evosuite.jar:1.0.7-SNAPSHOT]
	at org.evosuite.assertion.PrimitiveTraceObserver.afterStatement(PrimitiveTraceObserver.java:51) ~[evosuite.jar:1.0.7-SNAPSHOT]
	at org.evosuite.testcase.execution.TestRunnable.lambda$informObservers_after$1(TestRunnable.java:155) [evosuite.jar:1.0.7-SNAPSHOT]
	at java.lang.Iterable.forEach(Iterable.java:75) ~[na:1.8.0_161]
	at org.evosuite.testcase.execution.TestRunnable.informObservers_after(TestRunnable.java:155) [evosuite.jar:1.0.7-SNAPSHOT]
	at org.evosuite.testcase.execution.TestRunnable.executeStatements(TestRunnable.java:351) [evosuite.jar:1.0.7-SNAPSHOT]
	at org.evosuite.testcase.execution.TestRunnable.call(TestRunnable.java:202) [evosuite.jar:1.0.7-SNAPSHOT]
	at org.evosuite.testcase.execution.TestRunnable.call(TestRunnable.java:55) [evosuite.jar:1.0.7-SNAPSHOT]
	at java.util.concurrent.FutureTask.run(FutureTask.java:266) [na:1.8.0_161]
	at java.util.concurrent.ThreadPoolExecutor.runWorker(ThreadPoolExecutor.java:1149) [na:1.8.0_161]
	at java.util.concurrent.ThreadPoolExecutor$Worker.run(ThreadPoolExecutor.java:624) [na:1.8.0_161]
	at java.lang.Thread.run(Thread.java:748) [na:1.8.0_161]
[MASTER] 19:47:12.829 [logback-2] ERROR TestRunnable - Suppressed/ignored exception during test case execution on class org.json.XML: java.lang.String cannot be cast to java.lang.Boolean
java.lang.ClassCastException: java.lang.String cannot be cast to java.lang.Boolean
	at org.evosuite.testcase.TestCodeVisitor.visitPrimitiveAssertion(TestCodeVisitor.java:528) ~[evosuite.jar:1.0.7-SNAPSHOT]
	at org.evosuite.testcase.TestCodeVisitor.visitAssertion(TestCodeVisitor.java:914) ~[evosuite.jar:1.0.7-SNAPSHOT]
	at org.evosuite.testcase.TestCodeVisitor.addAssertions(TestCodeVisitor.java:956) ~[evosuite.jar:1.0.7-SNAPSHOT]
	at org.evosuite.testcase.TestCodeVisitor.visitMethodStatement(TestCodeVisitor.java:1507) ~[evosuite.jar:1.0.7-SNAPSHOT]
	at org.evosuite.testcase.TestVisitor.visitStatement(TestVisitor.java:147) ~[evosuite.jar:1.0.7-SNAPSHOT]
	at org.evosuite.testcase.TestCodeVisitor.visitStatement(TestCodeVisitor.java:1858) ~[evosuite.jar:1.0.7-SNAPSHOT]
	at org.evosuite.testcase.statements.AbstractStatement.getCode(AbstractStatement.java:255) ~[evosuite.jar:1.0.7-SNAPSHOT]
	at org.evosuite.testcase.statements.AbstractStatement.getCode(AbstractStatement.java:247) ~[evosuite.jar:1.0.7-SNAPSHOT]
	at org.evosuite.assertion.PrimitiveTraceObserver.visit(PrimitiveTraceObserver.java:116) ~[evosuite.jar:1.0.7-SNAPSHOT]
	at org.evosuite.assertion.AssertionTraceObserver.visitReturnValue(AssertionTraceObserver.java:131) ~[evosuite.jar:1.0.7-SNAPSHOT]
	at org.evosuite.assertion.PrimitiveTraceObserver.afterStatement(PrimitiveTraceObserver.java:51) ~[evosuite.jar:1.0.7-SNAPSHOT]
	at org.evosuite.testcase.execution.TestRunnable.lambda$informObservers_after$1(TestRunnable.java:155) [evosuite.jar:1.0.7-SNAPSHOT]
	at java.lang.Iterable.forEach(Iterable.java:75) ~[na:1.8.0_161]
	at org.evosuite.testcase.execution.TestRunnable.informObservers_after(TestRunnable.java:155) [evosuite.jar:1.0.7-SNAPSHOT]
	at org.evosuite.testcase.execution.TestRunnable.executeStatements(TestRunnable.java:351) [evosuite.jar:1.0.7-SNAPSHOT]
	at org.evosuite.testcase.execution.TestRunnable.call(TestRunnable.java:202) [evosuite.jar:1.0.7-SNAPSHOT]
	at org.evosuite.testcase.execution.TestRunnable.call(TestRunnable.java:55) [evosuite.jar:1.0.7-SNAPSHOT]
	at java.util.concurrent.FutureTask.run(FutureTask.java:266) [na:1.8.0_161]
	at java.util.concurrent.ThreadPoolExecutor.runWorker(ThreadPoolExecutor.java:1149) [na:1.8.0_161]
	at java.util.concurrent.ThreadPoolExecutor$Worker.run(ThreadPoolExecutor.java:624) [na:1.8.0_161]
	at java.lang.Thread.run(Thread.java:748) [na:1.8.0_161]
[MASTER] 19:47:12.871 [logback-2] ERROR TestRunnable - Suppressed/ignored exception during test case execution on class org.json.XML: java.lang.Double cannot be cast to java.lang.Boolean
java.lang.ClassCastException: java.lang.Double cannot be cast to java.lang.Boolean
	at org.evosuite.testcase.TestCodeVisitor.visitPrimitiveAssertion(TestCodeVisitor.java:528) ~[evosuite.jar:1.0.7-SNAPSHOT]
	at org.evosuite.testcase.TestCodeVisitor.visitAssertion(TestCodeVisitor.java:914) ~[evosuite.jar:1.0.7-SNAPSHOT]
	at org.evosuite.testcase.TestCodeVisitor.addAssertions(TestCodeVisitor.java:956) ~[evosuite.jar:1.0.7-SNAPSHOT]
	at org.evosuite.testcase.TestCodeVisitor.visitMethodStatement(TestCodeVisitor.java:1507) ~[evosuite.jar:1.0.7-SNAPSHOT]
	at org.evosuite.testcase.TestVisitor.visitStatement(TestVisitor.java:147) ~[evosuite.jar:1.0.7-SNAPSHOT]
	at org.evosuite.testcase.TestCodeVisitor.visitStatement(TestCodeVisitor.java:1858) ~[evosuite.jar:1.0.7-SNAPSHOT]
	at org.evosuite.testcase.statements.AbstractStatement.getCode(AbstractStatement.java:255) ~[evosuite.jar:1.0.7-SNAPSHOT]
	at org.evosuite.testcase.statements.AbstractStatement.getCode(AbstractStatement.java:247) ~[evosuite.jar:1.0.7-SNAPSHOT]
	at org.evosuite.assertion.PrimitiveTraceObserver.visit(PrimitiveTraceObserver.java:116) ~[evosuite.jar:1.0.7-SNAPSHOT]
	at org.evosuite.assertion.AssertionTraceObserver.visitReturnValue(AssertionTraceObserver.java:131) ~[evosuite.jar:1.0.7-SNAPSHOT]
	at org.evosuite.assertion.PrimitiveTraceObserver.afterStatement(PrimitiveTraceObserver.java:51) ~[evosuite.jar:1.0.7-SNAPSHOT]
	at org.evosuite.testcase.execution.TestRunnable.lambda$informObservers_after$1(TestRunnable.java:155) [evosuite.jar:1.0.7-SNAPSHOT]
	at java.lang.Iterable.forEach(Iterable.java:75) ~[na:1.8.0_161]
	at org.evosuite.testcase.execution.TestRunnable.informObservers_after(TestRunnable.java:155) [evosuite.jar:1.0.7-SNAPSHOT]
	at org.evosuite.testcase.execution.TestRunnable.executeStatements(TestRunnable.java:351) [evosuite.jar:1.0.7-SNAPSHOT]
	at org.evosuite.testcase.execution.TestRunnable.call(TestRunnable.java:202) [evosuite.jar:1.0.7-SNAPSHOT]
	at org.evosuite.testcase.execution.TestRunnable.call(TestRunnable.java:55) [evosuite.jar:1.0.7-SNAPSHOT]
	at java.util.concurrent.FutureTask.run(FutureTask.java:266) [na:1.8.0_161]
	at java.util.concurrent.ThreadPoolExecutor.runWorker(ThreadPoolExecutor.java:1149) [na:1.8.0_161]
	at java.util.concurrent.ThreadPoolExecutor$Worker.run(ThreadPoolExecutor.java:624) [na:1.8.0_161]
	at java.lang.Thread.run(Thread.java:748) [na:1.8.0_161]
[MASTER] 19:47:12.875 [logback-2] ERROR TestRunnable - Suppressed/ignored exception during test case execution on class org.json.XML: java.lang.Double cannot be cast to java.lang.Boolean
java.lang.ClassCastException: java.lang.Double cannot be cast to java.lang.Boolean
	at org.evosuite.testcase.TestCodeVisitor.visitPrimitiveAssertion(TestCodeVisitor.java:528) ~[evosuite.jar:1.0.7-SNAPSHOT]
	at org.evosuite.testcase.TestCodeVisitor.visitAssertion(TestCodeVisitor.java:914) ~[evosuite.jar:1.0.7-SNAPSHOT]
	at org.evosuite.testcase.TestCodeVisitor.addAssertions(TestCodeVisitor.java:956) ~[evosuite.jar:1.0.7-SNAPSHOT]
	at org.evosuite.testcase.TestCodeVisitor.visitMethodStatement(TestCodeVisitor.java:1507) ~[evosuite.jar:1.0.7-SNAPSHOT]
	at org.evosuite.testcase.TestVisitor.visitStatement(TestVisitor.java:147) ~[evosuite.jar:1.0.7-SNAPSHOT]
	at org.evosuite.testcase.TestCodeVisitor.visitStatement(TestCodeVisitor.java:1858) ~[evosuite.jar:1.0.7-SNAPSHOT]
	at org.evosuite.testcase.statements.AbstractStatement.getCode(AbstractStatement.java:255) ~[evosuite.jar:1.0.7-SNAPSHOT]
	at org.evosuite.testcase.statements.AbstractStatement.getCode(AbstractStatement.java:247) ~[evosuite.jar:1.0.7-SNAPSHOT]
	at org.evosuite.assertion.PrimitiveTraceObserver.visit(PrimitiveTraceObserver.java:116) ~[evosuite.jar:1.0.7-SNAPSHOT]
	at org.evosuite.assertion.AssertionTraceObserver.visitReturnValue(AssertionTraceObserver.java:131) ~[evosuite.jar:1.0.7-SNAPSHOT]
	at org.evosuite.assertion.PrimitiveTraceObserver.afterStatement(PrimitiveTraceObserver.java:51) ~[evosuite.jar:1.0.7-SNAPSHOT]
	at org.evosuite.testcase.execution.TestRunnable.lambda$informObservers_after$1(TestRunnable.java:155) [evosuite.jar:1.0.7-SNAPSHOT]
	at java.lang.Iterable.forEach(Iterable.java:75) ~[na:1.8.0_161]
	at org.evosuite.testcase.execution.TestRunnable.informObservers_after(TestRunnable.java:155) [evosuite.jar:1.0.7-SNAPSHOT]
	at org.evosuite.testcase.execution.TestRunnable.executeStatements(TestRunnable.java:351) [evosuite.jar:1.0.7-SNAPSHOT]
	at org.evosuite.testcase.execution.TestRunnable.call(TestRunnable.java:202) [evosuite.jar:1.0.7-SNAPSHOT]
	at org.evosuite.testcase.execution.TestRunnable.call(TestRunnable.java:55) [evosuite.jar:1.0.7-SNAPSHOT]
	at java.util.concurrent.FutureTask.run(FutureTask.java:266) [na:1.8.0_161]
	at java.util.concurrent.ThreadPoolExecutor.runWorker(ThreadPoolExecutor.java:1149) [na:1.8.0_161]
	at java.util.concurrent.ThreadPoolExecutor$Worker.run(ThreadPoolExecutor.java:624) [na:1.8.0_161]
	at java.lang.Thread.run(Thread.java:748) [na:1.8.0_161]
[MASTER] 19:47:12.982 [logback-2] ERROR TestRunnable - Suppressed/ignored exception during test case execution on class org.json.XML: java.lang.String cannot be cast to java.lang.Boolean
java.lang.ClassCastException: java.lang.String cannot be cast to java.lang.Boolean
	at org.evosuite.testcase.TestCodeVisitor.visitPrimitiveAssertion(TestCodeVisitor.java:528) ~[evosuite.jar:1.0.7-SNAPSHOT]
	at org.evosuite.testcase.TestCodeVisitor.visitAssertion(TestCodeVisitor.java:914) ~[evosuite.jar:1.0.7-SNAPSHOT]
	at org.evosuite.testcase.TestCodeVisitor.addAssertions(TestCodeVisitor.java:956) ~[evosuite.jar:1.0.7-SNAPSHOT]
	at org.evosuite.testcase.TestCodeVisitor.visitMethodStatement(TestCodeVisitor.java:1507) ~[evosuite.jar:1.0.7-SNAPSHOT]
	at org.evosuite.testcase.TestVisitor.visitStatement(TestVisitor.java:147) ~[evosuite.jar:1.0.7-SNAPSHOT]
	at org.evosuite.testcase.TestCodeVisitor.visitStatement(TestCodeVisitor.java:1858) ~[evosuite.jar:1.0.7-SNAPSHOT]
	at org.evosuite.testcase.statements.AbstractStatement.getCode(AbstractStatement.java:255) ~[evosuite.jar:1.0.7-SNAPSHOT]
	at org.evosuite.testcase.statements.AbstractStatement.getCode(AbstractStatement.java:247) ~[evosuite.jar:1.0.7-SNAPSHOT]
	at org.evosuite.assertion.PrimitiveTraceObserver.visit(PrimitiveTraceObserver.java:116) ~[evosuite.jar:1.0.7-SNAPSHOT]
	at org.evosuite.assertion.AssertionTraceObserver.visitReturnValue(AssertionTraceObserver.java:131) ~[evosuite.jar:1.0.7-SNAPSHOT]
	at org.evosuite.assertion.PrimitiveTraceObserver.afterStatement(PrimitiveTraceObserver.java:51) ~[evosuite.jar:1.0.7-SNAPSHOT]
	at org.evosuite.testcase.execution.TestRunnable.lambda$informObservers_after$1(TestRunnable.java:155) [evosuite.jar:1.0.7-SNAPSHOT]
	at java.lang.Iterable.forEach(Iterable.java:75) ~[na:1.8.0_161]
	at org.evosuite.testcase.execution.TestRunnable.informObservers_after(TestRunnable.java:155) [evosuite.jar:1.0.7-SNAPSHOT]
	at org.evosuite.testcase.execution.TestRunnable.executeStatements(TestRunnable.java:351) [evosuite.jar:1.0.7-SNAPSHOT]
	at org.evosuite.testcase.execution.TestRunnable.call(TestRunnable.java:202) [evosuite.jar:1.0.7-SNAPSHOT]
	at org.evosuite.testcase.execution.TestRunnable.call(TestRunnable.java:55) [evosuite.jar:1.0.7-SNAPSHOT]
	at java.util.concurrent.FutureTask.run(FutureTask.java:266) [na:1.8.0_161]
	at java.util.concurrent.ThreadPoolExecutor.runWorker(ThreadPoolExecutor.java:1149) [na:1.8.0_161]
	at java.util.concurrent.ThreadPoolExecutor$Worker.run(ThreadPoolExecutor.java:624) [na:1.8.0_161]
	at java.lang.Thread.run(Thread.java:748) [na:1.8.0_161]
[MASTER] 19:47:15.140 [logback-2] ERROR TestRunnable - Suppressed/ignored exception during test case execution on class org.json.XML: java.lang.String cannot be cast to java.lang.Boolean
java.lang.ClassCastException: java.lang.String cannot be cast to java.lang.Boolean
	at org.evosuite.testcase.TestCodeVisitor.visitPrimitiveAssertion(TestCodeVisitor.java:528) ~[evosuite.jar:1.0.7-SNAPSHOT]
	at org.evosuite.testcase.TestCodeVisitor.visitAssertion(TestCodeVisitor.java:914) ~[evosuite.jar:1.0.7-SNAPSHOT]
	at org.evosuite.testcase.TestCodeVisitor.addAssertions(TestCodeVisitor.java:956) ~[evosuite.jar:1.0.7-SNAPSHOT]
	at org.evosuite.testcase.TestCodeVisitor.visitMethodStatement(TestCodeVisitor.java:1507) ~[evosuite.jar:1.0.7-SNAPSHOT]
	at org.evosuite.testcase.TestVisitor.visitStatement(TestVisitor.java:147) ~[evosuite.jar:1.0.7-SNAPSHOT]
	at org.evosuite.testcase.TestCodeVisitor.visitStatement(TestCodeVisitor.java:1858) ~[evosuite.jar:1.0.7-SNAPSHOT]
	at org.evosuite.testcase.statements.AbstractStatement.getCode(AbstractStatement.java:255) ~[evosuite.jar:1.0.7-SNAPSHOT]
	at org.evosuite.testcase.statements.AbstractStatement.getCode(AbstractStatement.java:247) ~[evosuite.jar:1.0.7-SNAPSHOT]
	at org.evosuite.assertion.PrimitiveTraceObserver.visit(PrimitiveTraceObserver.java:116) ~[evosuite.jar:1.0.7-SNAPSHOT]
	at org.evosuite.assertion.AssertionTraceObserver.visitReturnValue(AssertionTraceObserver.java:131) ~[evosuite.jar:1.0.7-SNAPSHOT]
	at org.evosuite.assertion.PrimitiveTraceObserver.afterStatement(PrimitiveTraceObserver.java:51) ~[evosuite.jar:1.0.7-SNAPSHOT]
	at org.evosuite.testcase.execution.TestRunnable.lambda$informObservers_after$1(TestRunnable.java:155) [evosuite.jar:1.0.7-SNAPSHOT]
	at java.lang.Iterable.forEach(Iterable.java:75) ~[na:1.8.0_161]
	at org.evosuite.testcase.execution.TestRunnable.informObservers_after(TestRunnable.java:155) [evosuite.jar:1.0.7-SNAPSHOT]
	at org.evosuite.testcase.execution.TestRunnable.executeStatements(TestRunnable.java:351) [evosuite.jar:1.0.7-SNAPSHOT]
	at org.evosuite.testcase.execution.TestRunnable.call(TestRunnable.java:202) [evosuite.jar:1.0.7-SNAPSHOT]
	at org.evosuite.testcase.execution.TestRunnable.call(TestRunnable.java:55) [evosuite.jar:1.0.7-SNAPSHOT]
	at java.util.concurrent.FutureTask.run(FutureTask.java:266) [na:1.8.0_161]
	at java.util.concurrent.ThreadPoolExecutor.runWorker(ThreadPoolExecutor.java:1149) [na:1.8.0_161]
	at java.util.concurrent.ThreadPoolExecutor$Worker.run(ThreadPoolExecutor.java:624) [na:1.8.0_161]
	at java.lang.Thread.run(Thread.java:748) [na:1.8.0_161]
[MASTER] 19:47:15.184 [logback-2] ERROR TestRunnable - Suppressed/ignored exception during test case execution on class org.json.XML: java.lang.String cannot be cast to java.lang.Boolean
java.lang.ClassCastException: java.lang.String cannot be cast to java.lang.Boolean
	at org.evosuite.testcase.TestCodeVisitor.visitPrimitiveAssertion(TestCodeVisitor.java:528) ~[evosuite.jar:1.0.7-SNAPSHOT]
	at org.evosuite.testcase.TestCodeVisitor.visitAssertion(TestCodeVisitor.java:914) ~[evosuite.jar:1.0.7-SNAPSHOT]
	at org.evosuite.testcase.TestCodeVisitor.addAssertions(TestCodeVisitor.java:956) ~[evosuite.jar:1.0.7-SNAPSHOT]
	at org.evosuite.testcase.TestCodeVisitor.visitMethodStatement(TestCodeVisitor.java:1507) ~[evosuite.jar:1.0.7-SNAPSHOT]
	at org.evosuite.testcase.TestVisitor.visitStatement(TestVisitor.java:147) ~[evosuite.jar:1.0.7-SNAPSHOT]
	at org.evosuite.testcase.TestCodeVisitor.visitStatement(TestCodeVisitor.java:1858) ~[evosuite.jar:1.0.7-SNAPSHOT]
	at org.evosuite.testcase.statements.AbstractStatement.getCode(AbstractStatement.java:255) ~[evosuite.jar:1.0.7-SNAPSHOT]
	at org.evosuite.testcase.statements.AbstractStatement.getCode(AbstractStatement.java:247) ~[evosuite.jar:1.0.7-SNAPSHOT]
	at org.evosuite.assertion.PrimitiveTraceObserver.visit(PrimitiveTraceObserver.java:116) ~[evosuite.jar:1.0.7-SNAPSHOT]
	at org.evosuite.assertion.AssertionTraceObserver.visitReturnValue(AssertionTraceObserver.java:131) ~[evosuite.jar:1.0.7-SNAPSHOT]
	at org.evosuite.assertion.PrimitiveTraceObserver.afterStatement(PrimitiveTraceObserver.java:51) ~[evosuite.jar:1.0.7-SNAPSHOT]
	at org.evosuite.testcase.execution.TestRunnable.lambda$informObservers_after$1(TestRunnable.java:155) [evosuite.jar:1.0.7-SNAPSHOT]
	at java.lang.Iterable.forEach(Iterable.java:75) ~[na:1.8.0_161]
	at org.evosuite.testcase.execution.TestRunnable.informObservers_after(TestRunnable.java:155) [evosuite.jar:1.0.7-SNAPSHOT]
	at org.evosuite.testcase.execution.TestRunnable.executeStatements(TestRunnable.java:351) [evosuite.jar:1.0.7-SNAPSHOT]
	at org.evosuite.testcase.execution.TestRunnable.call(TestRunnable.java:202) [evosuite.jar:1.0.7-SNAPSHOT]
	at org.evosuite.testcase.execution.TestRunnable.call(TestRunnable.java:55) [evosuite.jar:1.0.7-SNAPSHOT]
	at java.util.concurrent.FutureTask.run(FutureTask.java:266) [na:1.8.0_161]
	at java.util.concurrent.ThreadPoolExecutor.runWorker(ThreadPoolExecutor.java:1149) [na:1.8.0_161]
	at java.util.concurrent.ThreadPoolExecutor$Worker.run(ThreadPoolExecutor.java:624) [na:1.8.0_161]
	at java.lang.Thread.run(Thread.java:748) [na:1.8.0_161]
[MASTER] 19:48:07.288 [logback-2] ERROR TestRunnable - Suppressed/ignored exception during test case execution on class org.json.XML: java.lang.String cannot be cast to java.lang.Boolean
java.lang.ClassCastException: java.lang.String cannot be cast to java.lang.Boolean
	at org.evosuite.testcase.TestCodeVisitor.visitPrimitiveAssertion(TestCodeVisitor.java:528) ~[evosuite.jar:1.0.7-SNAPSHOT]
	at org.evosuite.testcase.TestCodeVisitor.visitAssertion(TestCodeVisitor.java:914) ~[evosuite.jar:1.0.7-SNAPSHOT]
	at org.evosuite.testcase.TestCodeVisitor.addAssertions(TestCodeVisitor.java:956) ~[evosuite.jar:1.0.7-SNAPSHOT]
	at org.evosuite.testcase.TestCodeVisitor.visitMethodStatement(TestCodeVisitor.java:1507) ~[evosuite.jar:1.0.7-SNAPSHOT]
	at org.evosuite.testcase.TestVisitor.visitStatement(TestVisitor.java:147) ~[evosuite.jar:1.0.7-SNAPSHOT]
	at org.evosuite.testcase.TestCodeVisitor.visitStatement(TestCodeVisitor.java:1858) ~[evosuite.jar:1.0.7-SNAPSHOT]
	at org.evosuite.testcase.statements.AbstractStatement.getCode(AbstractStatement.java:255) ~[evosuite.jar:1.0.7-SNAPSHOT]
	at org.evosuite.testcase.statements.AbstractStatement.getCode(AbstractStatement.java:247) ~[evosuite.jar:1.0.7-SNAPSHOT]
	at org.evosuite.assertion.PrimitiveTraceObserver.visit(PrimitiveTraceObserver.java:116) ~[evosuite.jar:1.0.7-SNAPSHOT]
	at org.evosuite.assertion.AssertionTraceObserver.visitReturnValue(AssertionTraceObserver.java:131) ~[evosuite.jar:1.0.7-SNAPSHOT]
	at org.evosuite.assertion.PrimitiveTraceObserver.afterStatement(PrimitiveTraceObserver.java:51) ~[evosuite.jar:1.0.7-SNAPSHOT]
	at org.evosuite.testcase.execution.TestRunnable.lambda$informObservers_after$1(TestRunnable.java:155) [evosuite.jar:1.0.7-SNAPSHOT]
	at java.lang.Iterable.forEach(Iterable.java:75) ~[na:1.8.0_161]
	at org.evosuite.testcase.execution.TestRunnable.informObservers_after(TestRunnable.java:155) [evosuite.jar:1.0.7-SNAPSHOT]
	at org.evosuite.testcase.execution.TestRunnable.executeStatements(TestRunnable.java:351) [evosuite.jar:1.0.7-SNAPSHOT]
	at org.evosuite.testcase.execution.TestRunnable.call(TestRunnable.java:202) [evosuite.jar:1.0.7-SNAPSHOT]
	at org.evosuite.testcase.execution.TestRunnable.call(TestRunnable.java:55) [evosuite.jar:1.0.7-SNAPSHOT]
	at java.util.concurrent.FutureTask.run(FutureTask.java:266) [na:1.8.0_161]
	at java.util.concurrent.ThreadPoolExecutor.runWorker(ThreadPoolExecutor.java:1149) [na:1.8.0_161]
	at java.util.concurrent.ThreadPoolExecutor$Worker.run(ThreadPoolExecutor.java:624) [na:1.8.0_161]
	at java.lang.Thread.run(Thread.java:748) [na:1.8.0_161]
* Resulting test suite's mutation score: 45%
* Compiling and checking tests
* Permissions denied during test execution: 
  - java.lang.RuntimePermission: 
         writeFileDescriptor: 2
* Writing tests to file
* Writing JUnit test case 'XML_ESTest' to /home/apaniche/mitchell/generation-scripts/evosuite_fuzzer/tests/s14/json/evosuite-tests
* Done!

* Computation finished
* EvoSuite 1.0.7-SNAPSHOT
* Configuration: EvoSuite_fuzzer
* Going to generate test cases for class: org.json.XMLTokener
* EvoSuite 1.0.7-SNAPSHOT
* Configuration: EvoSuite_fuzzer
* Going to generate test cases for class: org.json.JSONArray
* Starting Client-0
* Starting Client-0
* Connecting to master process on port 6917
* Connecting to master process on port 6919
* Analyzing classpath: 
* Analyzing classpath: 
  - /home/apaniche/mitchell/generation-scripts/projects/json/json-20180813.jar
  - /home/apaniche/mitchell/generation-scripts/projects/json/json-20180813.jar
* Finished analyzing classpath
* Generating tests for class org.json.XMLTokener
* Test criteria:
  - Line Coverage
  - Branch Coverage
  - Exception
  - Mutation testing (weak)
  - Method-Output Coverage
  - Top-Level Method Coverage
  - No-Exception Top-Level Method Coverage
  - Context Branch Coverage
* Total number of test goals for DYNAMOSA: 887
* Using seed 14
* Starting evolution
* Initial Number of Goals in DynaMOSA = 120 / 887
* Finished analyzing classpath
* Generating tests for class org.json.JSONArray
* Test criteria:
  - Line Coverage
  - Branch Coverage
  - Exception
  - Mutation testing (weak)
  - Method-Output Coverage
  - Top-Level Method Coverage
  - No-Exception Top-Level Method Coverage
  - Context Branch Coverage
* Total number of test goals for DYNAMOSA: 2012
* Using seed 14
* Starting evolution
* Initial Number of Goals in DynaMOSA = 794 / 2012
[MASTER] 19:48:47.992 [logback-2] ERROR TestCluster - Failed to check cache for java.lang.Enum<E> : Type points to itself
[MASTER] 19:50:23.351 [logback-2] ERROR TestCluster - Failed to check cache for java.util.function.Function<T, R> : Type points to itself
* Search finished after 181s and 2115 generations, 485109 statements, best individual has fitness: 41.0
* Minimizing test suite
* Going to analyze the coverage criteria
* Coverage analysis for criterion LINE
* Coverage of criterion LINE: 98%
* Total number of goals: 129
* Number of covered goals: 127
* Coverage analysis for criterion BRANCH
* Coverage of criterion BRANCH: 99%
* Total number of goals: 158
* Number of covered goals: 157
* Coverage analysis for criterion EXCEPTION
* Coverage of criterion EXCEPTION: 100%
* Total number of goals: 11
* Number of covered goals: 11
* Coverage analysis for criterion WEAKMUTATION
* Coverage of criterion WEAKMUTATION: 96%
* Total number of goals: 410
* Number of covered goals: 393
* Coverage analysis for criterion OUTPUT
* Coverage of criterion OUTPUT: 43%
* Total number of goals: 14
* Number of covered goals: 6
* Coverage analysis for criterion METHOD
* Coverage of criterion METHOD: 100%
* Total number of goals: 9
* Number of covered goals: 9
* Coverage analysis for criterion METHODNOEXCEPTION
* Coverage of criterion METHODNOEXCEPTION: 89%
* Total number of goals: 9
* Number of covered goals: 8
* Coverage analysis for criterion CBRANCH
* Coverage of criterion CBRANCH: 99%
* Total number of goals: 158
* Number of covered goals: 157
* Generated 60 tests with total length 138
* Resulting test suite's coverage: 84% (average coverage for all fitness functions)
* Generating assertions
* Search finished after 184s and 184 generations, 71812 statements, best individual has fitness: 443.0
[MASTER] 19:51:51.990 [logback-2] ERROR TestRunnable - Suppressed/ignored exception during test case execution on class org.json.XMLTokener: java.lang.Character cannot be cast to java.lang.Boolean
java.lang.ClassCastException: java.lang.Character cannot be cast to java.lang.Boolean
	at org.evosuite.testcase.TestCodeVisitor.visitPrimitiveAssertion(TestCodeVisitor.java:528) ~[evosuite.jar:1.0.7-SNAPSHOT]
	at org.evosuite.testcase.TestCodeVisitor.visitAssertion(TestCodeVisitor.java:914) ~[evosuite.jar:1.0.7-SNAPSHOT]
	at org.evosuite.testcase.TestCodeVisitor.addAssertions(TestCodeVisitor.java:956) ~[evosuite.jar:1.0.7-SNAPSHOT]
	at org.evosuite.testcase.TestCodeVisitor.visitMethodStatement(TestCodeVisitor.java:1507) ~[evosuite.jar:1.0.7-SNAPSHOT]
	at org.evosuite.testcase.TestVisitor.visitStatement(TestVisitor.java:147) ~[evosuite.jar:1.0.7-SNAPSHOT]
	at org.evosuite.testcase.TestCodeVisitor.visitStatement(TestCodeVisitor.java:1858) ~[evosuite.jar:1.0.7-SNAPSHOT]
	at org.evosuite.testcase.statements.AbstractStatement.getCode(AbstractStatement.java:255) ~[evosuite.jar:1.0.7-SNAPSHOT]
	at org.evosuite.testcase.statements.AbstractStatement.getCode(AbstractStatement.java:247) ~[evosuite.jar:1.0.7-SNAPSHOT]
	at org.evosuite.assertion.PrimitiveTraceObserver.visit(PrimitiveTraceObserver.java:116) ~[evosuite.jar:1.0.7-SNAPSHOT]
	at org.evosuite.assertion.AssertionTraceObserver.visitReturnValue(AssertionTraceObserver.java:131) ~[evosuite.jar:1.0.7-SNAPSHOT]
	at org.evosuite.assertion.PrimitiveTraceObserver.afterStatement(PrimitiveTraceObserver.java:51) ~[evosuite.jar:1.0.7-SNAPSHOT]
	at org.evosuite.testcase.execution.TestRunnable.lambda$informObservers_after$1(TestRunnable.java:155) [evosuite.jar:1.0.7-SNAPSHOT]
	at java.lang.Iterable.forEach(Iterable.java:75) ~[na:1.8.0_161]
	at org.evosuite.testcase.execution.TestRunnable.informObservers_after(TestRunnable.java:155) [evosuite.jar:1.0.7-SNAPSHOT]
	at org.evosuite.testcase.execution.TestRunnable.executeStatements(TestRunnable.java:351) [evosuite.jar:1.0.7-SNAPSHOT]
	at org.evosuite.testcase.execution.TestRunnable.call(TestRunnable.java:202) [evosuite.jar:1.0.7-SNAPSHOT]
	at org.evosuite.testcase.execution.TestRunnable.call(TestRunnable.java:55) [evosuite.jar:1.0.7-SNAPSHOT]
	at java.util.concurrent.FutureTask.run(FutureTask.java:266) [na:1.8.0_161]
	at java.util.concurrent.ThreadPoolExecutor.runWorker(ThreadPoolExecutor.java:1149) [na:1.8.0_161]
	at java.util.concurrent.ThreadPoolExecutor$Worker.run(ThreadPoolExecutor.java:624) [na:1.8.0_161]
	at java.lang.Thread.run(Thread.java:748) [na:1.8.0_161]
[MASTER] 19:51:51.992 [logback-2] ERROR TestRunnable - Suppressed/ignored exception during test case execution on class org.json.XMLTokener: java.lang.Character cannot be cast to java.lang.Boolean
java.lang.ClassCastException: java.lang.Character cannot be cast to java.lang.Boolean
	at org.evosuite.testcase.TestCodeVisitor.visitPrimitiveAssertion(TestCodeVisitor.java:528) ~[evosuite.jar:1.0.7-SNAPSHOT]
	at org.evosuite.testcase.TestCodeVisitor.visitAssertion(TestCodeVisitor.java:914) ~[evosuite.jar:1.0.7-SNAPSHOT]
	at org.evosuite.testcase.TestCodeVisitor.addAssertions(TestCodeVisitor.java:956) ~[evosuite.jar:1.0.7-SNAPSHOT]
	at org.evosuite.testcase.TestCodeVisitor.visitMethodStatement(TestCodeVisitor.java:1507) ~[evosuite.jar:1.0.7-SNAPSHOT]
	at org.evosuite.testcase.TestVisitor.visitStatement(TestVisitor.java:147) ~[evosuite.jar:1.0.7-SNAPSHOT]
	at org.evosuite.testcase.TestCodeVisitor.visitStatement(TestCodeVisitor.java:1858) ~[evosuite.jar:1.0.7-SNAPSHOT]
	at org.evosuite.testcase.statements.AbstractStatement.getCode(AbstractStatement.java:255) ~[evosuite.jar:1.0.7-SNAPSHOT]
	at org.evosuite.testcase.statements.AbstractStatement.getCode(AbstractStatement.java:247) ~[evosuite.jar:1.0.7-SNAPSHOT]
	at org.evosuite.assertion.PrimitiveTraceObserver.visit(PrimitiveTraceObserver.java:116) ~[evosuite.jar:1.0.7-SNAPSHOT]
	at org.evosuite.assertion.AssertionTraceObserver.visitReturnValue(AssertionTraceObserver.java:131) ~[evosuite.jar:1.0.7-SNAPSHOT]
	at org.evosuite.assertion.PrimitiveTraceObserver.afterStatement(PrimitiveTraceObserver.java:51) ~[evosuite.jar:1.0.7-SNAPSHOT]
	at org.evosuite.testcase.execution.TestRunnable.lambda$informObservers_after$1(TestRunnable.java:155) [evosuite.jar:1.0.7-SNAPSHOT]
	at java.lang.Iterable.forEach(Iterable.java:75) ~[na:1.8.0_161]
	at org.evosuite.testcase.execution.TestRunnable.informObservers_after(TestRunnable.java:155) [evosuite.jar:1.0.7-SNAPSHOT]
	at org.evosuite.testcase.execution.TestRunnable.executeStatements(TestRunnable.java:351) [evosuite.jar:1.0.7-SNAPSHOT]
	at org.evosuite.testcase.execution.TestRunnable.call(TestRunnable.java:202) [evosuite.jar:1.0.7-SNAPSHOT]
	at org.evosuite.testcase.execution.TestRunnable.call(TestRunnable.java:55) [evosuite.jar:1.0.7-SNAPSHOT]
	at java.util.concurrent.FutureTask.run(FutureTask.java:266) [na:1.8.0_161]
	at java.util.concurrent.ThreadPoolExecutor.runWorker(ThreadPoolExecutor.java:1149) [na:1.8.0_161]
	at java.util.concurrent.ThreadPoolExecutor$Worker.run(ThreadPoolExecutor.java:624) [na:1.8.0_161]
	at java.lang.Thread.run(Thread.java:748) [na:1.8.0_161]
[MASTER] 19:51:51.994 [logback-2] ERROR TestRunnable - Suppressed/ignored exception during test case execution on class org.json.XMLTokener: java.lang.Character cannot be cast to java.lang.Boolean
java.lang.ClassCastException: java.lang.Character cannot be cast to java.lang.Boolean
	at org.evosuite.testcase.TestCodeVisitor.visitPrimitiveAssertion(TestCodeVisitor.java:528) ~[evosuite.jar:1.0.7-SNAPSHOT]
	at org.evosuite.testcase.TestCodeVisitor.visitAssertion(TestCodeVisitor.java:914) ~[evosuite.jar:1.0.7-SNAPSHOT]
	at org.evosuite.testcase.TestCodeVisitor.addAssertions(TestCodeVisitor.java:956) ~[evosuite.jar:1.0.7-SNAPSHOT]
	at org.evosuite.testcase.TestCodeVisitor.visitMethodStatement(TestCodeVisitor.java:1507) ~[evosuite.jar:1.0.7-SNAPSHOT]
	at org.evosuite.testcase.TestVisitor.visitStatement(TestVisitor.java:147) ~[evosuite.jar:1.0.7-SNAPSHOT]
	at org.evosuite.testcase.TestCodeVisitor.visitStatement(TestCodeVisitor.java:1858) ~[evosuite.jar:1.0.7-SNAPSHOT]
	at org.evosuite.testcase.statements.AbstractStatement.getCode(AbstractStatement.java:255) ~[evosuite.jar:1.0.7-SNAPSHOT]
	at org.evosuite.testcase.statements.AbstractStatement.getCode(AbstractStatement.java:247) ~[evosuite.jar:1.0.7-SNAPSHOT]
	at org.evosuite.assertion.PrimitiveTraceObserver.visit(PrimitiveTraceObserver.java:116) ~[evosuite.jar:1.0.7-SNAPSHOT]
	at org.evosuite.assertion.AssertionTraceObserver.visitReturnValue(AssertionTraceObserver.java:131) ~[evosuite.jar:1.0.7-SNAPSHOT]
	at org.evosuite.assertion.PrimitiveTraceObserver.afterStatement(PrimitiveTraceObserver.java:51) ~[evosuite.jar:1.0.7-SNAPSHOT]
	at org.evosuite.testcase.execution.TestRunnable.lambda$informObservers_after$1(TestRunnable.java:155) [evosuite.jar:1.0.7-SNAPSHOT]
	at java.lang.Iterable.forEach(Iterable.java:75) ~[na:1.8.0_161]
	at org.evosuite.testcase.execution.TestRunnable.informObservers_after(TestRunnable.java:155) [evosuite.jar:1.0.7-SNAPSHOT]
	at org.evosuite.testcase.execution.TestRunnable.executeStatements(TestRunnable.java:351) [evosuite.jar:1.0.7-SNAPSHOT]
	at org.evosuite.testcase.execution.TestRunnable.call(TestRunnable.java:202) [evosuite.jar:1.0.7-SNAPSHOT]
	at org.evosuite.testcase.execution.TestRunnable.call(TestRunnable.java:55) [evosuite.jar:1.0.7-SNAPSHOT]
	at java.util.concurrent.FutureTask.run(FutureTask.java:266) [na:1.8.0_161]
	at java.util.concurrent.ThreadPoolExecutor.runWorker(ThreadPoolExecutor.java:1149) [na:1.8.0_161]
	at java.util.concurrent.ThreadPoolExecutor$Worker.run(ThreadPoolExecutor.java:624) [na:1.8.0_161]
	at java.lang.Thread.run(Thread.java:748) [na:1.8.0_161]
[MASTER] 19:51:52.293 [logback-2] ERROR TestRunnable - Suppressed/ignored exception during test case execution on class org.json.XMLTokener: java.lang.Character cannot be cast to java.lang.Boolean
java.lang.ClassCastException: java.lang.Character cannot be cast to java.lang.Boolean
	at org.evosuite.testcase.TestCodeVisitor.visitPrimitiveAssertion(TestCodeVisitor.java:528) ~[evosuite.jar:1.0.7-SNAPSHOT]
	at org.evosuite.testcase.TestCodeVisitor.visitAssertion(TestCodeVisitor.java:914) ~[evosuite.jar:1.0.7-SNAPSHOT]
	at org.evosuite.testcase.TestCodeVisitor.addAssertions(TestCodeVisitor.java:956) ~[evosuite.jar:1.0.7-SNAPSHOT]
	at org.evosuite.testcase.TestCodeVisitor.visitMethodStatement(TestCodeVisitor.java:1507) ~[evosuite.jar:1.0.7-SNAPSHOT]
	at org.evosuite.testcase.TestVisitor.visitStatement(TestVisitor.java:147) ~[evosuite.jar:1.0.7-SNAPSHOT]
	at org.evosuite.testcase.TestCodeVisitor.visitStatement(TestCodeVisitor.java:1858) ~[evosuite.jar:1.0.7-SNAPSHOT]
	at org.evosuite.testcase.statements.AbstractStatement.getCode(AbstractStatement.java:255) ~[evosuite.jar:1.0.7-SNAPSHOT]
	at org.evosuite.testcase.statements.AbstractStatement.getCode(AbstractStatement.java:247) ~[evosuite.jar:1.0.7-SNAPSHOT]
	at org.evosuite.assertion.PrimitiveTraceObserver.visit(PrimitiveTraceObserver.java:116) ~[evosuite.jar:1.0.7-SNAPSHOT]
	at org.evosuite.assertion.AssertionTraceObserver.visitReturnValue(AssertionTraceObserver.java:131) ~[evosuite.jar:1.0.7-SNAPSHOT]
	at org.evosuite.assertion.PrimitiveTraceObserver.afterStatement(PrimitiveTraceObserver.java:51) ~[evosuite.jar:1.0.7-SNAPSHOT]
	at org.evosuite.testcase.execution.TestRunnable.lambda$informObservers_after$1(TestRunnable.java:155) [evosuite.jar:1.0.7-SNAPSHOT]
	at java.lang.Iterable.forEach(Iterable.java:75) ~[na:1.8.0_161]
	at org.evosuite.testcase.execution.TestRunnable.informObservers_after(TestRunnable.java:155) [evosuite.jar:1.0.7-SNAPSHOT]
	at org.evosuite.testcase.execution.TestRunnable.executeStatements(TestRunnable.java:351) [evosuite.jar:1.0.7-SNAPSHOT]
	at org.evosuite.testcase.execution.TestRunnable.call(TestRunnable.java:202) [evosuite.jar:1.0.7-SNAPSHOT]
	at org.evosuite.testcase.execution.TestRunnable.call(TestRunnable.java:55) [evosuite.jar:1.0.7-SNAPSHOT]
	at java.util.concurrent.FutureTask.run(FutureTask.java:266) [na:1.8.0_161]
	at java.util.concurrent.ThreadPoolExecutor.runWorker(ThreadPoolExecutor.java:1149) [na:1.8.0_161]
	at java.util.concurrent.ThreadPoolExecutor$Worker.run(ThreadPoolExecutor.java:624) [na:1.8.0_161]
	at java.lang.Thread.run(Thread.java:748) [na:1.8.0_161]
[MASTER] 19:51:52.297 [logback-2] ERROR TestRunnable - Suppressed/ignored exception during test case execution on class org.json.XMLTokener: java.lang.Character cannot be cast to java.lang.Boolean
java.lang.ClassCastException: java.lang.Character cannot be cast to java.lang.Boolean
	at org.evosuite.testcase.TestCodeVisitor.visitPrimitiveAssertion(TestCodeVisitor.java:528) ~[evosuite.jar:1.0.7-SNAPSHOT]
	at org.evosuite.testcase.TestCodeVisitor.visitAssertion(TestCodeVisitor.java:914) ~[evosuite.jar:1.0.7-SNAPSHOT]
	at org.evosuite.testcase.TestCodeVisitor.addAssertions(TestCodeVisitor.java:956) ~[evosuite.jar:1.0.7-SNAPSHOT]
	at org.evosuite.testcase.TestCodeVisitor.visitMethodStatement(TestCodeVisitor.java:1507) ~[evosuite.jar:1.0.7-SNAPSHOT]
	at org.evosuite.testcase.TestVisitor.visitStatement(TestVisitor.java:147) ~[evosuite.jar:1.0.7-SNAPSHOT]
	at org.evosuite.testcase.TestCodeVisitor.visitStatement(TestCodeVisitor.java:1858) ~[evosuite.jar:1.0.7-SNAPSHOT]
	at org.evosuite.testcase.statements.AbstractStatement.getCode(AbstractStatement.java:255) ~[evosuite.jar:1.0.7-SNAPSHOT]
	at org.evosuite.testcase.statements.AbstractStatement.getCode(AbstractStatement.java:247) ~[evosuite.jar:1.0.7-SNAPSHOT]
	at org.evosuite.assertion.PrimitiveTraceObserver.visit(PrimitiveTraceObserver.java:116) ~[evosuite.jar:1.0.7-SNAPSHOT]
	at org.evosuite.assertion.AssertionTraceObserver.visitReturnValue(AssertionTraceObserver.java:131) ~[evosuite.jar:1.0.7-SNAPSHOT]
	at org.evosuite.assertion.PrimitiveTraceObserver.afterStatement(PrimitiveTraceObserver.java:51) ~[evosuite.jar:1.0.7-SNAPSHOT]
	at org.evosuite.testcase.execution.TestRunnable.lambda$informObservers_after$1(TestRunnable.java:155) [evosuite.jar:1.0.7-SNAPSHOT]
	at java.lang.Iterable.forEach(Iterable.java:75) ~[na:1.8.0_161]
	at org.evosuite.testcase.execution.TestRunnable.informObservers_after(TestRunnable.java:155) [evosuite.jar:1.0.7-SNAPSHOT]
	at org.evosuite.testcase.execution.TestRunnable.executeStatements(TestRunnable.java:351) [evosuite.jar:1.0.7-SNAPSHOT]
	at org.evosuite.testcase.execution.TestRunnable.call(TestRunnable.java:202) [evosuite.jar:1.0.7-SNAPSHOT]
	at org.evosuite.testcase.execution.TestRunnable.call(TestRunnable.java:55) [evosuite.jar:1.0.7-SNAPSHOT]
	at java.util.concurrent.FutureTask.run(FutureTask.java:266) [na:1.8.0_161]
	at java.util.concurrent.ThreadPoolExecutor.runWorker(ThreadPoolExecutor.java:1149) [na:1.8.0_161]
	at java.util.concurrent.ThreadPoolExecutor$Worker.run(ThreadPoolExecutor.java:624) [na:1.8.0_161]
	at java.lang.Thread.run(Thread.java:748) [na:1.8.0_161]
[MASTER] 19:51:52.299 [logback-2] ERROR TestRunnable - Suppressed/ignored exception during test case execution on class org.json.XMLTokener: java.lang.Character cannot be cast to java.lang.Boolean
java.lang.ClassCastException: java.lang.Character cannot be cast to java.lang.Boolean
	at org.evosuite.testcase.TestCodeVisitor.visitPrimitiveAssertion(TestCodeVisitor.java:528) ~[evosuite.jar:1.0.7-SNAPSHOT]
	at org.evosuite.testcase.TestCodeVisitor.visitAssertion(TestCodeVisitor.java:914) ~[evosuite.jar:1.0.7-SNAPSHOT]
	at org.evosuite.testcase.TestCodeVisitor.addAssertions(TestCodeVisitor.java:956) ~[evosuite.jar:1.0.7-SNAPSHOT]
	at org.evosuite.testcase.TestCodeVisitor.visitMethodStatement(TestCodeVisitor.java:1507) ~[evosuite.jar:1.0.7-SNAPSHOT]
	at org.evosuite.testcase.TestVisitor.visitStatement(TestVisitor.java:147) ~[evosuite.jar:1.0.7-SNAPSHOT]
	at org.evosuite.testcase.TestCodeVisitor.visitStatement(TestCodeVisitor.java:1858) ~[evosuite.jar:1.0.7-SNAPSHOT]
	at org.evosuite.testcase.statements.AbstractStatement.getCode(AbstractStatement.java:255) ~[evosuite.jar:1.0.7-SNAPSHOT]
	at org.evosuite.testcase.statements.AbstractStatement.getCode(AbstractStatement.java:247) ~[evosuite.jar:1.0.7-SNAPSHOT]
	at org.evosuite.assertion.PrimitiveTraceObserver.visit(PrimitiveTraceObserver.java:116) ~[evosuite.jar:1.0.7-SNAPSHOT]
	at org.evosuite.assertion.AssertionTraceObserver.visitReturnValue(AssertionTraceObserver.java:131) ~[evosuite.jar:1.0.7-SNAPSHOT]
	at org.evosuite.assertion.PrimitiveTraceObserver.afterStatement(PrimitiveTraceObserver.java:51) ~[evosuite.jar:1.0.7-SNAPSHOT]
	at org.evosuite.testcase.execution.TestRunnable.lambda$informObservers_after$1(TestRunnable.java:155) [evosuite.jar:1.0.7-SNAPSHOT]
	at java.lang.Iterable.forEach(Iterable.java:75) ~[na:1.8.0_161]
	at org.evosuite.testcase.execution.TestRunnable.informObservers_after(TestRunnable.java:155) [evosuite.jar:1.0.7-SNAPSHOT]
	at org.evosuite.testcase.execution.TestRunnable.executeStatements(TestRunnable.java:351) [evosuite.jar:1.0.7-SNAPSHOT]
	at org.evosuite.testcase.execution.TestRunnable.call(TestRunnable.java:202) [evosuite.jar:1.0.7-SNAPSHOT]
	at org.evosuite.testcase.execution.TestRunnable.call(TestRunnable.java:55) [evosuite.jar:1.0.7-SNAPSHOT]
	at java.util.concurrent.FutureTask.run(FutureTask.java:266) [na:1.8.0_161]
	at java.util.concurrent.ThreadPoolExecutor.runWorker(ThreadPoolExecutor.java:1149) [na:1.8.0_161]
	at java.util.concurrent.ThreadPoolExecutor$Worker.run(ThreadPoolExecutor.java:624) [na:1.8.0_161]
	at java.lang.Thread.run(Thread.java:748) [na:1.8.0_161]
[MASTER] 19:51:52.348 [logback-2] ERROR TestRunnable - Suppressed/ignored exception during test case execution on class org.json.XMLTokener: java.lang.Character cannot be cast to java.lang.Boolean
java.lang.ClassCastException: java.lang.Character cannot be cast to java.lang.Boolean
	at org.evosuite.testcase.TestCodeVisitor.visitPrimitiveAssertion(TestCodeVisitor.java:528) ~[evosuite.jar:1.0.7-SNAPSHOT]
	at org.evosuite.testcase.TestCodeVisitor.visitAssertion(TestCodeVisitor.java:914) ~[evosuite.jar:1.0.7-SNAPSHOT]
	at org.evosuite.testcase.TestCodeVisitor.addAssertions(TestCodeVisitor.java:956) ~[evosuite.jar:1.0.7-SNAPSHOT]
	at org.evosuite.testcase.TestCodeVisitor.visitMethodStatement(TestCodeVisitor.java:1507) ~[evosuite.jar:1.0.7-SNAPSHOT]
	at org.evosuite.testcase.TestVisitor.visitStatement(TestVisitor.java:147) ~[evosuite.jar:1.0.7-SNAPSHOT]
	at org.evosuite.testcase.TestCodeVisitor.visitStatement(TestCodeVisitor.java:1858) ~[evosuite.jar:1.0.7-SNAPSHOT]
	at org.evosuite.testcase.statements.AbstractStatement.getCode(AbstractStatement.java:255) ~[evosuite.jar:1.0.7-SNAPSHOT]
	at org.evosuite.testcase.statements.AbstractStatement.getCode(AbstractStatement.java:247) ~[evosuite.jar:1.0.7-SNAPSHOT]
	at org.evosuite.assertion.PrimitiveTraceObserver.visit(PrimitiveTraceObserver.java:116) ~[evosuite.jar:1.0.7-SNAPSHOT]
	at org.evosuite.assertion.AssertionTraceObserver.visitReturnValue(AssertionTraceObserver.java:131) ~[evosuite.jar:1.0.7-SNAPSHOT]
	at org.evosuite.assertion.PrimitiveTraceObserver.afterStatement(PrimitiveTraceObserver.java:51) ~[evosuite.jar:1.0.7-SNAPSHOT]
	at org.evosuite.testcase.execution.TestRunnable.lambda$informObservers_after$1(TestRunnable.java:155) [evosuite.jar:1.0.7-SNAPSHOT]
	at java.lang.Iterable.forEach(Iterable.java:75) ~[na:1.8.0_161]
	at org.evosuite.testcase.execution.TestRunnable.informObservers_after(TestRunnable.java:155) [evosuite.jar:1.0.7-SNAPSHOT]
	at org.evosuite.testcase.execution.TestRunnable.executeStatements(TestRunnable.java:351) [evosuite.jar:1.0.7-SNAPSHOT]
	at org.evosuite.testcase.execution.TestRunnable.call(TestRunnable.java:202) [evosuite.jar:1.0.7-SNAPSHOT]
	at org.evosuite.testcase.execution.TestRunnable.call(TestRunnable.java:55) [evosuite.jar:1.0.7-SNAPSHOT]
	at java.util.concurrent.FutureTask.run(FutureTask.java:266) [na:1.8.0_161]
	at java.util.concurrent.ThreadPoolExecutor.runWorker(ThreadPoolExecutor.java:1149) [na:1.8.0_161]
	at java.util.concurrent.ThreadPoolExecutor$Worker.run(ThreadPoolExecutor.java:624) [na:1.8.0_161]
	at java.lang.Thread.run(Thread.java:748) [na:1.8.0_161]
[MASTER] 19:51:52.350 [logback-2] ERROR TestRunnable - Suppressed/ignored exception during test case execution on class org.json.XMLTokener: java.lang.Character cannot be cast to java.lang.Boolean
java.lang.ClassCastException: java.lang.Character cannot be cast to java.lang.Boolean
	at org.evosuite.testcase.TestCodeVisitor.visitPrimitiveAssertion(TestCodeVisitor.java:528) ~[evosuite.jar:1.0.7-SNAPSHOT]
	at org.evosuite.testcase.TestCodeVisitor.visitAssertion(TestCodeVisitor.java:914) ~[evosuite.jar:1.0.7-SNAPSHOT]
	at org.evosuite.testcase.TestCodeVisitor.addAssertions(TestCodeVisitor.java:956) ~[evosuite.jar:1.0.7-SNAPSHOT]
	at org.evosuite.testcase.TestCodeVisitor.visitMethodStatement(TestCodeVisitor.java:1507) ~[evosuite.jar:1.0.7-SNAPSHOT]
	at org.evosuite.testcase.TestVisitor.visitStatement(TestVisitor.java:147) ~[evosuite.jar:1.0.7-SNAPSHOT]
	at org.evosuite.testcase.TestCodeVisitor.visitStatement(TestCodeVisitor.java:1858) ~[evosuite.jar:1.0.7-SNAPSHOT]
	at org.evosuite.testcase.statements.AbstractStatement.getCode(AbstractStatement.java:255) ~[evosuite.jar:1.0.7-SNAPSHOT]
	at org.evosuite.testcase.statements.AbstractStatement.getCode(AbstractStatement.java:247) ~[evosuite.jar:1.0.7-SNAPSHOT]
	at org.evosuite.assertion.PrimitiveTraceObserver.visit(PrimitiveTraceObserver.java:116) ~[evosuite.jar:1.0.7-SNAPSHOT]
	at org.evosuite.assertion.AssertionTraceObserver.visitReturnValue(AssertionTraceObserver.java:131) ~[evosuite.jar:1.0.7-SNAPSHOT]
	at org.evosuite.assertion.PrimitiveTraceObserver.afterStatement(PrimitiveTraceObserver.java:51) ~[evosuite.jar:1.0.7-SNAPSHOT]
	at org.evosuite.testcase.execution.TestRunnable.lambda$informObservers_after$1(TestRunnable.java:155) [evosuite.jar:1.0.7-SNAPSHOT]
	at java.lang.Iterable.forEach(Iterable.java:75) ~[na:1.8.0_161]
	at org.evosuite.testcase.execution.TestRunnable.informObservers_after(TestRunnable.java:155) [evosuite.jar:1.0.7-SNAPSHOT]
	at org.evosuite.testcase.execution.TestRunnable.executeStatements(TestRunnable.java:351) [evosuite.jar:1.0.7-SNAPSHOT]
	at org.evosuite.testcase.execution.TestRunnable.call(TestRunnable.java:202) [evosuite.jar:1.0.7-SNAPSHOT]
	at org.evosuite.testcase.execution.TestRunnable.call(TestRunnable.java:55) [evosuite.jar:1.0.7-SNAPSHOT]
	at java.util.concurrent.FutureTask.run(FutureTask.java:266) [na:1.8.0_161]
	at java.util.concurrent.ThreadPoolExecutor.runWorker(ThreadPoolExecutor.java:1149) [na:1.8.0_161]
	at java.util.concurrent.ThreadPoolExecutor$Worker.run(ThreadPoolExecutor.java:624) [na:1.8.0_161]
	at java.lang.Thread.run(Thread.java:748) [na:1.8.0_161]
[MASTER] 19:51:52.352 [logback-2] ERROR TestRunnable - Suppressed/ignored exception during test case execution on class org.json.XMLTokener: java.lang.Character cannot be cast to java.lang.Boolean
java.lang.ClassCastException: java.lang.Character cannot be cast to java.lang.Boolean
	at org.evosuite.testcase.TestCodeVisitor.visitPrimitiveAssertion(TestCodeVisitor.java:528) ~[evosuite.jar:1.0.7-SNAPSHOT]
	at org.evosuite.testcase.TestCodeVisitor.visitAssertion(TestCodeVisitor.java:914) ~[evosuite.jar:1.0.7-SNAPSHOT]
	at org.evosuite.testcase.TestCodeVisitor.addAssertions(TestCodeVisitor.java:956) ~[evosuite.jar:1.0.7-SNAPSHOT]
	at org.evosuite.testcase.TestCodeVisitor.visitMethodStatement(TestCodeVisitor.java:1507) ~[evosuite.jar:1.0.7-SNAPSHOT]
	at org.evosuite.testcase.TestVisitor.visitStatement(TestVisitor.java:147) ~[evosuite.jar:1.0.7-SNAPSHOT]
	at org.evosuite.testcase.TestCodeVisitor.visitStatement(TestCodeVisitor.java:1858) ~[evosuite.jar:1.0.7-SNAPSHOT]
	at org.evosuite.testcase.statements.AbstractStatement.getCode(AbstractStatement.java:255) ~[evosuite.jar:1.0.7-SNAPSHOT]
	at org.evosuite.testcase.statements.AbstractStatement.getCode(AbstractStatement.java:247) ~[evosuite.jar:1.0.7-SNAPSHOT]
	at org.evosuite.assertion.PrimitiveTraceObserver.visit(PrimitiveTraceObserver.java:116) ~[evosuite.jar:1.0.7-SNAPSHOT]
	at org.evosuite.assertion.AssertionTraceObserver.visitReturnValue(AssertionTraceObserver.java:131) ~[evosuite.jar:1.0.7-SNAPSHOT]
	at org.evosuite.assertion.PrimitiveTraceObserver.afterStatement(PrimitiveTraceObserver.java:51) ~[evosuite.jar:1.0.7-SNAPSHOT]
	at org.evosuite.testcase.execution.TestRunnable.lambda$informObservers_after$1(TestRunnable.java:155) [evosuite.jar:1.0.7-SNAPSHOT]
	at java.lang.Iterable.forEach(Iterable.java:75) ~[na:1.8.0_161]
	at org.evosuite.testcase.execution.TestRunnable.informObservers_after(TestRunnable.java:155) [evosuite.jar:1.0.7-SNAPSHOT]
	at org.evosuite.testcase.execution.TestRunnable.executeStatements(TestRunnable.java:351) [evosuite.jar:1.0.7-SNAPSHOT]
	at org.evosuite.testcase.execution.TestRunnable.call(TestRunnable.java:202) [evosuite.jar:1.0.7-SNAPSHOT]
	at org.evosuite.testcase.execution.TestRunnable.call(TestRunnable.java:55) [evosuite.jar:1.0.7-SNAPSHOT]
	at java.util.concurrent.FutureTask.run(FutureTask.java:266) [na:1.8.0_161]
	at java.util.concurrent.ThreadPoolExecutor.runWorker(ThreadPoolExecutor.java:1149) [na:1.8.0_161]
	at java.util.concurrent.ThreadPoolExecutor$Worker.run(ThreadPoolExecutor.java:624) [na:1.8.0_161]
	at java.lang.Thread.run(Thread.java:748) [na:1.8.0_161]
[MASTER] 19:51:52.367 [logback-2] ERROR TestRunnable - Suppressed/ignored exception during test case execution on class org.json.XMLTokener: java.lang.Character cannot be cast to java.lang.Boolean
java.lang.ClassCastException: java.lang.Character cannot be cast to java.lang.Boolean
	at org.evosuite.testcase.TestCodeVisitor.visitPrimitiveAssertion(TestCodeVisitor.java:528) ~[evosuite.jar:1.0.7-SNAPSHOT]
	at org.evosuite.testcase.TestCodeVisitor.visitAssertion(TestCodeVisitor.java:914) ~[evosuite.jar:1.0.7-SNAPSHOT]
	at org.evosuite.testcase.TestCodeVisitor.addAssertions(TestCodeVisitor.java:956) ~[evosuite.jar:1.0.7-SNAPSHOT]
	at org.evosuite.testcase.TestCodeVisitor.visitMethodStatement(TestCodeVisitor.java:1507) ~[evosuite.jar:1.0.7-SNAPSHOT]
	at org.evosuite.testcase.TestVisitor.visitStatement(TestVisitor.java:147) ~[evosuite.jar:1.0.7-SNAPSHOT]
	at org.evosuite.testcase.TestCodeVisitor.visitStatement(TestCodeVisitor.java:1858) ~[evosuite.jar:1.0.7-SNAPSHOT]
	at org.evosuite.testcase.statements.AbstractStatement.getCode(AbstractStatement.java:255) ~[evosuite.jar:1.0.7-SNAPSHOT]
	at org.evosuite.testcase.statements.AbstractStatement.getCode(AbstractStatement.java:247) ~[evosuite.jar:1.0.7-SNAPSHOT]
	at org.evosuite.assertion.PrimitiveTraceObserver.visit(PrimitiveTraceObserver.java:116) ~[evosuite.jar:1.0.7-SNAPSHOT]
	at org.evosuite.assertion.AssertionTraceObserver.visitReturnValue(AssertionTraceObserver.java:131) ~[evosuite.jar:1.0.7-SNAPSHOT]
	at org.evosuite.assertion.PrimitiveTraceObserver.afterStatement(PrimitiveTraceObserver.java:51) ~[evosuite.jar:1.0.7-SNAPSHOT]
	at org.evosuite.testcase.execution.TestRunnable.lambda$informObservers_after$1(TestRunnable.java:155) [evosuite.jar:1.0.7-SNAPSHOT]
	at java.lang.Iterable.forEach(Iterable.java:75) ~[na:1.8.0_161]
	at org.evosuite.testcase.execution.TestRunnable.informObservers_after(TestRunnable.java:155) [evosuite.jar:1.0.7-SNAPSHOT]
	at org.evosuite.testcase.execution.TestRunnable.executeStatements(TestRunnable.java:351) [evosuite.jar:1.0.7-SNAPSHOT]
	at org.evosuite.testcase.execution.TestRunnable.call(TestRunnable.java:202) [evosuite.jar:1.0.7-SNAPSHOT]
	at org.evosuite.testcase.execution.TestRunnable.call(TestRunnable.java:55) [evosuite.jar:1.0.7-SNAPSHOT]
	at java.util.concurrent.FutureTask.run(FutureTask.java:266) [na:1.8.0_161]
	at java.util.concurrent.ThreadPoolExecutor.runWorker(ThreadPoolExecutor.java:1149) [na:1.8.0_161]
	at java.util.concurrent.ThreadPoolExecutor$Worker.run(ThreadPoolExecutor.java:624) [na:1.8.0_161]
	at java.lang.Thread.run(Thread.java:748) [na:1.8.0_161]
[MASTER] 19:51:52.381 [logback-2] ERROR TestRunnable - Suppressed/ignored exception during test case execution on class org.json.XMLTokener: java.lang.Character cannot be cast to java.lang.Boolean
java.lang.ClassCastException: java.lang.Character cannot be cast to java.lang.Boolean
	at org.evosuite.testcase.TestCodeVisitor.visitPrimitiveAssertion(TestCodeVisitor.java:528) ~[evosuite.jar:1.0.7-SNAPSHOT]
	at org.evosuite.testcase.TestCodeVisitor.visitAssertion(TestCodeVisitor.java:914) ~[evosuite.jar:1.0.7-SNAPSHOT]
	at org.evosuite.testcase.TestCodeVisitor.addAssertions(TestCodeVisitor.java:956) ~[evosuite.jar:1.0.7-SNAPSHOT]
	at org.evosuite.testcase.TestCodeVisitor.visitMethodStatement(TestCodeVisitor.java:1507) ~[evosuite.jar:1.0.7-SNAPSHOT]
	at org.evosuite.testcase.TestVisitor.visitStatement(TestVisitor.java:147) ~[evosuite.jar:1.0.7-SNAPSHOT]
	at org.evosuite.testcase.TestCodeVisitor.visitStatement(TestCodeVisitor.java:1858) ~[evosuite.jar:1.0.7-SNAPSHOT]
	at org.evosuite.testcase.statements.AbstractStatement.getCode(AbstractStatement.java:255) ~[evosuite.jar:1.0.7-SNAPSHOT]
	at org.evosuite.testcase.statements.AbstractStatement.getCode(AbstractStatement.java:247) ~[evosuite.jar:1.0.7-SNAPSHOT]
	at org.evosuite.assertion.PrimitiveTraceObserver.visit(PrimitiveTraceObserver.java:116) ~[evosuite.jar:1.0.7-SNAPSHOT]
	at org.evosuite.assertion.AssertionTraceObserver.visitReturnValue(AssertionTraceObserver.java:131) ~[evosuite.jar:1.0.7-SNAPSHOT]
	at org.evosuite.assertion.PrimitiveTraceObserver.afterStatement(PrimitiveTraceObserver.java:51) ~[evosuite.jar:1.0.7-SNAPSHOT]
	at org.evosuite.testcase.execution.TestRunnable.lambda$informObservers_after$1(TestRunnable.java:155) [evosuite.jar:1.0.7-SNAPSHOT]
	at java.lang.Iterable.forEach(Iterable.java:75) ~[na:1.8.0_161]
	at org.evosuite.testcase.execution.TestRunnable.informObservers_after(TestRunnable.java:155) [evosuite.jar:1.0.7-SNAPSHOT]
	at org.evosuite.testcase.execution.TestRunnable.executeStatements(TestRunnable.java:351) [evosuite.jar:1.0.7-SNAPSHOT]
	at org.evosuite.testcase.execution.TestRunnable.call(TestRunnable.java:202) [evosuite.jar:1.0.7-SNAPSHOT]
	at org.evosuite.testcase.execution.TestRunnable.call(TestRunnable.java:55) [evosuite.jar:1.0.7-SNAPSHOT]
	at java.util.concurrent.FutureTask.run(FutureTask.java:266) [na:1.8.0_161]
	at java.util.concurrent.ThreadPoolExecutor.runWorker(ThreadPoolExecutor.java:1149) [na:1.8.0_161]
	at java.util.concurrent.ThreadPoolExecutor$Worker.run(ThreadPoolExecutor.java:624) [na:1.8.0_161]
	at java.lang.Thread.run(Thread.java:748) [na:1.8.0_161]
[MASTER] 19:51:52.387 [logback-2] ERROR TestRunnable - Suppressed/ignored exception during test case execution on class org.json.XMLTokener: java.lang.Character cannot be cast to java.lang.Boolean
java.lang.ClassCastException: java.lang.Character cannot be cast to java.lang.Boolean
	at org.evosuite.testcase.TestCodeVisitor.visitPrimitiveAssertion(TestCodeVisitor.java:528) ~[evosuite.jar:1.0.7-SNAPSHOT]
	at org.evosuite.testcase.TestCodeVisitor.visitAssertion(TestCodeVisitor.java:914) ~[evosuite.jar:1.0.7-SNAPSHOT]
	at org.evosuite.testcase.TestCodeVisitor.addAssertions(TestCodeVisitor.java:956) ~[evosuite.jar:1.0.7-SNAPSHOT]
	at org.evosuite.testcase.TestCodeVisitor.visitMethodStatement(TestCodeVisitor.java:1507) ~[evosuite.jar:1.0.7-SNAPSHOT]
	at org.evosuite.testcase.TestVisitor.visitStatement(TestVisitor.java:147) ~[evosuite.jar:1.0.7-SNAPSHOT]
	at org.evosuite.testcase.TestCodeVisitor.visitStatement(TestCodeVisitor.java:1858) ~[evosuite.jar:1.0.7-SNAPSHOT]
	at org.evosuite.testcase.statements.AbstractStatement.getCode(AbstractStatement.java:255) ~[evosuite.jar:1.0.7-SNAPSHOT]
	at org.evosuite.testcase.statements.AbstractStatement.getCode(AbstractStatement.java:247) ~[evosuite.jar:1.0.7-SNAPSHOT]
	at org.evosuite.assertion.PrimitiveTraceObserver.visit(PrimitiveTraceObserver.java:116) ~[evosuite.jar:1.0.7-SNAPSHOT]
	at org.evosuite.assertion.AssertionTraceObserver.visitReturnValue(AssertionTraceObserver.java:131) ~[evosuite.jar:1.0.7-SNAPSHOT]
	at org.evosuite.assertion.PrimitiveTraceObserver.afterStatement(PrimitiveTraceObserver.java:51) ~[evosuite.jar:1.0.7-SNAPSHOT]
	at org.evosuite.testcase.execution.TestRunnable.lambda$informObservers_after$1(TestRunnable.java:155) [evosuite.jar:1.0.7-SNAPSHOT]
	at java.lang.Iterable.forEach(Iterable.java:75) ~[na:1.8.0_161]
	at org.evosuite.testcase.execution.TestRunnable.informObservers_after(TestRunnable.java:155) [evosuite.jar:1.0.7-SNAPSHOT]
	at org.evosuite.testcase.execution.TestRunnable.executeStatements(TestRunnable.java:351) [evosuite.jar:1.0.7-SNAPSHOT]
	at org.evosuite.testcase.execution.TestRunnable.call(TestRunnable.java:202) [evosuite.jar:1.0.7-SNAPSHOT]
	at org.evosuite.testcase.execution.TestRunnable.call(TestRunnable.java:55) [evosuite.jar:1.0.7-SNAPSHOT]
	at java.util.concurrent.FutureTask.run(FutureTask.java:266) [na:1.8.0_161]
	at java.util.concurrent.ThreadPoolExecutor.runWorker(ThreadPoolExecutor.java:1149) [na:1.8.0_161]
	at java.util.concurrent.ThreadPoolExecutor$Worker.run(ThreadPoolExecutor.java:624) [na:1.8.0_161]
	at java.lang.Thread.run(Thread.java:748) [na:1.8.0_161]
* Resulting test suite's mutation score: 56%
* Compiling and checking tests
* Minimizing test suite
* Permissions denied during test execution: 
  - java.lang.RuntimePermission: 
         writeFileDescriptor: 2
* Writing tests to file
* Writing JUnit test case 'XMLTokener_ESTest' to /home/apaniche/mitchell/generation-scripts/evosuite_fuzzer/tests/s14/json/evosuite-tests
* Done!

* Computation finished
* Going to analyze the coverage criteria
* Coverage analysis for criterion LINE
* Coverage of criterion LINE: 86%
* Total number of goals: 346
* Number of covered goals: 299
* Coverage analysis for criterion BRANCH
* Coverage of criterion BRANCH: 82%
* Total number of goals: 250
* Number of covered goals: 206
* Coverage analysis for criterion EXCEPTION
* Coverage of criterion EXCEPTION: 100%
* Total number of goals: 49
* Number of covered goals: 49
* Coverage analysis for criterion WEAKMUTATION
* Coverage of criterion WEAKMUTATION: 89%
* Total number of goals: 710
* Number of covered goals: 633
* Coverage analysis for criterion OUTPUT
* Coverage of criterion OUTPUT: 42%
* Total number of goals: 312
* Number of covered goals: 131
* Coverage analysis for criterion METHOD
* Coverage of criterion METHOD: 100%
* Total number of goals: 72
* Number of covered goals: 72
* Coverage analysis for criterion METHODNOEXCEPTION
* Coverage of criterion METHODNOEXCEPTION: 92%
* Total number of goals: 72
* Number of covered goals: 66
* Coverage analysis for criterion CBRANCH
* Coverage of criterion CBRANCH: 80%
* Total number of goals: 250
* Number of covered goals: 201
* Generated 174 tests with total length 532
* Resulting test suite's coverage: 78% (average coverage for all fitness functions)
* Generating assertions
* Resulting test suite's mutation score: 46%
* Compiling and checking tests
[MASTER] 19:53:27.552 [logback-1] WARN  JUnitAnalyzer - Found unstable test named test0 -> class java.lang.OutOfMemoryError: Requested array size exceeds VM limit
[MASTER] 19:53:27.552 [logback-1] WARN  JUnitAnalyzer - Failing test:
 JSONArray jSONArray0 = new JSONArray((Collection<?>) null);
HashMap<Character.UnicodeScript, Month> hashMap0 = new HashMap<Character.UnicodeScript, Month>();
jSONArray0.put(2147483645, (Map<?, ?>) hashMap0);

* Permissions denied during test execution: 
  - java.lang.RuntimePermission: 
         writeFileDescriptor: 3
* Writing tests to file
* Writing JUnit test case 'JSONArray_ESTest' to /home/apaniche/mitchell/generation-scripts/evosuite_fuzzer/tests/s14/json/evosuite-tests
* Done!

* Computation finished
* EvoSuite 1.0.7-SNAPSHOT
* Configuration: EvoSuite_fuzzer
* Going to generate test cases for class: org.json.JSONTokener
* EvoSuite 1.0.7-SNAPSHOT
* Configuration: EvoSuite_fuzzer
* Going to generate test cases for class: org.json.JSONObject
* Starting Client-0
* Starting Client-0
* Connecting to master process on port 6918
* Connecting to master process on port 6920
* Analyzing classpath: 
* Analyzing classpath: 
  - /home/apaniche/mitchell/generation-scripts/projects/json/json-20180813.jar
* Finished analyzing classpath
* Generating tests for class org.json.JSONTokener
* Test criteria:
  - Line Coverage
  - Branch Coverage
  - Exception
  - Mutation testing (weak)
  - Method-Output Coverage
  - Top-Level Method Coverage
  - No-Exception Top-Level Method Coverage
  - Context Branch Coverage
  - /home/apaniche/mitchell/generation-scripts/projects/json/json-20180813.jar
* Total number of test goals for DYNAMOSA: 1112
* Using seed 14
* Starting evolution
* Initial Number of Goals in DynaMOSA = 259 / 1112
* Finished analyzing classpath
* Generating tests for class org.json.JSONObject
* Test criteria:
  - Line Coverage
  - Branch Coverage
  - Exception
  - Mutation testing (weak)
  - Method-Output Coverage
  - Top-Level Method Coverage
  - No-Exception Top-Level Method Coverage
  - Context Branch Coverage
* Total number of test goals for DYNAMOSA: 3382
* Using seed 14
* Starting evolution
* Initial Number of Goals in DynaMOSA = 850 / 3382
[MASTER] 19:55:09.913 [logback-2] ERROR TestCluster - Failed to check cache for java.util.LinkedList<E> : Type points to itself
[MASTER] 19:55:09.913 [logback-2] ERROR TestCluster - Failed to check cache for java.util.HashMap<K, V> : Type points to itself
[MASTER] 19:55:09.915 [logback-2] ERROR TestCluster - Failed to check cache for java.lang.Enum<E> : Type points to itself
[MASTER] 19:55:09.922 [logback-2] ERROR TestCluster - Failed to check cache for java.util.AbstractMap<K, V>.SimpleEntry<K, V> : Type points to itself
[MASTER] 19:55:09.922 [logback-2] ERROR TestCluster - Failed to check cache for java.util.AbstractMap<K, V>.SimpleImmutableEntry<K, V> : Type points to itself
[MASTER] 19:55:56.627 [logback-2] ERROR TestCluster - Failed to check cache for java.util.List<E> : Type points to itself
[MASTER] 19:56:09.216 [logback-2] ERROR TestCluster - Failed to check cache for java.util.function.Function<T, R> : Type points to itself
[MASTER] 19:56:41.850 [logback-2] ERROR TestCluster - Failed to check cache for java.util.Comparator<T> : Type points to itself
* Search finished after 182s and 151 generations, 54825 statements, best individual has fitness: 99.0
* Minimizing test suite
* Going to analyze the coverage criteria
* Coverage analysis for criterion LINE
* Coverage of criterion LINE: 89%
* Total number of goals: 175
* Number of covered goals: 156
* Coverage analysis for criterion BRANCH
* Coverage of criterion BRANCH: 91%
* Total number of goals: 137
* Number of covered goals: 124
* Coverage analysis for criterion EXCEPTION
* Coverage of criterion EXCEPTION: 100%
* Total number of goals: 21
* Number of covered goals: 21
* Coverage analysis for criterion WEAKMUTATION
* Coverage of criterion WEAKMUTATION: 90%
* Total number of goals: 585
* Number of covered goals: 529
* Coverage analysis for criterion OUTPUT
* Coverage of criterion OUTPUT: 78%
* Total number of goals: 40
* Number of covered goals: 31
* Coverage analysis for criterion METHOD
* Coverage of criterion METHOD: 100%
* Total number of goals: 19
* Number of covered goals: 19
* Coverage analysis for criterion METHODNOEXCEPTION
* Coverage of criterion METHODNOEXCEPTION: 100%
* Total number of goals: 19
* Number of covered goals: 19
* Coverage analysis for criterion CBRANCH
* Coverage of criterion CBRANCH: 91%
* Total number of goals: 137
* Number of covered goals: 124
* Generated 74 tests with total length 231
* Resulting test suite's coverage: 88% (average coverage for all fitness functions)
* Generating assertions
* Search finished after 189s and 241 generations, 112207 statements, best individual has fitness: 805.0
* Minimizing test suite
* Resulting test suite's mutation score: 52%
* Compiling and checking tests
[MASTER] 19:58:30.514 [logback-1] WARN  ExecutionTrace - Popping method accumulate(Ljava/lang/String;Ljava/lang/Object;)Lorg/json/JSONObject; because we were looking for quote(Ljava/lang/String;Ljava/io/Writer;)Ljava/io/Writer;
[MASTER] 19:58:30.514 [logback-1] WARN  ExecutionTrace - Current stack: []
* Writing tests to file
* Writing JUnit test case 'JSONTokener_ESTest' to /home/apaniche/mitchell/generation-scripts/evosuite_fuzzer/tests/s14/json/evosuite-tests
* Done!

* Computation finished
* Going to analyze the coverage criteria
* Coverage analysis for criterion LINE
* Coverage of criterion LINE: 82%
* Total number of goals: 711
* Number of covered goals: 586
* Coverage analysis for criterion BRANCH
* Coverage of criterion BRANCH: 81%
* Total number of goals: 595
* Number of covered goals: 481
* Coverage analysis for criterion EXCEPTION
* Coverage of criterion EXCEPTION: 100%
* Total number of goals: 67
* Number of covered goals: 67
* Coverage analysis for criterion WEAKMUTATION
* Coverage of criterion WEAKMUTATION: 81%
* Total number of goals: 937
* Number of covered goals: 761
* Coverage analysis for criterion OUTPUT
* Coverage of criterion OUTPUT: 41%
* Total number of goals: 358
* Number of covered goals: 147
* Coverage analysis for criterion METHOD
* Coverage of criterion METHOD: 97%
* Total number of goals: 93
* Number of covered goals: 90
* Coverage analysis for criterion METHODNOEXCEPTION
* Coverage of criterion METHODNOEXCEPTION: 89%
* Total number of goals: 93
* Number of covered goals: 83
* Coverage analysis for criterion CBRANCH
* Coverage of criterion CBRANCH: 80%
* Total number of goals: 595
* Number of covered goals: 474
* Generated 257 tests with total length 662
* Resulting test suite's coverage: 76% (average coverage for all fitness functions)
* Generating assertions
[MASTER] 19:59:04.965 [logback-2] ERROR TestRunnable - Suppressed/ignored exception during test case execution on class org.json.JSONObject: java.lang.Double cannot be cast to java.lang.Boolean
java.lang.ClassCastException: java.lang.Double cannot be cast to java.lang.Boolean
	at org.evosuite.testcase.TestCodeVisitor.visitPrimitiveAssertion(TestCodeVisitor.java:528) ~[evosuite.jar:1.0.7-SNAPSHOT]
	at org.evosuite.testcase.TestCodeVisitor.visitAssertion(TestCodeVisitor.java:914) ~[evosuite.jar:1.0.7-SNAPSHOT]
	at org.evosuite.testcase.TestCodeVisitor.addAssertions(TestCodeVisitor.java:956) ~[evosuite.jar:1.0.7-SNAPSHOT]
	at org.evosuite.testcase.TestCodeVisitor.visitMethodStatement(TestCodeVisitor.java:1507) ~[evosuite.jar:1.0.7-SNAPSHOT]
	at org.evosuite.testcase.TestVisitor.visitStatement(TestVisitor.java:147) ~[evosuite.jar:1.0.7-SNAPSHOT]
	at org.evosuite.testcase.TestCodeVisitor.visitStatement(TestCodeVisitor.java:1858) ~[evosuite.jar:1.0.7-SNAPSHOT]
	at org.evosuite.testcase.statements.AbstractStatement.getCode(AbstractStatement.java:255) ~[evosuite.jar:1.0.7-SNAPSHOT]
	at org.evosuite.testcase.statements.AbstractStatement.getCode(AbstractStatement.java:247) ~[evosuite.jar:1.0.7-SNAPSHOT]
	at org.evosuite.assertion.PrimitiveTraceObserver.visit(PrimitiveTraceObserver.java:116) ~[evosuite.jar:1.0.7-SNAPSHOT]
	at org.evosuite.assertion.AssertionTraceObserver.visitReturnValue(AssertionTraceObserver.java:131) ~[evosuite.jar:1.0.7-SNAPSHOT]
	at org.evosuite.assertion.PrimitiveTraceObserver.afterStatement(PrimitiveTraceObserver.java:51) ~[evosuite.jar:1.0.7-SNAPSHOT]
	at org.evosuite.testcase.execution.TestRunnable.lambda$informObservers_after$1(TestRunnable.java:155) [evosuite.jar:1.0.7-SNAPSHOT]
	at java.lang.Iterable.forEach(Iterable.java:75) ~[na:1.8.0_161]
	at org.evosuite.testcase.execution.TestRunnable.informObservers_after(TestRunnable.java:155) [evosuite.jar:1.0.7-SNAPSHOT]
	at org.evosuite.testcase.execution.TestRunnable.executeStatements(TestRunnable.java:351) [evosuite.jar:1.0.7-SNAPSHOT]
	at org.evosuite.testcase.execution.TestRunnable.call(TestRunnable.java:202) [evosuite.jar:1.0.7-SNAPSHOT]
	at org.evosuite.testcase.execution.TestRunnable.call(TestRunnable.java:55) [evosuite.jar:1.0.7-SNAPSHOT]
	at java.util.concurrent.FutureTask.run(FutureTask.java:266) [na:1.8.0_161]
	at java.util.concurrent.ThreadPoolExecutor.runWorker(ThreadPoolExecutor.java:1149) [na:1.8.0_161]
	at java.util.concurrent.ThreadPoolExecutor$Worker.run(ThreadPoolExecutor.java:624) [na:1.8.0_161]
	at java.lang.Thread.run(Thread.java:748) [na:1.8.0_161]
[MASTER] 19:59:04.989 [logback-2] ERROR TestRunnable - Suppressed/ignored exception during test case execution on class org.json.JSONObject: java.lang.String cannot be cast to java.lang.Boolean
java.lang.ClassCastException: java.lang.String cannot be cast to java.lang.Boolean
	at org.evosuite.testcase.TestCodeVisitor.visitPrimitiveAssertion(TestCodeVisitor.java:528) ~[evosuite.jar:1.0.7-SNAPSHOT]
	at org.evosuite.testcase.TestCodeVisitor.visitAssertion(TestCodeVisitor.java:914) ~[evosuite.jar:1.0.7-SNAPSHOT]
	at org.evosuite.testcase.TestCodeVisitor.addAssertions(TestCodeVisitor.java:956) ~[evosuite.jar:1.0.7-SNAPSHOT]
	at org.evosuite.testcase.TestCodeVisitor.visitMethodStatement(TestCodeVisitor.java:1507) ~[evosuite.jar:1.0.7-SNAPSHOT]
	at org.evosuite.testcase.TestVisitor.visitStatement(TestVisitor.java:147) ~[evosuite.jar:1.0.7-SNAPSHOT]
	at org.evosuite.testcase.TestCodeVisitor.visitStatement(TestCodeVisitor.java:1858) ~[evosuite.jar:1.0.7-SNAPSHOT]
	at org.evosuite.testcase.statements.AbstractStatement.getCode(AbstractStatement.java:255) ~[evosuite.jar:1.0.7-SNAPSHOT]
	at org.evosuite.testcase.statements.AbstractStatement.getCode(AbstractStatement.java:247) ~[evosuite.jar:1.0.7-SNAPSHOT]
	at org.evosuite.assertion.PrimitiveTraceObserver.visit(PrimitiveTraceObserver.java:116) ~[evosuite.jar:1.0.7-SNAPSHOT]
	at org.evosuite.assertion.AssertionTraceObserver.visitReturnValue(AssertionTraceObserver.java:131) ~[evosuite.jar:1.0.7-SNAPSHOT]
	at org.evosuite.assertion.PrimitiveTraceObserver.afterStatement(PrimitiveTraceObserver.java:51) ~[evosuite.jar:1.0.7-SNAPSHOT]
	at org.evosuite.testcase.execution.TestRunnable.lambda$informObservers_after$1(TestRunnable.java:155) [evosuite.jar:1.0.7-SNAPSHOT]
	at java.lang.Iterable.forEach(Iterable.java:75) ~[na:1.8.0_161]
	at org.evosuite.testcase.execution.TestRunnable.informObservers_after(TestRunnable.java:155) [evosuite.jar:1.0.7-SNAPSHOT]
	at org.evosuite.testcase.execution.TestRunnable.executeStatements(TestRunnable.java:351) [evosuite.jar:1.0.7-SNAPSHOT]
	at org.evosuite.testcase.execution.TestRunnable.call(TestRunnable.java:202) [evosuite.jar:1.0.7-SNAPSHOT]
	at org.evosuite.testcase.execution.TestRunnable.call(TestRunnable.java:55) [evosuite.jar:1.0.7-SNAPSHOT]
	at java.util.concurrent.FutureTask.run(FutureTask.java:266) [na:1.8.0_161]
	at java.util.concurrent.ThreadPoolExecutor.runWorker(ThreadPoolExecutor.java:1149) [na:1.8.0_161]
	at java.util.concurrent.ThreadPoolExecutor$Worker.run(ThreadPoolExecutor.java:624) [na:1.8.0_161]
	at java.lang.Thread.run(Thread.java:748) [na:1.8.0_161]
[MASTER] 19:59:05.014 [logback-2] ERROR TestRunnable - Suppressed/ignored exception during test case execution on class org.json.JSONObject: java.lang.String cannot be cast to java.lang.Boolean
java.lang.ClassCastException: java.lang.String cannot be cast to java.lang.Boolean
	at org.evosuite.testcase.TestCodeVisitor.visitPrimitiveAssertion(TestCodeVisitor.java:528) ~[evosuite.jar:1.0.7-SNAPSHOT]
	at org.evosuite.testcase.TestCodeVisitor.visitAssertion(TestCodeVisitor.java:914) ~[evosuite.jar:1.0.7-SNAPSHOT]
	at org.evosuite.testcase.TestCodeVisitor.addAssertions(TestCodeVisitor.java:956) ~[evosuite.jar:1.0.7-SNAPSHOT]
	at org.evosuite.testcase.TestCodeVisitor.visitMethodStatement(TestCodeVisitor.java:1507) ~[evosuite.jar:1.0.7-SNAPSHOT]
	at org.evosuite.testcase.TestVisitor.visitStatement(TestVisitor.java:147) ~[evosuite.jar:1.0.7-SNAPSHOT]
	at org.evosuite.testcase.TestCodeVisitor.visitStatement(TestCodeVisitor.java:1858) ~[evosuite.jar:1.0.7-SNAPSHOT]
	at org.evosuite.testcase.statements.AbstractStatement.getCode(AbstractStatement.java:255) ~[evosuite.jar:1.0.7-SNAPSHOT]
	at org.evosuite.testcase.statements.AbstractStatement.getCode(AbstractStatement.java:247) ~[evosuite.jar:1.0.7-SNAPSHOT]
	at org.evosuite.assertion.PrimitiveTraceObserver.visit(PrimitiveTraceObserver.java:116) ~[evosuite.jar:1.0.7-SNAPSHOT]
	at org.evosuite.assertion.AssertionTraceObserver.visitReturnValue(AssertionTraceObserver.java:131) ~[evosuite.jar:1.0.7-SNAPSHOT]
	at org.evosuite.assertion.PrimitiveTraceObserver.afterStatement(PrimitiveTraceObserver.java:51) ~[evosuite.jar:1.0.7-SNAPSHOT]
	at org.evosuite.testcase.execution.TestRunnable.lambda$informObservers_after$1(TestRunnable.java:155) [evosuite.jar:1.0.7-SNAPSHOT]
	at java.lang.Iterable.forEach(Iterable.java:75) ~[na:1.8.0_161]
	at org.evosuite.testcase.execution.TestRunnable.informObservers_after(TestRunnable.java:155) [evosuite.jar:1.0.7-SNAPSHOT]
	at org.evosuite.testcase.execution.TestRunnable.executeStatements(TestRunnable.java:351) [evosuite.jar:1.0.7-SNAPSHOT]
	at org.evosuite.testcase.execution.TestRunnable.call(TestRunnable.java:202) [evosuite.jar:1.0.7-SNAPSHOT]
	at org.evosuite.testcase.execution.TestRunnable.call(TestRunnable.java:55) [evosuite.jar:1.0.7-SNAPSHOT]
	at java.util.concurrent.FutureTask.run(FutureTask.java:266) [na:1.8.0_161]
	at java.util.concurrent.ThreadPoolExecutor.runWorker(ThreadPoolExecutor.java:1149) [na:1.8.0_161]
	at java.util.concurrent.ThreadPoolExecutor$Worker.run(ThreadPoolExecutor.java:624) [na:1.8.0_161]
	at java.lang.Thread.run(Thread.java:748) [na:1.8.0_161]
[MASTER] 19:59:10.789 [logback-2] ERROR TestRunnable - Suppressed/ignored exception during test case execution on class org.json.JSONObject: java.lang.String cannot be cast to java.lang.Boolean
java.lang.ClassCastException: java.lang.String cannot be cast to java.lang.Boolean
	at org.evosuite.testcase.TestCodeVisitor.visitPrimitiveAssertion(TestCodeVisitor.java:528) ~[evosuite.jar:1.0.7-SNAPSHOT]
	at org.evosuite.testcase.TestCodeVisitor.visitAssertion(TestCodeVisitor.java:914) ~[evosuite.jar:1.0.7-SNAPSHOT]
	at org.evosuite.testcase.TestCodeVisitor.addAssertions(TestCodeVisitor.java:956) ~[evosuite.jar:1.0.7-SNAPSHOT]
	at org.evosuite.testcase.TestCodeVisitor.visitMethodStatement(TestCodeVisitor.java:1507) ~[evosuite.jar:1.0.7-SNAPSHOT]
	at org.evosuite.testcase.TestVisitor.visitStatement(TestVisitor.java:147) ~[evosuite.jar:1.0.7-SNAPSHOT]
	at org.evosuite.testcase.TestCodeVisitor.visitStatement(TestCodeVisitor.java:1858) ~[evosuite.jar:1.0.7-SNAPSHOT]
	at org.evosuite.testcase.statements.AbstractStatement.getCode(AbstractStatement.java:255) ~[evosuite.jar:1.0.7-SNAPSHOT]
	at org.evosuite.testcase.statements.AbstractStatement.getCode(AbstractStatement.java:247) ~[evosuite.jar:1.0.7-SNAPSHOT]
	at org.evosuite.assertion.PrimitiveTraceObserver.visit(PrimitiveTraceObserver.java:116) ~[evosuite.jar:1.0.7-SNAPSHOT]
	at org.evosuite.assertion.AssertionTraceObserver.visitReturnValue(AssertionTraceObserver.java:131) ~[evosuite.jar:1.0.7-SNAPSHOT]
	at org.evosuite.assertion.PrimitiveTraceObserver.afterStatement(PrimitiveTraceObserver.java:51) ~[evosuite.jar:1.0.7-SNAPSHOT]
	at org.evosuite.testcase.execution.TestRunnable.lambda$informObservers_after$1(TestRunnable.java:155) [evosuite.jar:1.0.7-SNAPSHOT]
	at java.lang.Iterable.forEach(Iterable.java:75) ~[na:1.8.0_161]
	at org.evosuite.testcase.execution.TestRunnable.informObservers_after(TestRunnable.java:155) [evosuite.jar:1.0.7-SNAPSHOT]
	at org.evosuite.testcase.execution.TestRunnable.executeStatements(TestRunnable.java:351) [evosuite.jar:1.0.7-SNAPSHOT]
	at org.evosuite.testcase.execution.TestRunnable.call(TestRunnable.java:202) [evosuite.jar:1.0.7-SNAPSHOT]
	at org.evosuite.testcase.execution.TestRunnable.call(TestRunnable.java:55) [evosuite.jar:1.0.7-SNAPSHOT]
	at java.util.concurrent.FutureTask.run(FutureTask.java:266) [na:1.8.0_161]
	at java.util.concurrent.ThreadPoolExecutor.runWorker(ThreadPoolExecutor.java:1149) [na:1.8.0_161]
	at java.util.concurrent.ThreadPoolExecutor$Worker.run(ThreadPoolExecutor.java:624) [na:1.8.0_161]
	at java.lang.Thread.run(Thread.java:748) [na:1.8.0_161]
[MASTER] 19:59:10.858 [logback-2] ERROR TestRunnable - Suppressed/ignored exception during test case execution on class org.json.JSONObject: java.lang.Integer cannot be cast to java.lang.Boolean
java.lang.ClassCastException: java.lang.Integer cannot be cast to java.lang.Boolean
	at org.evosuite.testcase.TestCodeVisitor.visitPrimitiveAssertion(TestCodeVisitor.java:528) ~[evosuite.jar:1.0.7-SNAPSHOT]
	at org.evosuite.testcase.TestCodeVisitor.visitAssertion(TestCodeVisitor.java:914) ~[evosuite.jar:1.0.7-SNAPSHOT]
	at org.evosuite.testcase.TestCodeVisitor.addAssertions(TestCodeVisitor.java:956) ~[evosuite.jar:1.0.7-SNAPSHOT]
	at org.evosuite.testcase.TestCodeVisitor.visitMethodStatement(TestCodeVisitor.java:1507) ~[evosuite.jar:1.0.7-SNAPSHOT]
	at org.evosuite.testcase.TestVisitor.visitStatement(TestVisitor.java:147) ~[evosuite.jar:1.0.7-SNAPSHOT]
	at org.evosuite.testcase.TestCodeVisitor.visitStatement(TestCodeVisitor.java:1858) ~[evosuite.jar:1.0.7-SNAPSHOT]
	at org.evosuite.testcase.statements.AbstractStatement.getCode(AbstractStatement.java:255) ~[evosuite.jar:1.0.7-SNAPSHOT]
	at org.evosuite.testcase.statements.AbstractStatement.getCode(AbstractStatement.java:247) ~[evosuite.jar:1.0.7-SNAPSHOT]
	at org.evosuite.assertion.PrimitiveTraceObserver.visit(PrimitiveTraceObserver.java:116) ~[evosuite.jar:1.0.7-SNAPSHOT]
	at org.evosuite.assertion.AssertionTraceObserver.visitReturnValue(AssertionTraceObserver.java:131) ~[evosuite.jar:1.0.7-SNAPSHOT]
	at org.evosuite.assertion.PrimitiveTraceObserver.afterStatement(PrimitiveTraceObserver.java:51) ~[evosuite.jar:1.0.7-SNAPSHOT]
	at org.evosuite.testcase.execution.TestRunnable.lambda$informObservers_after$1(TestRunnable.java:155) [evosuite.jar:1.0.7-SNAPSHOT]
	at java.lang.Iterable.forEach(Iterable.java:75) ~[na:1.8.0_161]
	at org.evosuite.testcase.execution.TestRunnable.informObservers_after(TestRunnable.java:155) [evosuite.jar:1.0.7-SNAPSHOT]
	at org.evosuite.testcase.execution.TestRunnable.executeStatements(TestRunnable.java:351) [evosuite.jar:1.0.7-SNAPSHOT]
	at org.evosuite.testcase.execution.TestRunnable.call(TestRunnable.java:202) [evosuite.jar:1.0.7-SNAPSHOT]
	at org.evosuite.testcase.execution.TestRunnable.call(TestRunnable.java:55) [evosuite.jar:1.0.7-SNAPSHOT]
	at java.util.concurrent.FutureTask.run(FutureTask.java:266) [na:1.8.0_161]
	at java.util.concurrent.ThreadPoolExecutor.runWorker(ThreadPoolExecutor.java:1149) [na:1.8.0_161]
	at java.util.concurrent.ThreadPoolExecutor$Worker.run(ThreadPoolExecutor.java:624) [na:1.8.0_161]
	at java.lang.Thread.run(Thread.java:748) [na:1.8.0_161]
[MASTER] 19:59:10.890 [logback-2] ERROR TestRunnable - Suppressed/ignored exception during test case execution on class org.json.JSONObject: java.lang.Integer cannot be cast to java.lang.Boolean
java.lang.ClassCastException: java.lang.Integer cannot be cast to java.lang.Boolean
	at org.evosuite.testcase.TestCodeVisitor.visitPrimitiveAssertion(TestCodeVisitor.java:528) ~[evosuite.jar:1.0.7-SNAPSHOT]
	at org.evosuite.testcase.TestCodeVisitor.visitAssertion(TestCodeVisitor.java:914) ~[evosuite.jar:1.0.7-SNAPSHOT]
	at org.evosuite.testcase.TestCodeVisitor.addAssertions(TestCodeVisitor.java:956) ~[evosuite.jar:1.0.7-SNAPSHOT]
	at org.evosuite.testcase.TestCodeVisitor.visitMethodStatement(TestCodeVisitor.java:1507) ~[evosuite.jar:1.0.7-SNAPSHOT]
	at org.evosuite.testcase.TestVisitor.visitStatement(TestVisitor.java:147) ~[evosuite.jar:1.0.7-SNAPSHOT]
	at org.evosuite.testcase.TestCodeVisitor.visitStatement(TestCodeVisitor.java:1858) ~[evosuite.jar:1.0.7-SNAPSHOT]
	at org.evosuite.testcase.statements.AbstractStatement.getCode(AbstractStatement.java:255) ~[evosuite.jar:1.0.7-SNAPSHOT]
	at org.evosuite.testcase.statements.AbstractStatement.getCode(AbstractStatement.java:247) ~[evosuite.jar:1.0.7-SNAPSHOT]
	at org.evosuite.assertion.PrimitiveTraceObserver.visit(PrimitiveTraceObserver.java:116) ~[evosuite.jar:1.0.7-SNAPSHOT]
	at org.evosuite.assertion.AssertionTraceObserver.visitReturnValue(AssertionTraceObserver.java:131) ~[evosuite.jar:1.0.7-SNAPSHOT]
	at org.evosuite.assertion.PrimitiveTraceObserver.afterStatement(PrimitiveTraceObserver.java:51) ~[evosuite.jar:1.0.7-SNAPSHOT]
	at org.evosuite.testcase.execution.TestRunnable.lambda$informObservers_after$1(TestRunnable.java:155) [evosuite.jar:1.0.7-SNAPSHOT]
	at java.lang.Iterable.forEach(Iterable.java:75) ~[na:1.8.0_161]
	at org.evosuite.testcase.execution.TestRunnable.informObservers_after(TestRunnable.java:155) [evosuite.jar:1.0.7-SNAPSHOT]
	at org.evosuite.testcase.execution.TestRunnable.executeStatements(TestRunnable.java:351) [evosuite.jar:1.0.7-SNAPSHOT]
	at org.evosuite.testcase.execution.TestRunnable.call(TestRunnable.java:202) [evosuite.jar:1.0.7-SNAPSHOT]
	at org.evosuite.testcase.execution.TestRunnable.call(TestRunnable.java:55) [evosuite.jar:1.0.7-SNAPSHOT]
	at java.util.concurrent.FutureTask.run(FutureTask.java:266) [na:1.8.0_161]
	at java.util.concurrent.ThreadPoolExecutor.runWorker(ThreadPoolExecutor.java:1149) [na:1.8.0_161]
	at java.util.concurrent.ThreadPoolExecutor$Worker.run(ThreadPoolExecutor.java:624) [na:1.8.0_161]
	at java.lang.Thread.run(Thread.java:748) [na:1.8.0_161]
[MASTER] 19:59:26.487 [logback-2] ERROR TestRunnable - Suppressed/ignored exception during test case execution on class org.json.JSONObject: java.lang.String cannot be cast to java.lang.Boolean
java.lang.ClassCastException: java.lang.String cannot be cast to java.lang.Boolean
	at org.evosuite.testcase.TestCodeVisitor.visitPrimitiveAssertion(TestCodeVisitor.java:528) ~[evosuite.jar:1.0.7-SNAPSHOT]
	at org.evosuite.testcase.TestCodeVisitor.visitAssertion(TestCodeVisitor.java:914) ~[evosuite.jar:1.0.7-SNAPSHOT]
	at org.evosuite.testcase.TestCodeVisitor.addAssertions(TestCodeVisitor.java:956) ~[evosuite.jar:1.0.7-SNAPSHOT]
	at org.evosuite.testcase.TestCodeVisitor.visitMethodStatement(TestCodeVisitor.java:1507) ~[evosuite.jar:1.0.7-SNAPSHOT]
	at org.evosuite.testcase.TestVisitor.visitStatement(TestVisitor.java:147) ~[evosuite.jar:1.0.7-SNAPSHOT]
	at org.evosuite.testcase.TestCodeVisitor.visitStatement(TestCodeVisitor.java:1858) ~[evosuite.jar:1.0.7-SNAPSHOT]
	at org.evosuite.testcase.statements.AbstractStatement.getCode(AbstractStatement.java:255) ~[evosuite.jar:1.0.7-SNAPSHOT]
	at org.evosuite.testcase.statements.AbstractStatement.getCode(AbstractStatement.java:247) ~[evosuite.jar:1.0.7-SNAPSHOT]
	at org.evosuite.assertion.PrimitiveTraceObserver.visit(PrimitiveTraceObserver.java:116) ~[evosuite.jar:1.0.7-SNAPSHOT]
	at org.evosuite.assertion.AssertionTraceObserver.visitReturnValue(AssertionTraceObserver.java:131) ~[evosuite.jar:1.0.7-SNAPSHOT]
	at org.evosuite.assertion.PrimitiveTraceObserver.afterStatement(PrimitiveTraceObserver.java:51) ~[evosuite.jar:1.0.7-SNAPSHOT]
	at org.evosuite.testcase.execution.TestRunnable.lambda$informObservers_after$1(TestRunnable.java:155) [evosuite.jar:1.0.7-SNAPSHOT]
	at java.lang.Iterable.forEach(Iterable.java:75) ~[na:1.8.0_161]
	at org.evosuite.testcase.execution.TestRunnable.informObservers_after(TestRunnable.java:155) [evosuite.jar:1.0.7-SNAPSHOT]
	at org.evosuite.testcase.execution.TestRunnable.executeStatements(TestRunnable.java:351) [evosuite.jar:1.0.7-SNAPSHOT]
	at org.evosuite.testcase.execution.TestRunnable.call(TestRunnable.java:202) [evosuite.jar:1.0.7-SNAPSHOT]
	at org.evosuite.testcase.execution.TestRunnable.call(TestRunnable.java:55) [evosuite.jar:1.0.7-SNAPSHOT]
	at java.util.concurrent.FutureTask.run(FutureTask.java:266) [na:1.8.0_161]
	at java.util.concurrent.ThreadPoolExecutor.runWorker(ThreadPoolExecutor.java:1149) [na:1.8.0_161]
	at java.util.concurrent.ThreadPoolExecutor$Worker.run(ThreadPoolExecutor.java:624) [na:1.8.0_161]
	at java.lang.Thread.run(Thread.java:748) [na:1.8.0_161]
[MASTER] 19:59:26.602 [logback-2] ERROR TestRunnable - Suppressed/ignored exception during test case execution on class org.json.JSONObject: java.lang.String cannot be cast to java.lang.Boolean
java.lang.ClassCastException: java.lang.String cannot be cast to java.lang.Boolean
	at org.evosuite.testcase.TestCodeVisitor.visitPrimitiveAssertion(TestCodeVisitor.java:528) ~[evosuite.jar:1.0.7-SNAPSHOT]
	at org.evosuite.testcase.TestCodeVisitor.visitAssertion(TestCodeVisitor.java:914) ~[evosuite.jar:1.0.7-SNAPSHOT]
	at org.evosuite.testcase.TestCodeVisitor.addAssertions(TestCodeVisitor.java:956) ~[evosuite.jar:1.0.7-SNAPSHOT]
	at org.evosuite.testcase.TestCodeVisitor.visitMethodStatement(TestCodeVisitor.java:1507) ~[evosuite.jar:1.0.7-SNAPSHOT]
	at org.evosuite.testcase.TestVisitor.visitStatement(TestVisitor.java:147) ~[evosuite.jar:1.0.7-SNAPSHOT]
	at org.evosuite.testcase.TestCodeVisitor.visitStatement(TestCodeVisitor.java:1858) ~[evosuite.jar:1.0.7-SNAPSHOT]
	at org.evosuite.testcase.statements.AbstractStatement.getCode(AbstractStatement.java:255) ~[evosuite.jar:1.0.7-SNAPSHOT]
	at org.evosuite.testcase.statements.AbstractStatement.getCode(AbstractStatement.java:247) ~[evosuite.jar:1.0.7-SNAPSHOT]
	at org.evosuite.assertion.PrimitiveTraceObserver.visit(PrimitiveTraceObserver.java:116) ~[evosuite.jar:1.0.7-SNAPSHOT]
	at org.evosuite.assertion.AssertionTraceObserver.visitReturnValue(AssertionTraceObserver.java:131) ~[evosuite.jar:1.0.7-SNAPSHOT]
	at org.evosuite.assertion.PrimitiveTraceObserver.afterStatement(PrimitiveTraceObserver.java:51) ~[evosuite.jar:1.0.7-SNAPSHOT]
	at org.evosuite.testcase.execution.TestRunnable.lambda$informObservers_after$1(TestRunnable.java:155) [evosuite.jar:1.0.7-SNAPSHOT]
	at java.lang.Iterable.forEach(Iterable.java:75) ~[na:1.8.0_161]
	at org.evosuite.testcase.execution.TestRunnable.informObservers_after(TestRunnable.java:155) [evosuite.jar:1.0.7-SNAPSHOT]
	at org.evosuite.testcase.execution.TestRunnable.executeStatements(TestRunnable.java:351) [evosuite.jar:1.0.7-SNAPSHOT]
	at org.evosuite.testcase.execution.TestRunnable.call(TestRunnable.java:202) [evosuite.jar:1.0.7-SNAPSHOT]
	at org.evosuite.testcase.execution.TestRunnable.call(TestRunnable.java:55) [evosuite.jar:1.0.7-SNAPSHOT]
	at java.util.concurrent.FutureTask.run(FutureTask.java:266) [na:1.8.0_161]
	at java.util.concurrent.ThreadPoolExecutor.runWorker(ThreadPoolExecutor.java:1149) [na:1.8.0_161]
	at java.util.concurrent.ThreadPoolExecutor$Worker.run(ThreadPoolExecutor.java:624) [na:1.8.0_161]
	at java.lang.Thread.run(Thread.java:748) [na:1.8.0_161]
* Resulting test suite's mutation score: 45%
* Compiling and checking tests
[MASTER] 19:59:31.039 [logback-2] ERROR JUnitAnalyzer - Compilation failed on compilation units: [RegularFileObject[/tmp/EvoSuite_121_1590170371018/org/json/JSONObject_121_tmp__ESTest.java], RegularFileObject[/tmp/EvoSuite_121_1590170371018/org/json/JSONObject_121_tmp__ESTest_scaffolding.java]]
[MASTER] 19:59:31.039 [logback-2] ERROR JUnitAnalyzer - Classpath: /home/apaniche/mitchell/generation-scripts/projects/json/json-20180813.jar:/home/apaniche/mitchell/generation-scripts/evosuite.jar:/home/apaniche/mitchell/generation-scripts/projects/json/json-20180813.jar
[MASTER] 19:59:31.039 [logback-2] ERROR JUnitAnalyzer - evosuiteCP: /home/apaniche/mitchell/generation-scripts/evosuite.jar:/home/apaniche/mitchell/generation-scripts/projects/json/json-20180813.jar
[MASTER] 19:59:31.042 [logback-2] ERROR JUnitAnalyzer - Diagnostic: cannot find symbol
  symbol:   method length()
  location: variable hashMap1 of type java.util.HashMap: 24
[MASTER] 19:59:31.043 [logback-2] ERROR JUnitAnalyzer - RegularFileObject[/tmp/EvoSuite_121_1590170371018/org/json/JSONObject_121_tmp__ESTest.java]
1: /*
2:  * This file was automatically generated by EvoSuite
3:  * Fri May 22 17:59:31 GMT 2020
4:  */
5: 
6: package org.json;
7: 
8: import org.junit.Test;
9: import static org.junit.Assert.*;
10: import java.time.DayOfWeek;
11: import java.util.HashMap;
12: import org.evosuite.runtime.EvoRunner;
13: import org.evosuite.runtime.EvoRunnerParameters;
14: import org.json.JSONObject;
15: import org.junit.runner.RunWith;
16: 
17: @RunWith(EvoRunner.class) @EvoRunnerParameters(mockJVMNonDeterminism = true, useVFS = true, useVNET = true, resetStaticState = true, useJEE = true) 
18: public class JSONObject_121_tmp__ESTest extends JSONObject_121_tmp__ESTest_scaffolding {
19: 
20:   @Test(timeout = 4000)
21:   public void test0()  throws Throwable  {
22:       HashMap<Double, DayOfWeek> hashMap0 = new HashMap<Double, DayOfWeek>();
23:       HashMap hashMap1 = (HashMap)JSONObject.wrap(hashMap0);
24:       assertEquals(0, hashMap1.length());
25:   }
26: }
RegularFileObject[/tmp/EvoSuite_121_1590170371018/org/json/JSONObject_121_tmp__ESTest.java]
1: /**
2:  * Scaffolding file used to store all the setups needed to run 
3:  * tests automatically generated by EvoSuite
4:  * Fri May 22 17:59:31 GMT 2020
5:  */
6: 
7: package org.json;
8: 
9: import org.evosuite.runtime.annotation.EvoSuiteClassExclude;
10: import org.junit.BeforeClass;
11: import org.junit.Before;
12: import org.junit.After;
13: import org.junit.AfterClass;
14: import org.evosuite.runtime.sandbox.Sandbox;
15: import org.evosuite.runtime.sandbox.Sandbox.SandboxMode;
16: 
17: @EvoSuiteClassExclude
18: public class JSONObject_121_tmp__ESTest_scaffolding {
19: 
20:   @org.junit.Rule 
21:   public org.evosuite.runtime.vnet.NonFunctionalRequirementRule nfr = new org.evosuite.runtime.vnet.NonFunctionalRequirementRule();
22: 
23:   private static final java.util.Properties defaultProperties = (java.util.Properties) java.lang.System.getProperties().clone(); 
24: 
25:   private org.evosuite.runtime.thread.ThreadStopper threadStopper =  new org.evosuite.runtime.thread.ThreadStopper (org.evosuite.runtime.thread.KillSwitchHandler.getInstance(), 3000);
26: 
27: 
28:   @BeforeClass 
29:   public static void initEvoSuiteFramework() { 
30:     org.evosuite.runtime.RuntimeSettings.className = "org.json.JSONObject"; 
31:     org.evosuite.runtime.GuiSupport.initialize(); 
32:     org.evosuite.runtime.RuntimeSettings.maxNumberOfThreads = 100; 
33:     org.evosuite.runtime.RuntimeSettings.maxNumberOfIterationsPerLoop = 10000; 
34:     org.evosuite.runtime.RuntimeSettings.mockSystemIn = true; 
35:     org.evosuite.runtime.RuntimeSettings.sandboxMode = org.evosuite.runtime.sandbox.Sandbox.SandboxMode.RECOMMENDED; 
36:     org.evosuite.runtime.sandbox.Sandbox.initializeSecurityManagerForSUT(); 
37:     org.evosuite.runtime.classhandling.JDKClassResetter.init();
38:     setSystemProperties();
39:     initializeClasses();
40:     org.evosuite.runtime.Runtime.getInstance().resetRuntime(); 
41:   } 
42: 
43:   @AfterClass 
44:   public static void clearEvoSuiteFramework(){ 
45:     Sandbox.resetDefaultSecurityManager(); 
46:     java.lang.System.setProperties((java.util.Properties) defaultProperties.clone()); 
47:   } 
48: 
49:   @Before 
50:   public void initTestCase(){ 
51:     threadStopper.storeCurrentThreads();
52:     threadStopper.startRecordingTime();
53:     org.evosuite.runtime.jvm.ShutdownHookHandler.getInstance().initHandler(); 
54:     org.evosuite.runtime.sandbox.Sandbox.goingToExecuteSUTCode(); 
55:     setSystemProperties(); 
56:     org.evosuite.runtime.GuiSupport.setHeadless(); 
57:     org.evosuite.runtime.Runtime.getInstance().resetRuntime(); 
58:     org.evosuite.runtime.agent.InstrumentingAgent.activate(); 
59:   } 
60: 
61:   @After 
62:   public void doneWithTestCase(){ 
63:     threadStopper.killAndJoinClientThreads();
64:     org.evosuite.runtime.jvm.ShutdownHookHandler.getInstance().safeExecuteAddedHooks(); 
65:     org.evosuite.runtime.classhandling.JDKClassResetter.reset(); 
66:     resetClasses(); 
67:     org.evosuite.runtime.sandbox.Sandbox.doneWithExecutingSUTCode(); 
68:     org.evosuite.runtime.agent.InstrumentingAgent.deactivate(); 
69:     org.evosuite.runtime.GuiSupport.restoreHeadlessMode(); 
70:   } 
71: 
72:   public static void setSystemProperties() {
73:  
74:     java.lang.System.setProperties((java.util.Properties) defaultProperties.clone()); 
75:     java.lang.System.setProperty("user.dir", "/home/apaniche/mitchell/generation-scripts/projects/json"); 
76:     java.lang.System.setProperty("java.io.tmpdir", "/tmp"); 
77:   }
78: 
79:   private static void initializeClasses() {
80:     org.evosuite.runtime.classhandling.ClassStateSupport.initializeClasses(JSONObject_121_tmp__ESTest_scaffolding.class.getClassLoader() ,
81:       "org.json.JSONPointer",
82:       "org.json.JSONString",
83:       "org.json.JSONException",
84:       "org.json.JSONObject",
85:       "org.json.JSONObject$Null",
86:       "org.json.JSONPointer$Builder",
87:       "org.json.JSONPointerException",
88:       "org.json.JSONTokener",
89:       "org.json.JSONPropertyIgnore",
90:       "org.json.JSONPropertyName",
91:       "org.json.JSONArray",
92:       "org.json.JSONWriter"
93:     );
94:   } 
95: 
96:   private static void resetClasses() {
97:     org.evosuite.runtime.classhandling.ClassResetter.getInstance().setClassLoader(JSONObject_121_tmp__ESTest_scaffolding.class.getClassLoader()); 
98: 
99:     org.evosuite.runtime.classhandling.ClassStateSupport.resetClasses(
100:       "org.json.JSONObject$Null",
101:       "org.json.JSONObject",
102:       "org.json.JSONPointer",
103:       "org.json.JSONArray",
104:       "org.json.JSONTokener",
105:       "org.json.JSONWriter",
106:       "org.json.JSONException",
107:       "org.json.JSONPointer$Builder"
108:     );
109:   }
110: }

[MASTER] 19:59:31.043 [logback-2] ERROR JUnitAnalyzer - Failed to compile test case:
HashMap<Double, DayOfWeek> hashMap0 = new HashMap<Double, DayOfWeek>();
HashMap hashMap1 = (HashMap)JSONObject.wrap(hashMap0);
assertEquals(0, hashMap1.length());


[MASTER] 19:59:32.181 [logback-2] ERROR JUnitAnalyzer - Compilation failed on compilation units: [RegularFileObject[/tmp/EvoSuite_178_1590170372166/org/json/JSONObject_178_tmp__ESTest.java], RegularFileObject[/tmp/EvoSuite_178_1590170372166/org/json/JSONObject_178_tmp__ESTest_scaffolding.java]]
[MASTER] 19:59:32.181 [logback-2] ERROR JUnitAnalyzer - Classpath: /home/apaniche/mitchell/generation-scripts/projects/json/json-20180813.jar:/home/apaniche/mitchell/generation-scripts/evosuite.jar:/home/apaniche/mitchell/generation-scripts/projects/json/json-20180813.jar
[MASTER] 19:59:32.181 [logback-2] ERROR JUnitAnalyzer - evosuiteCP: /home/apaniche/mitchell/generation-scripts/evosuite.jar:/home/apaniche/mitchell/generation-scripts/projects/json/json-20180813.jar
[MASTER] 19:59:32.182 [logback-2] ERROR JUnitAnalyzer - Diagnostic: cannot find symbol
  symbol:   method length()
  location: variable arrayList0 of type java.util.ArrayList: 33
[MASTER] 19:59:32.182 [logback-2] ERROR JUnitAnalyzer - RegularFileObject[/tmp/EvoSuite_178_1590170372166/org/json/JSONObject_178_tmp__ESTest.java]
1: /*
2:  * This file was automatically generated by EvoSuite
3:  * Fri May 22 17:59:32 GMT 2020
4:  */
5: 
6: package org.json;
7: 
8: import org.junit.Test;
9: import static org.junit.Assert.*;
10: import java.nio.charset.Charset;
11: import java.util.ArrayList;
12: import java.util.Collection;
13: import java.util.LinkedList;
14: import java.util.List;
15: import java.util.Locale;
16: import java.util.Set;
17: import org.evosuite.runtime.EvoRunner;
18: import org.evosuite.runtime.EvoRunnerParameters;
19: import org.json.JSONObject;
20: import org.junit.runner.RunWith;
21: 
22: @RunWith(EvoRunner.class) @EvoRunnerParameters(mockJVMNonDeterminism = true, useVFS = true, useVNET = true, resetStaticState = true, useJEE = true) 
23: public class JSONObject_178_tmp__ESTest extends JSONObject_178_tmp__ESTest_scaffolding {
24: 
25:   @Test(timeout = 4000)
26:   public void test0()  throws Throwable  {
27:       Charset charset0 = Charset.defaultCharset();
28:       Set<String> set0 = charset0.aliases();
29:       Locale.FilteringMode locale_FilteringMode0 = Locale.FilteringMode.EXTENDED_FILTERING;
30:       LinkedList<Locale.LanguageRange> linkedList0 = new LinkedList<Locale.LanguageRange>();
31:       List<String> list0 = Locale.filterTags((List<Locale.LanguageRange>) linkedList0, (Collection<String>) set0, locale_FilteringMode0);
32:       ArrayList arrayList0 = (ArrayList)JSONObject.wrap(list0);
33:       assertEquals(0, arrayList0.length());
34:   }
35: }
RegularFileObject[/tmp/EvoSuite_178_1590170372166/org/json/JSONObject_178_tmp__ESTest.java]
1: /**
2:  * Scaffolding file used to store all the setups needed to run 
3:  * tests automatically generated by EvoSuite
4:  * Fri May 22 17:59:32 GMT 2020
5:  */
6: 
7: package org.json;
8: 
9: import org.evosuite.runtime.annotation.EvoSuiteClassExclude;
10: import org.junit.BeforeClass;
11: import org.junit.Before;
12: import org.junit.After;
13: import org.junit.AfterClass;
14: import org.evosuite.runtime.sandbox.Sandbox;
15: import org.evosuite.runtime.sandbox.Sandbox.SandboxMode;
16: 
17: @EvoSuiteClassExclude
18: public class JSONObject_178_tmp__ESTest_scaffolding {
19: 
20:   @org.junit.Rule 
21:   public org.evosuite.runtime.vnet.NonFunctionalRequirementRule nfr = new org.evosuite.runtime.vnet.NonFunctionalRequirementRule();
22: 
23:   private static final java.util.Properties defaultProperties = (java.util.Properties) java.lang.System.getProperties().clone(); 
24: 
25:   private org.evosuite.runtime.thread.ThreadStopper threadStopper =  new org.evosuite.runtime.thread.ThreadStopper (org.evosuite.runtime.thread.KillSwitchHandler.getInstance(), 3000);
26: 
27: 
28:   @BeforeClass 
29:   public static void initEvoSuiteFramework() { 
30:     org.evosuite.runtime.RuntimeSettings.className = "org.json.JSONObject"; 
31:     org.evosuite.runtime.GuiSupport.initialize(); 
32:     org.evosuite.runtime.RuntimeSettings.maxNumberOfThreads = 100; 
33:     org.evosuite.runtime.RuntimeSettings.maxNumberOfIterationsPerLoop = 10000; 
34:     org.evosuite.runtime.RuntimeSettings.mockSystemIn = true; 
35:     org.evosuite.runtime.RuntimeSettings.sandboxMode = org.evosuite.runtime.sandbox.Sandbox.SandboxMode.RECOMMENDED; 
36:     org.evosuite.runtime.sandbox.Sandbox.initializeSecurityManagerForSUT(); 
37:     org.evosuite.runtime.classhandling.JDKClassResetter.init();
38:     setSystemProperties();
39:     initializeClasses();
40:     org.evosuite.runtime.Runtime.getInstance().resetRuntime(); 
41:   } 
42: 
43:   @AfterClass 
44:   public static void clearEvoSuiteFramework(){ 
45:     Sandbox.resetDefaultSecurityManager(); 
46:     java.lang.System.setProperties((java.util.Properties) defaultProperties.clone()); 
47:   } 
48: 
49:   @Before 
50:   public void initTestCase(){ 
51:     threadStopper.storeCurrentThreads();
52:     threadStopper.startRecordingTime();
53:     org.evosuite.runtime.jvm.ShutdownHookHandler.getInstance().initHandler(); 
54:     org.evosuite.runtime.sandbox.Sandbox.goingToExecuteSUTCode(); 
55:     setSystemProperties(); 
56:     org.evosuite.runtime.GuiSupport.setHeadless(); 
57:     org.evosuite.runtime.Runtime.getInstance().resetRuntime(); 
58:     org.evosuite.runtime.agent.InstrumentingAgent.activate(); 
59:   } 
60: 
61:   @After 
62:   public void doneWithTestCase(){ 
63:     threadStopper.killAndJoinClientThreads();
64:     org.evosuite.runtime.jvm.ShutdownHookHandler.getInstance().safeExecuteAddedHooks(); 
65:     org.evosuite.runtime.classhandling.JDKClassResetter.reset(); 
66:     resetClasses(); 
67:     org.evosuite.runtime.sandbox.Sandbox.doneWithExecutingSUTCode(); 
68:     org.evosuite.runtime.agent.InstrumentingAgent.deactivate(); 
69:     org.evosuite.runtime.GuiSupport.restoreHeadlessMode(); 
70:   } 
71: 
72:   public static void setSystemProperties() {
73:  
74:     java.lang.System.setProperties((java.util.Properties) defaultProperties.clone()); 
75:     java.lang.System.setProperty("user.dir", "/home/apaniche/mitchell/generation-scripts/projects/json"); 
76:     java.lang.System.setProperty("java.io.tmpdir", "/tmp"); 
77:   }
78: 
79:   private static void initializeClasses() {
80:     org.evosuite.runtime.classhandling.ClassStateSupport.initializeClasses(JSONObject_178_tmp__ESTest_scaffolding.class.getClassLoader() ,
81:       "org.json.JSONPointer",
82:       "org.json.JSONString",
83:       "org.json.JSONException",
84:       "org.json.JSONObject",
85:       "org.json.JSONObject$Null",
86:       "org.json.JSONPointer$Builder",
87:       "org.json.JSONPointerException",
88:       "org.json.JSONTokener",
89:       "org.json.JSONPropertyIgnore",
90:       "org.json.JSONPropertyName",
91:       "org.json.JSONArray",
92:       "org.json.JSONWriter"
93:     );
94:   } 
95: 
96:   private static void resetClasses() {
97:     org.evosuite.runtime.classhandling.ClassResetter.getInstance().setClassLoader(JSONObject_178_tmp__ESTest_scaffolding.class.getClassLoader()); 
98: 
99:     org.evosuite.runtime.classhandling.ClassStateSupport.resetClasses(
100:       "org.json.JSONObject$Null",
101:       "org.json.JSONObject",
102:       "org.json.JSONPointer",
103:       "org.json.JSONArray",
104:       "org.json.JSONTokener",
105:       "org.json.JSONWriter",
106:       "org.json.JSONException",
107:       "org.json.JSONPointer$Builder"
108:     );
109:   }
110: }

[MASTER] 19:59:32.182 [logback-2] ERROR JUnitAnalyzer - Failed to compile test case:
Charset charset0 = Charset.defaultCharset();
Set<String> set0 = charset0.aliases();
Locale.FilteringMode locale_FilteringMode0 = Locale.FilteringMode.EXTENDED_FILTERING;
LinkedList<Locale.LanguageRange> linkedList0 = new LinkedList<Locale.LanguageRange>();
List<String> list0 = Locale.filterTags((List<Locale.LanguageRange>) linkedList0, (Collection<String>) set0, locale_FilteringMode0);
ArrayList arrayList0 = (ArrayList)JSONObject.wrap(list0);
assertEquals(0, arrayList0.length());


* Permissions denied during test execution: 
  - java.lang.RuntimePermission: 
         writeFileDescriptor: 17
* Writing tests to file
* Writing JUnit test case 'JSONObject_ESTest' to /home/apaniche/mitchell/generation-scripts/evosuite_fuzzer/tests/s14/json/evosuite-tests
* Done!

* Computation finished
